[2.033s] Invoking command in '/workspaces/isaac_ros-dev/build/sdv_localization_msgs': CMAKE_PREFIX_PATH=/workspaces/isaac_ros-dev/install/yolov8_bringup:/workspaces/isaac_ros-dev/install/multisense_ros:/workspaces/isaac_ros-dev/install/xacro:/workspaces/isaac_ros-dev/install/vision_msgs_rviz_plugins:/workspaces/isaac_ros-dev/install/vision_msgs:/workspaces/isaac_ros-dev/install/velodyne:/workspaces/isaac_ros-dev/install/velodyne_pointcloud:/workspaces/isaac_ros-dev/install/velodyne_driver:/workspaces/isaac_ros-dev/install/velodyne_msgs:/workspaces/isaac_ros-dev/install/velodyne_laserscan:/workspaces/isaac_ros-dev/install/vectornav:/workspaces/isaac_ros-dev/install/sdv_localization:/workspaces/isaac_ros-dev/install/vectornav_msgs:/workspaces/isaac_ros-dev/install/slam_toolbox:/workspaces/isaac_ros-dev/install/sdv_msg:/workspaces/isaac_ros-dev/install/sdv_localization_msgs:/workspaces/isaac_ros-dev/install/pointcloud_to_laserscan:/workspaces/isaac_ros-dev/install/my_package:/workspaces/isaac_ros-dev/install/multisense_msgs:/workspaces/isaac_ros-dev/install/multisense_lib:/workspaces/isaac_ros-dev/install/isaac_ros_visual_slam:/workspaces/isaac_ros-dev/install/isaac_ros_visual_slam_interfaces:/workspaces/isaac_ros-dev/install/isaac_ros_tensor_list_interfaces:/workspaces/isaac_ros-dev/install/isaac_ros_common:/workspaces/isaac_ros-dev/install/isaac_ros_bi3d_interfaces:/workspaces/isaac_ros-dev/install/isaac_ros_apriltag_interfaces:/workspaces/isaac_ros-dev/install/yolov8_ros:/workspaces/isaac_ros-dev/install/xbox_controller:/workspaces/isaac_ros-dev/install/panel:/workspaces/isaac_ros-dev/install/isaac_ros_test:/workspaces/isaac_ros-dev/install/encoder:/opt/ros/humble/install /usr/bin/cmake --build /workspaces/isaac_ros-dev/build/sdv_localization_msgs -- -j8 -l8
[2.987s] [  2%] Built target sdv_localization_msgs__cpp
[2.988s] [ 12%] Built target sdv_localization_msgs__rosidl_generator_c
[2.988s] [ 12%] Built target ament_cmake_python_copy_sdv_localization_msgs
[2.989s] [ 23%] Built target sdv_localization_msgs__rosidl_typesupport_cpp
[2.990s] [ 33%] Built target sdv_localization_msgs__rosidl_typesupport_fastrtps_c
[2.990s] [ 43%] Built target sdv_localization_msgs__rosidl_typesupport_fastrtps_cpp
[2.990s] [ 53%] Built target sdv_localization_msgs__rosidl_typesupport_introspection_c
[2.990s] [ 64%] Built target sdv_localization_msgs__rosidl_typesupport_introspection_cpp
[2.991s] [ 74%] Built target sdv_localization_msgs__rosidl_typesupport_c
[3.080s] [ 74%] Built target sdv_localization_msgs
[3.203s] [ 76%] Built target sdv_localization_msgs__py
[3.429s] [ 84%] Built target sdv_localization_msgs__rosidl_generator_py
[3.615s] [ 89%] Built target sdv_localization_msgs__rosidl_typesupport_introspection_c__pyext
[3.623s] [ 94%] Built target sdv_localization_msgs__rosidl_typesupport_fastrtps_c__pyext
[3.647s] [100%] Built target sdv_localization_msgs__rosidl_typesupport_c__pyext
[4.720s] running egg_info
[4.776s] writing sdv_localization_msgs.egg-info/PKG-INFO
[4.777s] writing dependency_links to sdv_localization_msgs.egg-info/dependency_links.txt
[4.778s] writing top-level names to sdv_localization_msgs.egg-info/top_level.txt
[4.962s] reading manifest file 'sdv_localization_msgs.egg-info/SOURCES.txt'
[4.962s] writing manifest file 'sdv_localization_msgs.egg-info/SOURCES.txt'
[5.138s] [100%] Built target ament_cmake_python_build_sdv_localization_msgs_egg
[5.185s] Invoked command in '/workspaces/isaac_ros-dev/build/sdv_localization_msgs' returned '0': CMAKE_PREFIX_PATH=/workspaces/isaac_ros-dev/install/yolov8_bringup:/workspaces/isaac_ros-dev/install/multisense_ros:/workspaces/isaac_ros-dev/install/xacro:/workspaces/isaac_ros-dev/install/vision_msgs_rviz_plugins:/workspaces/isaac_ros-dev/install/vision_msgs:/workspaces/isaac_ros-dev/install/velodyne:/workspaces/isaac_ros-dev/install/velodyne_pointcloud:/workspaces/isaac_ros-dev/install/velodyne_driver:/workspaces/isaac_ros-dev/install/velodyne_msgs:/workspaces/isaac_ros-dev/install/velodyne_laserscan:/workspaces/isaac_ros-dev/install/vectornav:/workspaces/isaac_ros-dev/install/sdv_localization:/workspaces/isaac_ros-dev/install/vectornav_msgs:/workspaces/isaac_ros-dev/install/slam_toolbox:/workspaces/isaac_ros-dev/install/sdv_msg:/workspaces/isaac_ros-dev/install/sdv_localization_msgs:/workspaces/isaac_ros-dev/install/pointcloud_to_laserscan:/workspaces/isaac_ros-dev/install/my_package:/workspaces/isaac_ros-dev/install/multisense_msgs:/workspaces/isaac_ros-dev/install/multisense_lib:/workspaces/isaac_ros-dev/install/isaac_ros_visual_slam:/workspaces/isaac_ros-dev/install/isaac_ros_visual_slam_interfaces:/workspaces/isaac_ros-dev/install/isaac_ros_tensor_list_interfaces:/workspaces/isaac_ros-dev/install/isaac_ros_common:/workspaces/isaac_ros-dev/install/isaac_ros_bi3d_interfaces:/workspaces/isaac_ros-dev/install/isaac_ros_apriltag_interfaces:/workspaces/isaac_ros-dev/install/yolov8_ros:/workspaces/isaac_ros-dev/install/xbox_controller:/workspaces/isaac_ros-dev/install/panel:/workspaces/isaac_ros-dev/install/isaac_ros_test:/workspaces/isaac_ros-dev/install/encoder:/opt/ros/humble/install /usr/bin/cmake --build /workspaces/isaac_ros-dev/build/sdv_localization_msgs -- -j8 -l8
[6.365s] Invoking command in '/workspaces/isaac_ros-dev/build/sdv_localization_msgs': CMAKE_PREFIX_PATH=/workspaces/isaac_ros-dev/install/yolov8_bringup:/workspaces/isaac_ros-dev/install/multisense_ros:/workspaces/isaac_ros-dev/install/xacro:/workspaces/isaac_ros-dev/install/vision_msgs_rviz_plugins:/workspaces/isaac_ros-dev/install/vision_msgs:/workspaces/isaac_ros-dev/install/velodyne:/workspaces/isaac_ros-dev/install/velodyne_pointcloud:/workspaces/isaac_ros-dev/install/velodyne_driver:/workspaces/isaac_ros-dev/install/velodyne_msgs:/workspaces/isaac_ros-dev/install/velodyne_laserscan:/workspaces/isaac_ros-dev/install/vectornav:/workspaces/isaac_ros-dev/install/sdv_localization:/workspaces/isaac_ros-dev/install/vectornav_msgs:/workspaces/isaac_ros-dev/install/slam_toolbox:/workspaces/isaac_ros-dev/install/sdv_msg:/workspaces/isaac_ros-dev/install/sdv_localization_msgs:/workspaces/isaac_ros-dev/install/pointcloud_to_laserscan:/workspaces/isaac_ros-dev/install/my_package:/workspaces/isaac_ros-dev/install/multisense_msgs:/workspaces/isaac_ros-dev/install/multisense_lib:/workspaces/isaac_ros-dev/install/isaac_ros_visual_slam:/workspaces/isaac_ros-dev/install/isaac_ros_visual_slam_interfaces:/workspaces/isaac_ros-dev/install/isaac_ros_tensor_list_interfaces:/workspaces/isaac_ros-dev/install/isaac_ros_common:/workspaces/isaac_ros-dev/install/isaac_ros_bi3d_interfaces:/workspaces/isaac_ros-dev/install/isaac_ros_apriltag_interfaces:/workspaces/isaac_ros-dev/install/yolov8_ros:/workspaces/isaac_ros-dev/install/xbox_controller:/workspaces/isaac_ros-dev/install/panel:/workspaces/isaac_ros-dev/install/isaac_ros_test:/workspaces/isaac_ros-dev/install/encoder:/opt/ros/humble/install /usr/bin/cmake --install /workspaces/isaac_ros-dev/build/sdv_localization_msgs
[6.482s] -- Install configuration: ""
[6.483s] -- Up-to-date: /workspaces/isaac_ros-dev/install/sdv_localization_msgs/share/ament_index/resource_index/rosidl_interfaces/sdv_localization_msgs
[6.483s] -- Up-to-date: /workspaces/isaac_ros-dev/install/sdv_localization_msgs/include/sdv_localization_msgs/sdv_localization_msgs
[6.484s] -- Up-to-date: /workspaces/isaac_ros-dev/install/sdv_localization_msgs/include/sdv_localization_msgs/sdv_localization_msgs/msg
[6.491s] -- Up-to-date: /workspaces/isaac_ros-dev/install/sdv_localization_msgs/include/sdv_localization_msgs/sdv_localization_msgs/msg/rosidl_generator_c__visibility_control.h
[6.508s] -- Up-to-date: /workspaces/isaac_ros-dev/install/sdv_localization_msgs/include/sdv_localization_msgs/sdv_localization_msgs/msg/sensor_stat_array.h
[6.520s] -- Up-to-date: /workspaces/isaac_ros-dev/install/sdv_localization_msgs/include/sdv_localization_msgs/sdv_localization_msgs/msg/sensor_diag.h
[6.522s] -- Up-to-date: /workspaces/isaac_ros-dev/install/sdv_localization_msgs/include/sdv_localization_msgs/sdv_localization_msgs/msg/detail
[6.522s] -- Up-to-date: /workspaces/isaac_ros-dev/install/sdv_localization_msgs/include/sdv_localization_msgs/sdv_localization_msgs/msg/detail/sensor_diag__functions.c
[6.523s] -- Up-to-date: /workspaces/isaac_ros-dev/install/sdv_localization_msgs/include/sdv_localization_msgs/sdv_localization_msgs/msg/detail/sensor_diag__struct.h
[6.523s] -- Up-to-date: /workspaces/isaac_ros-dev/install/sdv_localization_msgs/include/sdv_localization_msgs/sdv_localization_msgs/msg/detail/sensor_stat_array__functions.h
[6.524s] -- Up-to-date: /workspaces/isaac_ros-dev/install/sdv_localization_msgs/include/sdv_localization_msgs/sdv_localization_msgs/msg/detail/sensor_diag__functions.h
[6.524s] -- Up-to-date: /workspaces/isaac_ros-dev/install/sdv_localization_msgs/include/sdv_localization_msgs/sdv_localization_msgs/msg/detail/sensor_diag__type_support.h
[6.525s] -- Up-to-date: /workspaces/isaac_ros-dev/install/sdv_localization_msgs/include/sdv_localization_msgs/sdv_localization_msgs/msg/detail/sensor_stat_array__struct.h
[6.525s] -- Up-to-date: /workspaces/isaac_ros-dev/install/sdv_localization_msgs/include/sdv_localization_msgs/sdv_localization_msgs/msg/detail/sensor_stat_array__type_support.h
[6.526s] -- Up-to-date: /workspaces/isaac_ros-dev/install/sdv_localization_msgs/include/sdv_localization_msgs/sdv_localization_msgs/msg/detail/sensor_stat_array__functions.c
[6.526s] -- Up-to-date: /workspaces/isaac_ros-dev/install/sdv_localization_msgs/share/sdv_localization_msgs/environment/library_path.sh
[6.527s] -- Up-to-date: /workspaces/isaac_ros-dev/install/sdv_localization_msgs/share/sdv_localization_msgs/environment/library_path.dsv
[6.527s] -- Up-to-date: /workspaces/isaac_ros-dev/install/sdv_localization_msgs/lib/libsdv_localization_msgs__rosidl_generator_c.so
[6.528s] -- Up-to-date: /workspaces/isaac_ros-dev/install/sdv_localization_msgs/include/sdv_localization_msgs/sdv_localization_msgs
[6.529s] -- Up-to-date: /workspaces/isaac_ros-dev/install/sdv_localization_msgs/include/sdv_localization_msgs/sdv_localization_msgs/msg
[6.529s] -- Up-to-date: /workspaces/isaac_ros-dev/install/sdv_localization_msgs/include/sdv_localization_msgs/sdv_localization_msgs/msg/rosidl_typesupport_fastrtps_c__visibility_control.h
[6.530s] -- Up-to-date: /workspaces/isaac_ros-dev/install/sdv_localization_msgs/include/sdv_localization_msgs/sdv_localization_msgs/msg/detail
[6.531s] -- Up-to-date: /workspaces/isaac_ros-dev/install/sdv_localization_msgs/include/sdv_localization_msgs/sdv_localization_msgs/msg/detail/sensor_diag__rosidl_typesupport_fastrtps_c.h
[6.531s] -- Up-to-date: /workspaces/isaac_ros-dev/install/sdv_localization_msgs/include/sdv_localization_msgs/sdv_localization_msgs/msg/detail/sensor_stat_array__rosidl_typesupport_fastrtps_c.h
[6.532s] -- Up-to-date: /workspaces/isaac_ros-dev/install/sdv_localization_msgs/lib/libsdv_localization_msgs__rosidl_typesupport_fastrtps_c.so
[6.532s] -- Up-to-date: /workspaces/isaac_ros-dev/install/sdv_localization_msgs/include/sdv_localization_msgs/sdv_localization_msgs
[6.532s] -- Up-to-date: /workspaces/isaac_ros-dev/install/sdv_localization_msgs/include/sdv_localization_msgs/sdv_localization_msgs/msg
[6.533s] -- Up-to-date: /workspaces/isaac_ros-dev/install/sdv_localization_msgs/include/sdv_localization_msgs/sdv_localization_msgs/msg/sensor_stat_array.hpp
[6.533s] -- Up-to-date: /workspaces/isaac_ros-dev/install/sdv_localization_msgs/include/sdv_localization_msgs/sdv_localization_msgs/msg/detail
[6.533s] -- Up-to-date: /workspaces/isaac_ros-dev/install/sdv_localization_msgs/include/sdv_localization_msgs/sdv_localization_msgs/msg/detail/sensor_stat_array__traits.hpp
[6.534s] -- Up-to-date: /workspaces/isaac_ros-dev/install/sdv_localization_msgs/include/sdv_localization_msgs/sdv_localization_msgs/msg/detail/sensor_diag__traits.hpp
[6.534s] -- Up-to-date: /workspaces/isaac_ros-dev/install/sdv_localization_msgs/include/sdv_localization_msgs/sdv_localization_msgs/msg/detail/sensor_diag__struct.hpp
[6.535s] -- Up-to-date: /workspaces/isaac_ros-dev/install/sdv_localization_msgs/include/sdv_localization_msgs/sdv_localization_msgs/msg/detail/sensor_stat_array__builder.hpp
[6.535s] -- Up-to-date: /workspaces/isaac_ros-dev/install/sdv_localization_msgs/include/sdv_localization_msgs/sdv_localization_msgs/msg/detail/sensor_stat_array__struct.hpp
[6.536s] -- Up-to-date: /workspaces/isaac_ros-dev/install/sdv_localization_msgs/include/sdv_localization_msgs/sdv_localization_msgs/msg/detail/sensor_diag__builder.hpp
[6.536s] -- Up-to-date: /workspaces/isaac_ros-dev/install/sdv_localization_msgs/include/sdv_localization_msgs/sdv_localization_msgs/msg/sensor_diag.hpp
[6.536s] -- Up-to-date: /workspaces/isaac_ros-dev/install/sdv_localization_msgs/include/sdv_localization_msgs/sdv_localization_msgs
[6.537s] -- Up-to-date: /workspaces/isaac_ros-dev/install/sdv_localization_msgs/include/sdv_localization_msgs/sdv_localization_msgs/msg
[6.537s] -- Up-to-date: /workspaces/isaac_ros-dev/install/sdv_localization_msgs/include/sdv_localization_msgs/sdv_localization_msgs/msg/rosidl_typesupport_fastrtps_cpp__visibility_control.h
[6.537s] -- Up-to-date: /workspaces/isaac_ros-dev/install/sdv_localization_msgs/include/sdv_localization_msgs/sdv_localization_msgs/msg/detail
[6.538s] -- Up-to-date: /workspaces/isaac_ros-dev/install/sdv_localization_msgs/include/sdv_localization_msgs/sdv_localization_msgs/msg/detail/dds_fastrtps
[6.538s] -- Up-to-date: /workspaces/isaac_ros-dev/install/sdv_localization_msgs/include/sdv_localization_msgs/sdv_localization_msgs/msg/detail/sensor_stat_array__rosidl_typesupport_fastrtps_cpp.hpp
[6.539s] -- Up-to-date: /workspaces/isaac_ros-dev/install/sdv_localization_msgs/include/sdv_localization_msgs/sdv_localization_msgs/msg/detail/sensor_diag__rosidl_typesupport_fastrtps_cpp.hpp
[6.544s] -- Up-to-date: /workspaces/isaac_ros-dev/install/sdv_localization_msgs/lib/libsdv_localization_msgs__rosidl_typesupport_fastrtps_cpp.so
[6.553s] -- Up-to-date: /workspaces/isaac_ros-dev/install/sdv_localization_msgs/include/sdv_localization_msgs/sdv_localization_msgs
[6.555s] -- Up-to-date: /workspaces/isaac_ros-dev/install/sdv_localization_msgs/include/sdv_localization_msgs/sdv_localization_msgs/msg
[6.555s] -- Up-to-date: /workspaces/isaac_ros-dev/install/sdv_localization_msgs/include/sdv_localization_msgs/sdv_localization_msgs/msg/detail
[6.556s] -- Up-to-date: /workspaces/isaac_ros-dev/install/sdv_localization_msgs/include/sdv_localization_msgs/sdv_localization_msgs/msg/detail/sensor_diag__rosidl_typesupport_introspection_c.h
[6.556s] -- Up-to-date: /workspaces/isaac_ros-dev/install/sdv_localization_msgs/include/sdv_localization_msgs/sdv_localization_msgs/msg/detail/sensor_diag__type_support.c
[6.556s] -- Up-to-date: /workspaces/isaac_ros-dev/install/sdv_localization_msgs/include/sdv_localization_msgs/sdv_localization_msgs/msg/detail/sensor_stat_array__type_support.c
[6.556s] -- Up-to-date: /workspaces/isaac_ros-dev/install/sdv_localization_msgs/include/sdv_localization_msgs/sdv_localization_msgs/msg/detail/sensor_stat_array__rosidl_typesupport_introspection_c.h
[6.557s] -- Up-to-date: /workspaces/isaac_ros-dev/install/sdv_localization_msgs/include/sdv_localization_msgs/sdv_localization_msgs/msg/rosidl_typesupport_introspection_c__visibility_control.h
[6.558s] -- Up-to-date: /workspaces/isaac_ros-dev/install/sdv_localization_msgs/lib/libsdv_localization_msgs__rosidl_typesupport_introspection_c.so
[6.559s] -- Up-to-date: /workspaces/isaac_ros-dev/install/sdv_localization_msgs/lib/libsdv_localization_msgs__rosidl_typesupport_c.so
[6.560s] -- Up-to-date: /workspaces/isaac_ros-dev/install/sdv_localization_msgs/include/sdv_localization_msgs/sdv_localization_msgs
[6.560s] -- Up-to-date: /workspaces/isaac_ros-dev/install/sdv_localization_msgs/include/sdv_localization_msgs/sdv_localization_msgs/msg
[6.561s] -- Up-to-date: /workspaces/isaac_ros-dev/install/sdv_localization_msgs/include/sdv_localization_msgs/sdv_localization_msgs/msg/detail
[6.562s] -- Up-to-date: /workspaces/isaac_ros-dev/install/sdv_localization_msgs/include/sdv_localization_msgs/sdv_localization_msgs/msg/detail/sensor_diag__type_support.cpp
[6.563s] -- Up-to-date: /workspaces/isaac_ros-dev/install/sdv_localization_msgs/include/sdv_localization_msgs/sdv_localization_msgs/msg/detail/sensor_stat_array__type_support.cpp
[6.564s] -- Up-to-date: /workspaces/isaac_ros-dev/install/sdv_localization_msgs/include/sdv_localization_msgs/sdv_localization_msgs/msg/detail/sensor_stat_array__rosidl_typesupport_introspection_cpp.hpp
[6.564s] -- Up-to-date: /workspaces/isaac_ros-dev/install/sdv_localization_msgs/include/sdv_localization_msgs/sdv_localization_msgs/msg/detail/sensor_diag__rosidl_typesupport_introspection_cpp.hpp
[6.565s] -- Up-to-date: /workspaces/isaac_ros-dev/install/sdv_localization_msgs/lib/libsdv_localization_msgs__rosidl_typesupport_introspection_cpp.so
[6.566s] -- Up-to-date: /workspaces/isaac_ros-dev/install/sdv_localization_msgs/lib/libsdv_localization_msgs__rosidl_typesupport_cpp.so
[6.567s] -- Up-to-date: /workspaces/isaac_ros-dev/install/sdv_localization_msgs/share/sdv_localization_msgs/environment/pythonpath.sh
[6.578s] -- Up-to-date: /workspaces/isaac_ros-dev/install/sdv_localization_msgs/share/sdv_localization_msgs/environment/pythonpath.dsv
[6.580s] -- Up-to-date: /workspaces/isaac_ros-dev/install/sdv_localization_msgs/lib/python3.8/site-packages/sdv_localization_msgs-3.0.0-py3.8.egg-info
[6.581s] -- Installing: /workspaces/isaac_ros-dev/install/sdv_localization_msgs/lib/python3.8/site-packages/sdv_localization_msgs-3.0.0-py3.8.egg-info/top_level.txt
[6.582s] -- Installing: /workspaces/isaac_ros-dev/install/sdv_localization_msgs/lib/python3.8/site-packages/sdv_localization_msgs-3.0.0-py3.8.egg-info/dependency_links.txt
[6.582s] -- Installing: /workspaces/isaac_ros-dev/install/sdv_localization_msgs/lib/python3.8/site-packages/sdv_localization_msgs-3.0.0-py3.8.egg-info/SOURCES.txt
[6.583s] -- Installing: /workspaces/isaac_ros-dev/install/sdv_localization_msgs/lib/python3.8/site-packages/sdv_localization_msgs-3.0.0-py3.8.egg-info/PKG-INFO
[6.584s] -- Up-to-date: /workspaces/isaac_ros-dev/install/sdv_localization_msgs/lib/python3.8/site-packages/sdv_localization_msgs
[6.585s] -- Up-to-date: /workspaces/isaac_ros-dev/install/sdv_localization_msgs/lib/python3.8/site-packages/sdv_localization_msgs/__init__.py
[6.586s] -- Up-to-date: /workspaces/isaac_ros-dev/install/sdv_localization_msgs/lib/python3.8/site-packages/sdv_localization_msgs/libsdv_localization_msgs__rosidl_generator_py.so
[6.587s] -- Up-to-date: /workspaces/isaac_ros-dev/install/sdv_localization_msgs/lib/python3.8/site-packages/sdv_localization_msgs/sdv_localization_msgs_s__rosidl_typesupport_fastrtps_c.cpython-38-aarch64-linux-gnu.so
[6.588s] -- Up-to-date: /workspaces/isaac_ros-dev/install/sdv_localization_msgs/lib/python3.8/site-packages/sdv_localization_msgs/msg
[6.588s] -- Up-to-date: /workspaces/isaac_ros-dev/install/sdv_localization_msgs/lib/python3.8/site-packages/sdv_localization_msgs/msg/__init__.py
[6.589s] -- Up-to-date: /workspaces/isaac_ros-dev/install/sdv_localization_msgs/lib/python3.8/site-packages/sdv_localization_msgs/msg/_sensor_stat_array.py
[6.589s] -- Up-to-date: /workspaces/isaac_ros-dev/install/sdv_localization_msgs/lib/python3.8/site-packages/sdv_localization_msgs/msg/_sensor_stat_array_s.c
[6.598s] -- Up-to-date: /workspaces/isaac_ros-dev/install/sdv_localization_msgs/lib/python3.8/site-packages/sdv_localization_msgs/msg/_sensor_diag_s.c
[6.604s] -- Up-to-date: /workspaces/isaac_ros-dev/install/sdv_localization_msgs/lib/python3.8/site-packages/sdv_localization_msgs/msg/_sensor_diag.py
[6.607s] -- Up-to-date: /workspaces/isaac_ros-dev/install/sdv_localization_msgs/lib/python3.8/site-packages/sdv_localization_msgs/_sdv_localization_msgs_s.ep.rosidl_typesupport_c.c
[6.609s] -- Up-to-date: /workspaces/isaac_ros-dev/install/sdv_localization_msgs/lib/python3.8/site-packages/sdv_localization_msgs/sdv_localization_msgs_s__rosidl_typesupport_c.cpython-38-aarch64-linux-gnu.so
[6.609s] -- Up-to-date: /workspaces/isaac_ros-dev/install/sdv_localization_msgs/lib/python3.8/site-packages/sdv_localization_msgs/_sdv_localization_msgs_s.ep.rosidl_typesupport_fastrtps_c.c
[6.612s] -- Up-to-date: /workspaces/isaac_ros-dev/install/sdv_localization_msgs/lib/python3.8/site-packages/sdv_localization_msgs/_sdv_localization_msgs_s.ep.rosidl_typesupport_introspection_c.c
[6.617s] -- Up-to-date: /workspaces/isaac_ros-dev/install/sdv_localization_msgs/lib/python3.8/site-packages/sdv_localization_msgs/sdv_localization_msgs_s__rosidl_typesupport_introspection_c.cpython-38-aarch64-linux-gnu.so
[6.618s] Listing '/workspaces/isaac_ros-dev/install/sdv_localization_msgs/lib/python3.8/site-packages/sdv_localization_msgs'...
[6.619s] Listing '/workspaces/isaac_ros-dev/install/sdv_localization_msgs/lib/python3.8/site-packages/sdv_localization_msgs/msg'...
[6.620s] -- Up-to-date: /workspaces/isaac_ros-dev/install/sdv_localization_msgs/lib/python3.8/site-packages/sdv_localization_msgs/sdv_localization_msgs_s__rosidl_typesupport_fastrtps_c.cpython-38-aarch64-linux-gnu.so
[6.622s] -- Up-to-date: /workspaces/isaac_ros-dev/install/sdv_localization_msgs/lib/python3.8/site-packages/sdv_localization_msgs/sdv_localization_msgs_s__rosidl_typesupport_introspection_c.cpython-38-aarch64-linux-gnu.so
[6.622s] -- Up-to-date: /workspaces/isaac_ros-dev/install/sdv_localization_msgs/lib/python3.8/site-packages/sdv_localization_msgs/sdv_localization_msgs_s__rosidl_typesupport_c.cpython-38-aarch64-linux-gnu.so
[6.623s] -- Up-to-date: /workspaces/isaac_ros-dev/install/sdv_localization_msgs/lib/libsdv_localization_msgs__rosidl_generator_py.so
[6.624s] -- Up-to-date: /workspaces/isaac_ros-dev/install/sdv_localization_msgs/share/sdv_localization_msgs/msg/SensorDiag.idl
[6.624s] -- Up-to-date: /workspaces/isaac_ros-dev/install/sdv_localization_msgs/share/sdv_localization_msgs/msg/SensorStatArray.idl
[6.626s] -- Up-to-date: /workspaces/isaac_ros-dev/install/sdv_localization_msgs/share/sdv_localization_msgs/msg/SensorDiag.msg
[6.626s] -- Up-to-date: /workspaces/isaac_ros-dev/install/sdv_localization_msgs/share/sdv_localization_msgs/msg/SensorStatArray.msg
[6.626s] -- Up-to-date: /workspaces/isaac_ros-dev/install/sdv_localization_msgs/share/ament_index/resource_index/package_run_dependencies/sdv_localization_msgs
[6.627s] -- Up-to-date: /workspaces/isaac_ros-dev/install/sdv_localization_msgs/share/ament_index/resource_index/parent_prefix_path/sdv_localization_msgs
[6.628s] -- Up-to-date: /workspaces/isaac_ros-dev/install/sdv_localization_msgs/share/sdv_localization_msgs/environment/ament_prefix_path.sh
[6.629s] -- Up-to-date: /workspaces/isaac_ros-dev/install/sdv_localization_msgs/share/sdv_localization_msgs/environment/ament_prefix_path.dsv
[6.630s] -- Up-to-date: /workspaces/isaac_ros-dev/install/sdv_localization_msgs/share/sdv_localization_msgs/environment/path.sh
[6.631s] -- Up-to-date: /workspaces/isaac_ros-dev/install/sdv_localization_msgs/share/sdv_localization_msgs/environment/path.dsv
[6.632s] -- Up-to-date: /workspaces/isaac_ros-dev/install/sdv_localization_msgs/share/sdv_localization_msgs/local_setup.bash
[6.632s] -- Up-to-date: /workspaces/isaac_ros-dev/install/sdv_localization_msgs/share/sdv_localization_msgs/local_setup.sh
[6.633s] -- Up-to-date: /workspaces/isaac_ros-dev/install/sdv_localization_msgs/share/sdv_localization_msgs/local_setup.zsh
[6.633s] -- Up-to-date: /workspaces/isaac_ros-dev/install/sdv_localization_msgs/share/sdv_localization_msgs/local_setup.dsv
[6.634s] -- Installing: /workspaces/isaac_ros-dev/install/sdv_localization_msgs/share/sdv_localization_msgs/package.dsv
[6.635s] -- Up-to-date: /workspaces/isaac_ros-dev/install/sdv_localization_msgs/share/ament_index/resource_index/packages/sdv_localization_msgs
[6.636s] -- Up-to-date: /workspaces/isaac_ros-dev/install/sdv_localization_msgs/share/sdv_localization_msgs/cmake/export_sdv_localization_msgs__rosidl_generator_cExport.cmake
[6.637s] -- Up-to-date: /workspaces/isaac_ros-dev/install/sdv_localization_msgs/share/sdv_localization_msgs/cmake/export_sdv_localization_msgs__rosidl_generator_cExport-noconfig.cmake
[6.637s] -- Up-to-date: /workspaces/isaac_ros-dev/install/sdv_localization_msgs/share/sdv_localization_msgs/cmake/export_sdv_localization_msgs__rosidl_typesupport_fastrtps_cExport.cmake
[6.638s] -- Up-to-date: /workspaces/isaac_ros-dev/install/sdv_localization_msgs/share/sdv_localization_msgs/cmake/export_sdv_localization_msgs__rosidl_typesupport_fastrtps_cExport-noconfig.cmake
[6.639s] -- Up-to-date: /workspaces/isaac_ros-dev/install/sdv_localization_msgs/share/sdv_localization_msgs/cmake/export_sdv_localization_msgs__rosidl_generator_cppExport.cmake
[6.646s] -- Up-to-date: /workspaces/isaac_ros-dev/install/sdv_localization_msgs/share/sdv_localization_msgs/cmake/export_sdv_localization_msgs__rosidl_typesupport_fastrtps_cppExport.cmake
[6.650s] -- Up-to-date: /workspaces/isaac_ros-dev/install/sdv_localization_msgs/share/sdv_localization_msgs/cmake/export_sdv_localization_msgs__rosidl_typesupport_fastrtps_cppExport-noconfig.cmake
[6.651s] -- Up-to-date: /workspaces/isaac_ros-dev/install/sdv_localization_msgs/share/sdv_localization_msgs/cmake/sdv_localization_msgs__rosidl_typesupport_introspection_cExport.cmake
[6.651s] -- Up-to-date: /workspaces/isaac_ros-dev/install/sdv_localization_msgs/share/sdv_localization_msgs/cmake/sdv_localization_msgs__rosidl_typesupport_introspection_cExport-noconfig.cmake
[6.651s] -- Up-to-date: /workspaces/isaac_ros-dev/install/sdv_localization_msgs/share/sdv_localization_msgs/cmake/sdv_localization_msgs__rosidl_typesupport_cExport.cmake
[6.652s] -- Up-to-date: /workspaces/isaac_ros-dev/install/sdv_localization_msgs/share/sdv_localization_msgs/cmake/sdv_localization_msgs__rosidl_typesupport_cExport-noconfig.cmake
[6.652s] -- Up-to-date: /workspaces/isaac_ros-dev/install/sdv_localization_msgs/share/sdv_localization_msgs/cmake/sdv_localization_msgs__rosidl_typesupport_introspection_cppExport.cmake
[6.652s] -- Up-to-date: /workspaces/isaac_ros-dev/install/sdv_localization_msgs/share/sdv_localization_msgs/cmake/sdv_localization_msgs__rosidl_typesupport_introspection_cppExport-noconfig.cmake
[6.653s] -- Up-to-date: /workspaces/isaac_ros-dev/install/sdv_localization_msgs/share/sdv_localization_msgs/cmake/sdv_localization_msgs__rosidl_typesupport_cppExport.cmake
[6.656s] -- Up-to-date: /workspaces/isaac_ros-dev/install/sdv_localization_msgs/share/sdv_localization_msgs/cmake/sdv_localization_msgs__rosidl_typesupport_cppExport-noconfig.cmake
[6.660s] -- Up-to-date: /workspaces/isaac_ros-dev/install/sdv_localization_msgs/share/sdv_localization_msgs/cmake/export_sdv_localization_msgs__rosidl_generator_pyExport.cmake
[6.669s] -- Up-to-date: /workspaces/isaac_ros-dev/install/sdv_localization_msgs/share/sdv_localization_msgs/cmake/export_sdv_localization_msgs__rosidl_generator_pyExport-noconfig.cmake
[6.679s] -- Up-to-date: /workspaces/isaac_ros-dev/install/sdv_localization_msgs/share/sdv_localization_msgs/cmake/rosidl_cmake-extras.cmake
[6.683s] -- Up-to-date: /workspaces/isaac_ros-dev/install/sdv_localization_msgs/share/sdv_localization_msgs/cmake/ament_cmake_export_dependencies-extras.cmake
[6.683s] -- Up-to-date: /workspaces/isaac_ros-dev/install/sdv_localization_msgs/share/sdv_localization_msgs/cmake/ament_cmake_export_include_directories-extras.cmake
[6.684s] -- Up-to-date: /workspaces/isaac_ros-dev/install/sdv_localization_msgs/share/sdv_localization_msgs/cmake/ament_cmake_export_libraries-extras.cmake
[6.684s] -- Up-to-date: /workspaces/isaac_ros-dev/install/sdv_localization_msgs/share/sdv_localization_msgs/cmake/ament_cmake_export_targets-extras.cmake
[6.685s] -- Up-to-date: /workspaces/isaac_ros-dev/install/sdv_localization_msgs/share/sdv_localization_msgs/cmake/rosidl_cmake_export_typesupport_targets-extras.cmake
[6.686s] -- Up-to-date: /workspaces/isaac_ros-dev/install/sdv_localization_msgs/share/sdv_localization_msgs/cmake/rosidl_cmake_export_typesupport_libraries-extras.cmake
[6.686s] -- Up-to-date: /workspaces/isaac_ros-dev/install/sdv_localization_msgs/share/sdv_localization_msgs/cmake/sdv_localization_msgsConfig.cmake
[6.686s] -- Up-to-date: /workspaces/isaac_ros-dev/install/sdv_localization_msgs/share/sdv_localization_msgs/cmake/sdv_localization_msgsConfig-version.cmake
[6.687s] -- Up-to-date: /workspaces/isaac_ros-dev/install/sdv_localization_msgs/share/sdv_localization_msgs/package.xml
[6.778s] Invoked command in '/workspaces/isaac_ros-dev/build/sdv_localization_msgs' returned '0': CMAKE_PREFIX_PATH=/workspaces/isaac_ros-dev/install/yolov8_bringup:/workspaces/isaac_ros-dev/install/multisense_ros:/workspaces/isaac_ros-dev/install/xacro:/workspaces/isaac_ros-dev/install/vision_msgs_rviz_plugins:/workspaces/isaac_ros-dev/install/vision_msgs:/workspaces/isaac_ros-dev/install/velodyne:/workspaces/isaac_ros-dev/install/velodyne_pointcloud:/workspaces/isaac_ros-dev/install/velodyne_driver:/workspaces/isaac_ros-dev/install/velodyne_msgs:/workspaces/isaac_ros-dev/install/velodyne_laserscan:/workspaces/isaac_ros-dev/install/vectornav:/workspaces/isaac_ros-dev/install/sdv_localization:/workspaces/isaac_ros-dev/install/vectornav_msgs:/workspaces/isaac_ros-dev/install/slam_toolbox:/workspaces/isaac_ros-dev/install/sdv_msg:/workspaces/isaac_ros-dev/install/sdv_localization_msgs:/workspaces/isaac_ros-dev/install/pointcloud_to_laserscan:/workspaces/isaac_ros-dev/install/my_package:/workspaces/isaac_ros-dev/install/multisense_msgs:/workspaces/isaac_ros-dev/install/multisense_lib:/workspaces/isaac_ros-dev/install/isaac_ros_visual_slam:/workspaces/isaac_ros-dev/install/isaac_ros_visual_slam_interfaces:/workspaces/isaac_ros-dev/install/isaac_ros_tensor_list_interfaces:/workspaces/isaac_ros-dev/install/isaac_ros_common:/workspaces/isaac_ros-dev/install/isaac_ros_bi3d_interfaces:/workspaces/isaac_ros-dev/install/isaac_ros_apriltag_interfaces:/workspaces/isaac_ros-dev/install/yolov8_ros:/workspaces/isaac_ros-dev/install/xbox_controller:/workspaces/isaac_ros-dev/install/panel:/workspaces/isaac_ros-dev/install/isaac_ros_test:/workspaces/isaac_ros-dev/install/encoder:/opt/ros/humble/install /usr/bin/cmake --install /workspaces/isaac_ros-dev/build/sdv_localization_msgs
