[0.155s] Invoking command in '/workspaces/isaac_ros-dev/build/slam_toolbox': CMAKE_PREFIX_PATH=/workspaces/isaac_ros-dev/install/yolov8_bringup:/workspaces/isaac_ros-dev/install/multisense_ros:/workspaces/isaac_ros-dev/install/xacro:/workspaces/isaac_ros-dev/install/vision_msgs_rviz_plugins:/workspaces/isaac_ros-dev/install/vision_msgs:/workspaces/isaac_ros-dev/install/velodyne:/workspaces/isaac_ros-dev/install/velodyne_pointcloud:/workspaces/isaac_ros-dev/install/velodyne_driver:/workspaces/isaac_ros-dev/install/velodyne_msgs:/workspaces/isaac_ros-dev/install/velodyne_laserscan:/workspaces/isaac_ros-dev/install/vectornav:/workspaces/isaac_ros-dev/install/sdv_localization:/workspaces/isaac_ros-dev/install/vectornav_msgs:/workspaces/isaac_ros-dev/install/slam_toolbox:/workspaces/isaac_ros-dev/install/sdv_msg:/workspaces/isaac_ros-dev/install/sdv_localization_msgs:/workspaces/isaac_ros-dev/install/pointcloud_to_laserscan:/workspaces/isaac_ros-dev/install/my_package:/workspaces/isaac_ros-dev/install/multisense_msgs:/workspaces/isaac_ros-dev/install/multisense_lib:/workspaces/isaac_ros-dev/install/isaac_ros_visual_slam:/workspaces/isaac_ros-dev/install/isaac_ros_visual_slam_interfaces:/workspaces/isaac_ros-dev/install/isaac_ros_tensor_list_interfaces:/workspaces/isaac_ros-dev/install/isaac_ros_common:/workspaces/isaac_ros-dev/install/isaac_ros_bi3d_interfaces:/workspaces/isaac_ros-dev/install/isaac_ros_apriltag_interfaces:/workspaces/isaac_ros-dev/install/yolov8_ros:/workspaces/isaac_ros-dev/install/xbox_controller:/workspaces/isaac_ros-dev/install/panel:/workspaces/isaac_ros-dev/install/isaac_ros_test:/workspaces/isaac_ros-dev/install/encoder:/opt/ros/humble/install /usr/bin/cmake --build /workspaces/isaac_ros-dev/build/slam_toolbox -- -j8 -l8
[0.503s] [  9%] Built target slam_toolbox__rosidl_generator_c
[0.514s] [ 10%] Built target slam_toolbox__cpp
[0.544s] [ 10%] Built target ament_cmake_python_copy_slam_toolbox
[0.569s] [ 12%] Built target kartoSlamToolbox
[0.682s] [ 20%] Built target slam_toolbox__rosidl_typesupport_introspection_c
[0.702s] [ 29%] Built target slam_toolbox__rosidl_typesupport_fastrtps_c
[0.710s] [ 37%] Built target slam_toolbox__rosidl_typesupport_c
[0.766s] [ 45%] Built target slam_toolbox__rosidl_typesupport_cpp
[0.797s] [ 53%] Built target slam_toolbox__rosidl_typesupport_introspection_cpp
[0.844s] [ 62%] Built target slam_toolbox__rosidl_typesupport_fastrtps_cpp
[0.964s] [ 64%] Built target SlamToolboxPlugin
[1.012s] [ 64%] Built target slam_toolbox
[1.102s] [ 66%] Built target ceres_solver_plugin
[1.171s] [ 66%] Built target slam_toolbox__py
[1.228s] [ 71%] Built target toolbox_common
[1.438s] [ 79%] Built target slam_toolbox__rosidl_generator_py
[1.532s] [ 81%] Built target sync_slam_toolbox
[1.534s] [ 83%] Built target async_slam_toolbox
[1.621s] [ 84%] Built target localization_slam_toolbox
[1.626s] [ 86%] Built target merge_maps_kinematic
[1.695s] [ 88%] Built target lifelong_slam_toolbox
[1.695s] [ 90%] Built target slam_toolbox__rosidl_typesupport_fastrtps_c__pyext
[1.696s] [ 90%] Built target slam_toolbox__rosidl_typesupport_introspection_c__pyext
[1.767s] [ 92%] Built target slam_toolbox__rosidl_typesupport_c__pyext
[1.876s] [ 93%] Built target async_slam_toolbox_node
[1.892s] [ 95%] Built target localization_slam_toolbox_node
[1.900s] [ 96%] Built target sync_slam_toolbox_node
[1.934s] [ 97%] Built target map_and_localization_slam_toolbox
[1.952s] [ 99%] Built target lifelong_slam_toolbox_node
[2.128s] [100%] Built target map_and_localization_slam_toolbox_node
[2.440s] running egg_info
[2.501s] writing slam_toolbox.egg-info/PKG-INFO
[2.502s] writing dependency_links to slam_toolbox.egg-info/dependency_links.txt
[2.502s] writing top-level names to slam_toolbox.egg-info/top_level.txt
[2.679s] reading manifest file 'slam_toolbox.egg-info/SOURCES.txt'
[2.682s] writing manifest file 'slam_toolbox.egg-info/SOURCES.txt'
[2.820s] [100%] Built target ament_cmake_python_build_slam_toolbox_egg
[3.837s] Invoked command in '/workspaces/isaac_ros-dev/build/slam_toolbox' returned '0': CMAKE_PREFIX_PATH=/workspaces/isaac_ros-dev/install/yolov8_bringup:/workspaces/isaac_ros-dev/install/multisense_ros:/workspaces/isaac_ros-dev/install/xacro:/workspaces/isaac_ros-dev/install/vision_msgs_rviz_plugins:/workspaces/isaac_ros-dev/install/vision_msgs:/workspaces/isaac_ros-dev/install/velodyne:/workspaces/isaac_ros-dev/install/velodyne_pointcloud:/workspaces/isaac_ros-dev/install/velodyne_driver:/workspaces/isaac_ros-dev/install/velodyne_msgs:/workspaces/isaac_ros-dev/install/velodyne_laserscan:/workspaces/isaac_ros-dev/install/vectornav:/workspaces/isaac_ros-dev/install/sdv_localization:/workspaces/isaac_ros-dev/install/vectornav_msgs:/workspaces/isaac_ros-dev/install/slam_toolbox:/workspaces/isaac_ros-dev/install/sdv_msg:/workspaces/isaac_ros-dev/install/sdv_localization_msgs:/workspaces/isaac_ros-dev/install/pointcloud_to_laserscan:/workspaces/isaac_ros-dev/install/my_package:/workspaces/isaac_ros-dev/install/multisense_msgs:/workspaces/isaac_ros-dev/install/multisense_lib:/workspaces/isaac_ros-dev/install/isaac_ros_visual_slam:/workspaces/isaac_ros-dev/install/isaac_ros_visual_slam_interfaces:/workspaces/isaac_ros-dev/install/isaac_ros_tensor_list_interfaces:/workspaces/isaac_ros-dev/install/isaac_ros_common:/workspaces/isaac_ros-dev/install/isaac_ros_bi3d_interfaces:/workspaces/isaac_ros-dev/install/isaac_ros_apriltag_interfaces:/workspaces/isaac_ros-dev/install/yolov8_ros:/workspaces/isaac_ros-dev/install/xbox_controller:/workspaces/isaac_ros-dev/install/panel:/workspaces/isaac_ros-dev/install/isaac_ros_test:/workspaces/isaac_ros-dev/install/encoder:/opt/ros/humble/install /usr/bin/cmake --build /workspaces/isaac_ros-dev/build/slam_toolbox -- -j8 -l8
[7.044s] Invoking command in '/workspaces/isaac_ros-dev/build/slam_toolbox': CMAKE_PREFIX_PATH=/workspaces/isaac_ros-dev/install/yolov8_bringup:/workspaces/isaac_ros-dev/install/multisense_ros:/workspaces/isaac_ros-dev/install/xacro:/workspaces/isaac_ros-dev/install/vision_msgs_rviz_plugins:/workspaces/isaac_ros-dev/install/vision_msgs:/workspaces/isaac_ros-dev/install/velodyne:/workspaces/isaac_ros-dev/install/velodyne_pointcloud:/workspaces/isaac_ros-dev/install/velodyne_driver:/workspaces/isaac_ros-dev/install/velodyne_msgs:/workspaces/isaac_ros-dev/install/velodyne_laserscan:/workspaces/isaac_ros-dev/install/vectornav:/workspaces/isaac_ros-dev/install/sdv_localization:/workspaces/isaac_ros-dev/install/vectornav_msgs:/workspaces/isaac_ros-dev/install/slam_toolbox:/workspaces/isaac_ros-dev/install/sdv_msg:/workspaces/isaac_ros-dev/install/sdv_localization_msgs:/workspaces/isaac_ros-dev/install/pointcloud_to_laserscan:/workspaces/isaac_ros-dev/install/my_package:/workspaces/isaac_ros-dev/install/multisense_msgs:/workspaces/isaac_ros-dev/install/multisense_lib:/workspaces/isaac_ros-dev/install/isaac_ros_visual_slam:/workspaces/isaac_ros-dev/install/isaac_ros_visual_slam_interfaces:/workspaces/isaac_ros-dev/install/isaac_ros_tensor_list_interfaces:/workspaces/isaac_ros-dev/install/isaac_ros_common:/workspaces/isaac_ros-dev/install/isaac_ros_bi3d_interfaces:/workspaces/isaac_ros-dev/install/isaac_ros_apriltag_interfaces:/workspaces/isaac_ros-dev/install/yolov8_ros:/workspaces/isaac_ros-dev/install/xbox_controller:/workspaces/isaac_ros-dev/install/panel:/workspaces/isaac_ros-dev/install/isaac_ros_test:/workspaces/isaac_ros-dev/install/encoder:/opt/ros/humble/install /usr/bin/cmake --install /workspaces/isaac_ros-dev/build/slam_toolbox
[7.143s] -- Install configuration: "Release"
[7.144s] -- Up-to-date: /workspaces/isaac_ros-dev/install/slam_toolbox/share/ament_index/resource_index/rosidl_interfaces/slam_toolbox
[7.145s] -- Up-to-date: /workspaces/isaac_ros-dev/install/slam_toolbox/include/slam_toolbox/slam_toolbox
[7.146s] -- Up-to-date: /workspaces/isaac_ros-dev/install/slam_toolbox/include/slam_toolbox/slam_toolbox/srv
[7.147s] -- Up-to-date: /workspaces/isaac_ros-dev/install/slam_toolbox/include/slam_toolbox/slam_toolbox/srv/save_map.h
[7.147s] -- Up-to-date: /workspaces/isaac_ros-dev/install/slam_toolbox/include/slam_toolbox/slam_toolbox/srv/merge_maps.h
[7.148s] -- Up-to-date: /workspaces/isaac_ros-dev/install/slam_toolbox/include/slam_toolbox/slam_toolbox/srv/toggle_interactive.h
[7.149s] -- Up-to-date: /workspaces/isaac_ros-dev/install/slam_toolbox/include/slam_toolbox/slam_toolbox/srv/serialize_pose_graph.h
[7.149s] -- Up-to-date: /workspaces/isaac_ros-dev/install/slam_toolbox/include/slam_toolbox/slam_toolbox/srv/clear_queue.h
[7.149s] -- Up-to-date: /workspaces/isaac_ros-dev/install/slam_toolbox/include/slam_toolbox/slam_toolbox/srv/pause.h
[7.150s] -- Up-to-date: /workspaces/isaac_ros-dev/install/slam_toolbox/include/slam_toolbox/slam_toolbox/srv/clear.h
[7.150s] -- Up-to-date: /workspaces/isaac_ros-dev/install/slam_toolbox/include/slam_toolbox/slam_toolbox/srv/loop_closure.h
[7.151s] -- Up-to-date: /workspaces/isaac_ros-dev/install/slam_toolbox/include/slam_toolbox/slam_toolbox/srv/deserialize_pose_graph.h
[7.159s] -- Up-to-date: /workspaces/isaac_ros-dev/install/slam_toolbox/include/slam_toolbox/slam_toolbox/srv/detail
[7.160s] -- Up-to-date: /workspaces/isaac_ros-dev/install/slam_toolbox/include/slam_toolbox/slam_toolbox/srv/detail/merge_maps__type_support.h
[7.160s] -- Up-to-date: /workspaces/isaac_ros-dev/install/slam_toolbox/include/slam_toolbox/slam_toolbox/srv/detail/add_submap__type_support.h
[7.168s] -- Up-to-date: /workspaces/isaac_ros-dev/install/slam_toolbox/include/slam_toolbox/slam_toolbox/srv/detail/serialize_pose_graph__functions.c
[7.171s] -- Up-to-date: /workspaces/isaac_ros-dev/install/slam_toolbox/include/slam_toolbox/slam_toolbox/srv/detail/toggle_interactive__functions.c
[7.172s] -- Up-to-date: /workspaces/isaac_ros-dev/install/slam_toolbox/include/slam_toolbox/slam_toolbox/srv/detail/save_map__struct.h
[7.178s] -- Up-to-date: /workspaces/isaac_ros-dev/install/slam_toolbox/include/slam_toolbox/slam_toolbox/srv/detail/clear_queue__functions.c
[7.178s] -- Up-to-date: /workspaces/isaac_ros-dev/install/slam_toolbox/include/slam_toolbox/slam_toolbox/srv/detail/deserialize_pose_graph__type_support.h
[7.179s] -- Up-to-date: /workspaces/isaac_ros-dev/install/slam_toolbox/include/slam_toolbox/slam_toolbox/srv/detail/clear__type_support.h
[7.179s] -- Up-to-date: /workspaces/isaac_ros-dev/install/slam_toolbox/include/slam_toolbox/slam_toolbox/srv/detail/pause__functions.h
[7.179s] -- Up-to-date: /workspaces/isaac_ros-dev/install/slam_toolbox/include/slam_toolbox/slam_toolbox/srv/detail/toggle_interactive__type_support.h
[7.179s] -- Up-to-date: /workspaces/isaac_ros-dev/install/slam_toolbox/include/slam_toolbox/slam_toolbox/srv/detail/deserialize_pose_graph__functions.c
[7.180s] -- Up-to-date: /workspaces/isaac_ros-dev/install/slam_toolbox/include/slam_toolbox/slam_toolbox/srv/detail/save_map__functions.c
[7.180s] -- Up-to-date: /workspaces/isaac_ros-dev/install/slam_toolbox/include/slam_toolbox/slam_toolbox/srv/detail/clear_queue__functions.h
[7.180s] -- Up-to-date: /workspaces/isaac_ros-dev/install/slam_toolbox/include/slam_toolbox/slam_toolbox/srv/detail/add_submap__functions.h
[7.180s] -- Up-to-date: /workspaces/isaac_ros-dev/install/slam_toolbox/include/slam_toolbox/slam_toolbox/srv/detail/save_map__type_support.h
[7.181s] -- Up-to-date: /workspaces/isaac_ros-dev/install/slam_toolbox/include/slam_toolbox/slam_toolbox/srv/detail/loop_closure__struct.h
[7.181s] -- Up-to-date: /workspaces/isaac_ros-dev/install/slam_toolbox/include/slam_toolbox/slam_toolbox/srv/detail/toggle_interactive__functions.h
[7.181s] -- Up-to-date: /workspaces/isaac_ros-dev/install/slam_toolbox/include/slam_toolbox/slam_toolbox/srv/detail/add_submap__functions.c
[7.182s] -- Up-to-date: /workspaces/isaac_ros-dev/install/slam_toolbox/include/slam_toolbox/slam_toolbox/srv/detail/add_submap__struct.h
[7.182s] -- Up-to-date: /workspaces/isaac_ros-dev/install/slam_toolbox/include/slam_toolbox/slam_toolbox/srv/detail/clear__functions.h
[7.182s] -- Up-to-date: /workspaces/isaac_ros-dev/install/slam_toolbox/include/slam_toolbox/slam_toolbox/srv/detail/merge_maps__functions.h
[7.182s] -- Up-to-date: /workspaces/isaac_ros-dev/install/slam_toolbox/include/slam_toolbox/slam_toolbox/srv/detail/serialize_pose_graph__type_support.h
[7.193s] -- Up-to-date: /workspaces/isaac_ros-dev/install/slam_toolbox/include/slam_toolbox/slam_toolbox/srv/detail/deserialize_pose_graph__struct.h
[7.193s] -- Up-to-date: /workspaces/isaac_ros-dev/install/slam_toolbox/include/slam_toolbox/slam_toolbox/srv/detail/clear__struct.h
[7.194s] -- Up-to-date: /workspaces/isaac_ros-dev/install/slam_toolbox/include/slam_toolbox/slam_toolbox/srv/detail/clear_queue__type_support.h
[7.194s] -- Up-to-date: /workspaces/isaac_ros-dev/install/slam_toolbox/include/slam_toolbox/slam_toolbox/srv/detail/serialize_pose_graph__functions.h
[7.194s] -- Up-to-date: /workspaces/isaac_ros-dev/install/slam_toolbox/include/slam_toolbox/slam_toolbox/srv/detail/pause__functions.c
[7.194s] -- Up-to-date: /workspaces/isaac_ros-dev/install/slam_toolbox/include/slam_toolbox/slam_toolbox/srv/detail/merge_maps__functions.c
[7.195s] -- Up-to-date: /workspaces/isaac_ros-dev/install/slam_toolbox/include/slam_toolbox/slam_toolbox/srv/detail/save_map__functions.h
[7.197s] -- Up-to-date: /workspaces/isaac_ros-dev/install/slam_toolbox/include/slam_toolbox/slam_toolbox/srv/detail/merge_maps__struct.h
[7.198s] -- Up-to-date: /workspaces/isaac_ros-dev/install/slam_toolbox/include/slam_toolbox/slam_toolbox/srv/detail/loop_closure__functions.c
[7.198s] -- Up-to-date: /workspaces/isaac_ros-dev/install/slam_toolbox/include/slam_toolbox/slam_toolbox/srv/detail/pause__type_support.h
[7.198s] -- Up-to-date: /workspaces/isaac_ros-dev/install/slam_toolbox/include/slam_toolbox/slam_toolbox/srv/detail/loop_closure__type_support.h
[7.198s] -- Up-to-date: /workspaces/isaac_ros-dev/install/slam_toolbox/include/slam_toolbox/slam_toolbox/srv/detail/clear_queue__struct.h
[7.199s] -- Up-to-date: /workspaces/isaac_ros-dev/install/slam_toolbox/include/slam_toolbox/slam_toolbox/srv/detail/pause__struct.h
[7.199s] -- Up-to-date: /workspaces/isaac_ros-dev/install/slam_toolbox/include/slam_toolbox/slam_toolbox/srv/detail/deserialize_pose_graph__functions.h
[7.199s] -- Up-to-date: /workspaces/isaac_ros-dev/install/slam_toolbox/include/slam_toolbox/slam_toolbox/srv/detail/clear__functions.c
[7.199s] -- Up-to-date: /workspaces/isaac_ros-dev/install/slam_toolbox/include/slam_toolbox/slam_toolbox/srv/detail/toggle_interactive__struct.h
[7.200s] -- Up-to-date: /workspaces/isaac_ros-dev/install/slam_toolbox/include/slam_toolbox/slam_toolbox/srv/detail/serialize_pose_graph__struct.h
[7.200s] -- Up-to-date: /workspaces/isaac_ros-dev/install/slam_toolbox/include/slam_toolbox/slam_toolbox/srv/detail/loop_closure__functions.h
[7.200s] -- Up-to-date: /workspaces/isaac_ros-dev/install/slam_toolbox/include/slam_toolbox/slam_toolbox/srv/add_submap.h
[7.200s] -- Up-to-date: /workspaces/isaac_ros-dev/install/slam_toolbox/include/slam_toolbox/slam_toolbox/msg
[7.201s] -- Up-to-date: /workspaces/isaac_ros-dev/install/slam_toolbox/include/slam_toolbox/slam_toolbox/msg/rosidl_generator_c__visibility_control.h
[7.201s] -- Up-to-date: /workspaces/isaac_ros-dev/install/slam_toolbox/share/slam_toolbox/environment/library_path.sh
[7.201s] -- Up-to-date: /workspaces/isaac_ros-dev/install/slam_toolbox/share/slam_toolbox/environment/library_path.dsv
[7.202s] -- Up-to-date: /workspaces/isaac_ros-dev/install/slam_toolbox/lib/libslam_toolbox__rosidl_generator_c.so
[7.202s] -- Up-to-date: /workspaces/isaac_ros-dev/install/slam_toolbox/include/slam_toolbox/slam_toolbox
[7.202s] -- Up-to-date: /workspaces/isaac_ros-dev/install/slam_toolbox/include/slam_toolbox/slam_toolbox/srv
[7.202s] -- Up-to-date: /workspaces/isaac_ros-dev/install/slam_toolbox/include/slam_toolbox/slam_toolbox/srv/detail
[7.202s] -- Up-to-date: /workspaces/isaac_ros-dev/install/slam_toolbox/include/slam_toolbox/slam_toolbox/srv/detail/loop_closure__rosidl_typesupport_fastrtps_c.h
[7.203s] -- Up-to-date: /workspaces/isaac_ros-dev/install/slam_toolbox/include/slam_toolbox/slam_toolbox/srv/detail/add_submap__rosidl_typesupport_fastrtps_c.h
[7.203s] -- Up-to-date: /workspaces/isaac_ros-dev/install/slam_toolbox/include/slam_toolbox/slam_toolbox/srv/detail/clear_queue__rosidl_typesupport_fastrtps_c.h
[7.204s] -- Up-to-date: /workspaces/isaac_ros-dev/install/slam_toolbox/include/slam_toolbox/slam_toolbox/srv/detail/toggle_interactive__rosidl_typesupport_fastrtps_c.h
[7.204s] -- Up-to-date: /workspaces/isaac_ros-dev/install/slam_toolbox/include/slam_toolbox/slam_toolbox/srv/detail/merge_maps__rosidl_typesupport_fastrtps_c.h
[7.205s] -- Up-to-date: /workspaces/isaac_ros-dev/install/slam_toolbox/include/slam_toolbox/slam_toolbox/srv/detail/clear__rosidl_typesupport_fastrtps_c.h
[7.205s] -- Up-to-date: /workspaces/isaac_ros-dev/install/slam_toolbox/include/slam_toolbox/slam_toolbox/srv/detail/save_map__rosidl_typesupport_fastrtps_c.h
[7.206s] -- Up-to-date: /workspaces/isaac_ros-dev/install/slam_toolbox/include/slam_toolbox/slam_toolbox/srv/detail/deserialize_pose_graph__rosidl_typesupport_fastrtps_c.h
[7.206s] -- Up-to-date: /workspaces/isaac_ros-dev/install/slam_toolbox/include/slam_toolbox/slam_toolbox/srv/detail/serialize_pose_graph__rosidl_typesupport_fastrtps_c.h
[7.206s] -- Up-to-date: /workspaces/isaac_ros-dev/install/slam_toolbox/include/slam_toolbox/slam_toolbox/srv/detail/pause__rosidl_typesupport_fastrtps_c.h
[7.206s] -- Up-to-date: /workspaces/isaac_ros-dev/install/slam_toolbox/include/slam_toolbox/slam_toolbox/msg
[7.207s] -- Up-to-date: /workspaces/isaac_ros-dev/install/slam_toolbox/include/slam_toolbox/slam_toolbox/msg/rosidl_typesupport_fastrtps_c__visibility_control.h
[7.207s] -- Up-to-date: /workspaces/isaac_ros-dev/install/slam_toolbox/lib/libslam_toolbox__rosidl_typesupport_fastrtps_c.so
[7.207s] -- Up-to-date: /workspaces/isaac_ros-dev/install/slam_toolbox/include/slam_toolbox/slam_toolbox
[7.207s] -- Up-to-date: /workspaces/isaac_ros-dev/install/slam_toolbox/include/slam_toolbox/slam_toolbox/srv
[7.208s] -- Up-to-date: /workspaces/isaac_ros-dev/install/slam_toolbox/include/slam_toolbox/slam_toolbox/srv/toggle_interactive.hpp
[7.208s] -- Up-to-date: /workspaces/isaac_ros-dev/install/slam_toolbox/include/slam_toolbox/slam_toolbox/srv/clear_queue.hpp
[7.208s] -- Up-to-date: /workspaces/isaac_ros-dev/install/slam_toolbox/include/slam_toolbox/slam_toolbox/srv/deserialize_pose_graph.hpp
[7.208s] -- Up-to-date: /workspaces/isaac_ros-dev/install/slam_toolbox/include/slam_toolbox/slam_toolbox/srv/pause.hpp
[7.209s] -- Up-to-date: /workspaces/isaac_ros-dev/install/slam_toolbox/include/slam_toolbox/slam_toolbox/srv/add_submap.hpp
[7.209s] -- Up-to-date: /workspaces/isaac_ros-dev/install/slam_toolbox/include/slam_toolbox/slam_toolbox/srv/clear.hpp
[7.209s] -- Up-to-date: /workspaces/isaac_ros-dev/install/slam_toolbox/include/slam_toolbox/slam_toolbox/srv/detail
[7.209s] -- Up-to-date: /workspaces/isaac_ros-dev/install/slam_toolbox/include/slam_toolbox/slam_toolbox/srv/detail/add_submap__struct.hpp
[7.210s] -- Up-to-date: /workspaces/isaac_ros-dev/install/slam_toolbox/include/slam_toolbox/slam_toolbox/srv/detail/save_map__builder.hpp
[7.210s] -- Up-to-date: /workspaces/isaac_ros-dev/install/slam_toolbox/include/slam_toolbox/slam_toolbox/srv/detail/serialize_pose_graph__traits.hpp
[7.210s] -- Up-to-date: /workspaces/isaac_ros-dev/install/slam_toolbox/include/slam_toolbox/slam_toolbox/srv/detail/clear_queue__traits.hpp
[7.210s] -- Up-to-date: /workspaces/isaac_ros-dev/install/slam_toolbox/include/slam_toolbox/slam_toolbox/srv/detail/toggle_interactive__builder.hpp
[7.211s] -- Up-to-date: /workspaces/isaac_ros-dev/install/slam_toolbox/include/slam_toolbox/slam_toolbox/srv/detail/loop_closure__traits.hpp
[7.211s] -- Up-to-date: /workspaces/isaac_ros-dev/install/slam_toolbox/include/slam_toolbox/slam_toolbox/srv/detail/add_submap__builder.hpp
[7.211s] -- Up-to-date: /workspaces/isaac_ros-dev/install/slam_toolbox/include/slam_toolbox/slam_toolbox/srv/detail/save_map__traits.hpp
[7.211s] -- Up-to-date: /workspaces/isaac_ros-dev/install/slam_toolbox/include/slam_toolbox/slam_toolbox/srv/detail/pause__struct.hpp
[7.212s] -- Up-to-date: /workspaces/isaac_ros-dev/install/slam_toolbox/include/slam_toolbox/slam_toolbox/srv/detail/add_submap__traits.hpp
[7.212s] -- Up-to-date: /workspaces/isaac_ros-dev/install/slam_toolbox/include/slam_toolbox/slam_toolbox/srv/detail/deserialize_pose_graph__traits.hpp
[7.213s] -- Up-to-date: /workspaces/isaac_ros-dev/install/slam_toolbox/include/slam_toolbox/slam_toolbox/srv/detail/clear_queue__builder.hpp
[7.213s] -- Up-to-date: /workspaces/isaac_ros-dev/install/slam_toolbox/include/slam_toolbox/slam_toolbox/srv/detail/merge_maps__builder.hpp
[7.213s] -- Up-to-date: /workspaces/isaac_ros-dev/install/slam_toolbox/include/slam_toolbox/slam_toolbox/srv/detail/loop_closure__struct.hpp
[7.214s] -- Up-to-date: /workspaces/isaac_ros-dev/install/slam_toolbox/include/slam_toolbox/slam_toolbox/srv/detail/loop_closure__builder.hpp
[7.215s] -- Up-to-date: /workspaces/isaac_ros-dev/install/slam_toolbox/include/slam_toolbox/slam_toolbox/srv/detail/merge_maps__struct.hpp
[7.215s] -- Up-to-date: /workspaces/isaac_ros-dev/install/slam_toolbox/include/slam_toolbox/slam_toolbox/srv/detail/deserialize_pose_graph__builder.hpp
[7.215s] -- Up-to-date: /workspaces/isaac_ros-dev/install/slam_toolbox/include/slam_toolbox/slam_toolbox/srv/detail/merge_maps__traits.hpp
[7.216s] -- Up-to-date: /workspaces/isaac_ros-dev/install/slam_toolbox/include/slam_toolbox/slam_toolbox/srv/detail/clear__traits.hpp
[7.216s] -- Up-to-date: /workspaces/isaac_ros-dev/install/slam_toolbox/include/slam_toolbox/slam_toolbox/srv/detail/serialize_pose_graph__struct.hpp
[7.216s] -- Up-to-date: /workspaces/isaac_ros-dev/install/slam_toolbox/include/slam_toolbox/slam_toolbox/srv/detail/toggle_interactive__struct.hpp
[7.217s] -- Up-to-date: /workspaces/isaac_ros-dev/install/slam_toolbox/include/slam_toolbox/slam_toolbox/srv/detail/save_map__struct.hpp
[7.217s] -- Up-to-date: /workspaces/isaac_ros-dev/install/slam_toolbox/include/slam_toolbox/slam_toolbox/srv/detail/clear__struct.hpp
[7.217s] -- Up-to-date: /workspaces/isaac_ros-dev/install/slam_toolbox/include/slam_toolbox/slam_toolbox/srv/detail/clear_queue__struct.hpp
[7.217s] -- Up-to-date: /workspaces/isaac_ros-dev/install/slam_toolbox/include/slam_toolbox/slam_toolbox/srv/detail/toggle_interactive__traits.hpp
[7.218s] -- Up-to-date: /workspaces/isaac_ros-dev/install/slam_toolbox/include/slam_toolbox/slam_toolbox/srv/detail/deserialize_pose_graph__struct.hpp
[7.218s] -- Up-to-date: /workspaces/isaac_ros-dev/install/slam_toolbox/include/slam_toolbox/slam_toolbox/srv/detail/pause__traits.hpp
[7.219s] -- Up-to-date: /workspaces/isaac_ros-dev/install/slam_toolbox/include/slam_toolbox/slam_toolbox/srv/detail/pause__builder.hpp
[7.220s] -- Up-to-date: /workspaces/isaac_ros-dev/install/slam_toolbox/include/slam_toolbox/slam_toolbox/srv/detail/clear__builder.hpp
[7.220s] -- Up-to-date: /workspaces/isaac_ros-dev/install/slam_toolbox/include/slam_toolbox/slam_toolbox/srv/detail/serialize_pose_graph__builder.hpp
[7.220s] -- Up-to-date: /workspaces/isaac_ros-dev/install/slam_toolbox/include/slam_toolbox/slam_toolbox/srv/loop_closure.hpp
[7.220s] -- Up-to-date: /workspaces/isaac_ros-dev/install/slam_toolbox/include/slam_toolbox/slam_toolbox/srv/serialize_pose_graph.hpp
[7.221s] -- Up-to-date: /workspaces/isaac_ros-dev/install/slam_toolbox/include/slam_toolbox/slam_toolbox/srv/merge_maps.hpp
[7.221s] -- Up-to-date: /workspaces/isaac_ros-dev/install/slam_toolbox/include/slam_toolbox/slam_toolbox/srv/save_map.hpp
[7.221s] -- Up-to-date: /workspaces/isaac_ros-dev/install/slam_toolbox/include/slam_toolbox/slam_toolbox
[7.221s] -- Up-to-date: /workspaces/isaac_ros-dev/install/slam_toolbox/include/slam_toolbox/slam_toolbox/srv
[7.222s] -- Up-to-date: /workspaces/isaac_ros-dev/install/slam_toolbox/include/slam_toolbox/slam_toolbox/srv/detail
[7.222s] -- Up-to-date: /workspaces/isaac_ros-dev/install/slam_toolbox/include/slam_toolbox/slam_toolbox/srv/detail/loop_closure__rosidl_typesupport_fastrtps_cpp.hpp
[7.223s] -- Up-to-date: /workspaces/isaac_ros-dev/install/slam_toolbox/include/slam_toolbox/slam_toolbox/srv/detail/merge_maps__rosidl_typesupport_fastrtps_cpp.hpp
[7.224s] -- Up-to-date: /workspaces/isaac_ros-dev/install/slam_toolbox/include/slam_toolbox/slam_toolbox/srv/detail/deserialize_pose_graph__rosidl_typesupport_fastrtps_cpp.hpp
[7.225s] -- Up-to-date: /workspaces/isaac_ros-dev/install/slam_toolbox/include/slam_toolbox/slam_toolbox/srv/detail/pause__rosidl_typesupport_fastrtps_cpp.hpp
[7.225s] -- Up-to-date: /workspaces/isaac_ros-dev/install/slam_toolbox/include/slam_toolbox/slam_toolbox/srv/detail/clear__rosidl_typesupport_fastrtps_cpp.hpp
[7.226s] -- Up-to-date: /workspaces/isaac_ros-dev/install/slam_toolbox/include/slam_toolbox/slam_toolbox/srv/detail/toggle_interactive__rosidl_typesupport_fastrtps_cpp.hpp
[7.226s] -- Up-to-date: /workspaces/isaac_ros-dev/install/slam_toolbox/include/slam_toolbox/slam_toolbox/srv/detail/save_map__rosidl_typesupport_fastrtps_cpp.hpp
[7.226s] -- Up-to-date: /workspaces/isaac_ros-dev/install/slam_toolbox/include/slam_toolbox/slam_toolbox/srv/detail/dds_fastrtps
[7.227s] -- Up-to-date: /workspaces/isaac_ros-dev/install/slam_toolbox/include/slam_toolbox/slam_toolbox/srv/detail/clear_queue__rosidl_typesupport_fastrtps_cpp.hpp
[7.227s] -- Up-to-date: /workspaces/isaac_ros-dev/install/slam_toolbox/include/slam_toolbox/slam_toolbox/srv/detail/add_submap__rosidl_typesupport_fastrtps_cpp.hpp
[7.227s] -- Up-to-date: /workspaces/isaac_ros-dev/install/slam_toolbox/include/slam_toolbox/slam_toolbox/srv/detail/serialize_pose_graph__rosidl_typesupport_fastrtps_cpp.hpp
[7.228s] -- Up-to-date: /workspaces/isaac_ros-dev/install/slam_toolbox/include/slam_toolbox/slam_toolbox/msg
[7.228s] -- Up-to-date: /workspaces/isaac_ros-dev/install/slam_toolbox/include/slam_toolbox/slam_toolbox/msg/rosidl_typesupport_fastrtps_cpp__visibility_control.h
[7.228s] -- Up-to-date: /workspaces/isaac_ros-dev/install/slam_toolbox/lib/libslam_toolbox__rosidl_typesupport_fastrtps_cpp.so
[7.228s] -- Up-to-date: /workspaces/isaac_ros-dev/install/slam_toolbox/include/slam_toolbox/slam_toolbox
[7.229s] -- Up-to-date: /workspaces/isaac_ros-dev/install/slam_toolbox/include/slam_toolbox/slam_toolbox/srv
[7.229s] -- Up-to-date: /workspaces/isaac_ros-dev/install/slam_toolbox/include/slam_toolbox/slam_toolbox/srv/detail
[7.229s] -- Up-to-date: /workspaces/isaac_ros-dev/install/slam_toolbox/include/slam_toolbox/slam_toolbox/srv/detail/add_submap__rosidl_typesupport_introspection_c.h
[7.229s] -- Up-to-date: /workspaces/isaac_ros-dev/install/slam_toolbox/include/slam_toolbox/slam_toolbox/srv/detail/clear__rosidl_typesupport_introspection_c.h
[7.230s] -- Up-to-date: /workspaces/isaac_ros-dev/install/slam_toolbox/include/slam_toolbox/slam_toolbox/srv/detail/serialize_pose_graph__rosidl_typesupport_introspection_c.h
[7.230s] -- Up-to-date: /workspaces/isaac_ros-dev/install/slam_toolbox/include/slam_toolbox/slam_toolbox/srv/detail/merge_maps__rosidl_typesupport_introspection_c.h
[7.230s] -- Up-to-date: /workspaces/isaac_ros-dev/install/slam_toolbox/include/slam_toolbox/slam_toolbox/srv/detail/deserialize_pose_graph__type_support.c
[7.230s] -- Up-to-date: /workspaces/isaac_ros-dev/install/slam_toolbox/include/slam_toolbox/slam_toolbox/srv/detail/clear__type_support.c
[7.231s] -- Up-to-date: /workspaces/isaac_ros-dev/install/slam_toolbox/include/slam_toolbox/slam_toolbox/srv/detail/clear_queue__rosidl_typesupport_introspection_c.h
[7.231s] -- Up-to-date: /workspaces/isaac_ros-dev/install/slam_toolbox/include/slam_toolbox/slam_toolbox/srv/detail/save_map__rosidl_typesupport_introspection_c.h
[7.231s] -- Up-to-date: /workspaces/isaac_ros-dev/install/slam_toolbox/include/slam_toolbox/slam_toolbox/srv/detail/clear_queue__type_support.c
[7.231s] -- Up-to-date: /workspaces/isaac_ros-dev/install/slam_toolbox/include/slam_toolbox/slam_toolbox/srv/detail/loop_closure__type_support.c
[7.232s] -- Up-to-date: /workspaces/isaac_ros-dev/install/slam_toolbox/include/slam_toolbox/slam_toolbox/srv/detail/save_map__type_support.c
[7.232s] -- Up-to-date: /workspaces/isaac_ros-dev/install/slam_toolbox/include/slam_toolbox/slam_toolbox/srv/detail/pause__type_support.c
[7.233s] -- Up-to-date: /workspaces/isaac_ros-dev/install/slam_toolbox/include/slam_toolbox/slam_toolbox/srv/detail/serialize_pose_graph__type_support.c
[7.233s] -- Up-to-date: /workspaces/isaac_ros-dev/install/slam_toolbox/include/slam_toolbox/slam_toolbox/srv/detail/loop_closure__rosidl_typesupport_introspection_c.h
[7.233s] -- Up-to-date: /workspaces/isaac_ros-dev/install/slam_toolbox/include/slam_toolbox/slam_toolbox/srv/detail/toggle_interactive__rosidl_typesupport_introspection_c.h
[7.233s] -- Up-to-date: /workspaces/isaac_ros-dev/install/slam_toolbox/include/slam_toolbox/slam_toolbox/srv/detail/merge_maps__type_support.c
[7.234s] -- Up-to-date: /workspaces/isaac_ros-dev/install/slam_toolbox/include/slam_toolbox/slam_toolbox/srv/detail/add_submap__type_support.c
[7.234s] -- Up-to-date: /workspaces/isaac_ros-dev/install/slam_toolbox/include/slam_toolbox/slam_toolbox/srv/detail/toggle_interactive__type_support.c
[7.234s] -- Up-to-date: /workspaces/isaac_ros-dev/install/slam_toolbox/include/slam_toolbox/slam_toolbox/srv/detail/deserialize_pose_graph__rosidl_typesupport_introspection_c.h
[7.234s] -- Up-to-date: /workspaces/isaac_ros-dev/install/slam_toolbox/include/slam_toolbox/slam_toolbox/srv/detail/pause__rosidl_typesupport_introspection_c.h
[7.235s] -- Up-to-date: /workspaces/isaac_ros-dev/install/slam_toolbox/include/slam_toolbox/slam_toolbox/msg
[7.235s] -- Up-to-date: /workspaces/isaac_ros-dev/install/slam_toolbox/include/slam_toolbox/slam_toolbox/msg/rosidl_typesupport_introspection_c__visibility_control.h
[7.236s] -- Up-to-date: /workspaces/isaac_ros-dev/install/slam_toolbox/lib/libslam_toolbox__rosidl_typesupport_introspection_c.so
[7.236s] -- Up-to-date: /workspaces/isaac_ros-dev/install/slam_toolbox/lib/libslam_toolbox__rosidl_typesupport_c.so
[7.236s] -- Up-to-date: /workspaces/isaac_ros-dev/install/slam_toolbox/include/slam_toolbox/slam_toolbox
[7.236s] -- Up-to-date: /workspaces/isaac_ros-dev/install/slam_toolbox/include/slam_toolbox/slam_toolbox/srv
[7.236s] -- Up-to-date: /workspaces/isaac_ros-dev/install/slam_toolbox/include/slam_toolbox/slam_toolbox/srv/detail
[7.237s] -- Up-to-date: /workspaces/isaac_ros-dev/install/slam_toolbox/include/slam_toolbox/slam_toolbox/srv/detail/toggle_interactive__rosidl_typesupport_introspection_cpp.hpp
[7.237s] -- Up-to-date: /workspaces/isaac_ros-dev/install/slam_toolbox/include/slam_toolbox/slam_toolbox/srv/detail/serialize_pose_graph__type_support.cpp
[7.237s] -- Up-to-date: /workspaces/isaac_ros-dev/install/slam_toolbox/include/slam_toolbox/slam_toolbox/srv/detail/add_submap__rosidl_typesupport_introspection_cpp.hpp
[7.238s] -- Up-to-date: /workspaces/isaac_ros-dev/install/slam_toolbox/include/slam_toolbox/slam_toolbox/srv/detail/deserialize_pose_graph__type_support.cpp
[7.238s] -- Up-to-date: /workspaces/isaac_ros-dev/install/slam_toolbox/include/slam_toolbox/slam_toolbox/srv/detail/serialize_pose_graph__rosidl_typesupport_introspection_cpp.hpp
[7.238s] -- Up-to-date: /workspaces/isaac_ros-dev/install/slam_toolbox/include/slam_toolbox/slam_toolbox/srv/detail/clear_queue__rosidl_typesupport_introspection_cpp.hpp
[7.239s] -- Up-to-date: /workspaces/isaac_ros-dev/install/slam_toolbox/include/slam_toolbox/slam_toolbox/srv/detail/save_map__rosidl_typesupport_introspection_cpp.hpp
[7.239s] -- Up-to-date: /workspaces/isaac_ros-dev/install/slam_toolbox/include/slam_toolbox/slam_toolbox/srv/detail/pause__type_support.cpp
[7.239s] -- Up-to-date: /workspaces/isaac_ros-dev/install/slam_toolbox/include/slam_toolbox/slam_toolbox/srv/detail/merge_maps__rosidl_typesupport_introspection_cpp.hpp
[7.239s] -- Up-to-date: /workspaces/isaac_ros-dev/install/slam_toolbox/include/slam_toolbox/slam_toolbox/srv/detail/toggle_interactive__type_support.cpp
[7.240s] -- Up-to-date: /workspaces/isaac_ros-dev/install/slam_toolbox/include/slam_toolbox/slam_toolbox/srv/detail/clear__type_support.cpp
[7.240s] -- Up-to-date: /workspaces/isaac_ros-dev/install/slam_toolbox/include/slam_toolbox/slam_toolbox/srv/detail/pause__rosidl_typesupport_introspection_cpp.hpp
[7.241s] -- Up-to-date: /workspaces/isaac_ros-dev/install/slam_toolbox/include/slam_toolbox/slam_toolbox/srv/detail/loop_closure__type_support.cpp
[7.242s] -- Up-to-date: /workspaces/isaac_ros-dev/install/slam_toolbox/include/slam_toolbox/slam_toolbox/srv/detail/clear_queue__type_support.cpp
[7.242s] -- Up-to-date: /workspaces/isaac_ros-dev/install/slam_toolbox/include/slam_toolbox/slam_toolbox/srv/detail/add_submap__type_support.cpp
[7.242s] -- Up-to-date: /workspaces/isaac_ros-dev/install/slam_toolbox/include/slam_toolbox/slam_toolbox/srv/detail/deserialize_pose_graph__rosidl_typesupport_introspection_cpp.hpp
[7.243s] -- Up-to-date: /workspaces/isaac_ros-dev/install/slam_toolbox/include/slam_toolbox/slam_toolbox/srv/detail/save_map__type_support.cpp
[7.243s] -- Up-to-date: /workspaces/isaac_ros-dev/install/slam_toolbox/include/slam_toolbox/slam_toolbox/srv/detail/clear__rosidl_typesupport_introspection_cpp.hpp
[7.243s] -- Up-to-date: /workspaces/isaac_ros-dev/install/slam_toolbox/include/slam_toolbox/slam_toolbox/srv/detail/merge_maps__type_support.cpp
[7.243s] -- Up-to-date: /workspaces/isaac_ros-dev/install/slam_toolbox/include/slam_toolbox/slam_toolbox/srv/detail/loop_closure__rosidl_typesupport_introspection_cpp.hpp
[7.244s] -- Up-to-date: /workspaces/isaac_ros-dev/install/slam_toolbox/lib/libslam_toolbox__rosidl_typesupport_introspection_cpp.so
[7.247s] -- Up-to-date: /workspaces/isaac_ros-dev/install/slam_toolbox/lib/libslam_toolbox__rosidl_typesupport_cpp.so
[7.247s] -- Up-to-date: /workspaces/isaac_ros-dev/install/slam_toolbox/share/slam_toolbox/environment/pythonpath.sh
[7.247s] -- Up-to-date: /workspaces/isaac_ros-dev/install/slam_toolbox/share/slam_toolbox/environment/pythonpath.dsv
[7.248s] -- Up-to-date: /workspaces/isaac_ros-dev/install/slam_toolbox/lib/python3.8/site-packages/slam_toolbox-2.6.0-py3.8.egg-info
[7.248s] -- Installing: /workspaces/isaac_ros-dev/install/slam_toolbox/lib/python3.8/site-packages/slam_toolbox-2.6.0-py3.8.egg-info/top_level.txt
[7.248s] -- Installing: /workspaces/isaac_ros-dev/install/slam_toolbox/lib/python3.8/site-packages/slam_toolbox-2.6.0-py3.8.egg-info/dependency_links.txt
[7.248s] -- Installing: /workspaces/isaac_ros-dev/install/slam_toolbox/lib/python3.8/site-packages/slam_toolbox-2.6.0-py3.8.egg-info/SOURCES.txt
[7.249s] -- Installing: /workspaces/isaac_ros-dev/install/slam_toolbox/lib/python3.8/site-packages/slam_toolbox-2.6.0-py3.8.egg-info/PKG-INFO
[7.249s] -- Up-to-date: /workspaces/isaac_ros-dev/install/slam_toolbox/lib/python3.8/site-packages/slam_toolbox
[7.250s] -- Up-to-date: /workspaces/isaac_ros-dev/install/slam_toolbox/lib/python3.8/site-packages/slam_toolbox/__init__.py
[7.251s] -- Up-to-date: /workspaces/isaac_ros-dev/install/slam_toolbox/lib/python3.8/site-packages/slam_toolbox/srv
[7.251s] -- Up-to-date: /workspaces/isaac_ros-dev/install/slam_toolbox/lib/python3.8/site-packages/slam_toolbox/srv/_serialize_pose_graph.py
[7.251s] -- Up-to-date: /workspaces/isaac_ros-dev/install/slam_toolbox/lib/python3.8/site-packages/slam_toolbox/srv/__init__.py
[7.252s] -- Up-to-date: /workspaces/isaac_ros-dev/install/slam_toolbox/lib/python3.8/site-packages/slam_toolbox/srv/_add_submap.py
[7.252s] -- Up-to-date: /workspaces/isaac_ros-dev/install/slam_toolbox/lib/python3.8/site-packages/slam_toolbox/srv/_loop_closure_s.c
[7.252s] -- Up-to-date: /workspaces/isaac_ros-dev/install/slam_toolbox/lib/python3.8/site-packages/slam_toolbox/srv/_pause_s.c
[7.252s] -- Up-to-date: /workspaces/isaac_ros-dev/install/slam_toolbox/lib/python3.8/site-packages/slam_toolbox/srv/_toggle_interactive_s.c
[7.253s] -- Up-to-date: /workspaces/isaac_ros-dev/install/slam_toolbox/lib/python3.8/site-packages/slam_toolbox/srv/_toggle_interactive.py
[7.253s] -- Up-to-date: /workspaces/isaac_ros-dev/install/slam_toolbox/lib/python3.8/site-packages/slam_toolbox/srv/_deserialize_pose_graph.py
[7.254s] -- Up-to-date: /workspaces/isaac_ros-dev/install/slam_toolbox/lib/python3.8/site-packages/slam_toolbox/srv/_merge_maps_s.c
[7.255s] -- Up-to-date: /workspaces/isaac_ros-dev/install/slam_toolbox/lib/python3.8/site-packages/slam_toolbox/srv/_clear.py
[7.255s] -- Up-to-date: /workspaces/isaac_ros-dev/install/slam_toolbox/lib/python3.8/site-packages/slam_toolbox/srv/_add_submap_s.c
[7.255s] -- Up-to-date: /workspaces/isaac_ros-dev/install/slam_toolbox/lib/python3.8/site-packages/slam_toolbox/srv/_save_map.py
[7.256s] -- Up-to-date: /workspaces/isaac_ros-dev/install/slam_toolbox/lib/python3.8/site-packages/slam_toolbox/srv/_pause.py
[7.256s] -- Up-to-date: /workspaces/isaac_ros-dev/install/slam_toolbox/lib/python3.8/site-packages/slam_toolbox/srv/_deserialize_pose_graph_s.c
[7.256s] -- Up-to-date: /workspaces/isaac_ros-dev/install/slam_toolbox/lib/python3.8/site-packages/slam_toolbox/srv/_merge_maps.py
[7.257s] -- Up-to-date: /workspaces/isaac_ros-dev/install/slam_toolbox/lib/python3.8/site-packages/slam_toolbox/srv/_clear_queue.py
[7.257s] -- Up-to-date: /workspaces/isaac_ros-dev/install/slam_toolbox/lib/python3.8/site-packages/slam_toolbox/srv/_serialize_pose_graph_s.c
[7.257s] -- Up-to-date: /workspaces/isaac_ros-dev/install/slam_toolbox/lib/python3.8/site-packages/slam_toolbox/srv/_loop_closure.py
[7.258s] -- Up-to-date: /workspaces/isaac_ros-dev/install/slam_toolbox/lib/python3.8/site-packages/slam_toolbox/srv/_save_map_s.c
[7.258s] -- Up-to-date: /workspaces/isaac_ros-dev/install/slam_toolbox/lib/python3.8/site-packages/slam_toolbox/srv/_clear_queue_s.c
[7.258s] -- Up-to-date: /workspaces/isaac_ros-dev/install/slam_toolbox/lib/python3.8/site-packages/slam_toolbox/srv/_clear_s.c
[7.258s] -- Up-to-date: /workspaces/isaac_ros-dev/install/slam_toolbox/lib/python3.8/site-packages/slam_toolbox/slam_toolbox_s__rosidl_typesupport_introspection_c.cpython-38-aarch64-linux-gnu.so
[7.259s] -- Up-to-date: /workspaces/isaac_ros-dev/install/slam_toolbox/lib/python3.8/site-packages/slam_toolbox/_slam_toolbox_s.ep.rosidl_typesupport_c.c
[7.259s] -- Up-to-date: /workspaces/isaac_ros-dev/install/slam_toolbox/lib/python3.8/site-packages/slam_toolbox/slam_toolbox_s__rosidl_typesupport_fastrtps_c.cpython-38-aarch64-linux-gnu.so
[7.259s] -- Up-to-date: /workspaces/isaac_ros-dev/install/slam_toolbox/lib/python3.8/site-packages/slam_toolbox/_slam_toolbox_s.ep.rosidl_typesupport_introspection_c.c
[7.259s] -- Up-to-date: /workspaces/isaac_ros-dev/install/slam_toolbox/lib/python3.8/site-packages/slam_toolbox/slam_toolbox_s__rosidl_typesupport_c.cpython-38-aarch64-linux-gnu.so
[7.259s] -- Up-to-date: /workspaces/isaac_ros-dev/install/slam_toolbox/lib/python3.8/site-packages/slam_toolbox/libslam_toolbox__rosidl_generator_py.so
[7.260s] -- Up-to-date: /workspaces/isaac_ros-dev/install/slam_toolbox/lib/python3.8/site-packages/slam_toolbox/_slam_toolbox_s.ep.rosidl_typesupport_fastrtps_c.c
[7.343s] Listing '/workspaces/isaac_ros-dev/install/slam_toolbox/lib/python3.8/site-packages/slam_toolbox'...
[7.343s] Listing '/workspaces/isaac_ros-dev/install/slam_toolbox/lib/python3.8/site-packages/slam_toolbox/srv'...
[7.361s] -- Up-to-date: /workspaces/isaac_ros-dev/install/slam_toolbox/lib/python3.8/site-packages/slam_toolbox/slam_toolbox_s__rosidl_typesupport_fastrtps_c.cpython-38-aarch64-linux-gnu.so
[7.363s] -- Up-to-date: /workspaces/isaac_ros-dev/install/slam_toolbox/lib/python3.8/site-packages/slam_toolbox/slam_toolbox_s__rosidl_typesupport_introspection_c.cpython-38-aarch64-linux-gnu.so
[7.365s] -- Up-to-date: /workspaces/isaac_ros-dev/install/slam_toolbox/lib/python3.8/site-packages/slam_toolbox/slam_toolbox_s__rosidl_typesupport_c.cpython-38-aarch64-linux-gnu.so
[7.367s] -- Up-to-date: /workspaces/isaac_ros-dev/install/slam_toolbox/lib/libslam_toolbox__rosidl_generator_py.so
[7.369s] -- Up-to-date: /workspaces/isaac_ros-dev/install/slam_toolbox/share/slam_toolbox/srv/Pause.idl
[7.369s] -- Up-to-date: /workspaces/isaac_ros-dev/install/slam_toolbox/share/slam_toolbox/srv/ClearQueue.idl
[7.370s] -- Up-to-date: /workspaces/isaac_ros-dev/install/slam_toolbox/share/slam_toolbox/srv/ToggleInteractive.idl
[7.370s] -- Up-to-date: /workspaces/isaac_ros-dev/install/slam_toolbox/share/slam_toolbox/srv/Clear.idl
[7.370s] -- Up-to-date: /workspaces/isaac_ros-dev/install/slam_toolbox/share/slam_toolbox/srv/SaveMap.idl
[7.371s] -- Up-to-date: /workspaces/isaac_ros-dev/install/slam_toolbox/share/slam_toolbox/srv/LoopClosure.idl
[7.372s] -- Up-to-date: /workspaces/isaac_ros-dev/install/slam_toolbox/share/slam_toolbox/srv/MergeMaps.idl
[7.373s] -- Up-to-date: /workspaces/isaac_ros-dev/install/slam_toolbox/share/slam_toolbox/srv/AddSubmap.idl
[7.374s] -- Up-to-date: /workspaces/isaac_ros-dev/install/slam_toolbox/share/slam_toolbox/srv/DeserializePoseGraph.idl
[7.375s] -- Up-to-date: /workspaces/isaac_ros-dev/install/slam_toolbox/share/slam_toolbox/srv/SerializePoseGraph.idl
[7.375s] -- Up-to-date: /workspaces/isaac_ros-dev/install/slam_toolbox/share/slam_toolbox/srvs/Pause.srv
[7.376s] -- Up-to-date: /workspaces/isaac_ros-dev/install/slam_toolbox/share/slam_toolbox/srvs/Pause_Request.msg
[7.376s] -- Up-to-date: /workspaces/isaac_ros-dev/install/slam_toolbox/share/slam_toolbox/srvs/Pause_Response.msg
[7.376s] -- Up-to-date: /workspaces/isaac_ros-dev/install/slam_toolbox/share/slam_toolbox/srvs/ClearQueue.srv
[7.377s] -- Up-to-date: /workspaces/isaac_ros-dev/install/slam_toolbox/share/slam_toolbox/srvs/ClearQueue_Request.msg
[7.377s] -- Up-to-date: /workspaces/isaac_ros-dev/install/slam_toolbox/share/slam_toolbox/srvs/ClearQueue_Response.msg
[7.377s] -- Up-to-date: /workspaces/isaac_ros-dev/install/slam_toolbox/share/slam_toolbox/srvs/ToggleInteractive.srv
[7.377s] -- Up-to-date: /workspaces/isaac_ros-dev/install/slam_toolbox/share/slam_toolbox/srvs/ToggleInteractive_Request.msg
[7.378s] -- Up-to-date: /workspaces/isaac_ros-dev/install/slam_toolbox/share/slam_toolbox/srvs/ToggleInteractive_Response.msg
[7.378s] -- Up-to-date: /workspaces/isaac_ros-dev/install/slam_toolbox/share/slam_toolbox/srvs/Clear.srv
[7.378s] -- Up-to-date: /workspaces/isaac_ros-dev/install/slam_toolbox/share/slam_toolbox/srvs/Clear_Request.msg
[7.379s] -- Up-to-date: /workspaces/isaac_ros-dev/install/slam_toolbox/share/slam_toolbox/srvs/Clear_Response.msg
[7.379s] -- Up-to-date: /workspaces/isaac_ros-dev/install/slam_toolbox/share/slam_toolbox/srvs/SaveMap.srv
[7.379s] -- Up-to-date: /workspaces/isaac_ros-dev/install/slam_toolbox/share/slam_toolbox/srvs/SaveMap_Request.msg
[7.380s] -- Up-to-date: /workspaces/isaac_ros-dev/install/slam_toolbox/share/slam_toolbox/srvs/SaveMap_Response.msg
[7.380s] -- Up-to-date: /workspaces/isaac_ros-dev/install/slam_toolbox/share/slam_toolbox/srvs/LoopClosure.srv
[7.380s] -- Up-to-date: /workspaces/isaac_ros-dev/install/slam_toolbox/share/slam_toolbox/srvs/LoopClosure_Request.msg
[7.380s] -- Up-to-date: /workspaces/isaac_ros-dev/install/slam_toolbox/share/slam_toolbox/srvs/LoopClosure_Response.msg
[7.384s] -- Up-to-date: /workspaces/isaac_ros-dev/install/slam_toolbox/share/slam_toolbox/srvs/MergeMaps.srv
[7.385s] -- Up-to-date: /workspaces/isaac_ros-dev/install/slam_toolbox/share/slam_toolbox/srvs/MergeMaps_Request.msg
[7.386s] -- Up-to-date: /workspaces/isaac_ros-dev/install/slam_toolbox/share/slam_toolbox/srvs/MergeMaps_Response.msg
[7.386s] -- Up-to-date: /workspaces/isaac_ros-dev/install/slam_toolbox/share/slam_toolbox/srvs/AddSubmap.srv
[7.387s] -- Up-to-date: /workspaces/isaac_ros-dev/install/slam_toolbox/share/slam_toolbox/srvs/AddSubmap_Request.msg
[7.387s] -- Up-to-date: /workspaces/isaac_ros-dev/install/slam_toolbox/share/slam_toolbox/srvs/AddSubmap_Response.msg
[7.387s] -- Up-to-date: /workspaces/isaac_ros-dev/install/slam_toolbox/share/slam_toolbox/srvs/DeserializePoseGraph.srv
[7.388s] -- Up-to-date: /workspaces/isaac_ros-dev/install/slam_toolbox/share/slam_toolbox/srvs/DeserializePoseGraph_Request.msg
[7.388s] -- Up-to-date: /workspaces/isaac_ros-dev/install/slam_toolbox/share/slam_toolbox/srvs/DeserializePoseGraph_Response.msg
[7.388s] -- Up-to-date: /workspaces/isaac_ros-dev/install/slam_toolbox/share/slam_toolbox/srvs/SerializePoseGraph.srv
[7.389s] -- Up-to-date: /workspaces/isaac_ros-dev/install/slam_toolbox/share/slam_toolbox/srvs/SerializePoseGraph_Request.msg
[7.389s] -- Up-to-date: /workspaces/isaac_ros-dev/install/slam_toolbox/share/slam_toolbox/srvs/SerializePoseGraph_Response.msg
[7.392s] -- Up-to-date: /workspaces/isaac_ros-dev/install/slam_toolbox/share/slam_toolbox/rviz_plugins.xml
[7.393s] -- Up-to-date: /workspaces/isaac_ros-dev/install/slam_toolbox/share/slam_toolbox/solver_plugins.xml
[7.393s] -- Up-to-date: /workspaces/isaac_ros-dev/install/slam_toolbox/lib/slam_toolbox/async_slam_toolbox_node
[7.394s] -- Up-to-date: /workspaces/isaac_ros-dev/install/slam_toolbox/lib/slam_toolbox/sync_slam_toolbox_node
[7.394s] -- Up-to-date: /workspaces/isaac_ros-dev/install/slam_toolbox/lib/slam_toolbox/localization_slam_toolbox_node
[7.395s] -- Up-to-date: /workspaces/isaac_ros-dev/install/slam_toolbox/lib/slam_toolbox/map_and_localization_slam_toolbox_node
[7.395s] -- Up-to-date: /workspaces/isaac_ros-dev/install/slam_toolbox/lib/slam_toolbox/merge_maps_kinematic
[7.395s] -- Up-to-date: /workspaces/isaac_ros-dev/install/slam_toolbox/lib/libtoolbox_common.so
[7.395s] -- Up-to-date: /workspaces/isaac_ros-dev/install/slam_toolbox/lib/libSlamToolboxPlugin.so
[7.396s] -- Up-to-date: /workspaces/isaac_ros-dev/install/slam_toolbox/lib/libceres_solver_plugin.so
[7.399s] -- Up-to-date: /workspaces/isaac_ros-dev/install/slam_toolbox/lib/libasync_slam_toolbox.so
[7.401s] -- Up-to-date: /workspaces/isaac_ros-dev/install/slam_toolbox/lib/libsync_slam_toolbox.so
[7.402s] -- Up-to-date: /workspaces/isaac_ros-dev/install/slam_toolbox/lib/liblocalization_slam_toolbox.so
[7.405s] -- Up-to-date: /workspaces/isaac_ros-dev/install/slam_toolbox/lib/liblifelong_slam_toolbox.so
[7.407s] -- Up-to-date: /workspaces/isaac_ros-dev/install/slam_toolbox/lib/libmap_and_localization_slam_toolbox.so
[7.410s] -- Up-to-date: /workspaces/isaac_ros-dev/install/slam_toolbox/lib/libSlamToolboxPlugin.so
[7.411s] -- Up-to-date: /workspaces/isaac_ros-dev/install/slam_toolbox/include
[7.412s] -- Up-to-date: /workspaces/isaac_ros-dev/install/slam_toolbox/include/slam_toolbox
[7.413s] -- Up-to-date: /workspaces/isaac_ros-dev/install/slam_toolbox/include/slam_toolbox/slam_toolbox_localization.hpp
[7.414s] -- Up-to-date: /workspaces/isaac_ros-dev/install/slam_toolbox/include/slam_toolbox/slam_toolbox_sync.hpp
[7.414s] -- Up-to-date: /workspaces/isaac_ros-dev/install/slam_toolbox/include/slam_toolbox/slam_mapper.hpp
[7.415s] -- Up-to-date: /workspaces/isaac_ros-dev/install/slam_toolbox/include/slam_toolbox/loop_closure_assistant.hpp
[7.415s] -- Up-to-date: /workspaces/isaac_ros-dev/install/slam_toolbox/include/slam_toolbox/slam_toolbox_async.hpp
[7.416s] -- Up-to-date: /workspaces/isaac_ros-dev/install/slam_toolbox/include/slam_toolbox/toolbox_types.hpp
[7.416s] -- Up-to-date: /workspaces/isaac_ros-dev/install/slam_toolbox/include/slam_toolbox/map_saver.hpp
[7.416s] -- Up-to-date: /workspaces/isaac_ros-dev/install/slam_toolbox/include/slam_toolbox/get_pose_helper.hpp
[7.417s] -- Up-to-date: /workspaces/isaac_ros-dev/install/slam_toolbox/include/slam_toolbox/laser_utils.hpp
[7.417s] -- Up-to-date: /workspaces/isaac_ros-dev/install/slam_toolbox/include/slam_toolbox/toolbox_msgs.hpp
[7.417s] -- Up-to-date: /workspaces/isaac_ros-dev/install/slam_toolbox/include/slam_toolbox/slam_toolbox_common.hpp
[7.417s] -- Up-to-date: /workspaces/isaac_ros-dev/install/slam_toolbox/include/slam_toolbox/merge_maps_kinematic.hpp
[7.418s] -- Up-to-date: /workspaces/isaac_ros-dev/install/slam_toolbox/include/slam_toolbox/serialization.hpp
[7.418s] -- Up-to-date: /workspaces/isaac_ros-dev/install/slam_toolbox/include/slam_toolbox/experimental
[7.419s] -- Up-to-date: /workspaces/isaac_ros-dev/install/slam_toolbox/include/slam_toolbox/experimental/slam_toolbox_map_and_localization.hpp
[7.419s] -- Up-to-date: /workspaces/isaac_ros-dev/install/slam_toolbox/include/slam_toolbox/experimental/slam_toolbox_lifelong.hpp
[7.420s] -- Up-to-date: /workspaces/isaac_ros-dev/install/slam_toolbox/include/slam_toolbox/visualization_utils.hpp
[7.420s] -- Up-to-date: /workspaces/isaac_ros-dev/install/slam_toolbox/include/slam_toolbox/snap_utils.hpp
[7.421s] -- Up-to-date: /workspaces/isaac_ros-dev/install/slam_toolbox/share/slam_toolbox/launch
[7.423s] -- Up-to-date: /workspaces/isaac_ros-dev/install/slam_toolbox/share/slam_toolbox/launch/online_sync_launch.py
[7.423s] -- Up-to-date: /workspaces/isaac_ros-dev/install/slam_toolbox/share/slam_toolbox/launch/merge_maps_kinematic_launch.py
[7.427s] -- Up-to-date: /workspaces/isaac_ros-dev/install/slam_toolbox/share/slam_toolbox/launch/offline_launch.py
[7.427s] -- Up-to-date: /workspaces/isaac_ros-dev/install/slam_toolbox/share/slam_toolbox/launch/online_async_launch.py
[7.428s] -- Up-to-date: /workspaces/isaac_ros-dev/install/slam_toolbox/share/slam_toolbox/launch/localization_launch.py
[7.428s] -- Up-to-date: /workspaces/isaac_ros-dev/install/slam_toolbox/share/slam_toolbox/launch/lifelong_launch.py
[7.429s] -- Up-to-date: /workspaces/isaac_ros-dev/install/slam_toolbox/share/slam_toolbox/config
[7.429s] -- Up-to-date: /workspaces/isaac_ros-dev/install/slam_toolbox/share/slam_toolbox/config/mapper_params_lifelong.yaml
[7.430s] -- Up-to-date: /workspaces/isaac_ros-dev/install/slam_toolbox/share/slam_toolbox/config/mapper_params_offline.yaml
[7.430s] -- Up-to-date: /workspaces/isaac_ros-dev/install/slam_toolbox/share/slam_toolbox/config/mapper_params_online_async.yaml
[7.431s] -- Up-to-date: /workspaces/isaac_ros-dev/install/slam_toolbox/share/slam_toolbox/config/mapper_params_localization.yaml
[7.431s] -- Up-to-date: /workspaces/isaac_ros-dev/install/slam_toolbox/share/slam_toolbox/config/mapper_params_online_sync.yaml
[7.432s] -- Up-to-date: /workspaces/isaac_ros-dev/install/slam_toolbox/share/slam_toolbox/config/slam_toolbox_default.rviz
[7.433s] -- Up-to-date: /workspaces/isaac_ros-dev/install/slam_toolbox/share/solver_plugins.xml
[7.433s] -- Up-to-date: /workspaces/isaac_ros-dev/install/slam_toolbox/share/rviz_plugins.xml
[7.434s] -- Up-to-date: /workspaces/isaac_ros-dev/install/slam_toolbox/share/ament_index/resource_index/package_run_dependencies/slam_toolbox
[7.434s] -- Up-to-date: /workspaces/isaac_ros-dev/install/slam_toolbox/share/ament_index/resource_index/parent_prefix_path/slam_toolbox
[7.435s] -- Up-to-date: /workspaces/isaac_ros-dev/install/slam_toolbox/share/slam_toolbox/environment/ament_prefix_path.sh
[7.436s] -- Up-to-date: /workspaces/isaac_ros-dev/install/slam_toolbox/share/slam_toolbox/environment/ament_prefix_path.dsv
[7.437s] -- Up-to-date: /workspaces/isaac_ros-dev/install/slam_toolbox/share/slam_toolbox/environment/path.sh
[7.437s] -- Up-to-date: /workspaces/isaac_ros-dev/install/slam_toolbox/share/slam_toolbox/environment/path.dsv
[7.437s] -- Up-to-date: /workspaces/isaac_ros-dev/install/slam_toolbox/share/slam_toolbox/local_setup.bash
[7.437s] -- Up-to-date: /workspaces/isaac_ros-dev/install/slam_toolbox/share/slam_toolbox/local_setup.sh
[7.438s] -- Up-to-date: /workspaces/isaac_ros-dev/install/slam_toolbox/share/slam_toolbox/local_setup.zsh
[7.439s] -- Up-to-date: /workspaces/isaac_ros-dev/install/slam_toolbox/share/slam_toolbox/local_setup.dsv
[7.439s] -- Installing: /workspaces/isaac_ros-dev/install/slam_toolbox/share/slam_toolbox/package.dsv
[7.440s] -- Up-to-date: /workspaces/isaac_ros-dev/install/slam_toolbox/share/ament_index/resource_index/packages/slam_toolbox
[7.440s] -- Up-to-date: /workspaces/isaac_ros-dev/install/slam_toolbox/share/ament_index/resource_index/rviz_common__pluginlib__plugin/slam_toolbox
[7.441s] -- Up-to-date: /workspaces/isaac_ros-dev/install/slam_toolbox/share/ament_index/resource_index/slam_toolbox__pluginlib__plugin/slam_toolbox
[7.441s] -- Up-to-date: /workspaces/isaac_ros-dev/install/slam_toolbox/share/slam_toolbox/cmake/export_slam_toolbox__rosidl_generator_cExport.cmake
[7.443s] -- Up-to-date: /workspaces/isaac_ros-dev/install/slam_toolbox/share/slam_toolbox/cmake/export_slam_toolbox__rosidl_generator_cExport-release.cmake
[7.443s] -- Up-to-date: /workspaces/isaac_ros-dev/install/slam_toolbox/share/slam_toolbox/cmake/export_slam_toolbox__rosidl_typesupport_fastrtps_cExport.cmake
[7.443s] -- Up-to-date: /workspaces/isaac_ros-dev/install/slam_toolbox/share/slam_toolbox/cmake/export_slam_toolbox__rosidl_typesupport_fastrtps_cExport-release.cmake
[7.444s] -- Up-to-date: /workspaces/isaac_ros-dev/install/slam_toolbox/share/slam_toolbox/cmake/export_slam_toolbox__rosidl_generator_cppExport.cmake
[7.445s] -- Up-to-date: /workspaces/isaac_ros-dev/install/slam_toolbox/share/slam_toolbox/cmake/export_slam_toolbox__rosidl_typesupport_fastrtps_cppExport.cmake
[7.445s] -- Up-to-date: /workspaces/isaac_ros-dev/install/slam_toolbox/share/slam_toolbox/cmake/export_slam_toolbox__rosidl_typesupport_fastrtps_cppExport-release.cmake
[7.445s] -- Up-to-date: /workspaces/isaac_ros-dev/install/slam_toolbox/share/slam_toolbox/cmake/slam_toolbox__rosidl_typesupport_introspection_cExport.cmake
[7.446s] -- Up-to-date: /workspaces/isaac_ros-dev/install/slam_toolbox/share/slam_toolbox/cmake/slam_toolbox__rosidl_typesupport_introspection_cExport-release.cmake
[7.446s] -- Up-to-date: /workspaces/isaac_ros-dev/install/slam_toolbox/share/slam_toolbox/cmake/slam_toolbox__rosidl_typesupport_cExport.cmake
[7.447s] -- Up-to-date: /workspaces/isaac_ros-dev/install/slam_toolbox/share/slam_toolbox/cmake/slam_toolbox__rosidl_typesupport_cExport-release.cmake
[7.447s] -- Up-to-date: /workspaces/isaac_ros-dev/install/slam_toolbox/share/slam_toolbox/cmake/slam_toolbox__rosidl_typesupport_introspection_cppExport.cmake
[7.447s] -- Up-to-date: /workspaces/isaac_ros-dev/install/slam_toolbox/share/slam_toolbox/cmake/slam_toolbox__rosidl_typesupport_introspection_cppExport-release.cmake
[7.448s] -- Up-to-date: /workspaces/isaac_ros-dev/install/slam_toolbox/share/slam_toolbox/cmake/slam_toolbox__rosidl_typesupport_cppExport.cmake
[7.448s] -- Up-to-date: /workspaces/isaac_ros-dev/install/slam_toolbox/share/slam_toolbox/cmake/slam_toolbox__rosidl_typesupport_cppExport-release.cmake
[7.448s] -- Up-to-date: /workspaces/isaac_ros-dev/install/slam_toolbox/share/slam_toolbox/cmake/export_slam_toolbox__rosidl_generator_pyExport.cmake
[7.449s] -- Up-to-date: /workspaces/isaac_ros-dev/install/slam_toolbox/share/slam_toolbox/cmake/export_slam_toolbox__rosidl_generator_pyExport-release.cmake
[7.449s] -- Up-to-date: /workspaces/isaac_ros-dev/install/slam_toolbox/share/slam_toolbox/cmake/SlamToolboxPluginExport.cmake
[7.449s] -- Up-to-date: /workspaces/isaac_ros-dev/install/slam_toolbox/share/slam_toolbox/cmake/SlamToolboxPluginExport-release.cmake
[7.450s] -- Up-to-date: /workspaces/isaac_ros-dev/install/slam_toolbox/share/slam_toolbox/cmake/rosidl_cmake-extras.cmake
[7.450s] -- Up-to-date: /workspaces/isaac_ros-dev/install/slam_toolbox/share/slam_toolbox/cmake/ament_cmake_export_dependencies-extras.cmake
[7.451s] -- Up-to-date: /workspaces/isaac_ros-dev/install/slam_toolbox/share/slam_toolbox/cmake/ament_cmake_export_include_directories-extras.cmake
[7.451s] -- Up-to-date: /workspaces/isaac_ros-dev/install/slam_toolbox/share/slam_toolbox/cmake/ament_cmake_export_libraries-extras.cmake
[7.451s] -- Up-to-date: /workspaces/isaac_ros-dev/install/slam_toolbox/share/slam_toolbox/cmake/ament_cmake_export_targets-extras.cmake
[7.451s] -- Up-to-date: /workspaces/isaac_ros-dev/install/slam_toolbox/share/slam_toolbox/cmake/rosidl_cmake_export_typesupport_targets-extras.cmake
[7.452s] -- Up-to-date: /workspaces/isaac_ros-dev/install/slam_toolbox/share/slam_toolbox/cmake/rosidl_cmake_export_typesupport_libraries-extras.cmake
[7.452s] -- Up-to-date: /workspaces/isaac_ros-dev/install/slam_toolbox/share/slam_toolbox/cmake/slam_toolboxConfig.cmake
[7.453s] -- Up-to-date: /workspaces/isaac_ros-dev/install/slam_toolbox/share/slam_toolbox/cmake/slam_toolboxConfig-version.cmake
[7.453s] -- Up-to-date: /workspaces/isaac_ros-dev/install/slam_toolbox/share/slam_toolbox/package.xml
[7.461s] -- Up-to-date: /workspaces/isaac_ros-dev/install/slam_toolbox/include/
[7.478s] -- Up-to-date: /workspaces/isaac_ros-dev/install/slam_toolbox/include//karto_sdk
[7.478s] -- Up-to-date: /workspaces/isaac_ros-dev/install/slam_toolbox/include//karto_sdk/nanoflann_adaptors.h
[7.479s] -- Up-to-date: /workspaces/isaac_ros-dev/install/slam_toolbox/include//karto_sdk/Macros.h
[7.479s] -- Up-to-date: /workspaces/isaac_ros-dev/install/slam_toolbox/include//karto_sdk/Mapper.h
[7.479s] -- Up-to-date: /workspaces/isaac_ros-dev/install/slam_toolbox/include//karto_sdk/Math.h
[7.479s] -- Up-to-date: /workspaces/isaac_ros-dev/install/slam_toolbox/include//karto_sdk/Types.h
[7.479s] -- Up-to-date: /workspaces/isaac_ros-dev/install/slam_toolbox/include//karto_sdk/nanoflann.hpp
[7.480s] -- Up-to-date: /workspaces/isaac_ros-dev/install/slam_toolbox/include//karto_sdk/Karto.h
[7.480s] -- Up-to-date: /workspaces/isaac_ros-dev/install/slam_toolbox/lib/libkartoSlamToolbox.so
[7.480s] -- Up-to-date: /workspaces/isaac_ros-dev/install/slam_toolbox/share/karto_sdk/environment/library_path.sh
[7.480s] -- Up-to-date: /workspaces/isaac_ros-dev/install/slam_toolbox/share/karto_sdk/environment/library_path.dsv
[7.481s] -- Up-to-date: /workspaces/isaac_ros-dev/install/slam_toolbox/share/ament_index/resource_index/package_run_dependencies/karto_sdk
[7.481s] -- Up-to-date: /workspaces/isaac_ros-dev/install/slam_toolbox/share/ament_index/resource_index/parent_prefix_path/karto_sdk
[7.481s] -- Up-to-date: /workspaces/isaac_ros-dev/install/slam_toolbox/share/karto_sdk/environment/ament_prefix_path.sh
[7.481s] -- Up-to-date: /workspaces/isaac_ros-dev/install/slam_toolbox/share/karto_sdk/environment/ament_prefix_path.dsv
[7.482s] -- Up-to-date: /workspaces/isaac_ros-dev/install/slam_toolbox/share/karto_sdk/environment/path.sh
[7.482s] -- Up-to-date: /workspaces/isaac_ros-dev/install/slam_toolbox/share/karto_sdk/environment/path.dsv
[7.482s] -- Up-to-date: /workspaces/isaac_ros-dev/install/slam_toolbox/share/karto_sdk/local_setup.bash
[7.482s] -- Up-to-date: /workspaces/isaac_ros-dev/install/slam_toolbox/share/karto_sdk/local_setup.sh
[7.483s] -- Up-to-date: /workspaces/isaac_ros-dev/install/slam_toolbox/share/karto_sdk/local_setup.zsh
[7.483s] -- Up-to-date: /workspaces/isaac_ros-dev/install/slam_toolbox/share/karto_sdk/local_setup.dsv
[7.483s] -- Up-to-date: /workspaces/isaac_ros-dev/install/slam_toolbox/share/karto_sdk/package.dsv
[7.483s] -- Up-to-date: /workspaces/isaac_ros-dev/install/slam_toolbox/share/ament_index/resource_index/packages/karto_sdk
[7.484s] -- Up-to-date: /workspaces/isaac_ros-dev/install/slam_toolbox/share/karto_sdk/cmake/ament_cmake_export_libraries-extras.cmake
[7.490s] -- Up-to-date: /workspaces/isaac_ros-dev/install/slam_toolbox/share/karto_sdk/cmake/ament_cmake_export_include_directories-extras.cmake
[7.491s] -- Up-to-date: /workspaces/isaac_ros-dev/install/slam_toolbox/share/karto_sdk/cmake/ament_cmake_export_dependencies-extras.cmake
[7.492s] -- Up-to-date: /workspaces/isaac_ros-dev/install/slam_toolbox/share/karto_sdk/cmake/karto_sdkConfig.cmake
[7.492s] -- Up-to-date: /workspaces/isaac_ros-dev/install/slam_toolbox/share/karto_sdk/cmake/karto_sdkConfig-version.cmake
[7.492s] -- Up-to-date: /workspaces/isaac_ros-dev/install/slam_toolbox/share/karto_sdk/package.xml
[7.493s] Invoked command in '/workspaces/isaac_ros-dev/build/slam_toolbox' returned '0': CMAKE_PREFIX_PATH=/workspaces/isaac_ros-dev/install/yolov8_bringup:/workspaces/isaac_ros-dev/install/multisense_ros:/workspaces/isaac_ros-dev/install/xacro:/workspaces/isaac_ros-dev/install/vision_msgs_rviz_plugins:/workspaces/isaac_ros-dev/install/vision_msgs:/workspaces/isaac_ros-dev/install/velodyne:/workspaces/isaac_ros-dev/install/velodyne_pointcloud:/workspaces/isaac_ros-dev/install/velodyne_driver:/workspaces/isaac_ros-dev/install/velodyne_msgs:/workspaces/isaac_ros-dev/install/velodyne_laserscan:/workspaces/isaac_ros-dev/install/vectornav:/workspaces/isaac_ros-dev/install/sdv_localization:/workspaces/isaac_ros-dev/install/vectornav_msgs:/workspaces/isaac_ros-dev/install/slam_toolbox:/workspaces/isaac_ros-dev/install/sdv_msg:/workspaces/isaac_ros-dev/install/sdv_localization_msgs:/workspaces/isaac_ros-dev/install/pointcloud_to_laserscan:/workspaces/isaac_ros-dev/install/my_package:/workspaces/isaac_ros-dev/install/multisense_msgs:/workspaces/isaac_ros-dev/install/multisense_lib:/workspaces/isaac_ros-dev/install/isaac_ros_visual_slam:/workspaces/isaac_ros-dev/install/isaac_ros_visual_slam_interfaces:/workspaces/isaac_ros-dev/install/isaac_ros_tensor_list_interfaces:/workspaces/isaac_ros-dev/install/isaac_ros_common:/workspaces/isaac_ros-dev/install/isaac_ros_bi3d_interfaces:/workspaces/isaac_ros-dev/install/isaac_ros_apriltag_interfaces:/workspaces/isaac_ros-dev/install/yolov8_ros:/workspaces/isaac_ros-dev/install/xbox_controller:/workspaces/isaac_ros-dev/install/panel:/workspaces/isaac_ros-dev/install/isaac_ros_test:/workspaces/isaac_ros-dev/install/encoder:/opt/ros/humble/install /usr/bin/cmake --install /workspaces/isaac_ros-dev/build/slam_toolbox
