[0.592s] Invoking command in '/workspaces/isaac_ros-dev/build/vectornav_msgs': CMAKE_PREFIX_PATH=/workspaces/isaac_ros-dev/install/yolov8_bringup:/workspaces/isaac_ros-dev/install/multisense_ros:/workspaces/isaac_ros-dev/install/xacro:/workspaces/isaac_ros-dev/install/vision_msgs_rviz_plugins:/workspaces/isaac_ros-dev/install/vision_msgs:/workspaces/isaac_ros-dev/install/velodyne:/workspaces/isaac_ros-dev/install/velodyne_pointcloud:/workspaces/isaac_ros-dev/install/velodyne_driver:/workspaces/isaac_ros-dev/install/velodyne_msgs:/workspaces/isaac_ros-dev/install/velodyne_laserscan:/workspaces/isaac_ros-dev/install/vectornav:/workspaces/isaac_ros-dev/install/sdv_localization:/workspaces/isaac_ros-dev/install/vectornav_msgs:/workspaces/isaac_ros-dev/install/slam_toolbox:/workspaces/isaac_ros-dev/install/sdv_msg:/workspaces/isaac_ros-dev/install/sdv_localization_msgs:/workspaces/isaac_ros-dev/install/pointcloud_to_laserscan:/workspaces/isaac_ros-dev/install/my_package:/workspaces/isaac_ros-dev/install/multisense_msgs:/workspaces/isaac_ros-dev/install/multisense_lib:/workspaces/isaac_ros-dev/install/isaac_ros_visual_slam:/workspaces/isaac_ros-dev/install/isaac_ros_visual_slam_interfaces:/workspaces/isaac_ros-dev/install/isaac_ros_tensor_list_interfaces:/workspaces/isaac_ros-dev/install/isaac_ros_common:/workspaces/isaac_ros-dev/install/isaac_ros_bi3d_interfaces:/workspaces/isaac_ros-dev/install/isaac_ros_apriltag_interfaces:/workspaces/isaac_ros-dev/install/yolov8_ros:/workspaces/isaac_ros-dev/install/xbox_controller:/workspaces/isaac_ros-dev/install/panel:/workspaces/isaac_ros-dev/install/isaac_ros_test:/workspaces/isaac_ros-dev/install/encoder:/opt/ros/humble/install /usr/bin/cmake --build /workspaces/isaac_ros-dev/build/vectornav_msgs -- -j8 -l8
[2.422s] [  0%] Built target vectornav_msgs__cpp
[2.427s] [ 12%] Built target vectornav_msgs__rosidl_generator_c
[2.428s] [ 12%] Built target ament_cmake_python_copy_vectornav_msgs
[2.429s] [ 24%] Built target vectornav_msgs__rosidl_typesupport_cpp
[2.429s] [ 35%] Built target vectornav_msgs__rosidl_typesupport_fastrtps_cpp
[2.429s] [ 47%] Built target vectornav_msgs__rosidl_typesupport_introspection_cpp
[2.429s] [ 59%] Built target vectornav_msgs__rosidl_typesupport_fastrtps_c
[2.430s] [ 71%] Built target vectornav_msgs__rosidl_typesupport_introspection_c
[2.430s] [ 83%] Built target vectornav_msgs__rosidl_typesupport_c
[2.430s] [ 83%] Built target vectornav_msgs
[2.430s] [ 84%] Built target vectornav_msgs__py
[2.431s] [ 95%] Built target vectornav_msgs__rosidl_generator_py
[2.431s] [ 97%] Built target vectornav_msgs__rosidl_typesupport_fastrtps_c__pyext
[2.432s] [100%] Built target vectornav_msgs__rosidl_typesupport_c__pyext
[2.433s] [100%] Built target vectornav_msgs__rosidl_typesupport_introspection_c__pyext
[2.536s] running egg_info
[2.616s] writing vectornav_msgs.egg-info/PKG-INFO
[2.617s] writing dependency_links to vectornav_msgs.egg-info/dependency_links.txt
[2.618s] writing top-level names to vectornav_msgs.egg-info/top_level.txt
[3.066s] reading manifest file 'vectornav_msgs.egg-info/SOURCES.txt'
[3.092s] writing manifest file 'vectornav_msgs.egg-info/SOURCES.txt'
[3.457s] [100%] Built target ament_cmake_python_build_vectornav_msgs_egg
[3.525s] Invoked command in '/workspaces/isaac_ros-dev/build/vectornav_msgs' returned '0': CMAKE_PREFIX_PATH=/workspaces/isaac_ros-dev/install/yolov8_bringup:/workspaces/isaac_ros-dev/install/multisense_ros:/workspaces/isaac_ros-dev/install/xacro:/workspaces/isaac_ros-dev/install/vision_msgs_rviz_plugins:/workspaces/isaac_ros-dev/install/vision_msgs:/workspaces/isaac_ros-dev/install/velodyne:/workspaces/isaac_ros-dev/install/velodyne_pointcloud:/workspaces/isaac_ros-dev/install/velodyne_driver:/workspaces/isaac_ros-dev/install/velodyne_msgs:/workspaces/isaac_ros-dev/install/velodyne_laserscan:/workspaces/isaac_ros-dev/install/vectornav:/workspaces/isaac_ros-dev/install/sdv_localization:/workspaces/isaac_ros-dev/install/vectornav_msgs:/workspaces/isaac_ros-dev/install/slam_toolbox:/workspaces/isaac_ros-dev/install/sdv_msg:/workspaces/isaac_ros-dev/install/sdv_localization_msgs:/workspaces/isaac_ros-dev/install/pointcloud_to_laserscan:/workspaces/isaac_ros-dev/install/my_package:/workspaces/isaac_ros-dev/install/multisense_msgs:/workspaces/isaac_ros-dev/install/multisense_lib:/workspaces/isaac_ros-dev/install/isaac_ros_visual_slam:/workspaces/isaac_ros-dev/install/isaac_ros_visual_slam_interfaces:/workspaces/isaac_ros-dev/install/isaac_ros_tensor_list_interfaces:/workspaces/isaac_ros-dev/install/isaac_ros_common:/workspaces/isaac_ros-dev/install/isaac_ros_bi3d_interfaces:/workspaces/isaac_ros-dev/install/isaac_ros_apriltag_interfaces:/workspaces/isaac_ros-dev/install/yolov8_ros:/workspaces/isaac_ros-dev/install/xbox_controller:/workspaces/isaac_ros-dev/install/panel:/workspaces/isaac_ros-dev/install/isaac_ros_test:/workspaces/isaac_ros-dev/install/encoder:/opt/ros/humble/install /usr/bin/cmake --build /workspaces/isaac_ros-dev/build/vectornav_msgs -- -j8 -l8
[7.362s] Invoking command in '/workspaces/isaac_ros-dev/build/vectornav_msgs': CMAKE_PREFIX_PATH=/workspaces/isaac_ros-dev/install/yolov8_bringup:/workspaces/isaac_ros-dev/install/multisense_ros:/workspaces/isaac_ros-dev/install/xacro:/workspaces/isaac_ros-dev/install/vision_msgs_rviz_plugins:/workspaces/isaac_ros-dev/install/vision_msgs:/workspaces/isaac_ros-dev/install/velodyne:/workspaces/isaac_ros-dev/install/velodyne_pointcloud:/workspaces/isaac_ros-dev/install/velodyne_driver:/workspaces/isaac_ros-dev/install/velodyne_msgs:/workspaces/isaac_ros-dev/install/velodyne_laserscan:/workspaces/isaac_ros-dev/install/vectornav:/workspaces/isaac_ros-dev/install/sdv_localization:/workspaces/isaac_ros-dev/install/vectornav_msgs:/workspaces/isaac_ros-dev/install/slam_toolbox:/workspaces/isaac_ros-dev/install/sdv_msg:/workspaces/isaac_ros-dev/install/sdv_localization_msgs:/workspaces/isaac_ros-dev/install/pointcloud_to_laserscan:/workspaces/isaac_ros-dev/install/my_package:/workspaces/isaac_ros-dev/install/multisense_msgs:/workspaces/isaac_ros-dev/install/multisense_lib:/workspaces/isaac_ros-dev/install/isaac_ros_visual_slam:/workspaces/isaac_ros-dev/install/isaac_ros_visual_slam_interfaces:/workspaces/isaac_ros-dev/install/isaac_ros_tensor_list_interfaces:/workspaces/isaac_ros-dev/install/isaac_ros_common:/workspaces/isaac_ros-dev/install/isaac_ros_bi3d_interfaces:/workspaces/isaac_ros-dev/install/isaac_ros_apriltag_interfaces:/workspaces/isaac_ros-dev/install/yolov8_ros:/workspaces/isaac_ros-dev/install/xbox_controller:/workspaces/isaac_ros-dev/install/panel:/workspaces/isaac_ros-dev/install/isaac_ros_test:/workspaces/isaac_ros-dev/install/encoder:/opt/ros/humble/install /usr/bin/cmake --install /workspaces/isaac_ros-dev/build/vectornav_msgs
[7.418s] -- Install configuration: ""
[7.419s] -- Up-to-date: /workspaces/isaac_ros-dev/install/vectornav_msgs/share/ament_index/resource_index/rosidl_interfaces/vectornav_msgs
[7.419s] -- Up-to-date: /workspaces/isaac_ros-dev/install/vectornav_msgs/include/vectornav_msgs/vectornav_msgs
[7.420s] -- Up-to-date: /workspaces/isaac_ros-dev/install/vectornav_msgs/include/vectornav_msgs/vectornav_msgs/msg
[7.420s] -- Up-to-date: /workspaces/isaac_ros-dev/install/vectornav_msgs/include/vectornav_msgs/vectornav_msgs/msg/rosidl_generator_c__visibility_control.h
[7.420s] -- Up-to-date: /workspaces/isaac_ros-dev/install/vectornav_msgs/include/vectornav_msgs/vectornav_msgs/msg/vpe_status.h
[7.420s] -- Up-to-date: /workspaces/isaac_ros-dev/install/vectornav_msgs/include/vectornav_msgs/vectornav_msgs/msg/ins_status.h
[7.421s] -- Up-to-date: /workspaces/isaac_ros-dev/install/vectornav_msgs/include/vectornav_msgs/vectornav_msgs/msg/dop.h
[7.421s] -- Up-to-date: /workspaces/isaac_ros-dev/install/vectornav_msgs/include/vectornav_msgs/vectornav_msgs/msg/gps_group.h
[7.421s] -- Up-to-date: /workspaces/isaac_ros-dev/install/vectornav_msgs/include/vectornav_msgs/vectornav_msgs/msg/common_group.h
[7.421s] -- Up-to-date: /workspaces/isaac_ros-dev/install/vectornav_msgs/include/vectornav_msgs/vectornav_msgs/msg/imu_group.h
[7.422s] -- Up-to-date: /workspaces/isaac_ros-dev/install/vectornav_msgs/include/vectornav_msgs/vectornav_msgs/msg/detail
[7.422s] -- Up-to-date: /workspaces/isaac_ros-dev/install/vectornav_msgs/include/vectornav_msgs/vectornav_msgs/msg/detail/time_utc__functions.h
[7.422s] -- Up-to-date: /workspaces/isaac_ros-dev/install/vectornav_msgs/include/vectornav_msgs/vectornav_msgs/msg/detail/time_utc__type_support.h
[7.422s] -- Up-to-date: /workspaces/isaac_ros-dev/install/vectornav_msgs/include/vectornav_msgs/vectornav_msgs/msg/detail/time_status__functions.h
[7.422s] -- Up-to-date: /workspaces/isaac_ros-dev/install/vectornav_msgs/include/vectornav_msgs/vectornav_msgs/msg/detail/ins_group__struct.h
[7.423s] -- Up-to-date: /workspaces/isaac_ros-dev/install/vectornav_msgs/include/vectornav_msgs/vectornav_msgs/msg/detail/dop__type_support.h
[7.423s] -- Up-to-date: /workspaces/isaac_ros-dev/install/vectornav_msgs/include/vectornav_msgs/vectornav_msgs/msg/detail/gps_group__functions.h
[7.423s] -- Up-to-date: /workspaces/isaac_ros-dev/install/vectornav_msgs/include/vectornav_msgs/vectornav_msgs/msg/detail/time_group__type_support.h
[7.423s] -- Up-to-date: /workspaces/isaac_ros-dev/install/vectornav_msgs/include/vectornav_msgs/vectornav_msgs/msg/detail/time_utc__functions.c
[7.424s] -- Up-to-date: /workspaces/isaac_ros-dev/install/vectornav_msgs/include/vectornav_msgs/vectornav_msgs/msg/detail/vpe_status__functions.h
[7.424s] -- Up-to-date: /workspaces/isaac_ros-dev/install/vectornav_msgs/include/vectornav_msgs/vectornav_msgs/msg/detail/time_status__struct.h
[7.425s] -- Up-to-date: /workspaces/isaac_ros-dev/install/vectornav_msgs/include/vectornav_msgs/vectornav_msgs/msg/detail/imu_group__struct.h
[7.425s] -- Up-to-date: /workspaces/isaac_ros-dev/install/vectornav_msgs/include/vectornav_msgs/vectornav_msgs/msg/detail/ins_status__struct.h
[7.425s] -- Up-to-date: /workspaces/isaac_ros-dev/install/vectornav_msgs/include/vectornav_msgs/vectornav_msgs/msg/detail/attitude_group__functions.h
[7.425s] -- Up-to-date: /workspaces/isaac_ros-dev/install/vectornav_msgs/include/vectornav_msgs/vectornav_msgs/msg/detail/imu_group__functions.h
[7.425s] -- Up-to-date: /workspaces/isaac_ros-dev/install/vectornav_msgs/include/vectornav_msgs/vectornav_msgs/msg/detail/common_group__type_support.h
[7.426s] -- Up-to-date: /workspaces/isaac_ros-dev/install/vectornav_msgs/include/vectornav_msgs/vectornav_msgs/msg/detail/attitude_group__struct.h
[7.426s] -- Up-to-date: /workspaces/isaac_ros-dev/install/vectornav_msgs/include/vectornav_msgs/vectornav_msgs/msg/detail/vpe_status__functions.c
[7.426s] -- Up-to-date: /workspaces/isaac_ros-dev/install/vectornav_msgs/include/vectornav_msgs/vectornav_msgs/msg/detail/imu_group__functions.c
[7.426s] -- Up-to-date: /workspaces/isaac_ros-dev/install/vectornav_msgs/include/vectornav_msgs/vectornav_msgs/msg/detail/dop__functions.c
[7.427s] -- Up-to-date: /workspaces/isaac_ros-dev/install/vectornav_msgs/include/vectornav_msgs/vectornav_msgs/msg/detail/dop__struct.h
[7.428s] -- Up-to-date: /workspaces/isaac_ros-dev/install/vectornav_msgs/include/vectornav_msgs/vectornav_msgs/msg/detail/gps_group__functions.c
[7.433s] -- Up-to-date: /workspaces/isaac_ros-dev/install/vectornav_msgs/include/vectornav_msgs/vectornav_msgs/msg/detail/ins_status__functions.h
[7.433s] -- Up-to-date: /workspaces/isaac_ros-dev/install/vectornav_msgs/include/vectornav_msgs/vectornav_msgs/msg/detail/gps_group__type_support.h
[7.434s] -- Up-to-date: /workspaces/isaac_ros-dev/install/vectornav_msgs/include/vectornav_msgs/vectornav_msgs/msg/detail/time_utc__struct.h
[7.434s] -- Up-to-date: /workspaces/isaac_ros-dev/install/vectornav_msgs/include/vectornav_msgs/vectornav_msgs/msg/detail/ins_status__type_support.h
[7.434s] -- Up-to-date: /workspaces/isaac_ros-dev/install/vectornav_msgs/include/vectornav_msgs/vectornav_msgs/msg/detail/ins_group__functions.c
[7.435s] -- Up-to-date: /workspaces/isaac_ros-dev/install/vectornav_msgs/include/vectornav_msgs/vectornav_msgs/msg/detail/common_group__functions.h
[7.435s] -- Up-to-date: /workspaces/isaac_ros-dev/install/vectornav_msgs/include/vectornav_msgs/vectornav_msgs/msg/detail/time_status__functions.c
[7.435s] -- Up-to-date: /workspaces/isaac_ros-dev/install/vectornav_msgs/include/vectornav_msgs/vectornav_msgs/msg/detail/common_group__functions.c
[7.436s] -- Up-to-date: /workspaces/isaac_ros-dev/install/vectornav_msgs/include/vectornav_msgs/vectornav_msgs/msg/detail/imu_group__type_support.h
[7.436s] -- Up-to-date: /workspaces/isaac_ros-dev/install/vectornav_msgs/include/vectornav_msgs/vectornav_msgs/msg/detail/time_group__functions.c
[7.436s] -- Up-to-date: /workspaces/isaac_ros-dev/install/vectornav_msgs/include/vectornav_msgs/vectornav_msgs/msg/detail/time_status__type_support.h
[7.437s] -- Up-to-date: /workspaces/isaac_ros-dev/install/vectornav_msgs/include/vectornav_msgs/vectornav_msgs/msg/detail/time_group__functions.h
[7.437s] -- Up-to-date: /workspaces/isaac_ros-dev/install/vectornav_msgs/include/vectornav_msgs/vectornav_msgs/msg/detail/dop__functions.h
[7.438s] -- Up-to-date: /workspaces/isaac_ros-dev/install/vectornav_msgs/include/vectornav_msgs/vectornav_msgs/msg/detail/attitude_group__functions.c
[7.438s] -- Up-to-date: /workspaces/isaac_ros-dev/install/vectornav_msgs/include/vectornav_msgs/vectornav_msgs/msg/detail/gps_group__struct.h
[7.438s] -- Up-to-date: /workspaces/isaac_ros-dev/install/vectornav_msgs/include/vectornav_msgs/vectornav_msgs/msg/detail/attitude_group__type_support.h
[7.438s] -- Up-to-date: /workspaces/isaac_ros-dev/install/vectornav_msgs/include/vectornav_msgs/vectornav_msgs/msg/detail/ins_group__functions.h
[7.439s] -- Up-to-date: /workspaces/isaac_ros-dev/install/vectornav_msgs/include/vectornav_msgs/vectornav_msgs/msg/detail/common_group__struct.h
[7.439s] -- Up-to-date: /workspaces/isaac_ros-dev/install/vectornav_msgs/include/vectornav_msgs/vectornav_msgs/msg/detail/time_group__struct.h
[7.439s] -- Up-to-date: /workspaces/isaac_ros-dev/install/vectornav_msgs/include/vectornav_msgs/vectornav_msgs/msg/detail/ins_status__functions.c
[7.440s] -- Up-to-date: /workspaces/isaac_ros-dev/install/vectornav_msgs/include/vectornav_msgs/vectornav_msgs/msg/detail/vpe_status__type_support.h
[7.440s] -- Up-to-date: /workspaces/isaac_ros-dev/install/vectornav_msgs/include/vectornav_msgs/vectornav_msgs/msg/detail/ins_group__type_support.h
[7.440s] -- Up-to-date: /workspaces/isaac_ros-dev/install/vectornav_msgs/include/vectornav_msgs/vectornav_msgs/msg/detail/vpe_status__struct.h
[7.440s] -- Up-to-date: /workspaces/isaac_ros-dev/install/vectornav_msgs/include/vectornav_msgs/vectornav_msgs/msg/time_utc.h
[7.441s] -- Up-to-date: /workspaces/isaac_ros-dev/install/vectornav_msgs/include/vectornav_msgs/vectornav_msgs/msg/time_group.h
[7.442s] -- Up-to-date: /workspaces/isaac_ros-dev/install/vectornav_msgs/include/vectornav_msgs/vectornav_msgs/msg/time_status.h
[7.444s] -- Up-to-date: /workspaces/isaac_ros-dev/install/vectornav_msgs/include/vectornav_msgs/vectornav_msgs/msg/attitude_group.h
[7.445s] -- Up-to-date: /workspaces/isaac_ros-dev/install/vectornav_msgs/include/vectornav_msgs/vectornav_msgs/msg/ins_group.h
[7.446s] -- Up-to-date: /workspaces/isaac_ros-dev/install/vectornav_msgs/share/vectornav_msgs/environment/library_path.sh
[7.446s] -- Up-to-date: /workspaces/isaac_ros-dev/install/vectornav_msgs/share/vectornav_msgs/environment/library_path.dsv
[7.447s] -- Up-to-date: /workspaces/isaac_ros-dev/install/vectornav_msgs/lib/libvectornav_msgs__rosidl_generator_c.so
[7.447s] -- Up-to-date: /workspaces/isaac_ros-dev/install/vectornav_msgs/include/vectornav_msgs/vectornav_msgs
[7.448s] -- Up-to-date: /workspaces/isaac_ros-dev/install/vectornav_msgs/include/vectornav_msgs/vectornav_msgs/msg
[7.448s] -- Up-to-date: /workspaces/isaac_ros-dev/install/vectornav_msgs/include/vectornav_msgs/vectornav_msgs/msg/rosidl_typesupport_fastrtps_c__visibility_control.h
[7.449s] -- Up-to-date: /workspaces/isaac_ros-dev/install/vectornav_msgs/include/vectornav_msgs/vectornav_msgs/msg/detail
[7.449s] -- Up-to-date: /workspaces/isaac_ros-dev/install/vectornav_msgs/include/vectornav_msgs/vectornav_msgs/msg/detail/time_group__rosidl_typesupport_fastrtps_c.h
[7.450s] -- Up-to-date: /workspaces/isaac_ros-dev/install/vectornav_msgs/include/vectornav_msgs/vectornav_msgs/msg/detail/attitude_group__rosidl_typesupport_fastrtps_c.h
[7.451s] -- Up-to-date: /workspaces/isaac_ros-dev/install/vectornav_msgs/include/vectornav_msgs/vectornav_msgs/msg/detail/ins_group__rosidl_typesupport_fastrtps_c.h
[7.452s] -- Up-to-date: /workspaces/isaac_ros-dev/install/vectornav_msgs/include/vectornav_msgs/vectornav_msgs/msg/detail/time_utc__rosidl_typesupport_fastrtps_c.h
[7.453s] -- Up-to-date: /workspaces/isaac_ros-dev/install/vectornav_msgs/include/vectornav_msgs/vectornav_msgs/msg/detail/ins_status__rosidl_typesupport_fastrtps_c.h
[7.455s] -- Up-to-date: /workspaces/isaac_ros-dev/install/vectornav_msgs/include/vectornav_msgs/vectornav_msgs/msg/detail/imu_group__rosidl_typesupport_fastrtps_c.h
[7.457s] -- Up-to-date: /workspaces/isaac_ros-dev/install/vectornav_msgs/include/vectornav_msgs/vectornav_msgs/msg/detail/vpe_status__rosidl_typesupport_fastrtps_c.h
[7.457s] -- Up-to-date: /workspaces/isaac_ros-dev/install/vectornav_msgs/include/vectornav_msgs/vectornav_msgs/msg/detail/dop__rosidl_typesupport_fastrtps_c.h
[7.458s] -- Up-to-date: /workspaces/isaac_ros-dev/install/vectornav_msgs/include/vectornav_msgs/vectornav_msgs/msg/detail/common_group__rosidl_typesupport_fastrtps_c.h
[7.463s] -- Up-to-date: /workspaces/isaac_ros-dev/install/vectornav_msgs/include/vectornav_msgs/vectornav_msgs/msg/detail/gps_group__rosidl_typesupport_fastrtps_c.h
[7.463s] -- Up-to-date: /workspaces/isaac_ros-dev/install/vectornav_msgs/include/vectornav_msgs/vectornav_msgs/msg/detail/time_status__rosidl_typesupport_fastrtps_c.h
[7.463s] -- Up-to-date: /workspaces/isaac_ros-dev/install/vectornav_msgs/lib/libvectornav_msgs__rosidl_typesupport_fastrtps_c.so
[7.464s] -- Up-to-date: /workspaces/isaac_ros-dev/install/vectornav_msgs/include/vectornav_msgs/vectornav_msgs
[7.464s] -- Up-to-date: /workspaces/isaac_ros-dev/install/vectornav_msgs/include/vectornav_msgs/vectornav_msgs/msg
[7.467s] -- Up-to-date: /workspaces/isaac_ros-dev/install/vectornav_msgs/include/vectornav_msgs/vectornav_msgs/msg/common_group.hpp
[7.468s] -- Up-to-date: /workspaces/isaac_ros-dev/install/vectornav_msgs/include/vectornav_msgs/vectornav_msgs/msg/attitude_group.hpp
[7.468s] -- Up-to-date: /workspaces/isaac_ros-dev/install/vectornav_msgs/include/vectornav_msgs/vectornav_msgs/msg/vpe_status.hpp
[7.468s] -- Up-to-date: /workspaces/isaac_ros-dev/install/vectornav_msgs/include/vectornav_msgs/vectornav_msgs/msg/dop.hpp
[7.469s] -- Up-to-date: /workspaces/isaac_ros-dev/install/vectornav_msgs/include/vectornav_msgs/vectornav_msgs/msg/time_status.hpp
[7.469s] -- Up-to-date: /workspaces/isaac_ros-dev/install/vectornav_msgs/include/vectornav_msgs/vectornav_msgs/msg/gps_group.hpp
[7.469s] -- Up-to-date: /workspaces/isaac_ros-dev/install/vectornav_msgs/include/vectornav_msgs/vectornav_msgs/msg/imu_group.hpp
[7.469s] -- Up-to-date: /workspaces/isaac_ros-dev/install/vectornav_msgs/include/vectornav_msgs/vectornav_msgs/msg/detail
[7.471s] -- Up-to-date: /workspaces/isaac_ros-dev/install/vectornav_msgs/include/vectornav_msgs/vectornav_msgs/msg/detail/common_group__struct.hpp
[7.474s] -- Up-to-date: /workspaces/isaac_ros-dev/install/vectornav_msgs/include/vectornav_msgs/vectornav_msgs/msg/detail/ins_group__builder.hpp
[7.478s] -- Up-to-date: /workspaces/isaac_ros-dev/install/vectornav_msgs/include/vectornav_msgs/vectornav_msgs/msg/detail/ins_status__traits.hpp
[7.479s] -- Up-to-date: /workspaces/isaac_ros-dev/install/vectornav_msgs/include/vectornav_msgs/vectornav_msgs/msg/detail/vpe_status__struct.hpp
[7.481s] -- Up-to-date: /workspaces/isaac_ros-dev/install/vectornav_msgs/include/vectornav_msgs/vectornav_msgs/msg/detail/common_group__traits.hpp
[7.481s] -- Up-to-date: /workspaces/isaac_ros-dev/install/vectornav_msgs/include/vectornav_msgs/vectornav_msgs/msg/detail/gps_group__struct.hpp
[7.481s] -- Up-to-date: /workspaces/isaac_ros-dev/install/vectornav_msgs/include/vectornav_msgs/vectornav_msgs/msg/detail/attitude_group__builder.hpp
[7.481s] -- Up-to-date: /workspaces/isaac_ros-dev/install/vectornav_msgs/include/vectornav_msgs/vectornav_msgs/msg/detail/imu_group__struct.hpp
[7.482s] -- Up-to-date: /workspaces/isaac_ros-dev/install/vectornav_msgs/include/vectornav_msgs/vectornav_msgs/msg/detail/gps_group__builder.hpp
[7.482s] -- Up-to-date: /workspaces/isaac_ros-dev/install/vectornav_msgs/include/vectornav_msgs/vectornav_msgs/msg/detail/ins_group__struct.hpp
[7.483s] -- Up-to-date: /workspaces/isaac_ros-dev/install/vectornav_msgs/include/vectornav_msgs/vectornav_msgs/msg/detail/ins_status__struct.hpp
[7.483s] -- Up-to-date: /workspaces/isaac_ros-dev/install/vectornav_msgs/include/vectornav_msgs/vectornav_msgs/msg/detail/time_status__struct.hpp
[7.483s] -- Up-to-date: /workspaces/isaac_ros-dev/install/vectornav_msgs/include/vectornav_msgs/vectornav_msgs/msg/detail/time_utc__builder.hpp
[7.483s] -- Up-to-date: /workspaces/isaac_ros-dev/install/vectornav_msgs/include/vectornav_msgs/vectornav_msgs/msg/detail/dop__builder.hpp
[7.484s] -- Up-to-date: /workspaces/isaac_ros-dev/install/vectornav_msgs/include/vectornav_msgs/vectornav_msgs/msg/detail/time_status__builder.hpp
[7.484s] -- Up-to-date: /workspaces/isaac_ros-dev/install/vectornav_msgs/include/vectornav_msgs/vectornav_msgs/msg/detail/imu_group__builder.hpp
[7.484s] -- Up-to-date: /workspaces/isaac_ros-dev/install/vectornav_msgs/include/vectornav_msgs/vectornav_msgs/msg/detail/time_status__traits.hpp
[7.484s] -- Up-to-date: /workspaces/isaac_ros-dev/install/vectornav_msgs/include/vectornav_msgs/vectornav_msgs/msg/detail/time_utc__traits.hpp
[7.485s] -- Up-to-date: /workspaces/isaac_ros-dev/install/vectornav_msgs/include/vectornav_msgs/vectornav_msgs/msg/detail/vpe_status__builder.hpp
[7.485s] -- Up-to-date: /workspaces/isaac_ros-dev/install/vectornav_msgs/include/vectornav_msgs/vectornav_msgs/msg/detail/time_utc__struct.hpp
[7.485s] -- Up-to-date: /workspaces/isaac_ros-dev/install/vectornav_msgs/include/vectornav_msgs/vectornav_msgs/msg/detail/attitude_group__traits.hpp
[7.485s] -- Up-to-date: /workspaces/isaac_ros-dev/install/vectornav_msgs/include/vectornav_msgs/vectornav_msgs/msg/detail/time_group__traits.hpp
[7.485s] -- Up-to-date: /workspaces/isaac_ros-dev/install/vectornav_msgs/include/vectornav_msgs/vectornav_msgs/msg/detail/dop__struct.hpp
[7.486s] -- Up-to-date: /workspaces/isaac_ros-dev/install/vectornav_msgs/include/vectornav_msgs/vectornav_msgs/msg/detail/ins_status__builder.hpp
[7.486s] -- Up-to-date: /workspaces/isaac_ros-dev/install/vectornav_msgs/include/vectornav_msgs/vectornav_msgs/msg/detail/gps_group__traits.hpp
[7.486s] -- Up-to-date: /workspaces/isaac_ros-dev/install/vectornav_msgs/include/vectornav_msgs/vectornav_msgs/msg/detail/time_group__builder.hpp
[7.486s] -- Up-to-date: /workspaces/isaac_ros-dev/install/vectornav_msgs/include/vectornav_msgs/vectornav_msgs/msg/detail/time_group__struct.hpp
[7.487s] -- Up-to-date: /workspaces/isaac_ros-dev/install/vectornav_msgs/include/vectornav_msgs/vectornav_msgs/msg/detail/imu_group__traits.hpp
[7.487s] -- Up-to-date: /workspaces/isaac_ros-dev/install/vectornav_msgs/include/vectornav_msgs/vectornav_msgs/msg/detail/ins_group__traits.hpp
[7.487s] -- Up-to-date: /workspaces/isaac_ros-dev/install/vectornav_msgs/include/vectornav_msgs/vectornav_msgs/msg/detail/attitude_group__struct.hpp
[7.488s] -- Up-to-date: /workspaces/isaac_ros-dev/install/vectornav_msgs/include/vectornav_msgs/vectornav_msgs/msg/detail/vpe_status__traits.hpp
[7.488s] -- Up-to-date: /workspaces/isaac_ros-dev/install/vectornav_msgs/include/vectornav_msgs/vectornav_msgs/msg/detail/dop__traits.hpp
[7.488s] -- Up-to-date: /workspaces/isaac_ros-dev/install/vectornav_msgs/include/vectornav_msgs/vectornav_msgs/msg/detail/common_group__builder.hpp
[7.488s] -- Up-to-date: /workspaces/isaac_ros-dev/install/vectornav_msgs/include/vectornav_msgs/vectornav_msgs/msg/ins_status.hpp
[7.488s] -- Up-to-date: /workspaces/isaac_ros-dev/install/vectornav_msgs/include/vectornav_msgs/vectornav_msgs/msg/ins_group.hpp
[7.489s] -- Up-to-date: /workspaces/isaac_ros-dev/install/vectornav_msgs/include/vectornav_msgs/vectornav_msgs/msg/time_utc.hpp
[7.489s] -- Up-to-date: /workspaces/isaac_ros-dev/install/vectornav_msgs/include/vectornav_msgs/vectornav_msgs/msg/time_group.hpp
[7.489s] -- Up-to-date: /workspaces/isaac_ros-dev/install/vectornav_msgs/include/vectornav_msgs/vectornav_msgs
[7.490s] -- Up-to-date: /workspaces/isaac_ros-dev/install/vectornav_msgs/include/vectornav_msgs/vectornav_msgs/msg
[7.491s] -- Up-to-date: /workspaces/isaac_ros-dev/install/vectornav_msgs/include/vectornav_msgs/vectornav_msgs/msg/rosidl_typesupport_fastrtps_cpp__visibility_control.h
[7.491s] -- Up-to-date: /workspaces/isaac_ros-dev/install/vectornav_msgs/include/vectornav_msgs/vectornav_msgs/msg/detail
[7.491s] -- Up-to-date: /workspaces/isaac_ros-dev/install/vectornav_msgs/include/vectornav_msgs/vectornav_msgs/msg/detail/common_group__rosidl_typesupport_fastrtps_cpp.hpp
[7.491s] -- Up-to-date: /workspaces/isaac_ros-dev/install/vectornav_msgs/include/vectornav_msgs/vectornav_msgs/msg/detail/vpe_status__rosidl_typesupport_fastrtps_cpp.hpp
[7.492s] -- Up-to-date: /workspaces/isaac_ros-dev/install/vectornav_msgs/include/vectornav_msgs/vectornav_msgs/msg/detail/time_group__rosidl_typesupport_fastrtps_cpp.hpp
[7.492s] -- Up-to-date: /workspaces/isaac_ros-dev/install/vectornav_msgs/include/vectornav_msgs/vectornav_msgs/msg/detail/dop__rosidl_typesupport_fastrtps_cpp.hpp
[7.492s] -- Up-to-date: /workspaces/isaac_ros-dev/install/vectornav_msgs/include/vectornav_msgs/vectornav_msgs/msg/detail/dds_fastrtps
[7.493s] -- Up-to-date: /workspaces/isaac_ros-dev/install/vectornav_msgs/include/vectornav_msgs/vectornav_msgs/msg/detail/time_status__rosidl_typesupport_fastrtps_cpp.hpp
[7.493s] -- Up-to-date: /workspaces/isaac_ros-dev/install/vectornav_msgs/include/vectornav_msgs/vectornav_msgs/msg/detail/ins_group__rosidl_typesupport_fastrtps_cpp.hpp
[7.493s] -- Up-to-date: /workspaces/isaac_ros-dev/install/vectornav_msgs/include/vectornav_msgs/vectornav_msgs/msg/detail/gps_group__rosidl_typesupport_fastrtps_cpp.hpp
[7.493s] -- Up-to-date: /workspaces/isaac_ros-dev/install/vectornav_msgs/include/vectornav_msgs/vectornav_msgs/msg/detail/imu_group__rosidl_typesupport_fastrtps_cpp.hpp
[7.494s] -- Up-to-date: /workspaces/isaac_ros-dev/install/vectornav_msgs/include/vectornav_msgs/vectornav_msgs/msg/detail/attitude_group__rosidl_typesupport_fastrtps_cpp.hpp
[7.494s] -- Up-to-date: /workspaces/isaac_ros-dev/install/vectornav_msgs/include/vectornav_msgs/vectornav_msgs/msg/detail/time_utc__rosidl_typesupport_fastrtps_cpp.hpp
[7.494s] -- Up-to-date: /workspaces/isaac_ros-dev/install/vectornav_msgs/include/vectornav_msgs/vectornav_msgs/msg/detail/ins_status__rosidl_typesupport_fastrtps_cpp.hpp
[7.494s] -- Up-to-date: /workspaces/isaac_ros-dev/install/vectornav_msgs/lib/libvectornav_msgs__rosidl_typesupport_fastrtps_cpp.so
[7.494s] -- Up-to-date: /workspaces/isaac_ros-dev/install/vectornav_msgs/include/vectornav_msgs/vectornav_msgs
[7.495s] -- Up-to-date: /workspaces/isaac_ros-dev/install/vectornav_msgs/include/vectornav_msgs/vectornav_msgs/msg
[7.495s] -- Up-to-date: /workspaces/isaac_ros-dev/install/vectornav_msgs/include/vectornav_msgs/vectornav_msgs/msg/detail
[7.495s] -- Up-to-date: /workspaces/isaac_ros-dev/install/vectornav_msgs/include/vectornav_msgs/vectornav_msgs/msg/detail/time_group__type_support.c
[7.496s] -- Up-to-date: /workspaces/isaac_ros-dev/install/vectornav_msgs/include/vectornav_msgs/vectornav_msgs/msg/detail/dop__rosidl_typesupport_introspection_c.h
[7.496s] -- Up-to-date: /workspaces/isaac_ros-dev/install/vectornav_msgs/include/vectornav_msgs/vectornav_msgs/msg/detail/vpe_status__type_support.c
[7.496s] -- Up-to-date: /workspaces/isaac_ros-dev/install/vectornav_msgs/include/vectornav_msgs/vectornav_msgs/msg/detail/ins_status__type_support.c
[7.496s] -- Up-to-date: /workspaces/isaac_ros-dev/install/vectornav_msgs/include/vectornav_msgs/vectornav_msgs/msg/detail/imu_group__type_support.c
[7.497s] -- Up-to-date: /workspaces/isaac_ros-dev/install/vectornav_msgs/include/vectornav_msgs/vectornav_msgs/msg/detail/common_group__rosidl_typesupport_introspection_c.h
[7.497s] -- Up-to-date: /workspaces/isaac_ros-dev/install/vectornav_msgs/include/vectornav_msgs/vectornav_msgs/msg/detail/time_utc__type_support.c
[7.497s] -- Up-to-date: /workspaces/isaac_ros-dev/install/vectornav_msgs/include/vectornav_msgs/vectornav_msgs/msg/detail/time_utc__rosidl_typesupport_introspection_c.h
[7.497s] -- Up-to-date: /workspaces/isaac_ros-dev/install/vectornav_msgs/include/vectornav_msgs/vectornav_msgs/msg/detail/attitude_group__type_support.c
[7.498s] -- Up-to-date: /workspaces/isaac_ros-dev/install/vectornav_msgs/include/vectornav_msgs/vectornav_msgs/msg/detail/ins_status__rosidl_typesupport_introspection_c.h
[7.498s] -- Up-to-date: /workspaces/isaac_ros-dev/install/vectornav_msgs/include/vectornav_msgs/vectornav_msgs/msg/detail/common_group__type_support.c
[7.498s] -- Up-to-date: /workspaces/isaac_ros-dev/install/vectornav_msgs/include/vectornav_msgs/vectornav_msgs/msg/detail/gps_group__type_support.c
[7.498s] -- Up-to-date: /workspaces/isaac_ros-dev/install/vectornav_msgs/include/vectornav_msgs/vectornav_msgs/msg/detail/vpe_status__rosidl_typesupport_introspection_c.h
[7.498s] -- Up-to-date: /workspaces/isaac_ros-dev/install/vectornav_msgs/include/vectornav_msgs/vectornav_msgs/msg/detail/attitude_group__rosidl_typesupport_introspection_c.h
[7.499s] -- Up-to-date: /workspaces/isaac_ros-dev/install/vectornav_msgs/include/vectornav_msgs/vectornav_msgs/msg/detail/time_group__rosidl_typesupport_introspection_c.h
[7.503s] -- Up-to-date: /workspaces/isaac_ros-dev/install/vectornav_msgs/include/vectornav_msgs/vectornav_msgs/msg/detail/ins_group__rosidl_typesupport_introspection_c.h
[7.503s] -- Up-to-date: /workspaces/isaac_ros-dev/install/vectornav_msgs/include/vectornav_msgs/vectornav_msgs/msg/detail/ins_group__type_support.c
[7.503s] -- Up-to-date: /workspaces/isaac_ros-dev/install/vectornav_msgs/include/vectornav_msgs/vectornav_msgs/msg/detail/imu_group__rosidl_typesupport_introspection_c.h
[7.504s] -- Up-to-date: /workspaces/isaac_ros-dev/install/vectornav_msgs/include/vectornav_msgs/vectornav_msgs/msg/detail/time_status__rosidl_typesupport_introspection_c.h
[7.504s] -- Up-to-date: /workspaces/isaac_ros-dev/install/vectornav_msgs/include/vectornav_msgs/vectornav_msgs/msg/detail/time_status__type_support.c
[7.504s] -- Up-to-date: /workspaces/isaac_ros-dev/install/vectornav_msgs/include/vectornav_msgs/vectornav_msgs/msg/detail/dop__type_support.c
[7.504s] -- Up-to-date: /workspaces/isaac_ros-dev/install/vectornav_msgs/include/vectornav_msgs/vectornav_msgs/msg/detail/gps_group__rosidl_typesupport_introspection_c.h
[7.504s] -- Up-to-date: /workspaces/isaac_ros-dev/install/vectornav_msgs/include/vectornav_msgs/vectornav_msgs/msg/rosidl_typesupport_introspection_c__visibility_control.h
[7.505s] -- Up-to-date: /workspaces/isaac_ros-dev/install/vectornav_msgs/lib/libvectornav_msgs__rosidl_typesupport_introspection_c.so
[7.505s] -- Up-to-date: /workspaces/isaac_ros-dev/install/vectornav_msgs/lib/libvectornav_msgs__rosidl_typesupport_c.so
[7.505s] -- Up-to-date: /workspaces/isaac_ros-dev/install/vectornav_msgs/include/vectornav_msgs/vectornav_msgs
[7.505s] -- Up-to-date: /workspaces/isaac_ros-dev/install/vectornav_msgs/include/vectornav_msgs/vectornav_msgs/msg
[7.506s] -- Up-to-date: /workspaces/isaac_ros-dev/install/vectornav_msgs/include/vectornav_msgs/vectornav_msgs/msg/detail
[7.506s] -- Up-to-date: /workspaces/isaac_ros-dev/install/vectornav_msgs/include/vectornav_msgs/vectornav_msgs/msg/detail/dop__rosidl_typesupport_introspection_cpp.hpp
[7.506s] -- Up-to-date: /workspaces/isaac_ros-dev/install/vectornav_msgs/include/vectornav_msgs/vectornav_msgs/msg/detail/imu_group__rosidl_typesupport_introspection_cpp.hpp
[7.506s] -- Up-to-date: /workspaces/isaac_ros-dev/install/vectornav_msgs/include/vectornav_msgs/vectornav_msgs/msg/detail/imu_group__type_support.cpp
[7.507s] -- Up-to-date: /workspaces/isaac_ros-dev/install/vectornav_msgs/include/vectornav_msgs/vectornav_msgs/msg/detail/time_utc__type_support.cpp
[7.507s] -- Up-to-date: /workspaces/isaac_ros-dev/install/vectornav_msgs/include/vectornav_msgs/vectornav_msgs/msg/detail/time_group__type_support.cpp
[7.507s] -- Up-to-date: /workspaces/isaac_ros-dev/install/vectornav_msgs/include/vectornav_msgs/vectornav_msgs/msg/detail/attitude_group__rosidl_typesupport_introspection_cpp.hpp
[7.507s] -- Up-to-date: /workspaces/isaac_ros-dev/install/vectornav_msgs/include/vectornav_msgs/vectornav_msgs/msg/detail/dop__type_support.cpp
[7.508s] -- Up-to-date: /workspaces/isaac_ros-dev/install/vectornav_msgs/include/vectornav_msgs/vectornav_msgs/msg/detail/vpe_status__rosidl_typesupport_introspection_cpp.hpp
[7.508s] -- Up-to-date: /workspaces/isaac_ros-dev/install/vectornav_msgs/include/vectornav_msgs/vectornav_msgs/msg/detail/common_group__type_support.cpp
[7.508s] -- Up-to-date: /workspaces/isaac_ros-dev/install/vectornav_msgs/include/vectornav_msgs/vectornav_msgs/msg/detail/common_group__rosidl_typesupport_introspection_cpp.hpp
[7.517s] -- Up-to-date: /workspaces/isaac_ros-dev/install/vectornav_msgs/include/vectornav_msgs/vectornav_msgs/msg/detail/ins_group__type_support.cpp
[7.517s] -- Up-to-date: /workspaces/isaac_ros-dev/install/vectornav_msgs/include/vectornav_msgs/vectornav_msgs/msg/detail/ins_status__rosidl_typesupport_introspection_cpp.hpp
[7.517s] -- Up-to-date: /workspaces/isaac_ros-dev/install/vectornav_msgs/include/vectornav_msgs/vectornav_msgs/msg/detail/ins_group__rosidl_typesupport_introspection_cpp.hpp
[7.518s] -- Up-to-date: /workspaces/isaac_ros-dev/install/vectornav_msgs/include/vectornav_msgs/vectornav_msgs/msg/detail/vpe_status__type_support.cpp
[7.518s] -- Up-to-date: /workspaces/isaac_ros-dev/install/vectornav_msgs/include/vectornav_msgs/vectornav_msgs/msg/detail/time_status__type_support.cpp
[7.518s] -- Up-to-date: /workspaces/isaac_ros-dev/install/vectornav_msgs/include/vectornav_msgs/vectornav_msgs/msg/detail/time_status__rosidl_typesupport_introspection_cpp.hpp
[7.518s] -- Up-to-date: /workspaces/isaac_ros-dev/install/vectornav_msgs/include/vectornav_msgs/vectornav_msgs/msg/detail/attitude_group__type_support.cpp
[7.519s] -- Up-to-date: /workspaces/isaac_ros-dev/install/vectornav_msgs/include/vectornav_msgs/vectornav_msgs/msg/detail/ins_status__type_support.cpp
[7.519s] -- Up-to-date: /workspaces/isaac_ros-dev/install/vectornav_msgs/include/vectornav_msgs/vectornav_msgs/msg/detail/time_group__rosidl_typesupport_introspection_cpp.hpp
[7.519s] -- Up-to-date: /workspaces/isaac_ros-dev/install/vectornav_msgs/include/vectornav_msgs/vectornav_msgs/msg/detail/gps_group__type_support.cpp
[7.520s] -- Up-to-date: /workspaces/isaac_ros-dev/install/vectornav_msgs/include/vectornav_msgs/vectornav_msgs/msg/detail/time_utc__rosidl_typesupport_introspection_cpp.hpp
[7.520s] -- Up-to-date: /workspaces/isaac_ros-dev/install/vectornav_msgs/include/vectornav_msgs/vectornav_msgs/msg/detail/gps_group__rosidl_typesupport_introspection_cpp.hpp
[7.520s] -- Up-to-date: /workspaces/isaac_ros-dev/install/vectornav_msgs/lib/libvectornav_msgs__rosidl_typesupport_introspection_cpp.so
[7.520s] -- Up-to-date: /workspaces/isaac_ros-dev/install/vectornav_msgs/lib/libvectornav_msgs__rosidl_typesupport_cpp.so
[7.521s] -- Up-to-date: /workspaces/isaac_ros-dev/install/vectornav_msgs/share/vectornav_msgs/environment/pythonpath.sh
[7.521s] -- Up-to-date: /workspaces/isaac_ros-dev/install/vectornav_msgs/share/vectornav_msgs/environment/pythonpath.dsv
[7.521s] -- Up-to-date: /workspaces/isaac_ros-dev/install/vectornav_msgs/lib/python3.8/site-packages/vectornav_msgs-3.0.0-py3.8.egg-info
[7.522s] -- Installing: /workspaces/isaac_ros-dev/install/vectornav_msgs/lib/python3.8/site-packages/vectornav_msgs-3.0.0-py3.8.egg-info/top_level.txt
[7.523s] -- Installing: /workspaces/isaac_ros-dev/install/vectornav_msgs/lib/python3.8/site-packages/vectornav_msgs-3.0.0-py3.8.egg-info/dependency_links.txt
[7.523s] -- Installing: /workspaces/isaac_ros-dev/install/vectornav_msgs/lib/python3.8/site-packages/vectornav_msgs-3.0.0-py3.8.egg-info/SOURCES.txt
[7.523s] -- Installing: /workspaces/isaac_ros-dev/install/vectornav_msgs/lib/python3.8/site-packages/vectornav_msgs-3.0.0-py3.8.egg-info/PKG-INFO
[7.524s] -- Up-to-date: /workspaces/isaac_ros-dev/install/vectornav_msgs/lib/python3.8/site-packages/vectornav_msgs
[7.524s] -- Up-to-date: /workspaces/isaac_ros-dev/install/vectornav_msgs/lib/python3.8/site-packages/vectornav_msgs/__init__.py
[7.525s] -- Up-to-date: /workspaces/isaac_ros-dev/install/vectornav_msgs/lib/python3.8/site-packages/vectornav_msgs/vectornav_msgs_s__rosidl_typesupport_fastrtps_c.cpython-38-aarch64-linux-gnu.so
[7.525s] -- Up-to-date: /workspaces/isaac_ros-dev/install/vectornav_msgs/lib/python3.8/site-packages/vectornav_msgs/libvectornav_msgs__rosidl_generator_py.so
[7.525s] -- Up-to-date: /workspaces/isaac_ros-dev/install/vectornav_msgs/lib/python3.8/site-packages/vectornav_msgs/_vectornav_msgs_s.ep.rosidl_typesupport_c.c
[7.526s] -- Up-to-date: /workspaces/isaac_ros-dev/install/vectornav_msgs/lib/python3.8/site-packages/vectornav_msgs/msg
[7.526s] -- Up-to-date: /workspaces/isaac_ros-dev/install/vectornav_msgs/lib/python3.8/site-packages/vectornav_msgs/msg/_dop_s.c
[7.526s] -- Up-to-date: /workspaces/isaac_ros-dev/install/vectornav_msgs/lib/python3.8/site-packages/vectornav_msgs/msg/__init__.py
[7.526s] -- Up-to-date: /workspaces/isaac_ros-dev/install/vectornav_msgs/lib/python3.8/site-packages/vectornav_msgs/msg/_ins_group.py
[7.527s] -- Up-to-date: /workspaces/isaac_ros-dev/install/vectornav_msgs/lib/python3.8/site-packages/vectornav_msgs/msg/_attitude_group.py
[7.527s] -- Up-to-date: /workspaces/isaac_ros-dev/install/vectornav_msgs/lib/python3.8/site-packages/vectornav_msgs/msg/_gps_group.py
[7.527s] -- Up-to-date: /workspaces/isaac_ros-dev/install/vectornav_msgs/lib/python3.8/site-packages/vectornav_msgs/msg/_ins_status.py
[7.527s] -- Up-to-date: /workspaces/isaac_ros-dev/install/vectornav_msgs/lib/python3.8/site-packages/vectornav_msgs/msg/_time_utc.py
[7.528s] -- Up-to-date: /workspaces/isaac_ros-dev/install/vectornav_msgs/lib/python3.8/site-packages/vectornav_msgs/msg/_time_status_s.c
[7.528s] -- Up-to-date: /workspaces/isaac_ros-dev/install/vectornav_msgs/lib/python3.8/site-packages/vectornav_msgs/msg/_ins_status_s.c
[7.528s] -- Up-to-date: /workspaces/isaac_ros-dev/install/vectornav_msgs/lib/python3.8/site-packages/vectornav_msgs/msg/_imu_group_s.c
[7.528s] -- Up-to-date: /workspaces/isaac_ros-dev/install/vectornav_msgs/lib/python3.8/site-packages/vectornav_msgs/msg/_dop.py
[7.529s] -- Up-to-date: /workspaces/isaac_ros-dev/install/vectornav_msgs/lib/python3.8/site-packages/vectornav_msgs/msg/_ins_group_s.c
[7.529s] -- Up-to-date: /workspaces/isaac_ros-dev/install/vectornav_msgs/lib/python3.8/site-packages/vectornav_msgs/msg/_common_group_s.c
[7.529s] -- Up-to-date: /workspaces/isaac_ros-dev/install/vectornav_msgs/lib/python3.8/site-packages/vectornav_msgs/msg/_time_status.py
[7.529s] -- Up-to-date: /workspaces/isaac_ros-dev/install/vectornav_msgs/lib/python3.8/site-packages/vectornav_msgs/msg/_vpe_status.py
[7.529s] -- Up-to-date: /workspaces/isaac_ros-dev/install/vectornav_msgs/lib/python3.8/site-packages/vectornav_msgs/msg/_gps_group_s.c
[7.530s] -- Up-to-date: /workspaces/isaac_ros-dev/install/vectornav_msgs/lib/python3.8/site-packages/vectornav_msgs/msg/_common_group.py
[7.530s] -- Up-to-date: /workspaces/isaac_ros-dev/install/vectornav_msgs/lib/python3.8/site-packages/vectornav_msgs/msg/_time_utc_s.c
[7.530s] -- Up-to-date: /workspaces/isaac_ros-dev/install/vectornav_msgs/lib/python3.8/site-packages/vectornav_msgs/msg/_attitude_group_s.c
[7.533s] -- Up-to-date: /workspaces/isaac_ros-dev/install/vectornav_msgs/lib/python3.8/site-packages/vectornav_msgs/msg/_imu_group.py
[7.535s] -- Up-to-date: /workspaces/isaac_ros-dev/install/vectornav_msgs/lib/python3.8/site-packages/vectornav_msgs/msg/_time_group_s.c
[7.535s] -- Up-to-date: /workspaces/isaac_ros-dev/install/vectornav_msgs/lib/python3.8/site-packages/vectornav_msgs/msg/_vpe_status_s.c
[7.535s] -- Up-to-date: /workspaces/isaac_ros-dev/install/vectornav_msgs/lib/python3.8/site-packages/vectornav_msgs/msg/_time_group.py
[7.536s] -- Up-to-date: /workspaces/isaac_ros-dev/install/vectornav_msgs/lib/python3.8/site-packages/vectornav_msgs/_vectornav_msgs_s.ep.rosidl_typesupport_introspection_c.c
[7.536s] -- Up-to-date: /workspaces/isaac_ros-dev/install/vectornav_msgs/lib/python3.8/site-packages/vectornav_msgs/_vectornav_msgs_s.ep.rosidl_typesupport_fastrtps_c.c
[7.536s] -- Up-to-date: /workspaces/isaac_ros-dev/install/vectornav_msgs/lib/python3.8/site-packages/vectornav_msgs/vectornav_msgs_s__rosidl_typesupport_c.cpython-38-aarch64-linux-gnu.so
[7.536s] -- Up-to-date: /workspaces/isaac_ros-dev/install/vectornav_msgs/lib/python3.8/site-packages/vectornav_msgs/vectornav_msgs_s__rosidl_typesupport_introspection_c.cpython-38-aarch64-linux-gnu.so
[7.673s] Listing '/workspaces/isaac_ros-dev/install/vectornav_msgs/lib/python3.8/site-packages/vectornav_msgs'...
[7.673s] Listing '/workspaces/isaac_ros-dev/install/vectornav_msgs/lib/python3.8/site-packages/vectornav_msgs/msg'...
[7.688s] -- Up-to-date: /workspaces/isaac_ros-dev/install/vectornav_msgs/lib/python3.8/site-packages/vectornav_msgs/vectornav_msgs_s__rosidl_typesupport_fastrtps_c.cpython-38-aarch64-linux-gnu.so
[7.690s] -- Up-to-date: /workspaces/isaac_ros-dev/install/vectornav_msgs/lib/python3.8/site-packages/vectornav_msgs/vectornav_msgs_s__rosidl_typesupport_introspection_c.cpython-38-aarch64-linux-gnu.so
[7.692s] -- Up-to-date: /workspaces/isaac_ros-dev/install/vectornav_msgs/lib/python3.8/site-packages/vectornav_msgs/vectornav_msgs_s__rosidl_typesupport_c.cpython-38-aarch64-linux-gnu.so
[7.693s] -- Up-to-date: /workspaces/isaac_ros-dev/install/vectornav_msgs/lib/libvectornav_msgs__rosidl_generator_py.so
[7.695s] -- Up-to-date: /workspaces/isaac_ros-dev/install/vectornav_msgs/share/vectornav_msgs/msg/CommonGroup.idl
[7.695s] -- Up-to-date: /workspaces/isaac_ros-dev/install/vectornav_msgs/share/vectornav_msgs/msg/TimeGroup.idl
[7.696s] -- Up-to-date: /workspaces/isaac_ros-dev/install/vectornav_msgs/share/vectornav_msgs/msg/ImuGroup.idl
[7.696s] -- Up-to-date: /workspaces/isaac_ros-dev/install/vectornav_msgs/share/vectornav_msgs/msg/GpsGroup.idl
[7.697s] -- Up-to-date: /workspaces/isaac_ros-dev/install/vectornav_msgs/share/vectornav_msgs/msg/AttitudeGroup.idl
[7.698s] -- Up-to-date: /workspaces/isaac_ros-dev/install/vectornav_msgs/share/vectornav_msgs/msg/InsGroup.idl
[7.698s] -- Up-to-date: /workspaces/isaac_ros-dev/install/vectornav_msgs/share/vectornav_msgs/msg/TimeUTC.idl
[7.699s] -- Up-to-date: /workspaces/isaac_ros-dev/install/vectornav_msgs/share/vectornav_msgs/msg/DOP.idl
[7.699s] -- Up-to-date: /workspaces/isaac_ros-dev/install/vectornav_msgs/share/vectornav_msgs/msg/VpeStatus.idl
[7.699s] -- Up-to-date: /workspaces/isaac_ros-dev/install/vectornav_msgs/share/vectornav_msgs/msg/TimeStatus.idl
[7.700s] -- Up-to-date: /workspaces/isaac_ros-dev/install/vectornav_msgs/share/vectornav_msgs/msg/InsStatus.idl
[7.700s] -- Up-to-date: /workspaces/isaac_ros-dev/install/vectornav_msgs/share/vectornav_msgs/msg/CommonGroup.msg
[7.701s] -- Up-to-date: /workspaces/isaac_ros-dev/install/vectornav_msgs/share/vectornav_msgs/msg/TimeGroup.msg
[7.701s] -- Up-to-date: /workspaces/isaac_ros-dev/install/vectornav_msgs/share/vectornav_msgs/msg/ImuGroup.msg
[7.701s] -- Up-to-date: /workspaces/isaac_ros-dev/install/vectornav_msgs/share/vectornav_msgs/msg/GpsGroup.msg
[7.702s] -- Up-to-date: /workspaces/isaac_ros-dev/install/vectornav_msgs/share/vectornav_msgs/msg/AttitudeGroup.msg
[7.702s] -- Up-to-date: /workspaces/isaac_ros-dev/install/vectornav_msgs/share/vectornav_msgs/msg/InsGroup.msg
[7.703s] -- Up-to-date: /workspaces/isaac_ros-dev/install/vectornav_msgs/share/vectornav_msgs/msg/TimeUTC.msg
[7.703s] -- Up-to-date: /workspaces/isaac_ros-dev/install/vectornav_msgs/share/vectornav_msgs/msg/DOP.msg
[7.703s] -- Up-to-date: /workspaces/isaac_ros-dev/install/vectornav_msgs/share/vectornav_msgs/msg/VpeStatus.msg
[7.703s] -- Up-to-date: /workspaces/isaac_ros-dev/install/vectornav_msgs/share/vectornav_msgs/msg/TimeStatus.msg
[7.705s] -- Up-to-date: /workspaces/isaac_ros-dev/install/vectornav_msgs/share/vectornav_msgs/msg/InsStatus.msg
[7.705s] -- Up-to-date: /workspaces/isaac_ros-dev/install/vectornav_msgs/share/ament_index/resource_index/package_run_dependencies/vectornav_msgs
[7.706s] -- Up-to-date: /workspaces/isaac_ros-dev/install/vectornav_msgs/share/ament_index/resource_index/parent_prefix_path/vectornav_msgs
[7.706s] -- Up-to-date: /workspaces/isaac_ros-dev/install/vectornav_msgs/share/vectornav_msgs/environment/ament_prefix_path.sh
[7.706s] -- Up-to-date: /workspaces/isaac_ros-dev/install/vectornav_msgs/share/vectornav_msgs/environment/ament_prefix_path.dsv
[7.707s] -- Up-to-date: /workspaces/isaac_ros-dev/install/vectornav_msgs/share/vectornav_msgs/environment/path.sh
[7.707s] -- Up-to-date: /workspaces/isaac_ros-dev/install/vectornav_msgs/share/vectornav_msgs/environment/path.dsv
[7.707s] -- Up-to-date: /workspaces/isaac_ros-dev/install/vectornav_msgs/share/vectornav_msgs/local_setup.bash
[7.707s] -- Up-to-date: /workspaces/isaac_ros-dev/install/vectornav_msgs/share/vectornav_msgs/local_setup.sh
[7.709s] -- Up-to-date: /workspaces/isaac_ros-dev/install/vectornav_msgs/share/vectornav_msgs/local_setup.zsh
[7.709s] -- Up-to-date: /workspaces/isaac_ros-dev/install/vectornav_msgs/share/vectornav_msgs/local_setup.dsv
[7.712s] -- Installing: /workspaces/isaac_ros-dev/install/vectornav_msgs/share/vectornav_msgs/package.dsv
[7.714s] -- Up-to-date: /workspaces/isaac_ros-dev/install/vectornav_msgs/share/ament_index/resource_index/packages/vectornav_msgs
[7.714s] -- Up-to-date: /workspaces/isaac_ros-dev/install/vectornav_msgs/share/vectornav_msgs/cmake/export_vectornav_msgs__rosidl_generator_cExport.cmake
[7.715s] -- Up-to-date: /workspaces/isaac_ros-dev/install/vectornav_msgs/share/vectornav_msgs/cmake/export_vectornav_msgs__rosidl_generator_cExport-noconfig.cmake
[7.715s] -- Up-to-date: /workspaces/isaac_ros-dev/install/vectornav_msgs/share/vectornav_msgs/cmake/export_vectornav_msgs__rosidl_typesupport_fastrtps_cExport.cmake
[7.715s] -- Up-to-date: /workspaces/isaac_ros-dev/install/vectornav_msgs/share/vectornav_msgs/cmake/export_vectornav_msgs__rosidl_typesupport_fastrtps_cExport-noconfig.cmake
[7.716s] -- Up-to-date: /workspaces/isaac_ros-dev/install/vectornav_msgs/share/vectornav_msgs/cmake/export_vectornav_msgs__rosidl_generator_cppExport.cmake
[7.717s] -- Up-to-date: /workspaces/isaac_ros-dev/install/vectornav_msgs/share/vectornav_msgs/cmake/export_vectornav_msgs__rosidl_typesupport_fastrtps_cppExport.cmake
[7.718s] -- Up-to-date: /workspaces/isaac_ros-dev/install/vectornav_msgs/share/vectornav_msgs/cmake/export_vectornav_msgs__rosidl_typesupport_fastrtps_cppExport-noconfig.cmake
[7.718s] -- Up-to-date: /workspaces/isaac_ros-dev/install/vectornav_msgs/share/vectornav_msgs/cmake/vectornav_msgs__rosidl_typesupport_introspection_cExport.cmake
[7.718s] -- Up-to-date: /workspaces/isaac_ros-dev/install/vectornav_msgs/share/vectornav_msgs/cmake/vectornav_msgs__rosidl_typesupport_introspection_cExport-noconfig.cmake
[7.718s] -- Up-to-date: /workspaces/isaac_ros-dev/install/vectornav_msgs/share/vectornav_msgs/cmake/vectornav_msgs__rosidl_typesupport_cExport.cmake
[7.719s] -- Up-to-date: /workspaces/isaac_ros-dev/install/vectornav_msgs/share/vectornav_msgs/cmake/vectornav_msgs__rosidl_typesupport_cExport-noconfig.cmake
[7.719s] -- Up-to-date: /workspaces/isaac_ros-dev/install/vectornav_msgs/share/vectornav_msgs/cmake/vectornav_msgs__rosidl_typesupport_introspection_cppExport.cmake
[7.719s] -- Up-to-date: /workspaces/isaac_ros-dev/install/vectornav_msgs/share/vectornav_msgs/cmake/vectornav_msgs__rosidl_typesupport_introspection_cppExport-noconfig.cmake
[7.720s] -- Up-to-date: /workspaces/isaac_ros-dev/install/vectornav_msgs/share/vectornav_msgs/cmake/vectornav_msgs__rosidl_typesupport_cppExport.cmake
[7.720s] -- Up-to-date: /workspaces/isaac_ros-dev/install/vectornav_msgs/share/vectornav_msgs/cmake/vectornav_msgs__rosidl_typesupport_cppExport-noconfig.cmake
[7.720s] -- Up-to-date: /workspaces/isaac_ros-dev/install/vectornav_msgs/share/vectornav_msgs/cmake/export_vectornav_msgs__rosidl_generator_pyExport.cmake
[7.721s] -- Up-to-date: /workspaces/isaac_ros-dev/install/vectornav_msgs/share/vectornav_msgs/cmake/export_vectornav_msgs__rosidl_generator_pyExport-noconfig.cmake
[7.745s] -- Up-to-date: /workspaces/isaac_ros-dev/install/vectornav_msgs/share/vectornav_msgs/cmake/rosidl_cmake-extras.cmake
[7.746s] -- Up-to-date: /workspaces/isaac_ros-dev/install/vectornav_msgs/share/vectornav_msgs/cmake/ament_cmake_export_dependencies-extras.cmake
[7.746s] -- Up-to-date: /workspaces/isaac_ros-dev/install/vectornav_msgs/share/vectornav_msgs/cmake/ament_cmake_export_include_directories-extras.cmake
[7.746s] -- Up-to-date: /workspaces/isaac_ros-dev/install/vectornav_msgs/share/vectornav_msgs/cmake/ament_cmake_export_libraries-extras.cmake
[7.746s] -- Up-to-date: /workspaces/isaac_ros-dev/install/vectornav_msgs/share/vectornav_msgs/cmake/ament_cmake_export_targets-extras.cmake
[7.747s] -- Up-to-date: /workspaces/isaac_ros-dev/install/vectornav_msgs/share/vectornav_msgs/cmake/rosidl_cmake_export_typesupport_targets-extras.cmake
[7.747s] -- Up-to-date: /workspaces/isaac_ros-dev/install/vectornav_msgs/share/vectornav_msgs/cmake/rosidl_cmake_export_typesupport_libraries-extras.cmake
[7.747s] -- Up-to-date: /workspaces/isaac_ros-dev/install/vectornav_msgs/share/vectornav_msgs/cmake/vectornav_msgsConfig.cmake
[7.747s] -- Up-to-date: /workspaces/isaac_ros-dev/install/vectornav_msgs/share/vectornav_msgs/cmake/vectornav_msgsConfig-version.cmake
[7.749s] -- Up-to-date: /workspaces/isaac_ros-dev/install/vectornav_msgs/share/vectornav_msgs/package.xml
[7.750s] Invoked command in '/workspaces/isaac_ros-dev/build/vectornav_msgs' returned '0': CMAKE_PREFIX_PATH=/workspaces/isaac_ros-dev/install/yolov8_bringup:/workspaces/isaac_ros-dev/install/multisense_ros:/workspaces/isaac_ros-dev/install/xacro:/workspaces/isaac_ros-dev/install/vision_msgs_rviz_plugins:/workspaces/isaac_ros-dev/install/vision_msgs:/workspaces/isaac_ros-dev/install/velodyne:/workspaces/isaac_ros-dev/install/velodyne_pointcloud:/workspaces/isaac_ros-dev/install/velodyne_driver:/workspaces/isaac_ros-dev/install/velodyne_msgs:/workspaces/isaac_ros-dev/install/velodyne_laserscan:/workspaces/isaac_ros-dev/install/vectornav:/workspaces/isaac_ros-dev/install/sdv_localization:/workspaces/isaac_ros-dev/install/vectornav_msgs:/workspaces/isaac_ros-dev/install/slam_toolbox:/workspaces/isaac_ros-dev/install/sdv_msg:/workspaces/isaac_ros-dev/install/sdv_localization_msgs:/workspaces/isaac_ros-dev/install/pointcloud_to_laserscan:/workspaces/isaac_ros-dev/install/my_package:/workspaces/isaac_ros-dev/install/multisense_msgs:/workspaces/isaac_ros-dev/install/multisense_lib:/workspaces/isaac_ros-dev/install/isaac_ros_visual_slam:/workspaces/isaac_ros-dev/install/isaac_ros_visual_slam_interfaces:/workspaces/isaac_ros-dev/install/isaac_ros_tensor_list_interfaces:/workspaces/isaac_ros-dev/install/isaac_ros_common:/workspaces/isaac_ros-dev/install/isaac_ros_bi3d_interfaces:/workspaces/isaac_ros-dev/install/isaac_ros_apriltag_interfaces:/workspaces/isaac_ros-dev/install/yolov8_ros:/workspaces/isaac_ros-dev/install/xbox_controller:/workspaces/isaac_ros-dev/install/panel:/workspaces/isaac_ros-dev/install/isaac_ros_test:/workspaces/isaac_ros-dev/install/encoder:/opt/ros/humble/install /usr/bin/cmake --install /workspaces/isaac_ros-dev/build/vectornav_msgs
