[0.710s] Invoking command in '/workspaces/isaac_ros-dev/build/velodyne_msgs': CMAKE_PREFIX_PATH=/workspaces/isaac_ros-dev/install/yolov8_bringup:/workspaces/isaac_ros-dev/install/multisense_ros:/workspaces/isaac_ros-dev/install/xacro:/workspaces/isaac_ros-dev/install/vision_msgs_rviz_plugins:/workspaces/isaac_ros-dev/install/vision_msgs:/workspaces/isaac_ros-dev/install/velodyne:/workspaces/isaac_ros-dev/install/velodyne_pointcloud:/workspaces/isaac_ros-dev/install/velodyne_driver:/workspaces/isaac_ros-dev/install/velodyne_msgs:/workspaces/isaac_ros-dev/install/velodyne_laserscan:/workspaces/isaac_ros-dev/install/vectornav:/workspaces/isaac_ros-dev/install/sdv_localization:/workspaces/isaac_ros-dev/install/vectornav_msgs:/workspaces/isaac_ros-dev/install/slam_toolbox:/workspaces/isaac_ros-dev/install/sdv_msg:/workspaces/isaac_ros-dev/install/sdv_localization_msgs:/workspaces/isaac_ros-dev/install/pointcloud_to_laserscan:/workspaces/isaac_ros-dev/install/my_package:/workspaces/isaac_ros-dev/install/multisense_msgs:/workspaces/isaac_ros-dev/install/multisense_lib:/workspaces/isaac_ros-dev/install/isaac_ros_visual_slam:/workspaces/isaac_ros-dev/install/isaac_ros_visual_slam_interfaces:/workspaces/isaac_ros-dev/install/isaac_ros_tensor_list_interfaces:/workspaces/isaac_ros-dev/install/isaac_ros_common:/workspaces/isaac_ros-dev/install/isaac_ros_bi3d_interfaces:/workspaces/isaac_ros-dev/install/isaac_ros_apriltag_interfaces:/workspaces/isaac_ros-dev/install/yolov8_ros:/workspaces/isaac_ros-dev/install/xbox_controller:/workspaces/isaac_ros-dev/install/panel:/workspaces/isaac_ros-dev/install/isaac_ros_test:/workspaces/isaac_ros-dev/install/encoder:/opt/ros/humble/install /usr/bin/cmake --build /workspaces/isaac_ros-dev/build/velodyne_msgs -- -j8 -l8
[2.780s] [  2%] Built target velodyne_msgs__cpp
[2.781s] [  2%] Built target ament_cmake_python_copy_velodyne_msgs
[2.781s] [ 12%] Built target velodyne_msgs__rosidl_generator_c
[2.781s] [ 23%] Built target velodyne_msgs__rosidl_typesupport_fastrtps_cpp
[2.782s] [ 33%] Built target velodyne_msgs__rosidl_typesupport_cpp
[2.782s] [ 43%] Built target velodyne_msgs__rosidl_typesupport_introspection_cpp
[2.782s] [ 53%] Built target velodyne_msgs__rosidl_typesupport_fastrtps_c
[2.783s] [ 64%] Built target velodyne_msgs__rosidl_typesupport_introspection_c
[2.783s] [ 74%] Built target velodyne_msgs__rosidl_typesupport_c
[2.783s] [ 74%] Built target velodyne_msgs
[2.783s] [ 76%] Built target velodyne_msgs__py
[2.784s] [ 84%] Built target velodyne_msgs__rosidl_generator_py
[2.784s] [ 89%] Built target velodyne_msgs__rosidl_typesupport_fastrtps_c__pyext
[2.784s] [ 94%] Built target velodyne_msgs__rosidl_typesupport_introspection_c__pyext
[2.785s] [100%] Built target velodyne_msgs__rosidl_typesupport_c__pyext
[3.013s] running egg_info
[3.108s] writing velodyne_msgs.egg-info/PKG-INFO
[3.109s] writing dependency_links to velodyne_msgs.egg-info/dependency_links.txt
[3.112s] writing top-level names to velodyne_msgs.egg-info/top_level.txt
[3.644s] reading manifest file 'velodyne_msgs.egg-info/SOURCES.txt'
[3.653s] writing manifest file 'velodyne_msgs.egg-info/SOURCES.txt'
[3.973s] [100%] Built target ament_cmake_python_build_velodyne_msgs_egg
[4.049s] Invoked command in '/workspaces/isaac_ros-dev/build/velodyne_msgs' returned '0': CMAKE_PREFIX_PATH=/workspaces/isaac_ros-dev/install/yolov8_bringup:/workspaces/isaac_ros-dev/install/multisense_ros:/workspaces/isaac_ros-dev/install/xacro:/workspaces/isaac_ros-dev/install/vision_msgs_rviz_plugins:/workspaces/isaac_ros-dev/install/vision_msgs:/workspaces/isaac_ros-dev/install/velodyne:/workspaces/isaac_ros-dev/install/velodyne_pointcloud:/workspaces/isaac_ros-dev/install/velodyne_driver:/workspaces/isaac_ros-dev/install/velodyne_msgs:/workspaces/isaac_ros-dev/install/velodyne_laserscan:/workspaces/isaac_ros-dev/install/vectornav:/workspaces/isaac_ros-dev/install/sdv_localization:/workspaces/isaac_ros-dev/install/vectornav_msgs:/workspaces/isaac_ros-dev/install/slam_toolbox:/workspaces/isaac_ros-dev/install/sdv_msg:/workspaces/isaac_ros-dev/install/sdv_localization_msgs:/workspaces/isaac_ros-dev/install/pointcloud_to_laserscan:/workspaces/isaac_ros-dev/install/my_package:/workspaces/isaac_ros-dev/install/multisense_msgs:/workspaces/isaac_ros-dev/install/multisense_lib:/workspaces/isaac_ros-dev/install/isaac_ros_visual_slam:/workspaces/isaac_ros-dev/install/isaac_ros_visual_slam_interfaces:/workspaces/isaac_ros-dev/install/isaac_ros_tensor_list_interfaces:/workspaces/isaac_ros-dev/install/isaac_ros_common:/workspaces/isaac_ros-dev/install/isaac_ros_bi3d_interfaces:/workspaces/isaac_ros-dev/install/isaac_ros_apriltag_interfaces:/workspaces/isaac_ros-dev/install/yolov8_ros:/workspaces/isaac_ros-dev/install/xbox_controller:/workspaces/isaac_ros-dev/install/panel:/workspaces/isaac_ros-dev/install/isaac_ros_test:/workspaces/isaac_ros-dev/install/encoder:/opt/ros/humble/install /usr/bin/cmake --build /workspaces/isaac_ros-dev/build/velodyne_msgs -- -j8 -l8
[5.576s] Invoking command in '/workspaces/isaac_ros-dev/build/velodyne_msgs': CMAKE_PREFIX_PATH=/workspaces/isaac_ros-dev/install/yolov8_bringup:/workspaces/isaac_ros-dev/install/multisense_ros:/workspaces/isaac_ros-dev/install/xacro:/workspaces/isaac_ros-dev/install/vision_msgs_rviz_plugins:/workspaces/isaac_ros-dev/install/vision_msgs:/workspaces/isaac_ros-dev/install/velodyne:/workspaces/isaac_ros-dev/install/velodyne_pointcloud:/workspaces/isaac_ros-dev/install/velodyne_driver:/workspaces/isaac_ros-dev/install/velodyne_msgs:/workspaces/isaac_ros-dev/install/velodyne_laserscan:/workspaces/isaac_ros-dev/install/vectornav:/workspaces/isaac_ros-dev/install/sdv_localization:/workspaces/isaac_ros-dev/install/vectornav_msgs:/workspaces/isaac_ros-dev/install/slam_toolbox:/workspaces/isaac_ros-dev/install/sdv_msg:/workspaces/isaac_ros-dev/install/sdv_localization_msgs:/workspaces/isaac_ros-dev/install/pointcloud_to_laserscan:/workspaces/isaac_ros-dev/install/my_package:/workspaces/isaac_ros-dev/install/multisense_msgs:/workspaces/isaac_ros-dev/install/multisense_lib:/workspaces/isaac_ros-dev/install/isaac_ros_visual_slam:/workspaces/isaac_ros-dev/install/isaac_ros_visual_slam_interfaces:/workspaces/isaac_ros-dev/install/isaac_ros_tensor_list_interfaces:/workspaces/isaac_ros-dev/install/isaac_ros_common:/workspaces/isaac_ros-dev/install/isaac_ros_bi3d_interfaces:/workspaces/isaac_ros-dev/install/isaac_ros_apriltag_interfaces:/workspaces/isaac_ros-dev/install/yolov8_ros:/workspaces/isaac_ros-dev/install/xbox_controller:/workspaces/isaac_ros-dev/install/panel:/workspaces/isaac_ros-dev/install/isaac_ros_test:/workspaces/isaac_ros-dev/install/encoder:/opt/ros/humble/install /usr/bin/cmake --install /workspaces/isaac_ros-dev/build/velodyne_msgs
[5.621s] -- Install configuration: ""
[5.625s] -- Up-to-date: /workspaces/isaac_ros-dev/install/velodyne_msgs/share/ament_index/resource_index/rosidl_interfaces/velodyne_msgs
[5.635s] -- Up-to-date: /workspaces/isaac_ros-dev/install/velodyne_msgs/include/velodyne_msgs/velodyne_msgs
[5.636s] -- Up-to-date: /workspaces/isaac_ros-dev/install/velodyne_msgs/include/velodyne_msgs/velodyne_msgs/msg
[5.636s] -- Up-to-date: /workspaces/isaac_ros-dev/install/velodyne_msgs/include/velodyne_msgs/velodyne_msgs/msg/rosidl_generator_c__visibility_control.h
[5.636s] -- Up-to-date: /workspaces/isaac_ros-dev/install/velodyne_msgs/include/velodyne_msgs/velodyne_msgs/msg/velodyne_packet.h
[5.636s] -- Up-to-date: /workspaces/isaac_ros-dev/install/velodyne_msgs/include/velodyne_msgs/velodyne_msgs/msg/detail
[5.637s] -- Up-to-date: /workspaces/isaac_ros-dev/install/velodyne_msgs/include/velodyne_msgs/velodyne_msgs/msg/detail/velodyne_packet__type_support.h
[5.637s] -- Up-to-date: /workspaces/isaac_ros-dev/install/velodyne_msgs/include/velodyne_msgs/velodyne_msgs/msg/detail/velodyne_scan__functions.h
[5.638s] -- Up-to-date: /workspaces/isaac_ros-dev/install/velodyne_msgs/include/velodyne_msgs/velodyne_msgs/msg/detail/velodyne_packet__functions.c
[5.638s] -- Up-to-date: /workspaces/isaac_ros-dev/install/velodyne_msgs/include/velodyne_msgs/velodyne_msgs/msg/detail/velodyne_scan__type_support.h
[5.638s] -- Up-to-date: /workspaces/isaac_ros-dev/install/velodyne_msgs/include/velodyne_msgs/velodyne_msgs/msg/detail/velodyne_scan__functions.c
[5.640s] -- Up-to-date: /workspaces/isaac_ros-dev/install/velodyne_msgs/include/velodyne_msgs/velodyne_msgs/msg/detail/velodyne_scan__struct.h
[5.640s] -- Up-to-date: /workspaces/isaac_ros-dev/install/velodyne_msgs/include/velodyne_msgs/velodyne_msgs/msg/detail/velodyne_packet__struct.h
[5.641s] -- Up-to-date: /workspaces/isaac_ros-dev/install/velodyne_msgs/include/velodyne_msgs/velodyne_msgs/msg/detail/velodyne_packet__functions.h
[5.641s] -- Up-to-date: /workspaces/isaac_ros-dev/install/velodyne_msgs/include/velodyne_msgs/velodyne_msgs/msg/velodyne_scan.h
[5.641s] -- Up-to-date: /workspaces/isaac_ros-dev/install/velodyne_msgs/share/velodyne_msgs/environment/library_path.sh
[5.642s] -- Up-to-date: /workspaces/isaac_ros-dev/install/velodyne_msgs/share/velodyne_msgs/environment/library_path.dsv
[5.642s] -- Up-to-date: /workspaces/isaac_ros-dev/install/velodyne_msgs/lib/libvelodyne_msgs__rosidl_generator_c.so
[5.657s] -- Up-to-date: /workspaces/isaac_ros-dev/install/velodyne_msgs/include/velodyne_msgs/velodyne_msgs
[5.664s] -- Up-to-date: /workspaces/isaac_ros-dev/install/velodyne_msgs/include/velodyne_msgs/velodyne_msgs/msg
[5.664s] -- Up-to-date: /workspaces/isaac_ros-dev/install/velodyne_msgs/include/velodyne_msgs/velodyne_msgs/msg/rosidl_typesupport_fastrtps_c__visibility_control.h
[5.671s] -- Up-to-date: /workspaces/isaac_ros-dev/install/velodyne_msgs/include/velodyne_msgs/velodyne_msgs/msg/detail
[5.672s] -- Up-to-date: /workspaces/isaac_ros-dev/install/velodyne_msgs/include/velodyne_msgs/velodyne_msgs/msg/detail/velodyne_scan__rosidl_typesupport_fastrtps_c.h
[5.672s] -- Up-to-date: /workspaces/isaac_ros-dev/install/velodyne_msgs/include/velodyne_msgs/velodyne_msgs/msg/detail/velodyne_packet__rosidl_typesupport_fastrtps_c.h
[5.689s] -- Up-to-date: /workspaces/isaac_ros-dev/install/velodyne_msgs/lib/libvelodyne_msgs__rosidl_typesupport_fastrtps_c.so
[5.692s] -- Up-to-date: /workspaces/isaac_ros-dev/install/velodyne_msgs/include/velodyne_msgs/velodyne_msgs
[5.692s] -- Up-to-date: /workspaces/isaac_ros-dev/install/velodyne_msgs/include/velodyne_msgs/velodyne_msgs/msg
[5.692s] -- Up-to-date: /workspaces/isaac_ros-dev/install/velodyne_msgs/include/velodyne_msgs/velodyne_msgs/msg/velodyne_packet.hpp
[5.692s] -- Up-to-date: /workspaces/isaac_ros-dev/install/velodyne_msgs/include/velodyne_msgs/velodyne_msgs/msg/detail
[5.693s] -- Up-to-date: /workspaces/isaac_ros-dev/install/velodyne_msgs/include/velodyne_msgs/velodyne_msgs/msg/detail/velodyne_scan__builder.hpp
[5.693s] -- Up-to-date: /workspaces/isaac_ros-dev/install/velodyne_msgs/include/velodyne_msgs/velodyne_msgs/msg/detail/velodyne_packet__traits.hpp
[5.693s] -- Up-to-date: /workspaces/isaac_ros-dev/install/velodyne_msgs/include/velodyne_msgs/velodyne_msgs/msg/detail/velodyne_packet__struct.hpp
[5.694s] -- Up-to-date: /workspaces/isaac_ros-dev/install/velodyne_msgs/include/velodyne_msgs/velodyne_msgs/msg/detail/velodyne_scan__struct.hpp
[5.694s] -- Up-to-date: /workspaces/isaac_ros-dev/install/velodyne_msgs/include/velodyne_msgs/velodyne_msgs/msg/detail/velodyne_scan__traits.hpp
[5.694s] -- Up-to-date: /workspaces/isaac_ros-dev/install/velodyne_msgs/include/velodyne_msgs/velodyne_msgs/msg/detail/velodyne_packet__builder.hpp
[5.695s] -- Up-to-date: /workspaces/isaac_ros-dev/install/velodyne_msgs/include/velodyne_msgs/velodyne_msgs/msg/velodyne_scan.hpp
[5.695s] -- Up-to-date: /workspaces/isaac_ros-dev/install/velodyne_msgs/include/velodyne_msgs/velodyne_msgs
[5.695s] -- Up-to-date: /workspaces/isaac_ros-dev/install/velodyne_msgs/include/velodyne_msgs/velodyne_msgs/msg
[5.699s] -- Up-to-date: /workspaces/isaac_ros-dev/install/velodyne_msgs/include/velodyne_msgs/velodyne_msgs/msg/rosidl_typesupport_fastrtps_cpp__visibility_control.h
[5.700s] -- Up-to-date: /workspaces/isaac_ros-dev/install/velodyne_msgs/include/velodyne_msgs/velodyne_msgs/msg/detail
[5.700s] -- Up-to-date: /workspaces/isaac_ros-dev/install/velodyne_msgs/include/velodyne_msgs/velodyne_msgs/msg/detail/velodyne_scan__rosidl_typesupport_fastrtps_cpp.hpp
[5.700s] -- Up-to-date: /workspaces/isaac_ros-dev/install/velodyne_msgs/include/velodyne_msgs/velodyne_msgs/msg/detail/velodyne_packet__rosidl_typesupport_fastrtps_cpp.hpp
[5.701s] -- Up-to-date: /workspaces/isaac_ros-dev/install/velodyne_msgs/include/velodyne_msgs/velodyne_msgs/msg/detail/dds_fastrtps
[5.701s] -- Up-to-date: /workspaces/isaac_ros-dev/install/velodyne_msgs/lib/libvelodyne_msgs__rosidl_typesupport_fastrtps_cpp.so
[5.701s] -- Up-to-date: /workspaces/isaac_ros-dev/install/velodyne_msgs/include/velodyne_msgs/velodyne_msgs
[5.701s] -- Up-to-date: /workspaces/isaac_ros-dev/install/velodyne_msgs/include/velodyne_msgs/velodyne_msgs/msg
[5.702s] -- Up-to-date: /workspaces/isaac_ros-dev/install/velodyne_msgs/include/velodyne_msgs/velodyne_msgs/msg/detail
[5.702s] -- Up-to-date: /workspaces/isaac_ros-dev/install/velodyne_msgs/include/velodyne_msgs/velodyne_msgs/msg/detail/velodyne_packet__type_support.c
[5.702s] -- Up-to-date: /workspaces/isaac_ros-dev/install/velodyne_msgs/include/velodyne_msgs/velodyne_msgs/msg/detail/velodyne_scan__type_support.c
[5.716s] -- Up-to-date: /workspaces/isaac_ros-dev/install/velodyne_msgs/include/velodyne_msgs/velodyne_msgs/msg/detail/velodyne_scan__rosidl_typesupport_introspection_c.h
[5.716s] -- Up-to-date: /workspaces/isaac_ros-dev/install/velodyne_msgs/include/velodyne_msgs/velodyne_msgs/msg/detail/velodyne_packet__rosidl_typesupport_introspection_c.h
[5.717s] -- Up-to-date: /workspaces/isaac_ros-dev/install/velodyne_msgs/include/velodyne_msgs/velodyne_msgs/msg/rosidl_typesupport_introspection_c__visibility_control.h
[5.717s] -- Up-to-date: /workspaces/isaac_ros-dev/install/velodyne_msgs/lib/libvelodyne_msgs__rosidl_typesupport_introspection_c.so
[5.718s] -- Up-to-date: /workspaces/isaac_ros-dev/install/velodyne_msgs/lib/libvelodyne_msgs__rosidl_typesupport_c.so
[5.718s] -- Up-to-date: /workspaces/isaac_ros-dev/install/velodyne_msgs/include/velodyne_msgs/velodyne_msgs
[5.719s] -- Up-to-date: /workspaces/isaac_ros-dev/install/velodyne_msgs/include/velodyne_msgs/velodyne_msgs/msg
[5.719s] -- Up-to-date: /workspaces/isaac_ros-dev/install/velodyne_msgs/include/velodyne_msgs/velodyne_msgs/msg/detail
[5.722s] -- Up-to-date: /workspaces/isaac_ros-dev/install/velodyne_msgs/include/velodyne_msgs/velodyne_msgs/msg/detail/velodyne_packet__rosidl_typesupport_introspection_cpp.hpp
[5.723s] -- Up-to-date: /workspaces/isaac_ros-dev/install/velodyne_msgs/include/velodyne_msgs/velodyne_msgs/msg/detail/velodyne_scan__type_support.cpp
[5.723s] -- Up-to-date: /workspaces/isaac_ros-dev/install/velodyne_msgs/include/velodyne_msgs/velodyne_msgs/msg/detail/velodyne_packet__type_support.cpp
[5.723s] -- Up-to-date: /workspaces/isaac_ros-dev/install/velodyne_msgs/include/velodyne_msgs/velodyne_msgs/msg/detail/velodyne_scan__rosidl_typesupport_introspection_cpp.hpp
[5.728s] -- Up-to-date: /workspaces/isaac_ros-dev/install/velodyne_msgs/lib/libvelodyne_msgs__rosidl_typesupport_introspection_cpp.so
[5.728s] -- Up-to-date: /workspaces/isaac_ros-dev/install/velodyne_msgs/lib/libvelodyne_msgs__rosidl_typesupport_cpp.so
[5.729s] -- Up-to-date: /workspaces/isaac_ros-dev/install/velodyne_msgs/share/velodyne_msgs/environment/pythonpath.sh
[5.729s] -- Up-to-date: /workspaces/isaac_ros-dev/install/velodyne_msgs/share/velodyne_msgs/environment/pythonpath.dsv
[5.729s] -- Up-to-date: /workspaces/isaac_ros-dev/install/velodyne_msgs/lib/python3.8/site-packages/velodyne_msgs-2.3.0-py3.8.egg-info
[5.729s] -- Installing: /workspaces/isaac_ros-dev/install/velodyne_msgs/lib/python3.8/site-packages/velodyne_msgs-2.3.0-py3.8.egg-info/top_level.txt
[5.730s] -- Installing: /workspaces/isaac_ros-dev/install/velodyne_msgs/lib/python3.8/site-packages/velodyne_msgs-2.3.0-py3.8.egg-info/dependency_links.txt
[5.731s] -- Installing: /workspaces/isaac_ros-dev/install/velodyne_msgs/lib/python3.8/site-packages/velodyne_msgs-2.3.0-py3.8.egg-info/SOURCES.txt
[5.731s] -- Installing: /workspaces/isaac_ros-dev/install/velodyne_msgs/lib/python3.8/site-packages/velodyne_msgs-2.3.0-py3.8.egg-info/PKG-INFO
[5.731s] -- Up-to-date: /workspaces/isaac_ros-dev/install/velodyne_msgs/lib/python3.8/site-packages/velodyne_msgs
[5.732s] -- Up-to-date: /workspaces/isaac_ros-dev/install/velodyne_msgs/lib/python3.8/site-packages/velodyne_msgs/__init__.py
[5.732s] -- Up-to-date: /workspaces/isaac_ros-dev/install/velodyne_msgs/lib/python3.8/site-packages/velodyne_msgs/msg
[5.732s] -- Up-to-date: /workspaces/isaac_ros-dev/install/velodyne_msgs/lib/python3.8/site-packages/velodyne_msgs/msg/_velodyne_scan.py
[5.733s] -- Up-to-date: /workspaces/isaac_ros-dev/install/velodyne_msgs/lib/python3.8/site-packages/velodyne_msgs/msg/__init__.py
[5.733s] -- Up-to-date: /workspaces/isaac_ros-dev/install/velodyne_msgs/lib/python3.8/site-packages/velodyne_msgs/msg/_velodyne_packet_s.c
[5.733s] -- Up-to-date: /workspaces/isaac_ros-dev/install/velodyne_msgs/lib/python3.8/site-packages/velodyne_msgs/msg/_velodyne_scan_s.c
[5.733s] -- Up-to-date: /workspaces/isaac_ros-dev/install/velodyne_msgs/lib/python3.8/site-packages/velodyne_msgs/msg/_velodyne_packet.py
[5.734s] -- Up-to-date: /workspaces/isaac_ros-dev/install/velodyne_msgs/lib/python3.8/site-packages/velodyne_msgs/_velodyne_msgs_s.ep.rosidl_typesupport_fastrtps_c.c
[5.734s] -- Up-to-date: /workspaces/isaac_ros-dev/install/velodyne_msgs/lib/python3.8/site-packages/velodyne_msgs/_velodyne_msgs_s.ep.rosidl_typesupport_c.c
[5.734s] -- Up-to-date: /workspaces/isaac_ros-dev/install/velodyne_msgs/lib/python3.8/site-packages/velodyne_msgs/libvelodyne_msgs__rosidl_generator_py.so
[5.734s] -- Up-to-date: /workspaces/isaac_ros-dev/install/velodyne_msgs/lib/python3.8/site-packages/velodyne_msgs/_velodyne_msgs_s.ep.rosidl_typesupport_introspection_c.c
[5.735s] -- Up-to-date: /workspaces/isaac_ros-dev/install/velodyne_msgs/lib/python3.8/site-packages/velodyne_msgs/velodyne_msgs_s__rosidl_typesupport_fastrtps_c.cpython-38-aarch64-linux-gnu.so
[5.735s] -- Up-to-date: /workspaces/isaac_ros-dev/install/velodyne_msgs/lib/python3.8/site-packages/velodyne_msgs/velodyne_msgs_s__rosidl_typesupport_introspection_c.cpython-38-aarch64-linux-gnu.so
[5.735s] -- Up-to-date: /workspaces/isaac_ros-dev/install/velodyne_msgs/lib/python3.8/site-packages/velodyne_msgs/velodyne_msgs_s__rosidl_typesupport_c.cpython-38-aarch64-linux-gnu.so
[5.929s] Listing '/workspaces/isaac_ros-dev/install/velodyne_msgs/lib/python3.8/site-packages/velodyne_msgs'...
[5.930s] Listing '/workspaces/isaac_ros-dev/install/velodyne_msgs/lib/python3.8/site-packages/velodyne_msgs/msg'...
[5.977s] -- Up-to-date: /workspaces/isaac_ros-dev/install/velodyne_msgs/lib/python3.8/site-packages/velodyne_msgs/velodyne_msgs_s__rosidl_typesupport_fastrtps_c.cpython-38-aarch64-linux-gnu.so
[5.977s] -- Up-to-date: /workspaces/isaac_ros-dev/install/velodyne_msgs/lib/python3.8/site-packages/velodyne_msgs/velodyne_msgs_s__rosidl_typesupport_introspection_c.cpython-38-aarch64-linux-gnu.so
[5.978s] -- Up-to-date: /workspaces/isaac_ros-dev/install/velodyne_msgs/lib/python3.8/site-packages/velodyne_msgs/velodyne_msgs_s__rosidl_typesupport_c.cpython-38-aarch64-linux-gnu.so
[5.979s] -- Up-to-date: /workspaces/isaac_ros-dev/install/velodyne_msgs/lib/libvelodyne_msgs__rosidl_generator_py.so
[5.980s] -- Up-to-date: /workspaces/isaac_ros-dev/install/velodyne_msgs/share/velodyne_msgs/msg/VelodynePacket.idl
[5.982s] -- Up-to-date: /workspaces/isaac_ros-dev/install/velodyne_msgs/share/velodyne_msgs/msg/VelodyneScan.idl
[5.983s] -- Up-to-date: /workspaces/isaac_ros-dev/install/velodyne_msgs/share/velodyne_msgs/msg/VelodynePacket.msg
[5.983s] -- Up-to-date: /workspaces/isaac_ros-dev/install/velodyne_msgs/share/velodyne_msgs/msg/VelodyneScan.msg
[5.984s] -- Up-to-date: /workspaces/isaac_ros-dev/install/velodyne_msgs/share/ament_index/resource_index/package_run_dependencies/velodyne_msgs
[5.984s] -- Up-to-date: /workspaces/isaac_ros-dev/install/velodyne_msgs/share/ament_index/resource_index/parent_prefix_path/velodyne_msgs
[5.988s] -- Up-to-date: /workspaces/isaac_ros-dev/install/velodyne_msgs/share/velodyne_msgs/environment/ament_prefix_path.sh
[6.007s] -- Up-to-date: /workspaces/isaac_ros-dev/install/velodyne_msgs/share/velodyne_msgs/environment/ament_prefix_path.dsv
[6.014s] -- Up-to-date: /workspaces/isaac_ros-dev/install/velodyne_msgs/share/velodyne_msgs/environment/path.sh
[6.016s] -- Up-to-date: /workspaces/isaac_ros-dev/install/velodyne_msgs/share/velodyne_msgs/environment/path.dsv
[6.016s] -- Up-to-date: /workspaces/isaac_ros-dev/install/velodyne_msgs/share/velodyne_msgs/local_setup.bash
[6.018s] -- Up-to-date: /workspaces/isaac_ros-dev/install/velodyne_msgs/share/velodyne_msgs/local_setup.sh
[6.018s] -- Up-to-date: /workspaces/isaac_ros-dev/install/velodyne_msgs/share/velodyne_msgs/local_setup.zsh
[6.018s] -- Up-to-date: /workspaces/isaac_ros-dev/install/velodyne_msgs/share/velodyne_msgs/local_setup.dsv
[6.019s] -- Installing: /workspaces/isaac_ros-dev/install/velodyne_msgs/share/velodyne_msgs/package.dsv
[6.021s] -- Up-to-date: /workspaces/isaac_ros-dev/install/velodyne_msgs/share/ament_index/resource_index/packages/velodyne_msgs
[6.033s] -- Up-to-date: /workspaces/isaac_ros-dev/install/velodyne_msgs/share/velodyne_msgs/cmake/export_velodyne_msgs__rosidl_generator_cExport.cmake
[6.062s] -- Up-to-date: /workspaces/isaac_ros-dev/install/velodyne_msgs/share/velodyne_msgs/cmake/export_velodyne_msgs__rosidl_generator_cExport-noconfig.cmake
[6.062s] -- Up-to-date: /workspaces/isaac_ros-dev/install/velodyne_msgs/share/velodyne_msgs/cmake/export_velodyne_msgs__rosidl_typesupport_fastrtps_cExport.cmake
[6.063s] -- Up-to-date: /workspaces/isaac_ros-dev/install/velodyne_msgs/share/velodyne_msgs/cmake/export_velodyne_msgs__rosidl_typesupport_fastrtps_cExport-noconfig.cmake
[6.065s] -- Up-to-date: /workspaces/isaac_ros-dev/install/velodyne_msgs/share/velodyne_msgs/cmake/export_velodyne_msgs__rosidl_generator_cppExport.cmake
[6.066s] -- Up-to-date: /workspaces/isaac_ros-dev/install/velodyne_msgs/share/velodyne_msgs/cmake/export_velodyne_msgs__rosidl_typesupport_fastrtps_cppExport.cmake
[6.068s] -- Up-to-date: /workspaces/isaac_ros-dev/install/velodyne_msgs/share/velodyne_msgs/cmake/export_velodyne_msgs__rosidl_typesupport_fastrtps_cppExport-noconfig.cmake
[6.069s] -- Up-to-date: /workspaces/isaac_ros-dev/install/velodyne_msgs/share/velodyne_msgs/cmake/velodyne_msgs__rosidl_typesupport_introspection_cExport.cmake
[6.069s] -- Up-to-date: /workspaces/isaac_ros-dev/install/velodyne_msgs/share/velodyne_msgs/cmake/velodyne_msgs__rosidl_typesupport_introspection_cExport-noconfig.cmake
[6.076s] -- Up-to-date: /workspaces/isaac_ros-dev/install/velodyne_msgs/share/velodyne_msgs/cmake/velodyne_msgs__rosidl_typesupport_cExport.cmake
[6.077s] -- Up-to-date: /workspaces/isaac_ros-dev/install/velodyne_msgs/share/velodyne_msgs/cmake/velodyne_msgs__rosidl_typesupport_cExport-noconfig.cmake
[6.077s] -- Up-to-date: /workspaces/isaac_ros-dev/install/velodyne_msgs/share/velodyne_msgs/cmake/velodyne_msgs__rosidl_typesupport_introspection_cppExport.cmake
[6.077s] -- Up-to-date: /workspaces/isaac_ros-dev/install/velodyne_msgs/share/velodyne_msgs/cmake/velodyne_msgs__rosidl_typesupport_introspection_cppExport-noconfig.cmake
[6.078s] -- Up-to-date: /workspaces/isaac_ros-dev/install/velodyne_msgs/share/velodyne_msgs/cmake/velodyne_msgs__rosidl_typesupport_cppExport.cmake
[6.078s] -- Up-to-date: /workspaces/isaac_ros-dev/install/velodyne_msgs/share/velodyne_msgs/cmake/velodyne_msgs__rosidl_typesupport_cppExport-noconfig.cmake
[6.078s] -- Up-to-date: /workspaces/isaac_ros-dev/install/velodyne_msgs/share/velodyne_msgs/cmake/export_velodyne_msgs__rosidl_generator_pyExport.cmake
[6.079s] -- Up-to-date: /workspaces/isaac_ros-dev/install/velodyne_msgs/share/velodyne_msgs/cmake/export_velodyne_msgs__rosidl_generator_pyExport-noconfig.cmake
[6.079s] -- Up-to-date: /workspaces/isaac_ros-dev/install/velodyne_msgs/share/velodyne_msgs/cmake/rosidl_cmake-extras.cmake
[6.079s] -- Up-to-date: /workspaces/isaac_ros-dev/install/velodyne_msgs/share/velodyne_msgs/cmake/ament_cmake_export_dependencies-extras.cmake
[6.080s] -- Up-to-date: /workspaces/isaac_ros-dev/install/velodyne_msgs/share/velodyne_msgs/cmake/ament_cmake_export_include_directories-extras.cmake
[6.080s] -- Up-to-date: /workspaces/isaac_ros-dev/install/velodyne_msgs/share/velodyne_msgs/cmake/ament_cmake_export_libraries-extras.cmake
[6.080s] -- Up-to-date: /workspaces/isaac_ros-dev/install/velodyne_msgs/share/velodyne_msgs/cmake/ament_cmake_export_targets-extras.cmake
[6.081s] -- Up-to-date: /workspaces/isaac_ros-dev/install/velodyne_msgs/share/velodyne_msgs/cmake/rosidl_cmake_export_typesupport_targets-extras.cmake
[6.081s] -- Up-to-date: /workspaces/isaac_ros-dev/install/velodyne_msgs/share/velodyne_msgs/cmake/rosidl_cmake_export_typesupport_libraries-extras.cmake
[6.081s] -- Up-to-date: /workspaces/isaac_ros-dev/install/velodyne_msgs/share/velodyne_msgs/cmake/velodyne_msgsConfig.cmake
[6.081s] -- Up-to-date: /workspaces/isaac_ros-dev/install/velodyne_msgs/share/velodyne_msgs/cmake/velodyne_msgsConfig-version.cmake
[6.082s] -- Up-to-date: /workspaces/isaac_ros-dev/install/velodyne_msgs/share/velodyne_msgs/package.xml
[6.214s] Invoked command in '/workspaces/isaac_ros-dev/build/velodyne_msgs' returned '0': CMAKE_PREFIX_PATH=/workspaces/isaac_ros-dev/install/yolov8_bringup:/workspaces/isaac_ros-dev/install/multisense_ros:/workspaces/isaac_ros-dev/install/xacro:/workspaces/isaac_ros-dev/install/vision_msgs_rviz_plugins:/workspaces/isaac_ros-dev/install/vision_msgs:/workspaces/isaac_ros-dev/install/velodyne:/workspaces/isaac_ros-dev/install/velodyne_pointcloud:/workspaces/isaac_ros-dev/install/velodyne_driver:/workspaces/isaac_ros-dev/install/velodyne_msgs:/workspaces/isaac_ros-dev/install/velodyne_laserscan:/workspaces/isaac_ros-dev/install/vectornav:/workspaces/isaac_ros-dev/install/sdv_localization:/workspaces/isaac_ros-dev/install/vectornav_msgs:/workspaces/isaac_ros-dev/install/slam_toolbox:/workspaces/isaac_ros-dev/install/sdv_msg:/workspaces/isaac_ros-dev/install/sdv_localization_msgs:/workspaces/isaac_ros-dev/install/pointcloud_to_laserscan:/workspaces/isaac_ros-dev/install/my_package:/workspaces/isaac_ros-dev/install/multisense_msgs:/workspaces/isaac_ros-dev/install/multisense_lib:/workspaces/isaac_ros-dev/install/isaac_ros_visual_slam:/workspaces/isaac_ros-dev/install/isaac_ros_visual_slam_interfaces:/workspaces/isaac_ros-dev/install/isaac_ros_tensor_list_interfaces:/workspaces/isaac_ros-dev/install/isaac_ros_common:/workspaces/isaac_ros-dev/install/isaac_ros_bi3d_interfaces:/workspaces/isaac_ros-dev/install/isaac_ros_apriltag_interfaces:/workspaces/isaac_ros-dev/install/yolov8_ros:/workspaces/isaac_ros-dev/install/xbox_controller:/workspaces/isaac_ros-dev/install/panel:/workspaces/isaac_ros-dev/install/isaac_ros_test:/workspaces/isaac_ros-dev/install/encoder:/opt/ros/humble/install /usr/bin/cmake --install /workspaces/isaac_ros-dev/build/velodyne_msgs
