[0.186s] Invoking command in '/workspaces/isaac_ros-dev/build/slam_toolbox': CMAKE_PREFIX_PATH=/workspaces/isaac_ros-dev/install/yolov8_bringup:/workspaces/isaac_ros-dev/install/multisense_ros:/workspaces/isaac_ros-dev/install/xacro:/workspaces/isaac_ros-dev/install/vision_msgs_rviz_plugins:/workspaces/isaac_ros-dev/install/vision_msgs:/workspaces/isaac_ros-dev/install/velodyne:/workspaces/isaac_ros-dev/install/velodyne_pointcloud:/workspaces/isaac_ros-dev/install/velodyne_driver:/workspaces/isaac_ros-dev/install/velodyne_msgs:/workspaces/isaac_ros-dev/install/velodyne_laserscan:/workspaces/isaac_ros-dev/install/vectornav:/workspaces/isaac_ros-dev/install/sdv_localization:/workspaces/isaac_ros-dev/install/vectornav_msgs:/workspaces/isaac_ros-dev/install/slam_toolbox:/workspaces/isaac_ros-dev/install/sdv_msg:/workspaces/isaac_ros-dev/install/sdv_localization_msgs:/workspaces/isaac_ros-dev/install/pointcloud_to_laserscan:/workspaces/isaac_ros-dev/install/my_package:/workspaces/isaac_ros-dev/install/multisense_msgs:/workspaces/isaac_ros-dev/install/multisense_lib:/workspaces/isaac_ros-dev/install/isaac_ros_visual_slam:/workspaces/isaac_ros-dev/install/isaac_ros_visual_slam_interfaces:/workspaces/isaac_ros-dev/install/isaac_ros_tensor_list_interfaces:/workspaces/isaac_ros-dev/install/isaac_ros_common:/workspaces/isaac_ros-dev/install/isaac_ros_bi3d_interfaces:/workspaces/isaac_ros-dev/install/isaac_ros_apriltag_interfaces:/workspaces/isaac_ros-dev/install/yolov8_ros:/workspaces/isaac_ros-dev/install/xbox_controller:/workspaces/isaac_ros-dev/install/panel:/workspaces/isaac_ros-dev/install/isaac_ros_test:/workspaces/isaac_ros-dev/install/encoder:/opt/ros/humble/install /usr/bin/cmake --build /workspaces/isaac_ros-dev/build/slam_toolbox -- -j8 -l8
[0.467s] [  1%] Built target slam_toolbox__cpp
[0.532s] [ 10%] Built target slam_toolbox__rosidl_generator_c
[0.597s] [ 10%] Built target ament_cmake_python_copy_slam_toolbox
[0.638s] [ 12%] Built target kartoSlamToolbox
[0.706s] [ 20%] Built target slam_toolbox__rosidl_typesupport_cpp
[0.733s] [ 29%] Built target slam_toolbox__rosidl_typesupport_fastrtps_cpp
[0.749s] [ 37%] Built target slam_toolbox__rosidl_typesupport_introspection_cpp
[0.772s] [ 52%] Built target slam_toolbox__rosidl_typesupport_introspection_c
[0.773s] [ 54%] Built target slam_toolbox__rosidl_typesupport_fastrtps_c
[0.807s] [ 62%] Built target slam_toolbox__rosidl_typesupport_c
[1.028s] [ 64%] Built target ceres_solver_plugin
[1.040s] [ 64%] Built target slam_toolbox
[1.043s] [ 66%] Built target SlamToolboxPlugin
[1.050s] [ 71%] Built target toolbox_common
[1.205s] [ 71%] Built target slam_toolbox__py
[1.343s] [ 72%] Built target localization_slam_toolbox
[1.367s] [ 74%] Built target sync_slam_toolbox
[1.383s] [ 76%] Built target async_slam_toolbox
[1.423s] [ 84%] Built target slam_toolbox__rosidl_generator_py
[1.441s] [ 85%] Built target lifelong_slam_toolbox
[1.460s] [ 87%] Built target merge_maps_kinematic
[1.673s] [ 88%] Built target slam_toolbox__rosidl_typesupport_fastrtps_c__pyext
[1.689s] [ 89%] Built target map_and_localization_slam_toolbox
[1.710s] [ 91%] Built target slam_toolbox__rosidl_typesupport_introspection_c__pyext
[1.735s] [ 93%] Built target slam_toolbox__rosidl_typesupport_c__pyext
[1.737s] [ 94%] Built target async_slam_toolbox_node
[1.743s] [ 96%] Built target localization_slam_toolbox_node
[1.802s] [ 97%] Built target sync_slam_toolbox_node
[1.907s] [ 98%] Built target map_and_localization_slam_toolbox_node
[1.927s] [100%] Built target lifelong_slam_toolbox_node
[2.541s] running egg_info
[2.599s] writing slam_toolbox.egg-info/PKG-INFO
[2.600s] writing dependency_links to slam_toolbox.egg-info/dependency_links.txt
[2.601s] writing top-level names to slam_toolbox.egg-info/top_level.txt
[2.760s] reading manifest file 'slam_toolbox.egg-info/SOURCES.txt'
[2.763s] writing manifest file 'slam_toolbox.egg-info/SOURCES.txt'
[2.896s] [100%] Built target ament_cmake_python_build_slam_toolbox_egg
[3.791s] Invoked command in '/workspaces/isaac_ros-dev/build/slam_toolbox' returned '0': CMAKE_PREFIX_PATH=/workspaces/isaac_ros-dev/install/yolov8_bringup:/workspaces/isaac_ros-dev/install/multisense_ros:/workspaces/isaac_ros-dev/install/xacro:/workspaces/isaac_ros-dev/install/vision_msgs_rviz_plugins:/workspaces/isaac_ros-dev/install/vision_msgs:/workspaces/isaac_ros-dev/install/velodyne:/workspaces/isaac_ros-dev/install/velodyne_pointcloud:/workspaces/isaac_ros-dev/install/velodyne_driver:/workspaces/isaac_ros-dev/install/velodyne_msgs:/workspaces/isaac_ros-dev/install/velodyne_laserscan:/workspaces/isaac_ros-dev/install/vectornav:/workspaces/isaac_ros-dev/install/sdv_localization:/workspaces/isaac_ros-dev/install/vectornav_msgs:/workspaces/isaac_ros-dev/install/slam_toolbox:/workspaces/isaac_ros-dev/install/sdv_msg:/workspaces/isaac_ros-dev/install/sdv_localization_msgs:/workspaces/isaac_ros-dev/install/pointcloud_to_laserscan:/workspaces/isaac_ros-dev/install/my_package:/workspaces/isaac_ros-dev/install/multisense_msgs:/workspaces/isaac_ros-dev/install/multisense_lib:/workspaces/isaac_ros-dev/install/isaac_ros_visual_slam:/workspaces/isaac_ros-dev/install/isaac_ros_visual_slam_interfaces:/workspaces/isaac_ros-dev/install/isaac_ros_tensor_list_interfaces:/workspaces/isaac_ros-dev/install/isaac_ros_common:/workspaces/isaac_ros-dev/install/isaac_ros_bi3d_interfaces:/workspaces/isaac_ros-dev/install/isaac_ros_apriltag_interfaces:/workspaces/isaac_ros-dev/install/yolov8_ros:/workspaces/isaac_ros-dev/install/xbox_controller:/workspaces/isaac_ros-dev/install/panel:/workspaces/isaac_ros-dev/install/isaac_ros_test:/workspaces/isaac_ros-dev/install/encoder:/opt/ros/humble/install /usr/bin/cmake --build /workspaces/isaac_ros-dev/build/slam_toolbox -- -j8 -l8
[7.474s] Invoking command in '/workspaces/isaac_ros-dev/build/slam_toolbox': CMAKE_PREFIX_PATH=/workspaces/isaac_ros-dev/install/yolov8_bringup:/workspaces/isaac_ros-dev/install/multisense_ros:/workspaces/isaac_ros-dev/install/xacro:/workspaces/isaac_ros-dev/install/vision_msgs_rviz_plugins:/workspaces/isaac_ros-dev/install/vision_msgs:/workspaces/isaac_ros-dev/install/velodyne:/workspaces/isaac_ros-dev/install/velodyne_pointcloud:/workspaces/isaac_ros-dev/install/velodyne_driver:/workspaces/isaac_ros-dev/install/velodyne_msgs:/workspaces/isaac_ros-dev/install/velodyne_laserscan:/workspaces/isaac_ros-dev/install/vectornav:/workspaces/isaac_ros-dev/install/sdv_localization:/workspaces/isaac_ros-dev/install/vectornav_msgs:/workspaces/isaac_ros-dev/install/slam_toolbox:/workspaces/isaac_ros-dev/install/sdv_msg:/workspaces/isaac_ros-dev/install/sdv_localization_msgs:/workspaces/isaac_ros-dev/install/pointcloud_to_laserscan:/workspaces/isaac_ros-dev/install/my_package:/workspaces/isaac_ros-dev/install/multisense_msgs:/workspaces/isaac_ros-dev/install/multisense_lib:/workspaces/isaac_ros-dev/install/isaac_ros_visual_slam:/workspaces/isaac_ros-dev/install/isaac_ros_visual_slam_interfaces:/workspaces/isaac_ros-dev/install/isaac_ros_tensor_list_interfaces:/workspaces/isaac_ros-dev/install/isaac_ros_common:/workspaces/isaac_ros-dev/install/isaac_ros_bi3d_interfaces:/workspaces/isaac_ros-dev/install/isaac_ros_apriltag_interfaces:/workspaces/isaac_ros-dev/install/yolov8_ros:/workspaces/isaac_ros-dev/install/xbox_controller:/workspaces/isaac_ros-dev/install/panel:/workspaces/isaac_ros-dev/install/isaac_ros_test:/workspaces/isaac_ros-dev/install/encoder:/opt/ros/humble/install /usr/bin/cmake --install /workspaces/isaac_ros-dev/build/slam_toolbox
[7.514s] -- Install configuration: "Release"
[7.523s] -- Up-to-date: /workspaces/isaac_ros-dev/install/slam_toolbox/share/ament_index/resource_index/rosidl_interfaces/slam_toolbox
[7.523s] -- Up-to-date: /workspaces/isaac_ros-dev/install/slam_toolbox/include/slam_toolbox/slam_toolbox
[7.524s] -- Up-to-date: /workspaces/isaac_ros-dev/install/slam_toolbox/include/slam_toolbox/slam_toolbox/srv
[7.524s] -- Up-to-date: /workspaces/isaac_ros-dev/install/slam_toolbox/include/slam_toolbox/slam_toolbox/srv/save_map.h
[7.524s] -- Up-to-date: /workspaces/isaac_ros-dev/install/slam_toolbox/include/slam_toolbox/slam_toolbox/srv/merge_maps.h
[7.525s] -- Up-to-date: /workspaces/isaac_ros-dev/install/slam_toolbox/include/slam_toolbox/slam_toolbox/srv/toggle_interactive.h
[7.528s] -- Up-to-date: /workspaces/isaac_ros-dev/install/slam_toolbox/include/slam_toolbox/slam_toolbox/srv/serialize_pose_graph.h
[7.528s] -- Up-to-date: /workspaces/isaac_ros-dev/install/slam_toolbox/include/slam_toolbox/slam_toolbox/srv/clear_queue.h
[7.529s] -- Up-to-date: /workspaces/isaac_ros-dev/install/slam_toolbox/include/slam_toolbox/slam_toolbox/srv/pause.h
[7.529s] -- Up-to-date: /workspaces/isaac_ros-dev/install/slam_toolbox/include/slam_toolbox/slam_toolbox/srv/clear.h
[7.529s] -- Up-to-date: /workspaces/isaac_ros-dev/install/slam_toolbox/include/slam_toolbox/slam_toolbox/srv/loop_closure.h
[7.531s] -- Up-to-date: /workspaces/isaac_ros-dev/install/slam_toolbox/include/slam_toolbox/slam_toolbox/srv/deserialize_pose_graph.h
[7.532s] -- Up-to-date: /workspaces/isaac_ros-dev/install/slam_toolbox/include/slam_toolbox/slam_toolbox/srv/detail
[7.532s] -- Up-to-date: /workspaces/isaac_ros-dev/install/slam_toolbox/include/slam_toolbox/slam_toolbox/srv/detail/merge_maps__type_support.h
[7.532s] -- Up-to-date: /workspaces/isaac_ros-dev/install/slam_toolbox/include/slam_toolbox/slam_toolbox/srv/detail/add_submap__type_support.h
[7.533s] -- Up-to-date: /workspaces/isaac_ros-dev/install/slam_toolbox/include/slam_toolbox/slam_toolbox/srv/detail/serialize_pose_graph__functions.c
[7.536s] -- Up-to-date: /workspaces/isaac_ros-dev/install/slam_toolbox/include/slam_toolbox/slam_toolbox/srv/detail/toggle_interactive__functions.c
[7.545s] -- Up-to-date: /workspaces/isaac_ros-dev/install/slam_toolbox/include/slam_toolbox/slam_toolbox/srv/detail/save_map__struct.h
[7.550s] -- Up-to-date: /workspaces/isaac_ros-dev/install/slam_toolbox/include/slam_toolbox/slam_toolbox/srv/detail/clear_queue__functions.c
[7.551s] -- Up-to-date: /workspaces/isaac_ros-dev/install/slam_toolbox/include/slam_toolbox/slam_toolbox/srv/detail/deserialize_pose_graph__type_support.h
[7.551s] -- Up-to-date: /workspaces/isaac_ros-dev/install/slam_toolbox/include/slam_toolbox/slam_toolbox/srv/detail/clear__type_support.h
[7.552s] -- Up-to-date: /workspaces/isaac_ros-dev/install/slam_toolbox/include/slam_toolbox/slam_toolbox/srv/detail/pause__functions.h
[7.552s] -- Up-to-date: /workspaces/isaac_ros-dev/install/slam_toolbox/include/slam_toolbox/slam_toolbox/srv/detail/toggle_interactive__type_support.h
[7.552s] -- Up-to-date: /workspaces/isaac_ros-dev/install/slam_toolbox/include/slam_toolbox/slam_toolbox/srv/detail/deserialize_pose_graph__functions.c
[7.553s] -- Up-to-date: /workspaces/isaac_ros-dev/install/slam_toolbox/include/slam_toolbox/slam_toolbox/srv/detail/save_map__functions.c
[7.553s] -- Up-to-date: /workspaces/isaac_ros-dev/install/slam_toolbox/include/slam_toolbox/slam_toolbox/srv/detail/clear_queue__functions.h
[7.553s] -- Up-to-date: /workspaces/isaac_ros-dev/install/slam_toolbox/include/slam_toolbox/slam_toolbox/srv/detail/add_submap__functions.h
[7.554s] -- Up-to-date: /workspaces/isaac_ros-dev/install/slam_toolbox/include/slam_toolbox/slam_toolbox/srv/detail/save_map__type_support.h
[7.554s] -- Up-to-date: /workspaces/isaac_ros-dev/install/slam_toolbox/include/slam_toolbox/slam_toolbox/srv/detail/loop_closure__struct.h
[7.558s] -- Up-to-date: /workspaces/isaac_ros-dev/install/slam_toolbox/include/slam_toolbox/slam_toolbox/srv/detail/toggle_interactive__functions.h
[7.558s] -- Up-to-date: /workspaces/isaac_ros-dev/install/slam_toolbox/include/slam_toolbox/slam_toolbox/srv/detail/add_submap__functions.c
[7.559s] -- Up-to-date: /workspaces/isaac_ros-dev/install/slam_toolbox/include/slam_toolbox/slam_toolbox/srv/detail/add_submap__struct.h
[7.559s] -- Up-to-date: /workspaces/isaac_ros-dev/install/slam_toolbox/include/slam_toolbox/slam_toolbox/srv/detail/clear__functions.h
[7.559s] -- Up-to-date: /workspaces/isaac_ros-dev/install/slam_toolbox/include/slam_toolbox/slam_toolbox/srv/detail/merge_maps__functions.h
[7.560s] -- Up-to-date: /workspaces/isaac_ros-dev/install/slam_toolbox/include/slam_toolbox/slam_toolbox/srv/detail/serialize_pose_graph__type_support.h
[7.561s] -- Up-to-date: /workspaces/isaac_ros-dev/install/slam_toolbox/include/slam_toolbox/slam_toolbox/srv/detail/deserialize_pose_graph__struct.h
[7.562s] -- Up-to-date: /workspaces/isaac_ros-dev/install/slam_toolbox/include/slam_toolbox/slam_toolbox/srv/detail/clear__struct.h
[7.562s] -- Up-to-date: /workspaces/isaac_ros-dev/install/slam_toolbox/include/slam_toolbox/slam_toolbox/srv/detail/clear_queue__type_support.h
[7.562s] -- Up-to-date: /workspaces/isaac_ros-dev/install/slam_toolbox/include/slam_toolbox/slam_toolbox/srv/detail/serialize_pose_graph__functions.h
[7.563s] -- Up-to-date: /workspaces/isaac_ros-dev/install/slam_toolbox/include/slam_toolbox/slam_toolbox/srv/detail/pause__functions.c
[7.563s] -- Up-to-date: /workspaces/isaac_ros-dev/install/slam_toolbox/include/slam_toolbox/slam_toolbox/srv/detail/merge_maps__functions.c
[7.563s] -- Up-to-date: /workspaces/isaac_ros-dev/install/slam_toolbox/include/slam_toolbox/slam_toolbox/srv/detail/save_map__functions.h
[7.564s] -- Up-to-date: /workspaces/isaac_ros-dev/install/slam_toolbox/include/slam_toolbox/slam_toolbox/srv/detail/merge_maps__struct.h
[7.564s] -- Up-to-date: /workspaces/isaac_ros-dev/install/slam_toolbox/include/slam_toolbox/slam_toolbox/srv/detail/loop_closure__functions.c
[7.565s] -- Up-to-date: /workspaces/isaac_ros-dev/install/slam_toolbox/include/slam_toolbox/slam_toolbox/srv/detail/pause__type_support.h
[7.565s] -- Up-to-date: /workspaces/isaac_ros-dev/install/slam_toolbox/include/slam_toolbox/slam_toolbox/srv/detail/loop_closure__type_support.h
[7.565s] -- Up-to-date: /workspaces/isaac_ros-dev/install/slam_toolbox/include/slam_toolbox/slam_toolbox/srv/detail/clear_queue__struct.h
[7.566s] -- Up-to-date: /workspaces/isaac_ros-dev/install/slam_toolbox/include/slam_toolbox/slam_toolbox/srv/detail/pause__struct.h
[7.566s] -- Up-to-date: /workspaces/isaac_ros-dev/install/slam_toolbox/include/slam_toolbox/slam_toolbox/srv/detail/deserialize_pose_graph__functions.h
[7.567s] -- Up-to-date: /workspaces/isaac_ros-dev/install/slam_toolbox/include/slam_toolbox/slam_toolbox/srv/detail/clear__functions.c
[7.567s] -- Up-to-date: /workspaces/isaac_ros-dev/install/slam_toolbox/include/slam_toolbox/slam_toolbox/srv/detail/toggle_interactive__struct.h
[7.571s] -- Up-to-date: /workspaces/isaac_ros-dev/install/slam_toolbox/include/slam_toolbox/slam_toolbox/srv/detail/serialize_pose_graph__struct.h
[7.571s] -- Up-to-date: /workspaces/isaac_ros-dev/install/slam_toolbox/include/slam_toolbox/slam_toolbox/srv/detail/loop_closure__functions.h
[7.572s] -- Up-to-date: /workspaces/isaac_ros-dev/install/slam_toolbox/include/slam_toolbox/slam_toolbox/srv/add_submap.h
[7.572s] -- Up-to-date: /workspaces/isaac_ros-dev/install/slam_toolbox/include/slam_toolbox/slam_toolbox/msg
[7.572s] -- Up-to-date: /workspaces/isaac_ros-dev/install/slam_toolbox/include/slam_toolbox/slam_toolbox/msg/rosidl_generator_c__visibility_control.h
[7.572s] -- Up-to-date: /workspaces/isaac_ros-dev/install/slam_toolbox/share/slam_toolbox/environment/library_path.sh
[7.573s] -- Up-to-date: /workspaces/isaac_ros-dev/install/slam_toolbox/share/slam_toolbox/environment/library_path.dsv
[7.573s] -- Up-to-date: /workspaces/isaac_ros-dev/install/slam_toolbox/lib/libslam_toolbox__rosidl_generator_c.so
[7.573s] -- Up-to-date: /workspaces/isaac_ros-dev/install/slam_toolbox/include/slam_toolbox/slam_toolbox
[7.573s] -- Up-to-date: /workspaces/isaac_ros-dev/install/slam_toolbox/include/slam_toolbox/slam_toolbox/srv
[7.574s] -- Up-to-date: /workspaces/isaac_ros-dev/install/slam_toolbox/include/slam_toolbox/slam_toolbox/srv/detail
[7.574s] -- Up-to-date: /workspaces/isaac_ros-dev/install/slam_toolbox/include/slam_toolbox/slam_toolbox/srv/detail/loop_closure__rosidl_typesupport_fastrtps_c.h
[7.574s] -- Up-to-date: /workspaces/isaac_ros-dev/install/slam_toolbox/include/slam_toolbox/slam_toolbox/srv/detail/add_submap__rosidl_typesupport_fastrtps_c.h
[7.575s] -- Up-to-date: /workspaces/isaac_ros-dev/install/slam_toolbox/include/slam_toolbox/slam_toolbox/srv/detail/clear_queue__rosidl_typesupport_fastrtps_c.h
[7.575s] -- Up-to-date: /workspaces/isaac_ros-dev/install/slam_toolbox/include/slam_toolbox/slam_toolbox/srv/detail/toggle_interactive__rosidl_typesupport_fastrtps_c.h
[7.575s] -- Up-to-date: /workspaces/isaac_ros-dev/install/slam_toolbox/include/slam_toolbox/slam_toolbox/srv/detail/merge_maps__rosidl_typesupport_fastrtps_c.h
[7.575s] -- Up-to-date: /workspaces/isaac_ros-dev/install/slam_toolbox/include/slam_toolbox/slam_toolbox/srv/detail/clear__rosidl_typesupport_fastrtps_c.h
[7.576s] -- Up-to-date: /workspaces/isaac_ros-dev/install/slam_toolbox/include/slam_toolbox/slam_toolbox/srv/detail/save_map__rosidl_typesupport_fastrtps_c.h
[7.576s] -- Up-to-date: /workspaces/isaac_ros-dev/install/slam_toolbox/include/slam_toolbox/slam_toolbox/srv/detail/deserialize_pose_graph__rosidl_typesupport_fastrtps_c.h
[7.576s] -- Up-to-date: /workspaces/isaac_ros-dev/install/slam_toolbox/include/slam_toolbox/slam_toolbox/srv/detail/serialize_pose_graph__rosidl_typesupport_fastrtps_c.h
[7.576s] -- Up-to-date: /workspaces/isaac_ros-dev/install/slam_toolbox/include/slam_toolbox/slam_toolbox/srv/detail/pause__rosidl_typesupport_fastrtps_c.h
[7.577s] -- Up-to-date: /workspaces/isaac_ros-dev/install/slam_toolbox/include/slam_toolbox/slam_toolbox/msg
[7.577s] -- Up-to-date: /workspaces/isaac_ros-dev/install/slam_toolbox/include/slam_toolbox/slam_toolbox/msg/rosidl_typesupport_fastrtps_c__visibility_control.h
[7.577s] -- Up-to-date: /workspaces/isaac_ros-dev/install/slam_toolbox/lib/libslam_toolbox__rosidl_typesupport_fastrtps_c.so
[7.577s] -- Up-to-date: /workspaces/isaac_ros-dev/install/slam_toolbox/include/slam_toolbox/slam_toolbox
[7.578s] -- Up-to-date: /workspaces/isaac_ros-dev/install/slam_toolbox/include/slam_toolbox/slam_toolbox/srv
[7.578s] -- Up-to-date: /workspaces/isaac_ros-dev/install/slam_toolbox/include/slam_toolbox/slam_toolbox/srv/toggle_interactive.hpp
[7.578s] -- Up-to-date: /workspaces/isaac_ros-dev/install/slam_toolbox/include/slam_toolbox/slam_toolbox/srv/clear_queue.hpp
[7.585s] -- Up-to-date: /workspaces/isaac_ros-dev/install/slam_toolbox/include/slam_toolbox/slam_toolbox/srv/deserialize_pose_graph.hpp
[7.586s] -- Up-to-date: /workspaces/isaac_ros-dev/install/slam_toolbox/include/slam_toolbox/slam_toolbox/srv/pause.hpp
[7.586s] -- Up-to-date: /workspaces/isaac_ros-dev/install/slam_toolbox/include/slam_toolbox/slam_toolbox/srv/add_submap.hpp
[7.586s] -- Up-to-date: /workspaces/isaac_ros-dev/install/slam_toolbox/include/slam_toolbox/slam_toolbox/srv/clear.hpp
[7.587s] -- Up-to-date: /workspaces/isaac_ros-dev/install/slam_toolbox/include/slam_toolbox/slam_toolbox/srv/detail
[7.587s] -- Up-to-date: /workspaces/isaac_ros-dev/install/slam_toolbox/include/slam_toolbox/slam_toolbox/srv/detail/add_submap__struct.hpp
[7.587s] -- Up-to-date: /workspaces/isaac_ros-dev/install/slam_toolbox/include/slam_toolbox/slam_toolbox/srv/detail/save_map__builder.hpp
[7.588s] -- Up-to-date: /workspaces/isaac_ros-dev/install/slam_toolbox/include/slam_toolbox/slam_toolbox/srv/detail/serialize_pose_graph__traits.hpp
[7.588s] -- Up-to-date: /workspaces/isaac_ros-dev/install/slam_toolbox/include/slam_toolbox/slam_toolbox/srv/detail/clear_queue__traits.hpp
[7.588s] -- Up-to-date: /workspaces/isaac_ros-dev/install/slam_toolbox/include/slam_toolbox/slam_toolbox/srv/detail/toggle_interactive__builder.hpp
[7.588s] -- Up-to-date: /workspaces/isaac_ros-dev/install/slam_toolbox/include/slam_toolbox/slam_toolbox/srv/detail/loop_closure__traits.hpp
[7.588s] -- Up-to-date: /workspaces/isaac_ros-dev/install/slam_toolbox/include/slam_toolbox/slam_toolbox/srv/detail/add_submap__builder.hpp
[7.589s] -- Up-to-date: /workspaces/isaac_ros-dev/install/slam_toolbox/include/slam_toolbox/slam_toolbox/srv/detail/save_map__traits.hpp
[7.589s] -- Up-to-date: /workspaces/isaac_ros-dev/install/slam_toolbox/include/slam_toolbox/slam_toolbox/srv/detail/pause__struct.hpp
[7.589s] -- Up-to-date: /workspaces/isaac_ros-dev/install/slam_toolbox/include/slam_toolbox/slam_toolbox/srv/detail/add_submap__traits.hpp
[7.590s] -- Up-to-date: /workspaces/isaac_ros-dev/install/slam_toolbox/include/slam_toolbox/slam_toolbox/srv/detail/deserialize_pose_graph__traits.hpp
[7.591s] -- Up-to-date: /workspaces/isaac_ros-dev/install/slam_toolbox/include/slam_toolbox/slam_toolbox/srv/detail/clear_queue__builder.hpp
[7.591s] -- Up-to-date: /workspaces/isaac_ros-dev/install/slam_toolbox/include/slam_toolbox/slam_toolbox/srv/detail/merge_maps__builder.hpp
[7.593s] -- Up-to-date: /workspaces/isaac_ros-dev/install/slam_toolbox/include/slam_toolbox/slam_toolbox/srv/detail/loop_closure__struct.hpp
[7.593s] -- Up-to-date: /workspaces/isaac_ros-dev/install/slam_toolbox/include/slam_toolbox/slam_toolbox/srv/detail/loop_closure__builder.hpp
[7.594s] -- Up-to-date: /workspaces/isaac_ros-dev/install/slam_toolbox/include/slam_toolbox/slam_toolbox/srv/detail/merge_maps__struct.hpp
[7.594s] -- Up-to-date: /workspaces/isaac_ros-dev/install/slam_toolbox/include/slam_toolbox/slam_toolbox/srv/detail/deserialize_pose_graph__builder.hpp
[7.594s] -- Up-to-date: /workspaces/isaac_ros-dev/install/slam_toolbox/include/slam_toolbox/slam_toolbox/srv/detail/merge_maps__traits.hpp
[7.596s] -- Up-to-date: /workspaces/isaac_ros-dev/install/slam_toolbox/include/slam_toolbox/slam_toolbox/srv/detail/clear__traits.hpp
[7.596s] -- Up-to-date: /workspaces/isaac_ros-dev/install/slam_toolbox/include/slam_toolbox/slam_toolbox/srv/detail/serialize_pose_graph__struct.hpp
[7.597s] -- Up-to-date: /workspaces/isaac_ros-dev/install/slam_toolbox/include/slam_toolbox/slam_toolbox/srv/detail/toggle_interactive__struct.hpp
[7.597s] -- Up-to-date: /workspaces/isaac_ros-dev/install/slam_toolbox/include/slam_toolbox/slam_toolbox/srv/detail/save_map__struct.hpp
[7.597s] -- Up-to-date: /workspaces/isaac_ros-dev/install/slam_toolbox/include/slam_toolbox/slam_toolbox/srv/detail/clear__struct.hpp
[7.598s] -- Up-to-date: /workspaces/isaac_ros-dev/install/slam_toolbox/include/slam_toolbox/slam_toolbox/srv/detail/clear_queue__struct.hpp
[7.599s] -- Up-to-date: /workspaces/isaac_ros-dev/install/slam_toolbox/include/slam_toolbox/slam_toolbox/srv/detail/toggle_interactive__traits.hpp
[7.599s] -- Up-to-date: /workspaces/isaac_ros-dev/install/slam_toolbox/include/slam_toolbox/slam_toolbox/srv/detail/deserialize_pose_graph__struct.hpp
[7.599s] -- Up-to-date: /workspaces/isaac_ros-dev/install/slam_toolbox/include/slam_toolbox/slam_toolbox/srv/detail/pause__traits.hpp
[7.599s] -- Up-to-date: /workspaces/isaac_ros-dev/install/slam_toolbox/include/slam_toolbox/slam_toolbox/srv/detail/pause__builder.hpp
[7.600s] -- Up-to-date: /workspaces/isaac_ros-dev/install/slam_toolbox/include/slam_toolbox/slam_toolbox/srv/detail/clear__builder.hpp
[7.600s] -- Up-to-date: /workspaces/isaac_ros-dev/install/slam_toolbox/include/slam_toolbox/slam_toolbox/srv/detail/serialize_pose_graph__builder.hpp
[7.600s] -- Up-to-date: /workspaces/isaac_ros-dev/install/slam_toolbox/include/slam_toolbox/slam_toolbox/srv/loop_closure.hpp
[7.600s] -- Up-to-date: /workspaces/isaac_ros-dev/install/slam_toolbox/include/slam_toolbox/slam_toolbox/srv/serialize_pose_graph.hpp
[7.601s] -- Up-to-date: /workspaces/isaac_ros-dev/install/slam_toolbox/include/slam_toolbox/slam_toolbox/srv/merge_maps.hpp
[7.601s] -- Up-to-date: /workspaces/isaac_ros-dev/install/slam_toolbox/include/slam_toolbox/slam_toolbox/srv/save_map.hpp
[7.601s] -- Up-to-date: /workspaces/isaac_ros-dev/install/slam_toolbox/include/slam_toolbox/slam_toolbox
[7.601s] -- Up-to-date: /workspaces/isaac_ros-dev/install/slam_toolbox/include/slam_toolbox/slam_toolbox/srv
[7.602s] -- Up-to-date: /workspaces/isaac_ros-dev/install/slam_toolbox/include/slam_toolbox/slam_toolbox/srv/detail
[7.603s] -- Up-to-date: /workspaces/isaac_ros-dev/install/slam_toolbox/include/slam_toolbox/slam_toolbox/srv/detail/loop_closure__rosidl_typesupport_fastrtps_cpp.hpp
[7.607s] -- Up-to-date: /workspaces/isaac_ros-dev/install/slam_toolbox/include/slam_toolbox/slam_toolbox/srv/detail/merge_maps__rosidl_typesupport_fastrtps_cpp.hpp
[7.607s] -- Up-to-date: /workspaces/isaac_ros-dev/install/slam_toolbox/include/slam_toolbox/slam_toolbox/srv/detail/deserialize_pose_graph__rosidl_typesupport_fastrtps_cpp.hpp
[7.608s] -- Up-to-date: /workspaces/isaac_ros-dev/install/slam_toolbox/include/slam_toolbox/slam_toolbox/srv/detail/pause__rosidl_typesupport_fastrtps_cpp.hpp
[7.608s] -- Up-to-date: /workspaces/isaac_ros-dev/install/slam_toolbox/include/slam_toolbox/slam_toolbox/srv/detail/clear__rosidl_typesupport_fastrtps_cpp.hpp
[7.608s] -- Up-to-date: /workspaces/isaac_ros-dev/install/slam_toolbox/include/slam_toolbox/slam_toolbox/srv/detail/toggle_interactive__rosidl_typesupport_fastrtps_cpp.hpp
[7.608s] -- Up-to-date: /workspaces/isaac_ros-dev/install/slam_toolbox/include/slam_toolbox/slam_toolbox/srv/detail/save_map__rosidl_typesupport_fastrtps_cpp.hpp
[7.609s] -- Up-to-date: /workspaces/isaac_ros-dev/install/slam_toolbox/include/slam_toolbox/slam_toolbox/srv/detail/dds_fastrtps
[7.609s] -- Up-to-date: /workspaces/isaac_ros-dev/install/slam_toolbox/include/slam_toolbox/slam_toolbox/srv/detail/clear_queue__rosidl_typesupport_fastrtps_cpp.hpp
[7.609s] -- Up-to-date: /workspaces/isaac_ros-dev/install/slam_toolbox/include/slam_toolbox/slam_toolbox/srv/detail/add_submap__rosidl_typesupport_fastrtps_cpp.hpp
[7.609s] -- Up-to-date: /workspaces/isaac_ros-dev/install/slam_toolbox/include/slam_toolbox/slam_toolbox/srv/detail/serialize_pose_graph__rosidl_typesupport_fastrtps_cpp.hpp
[7.610s] -- Up-to-date: /workspaces/isaac_ros-dev/install/slam_toolbox/include/slam_toolbox/slam_toolbox/msg
[7.610s] -- Up-to-date: /workspaces/isaac_ros-dev/install/slam_toolbox/include/slam_toolbox/slam_toolbox/msg/rosidl_typesupport_fastrtps_cpp__visibility_control.h
[7.610s] -- Up-to-date: /workspaces/isaac_ros-dev/install/slam_toolbox/lib/libslam_toolbox__rosidl_typesupport_fastrtps_cpp.so
[7.611s] -- Up-to-date: /workspaces/isaac_ros-dev/install/slam_toolbox/include/slam_toolbox/slam_toolbox
[7.612s] -- Up-to-date: /workspaces/isaac_ros-dev/install/slam_toolbox/include/slam_toolbox/slam_toolbox/srv
[7.612s] -- Up-to-date: /workspaces/isaac_ros-dev/install/slam_toolbox/include/slam_toolbox/slam_toolbox/srv/detail
[7.612s] -- Up-to-date: /workspaces/isaac_ros-dev/install/slam_toolbox/include/slam_toolbox/slam_toolbox/srv/detail/add_submap__rosidl_typesupport_introspection_c.h
[7.612s] -- Up-to-date: /workspaces/isaac_ros-dev/install/slam_toolbox/include/slam_toolbox/slam_toolbox/srv/detail/clear__rosidl_typesupport_introspection_c.h
[7.613s] -- Up-to-date: /workspaces/isaac_ros-dev/install/slam_toolbox/include/slam_toolbox/slam_toolbox/srv/detail/serialize_pose_graph__rosidl_typesupport_introspection_c.h
[7.613s] -- Up-to-date: /workspaces/isaac_ros-dev/install/slam_toolbox/include/slam_toolbox/slam_toolbox/srv/detail/merge_maps__rosidl_typesupport_introspection_c.h
[7.613s] -- Up-to-date: /workspaces/isaac_ros-dev/install/slam_toolbox/include/slam_toolbox/slam_toolbox/srv/detail/deserialize_pose_graph__type_support.c
[7.613s] -- Up-to-date: /workspaces/isaac_ros-dev/install/slam_toolbox/include/slam_toolbox/slam_toolbox/srv/detail/clear__type_support.c
[7.614s] -- Up-to-date: /workspaces/isaac_ros-dev/install/slam_toolbox/include/slam_toolbox/slam_toolbox/srv/detail/clear_queue__rosidl_typesupport_introspection_c.h
[7.614s] -- Up-to-date: /workspaces/isaac_ros-dev/install/slam_toolbox/include/slam_toolbox/slam_toolbox/srv/detail/save_map__rosidl_typesupport_introspection_c.h
[7.614s] -- Up-to-date: /workspaces/isaac_ros-dev/install/slam_toolbox/include/slam_toolbox/slam_toolbox/srv/detail/clear_queue__type_support.c
[7.614s] -- Up-to-date: /workspaces/isaac_ros-dev/install/slam_toolbox/include/slam_toolbox/slam_toolbox/srv/detail/loop_closure__type_support.c
[7.615s] -- Up-to-date: /workspaces/isaac_ros-dev/install/slam_toolbox/include/slam_toolbox/slam_toolbox/srv/detail/save_map__type_support.c
[7.615s] -- Up-to-date: /workspaces/isaac_ros-dev/install/slam_toolbox/include/slam_toolbox/slam_toolbox/srv/detail/pause__type_support.c
[7.615s] -- Up-to-date: /workspaces/isaac_ros-dev/install/slam_toolbox/include/slam_toolbox/slam_toolbox/srv/detail/serialize_pose_graph__type_support.c
[7.615s] -- Up-to-date: /workspaces/isaac_ros-dev/install/slam_toolbox/include/slam_toolbox/slam_toolbox/srv/detail/loop_closure__rosidl_typesupport_introspection_c.h
[7.616s] -- Up-to-date: /workspaces/isaac_ros-dev/install/slam_toolbox/include/slam_toolbox/slam_toolbox/srv/detail/toggle_interactive__rosidl_typesupport_introspection_c.h
[7.616s] -- Up-to-date: /workspaces/isaac_ros-dev/install/slam_toolbox/include/slam_toolbox/slam_toolbox/srv/detail/merge_maps__type_support.c
[7.616s] -- Up-to-date: /workspaces/isaac_ros-dev/install/slam_toolbox/include/slam_toolbox/slam_toolbox/srv/detail/add_submap__type_support.c
[7.616s] -- Up-to-date: /workspaces/isaac_ros-dev/install/slam_toolbox/include/slam_toolbox/slam_toolbox/srv/detail/toggle_interactive__type_support.c
[7.617s] -- Up-to-date: /workspaces/isaac_ros-dev/install/slam_toolbox/include/slam_toolbox/slam_toolbox/srv/detail/deserialize_pose_graph__rosidl_typesupport_introspection_c.h
[7.617s] -- Up-to-date: /workspaces/isaac_ros-dev/install/slam_toolbox/include/slam_toolbox/slam_toolbox/srv/detail/pause__rosidl_typesupport_introspection_c.h
[7.617s] -- Up-to-date: /workspaces/isaac_ros-dev/install/slam_toolbox/include/slam_toolbox/slam_toolbox/msg
[7.619s] -- Up-to-date: /workspaces/isaac_ros-dev/install/slam_toolbox/include/slam_toolbox/slam_toolbox/msg/rosidl_typesupport_introspection_c__visibility_control.h
[7.619s] -- Up-to-date: /workspaces/isaac_ros-dev/install/slam_toolbox/lib/libslam_toolbox__rosidl_typesupport_introspection_c.so
[7.619s] -- Up-to-date: /workspaces/isaac_ros-dev/install/slam_toolbox/lib/libslam_toolbox__rosidl_typesupport_c.so
[7.619s] -- Up-to-date: /workspaces/isaac_ros-dev/install/slam_toolbox/include/slam_toolbox/slam_toolbox
[7.620s] -- Up-to-date: /workspaces/isaac_ros-dev/install/slam_toolbox/include/slam_toolbox/slam_toolbox/srv
[7.620s] -- Up-to-date: /workspaces/isaac_ros-dev/install/slam_toolbox/include/slam_toolbox/slam_toolbox/srv/detail
[7.620s] -- Up-to-date: /workspaces/isaac_ros-dev/install/slam_toolbox/include/slam_toolbox/slam_toolbox/srv/detail/toggle_interactive__rosidl_typesupport_introspection_cpp.hpp
[7.620s] -- Up-to-date: /workspaces/isaac_ros-dev/install/slam_toolbox/include/slam_toolbox/slam_toolbox/srv/detail/serialize_pose_graph__type_support.cpp
[7.621s] -- Up-to-date: /workspaces/isaac_ros-dev/install/slam_toolbox/include/slam_toolbox/slam_toolbox/srv/detail/add_submap__rosidl_typesupport_introspection_cpp.hpp
[7.621s] -- Up-to-date: /workspaces/isaac_ros-dev/install/slam_toolbox/include/slam_toolbox/slam_toolbox/srv/detail/deserialize_pose_graph__type_support.cpp
[7.622s] -- Up-to-date: /workspaces/isaac_ros-dev/install/slam_toolbox/include/slam_toolbox/slam_toolbox/srv/detail/serialize_pose_graph__rosidl_typesupport_introspection_cpp.hpp
[7.622s] -- Up-to-date: /workspaces/isaac_ros-dev/install/slam_toolbox/include/slam_toolbox/slam_toolbox/srv/detail/clear_queue__rosidl_typesupport_introspection_cpp.hpp
[7.623s] -- Up-to-date: /workspaces/isaac_ros-dev/install/slam_toolbox/include/slam_toolbox/slam_toolbox/srv/detail/save_map__rosidl_typesupport_introspection_cpp.hpp
[7.623s] -- Up-to-date: /workspaces/isaac_ros-dev/install/slam_toolbox/include/slam_toolbox/slam_toolbox/srv/detail/pause__type_support.cpp
[7.624s] -- Up-to-date: /workspaces/isaac_ros-dev/install/slam_toolbox/include/slam_toolbox/slam_toolbox/srv/detail/merge_maps__rosidl_typesupport_introspection_cpp.hpp
[7.624s] -- Up-to-date: /workspaces/isaac_ros-dev/install/slam_toolbox/include/slam_toolbox/slam_toolbox/srv/detail/toggle_interactive__type_support.cpp
[7.624s] -- Up-to-date: /workspaces/isaac_ros-dev/install/slam_toolbox/include/slam_toolbox/slam_toolbox/srv/detail/clear__type_support.cpp
[7.624s] -- Up-to-date: /workspaces/isaac_ros-dev/install/slam_toolbox/include/slam_toolbox/slam_toolbox/srv/detail/pause__rosidl_typesupport_introspection_cpp.hpp
[7.624s] -- Up-to-date: /workspaces/isaac_ros-dev/install/slam_toolbox/include/slam_toolbox/slam_toolbox/srv/detail/loop_closure__type_support.cpp
[7.625s] -- Up-to-date: /workspaces/isaac_ros-dev/install/slam_toolbox/include/slam_toolbox/slam_toolbox/srv/detail/clear_queue__type_support.cpp
[7.625s] -- Up-to-date: /workspaces/isaac_ros-dev/install/slam_toolbox/include/slam_toolbox/slam_toolbox/srv/detail/add_submap__type_support.cpp
[7.625s] -- Up-to-date: /workspaces/isaac_ros-dev/install/slam_toolbox/include/slam_toolbox/slam_toolbox/srv/detail/deserialize_pose_graph__rosidl_typesupport_introspection_cpp.hpp
[7.625s] -- Up-to-date: /workspaces/isaac_ros-dev/install/slam_toolbox/include/slam_toolbox/slam_toolbox/srv/detail/save_map__type_support.cpp
[7.626s] -- Up-to-date: /workspaces/isaac_ros-dev/install/slam_toolbox/include/slam_toolbox/slam_toolbox/srv/detail/clear__rosidl_typesupport_introspection_cpp.hpp
[7.626s] -- Up-to-date: /workspaces/isaac_ros-dev/install/slam_toolbox/include/slam_toolbox/slam_toolbox/srv/detail/merge_maps__type_support.cpp
[7.626s] -- Up-to-date: /workspaces/isaac_ros-dev/install/slam_toolbox/include/slam_toolbox/slam_toolbox/srv/detail/loop_closure__rosidl_typesupport_introspection_cpp.hpp
[7.627s] -- Up-to-date: /workspaces/isaac_ros-dev/install/slam_toolbox/lib/libslam_toolbox__rosidl_typesupport_introspection_cpp.so
[7.627s] -- Up-to-date: /workspaces/isaac_ros-dev/install/slam_toolbox/lib/libslam_toolbox__rosidl_typesupport_cpp.so
[7.627s] -- Up-to-date: /workspaces/isaac_ros-dev/install/slam_toolbox/share/slam_toolbox/environment/pythonpath.sh
[7.627s] -- Up-to-date: /workspaces/isaac_ros-dev/install/slam_toolbox/share/slam_toolbox/environment/pythonpath.dsv
[7.628s] -- Up-to-date: /workspaces/isaac_ros-dev/install/slam_toolbox/lib/python3.8/site-packages/slam_toolbox-2.6.0-py3.8.egg-info
[7.628s] -- Installing: /workspaces/isaac_ros-dev/install/slam_toolbox/lib/python3.8/site-packages/slam_toolbox-2.6.0-py3.8.egg-info/top_level.txt
[7.628s] -- Installing: /workspaces/isaac_ros-dev/install/slam_toolbox/lib/python3.8/site-packages/slam_toolbox-2.6.0-py3.8.egg-info/dependency_links.txt
[7.628s] -- Installing: /workspaces/isaac_ros-dev/install/slam_toolbox/lib/python3.8/site-packages/slam_toolbox-2.6.0-py3.8.egg-info/SOURCES.txt
[7.628s] -- Installing: /workspaces/isaac_ros-dev/install/slam_toolbox/lib/python3.8/site-packages/slam_toolbox-2.6.0-py3.8.egg-info/PKG-INFO
[7.629s] -- Up-to-date: /workspaces/isaac_ros-dev/install/slam_toolbox/lib/python3.8/site-packages/slam_toolbox
[7.629s] -- Up-to-date: /workspaces/isaac_ros-dev/install/slam_toolbox/lib/python3.8/site-packages/slam_toolbox/__init__.py
[7.629s] -- Up-to-date: /workspaces/isaac_ros-dev/install/slam_toolbox/lib/python3.8/site-packages/slam_toolbox/srv
[7.629s] -- Up-to-date: /workspaces/isaac_ros-dev/install/slam_toolbox/lib/python3.8/site-packages/slam_toolbox/srv/_serialize_pose_graph.py
[7.629s] -- Up-to-date: /workspaces/isaac_ros-dev/install/slam_toolbox/lib/python3.8/site-packages/slam_toolbox/srv/__init__.py
[7.630s] -- Up-to-date: /workspaces/isaac_ros-dev/install/slam_toolbox/lib/python3.8/site-packages/slam_toolbox/srv/_add_submap.py
[7.630s] -- Up-to-date: /workspaces/isaac_ros-dev/install/slam_toolbox/lib/python3.8/site-packages/slam_toolbox/srv/_loop_closure_s.c
[7.630s] -- Up-to-date: /workspaces/isaac_ros-dev/install/slam_toolbox/lib/python3.8/site-packages/slam_toolbox/srv/_pause_s.c
[7.630s] -- Up-to-date: /workspaces/isaac_ros-dev/install/slam_toolbox/lib/python3.8/site-packages/slam_toolbox/srv/_toggle_interactive_s.c
[7.631s] -- Up-to-date: /workspaces/isaac_ros-dev/install/slam_toolbox/lib/python3.8/site-packages/slam_toolbox/srv/_toggle_interactive.py
[7.631s] -- Up-to-date: /workspaces/isaac_ros-dev/install/slam_toolbox/lib/python3.8/site-packages/slam_toolbox/srv/_deserialize_pose_graph.py
[7.631s] -- Up-to-date: /workspaces/isaac_ros-dev/install/slam_toolbox/lib/python3.8/site-packages/slam_toolbox/srv/_merge_maps_s.c
[7.632s] -- Up-to-date: /workspaces/isaac_ros-dev/install/slam_toolbox/lib/python3.8/site-packages/slam_toolbox/srv/_clear.py
[7.632s] -- Up-to-date: /workspaces/isaac_ros-dev/install/slam_toolbox/lib/python3.8/site-packages/slam_toolbox/srv/_add_submap_s.c
[7.633s] -- Up-to-date: /workspaces/isaac_ros-dev/install/slam_toolbox/lib/python3.8/site-packages/slam_toolbox/srv/_save_map.py
[7.633s] -- Up-to-date: /workspaces/isaac_ros-dev/install/slam_toolbox/lib/python3.8/site-packages/slam_toolbox/srv/_pause.py
[7.633s] -- Up-to-date: /workspaces/isaac_ros-dev/install/slam_toolbox/lib/python3.8/site-packages/slam_toolbox/srv/_deserialize_pose_graph_s.c
[7.634s] -- Up-to-date: /workspaces/isaac_ros-dev/install/slam_toolbox/lib/python3.8/site-packages/slam_toolbox/srv/_merge_maps.py
[7.634s] -- Up-to-date: /workspaces/isaac_ros-dev/install/slam_toolbox/lib/python3.8/site-packages/slam_toolbox/srv/_clear_queue.py
[7.634s] -- Up-to-date: /workspaces/isaac_ros-dev/install/slam_toolbox/lib/python3.8/site-packages/slam_toolbox/srv/_serialize_pose_graph_s.c
[7.634s] -- Up-to-date: /workspaces/isaac_ros-dev/install/slam_toolbox/lib/python3.8/site-packages/slam_toolbox/srv/_loop_closure.py
[7.635s] -- Up-to-date: /workspaces/isaac_ros-dev/install/slam_toolbox/lib/python3.8/site-packages/slam_toolbox/srv/_save_map_s.c
[7.635s] -- Up-to-date: /workspaces/isaac_ros-dev/install/slam_toolbox/lib/python3.8/site-packages/slam_toolbox/srv/_clear_queue_s.c
[7.635s] -- Up-to-date: /workspaces/isaac_ros-dev/install/slam_toolbox/lib/python3.8/site-packages/slam_toolbox/srv/_clear_s.c
[7.635s] -- Up-to-date: /workspaces/isaac_ros-dev/install/slam_toolbox/lib/python3.8/site-packages/slam_toolbox/slam_toolbox_s__rosidl_typesupport_introspection_c.cpython-38-aarch64-linux-gnu.so
[7.636s] -- Up-to-date: /workspaces/isaac_ros-dev/install/slam_toolbox/lib/python3.8/site-packages/slam_toolbox/_slam_toolbox_s.ep.rosidl_typesupport_c.c
[7.636s] -- Up-to-date: /workspaces/isaac_ros-dev/install/slam_toolbox/lib/python3.8/site-packages/slam_toolbox/slam_toolbox_s__rosidl_typesupport_fastrtps_c.cpython-38-aarch64-linux-gnu.so
[7.636s] -- Up-to-date: /workspaces/isaac_ros-dev/install/slam_toolbox/lib/python3.8/site-packages/slam_toolbox/_slam_toolbox_s.ep.rosidl_typesupport_introspection_c.c
[7.636s] -- Up-to-date: /workspaces/isaac_ros-dev/install/slam_toolbox/lib/python3.8/site-packages/slam_toolbox/slam_toolbox_s__rosidl_typesupport_c.cpython-38-aarch64-linux-gnu.so
[7.636s] -- Up-to-date: /workspaces/isaac_ros-dev/install/slam_toolbox/lib/python3.8/site-packages/slam_toolbox/libslam_toolbox__rosidl_generator_py.so
[7.637s] -- Up-to-date: /workspaces/isaac_ros-dev/install/slam_toolbox/lib/python3.8/site-packages/slam_toolbox/_slam_toolbox_s.ep.rosidl_typesupport_fastrtps_c.c
[7.740s] Listing '/workspaces/isaac_ros-dev/install/slam_toolbox/lib/python3.8/site-packages/slam_toolbox'...
[7.741s] Listing '/workspaces/isaac_ros-dev/install/slam_toolbox/lib/python3.8/site-packages/slam_toolbox/srv'...
[7.767s] -- Up-to-date: /workspaces/isaac_ros-dev/install/slam_toolbox/lib/python3.8/site-packages/slam_toolbox/slam_toolbox_s__rosidl_typesupport_fastrtps_c.cpython-38-aarch64-linux-gnu.so
[7.767s] -- Up-to-date: /workspaces/isaac_ros-dev/install/slam_toolbox/lib/python3.8/site-packages/slam_toolbox/slam_toolbox_s__rosidl_typesupport_introspection_c.cpython-38-aarch64-linux-gnu.so
[7.768s] -- Up-to-date: /workspaces/isaac_ros-dev/install/slam_toolbox/lib/python3.8/site-packages/slam_toolbox/slam_toolbox_s__rosidl_typesupport_c.cpython-38-aarch64-linux-gnu.so
[7.768s] -- Up-to-date: /workspaces/isaac_ros-dev/install/slam_toolbox/lib/libslam_toolbox__rosidl_generator_py.so
[7.768s] -- Up-to-date: /workspaces/isaac_ros-dev/install/slam_toolbox/share/slam_toolbox/srv/Pause.idl
[7.768s] -- Up-to-date: /workspaces/isaac_ros-dev/install/slam_toolbox/share/slam_toolbox/srv/ClearQueue.idl
[7.769s] -- Up-to-date: /workspaces/isaac_ros-dev/install/slam_toolbox/share/slam_toolbox/srv/ToggleInteractive.idl
[7.769s] -- Up-to-date: /workspaces/isaac_ros-dev/install/slam_toolbox/share/slam_toolbox/srv/Clear.idl
[7.769s] -- Up-to-date: /workspaces/isaac_ros-dev/install/slam_toolbox/share/slam_toolbox/srv/SaveMap.idl
[7.769s] -- Up-to-date: /workspaces/isaac_ros-dev/install/slam_toolbox/share/slam_toolbox/srv/LoopClosure.idl
[7.769s] -- Up-to-date: /workspaces/isaac_ros-dev/install/slam_toolbox/share/slam_toolbox/srv/MergeMaps.idl
[7.770s] -- Up-to-date: /workspaces/isaac_ros-dev/install/slam_toolbox/share/slam_toolbox/srv/AddSubmap.idl
[7.770s] -- Up-to-date: /workspaces/isaac_ros-dev/install/slam_toolbox/share/slam_toolbox/srv/DeserializePoseGraph.idl
[7.770s] -- Up-to-date: /workspaces/isaac_ros-dev/install/slam_toolbox/share/slam_toolbox/srv/SerializePoseGraph.idl
[7.771s] -- Up-to-date: /workspaces/isaac_ros-dev/install/slam_toolbox/share/slam_toolbox/srvs/Pause.srv
[7.771s] -- Up-to-date: /workspaces/isaac_ros-dev/install/slam_toolbox/share/slam_toolbox/srvs/Pause_Request.msg
[7.772s] -- Up-to-date: /workspaces/isaac_ros-dev/install/slam_toolbox/share/slam_toolbox/srvs/Pause_Response.msg
[7.772s] -- Up-to-date: /workspaces/isaac_ros-dev/install/slam_toolbox/share/slam_toolbox/srvs/ClearQueue.srv
[7.773s] -- Up-to-date: /workspaces/isaac_ros-dev/install/slam_toolbox/share/slam_toolbox/srvs/ClearQueue_Request.msg
[7.774s] -- Up-to-date: /workspaces/isaac_ros-dev/install/slam_toolbox/share/slam_toolbox/srvs/ClearQueue_Response.msg
[7.775s] -- Up-to-date: /workspaces/isaac_ros-dev/install/slam_toolbox/share/slam_toolbox/srvs/ToggleInteractive.srv
[7.776s] -- Up-to-date: /workspaces/isaac_ros-dev/install/slam_toolbox/share/slam_toolbox/srvs/ToggleInteractive_Request.msg
[7.776s] -- Up-to-date: /workspaces/isaac_ros-dev/install/slam_toolbox/share/slam_toolbox/srvs/ToggleInteractive_Response.msg
[7.777s] -- Up-to-date: /workspaces/isaac_ros-dev/install/slam_toolbox/share/slam_toolbox/srvs/Clear.srv
[7.777s] -- Up-to-date: /workspaces/isaac_ros-dev/install/slam_toolbox/share/slam_toolbox/srvs/Clear_Request.msg
[7.778s] -- Up-to-date: /workspaces/isaac_ros-dev/install/slam_toolbox/share/slam_toolbox/srvs/Clear_Response.msg
[7.778s] -- Up-to-date: /workspaces/isaac_ros-dev/install/slam_toolbox/share/slam_toolbox/srvs/SaveMap.srv
[7.779s] -- Up-to-date: /workspaces/isaac_ros-dev/install/slam_toolbox/share/slam_toolbox/srvs/SaveMap_Request.msg
[7.779s] -- Up-to-date: /workspaces/isaac_ros-dev/install/slam_toolbox/share/slam_toolbox/srvs/SaveMap_Response.msg
[7.779s] -- Up-to-date: /workspaces/isaac_ros-dev/install/slam_toolbox/share/slam_toolbox/srvs/LoopClosure.srv
[7.779s] -- Up-to-date: /workspaces/isaac_ros-dev/install/slam_toolbox/share/slam_toolbox/srvs/LoopClosure_Request.msg
[7.780s] -- Up-to-date: /workspaces/isaac_ros-dev/install/slam_toolbox/share/slam_toolbox/srvs/LoopClosure_Response.msg
[7.781s] -- Up-to-date: /workspaces/isaac_ros-dev/install/slam_toolbox/share/slam_toolbox/srvs/MergeMaps.srv
[7.782s] -- Up-to-date: /workspaces/isaac_ros-dev/install/slam_toolbox/share/slam_toolbox/srvs/MergeMaps_Request.msg
[7.782s] -- Up-to-date: /workspaces/isaac_ros-dev/install/slam_toolbox/share/slam_toolbox/srvs/MergeMaps_Response.msg
[7.782s] -- Up-to-date: /workspaces/isaac_ros-dev/install/slam_toolbox/share/slam_toolbox/srvs/AddSubmap.srv
[7.783s] -- Up-to-date: /workspaces/isaac_ros-dev/install/slam_toolbox/share/slam_toolbox/srvs/AddSubmap_Request.msg
[7.783s] -- Up-to-date: /workspaces/isaac_ros-dev/install/slam_toolbox/share/slam_toolbox/srvs/AddSubmap_Response.msg
[7.783s] -- Up-to-date: /workspaces/isaac_ros-dev/install/slam_toolbox/share/slam_toolbox/srvs/DeserializePoseGraph.srv
[7.784s] -- Up-to-date: /workspaces/isaac_ros-dev/install/slam_toolbox/share/slam_toolbox/srvs/DeserializePoseGraph_Request.msg
[7.784s] -- Up-to-date: /workspaces/isaac_ros-dev/install/slam_toolbox/share/slam_toolbox/srvs/DeserializePoseGraph_Response.msg
[7.784s] -- Up-to-date: /workspaces/isaac_ros-dev/install/slam_toolbox/share/slam_toolbox/srvs/SerializePoseGraph.srv
[7.784s] -- Up-to-date: /workspaces/isaac_ros-dev/install/slam_toolbox/share/slam_toolbox/srvs/SerializePoseGraph_Request.msg
[7.784s] -- Up-to-date: /workspaces/isaac_ros-dev/install/slam_toolbox/share/slam_toolbox/srvs/SerializePoseGraph_Response.msg
[7.785s] -- Up-to-date: /workspaces/isaac_ros-dev/install/slam_toolbox/share/slam_toolbox/rviz_plugins.xml
[7.785s] -- Up-to-date: /workspaces/isaac_ros-dev/install/slam_toolbox/share/slam_toolbox/solver_plugins.xml
[7.785s] -- Up-to-date: /workspaces/isaac_ros-dev/install/slam_toolbox/lib/slam_toolbox/async_slam_toolbox_node
[7.786s] -- Up-to-date: /workspaces/isaac_ros-dev/install/slam_toolbox/lib/slam_toolbox/sync_slam_toolbox_node
[7.788s] -- Up-to-date: /workspaces/isaac_ros-dev/install/slam_toolbox/lib/slam_toolbox/localization_slam_toolbox_node
[7.790s] -- Up-to-date: /workspaces/isaac_ros-dev/install/slam_toolbox/lib/slam_toolbox/map_and_localization_slam_toolbox_node
[7.792s] -- Up-to-date: /workspaces/isaac_ros-dev/install/slam_toolbox/lib/slam_toolbox/merge_maps_kinematic
[7.794s] -- Up-to-date: /workspaces/isaac_ros-dev/install/slam_toolbox/lib/libtoolbox_common.so
[7.797s] -- Up-to-date: /workspaces/isaac_ros-dev/install/slam_toolbox/lib/libSlamToolboxPlugin.so
[7.799s] -- Up-to-date: /workspaces/isaac_ros-dev/install/slam_toolbox/lib/libceres_solver_plugin.so
[7.801s] -- Up-to-date: /workspaces/isaac_ros-dev/install/slam_toolbox/lib/libasync_slam_toolbox.so
[7.804s] -- Up-to-date: /workspaces/isaac_ros-dev/install/slam_toolbox/lib/libsync_slam_toolbox.so
[7.806s] -- Up-to-date: /workspaces/isaac_ros-dev/install/slam_toolbox/lib/liblocalization_slam_toolbox.so
[7.808s] -- Up-to-date: /workspaces/isaac_ros-dev/install/slam_toolbox/lib/liblifelong_slam_toolbox.so
[7.810s] -- Up-to-date: /workspaces/isaac_ros-dev/install/slam_toolbox/lib/libmap_and_localization_slam_toolbox.so
[7.822s] -- Up-to-date: /workspaces/isaac_ros-dev/install/slam_toolbox/lib/libSlamToolboxPlugin.so
[7.823s] -- Up-to-date: /workspaces/isaac_ros-dev/install/slam_toolbox/include
[7.824s] -- Up-to-date: /workspaces/isaac_ros-dev/install/slam_toolbox/include/slam_toolbox
[7.825s] -- Up-to-date: /workspaces/isaac_ros-dev/install/slam_toolbox/include/slam_toolbox/slam_toolbox_localization.hpp
[7.825s] -- Up-to-date: /workspaces/isaac_ros-dev/install/slam_toolbox/include/slam_toolbox/slam_toolbox_sync.hpp
[7.825s] -- Up-to-date: /workspaces/isaac_ros-dev/install/slam_toolbox/include/slam_toolbox/slam_mapper.hpp
[7.825s] -- Up-to-date: /workspaces/isaac_ros-dev/install/slam_toolbox/include/slam_toolbox/loop_closure_assistant.hpp
[7.826s] -- Up-to-date: /workspaces/isaac_ros-dev/install/slam_toolbox/include/slam_toolbox/slam_toolbox_async.hpp
[7.828s] -- Up-to-date: /workspaces/isaac_ros-dev/install/slam_toolbox/include/slam_toolbox/toolbox_types.hpp
[7.828s] -- Up-to-date: /workspaces/isaac_ros-dev/install/slam_toolbox/include/slam_toolbox/map_saver.hpp
[7.829s] -- Up-to-date: /workspaces/isaac_ros-dev/install/slam_toolbox/include/slam_toolbox/get_pose_helper.hpp
[7.829s] -- Up-to-date: /workspaces/isaac_ros-dev/install/slam_toolbox/include/slam_toolbox/laser_utils.hpp
[7.830s] -- Up-to-date: /workspaces/isaac_ros-dev/install/slam_toolbox/include/slam_toolbox/toolbox_msgs.hpp
[7.830s] -- Up-to-date: /workspaces/isaac_ros-dev/install/slam_toolbox/include/slam_toolbox/slam_toolbox_common.hpp
[7.830s] -- Up-to-date: /workspaces/isaac_ros-dev/install/slam_toolbox/include/slam_toolbox/merge_maps_kinematic.hpp
[7.830s] -- Up-to-date: /workspaces/isaac_ros-dev/install/slam_toolbox/include/slam_toolbox/serialization.hpp
[7.831s] -- Up-to-date: /workspaces/isaac_ros-dev/install/slam_toolbox/include/slam_toolbox/experimental
[7.831s] -- Up-to-date: /workspaces/isaac_ros-dev/install/slam_toolbox/include/slam_toolbox/experimental/slam_toolbox_map_and_localization.hpp
[7.832s] -- Up-to-date: /workspaces/isaac_ros-dev/install/slam_toolbox/include/slam_toolbox/experimental/slam_toolbox_lifelong.hpp
[7.832s] -- Up-to-date: /workspaces/isaac_ros-dev/install/slam_toolbox/include/slam_toolbox/visualization_utils.hpp
[7.832s] -- Up-to-date: /workspaces/isaac_ros-dev/install/slam_toolbox/include/slam_toolbox/snap_utils.hpp
[7.833s] -- Up-to-date: /workspaces/isaac_ros-dev/install/slam_toolbox/share/slam_toolbox/launch
[7.833s] -- Up-to-date: /workspaces/isaac_ros-dev/install/slam_toolbox/share/slam_toolbox/launch/online_sync_launch.py
[7.833s] -- Up-to-date: /workspaces/isaac_ros-dev/install/slam_toolbox/share/slam_toolbox/launch/merge_maps_kinematic_launch.py
[7.834s] -- Up-to-date: /workspaces/isaac_ros-dev/install/slam_toolbox/share/slam_toolbox/launch/offline_launch.py
[7.835s] -- Up-to-date: /workspaces/isaac_ros-dev/install/slam_toolbox/share/slam_toolbox/launch/online_async_launch.py
[7.835s] -- Up-to-date: /workspaces/isaac_ros-dev/install/slam_toolbox/share/slam_toolbox/launch/localization_launch.py
[7.837s] -- Up-to-date: /workspaces/isaac_ros-dev/install/slam_toolbox/share/slam_toolbox/launch/lifelong_launch.py
[7.837s] -- Up-to-date: /workspaces/isaac_ros-dev/install/slam_toolbox/share/slam_toolbox/config
[7.837s] -- Up-to-date: /workspaces/isaac_ros-dev/install/slam_toolbox/share/slam_toolbox/config/mapper_params_lifelong.yaml
[7.838s] -- Up-to-date: /workspaces/isaac_ros-dev/install/slam_toolbox/share/slam_toolbox/config/mapper_params_offline.yaml
[7.838s] -- Up-to-date: /workspaces/isaac_ros-dev/install/slam_toolbox/share/slam_toolbox/config/mapper_params_online_async.yaml
[7.839s] -- Up-to-date: /workspaces/isaac_ros-dev/install/slam_toolbox/share/slam_toolbox/config/mapper_params_localization.yaml
[7.839s] -- Up-to-date: /workspaces/isaac_ros-dev/install/slam_toolbox/share/slam_toolbox/config/mapper_params_online_sync.yaml
[7.839s] -- Up-to-date: /workspaces/isaac_ros-dev/install/slam_toolbox/share/slam_toolbox/config/slam_toolbox_default.rviz
[7.840s] -- Up-to-date: /workspaces/isaac_ros-dev/install/slam_toolbox/share/solver_plugins.xml
[7.840s] -- Up-to-date: /workspaces/isaac_ros-dev/install/slam_toolbox/share/rviz_plugins.xml
[7.840s] -- Up-to-date: /workspaces/isaac_ros-dev/install/slam_toolbox/share/ament_index/resource_index/package_run_dependencies/slam_toolbox
[7.841s] -- Up-to-date: /workspaces/isaac_ros-dev/install/slam_toolbox/share/ament_index/resource_index/parent_prefix_path/slam_toolbox
[7.841s] -- Up-to-date: /workspaces/isaac_ros-dev/install/slam_toolbox/share/slam_toolbox/environment/ament_prefix_path.sh
[7.841s] -- Up-to-date: /workspaces/isaac_ros-dev/install/slam_toolbox/share/slam_toolbox/environment/ament_prefix_path.dsv
[7.842s] -- Up-to-date: /workspaces/isaac_ros-dev/install/slam_toolbox/share/slam_toolbox/environment/path.sh
[7.843s] -- Up-to-date: /workspaces/isaac_ros-dev/install/slam_toolbox/share/slam_toolbox/environment/path.dsv
[7.843s] -- Up-to-date: /workspaces/isaac_ros-dev/install/slam_toolbox/share/slam_toolbox/local_setup.bash
[7.843s] -- Up-to-date: /workspaces/isaac_ros-dev/install/slam_toolbox/share/slam_toolbox/local_setup.sh
[7.843s] -- Up-to-date: /workspaces/isaac_ros-dev/install/slam_toolbox/share/slam_toolbox/local_setup.zsh
[7.852s] -- Up-to-date: /workspaces/isaac_ros-dev/install/slam_toolbox/share/slam_toolbox/local_setup.dsv
[7.852s] -- Installing: /workspaces/isaac_ros-dev/install/slam_toolbox/share/slam_toolbox/package.dsv
[7.852s] -- Up-to-date: /workspaces/isaac_ros-dev/install/slam_toolbox/share/ament_index/resource_index/packages/slam_toolbox
[7.853s] -- Up-to-date: /workspaces/isaac_ros-dev/install/slam_toolbox/share/ament_index/resource_index/rviz_common__pluginlib__plugin/slam_toolbox
[7.853s] -- Up-to-date: /workspaces/isaac_ros-dev/install/slam_toolbox/share/ament_index/resource_index/slam_toolbox__pluginlib__plugin/slam_toolbox
[7.853s] -- Up-to-date: /workspaces/isaac_ros-dev/install/slam_toolbox/share/slam_toolbox/cmake/export_slam_toolbox__rosidl_generator_cExport.cmake
[7.853s] -- Up-to-date: /workspaces/isaac_ros-dev/install/slam_toolbox/share/slam_toolbox/cmake/export_slam_toolbox__rosidl_generator_cExport-release.cmake
[7.854s] -- Up-to-date: /workspaces/isaac_ros-dev/install/slam_toolbox/share/slam_toolbox/cmake/export_slam_toolbox__rosidl_typesupport_fastrtps_cExport.cmake
[7.855s] -- Up-to-date: /workspaces/isaac_ros-dev/install/slam_toolbox/share/slam_toolbox/cmake/export_slam_toolbox__rosidl_typesupport_fastrtps_cExport-release.cmake
[7.855s] -- Up-to-date: /workspaces/isaac_ros-dev/install/slam_toolbox/share/slam_toolbox/cmake/export_slam_toolbox__rosidl_generator_cppExport.cmake
[7.855s] -- Up-to-date: /workspaces/isaac_ros-dev/install/slam_toolbox/share/slam_toolbox/cmake/export_slam_toolbox__rosidl_typesupport_fastrtps_cppExport.cmake
[7.856s] -- Up-to-date: /workspaces/isaac_ros-dev/install/slam_toolbox/share/slam_toolbox/cmake/export_slam_toolbox__rosidl_typesupport_fastrtps_cppExport-release.cmake
[7.856s] -- Up-to-date: /workspaces/isaac_ros-dev/install/slam_toolbox/share/slam_toolbox/cmake/slam_toolbox__rosidl_typesupport_introspection_cExport.cmake
[7.856s] -- Up-to-date: /workspaces/isaac_ros-dev/install/slam_toolbox/share/slam_toolbox/cmake/slam_toolbox__rosidl_typesupport_introspection_cExport-release.cmake
[7.857s] -- Up-to-date: /workspaces/isaac_ros-dev/install/slam_toolbox/share/slam_toolbox/cmake/slam_toolbox__rosidl_typesupport_cExport.cmake
[7.857s] -- Up-to-date: /workspaces/isaac_ros-dev/install/slam_toolbox/share/slam_toolbox/cmake/slam_toolbox__rosidl_typesupport_cExport-release.cmake
[7.857s] -- Up-to-date: /workspaces/isaac_ros-dev/install/slam_toolbox/share/slam_toolbox/cmake/slam_toolbox__rosidl_typesupport_introspection_cppExport.cmake
[7.858s] -- Up-to-date: /workspaces/isaac_ros-dev/install/slam_toolbox/share/slam_toolbox/cmake/slam_toolbox__rosidl_typesupport_introspection_cppExport-release.cmake
[7.858s] -- Up-to-date: /workspaces/isaac_ros-dev/install/slam_toolbox/share/slam_toolbox/cmake/slam_toolbox__rosidl_typesupport_cppExport.cmake
[7.858s] -- Up-to-date: /workspaces/isaac_ros-dev/install/slam_toolbox/share/slam_toolbox/cmake/slam_toolbox__rosidl_typesupport_cppExport-release.cmake
[7.859s] -- Up-to-date: /workspaces/isaac_ros-dev/install/slam_toolbox/share/slam_toolbox/cmake/export_slam_toolbox__rosidl_generator_pyExport.cmake
[7.859s] -- Up-to-date: /workspaces/isaac_ros-dev/install/slam_toolbox/share/slam_toolbox/cmake/export_slam_toolbox__rosidl_generator_pyExport-release.cmake
[7.859s] -- Up-to-date: /workspaces/isaac_ros-dev/install/slam_toolbox/share/slam_toolbox/cmake/SlamToolboxPluginExport.cmake
[7.859s] -- Up-to-date: /workspaces/isaac_ros-dev/install/slam_toolbox/share/slam_toolbox/cmake/SlamToolboxPluginExport-release.cmake
[7.860s] -- Up-to-date: /workspaces/isaac_ros-dev/install/slam_toolbox/share/slam_toolbox/cmake/rosidl_cmake-extras.cmake
[7.860s] -- Up-to-date: /workspaces/isaac_ros-dev/install/slam_toolbox/share/slam_toolbox/cmake/ament_cmake_export_dependencies-extras.cmake
[7.860s] -- Up-to-date: /workspaces/isaac_ros-dev/install/slam_toolbox/share/slam_toolbox/cmake/ament_cmake_export_include_directories-extras.cmake
[7.862s] -- Up-to-date: /workspaces/isaac_ros-dev/install/slam_toolbox/share/slam_toolbox/cmake/ament_cmake_export_libraries-extras.cmake
[7.862s] -- Up-to-date: /workspaces/isaac_ros-dev/install/slam_toolbox/share/slam_toolbox/cmake/ament_cmake_export_targets-extras.cmake
[7.866s] -- Up-to-date: /workspaces/isaac_ros-dev/install/slam_toolbox/share/slam_toolbox/cmake/rosidl_cmake_export_typesupport_targets-extras.cmake
[7.867s] -- Up-to-date: /workspaces/isaac_ros-dev/install/slam_toolbox/share/slam_toolbox/cmake/rosidl_cmake_export_typesupport_libraries-extras.cmake
[7.867s] -- Up-to-date: /workspaces/isaac_ros-dev/install/slam_toolbox/share/slam_toolbox/cmake/slam_toolboxConfig.cmake
[7.867s] -- Up-to-date: /workspaces/isaac_ros-dev/install/slam_toolbox/share/slam_toolbox/cmake/slam_toolboxConfig-version.cmake
[7.868s] -- Up-to-date: /workspaces/isaac_ros-dev/install/slam_toolbox/share/slam_toolbox/package.xml
[7.868s] -- Up-to-date: /workspaces/isaac_ros-dev/install/slam_toolbox/include/
[7.868s] -- Up-to-date: /workspaces/isaac_ros-dev/install/slam_toolbox/include//karto_sdk
[7.868s] -- Up-to-date: /workspaces/isaac_ros-dev/install/slam_toolbox/include//karto_sdk/nanoflann_adaptors.h
[7.869s] -- Up-to-date: /workspaces/isaac_ros-dev/install/slam_toolbox/include//karto_sdk/Macros.h
[7.869s] -- Up-to-date: /workspaces/isaac_ros-dev/install/slam_toolbox/include//karto_sdk/Mapper.h
[7.869s] -- Up-to-date: /workspaces/isaac_ros-dev/install/slam_toolbox/include//karto_sdk/Math.h
[7.869s] -- Up-to-date: /workspaces/isaac_ros-dev/install/slam_toolbox/include//karto_sdk/Types.h
[7.870s] -- Up-to-date: /workspaces/isaac_ros-dev/install/slam_toolbox/include//karto_sdk/nanoflann.hpp
[7.870s] -- Up-to-date: /workspaces/isaac_ros-dev/install/slam_toolbox/include//karto_sdk/Karto.h
[7.870s] -- Up-to-date: /workspaces/isaac_ros-dev/install/slam_toolbox/lib/libkartoSlamToolbox.so
[7.871s] -- Up-to-date: /workspaces/isaac_ros-dev/install/slam_toolbox/share/karto_sdk/environment/library_path.sh
[7.872s] -- Up-to-date: /workspaces/isaac_ros-dev/install/slam_toolbox/share/karto_sdk/environment/library_path.dsv
[7.874s] -- Up-to-date: /workspaces/isaac_ros-dev/install/slam_toolbox/share/ament_index/resource_index/package_run_dependencies/karto_sdk
[7.875s] -- Up-to-date: /workspaces/isaac_ros-dev/install/slam_toolbox/share/ament_index/resource_index/parent_prefix_path/karto_sdk
[7.875s] -- Up-to-date: /workspaces/isaac_ros-dev/install/slam_toolbox/share/karto_sdk/environment/ament_prefix_path.sh
[7.876s] -- Up-to-date: /workspaces/isaac_ros-dev/install/slam_toolbox/share/karto_sdk/environment/ament_prefix_path.dsv
[7.893s] -- Up-to-date: /workspaces/isaac_ros-dev/install/slam_toolbox/share/karto_sdk/environment/path.sh
[7.899s] -- Up-to-date: /workspaces/isaac_ros-dev/install/slam_toolbox/share/karto_sdk/environment/path.dsv
[7.899s] -- Up-to-date: /workspaces/isaac_ros-dev/install/slam_toolbox/share/karto_sdk/local_setup.bash
[7.899s] -- Up-to-date: /workspaces/isaac_ros-dev/install/slam_toolbox/share/karto_sdk/local_setup.sh
[7.900s] -- Up-to-date: /workspaces/isaac_ros-dev/install/slam_toolbox/share/karto_sdk/local_setup.zsh
[7.900s] -- Up-to-date: /workspaces/isaac_ros-dev/install/slam_toolbox/share/karto_sdk/local_setup.dsv
[7.900s] -- Up-to-date: /workspaces/isaac_ros-dev/install/slam_toolbox/share/karto_sdk/package.dsv
[7.900s] -- Up-to-date: /workspaces/isaac_ros-dev/install/slam_toolbox/share/ament_index/resource_index/packages/karto_sdk
[7.900s] -- Up-to-date: /workspaces/isaac_ros-dev/install/slam_toolbox/share/karto_sdk/cmake/ament_cmake_export_libraries-extras.cmake
[7.901s] -- Up-to-date: /workspaces/isaac_ros-dev/install/slam_toolbox/share/karto_sdk/cmake/ament_cmake_export_include_directories-extras.cmake
[7.901s] -- Up-to-date: /workspaces/isaac_ros-dev/install/slam_toolbox/share/karto_sdk/cmake/ament_cmake_export_dependencies-extras.cmake
[7.901s] -- Up-to-date: /workspaces/isaac_ros-dev/install/slam_toolbox/share/karto_sdk/cmake/karto_sdkConfig.cmake
[7.902s] -- Up-to-date: /workspaces/isaac_ros-dev/install/slam_toolbox/share/karto_sdk/cmake/karto_sdkConfig-version.cmake
[7.902s] -- Up-to-date: /workspaces/isaac_ros-dev/install/slam_toolbox/share/karto_sdk/package.xml
[7.903s] Invoked command in '/workspaces/isaac_ros-dev/build/slam_toolbox' returned '0': CMAKE_PREFIX_PATH=/workspaces/isaac_ros-dev/install/yolov8_bringup:/workspaces/isaac_ros-dev/install/multisense_ros:/workspaces/isaac_ros-dev/install/xacro:/workspaces/isaac_ros-dev/install/vision_msgs_rviz_plugins:/workspaces/isaac_ros-dev/install/vision_msgs:/workspaces/isaac_ros-dev/install/velodyne:/workspaces/isaac_ros-dev/install/velodyne_pointcloud:/workspaces/isaac_ros-dev/install/velodyne_driver:/workspaces/isaac_ros-dev/install/velodyne_msgs:/workspaces/isaac_ros-dev/install/velodyne_laserscan:/workspaces/isaac_ros-dev/install/vectornav:/workspaces/isaac_ros-dev/install/sdv_localization:/workspaces/isaac_ros-dev/install/vectornav_msgs:/workspaces/isaac_ros-dev/install/slam_toolbox:/workspaces/isaac_ros-dev/install/sdv_msg:/workspaces/isaac_ros-dev/install/sdv_localization_msgs:/workspaces/isaac_ros-dev/install/pointcloud_to_laserscan:/workspaces/isaac_ros-dev/install/my_package:/workspaces/isaac_ros-dev/install/multisense_msgs:/workspaces/isaac_ros-dev/install/multisense_lib:/workspaces/isaac_ros-dev/install/isaac_ros_visual_slam:/workspaces/isaac_ros-dev/install/isaac_ros_visual_slam_interfaces:/workspaces/isaac_ros-dev/install/isaac_ros_tensor_list_interfaces:/workspaces/isaac_ros-dev/install/isaac_ros_common:/workspaces/isaac_ros-dev/install/isaac_ros_bi3d_interfaces:/workspaces/isaac_ros-dev/install/isaac_ros_apriltag_interfaces:/workspaces/isaac_ros-dev/install/yolov8_ros:/workspaces/isaac_ros-dev/install/xbox_controller:/workspaces/isaac_ros-dev/install/panel:/workspaces/isaac_ros-dev/install/isaac_ros_test:/workspaces/isaac_ros-dev/install/encoder:/opt/ros/humble/install /usr/bin/cmake --install /workspaces/isaac_ros-dev/build/slam_toolbox
