[6.371s] Invoking command in '/workspaces/isaac_ros-dev/src/encoder': PYTHONPATH=/workspaces/isaac_ros-dev/install/encoder/lib/python3.8/site-packages:${PYTHONPATH} /usr/bin/python3 setup.py egg_info --egg-base ../../build/encoder build --build-base /workspaces/isaac_ros-dev/build/encoder/build install --prefix /workspaces/isaac_ros-dev/install/encoder --record /workspaces/isaac_ros-dev/build/encoder/install.log --single-version-externally-managed
[8.489s] running egg_info
[8.547s] writing ../../build/encoder/encoder.egg-info/PKG-INFO
[8.548s] writing dependency_links to ../../build/encoder/encoder.egg-info/dependency_links.txt
[8.548s] writing entry points to ../../build/encoder/encoder.egg-info/entry_points.txt
[8.549s] writing requirements to ../../build/encoder/encoder.egg-info/requires.txt
[8.549s] writing top-level names to ../../build/encoder/encoder.egg-info/top_level.txt
[8.662s] reading manifest file '../../build/encoder/encoder.egg-info/SOURCES.txt'
[8.665s] writing manifest file '../../build/encoder/encoder.egg-info/SOURCES.txt'
[8.665s] running build
[8.666s] running build_py
[8.666s] running install
[8.684s] running install_lib
[8.739s] running install_data
[8.791s] running install_egg_info
[8.845s] removing '/workspaces/isaac_ros-dev/install/encoder/lib/python3.8/site-packages/encoder-0.0.0-py3.8.egg-info' (and everything under it)
[8.846s] Copying ../../build/encoder/encoder.egg-info to /workspaces/isaac_ros-dev/install/encoder/lib/python3.8/site-packages/encoder-0.0.0-py3.8.egg-info
[8.850s] running install_scripts
[9.118s] Installing encoder_rm script to /workspaces/isaac_ros-dev/install/encoder/lib/encoder
[9.120s] writing list of installed files to '/workspaces/isaac_ros-dev/build/encoder/install.log'
[9.981s] Invoked command in '/workspaces/isaac_ros-dev/src/encoder' returned '0': PYTHONPATH=/workspaces/isaac_ros-dev/install/encoder/lib/python3.8/site-packages:${PYTHONPATH} /usr/bin/python3 setup.py egg_info --egg-base ../../build/encoder build --build-base /workspaces/isaac_ros-dev/build/encoder/build install --prefix /workspaces/isaac_ros-dev/install/encoder --record /workspaces/isaac_ros-dev/build/encoder/install.log --single-version-externally-managed
