[2.380s] Invoking command in '/workspaces/isaac_ros-dev/build/isaac_ros_visual_slam_interfaces': CMAKE_PREFIX_PATH=/workspaces/isaac_ros-dev/install/yolov8_bringup:/workspaces/isaac_ros-dev/install/multisense_ros:/workspaces/isaac_ros-dev/install/xacro:/workspaces/isaac_ros-dev/install/vision_msgs_rviz_plugins:/workspaces/isaac_ros-dev/install/vision_msgs:/workspaces/isaac_ros-dev/install/velodyne:/workspaces/isaac_ros-dev/install/velodyne_pointcloud:/workspaces/isaac_ros-dev/install/velodyne_driver:/workspaces/isaac_ros-dev/install/velodyne_msgs:/workspaces/isaac_ros-dev/install/velodyne_laserscan:/workspaces/isaac_ros-dev/install/vectornav:/workspaces/isaac_ros-dev/install/sdv_localization:/workspaces/isaac_ros-dev/install/vectornav_msgs:/workspaces/isaac_ros-dev/install/slam_toolbox:/workspaces/isaac_ros-dev/install/sdv_msg:/workspaces/isaac_ros-dev/install/sdv_localization_msgs:/workspaces/isaac_ros-dev/install/pointcloud_to_laserscan:/workspaces/isaac_ros-dev/install/my_package:/workspaces/isaac_ros-dev/install/multisense_msgs:/workspaces/isaac_ros-dev/install/multisense_lib:/workspaces/isaac_ros-dev/install/isaac_ros_visual_slam:/workspaces/isaac_ros-dev/install/isaac_ros_visual_slam_interfaces:/workspaces/isaac_ros-dev/install/isaac_ros_tensor_list_interfaces:/workspaces/isaac_ros-dev/install/isaac_ros_common:/workspaces/isaac_ros-dev/install/isaac_ros_bi3d_interfaces:/workspaces/isaac_ros-dev/install/isaac_ros_apriltag_interfaces:/workspaces/isaac_ros-dev/install/yolov8_ros:/workspaces/isaac_ros-dev/install/xbox_controller:/workspaces/isaac_ros-dev/install/panel:/workspaces/isaac_ros-dev/install/isaac_ros_test:/workspaces/isaac_ros-dev/install/encoder:/opt/ros/humble/install /usr/bin/cmake --build /workspaces/isaac_ros-dev/build/isaac_ros_visual_slam_interfaces -- -j8 -l8
[2.647s] [  1%] Built target isaac_ros_visual_slam_interfaces__cpp
[2.652s] [ 12%] Built target isaac_ros_visual_slam_interfaces__rosidl_generator_c
[2.780s] [ 12%] Built target ament_cmake_python_copy_isaac_ros_visual_slam_interfaces
[3.018s] [ 23%] Built target isaac_ros_visual_slam_interfaces__rosidl_typesupport_cpp
[3.065s] [ 35%] Built target isaac_ros_visual_slam_interfaces__rosidl_typesupport_fastrtps_cpp
[3.069s] [ 46%] Built target isaac_ros_visual_slam_interfaces__rosidl_typesupport_introspection_cpp
[3.123s] [ 57%] Built target isaac_ros_visual_slam_interfaces__rosidl_typesupport_fastrtps_c
[3.195s] [ 69%] Built target isaac_ros_visual_slam_interfaces__rosidl_typesupport_c
[3.273s] [ 80%] Built target isaac_ros_visual_slam_interfaces__rosidl_typesupport_introspection_c
[3.559s] [ 80%] Built target isaac_ros_visual_slam_interfaces
[3.722s] [ 81%] Built target isaac_ros_visual_slam_interfaces__py
[3.942s] [ 91%] Built target isaac_ros_visual_slam_interfaces__rosidl_generator_py
[4.206s] [ 97%] Built target isaac_ros_visual_slam_interfaces__rosidl_typesupport_c__pyext
[4.207s] [ 97%] Built target isaac_ros_visual_slam_interfaces__rosidl_typesupport_fastrtps_c__pyext
[4.238s] [100%] Built target isaac_ros_visual_slam_interfaces__rosidl_typesupport_introspection_c__pyext
[5.144s] running egg_info
[5.223s] writing isaac_ros_visual_slam_interfaces.egg-info/PKG-INFO
[5.223s] writing dependency_links to isaac_ros_visual_slam_interfaces.egg-info/dependency_links.txt
[5.223s] writing top-level names to isaac_ros_visual_slam_interfaces.egg-info/top_level.txt
[5.422s] reading manifest file 'isaac_ros_visual_slam_interfaces.egg-info/SOURCES.txt'
[5.436s] writing manifest file 'isaac_ros_visual_slam_interfaces.egg-info/SOURCES.txt'
[5.608s] [100%] Built target ament_cmake_python_build_isaac_ros_visual_slam_interfaces_egg
[5.766s] Invoked command in '/workspaces/isaac_ros-dev/build/isaac_ros_visual_slam_interfaces' returned '0': CMAKE_PREFIX_PATH=/workspaces/isaac_ros-dev/install/yolov8_bringup:/workspaces/isaac_ros-dev/install/multisense_ros:/workspaces/isaac_ros-dev/install/xacro:/workspaces/isaac_ros-dev/install/vision_msgs_rviz_plugins:/workspaces/isaac_ros-dev/install/vision_msgs:/workspaces/isaac_ros-dev/install/velodyne:/workspaces/isaac_ros-dev/install/velodyne_pointcloud:/workspaces/isaac_ros-dev/install/velodyne_driver:/workspaces/isaac_ros-dev/install/velodyne_msgs:/workspaces/isaac_ros-dev/install/velodyne_laserscan:/workspaces/isaac_ros-dev/install/vectornav:/workspaces/isaac_ros-dev/install/sdv_localization:/workspaces/isaac_ros-dev/install/vectornav_msgs:/workspaces/isaac_ros-dev/install/slam_toolbox:/workspaces/isaac_ros-dev/install/sdv_msg:/workspaces/isaac_ros-dev/install/sdv_localization_msgs:/workspaces/isaac_ros-dev/install/pointcloud_to_laserscan:/workspaces/isaac_ros-dev/install/my_package:/workspaces/isaac_ros-dev/install/multisense_msgs:/workspaces/isaac_ros-dev/install/multisense_lib:/workspaces/isaac_ros-dev/install/isaac_ros_visual_slam:/workspaces/isaac_ros-dev/install/isaac_ros_visual_slam_interfaces:/workspaces/isaac_ros-dev/install/isaac_ros_tensor_list_interfaces:/workspaces/isaac_ros-dev/install/isaac_ros_common:/workspaces/isaac_ros-dev/install/isaac_ros_bi3d_interfaces:/workspaces/isaac_ros-dev/install/isaac_ros_apriltag_interfaces:/workspaces/isaac_ros-dev/install/yolov8_ros:/workspaces/isaac_ros-dev/install/xbox_controller:/workspaces/isaac_ros-dev/install/panel:/workspaces/isaac_ros-dev/install/isaac_ros_test:/workspaces/isaac_ros-dev/install/encoder:/opt/ros/humble/install /usr/bin/cmake --build /workspaces/isaac_ros-dev/build/isaac_ros_visual_slam_interfaces -- -j8 -l8
[8.373s] Invoking command in '/workspaces/isaac_ros-dev/build/isaac_ros_visual_slam_interfaces': CMAKE_PREFIX_PATH=/workspaces/isaac_ros-dev/install/yolov8_bringup:/workspaces/isaac_ros-dev/install/multisense_ros:/workspaces/isaac_ros-dev/install/xacro:/workspaces/isaac_ros-dev/install/vision_msgs_rviz_plugins:/workspaces/isaac_ros-dev/install/vision_msgs:/workspaces/isaac_ros-dev/install/velodyne:/workspaces/isaac_ros-dev/install/velodyne_pointcloud:/workspaces/isaac_ros-dev/install/velodyne_driver:/workspaces/isaac_ros-dev/install/velodyne_msgs:/workspaces/isaac_ros-dev/install/velodyne_laserscan:/workspaces/isaac_ros-dev/install/vectornav:/workspaces/isaac_ros-dev/install/sdv_localization:/workspaces/isaac_ros-dev/install/vectornav_msgs:/workspaces/isaac_ros-dev/install/slam_toolbox:/workspaces/isaac_ros-dev/install/sdv_msg:/workspaces/isaac_ros-dev/install/sdv_localization_msgs:/workspaces/isaac_ros-dev/install/pointcloud_to_laserscan:/workspaces/isaac_ros-dev/install/my_package:/workspaces/isaac_ros-dev/install/multisense_msgs:/workspaces/isaac_ros-dev/install/multisense_lib:/workspaces/isaac_ros-dev/install/isaac_ros_visual_slam:/workspaces/isaac_ros-dev/install/isaac_ros_visual_slam_interfaces:/workspaces/isaac_ros-dev/install/isaac_ros_tensor_list_interfaces:/workspaces/isaac_ros-dev/install/isaac_ros_common:/workspaces/isaac_ros-dev/install/isaac_ros_bi3d_interfaces:/workspaces/isaac_ros-dev/install/isaac_ros_apriltag_interfaces:/workspaces/isaac_ros-dev/install/yolov8_ros:/workspaces/isaac_ros-dev/install/xbox_controller:/workspaces/isaac_ros-dev/install/panel:/workspaces/isaac_ros-dev/install/isaac_ros_test:/workspaces/isaac_ros-dev/install/encoder:/opt/ros/humble/install /usr/bin/cmake --install /workspaces/isaac_ros-dev/build/isaac_ros_visual_slam_interfaces
[8.406s] -- Install configuration: "Release"
[8.410s] -- Up-to-date: /workspaces/isaac_ros-dev/install/isaac_ros_visual_slam_interfaces/share/ament_index/resource_index/rosidl_interfaces/isaac_ros_visual_slam_interfaces
[8.415s] -- Up-to-date: /workspaces/isaac_ros-dev/install/isaac_ros_visual_slam_interfaces/include/isaac_ros_visual_slam_interfaces/isaac_ros_visual_slam_interfaces
[8.416s] -- Up-to-date: /workspaces/isaac_ros-dev/install/isaac_ros_visual_slam_interfaces/include/isaac_ros_visual_slam_interfaces/isaac_ros_visual_slam_interfaces/action
[8.418s] -- Up-to-date: /workspaces/isaac_ros-dev/install/isaac_ros_visual_slam_interfaces/include/isaac_ros_visual_slam_interfaces/isaac_ros_visual_slam_interfaces/action/save_map.h
[8.418s] -- Up-to-date: /workspaces/isaac_ros-dev/install/isaac_ros_visual_slam_interfaces/include/isaac_ros_visual_slam_interfaces/isaac_ros_visual_slam_interfaces/action/detail
[8.419s] -- Up-to-date: /workspaces/isaac_ros-dev/install/isaac_ros_visual_slam_interfaces/include/isaac_ros_visual_slam_interfaces/isaac_ros_visual_slam_interfaces/action/detail/load_map_and_localize__struct.h
[8.420s] -- Up-to-date: /workspaces/isaac_ros-dev/install/isaac_ros_visual_slam_interfaces/include/isaac_ros_visual_slam_interfaces/isaac_ros_visual_slam_interfaces/action/detail/save_map__struct.h
[8.420s] -- Up-to-date: /workspaces/isaac_ros-dev/install/isaac_ros_visual_slam_interfaces/include/isaac_ros_visual_slam_interfaces/isaac_ros_visual_slam_interfaces/action/detail/load_map_and_localize__type_support.h
[8.420s] -- Up-to-date: /workspaces/isaac_ros-dev/install/isaac_ros_visual_slam_interfaces/include/isaac_ros_visual_slam_interfaces/isaac_ros_visual_slam_interfaces/action/detail/save_map__functions.c
[8.421s] -- Up-to-date: /workspaces/isaac_ros-dev/install/isaac_ros_visual_slam_interfaces/include/isaac_ros_visual_slam_interfaces/isaac_ros_visual_slam_interfaces/action/detail/save_map__type_support.h
[8.421s] -- Up-to-date: /workspaces/isaac_ros-dev/install/isaac_ros_visual_slam_interfaces/include/isaac_ros_visual_slam_interfaces/isaac_ros_visual_slam_interfaces/action/detail/load_map_and_localize__functions.c
[8.421s] -- Up-to-date: /workspaces/isaac_ros-dev/install/isaac_ros_visual_slam_interfaces/include/isaac_ros_visual_slam_interfaces/isaac_ros_visual_slam_interfaces/action/detail/load_map_and_localize__functions.h
[8.422s] -- Up-to-date: /workspaces/isaac_ros-dev/install/isaac_ros_visual_slam_interfaces/include/isaac_ros_visual_slam_interfaces/isaac_ros_visual_slam_interfaces/action/detail/save_map__functions.h
[8.423s] -- Up-to-date: /workspaces/isaac_ros-dev/install/isaac_ros_visual_slam_interfaces/include/isaac_ros_visual_slam_interfaces/isaac_ros_visual_slam_interfaces/action/load_map_and_localize.h
[8.424s] -- Up-to-date: /workspaces/isaac_ros-dev/install/isaac_ros_visual_slam_interfaces/include/isaac_ros_visual_slam_interfaces/isaac_ros_visual_slam_interfaces/srv
[8.424s] -- Up-to-date: /workspaces/isaac_ros-dev/install/isaac_ros_visual_slam_interfaces/include/isaac_ros_visual_slam_interfaces/isaac_ros_visual_slam_interfaces/srv/get_all_poses.h
[8.424s] -- Up-to-date: /workspaces/isaac_ros-dev/install/isaac_ros_visual_slam_interfaces/include/isaac_ros_visual_slam_interfaces/isaac_ros_visual_slam_interfaces/srv/set_odometry_pose.h
[8.424s] -- Up-to-date: /workspaces/isaac_ros-dev/install/isaac_ros_visual_slam_interfaces/include/isaac_ros_visual_slam_interfaces/isaac_ros_visual_slam_interfaces/srv/detail
[8.425s] -- Up-to-date: /workspaces/isaac_ros-dev/install/isaac_ros_visual_slam_interfaces/include/isaac_ros_visual_slam_interfaces/isaac_ros_visual_slam_interfaces/srv/detail/set_odometry_pose__functions.h
[8.425s] -- Up-to-date: /workspaces/isaac_ros-dev/install/isaac_ros_visual_slam_interfaces/include/isaac_ros_visual_slam_interfaces/isaac_ros_visual_slam_interfaces/srv/detail/get_all_poses__type_support.h
[8.426s] -- Up-to-date: /workspaces/isaac_ros-dev/install/isaac_ros_visual_slam_interfaces/include/isaac_ros_visual_slam_interfaces/isaac_ros_visual_slam_interfaces/srv/detail/get_all_poses__functions.c
[8.427s] -- Up-to-date: /workspaces/isaac_ros-dev/install/isaac_ros_visual_slam_interfaces/include/isaac_ros_visual_slam_interfaces/isaac_ros_visual_slam_interfaces/srv/detail/reset__functions.c
[8.427s] -- Up-to-date: /workspaces/isaac_ros-dev/install/isaac_ros_visual_slam_interfaces/include/isaac_ros_visual_slam_interfaces/isaac_ros_visual_slam_interfaces/srv/detail/reset__type_support.h
[8.427s] -- Up-to-date: /workspaces/isaac_ros-dev/install/isaac_ros_visual_slam_interfaces/include/isaac_ros_visual_slam_interfaces/isaac_ros_visual_slam_interfaces/srv/detail/reset__struct.h
[8.428s] -- Up-to-date: /workspaces/isaac_ros-dev/install/isaac_ros_visual_slam_interfaces/include/isaac_ros_visual_slam_interfaces/isaac_ros_visual_slam_interfaces/srv/detail/set_odometry_pose__functions.c
[8.428s] -- Up-to-date: /workspaces/isaac_ros-dev/install/isaac_ros_visual_slam_interfaces/include/isaac_ros_visual_slam_interfaces/isaac_ros_visual_slam_interfaces/srv/detail/get_all_poses__struct.h
[8.428s] -- Up-to-date: /workspaces/isaac_ros-dev/install/isaac_ros_visual_slam_interfaces/include/isaac_ros_visual_slam_interfaces/isaac_ros_visual_slam_interfaces/srv/detail/set_odometry_pose__type_support.h
[8.429s] -- Up-to-date: /workspaces/isaac_ros-dev/install/isaac_ros_visual_slam_interfaces/include/isaac_ros_visual_slam_interfaces/isaac_ros_visual_slam_interfaces/srv/detail/get_all_poses__functions.h
[8.429s] -- Up-to-date: /workspaces/isaac_ros-dev/install/isaac_ros_visual_slam_interfaces/include/isaac_ros_visual_slam_interfaces/isaac_ros_visual_slam_interfaces/srv/detail/reset__functions.h
[8.429s] -- Up-to-date: /workspaces/isaac_ros-dev/install/isaac_ros_visual_slam_interfaces/include/isaac_ros_visual_slam_interfaces/isaac_ros_visual_slam_interfaces/srv/detail/set_odometry_pose__struct.h
[8.429s] -- Up-to-date: /workspaces/isaac_ros-dev/install/isaac_ros_visual_slam_interfaces/include/isaac_ros_visual_slam_interfaces/isaac_ros_visual_slam_interfaces/srv/reset.h
[8.430s] -- Up-to-date: /workspaces/isaac_ros-dev/install/isaac_ros_visual_slam_interfaces/include/isaac_ros_visual_slam_interfaces/isaac_ros_visual_slam_interfaces/msg
[8.430s] -- Up-to-date: /workspaces/isaac_ros-dev/install/isaac_ros_visual_slam_interfaces/include/isaac_ros_visual_slam_interfaces/isaac_ros_visual_slam_interfaces/msg/rosidl_generator_c__visibility_control.h
[8.430s] -- Up-to-date: /workspaces/isaac_ros-dev/install/isaac_ros_visual_slam_interfaces/include/isaac_ros_visual_slam_interfaces/isaac_ros_visual_slam_interfaces/msg/visual_slam_status.h
[8.430s] -- Up-to-date: /workspaces/isaac_ros-dev/install/isaac_ros_visual_slam_interfaces/include/isaac_ros_visual_slam_interfaces/isaac_ros_visual_slam_interfaces/msg/detail
[8.431s] -- Up-to-date: /workspaces/isaac_ros-dev/install/isaac_ros_visual_slam_interfaces/include/isaac_ros_visual_slam_interfaces/isaac_ros_visual_slam_interfaces/msg/detail/visual_slam_status__functions.c
[8.431s] -- Up-to-date: /workspaces/isaac_ros-dev/install/isaac_ros_visual_slam_interfaces/include/isaac_ros_visual_slam_interfaces/isaac_ros_visual_slam_interfaces/msg/detail/visual_slam_status__type_support.h
[8.431s] -- Up-to-date: /workspaces/isaac_ros-dev/install/isaac_ros_visual_slam_interfaces/include/isaac_ros_visual_slam_interfaces/isaac_ros_visual_slam_interfaces/msg/detail/visual_slam_status__struct.h
[8.433s] -- Up-to-date: /workspaces/isaac_ros-dev/install/isaac_ros_visual_slam_interfaces/include/isaac_ros_visual_slam_interfaces/isaac_ros_visual_slam_interfaces/msg/detail/visual_slam_status__functions.h
[8.433s] -- Up-to-date: /workspaces/isaac_ros-dev/install/isaac_ros_visual_slam_interfaces/share/isaac_ros_visual_slam_interfaces/environment/library_path.sh
[8.433s] -- Up-to-date: /workspaces/isaac_ros-dev/install/isaac_ros_visual_slam_interfaces/share/isaac_ros_visual_slam_interfaces/environment/library_path.dsv
[8.441s] -- Up-to-date: /workspaces/isaac_ros-dev/install/isaac_ros_visual_slam_interfaces/lib/libisaac_ros_visual_slam_interfaces__rosidl_generator_c.so
[8.441s] -- Up-to-date: /workspaces/isaac_ros-dev/install/isaac_ros_visual_slam_interfaces/include/isaac_ros_visual_slam_interfaces/isaac_ros_visual_slam_interfaces
[8.442s] -- Up-to-date: /workspaces/isaac_ros-dev/install/isaac_ros_visual_slam_interfaces/include/isaac_ros_visual_slam_interfaces/isaac_ros_visual_slam_interfaces/action
[8.442s] -- Up-to-date: /workspaces/isaac_ros-dev/install/isaac_ros_visual_slam_interfaces/include/isaac_ros_visual_slam_interfaces/isaac_ros_visual_slam_interfaces/action/detail
[8.444s] -- Up-to-date: /workspaces/isaac_ros-dev/install/isaac_ros_visual_slam_interfaces/include/isaac_ros_visual_slam_interfaces/isaac_ros_visual_slam_interfaces/action/detail/load_map_and_localize__rosidl_typesupport_fastrtps_c.h
[8.446s] -- Up-to-date: /workspaces/isaac_ros-dev/install/isaac_ros_visual_slam_interfaces/include/isaac_ros_visual_slam_interfaces/isaac_ros_visual_slam_interfaces/action/detail/save_map__rosidl_typesupport_fastrtps_c.h
[8.446s] -- Up-to-date: /workspaces/isaac_ros-dev/install/isaac_ros_visual_slam_interfaces/include/isaac_ros_visual_slam_interfaces/isaac_ros_visual_slam_interfaces/srv
[8.446s] -- Up-to-date: /workspaces/isaac_ros-dev/install/isaac_ros_visual_slam_interfaces/include/isaac_ros_visual_slam_interfaces/isaac_ros_visual_slam_interfaces/srv/detail
[8.447s] -- Up-to-date: /workspaces/isaac_ros-dev/install/isaac_ros_visual_slam_interfaces/include/isaac_ros_visual_slam_interfaces/isaac_ros_visual_slam_interfaces/srv/detail/set_odometry_pose__rosidl_typesupport_fastrtps_c.h
[8.447s] -- Up-to-date: /workspaces/isaac_ros-dev/install/isaac_ros_visual_slam_interfaces/include/isaac_ros_visual_slam_interfaces/isaac_ros_visual_slam_interfaces/srv/detail/reset__rosidl_typesupport_fastrtps_c.h
[8.449s] -- Up-to-date: /workspaces/isaac_ros-dev/install/isaac_ros_visual_slam_interfaces/include/isaac_ros_visual_slam_interfaces/isaac_ros_visual_slam_interfaces/srv/detail/get_all_poses__rosidl_typesupport_fastrtps_c.h
[8.449s] -- Up-to-date: /workspaces/isaac_ros-dev/install/isaac_ros_visual_slam_interfaces/include/isaac_ros_visual_slam_interfaces/isaac_ros_visual_slam_interfaces/msg
[8.449s] -- Up-to-date: /workspaces/isaac_ros-dev/install/isaac_ros_visual_slam_interfaces/include/isaac_ros_visual_slam_interfaces/isaac_ros_visual_slam_interfaces/msg/rosidl_typesupport_fastrtps_c__visibility_control.h
[8.449s] -- Up-to-date: /workspaces/isaac_ros-dev/install/isaac_ros_visual_slam_interfaces/include/isaac_ros_visual_slam_interfaces/isaac_ros_visual_slam_interfaces/msg/detail
[8.450s] -- Up-to-date: /workspaces/isaac_ros-dev/install/isaac_ros_visual_slam_interfaces/include/isaac_ros_visual_slam_interfaces/isaac_ros_visual_slam_interfaces/msg/detail/visual_slam_status__rosidl_typesupport_fastrtps_c.h
[8.450s] -- Up-to-date: /workspaces/isaac_ros-dev/install/isaac_ros_visual_slam_interfaces/lib/libisaac_ros_visual_slam_interfaces__rosidl_typesupport_fastrtps_c.so
[8.450s] -- Up-to-date: /workspaces/isaac_ros-dev/install/isaac_ros_visual_slam_interfaces/include/isaac_ros_visual_slam_interfaces/isaac_ros_visual_slam_interfaces
[8.450s] -- Up-to-date: /workspaces/isaac_ros-dev/install/isaac_ros_visual_slam_interfaces/include/isaac_ros_visual_slam_interfaces/isaac_ros_visual_slam_interfaces/action
[8.451s] -- Up-to-date: /workspaces/isaac_ros-dev/install/isaac_ros_visual_slam_interfaces/include/isaac_ros_visual_slam_interfaces/isaac_ros_visual_slam_interfaces/action/detail
[8.451s] -- Up-to-date: /workspaces/isaac_ros-dev/install/isaac_ros_visual_slam_interfaces/include/isaac_ros_visual_slam_interfaces/isaac_ros_visual_slam_interfaces/action/detail/load_map_and_localize__rosidl_typesupport_introspection_c.h
[8.451s] -- Up-to-date: /workspaces/isaac_ros-dev/install/isaac_ros_visual_slam_interfaces/include/isaac_ros_visual_slam_interfaces/isaac_ros_visual_slam_interfaces/action/detail/save_map__rosidl_typesupport_introspection_c.h
[8.451s] -- Up-to-date: /workspaces/isaac_ros-dev/install/isaac_ros_visual_slam_interfaces/include/isaac_ros_visual_slam_interfaces/isaac_ros_visual_slam_interfaces/action/detail/save_map__type_support.c
[8.452s] -- Up-to-date: /workspaces/isaac_ros-dev/install/isaac_ros_visual_slam_interfaces/include/isaac_ros_visual_slam_interfaces/isaac_ros_visual_slam_interfaces/action/detail/load_map_and_localize__type_support.c
[8.452s] -- Up-to-date: /workspaces/isaac_ros-dev/install/isaac_ros_visual_slam_interfaces/include/isaac_ros_visual_slam_interfaces/isaac_ros_visual_slam_interfaces/srv
[8.452s] -- Up-to-date: /workspaces/isaac_ros-dev/install/isaac_ros_visual_slam_interfaces/include/isaac_ros_visual_slam_interfaces/isaac_ros_visual_slam_interfaces/srv/detail
[8.452s] -- Up-to-date: /workspaces/isaac_ros-dev/install/isaac_ros_visual_slam_interfaces/include/isaac_ros_visual_slam_interfaces/isaac_ros_visual_slam_interfaces/srv/detail/reset__rosidl_typesupport_introspection_c.h
[8.452s] -- Up-to-date: /workspaces/isaac_ros-dev/install/isaac_ros_visual_slam_interfaces/include/isaac_ros_visual_slam_interfaces/isaac_ros_visual_slam_interfaces/srv/detail/set_odometry_pose__type_support.c
[8.453s] -- Up-to-date: /workspaces/isaac_ros-dev/install/isaac_ros_visual_slam_interfaces/include/isaac_ros_visual_slam_interfaces/isaac_ros_visual_slam_interfaces/srv/detail/get_all_poses__rosidl_typesupport_introspection_c.h
[8.453s] -- Up-to-date: /workspaces/isaac_ros-dev/install/isaac_ros_visual_slam_interfaces/include/isaac_ros_visual_slam_interfaces/isaac_ros_visual_slam_interfaces/srv/detail/set_odometry_pose__rosidl_typesupport_introspection_c.h
[8.453s] -- Up-to-date: /workspaces/isaac_ros-dev/install/isaac_ros_visual_slam_interfaces/include/isaac_ros_visual_slam_interfaces/isaac_ros_visual_slam_interfaces/srv/detail/get_all_poses__type_support.c
[8.454s] -- Up-to-date: /workspaces/isaac_ros-dev/install/isaac_ros_visual_slam_interfaces/include/isaac_ros_visual_slam_interfaces/isaac_ros_visual_slam_interfaces/srv/detail/reset__type_support.c
[8.454s] -- Up-to-date: /workspaces/isaac_ros-dev/install/isaac_ros_visual_slam_interfaces/include/isaac_ros_visual_slam_interfaces/isaac_ros_visual_slam_interfaces/msg
[8.454s] -- Up-to-date: /workspaces/isaac_ros-dev/install/isaac_ros_visual_slam_interfaces/include/isaac_ros_visual_slam_interfaces/isaac_ros_visual_slam_interfaces/msg/detail
[8.454s] -- Up-to-date: /workspaces/isaac_ros-dev/install/isaac_ros_visual_slam_interfaces/include/isaac_ros_visual_slam_interfaces/isaac_ros_visual_slam_interfaces/msg/detail/visual_slam_status__type_support.c
[8.454s] -- Up-to-date: /workspaces/isaac_ros-dev/install/isaac_ros_visual_slam_interfaces/include/isaac_ros_visual_slam_interfaces/isaac_ros_visual_slam_interfaces/msg/detail/visual_slam_status__rosidl_typesupport_introspection_c.h
[8.455s] -- Up-to-date: /workspaces/isaac_ros-dev/install/isaac_ros_visual_slam_interfaces/include/isaac_ros_visual_slam_interfaces/isaac_ros_visual_slam_interfaces/msg/rosidl_typesupport_introspection_c__visibility_control.h
[8.465s] -- Up-to-date: /workspaces/isaac_ros-dev/install/isaac_ros_visual_slam_interfaces/lib/libisaac_ros_visual_slam_interfaces__rosidl_typesupport_introspection_c.so
[8.470s] -- Up-to-date: /workspaces/isaac_ros-dev/install/isaac_ros_visual_slam_interfaces/lib/libisaac_ros_visual_slam_interfaces__rosidl_typesupport_c.so
[8.471s] -- Up-to-date: /workspaces/isaac_ros-dev/install/isaac_ros_visual_slam_interfaces/include/isaac_ros_visual_slam_interfaces/isaac_ros_visual_slam_interfaces
[8.472s] -- Up-to-date: /workspaces/isaac_ros-dev/install/isaac_ros_visual_slam_interfaces/include/isaac_ros_visual_slam_interfaces/isaac_ros_visual_slam_interfaces/action
[8.476s] -- Up-to-date: /workspaces/isaac_ros-dev/install/isaac_ros_visual_slam_interfaces/include/isaac_ros_visual_slam_interfaces/isaac_ros_visual_slam_interfaces/action/detail
[8.477s] -- Up-to-date: /workspaces/isaac_ros-dev/install/isaac_ros_visual_slam_interfaces/include/isaac_ros_visual_slam_interfaces/isaac_ros_visual_slam_interfaces/action/detail/load_map_and_localize__struct.hpp
[8.477s] -- Up-to-date: /workspaces/isaac_ros-dev/install/isaac_ros_visual_slam_interfaces/include/isaac_ros_visual_slam_interfaces/isaac_ros_visual_slam_interfaces/action/detail/save_map__builder.hpp
[8.477s] -- Up-to-date: /workspaces/isaac_ros-dev/install/isaac_ros_visual_slam_interfaces/include/isaac_ros_visual_slam_interfaces/isaac_ros_visual_slam_interfaces/action/detail/save_map__traits.hpp
[8.477s] -- Up-to-date: /workspaces/isaac_ros-dev/install/isaac_ros_visual_slam_interfaces/include/isaac_ros_visual_slam_interfaces/isaac_ros_visual_slam_interfaces/action/detail/load_map_and_localize__builder.hpp
[8.478s] -- Up-to-date: /workspaces/isaac_ros-dev/install/isaac_ros_visual_slam_interfaces/include/isaac_ros_visual_slam_interfaces/isaac_ros_visual_slam_interfaces/action/detail/save_map__struct.hpp
[8.478s] -- Up-to-date: /workspaces/isaac_ros-dev/install/isaac_ros_visual_slam_interfaces/include/isaac_ros_visual_slam_interfaces/isaac_ros_visual_slam_interfaces/action/detail/load_map_and_localize__traits.hpp
[8.479s] -- Up-to-date: /workspaces/isaac_ros-dev/install/isaac_ros_visual_slam_interfaces/include/isaac_ros_visual_slam_interfaces/isaac_ros_visual_slam_interfaces/action/load_map_and_localize.hpp
[8.479s] -- Up-to-date: /workspaces/isaac_ros-dev/install/isaac_ros_visual_slam_interfaces/include/isaac_ros_visual_slam_interfaces/isaac_ros_visual_slam_interfaces/action/save_map.hpp
[8.480s] -- Up-to-date: /workspaces/isaac_ros-dev/install/isaac_ros_visual_slam_interfaces/include/isaac_ros_visual_slam_interfaces/isaac_ros_visual_slam_interfaces/srv
[8.480s] -- Up-to-date: /workspaces/isaac_ros-dev/install/isaac_ros_visual_slam_interfaces/include/isaac_ros_visual_slam_interfaces/isaac_ros_visual_slam_interfaces/srv/reset.hpp
[8.480s] -- Up-to-date: /workspaces/isaac_ros-dev/install/isaac_ros_visual_slam_interfaces/include/isaac_ros_visual_slam_interfaces/isaac_ros_visual_slam_interfaces/srv/set_odometry_pose.hpp
[8.481s] -- Up-to-date: /workspaces/isaac_ros-dev/install/isaac_ros_visual_slam_interfaces/include/isaac_ros_visual_slam_interfaces/isaac_ros_visual_slam_interfaces/srv/detail
[8.481s] -- Up-to-date: /workspaces/isaac_ros-dev/install/isaac_ros_visual_slam_interfaces/include/isaac_ros_visual_slam_interfaces/isaac_ros_visual_slam_interfaces/srv/detail/reset__traits.hpp
[8.481s] -- Up-to-date: /workspaces/isaac_ros-dev/install/isaac_ros_visual_slam_interfaces/include/isaac_ros_visual_slam_interfaces/isaac_ros_visual_slam_interfaces/srv/detail/get_all_poses__traits.hpp
[8.482s] -- Up-to-date: /workspaces/isaac_ros-dev/install/isaac_ros_visual_slam_interfaces/include/isaac_ros_visual_slam_interfaces/isaac_ros_visual_slam_interfaces/srv/detail/set_odometry_pose__builder.hpp
[8.482s] -- Up-to-date: /workspaces/isaac_ros-dev/install/isaac_ros_visual_slam_interfaces/include/isaac_ros_visual_slam_interfaces/isaac_ros_visual_slam_interfaces/srv/detail/get_all_poses__builder.hpp
[8.482s] -- Up-to-date: /workspaces/isaac_ros-dev/install/isaac_ros_visual_slam_interfaces/include/isaac_ros_visual_slam_interfaces/isaac_ros_visual_slam_interfaces/srv/detail/reset__struct.hpp
[8.483s] -- Up-to-date: /workspaces/isaac_ros-dev/install/isaac_ros_visual_slam_interfaces/include/isaac_ros_visual_slam_interfaces/isaac_ros_visual_slam_interfaces/srv/detail/get_all_poses__struct.hpp
[8.483s] -- Up-to-date: /workspaces/isaac_ros-dev/install/isaac_ros_visual_slam_interfaces/include/isaac_ros_visual_slam_interfaces/isaac_ros_visual_slam_interfaces/srv/detail/reset__builder.hpp
[8.483s] -- Up-to-date: /workspaces/isaac_ros-dev/install/isaac_ros_visual_slam_interfaces/include/isaac_ros_visual_slam_interfaces/isaac_ros_visual_slam_interfaces/srv/detail/set_odometry_pose__traits.hpp
[8.483s] -- Up-to-date: /workspaces/isaac_ros-dev/install/isaac_ros_visual_slam_interfaces/include/isaac_ros_visual_slam_interfaces/isaac_ros_visual_slam_interfaces/srv/detail/set_odometry_pose__struct.hpp
[8.484s] -- Up-to-date: /workspaces/isaac_ros-dev/install/isaac_ros_visual_slam_interfaces/include/isaac_ros_visual_slam_interfaces/isaac_ros_visual_slam_interfaces/srv/get_all_poses.hpp
[8.484s] -- Up-to-date: /workspaces/isaac_ros-dev/install/isaac_ros_visual_slam_interfaces/include/isaac_ros_visual_slam_interfaces/isaac_ros_visual_slam_interfaces/msg
[8.484s] -- Up-to-date: /workspaces/isaac_ros-dev/install/isaac_ros_visual_slam_interfaces/include/isaac_ros_visual_slam_interfaces/isaac_ros_visual_slam_interfaces/msg/visual_slam_status.hpp
[8.484s] -- Up-to-date: /workspaces/isaac_ros-dev/install/isaac_ros_visual_slam_interfaces/include/isaac_ros_visual_slam_interfaces/isaac_ros_visual_slam_interfaces/msg/detail
[8.485s] -- Up-to-date: /workspaces/isaac_ros-dev/install/isaac_ros_visual_slam_interfaces/include/isaac_ros_visual_slam_interfaces/isaac_ros_visual_slam_interfaces/msg/detail/visual_slam_status__traits.hpp
[8.485s] -- Up-to-date: /workspaces/isaac_ros-dev/install/isaac_ros_visual_slam_interfaces/include/isaac_ros_visual_slam_interfaces/isaac_ros_visual_slam_interfaces/msg/detail/visual_slam_status__struct.hpp
[8.485s] -- Up-to-date: /workspaces/isaac_ros-dev/install/isaac_ros_visual_slam_interfaces/include/isaac_ros_visual_slam_interfaces/isaac_ros_visual_slam_interfaces/msg/detail/visual_slam_status__builder.hpp
[8.486s] -- Up-to-date: /workspaces/isaac_ros-dev/install/isaac_ros_visual_slam_interfaces/include/isaac_ros_visual_slam_interfaces/isaac_ros_visual_slam_interfaces
[8.486s] -- Up-to-date: /workspaces/isaac_ros-dev/install/isaac_ros_visual_slam_interfaces/include/isaac_ros_visual_slam_interfaces/isaac_ros_visual_slam_interfaces/action
[8.486s] -- Up-to-date: /workspaces/isaac_ros-dev/install/isaac_ros_visual_slam_interfaces/include/isaac_ros_visual_slam_interfaces/isaac_ros_visual_slam_interfaces/action/detail
[8.487s] -- Up-to-date: /workspaces/isaac_ros-dev/install/isaac_ros_visual_slam_interfaces/include/isaac_ros_visual_slam_interfaces/isaac_ros_visual_slam_interfaces/action/detail/load_map_and_localize__rosidl_typesupport_fastrtps_cpp.hpp
[8.487s] -- Up-to-date: /workspaces/isaac_ros-dev/install/isaac_ros_visual_slam_interfaces/include/isaac_ros_visual_slam_interfaces/isaac_ros_visual_slam_interfaces/action/detail/save_map__rosidl_typesupport_fastrtps_cpp.hpp
[8.487s] -- Up-to-date: /workspaces/isaac_ros-dev/install/isaac_ros_visual_slam_interfaces/include/isaac_ros_visual_slam_interfaces/isaac_ros_visual_slam_interfaces/action/detail/dds_fastrtps
[8.487s] -- Up-to-date: /workspaces/isaac_ros-dev/install/isaac_ros_visual_slam_interfaces/include/isaac_ros_visual_slam_interfaces/isaac_ros_visual_slam_interfaces/srv
[8.488s] -- Up-to-date: /workspaces/isaac_ros-dev/install/isaac_ros_visual_slam_interfaces/include/isaac_ros_visual_slam_interfaces/isaac_ros_visual_slam_interfaces/srv/detail
[8.488s] -- Up-to-date: /workspaces/isaac_ros-dev/install/isaac_ros_visual_slam_interfaces/include/isaac_ros_visual_slam_interfaces/isaac_ros_visual_slam_interfaces/srv/detail/reset__rosidl_typesupport_fastrtps_cpp.hpp
[8.488s] -- Up-to-date: /workspaces/isaac_ros-dev/install/isaac_ros_visual_slam_interfaces/include/isaac_ros_visual_slam_interfaces/isaac_ros_visual_slam_interfaces/srv/detail/set_odometry_pose__rosidl_typesupport_fastrtps_cpp.hpp
[8.488s] -- Up-to-date: /workspaces/isaac_ros-dev/install/isaac_ros_visual_slam_interfaces/include/isaac_ros_visual_slam_interfaces/isaac_ros_visual_slam_interfaces/srv/detail/dds_fastrtps
[8.488s] -- Up-to-date: /workspaces/isaac_ros-dev/install/isaac_ros_visual_slam_interfaces/include/isaac_ros_visual_slam_interfaces/isaac_ros_visual_slam_interfaces/srv/detail/get_all_poses__rosidl_typesupport_fastrtps_cpp.hpp
[8.489s] -- Up-to-date: /workspaces/isaac_ros-dev/install/isaac_ros_visual_slam_interfaces/include/isaac_ros_visual_slam_interfaces/isaac_ros_visual_slam_interfaces/msg
[8.489s] -- Up-to-date: /workspaces/isaac_ros-dev/install/isaac_ros_visual_slam_interfaces/include/isaac_ros_visual_slam_interfaces/isaac_ros_visual_slam_interfaces/msg/rosidl_typesupport_fastrtps_cpp__visibility_control.h
[8.489s] -- Up-to-date: /workspaces/isaac_ros-dev/install/isaac_ros_visual_slam_interfaces/include/isaac_ros_visual_slam_interfaces/isaac_ros_visual_slam_interfaces/msg/detail
[8.489s] -- Up-to-date: /workspaces/isaac_ros-dev/install/isaac_ros_visual_slam_interfaces/include/isaac_ros_visual_slam_interfaces/isaac_ros_visual_slam_interfaces/msg/detail/visual_slam_status__rosidl_typesupport_fastrtps_cpp.hpp
[8.490s] -- Up-to-date: /workspaces/isaac_ros-dev/install/isaac_ros_visual_slam_interfaces/include/isaac_ros_visual_slam_interfaces/isaac_ros_visual_slam_interfaces/msg/detail/dds_fastrtps
[8.491s] -- Up-to-date: /workspaces/isaac_ros-dev/install/isaac_ros_visual_slam_interfaces/lib/libisaac_ros_visual_slam_interfaces__rosidl_typesupport_fastrtps_cpp.so
[8.491s] -- Up-to-date: /workspaces/isaac_ros-dev/install/isaac_ros_visual_slam_interfaces/include/isaac_ros_visual_slam_interfaces/isaac_ros_visual_slam_interfaces
[8.492s] -- Up-to-date: /workspaces/isaac_ros-dev/install/isaac_ros_visual_slam_interfaces/include/isaac_ros_visual_slam_interfaces/isaac_ros_visual_slam_interfaces/action
[8.492s] -- Up-to-date: /workspaces/isaac_ros-dev/install/isaac_ros_visual_slam_interfaces/include/isaac_ros_visual_slam_interfaces/isaac_ros_visual_slam_interfaces/action/detail
[8.492s] -- Up-to-date: /workspaces/isaac_ros-dev/install/isaac_ros_visual_slam_interfaces/include/isaac_ros_visual_slam_interfaces/isaac_ros_visual_slam_interfaces/action/detail/load_map_and_localize__rosidl_typesupport_introspection_cpp.hpp
[8.492s] -- Up-to-date: /workspaces/isaac_ros-dev/install/isaac_ros_visual_slam_interfaces/include/isaac_ros_visual_slam_interfaces/isaac_ros_visual_slam_interfaces/action/detail/save_map__rosidl_typesupport_introspection_cpp.hpp
[8.493s] -- Up-to-date: /workspaces/isaac_ros-dev/install/isaac_ros_visual_slam_interfaces/include/isaac_ros_visual_slam_interfaces/isaac_ros_visual_slam_interfaces/action/detail/save_map__type_support.cpp
[8.494s] -- Up-to-date: /workspaces/isaac_ros-dev/install/isaac_ros_visual_slam_interfaces/include/isaac_ros_visual_slam_interfaces/isaac_ros_visual_slam_interfaces/action/detail/load_map_and_localize__type_support.cpp
[8.494s] -- Up-to-date: /workspaces/isaac_ros-dev/install/isaac_ros_visual_slam_interfaces/include/isaac_ros_visual_slam_interfaces/isaac_ros_visual_slam_interfaces/srv
[8.495s] -- Up-to-date: /workspaces/isaac_ros-dev/install/isaac_ros_visual_slam_interfaces/include/isaac_ros_visual_slam_interfaces/isaac_ros_visual_slam_interfaces/srv/detail
[8.497s] -- Up-to-date: /workspaces/isaac_ros-dev/install/isaac_ros_visual_slam_interfaces/include/isaac_ros_visual_slam_interfaces/isaac_ros_visual_slam_interfaces/srv/detail/set_odometry_pose__type_support.cpp
[8.497s] -- Up-to-date: /workspaces/isaac_ros-dev/install/isaac_ros_visual_slam_interfaces/include/isaac_ros_visual_slam_interfaces/isaac_ros_visual_slam_interfaces/srv/detail/reset__type_support.cpp
[8.497s] -- Up-to-date: /workspaces/isaac_ros-dev/install/isaac_ros_visual_slam_interfaces/include/isaac_ros_visual_slam_interfaces/isaac_ros_visual_slam_interfaces/srv/detail/get_all_poses__rosidl_typesupport_introspection_cpp.hpp
[8.498s] -- Up-to-date: /workspaces/isaac_ros-dev/install/isaac_ros_visual_slam_interfaces/include/isaac_ros_visual_slam_interfaces/isaac_ros_visual_slam_interfaces/srv/detail/get_all_poses__type_support.cpp
[8.498s] -- Up-to-date: /workspaces/isaac_ros-dev/install/isaac_ros_visual_slam_interfaces/include/isaac_ros_visual_slam_interfaces/isaac_ros_visual_slam_interfaces/srv/detail/reset__rosidl_typesupport_introspection_cpp.hpp
[8.499s] -- Up-to-date: /workspaces/isaac_ros-dev/install/isaac_ros_visual_slam_interfaces/include/isaac_ros_visual_slam_interfaces/isaac_ros_visual_slam_interfaces/srv/detail/set_odometry_pose__rosidl_typesupport_introspection_cpp.hpp
[8.499s] -- Up-to-date: /workspaces/isaac_ros-dev/install/isaac_ros_visual_slam_interfaces/include/isaac_ros_visual_slam_interfaces/isaac_ros_visual_slam_interfaces/msg
[8.500s] -- Up-to-date: /workspaces/isaac_ros-dev/install/isaac_ros_visual_slam_interfaces/include/isaac_ros_visual_slam_interfaces/isaac_ros_visual_slam_interfaces/msg/detail
[8.500s] -- Up-to-date: /workspaces/isaac_ros-dev/install/isaac_ros_visual_slam_interfaces/include/isaac_ros_visual_slam_interfaces/isaac_ros_visual_slam_interfaces/msg/detail/visual_slam_status__type_support.cpp
[8.500s] -- Up-to-date: /workspaces/isaac_ros-dev/install/isaac_ros_visual_slam_interfaces/include/isaac_ros_visual_slam_interfaces/isaac_ros_visual_slam_interfaces/msg/detail/visual_slam_status__rosidl_typesupport_introspection_cpp.hpp
[8.501s] -- Up-to-date: /workspaces/isaac_ros-dev/install/isaac_ros_visual_slam_interfaces/lib/libisaac_ros_visual_slam_interfaces__rosidl_typesupport_introspection_cpp.so
[8.501s] -- Up-to-date: /workspaces/isaac_ros-dev/install/isaac_ros_visual_slam_interfaces/lib/libisaac_ros_visual_slam_interfaces__rosidl_typesupport_cpp.so
[8.501s] -- Up-to-date: /workspaces/isaac_ros-dev/install/isaac_ros_visual_slam_interfaces/share/isaac_ros_visual_slam_interfaces/environment/pythonpath.sh
[8.501s] -- Up-to-date: /workspaces/isaac_ros-dev/install/isaac_ros_visual_slam_interfaces/share/isaac_ros_visual_slam_interfaces/environment/pythonpath.dsv
[8.502s] -- Up-to-date: /workspaces/isaac_ros-dev/install/isaac_ros_visual_slam_interfaces/lib/python3.8/site-packages/isaac_ros_visual_slam_interfaces-0.11.0-py3.8.egg-info
[8.502s] -- Installing: /workspaces/isaac_ros-dev/install/isaac_ros_visual_slam_interfaces/lib/python3.8/site-packages/isaac_ros_visual_slam_interfaces-0.11.0-py3.8.egg-info/top_level.txt
[8.502s] -- Installing: /workspaces/isaac_ros-dev/install/isaac_ros_visual_slam_interfaces/lib/python3.8/site-packages/isaac_ros_visual_slam_interfaces-0.11.0-py3.8.egg-info/dependency_links.txt
[8.502s] -- Installing: /workspaces/isaac_ros-dev/install/isaac_ros_visual_slam_interfaces/lib/python3.8/site-packages/isaac_ros_visual_slam_interfaces-0.11.0-py3.8.egg-info/SOURCES.txt
[8.503s] -- Installing: /workspaces/isaac_ros-dev/install/isaac_ros_visual_slam_interfaces/lib/python3.8/site-packages/isaac_ros_visual_slam_interfaces-0.11.0-py3.8.egg-info/PKG-INFO
[8.503s] -- Up-to-date: /workspaces/isaac_ros-dev/install/isaac_ros_visual_slam_interfaces/lib/python3.8/site-packages/isaac_ros_visual_slam_interfaces
[8.503s] -- Up-to-date: /workspaces/isaac_ros-dev/install/isaac_ros_visual_slam_interfaces/lib/python3.8/site-packages/isaac_ros_visual_slam_interfaces/action
[8.503s] -- Up-to-date: /workspaces/isaac_ros-dev/install/isaac_ros_visual_slam_interfaces/lib/python3.8/site-packages/isaac_ros_visual_slam_interfaces/action/_load_map_and_localize.py
[8.504s] -- Up-to-date: /workspaces/isaac_ros-dev/install/isaac_ros_visual_slam_interfaces/lib/python3.8/site-packages/isaac_ros_visual_slam_interfaces/action/__init__.py
[8.504s] -- Up-to-date: /workspaces/isaac_ros-dev/install/isaac_ros_visual_slam_interfaces/lib/python3.8/site-packages/isaac_ros_visual_slam_interfaces/action/_load_map_and_localize_s.c
[8.504s] -- Up-to-date: /workspaces/isaac_ros-dev/install/isaac_ros_visual_slam_interfaces/lib/python3.8/site-packages/isaac_ros_visual_slam_interfaces/action/_save_map.py
[8.504s] -- Up-to-date: /workspaces/isaac_ros-dev/install/isaac_ros_visual_slam_interfaces/lib/python3.8/site-packages/isaac_ros_visual_slam_interfaces/action/_save_map_s.c
[8.504s] -- Up-to-date: /workspaces/isaac_ros-dev/install/isaac_ros_visual_slam_interfaces/lib/python3.8/site-packages/isaac_ros_visual_slam_interfaces/__init__.py
[8.505s] -- Up-to-date: /workspaces/isaac_ros-dev/install/isaac_ros_visual_slam_interfaces/lib/python3.8/site-packages/isaac_ros_visual_slam_interfaces/isaac_ros_visual_slam_interfaces_s__rosidl_typesupport_fastrtps_c.cpython-38-aarch64-linux-gnu.so
[8.505s] -- Up-to-date: /workspaces/isaac_ros-dev/install/isaac_ros_visual_slam_interfaces/lib/python3.8/site-packages/isaac_ros_visual_slam_interfaces/isaac_ros_visual_slam_interfaces_s__rosidl_typesupport_c.cpython-38-aarch64-linux-gnu.so
[8.506s] -- Up-to-date: /workspaces/isaac_ros-dev/install/isaac_ros_visual_slam_interfaces/lib/python3.8/site-packages/isaac_ros_visual_slam_interfaces/_isaac_ros_visual_slam_interfaces_s.ep.rosidl_typesupport_introspection_c.c
[8.506s] -- Up-to-date: /workspaces/isaac_ros-dev/install/isaac_ros_visual_slam_interfaces/lib/python3.8/site-packages/isaac_ros_visual_slam_interfaces/srv
[8.507s] -- Up-to-date: /workspaces/isaac_ros-dev/install/isaac_ros_visual_slam_interfaces/lib/python3.8/site-packages/isaac_ros_visual_slam_interfaces/srv/__init__.py
[8.510s] -- Up-to-date: /workspaces/isaac_ros-dev/install/isaac_ros_visual_slam_interfaces/lib/python3.8/site-packages/isaac_ros_visual_slam_interfaces/srv/_get_all_poses_s.c
[8.510s] -- Up-to-date: /workspaces/isaac_ros-dev/install/isaac_ros_visual_slam_interfaces/lib/python3.8/site-packages/isaac_ros_visual_slam_interfaces/srv/_reset.py
[8.510s] -- Up-to-date: /workspaces/isaac_ros-dev/install/isaac_ros_visual_slam_interfaces/lib/python3.8/site-packages/isaac_ros_visual_slam_interfaces/srv/_set_odometry_pose_s.c
[8.511s] -- Up-to-date: /workspaces/isaac_ros-dev/install/isaac_ros_visual_slam_interfaces/lib/python3.8/site-packages/isaac_ros_visual_slam_interfaces/srv/_reset_s.c
[8.511s] -- Up-to-date: /workspaces/isaac_ros-dev/install/isaac_ros_visual_slam_interfaces/lib/python3.8/site-packages/isaac_ros_visual_slam_interfaces/srv/_set_odometry_pose.py
[8.511s] -- Up-to-date: /workspaces/isaac_ros-dev/install/isaac_ros_visual_slam_interfaces/lib/python3.8/site-packages/isaac_ros_visual_slam_interfaces/srv/_get_all_poses.py
[8.512s] -- Up-to-date: /workspaces/isaac_ros-dev/install/isaac_ros_visual_slam_interfaces/lib/python3.8/site-packages/isaac_ros_visual_slam_interfaces/msg
[8.513s] -- Up-to-date: /workspaces/isaac_ros-dev/install/isaac_ros_visual_slam_interfaces/lib/python3.8/site-packages/isaac_ros_visual_slam_interfaces/msg/__init__.py
[8.513s] -- Up-to-date: /workspaces/isaac_ros-dev/install/isaac_ros_visual_slam_interfaces/lib/python3.8/site-packages/isaac_ros_visual_slam_interfaces/msg/_visual_slam_status_s.c
[8.513s] -- Up-to-date: /workspaces/isaac_ros-dev/install/isaac_ros_visual_slam_interfaces/lib/python3.8/site-packages/isaac_ros_visual_slam_interfaces/msg/_visual_slam_status.py
[8.514s] -- Up-to-date: /workspaces/isaac_ros-dev/install/isaac_ros_visual_slam_interfaces/lib/python3.8/site-packages/isaac_ros_visual_slam_interfaces/_isaac_ros_visual_slam_interfaces_s.ep.rosidl_typesupport_fastrtps_c.c
[8.515s] -- Up-to-date: /workspaces/isaac_ros-dev/install/isaac_ros_visual_slam_interfaces/lib/python3.8/site-packages/isaac_ros_visual_slam_interfaces/_isaac_ros_visual_slam_interfaces_s.ep.rosidl_typesupport_c.c
[8.516s] -- Up-to-date: /workspaces/isaac_ros-dev/install/isaac_ros_visual_slam_interfaces/lib/python3.8/site-packages/isaac_ros_visual_slam_interfaces/isaac_ros_visual_slam_interfaces_s__rosidl_typesupport_introspection_c.cpython-38-aarch64-linux-gnu.so
[8.516s] -- Up-to-date: /workspaces/isaac_ros-dev/install/isaac_ros_visual_slam_interfaces/lib/python3.8/site-packages/isaac_ros_visual_slam_interfaces/libisaac_ros_visual_slam_interfaces__rosidl_generator_py.so
[8.726s] Listing '/workspaces/isaac_ros-dev/install/isaac_ros_visual_slam_interfaces/lib/python3.8/site-packages/isaac_ros_visual_slam_interfaces'...
[8.727s] Listing '/workspaces/isaac_ros-dev/install/isaac_ros_visual_slam_interfaces/lib/python3.8/site-packages/isaac_ros_visual_slam_interfaces/action'...
[8.727s] Listing '/workspaces/isaac_ros-dev/install/isaac_ros_visual_slam_interfaces/lib/python3.8/site-packages/isaac_ros_visual_slam_interfaces/msg'...
[8.727s] Listing '/workspaces/isaac_ros-dev/install/isaac_ros_visual_slam_interfaces/lib/python3.8/site-packages/isaac_ros_visual_slam_interfaces/srv'...
[8.748s] -- Up-to-date: /workspaces/isaac_ros-dev/install/isaac_ros_visual_slam_interfaces/lib/python3.8/site-packages/isaac_ros_visual_slam_interfaces/isaac_ros_visual_slam_interfaces_s__rosidl_typesupport_fastrtps_c.cpython-38-aarch64-linux-gnu.so
[8.751s] -- Up-to-date: /workspaces/isaac_ros-dev/install/isaac_ros_visual_slam_interfaces/lib/python3.8/site-packages/isaac_ros_visual_slam_interfaces/isaac_ros_visual_slam_interfaces_s__rosidl_typesupport_introspection_c.cpython-38-aarch64-linux-gnu.so
[8.756s] -- Up-to-date: /workspaces/isaac_ros-dev/install/isaac_ros_visual_slam_interfaces/lib/python3.8/site-packages/isaac_ros_visual_slam_interfaces/isaac_ros_visual_slam_interfaces_s__rosidl_typesupport_c.cpython-38-aarch64-linux-gnu.so
[8.758s] -- Up-to-date: /workspaces/isaac_ros-dev/install/isaac_ros_visual_slam_interfaces/lib/libisaac_ros_visual_slam_interfaces__rosidl_generator_py.so
[8.761s] -- Up-to-date: /workspaces/isaac_ros-dev/install/isaac_ros_visual_slam_interfaces/share/isaac_ros_visual_slam_interfaces/msg/VisualSlamStatus.idl
[8.761s] -- Up-to-date: /workspaces/isaac_ros-dev/install/isaac_ros_visual_slam_interfaces/share/isaac_ros_visual_slam_interfaces/srv/GetAllPoses.idl
[8.762s] -- Up-to-date: /workspaces/isaac_ros-dev/install/isaac_ros_visual_slam_interfaces/share/isaac_ros_visual_slam_interfaces/srv/Reset.idl
[8.763s] -- Up-to-date: /workspaces/isaac_ros-dev/install/isaac_ros_visual_slam_interfaces/share/isaac_ros_visual_slam_interfaces/srv/SetOdometryPose.idl
[8.774s] -- Up-to-date: /workspaces/isaac_ros-dev/install/isaac_ros_visual_slam_interfaces/share/isaac_ros_visual_slam_interfaces/action/LoadMapAndLocalize.idl
[8.774s] -- Up-to-date: /workspaces/isaac_ros-dev/install/isaac_ros_visual_slam_interfaces/share/isaac_ros_visual_slam_interfaces/action/SaveMap.idl
[8.775s] -- Up-to-date: /workspaces/isaac_ros-dev/install/isaac_ros_visual_slam_interfaces/share/isaac_ros_visual_slam_interfaces/msg/VisualSlamStatus.msg
[8.775s] -- Up-to-date: /workspaces/isaac_ros-dev/install/isaac_ros_visual_slam_interfaces/share/isaac_ros_visual_slam_interfaces/srv/GetAllPoses.srv
[8.775s] -- Up-to-date: /workspaces/isaac_ros-dev/install/isaac_ros_visual_slam_interfaces/share/isaac_ros_visual_slam_interfaces/srv/GetAllPoses_Request.msg
[8.776s] -- Up-to-date: /workspaces/isaac_ros-dev/install/isaac_ros_visual_slam_interfaces/share/isaac_ros_visual_slam_interfaces/srv/GetAllPoses_Response.msg
[8.776s] -- Up-to-date: /workspaces/isaac_ros-dev/install/isaac_ros_visual_slam_interfaces/share/isaac_ros_visual_slam_interfaces/srv/Reset.srv
[8.777s] -- Up-to-date: /workspaces/isaac_ros-dev/install/isaac_ros_visual_slam_interfaces/share/isaac_ros_visual_slam_interfaces/srv/Reset_Request.msg
[8.777s] -- Up-to-date: /workspaces/isaac_ros-dev/install/isaac_ros_visual_slam_interfaces/share/isaac_ros_visual_slam_interfaces/srv/Reset_Response.msg
[8.778s] -- Up-to-date: /workspaces/isaac_ros-dev/install/isaac_ros_visual_slam_interfaces/share/isaac_ros_visual_slam_interfaces/srv/SetOdometryPose.srv
[8.790s] -- Up-to-date: /workspaces/isaac_ros-dev/install/isaac_ros_visual_slam_interfaces/share/isaac_ros_visual_slam_interfaces/srv/SetOdometryPose_Request.msg
[8.790s] -- Up-to-date: /workspaces/isaac_ros-dev/install/isaac_ros_visual_slam_interfaces/share/isaac_ros_visual_slam_interfaces/srv/SetOdometryPose_Response.msg
[8.791s] -- Up-to-date: /workspaces/isaac_ros-dev/install/isaac_ros_visual_slam_interfaces/share/isaac_ros_visual_slam_interfaces/action/LoadMapAndLocalize.action
[8.791s] -- Up-to-date: /workspaces/isaac_ros-dev/install/isaac_ros_visual_slam_interfaces/share/isaac_ros_visual_slam_interfaces/action/SaveMap.action
[8.791s] -- Up-to-date: /workspaces/isaac_ros-dev/install/isaac_ros_visual_slam_interfaces/share/ament_index/resource_index/package_run_dependencies/isaac_ros_visual_slam_interfaces
[8.792s] -- Up-to-date: /workspaces/isaac_ros-dev/install/isaac_ros_visual_slam_interfaces/share/ament_index/resource_index/parent_prefix_path/isaac_ros_visual_slam_interfaces
[8.792s] -- Up-to-date: /workspaces/isaac_ros-dev/install/isaac_ros_visual_slam_interfaces/share/isaac_ros_visual_slam_interfaces/environment/ament_prefix_path.sh
[8.792s] -- Up-to-date: /workspaces/isaac_ros-dev/install/isaac_ros_visual_slam_interfaces/share/isaac_ros_visual_slam_interfaces/environment/ament_prefix_path.dsv
[8.792s] -- Up-to-date: /workspaces/isaac_ros-dev/install/isaac_ros_visual_slam_interfaces/share/isaac_ros_visual_slam_interfaces/environment/path.sh
[8.793s] -- Up-to-date: /workspaces/isaac_ros-dev/install/isaac_ros_visual_slam_interfaces/share/isaac_ros_visual_slam_interfaces/environment/path.dsv
[8.793s] -- Up-to-date: /workspaces/isaac_ros-dev/install/isaac_ros_visual_slam_interfaces/share/isaac_ros_visual_slam_interfaces/local_setup.bash
[8.797s] -- Up-to-date: /workspaces/isaac_ros-dev/install/isaac_ros_visual_slam_interfaces/share/isaac_ros_visual_slam_interfaces/local_setup.sh
[8.799s] -- Up-to-date: /workspaces/isaac_ros-dev/install/isaac_ros_visual_slam_interfaces/share/isaac_ros_visual_slam_interfaces/local_setup.zsh
[8.800s] -- Up-to-date: /workspaces/isaac_ros-dev/install/isaac_ros_visual_slam_interfaces/share/isaac_ros_visual_slam_interfaces/local_setup.dsv
[8.804s] -- Installing: /workspaces/isaac_ros-dev/install/isaac_ros_visual_slam_interfaces/share/isaac_ros_visual_slam_interfaces/package.dsv
[8.804s] -- Up-to-date: /workspaces/isaac_ros-dev/install/isaac_ros_visual_slam_interfaces/share/ament_index/resource_index/packages/isaac_ros_visual_slam_interfaces
[8.804s] -- Up-to-date: /workspaces/isaac_ros-dev/install/isaac_ros_visual_slam_interfaces/share/isaac_ros_visual_slam_interfaces/cmake/export_isaac_ros_visual_slam_interfaces__rosidl_generator_cExport.cmake
[8.805s] -- Up-to-date: /workspaces/isaac_ros-dev/install/isaac_ros_visual_slam_interfaces/share/isaac_ros_visual_slam_interfaces/cmake/export_isaac_ros_visual_slam_interfaces__rosidl_generator_cExport-release.cmake
[8.805s] -- Up-to-date: /workspaces/isaac_ros-dev/install/isaac_ros_visual_slam_interfaces/share/isaac_ros_visual_slam_interfaces/cmake/export_isaac_ros_visual_slam_interfaces__rosidl_typesupport_fastrtps_cExport.cmake
[8.805s] -- Up-to-date: /workspaces/isaac_ros-dev/install/isaac_ros_visual_slam_interfaces/share/isaac_ros_visual_slam_interfaces/cmake/export_isaac_ros_visual_slam_interfaces__rosidl_typesupport_fastrtps_cExport-release.cmake
[8.805s] -- Up-to-date: /workspaces/isaac_ros-dev/install/isaac_ros_visual_slam_interfaces/share/isaac_ros_visual_slam_interfaces/cmake/isaac_ros_visual_slam_interfaces__rosidl_typesupport_introspection_cExport.cmake
[8.806s] -- Up-to-date: /workspaces/isaac_ros-dev/install/isaac_ros_visual_slam_interfaces/share/isaac_ros_visual_slam_interfaces/cmake/isaac_ros_visual_slam_interfaces__rosidl_typesupport_introspection_cExport-release.cmake
[8.807s] -- Up-to-date: /workspaces/isaac_ros-dev/install/isaac_ros_visual_slam_interfaces/share/isaac_ros_visual_slam_interfaces/cmake/isaac_ros_visual_slam_interfaces__rosidl_typesupport_cExport.cmake
[8.809s] -- Up-to-date: /workspaces/isaac_ros-dev/install/isaac_ros_visual_slam_interfaces/share/isaac_ros_visual_slam_interfaces/cmake/isaac_ros_visual_slam_interfaces__rosidl_typesupport_cExport-release.cmake
[8.811s] -- Up-to-date: /workspaces/isaac_ros-dev/install/isaac_ros_visual_slam_interfaces/share/isaac_ros_visual_slam_interfaces/cmake/export_isaac_ros_visual_slam_interfaces__rosidl_generator_cppExport.cmake
[8.817s] -- Up-to-date: /workspaces/isaac_ros-dev/install/isaac_ros_visual_slam_interfaces/share/isaac_ros_visual_slam_interfaces/cmake/export_isaac_ros_visual_slam_interfaces__rosidl_typesupport_fastrtps_cppExport.cmake
[8.821s] -- Up-to-date: /workspaces/isaac_ros-dev/install/isaac_ros_visual_slam_interfaces/share/isaac_ros_visual_slam_interfaces/cmake/export_isaac_ros_visual_slam_interfaces__rosidl_typesupport_fastrtps_cppExport-release.cmake
[8.821s] -- Up-to-date: /workspaces/isaac_ros-dev/install/isaac_ros_visual_slam_interfaces/share/isaac_ros_visual_slam_interfaces/cmake/isaac_ros_visual_slam_interfaces__rosidl_typesupport_introspection_cppExport.cmake
[8.822s] -- Up-to-date: /workspaces/isaac_ros-dev/install/isaac_ros_visual_slam_interfaces/share/isaac_ros_visual_slam_interfaces/cmake/isaac_ros_visual_slam_interfaces__rosidl_typesupport_introspection_cppExport-release.cmake
[8.822s] -- Up-to-date: /workspaces/isaac_ros-dev/install/isaac_ros_visual_slam_interfaces/share/isaac_ros_visual_slam_interfaces/cmake/isaac_ros_visual_slam_interfaces__rosidl_typesupport_cppExport.cmake
[8.823s] -- Up-to-date: /workspaces/isaac_ros-dev/install/isaac_ros_visual_slam_interfaces/share/isaac_ros_visual_slam_interfaces/cmake/isaac_ros_visual_slam_interfaces__rosidl_typesupport_cppExport-release.cmake
[8.823s] -- Up-to-date: /workspaces/isaac_ros-dev/install/isaac_ros_visual_slam_interfaces/share/isaac_ros_visual_slam_interfaces/cmake/export_isaac_ros_visual_slam_interfaces__rosidl_generator_pyExport.cmake
[8.823s] -- Up-to-date: /workspaces/isaac_ros-dev/install/isaac_ros_visual_slam_interfaces/share/isaac_ros_visual_slam_interfaces/cmake/export_isaac_ros_visual_slam_interfaces__rosidl_generator_pyExport-release.cmake
[8.824s] -- Up-to-date: /workspaces/isaac_ros-dev/install/isaac_ros_visual_slam_interfaces/share/isaac_ros_visual_slam_interfaces/cmake/rosidl_cmake-extras.cmake
[8.825s] -- Up-to-date: /workspaces/isaac_ros-dev/install/isaac_ros_visual_slam_interfaces/share/isaac_ros_visual_slam_interfaces/cmake/ament_cmake_export_dependencies-extras.cmake
[8.825s] -- Up-to-date: /workspaces/isaac_ros-dev/install/isaac_ros_visual_slam_interfaces/share/isaac_ros_visual_slam_interfaces/cmake/ament_cmake_export_include_directories-extras.cmake
[8.825s] -- Up-to-date: /workspaces/isaac_ros-dev/install/isaac_ros_visual_slam_interfaces/share/isaac_ros_visual_slam_interfaces/cmake/ament_cmake_export_libraries-extras.cmake
[8.826s] -- Up-to-date: /workspaces/isaac_ros-dev/install/isaac_ros_visual_slam_interfaces/share/isaac_ros_visual_slam_interfaces/cmake/ament_cmake_export_targets-extras.cmake
[8.851s] -- Up-to-date: /workspaces/isaac_ros-dev/install/isaac_ros_visual_slam_interfaces/share/isaac_ros_visual_slam_interfaces/cmake/rosidl_cmake_export_typesupport_targets-extras.cmake
[8.851s] -- Up-to-date: /workspaces/isaac_ros-dev/install/isaac_ros_visual_slam_interfaces/share/isaac_ros_visual_slam_interfaces/cmake/rosidl_cmake_export_typesupport_libraries-extras.cmake
[8.852s] -- Up-to-date: /workspaces/isaac_ros-dev/install/isaac_ros_visual_slam_interfaces/share/isaac_ros_visual_slam_interfaces/cmake/isaac_ros_visual_slam_interfacesConfig.cmake
[8.852s] -- Up-to-date: /workspaces/isaac_ros-dev/install/isaac_ros_visual_slam_interfaces/share/isaac_ros_visual_slam_interfaces/cmake/isaac_ros_visual_slam_interfacesConfig-version.cmake
[8.852s] -- Up-to-date: /workspaces/isaac_ros-dev/install/isaac_ros_visual_slam_interfaces/share/isaac_ros_visual_slam_interfaces/package.xml
[8.854s] Invoked command in '/workspaces/isaac_ros-dev/build/isaac_ros_visual_slam_interfaces' returned '0': CMAKE_PREFIX_PATH=/workspaces/isaac_ros-dev/install/yolov8_bringup:/workspaces/isaac_ros-dev/install/multisense_ros:/workspaces/isaac_ros-dev/install/xacro:/workspaces/isaac_ros-dev/install/vision_msgs_rviz_plugins:/workspaces/isaac_ros-dev/install/vision_msgs:/workspaces/isaac_ros-dev/install/velodyne:/workspaces/isaac_ros-dev/install/velodyne_pointcloud:/workspaces/isaac_ros-dev/install/velodyne_driver:/workspaces/isaac_ros-dev/install/velodyne_msgs:/workspaces/isaac_ros-dev/install/velodyne_laserscan:/workspaces/isaac_ros-dev/install/vectornav:/workspaces/isaac_ros-dev/install/sdv_localization:/workspaces/isaac_ros-dev/install/vectornav_msgs:/workspaces/isaac_ros-dev/install/slam_toolbox:/workspaces/isaac_ros-dev/install/sdv_msg:/workspaces/isaac_ros-dev/install/sdv_localization_msgs:/workspaces/isaac_ros-dev/install/pointcloud_to_laserscan:/workspaces/isaac_ros-dev/install/my_package:/workspaces/isaac_ros-dev/install/multisense_msgs:/workspaces/isaac_ros-dev/install/multisense_lib:/workspaces/isaac_ros-dev/install/isaac_ros_visual_slam:/workspaces/isaac_ros-dev/install/isaac_ros_visual_slam_interfaces:/workspaces/isaac_ros-dev/install/isaac_ros_tensor_list_interfaces:/workspaces/isaac_ros-dev/install/isaac_ros_common:/workspaces/isaac_ros-dev/install/isaac_ros_bi3d_interfaces:/workspaces/isaac_ros-dev/install/isaac_ros_apriltag_interfaces:/workspaces/isaac_ros-dev/install/yolov8_ros:/workspaces/isaac_ros-dev/install/xbox_controller:/workspaces/isaac_ros-dev/install/panel:/workspaces/isaac_ros-dev/install/isaac_ros_test:/workspaces/isaac_ros-dev/install/encoder:/opt/ros/humble/install /usr/bin/cmake --install /workspaces/isaac_ros-dev/build/isaac_ros_visual_slam_interfaces
