[0.648s] Invoking command in '/workspaces/isaac_ros-dev/build/vision_msgs': CMAKE_PREFIX_PATH=/workspaces/isaac_ros-dev/install/yolov8_bringup:/workspaces/isaac_ros-dev/install/multisense_ros:/workspaces/isaac_ros-dev/install/xacro:/workspaces/isaac_ros-dev/install/vision_msgs_rviz_plugins:/workspaces/isaac_ros-dev/install/vision_msgs:/workspaces/isaac_ros-dev/install/velodyne:/workspaces/isaac_ros-dev/install/velodyne_pointcloud:/workspaces/isaac_ros-dev/install/velodyne_driver:/workspaces/isaac_ros-dev/install/velodyne_msgs:/workspaces/isaac_ros-dev/install/velodyne_laserscan:/workspaces/isaac_ros-dev/install/vectornav:/workspaces/isaac_ros-dev/install/sdv_localization:/workspaces/isaac_ros-dev/install/vectornav_msgs:/workspaces/isaac_ros-dev/install/slam_toolbox:/workspaces/isaac_ros-dev/install/sdv_msg:/workspaces/isaac_ros-dev/install/sdv_localization_msgs:/workspaces/isaac_ros-dev/install/pointcloud_to_laserscan:/workspaces/isaac_ros-dev/install/my_package:/workspaces/isaac_ros-dev/install/multisense_msgs:/workspaces/isaac_ros-dev/install/multisense_lib:/workspaces/isaac_ros-dev/install/isaac_ros_visual_slam:/workspaces/isaac_ros-dev/install/isaac_ros_visual_slam_interfaces:/workspaces/isaac_ros-dev/install/isaac_ros_tensor_list_interfaces:/workspaces/isaac_ros-dev/install/isaac_ros_common:/workspaces/isaac_ros-dev/install/isaac_ros_bi3d_interfaces:/workspaces/isaac_ros-dev/install/isaac_ros_apriltag_interfaces:/workspaces/isaac_ros-dev/install/yolov8_ros:/workspaces/isaac_ros-dev/install/xbox_controller:/workspaces/isaac_ros-dev/install/panel:/workspaces/isaac_ros-dev/install/isaac_ros_test:/workspaces/isaac_ros-dev/install/encoder:/opt/ros/humble/install /usr/bin/cmake --build /workspaces/isaac_ros-dev/build/vision_msgs -- -j8 -l8
[0.925s] [  1%] Built target gtest
[0.955s] [  2%] Built target gtest_main
[0.965s] [ 14%] Built target vision_msgs__rosidl_generator_c
[0.965s] [ 15%] Built target vision_msgs__cpp
[1.112s] [ 15%] Built target ament_cmake_python_copy_vision_msgs
[1.271s] [ 26%] Built target vision_msgs__rosidl_typesupport_fastrtps_cpp
[1.279s] [ 37%] Built target vision_msgs__rosidl_typesupport_introspection_c
[1.311s] [ 49%] Built target vision_msgs__rosidl_typesupport_cpp
[1.331s] [ 60%] Built target vision_msgs__rosidl_typesupport_fastrtps_c
[1.353s] [ 71%] Built target vision_msgs__rosidl_typesupport_c
[1.358s] [ 82%] Built target vision_msgs__rosidl_typesupport_introspection_cpp
[1.478s] [ 82%] Built target vision_msgs
[1.692s] [ 82%] Built target vision_msgs__py
[1.692s] [ 84%] Built target vision_msgs_test
[1.856s] [ 95%] Built target vision_msgs__rosidl_generator_py
[2.009s] [ 96%] Built target vision_msgs__rosidl_typesupport_c__pyext
[2.038s] [ 98%] Built target vision_msgs__rosidl_typesupport_fastrtps_c__pyext
[2.080s] [100%] Built target vision_msgs__rosidl_typesupport_introspection_c__pyext
[3.244s] running egg_info
[3.426s] writing vision_msgs.egg-info/PKG-INFO
[3.426s] writing dependency_links to vision_msgs.egg-info/dependency_links.txt
[3.426s] writing top-level names to vision_msgs.egg-info/top_level.txt
[3.573s] reading manifest file 'vision_msgs.egg-info/SOURCES.txt'
[3.574s] writing manifest file 'vision_msgs.egg-info/SOURCES.txt'
[3.771s] [100%] Built target ament_cmake_python_build_vision_msgs_egg
[5.280s] Invoked command in '/workspaces/isaac_ros-dev/build/vision_msgs' returned '0': CMAKE_PREFIX_PATH=/workspaces/isaac_ros-dev/install/yolov8_bringup:/workspaces/isaac_ros-dev/install/multisense_ros:/workspaces/isaac_ros-dev/install/xacro:/workspaces/isaac_ros-dev/install/vision_msgs_rviz_plugins:/workspaces/isaac_ros-dev/install/vision_msgs:/workspaces/isaac_ros-dev/install/velodyne:/workspaces/isaac_ros-dev/install/velodyne_pointcloud:/workspaces/isaac_ros-dev/install/velodyne_driver:/workspaces/isaac_ros-dev/install/velodyne_msgs:/workspaces/isaac_ros-dev/install/velodyne_laserscan:/workspaces/isaac_ros-dev/install/vectornav:/workspaces/isaac_ros-dev/install/sdv_localization:/workspaces/isaac_ros-dev/install/vectornav_msgs:/workspaces/isaac_ros-dev/install/slam_toolbox:/workspaces/isaac_ros-dev/install/sdv_msg:/workspaces/isaac_ros-dev/install/sdv_localization_msgs:/workspaces/isaac_ros-dev/install/pointcloud_to_laserscan:/workspaces/isaac_ros-dev/install/my_package:/workspaces/isaac_ros-dev/install/multisense_msgs:/workspaces/isaac_ros-dev/install/multisense_lib:/workspaces/isaac_ros-dev/install/isaac_ros_visual_slam:/workspaces/isaac_ros-dev/install/isaac_ros_visual_slam_interfaces:/workspaces/isaac_ros-dev/install/isaac_ros_tensor_list_interfaces:/workspaces/isaac_ros-dev/install/isaac_ros_common:/workspaces/isaac_ros-dev/install/isaac_ros_bi3d_interfaces:/workspaces/isaac_ros-dev/install/isaac_ros_apriltag_interfaces:/workspaces/isaac_ros-dev/install/yolov8_ros:/workspaces/isaac_ros-dev/install/xbox_controller:/workspaces/isaac_ros-dev/install/panel:/workspaces/isaac_ros-dev/install/isaac_ros_test:/workspaces/isaac_ros-dev/install/encoder:/opt/ros/humble/install /usr/bin/cmake --build /workspaces/isaac_ros-dev/build/vision_msgs -- -j8 -l8
[13.640s] Invoking command in '/workspaces/isaac_ros-dev/build/vision_msgs': CMAKE_PREFIX_PATH=/workspaces/isaac_ros-dev/install/yolov8_bringup:/workspaces/isaac_ros-dev/install/multisense_ros:/workspaces/isaac_ros-dev/install/xacro:/workspaces/isaac_ros-dev/install/vision_msgs_rviz_plugins:/workspaces/isaac_ros-dev/install/vision_msgs:/workspaces/isaac_ros-dev/install/velodyne:/workspaces/isaac_ros-dev/install/velodyne_pointcloud:/workspaces/isaac_ros-dev/install/velodyne_driver:/workspaces/isaac_ros-dev/install/velodyne_msgs:/workspaces/isaac_ros-dev/install/velodyne_laserscan:/workspaces/isaac_ros-dev/install/vectornav:/workspaces/isaac_ros-dev/install/sdv_localization:/workspaces/isaac_ros-dev/install/vectornav_msgs:/workspaces/isaac_ros-dev/install/slam_toolbox:/workspaces/isaac_ros-dev/install/sdv_msg:/workspaces/isaac_ros-dev/install/sdv_localization_msgs:/workspaces/isaac_ros-dev/install/pointcloud_to_laserscan:/workspaces/isaac_ros-dev/install/my_package:/workspaces/isaac_ros-dev/install/multisense_msgs:/workspaces/isaac_ros-dev/install/multisense_lib:/workspaces/isaac_ros-dev/install/isaac_ros_visual_slam:/workspaces/isaac_ros-dev/install/isaac_ros_visual_slam_interfaces:/workspaces/isaac_ros-dev/install/isaac_ros_tensor_list_interfaces:/workspaces/isaac_ros-dev/install/isaac_ros_common:/workspaces/isaac_ros-dev/install/isaac_ros_bi3d_interfaces:/workspaces/isaac_ros-dev/install/isaac_ros_apriltag_interfaces:/workspaces/isaac_ros-dev/install/yolov8_ros:/workspaces/isaac_ros-dev/install/xbox_controller:/workspaces/isaac_ros-dev/install/panel:/workspaces/isaac_ros-dev/install/isaac_ros_test:/workspaces/isaac_ros-dev/install/encoder:/opt/ros/humble/install /usr/bin/cmake --install /workspaces/isaac_ros-dev/build/vision_msgs
[14.010s] -- Install configuration: ""
[14.011s] -- Up-to-date: /workspaces/isaac_ros-dev/install/vision_msgs/share/ament_index/resource_index/rosidl_interfaces/vision_msgs
[14.011s] -- Up-to-date: /workspaces/isaac_ros-dev/install/vision_msgs/include/vision_msgs/vision_msgs
[14.012s] -- Up-to-date: /workspaces/isaac_ros-dev/install/vision_msgs/include/vision_msgs/vision_msgs/msg
[14.012s] -- Up-to-date: /workspaces/isaac_ros-dev/install/vision_msgs/include/vision_msgs/vision_msgs/msg/bounding_box2_d.h
[14.012s] -- Up-to-date: /workspaces/isaac_ros-dev/install/vision_msgs/include/vision_msgs/vision_msgs/msg/rosidl_generator_c__visibility_control.h
[14.013s] -- Up-to-date: /workspaces/isaac_ros-dev/install/vision_msgs/include/vision_msgs/vision_msgs/msg/bounding_box3_d_array.h
[14.013s] -- Up-to-date: /workspaces/isaac_ros-dev/install/vision_msgs/include/vision_msgs/vision_msgs/msg/detection3_d_array.h
[14.015s] -- Up-to-date: /workspaces/isaac_ros-dev/install/vision_msgs/include/vision_msgs/vision_msgs/msg/vision_info.h
[14.016s] -- Up-to-date: /workspaces/isaac_ros-dev/install/vision_msgs/include/vision_msgs/vision_msgs/msg/detection2_d_array.h
[14.021s] -- Up-to-date: /workspaces/isaac_ros-dev/install/vision_msgs/include/vision_msgs/vision_msgs/msg/detection3_d.h
[14.023s] -- Up-to-date: /workspaces/isaac_ros-dev/install/vision_msgs/include/vision_msgs/vision_msgs/msg/detection2_d.h
[14.025s] -- Up-to-date: /workspaces/isaac_ros-dev/install/vision_msgs/include/vision_msgs/vision_msgs/msg/bounding_box3_d.h
[14.026s] -- Up-to-date: /workspaces/isaac_ros-dev/install/vision_msgs/include/vision_msgs/vision_msgs/msg/pose2_d.h
[14.027s] -- Up-to-date: /workspaces/isaac_ros-dev/install/vision_msgs/include/vision_msgs/vision_msgs/msg/label_info.h
[14.027s] -- Up-to-date: /workspaces/isaac_ros-dev/install/vision_msgs/include/vision_msgs/vision_msgs/msg/vision_class.h
[14.028s] -- Up-to-date: /workspaces/isaac_ros-dev/install/vision_msgs/include/vision_msgs/vision_msgs/msg/detail
[14.028s] -- Up-to-date: /workspaces/isaac_ros-dev/install/vision_msgs/include/vision_msgs/vision_msgs/msg/detail/detection3_d_array__struct.h
[14.030s] -- Up-to-date: /workspaces/isaac_ros-dev/install/vision_msgs/include/vision_msgs/vision_msgs/msg/detail/detection3_d__type_support.h
[14.031s] -- Up-to-date: /workspaces/isaac_ros-dev/install/vision_msgs/include/vision_msgs/vision_msgs/msg/detail/classification__type_support.h
[14.032s] -- Up-to-date: /workspaces/isaac_ros-dev/install/vision_msgs/include/vision_msgs/vision_msgs/msg/detail/vision_class__type_support.h
[14.033s] -- Up-to-date: /workspaces/isaac_ros-dev/install/vision_msgs/include/vision_msgs/vision_msgs/msg/detail/vision_info__functions.h
[14.041s] -- Up-to-date: /workspaces/isaac_ros-dev/install/vision_msgs/include/vision_msgs/vision_msgs/msg/detail/bounding_box2_d_array__type_support.h
[14.041s] -- Up-to-date: /workspaces/isaac_ros-dev/install/vision_msgs/include/vision_msgs/vision_msgs/msg/detail/classification__struct.h
[14.042s] -- Up-to-date: /workspaces/isaac_ros-dev/install/vision_msgs/include/vision_msgs/vision_msgs/msg/detail/detection2_d__type_support.h
[14.043s] -- Up-to-date: /workspaces/isaac_ros-dev/install/vision_msgs/include/vision_msgs/vision_msgs/msg/detail/object_hypothesis_with_pose__functions.c
[14.043s] -- Up-to-date: /workspaces/isaac_ros-dev/install/vision_msgs/include/vision_msgs/vision_msgs/msg/detail/detection2_d__functions.h
[14.044s] -- Up-to-date: /workspaces/isaac_ros-dev/install/vision_msgs/include/vision_msgs/vision_msgs/msg/detail/bounding_box2_d_array__functions.c
[14.044s] -- Up-to-date: /workspaces/isaac_ros-dev/install/vision_msgs/include/vision_msgs/vision_msgs/msg/detail/detection2_d__functions.c
[14.044s] -- Up-to-date: /workspaces/isaac_ros-dev/install/vision_msgs/include/vision_msgs/vision_msgs/msg/detail/bounding_box3_d_array__struct.h
[14.045s] -- Up-to-date: /workspaces/isaac_ros-dev/install/vision_msgs/include/vision_msgs/vision_msgs/msg/detail/detection3_d_array__functions.h
[14.045s] -- Up-to-date: /workspaces/isaac_ros-dev/install/vision_msgs/include/vision_msgs/vision_msgs/msg/detail/point2_d__struct.h
[14.046s] -- Up-to-date: /workspaces/isaac_ros-dev/install/vision_msgs/include/vision_msgs/vision_msgs/msg/detail/label_info__functions.h
[14.046s] -- Up-to-date: /workspaces/isaac_ros-dev/install/vision_msgs/include/vision_msgs/vision_msgs/msg/detail/label_info__struct.h
[14.053s] -- Up-to-date: /workspaces/isaac_ros-dev/install/vision_msgs/include/vision_msgs/vision_msgs/msg/detail/label_info__type_support.h
[14.054s] -- Up-to-date: /workspaces/isaac_ros-dev/install/vision_msgs/include/vision_msgs/vision_msgs/msg/detail/bounding_box2_d__functions.h
[14.060s] -- Up-to-date: /workspaces/isaac_ros-dev/install/vision_msgs/include/vision_msgs/vision_msgs/msg/detail/detection2_d_array__struct.h
[14.060s] -- Up-to-date: /workspaces/isaac_ros-dev/install/vision_msgs/include/vision_msgs/vision_msgs/msg/detail/point2_d__functions.h
[14.061s] -- Up-to-date: /workspaces/isaac_ros-dev/install/vision_msgs/include/vision_msgs/vision_msgs/msg/detail/point2_d__type_support.h
[14.061s] -- Up-to-date: /workspaces/isaac_ros-dev/install/vision_msgs/include/vision_msgs/vision_msgs/msg/detail/object_hypothesis__functions.c
[14.061s] -- Up-to-date: /workspaces/isaac_ros-dev/install/vision_msgs/include/vision_msgs/vision_msgs/msg/detail/object_hypothesis__functions.h
[14.062s] -- Up-to-date: /workspaces/isaac_ros-dev/install/vision_msgs/include/vision_msgs/vision_msgs/msg/detail/bounding_box2_d__struct.h
[14.062s] -- Up-to-date: /workspaces/isaac_ros-dev/install/vision_msgs/include/vision_msgs/vision_msgs/msg/detail/vision_info__functions.c
[14.063s] -- Up-to-date: /workspaces/isaac_ros-dev/install/vision_msgs/include/vision_msgs/vision_msgs/msg/detail/detection3_d_array__functions.c
[14.063s] -- Up-to-date: /workspaces/isaac_ros-dev/install/vision_msgs/include/vision_msgs/vision_msgs/msg/detail/vision_info__type_support.h
[14.064s] -- Up-to-date: /workspaces/isaac_ros-dev/install/vision_msgs/include/vision_msgs/vision_msgs/msg/detail/detection2_d_array__functions.h
[14.064s] -- Up-to-date: /workspaces/isaac_ros-dev/install/vision_msgs/include/vision_msgs/vision_msgs/msg/detail/classification__functions.h
[14.065s] -- Up-to-date: /workspaces/isaac_ros-dev/install/vision_msgs/include/vision_msgs/vision_msgs/msg/detail/classification__functions.c
[14.065s] -- Up-to-date: /workspaces/isaac_ros-dev/install/vision_msgs/include/vision_msgs/vision_msgs/msg/detail/detection3_d_array__type_support.h
[14.065s] -- Up-to-date: /workspaces/isaac_ros-dev/install/vision_msgs/include/vision_msgs/vision_msgs/msg/detail/detection3_d__functions.c
[14.066s] -- Up-to-date: /workspaces/isaac_ros-dev/install/vision_msgs/include/vision_msgs/vision_msgs/msg/detail/object_hypothesis_with_pose__type_support.h
[14.067s] -- Up-to-date: /workspaces/isaac_ros-dev/install/vision_msgs/include/vision_msgs/vision_msgs/msg/detail/pose2_d__struct.h
[14.067s] -- Up-to-date: /workspaces/isaac_ros-dev/install/vision_msgs/include/vision_msgs/vision_msgs/msg/detail/bounding_box2_d_array__functions.h
[14.068s] -- Up-to-date: /workspaces/isaac_ros-dev/install/vision_msgs/include/vision_msgs/vision_msgs/msg/detail/vision_class__functions.h
[14.068s] -- Up-to-date: /workspaces/isaac_ros-dev/install/vision_msgs/include/vision_msgs/vision_msgs/msg/detail/pose2_d__functions.c
[14.069s] -- Up-to-date: /workspaces/isaac_ros-dev/install/vision_msgs/include/vision_msgs/vision_msgs/msg/detail/bounding_box2_d_array__struct.h
[14.069s] -- Up-to-date: /workspaces/isaac_ros-dev/install/vision_msgs/include/vision_msgs/vision_msgs/msg/detail/pose2_d__functions.h
[14.069s] -- Up-to-date: /workspaces/isaac_ros-dev/install/vision_msgs/include/vision_msgs/vision_msgs/msg/detail/object_hypothesis_with_pose__struct.h
[14.070s] -- Up-to-date: /workspaces/isaac_ros-dev/install/vision_msgs/include/vision_msgs/vision_msgs/msg/detail/object_hypothesis__struct.h
[14.070s] -- Up-to-date: /workspaces/isaac_ros-dev/install/vision_msgs/include/vision_msgs/vision_msgs/msg/detail/detection2_d_array__functions.c
[14.071s] -- Up-to-date: /workspaces/isaac_ros-dev/install/vision_msgs/include/vision_msgs/vision_msgs/msg/detail/bounding_box3_d_array__functions.h
[14.071s] -- Up-to-date: /workspaces/isaac_ros-dev/install/vision_msgs/include/vision_msgs/vision_msgs/msg/detail/bounding_box3_d__functions.h
[14.072s] -- Up-to-date: /workspaces/isaac_ros-dev/install/vision_msgs/include/vision_msgs/vision_msgs/msg/detail/vision_class__struct.h
[14.072s] -- Up-to-date: /workspaces/isaac_ros-dev/install/vision_msgs/include/vision_msgs/vision_msgs/msg/detail/bounding_box3_d__functions.c
[14.073s] -- Up-to-date: /workspaces/isaac_ros-dev/install/vision_msgs/include/vision_msgs/vision_msgs/msg/detail/bounding_box3_d_array__type_support.h
[14.073s] -- Up-to-date: /workspaces/isaac_ros-dev/install/vision_msgs/include/vision_msgs/vision_msgs/msg/detail/bounding_box3_d__type_support.h
[14.074s] -- Up-to-date: /workspaces/isaac_ros-dev/install/vision_msgs/include/vision_msgs/vision_msgs/msg/detail/bounding_box2_d__functions.c
[14.074s] -- Up-to-date: /workspaces/isaac_ros-dev/install/vision_msgs/include/vision_msgs/vision_msgs/msg/detail/detection2_d_array__type_support.h
[14.075s] -- Up-to-date: /workspaces/isaac_ros-dev/install/vision_msgs/include/vision_msgs/vision_msgs/msg/detail/point2_d__functions.c
[14.075s] -- Up-to-date: /workspaces/isaac_ros-dev/install/vision_msgs/include/vision_msgs/vision_msgs/msg/detail/label_info__functions.c
[14.076s] -- Up-to-date: /workspaces/isaac_ros-dev/install/vision_msgs/include/vision_msgs/vision_msgs/msg/detail/pose2_d__type_support.h
[14.076s] -- Up-to-date: /workspaces/isaac_ros-dev/install/vision_msgs/include/vision_msgs/vision_msgs/msg/detail/bounding_box3_d__struct.h
[14.076s] -- Up-to-date: /workspaces/isaac_ros-dev/install/vision_msgs/include/vision_msgs/vision_msgs/msg/detail/vision_info__struct.h
[14.077s] -- Up-to-date: /workspaces/isaac_ros-dev/install/vision_msgs/include/vision_msgs/vision_msgs/msg/detail/detection2_d__struct.h
[14.077s] -- Up-to-date: /workspaces/isaac_ros-dev/install/vision_msgs/include/vision_msgs/vision_msgs/msg/detail/detection3_d__struct.h
[14.078s] -- Up-to-date: /workspaces/isaac_ros-dev/install/vision_msgs/include/vision_msgs/vision_msgs/msg/detail/vision_class__functions.c
[14.078s] -- Up-to-date: /workspaces/isaac_ros-dev/install/vision_msgs/include/vision_msgs/vision_msgs/msg/detail/bounding_box3_d_array__functions.c
[14.078s] -- Up-to-date: /workspaces/isaac_ros-dev/install/vision_msgs/include/vision_msgs/vision_msgs/msg/detail/bounding_box2_d__type_support.h
[14.079s] -- Up-to-date: /workspaces/isaac_ros-dev/install/vision_msgs/include/vision_msgs/vision_msgs/msg/detail/object_hypothesis__type_support.h
[14.079s] -- Up-to-date: /workspaces/isaac_ros-dev/install/vision_msgs/include/vision_msgs/vision_msgs/msg/detail/detection3_d__functions.h
[14.080s] -- Up-to-date: /workspaces/isaac_ros-dev/install/vision_msgs/include/vision_msgs/vision_msgs/msg/detail/object_hypothesis_with_pose__functions.h
[14.080s] -- Up-to-date: /workspaces/isaac_ros-dev/install/vision_msgs/include/vision_msgs/vision_msgs/msg/object_hypothesis.h
[14.081s] -- Up-to-date: /workspaces/isaac_ros-dev/install/vision_msgs/include/vision_msgs/vision_msgs/msg/object_hypothesis_with_pose.h
[14.081s] -- Up-to-date: /workspaces/isaac_ros-dev/install/vision_msgs/include/vision_msgs/vision_msgs/msg/point2_d.h
[14.081s] -- Up-to-date: /workspaces/isaac_ros-dev/install/vision_msgs/include/vision_msgs/vision_msgs/msg/bounding_box2_d_array.h
[14.082s] -- Up-to-date: /workspaces/isaac_ros-dev/install/vision_msgs/include/vision_msgs/vision_msgs/msg/classification.h
[14.082s] -- Up-to-date: /workspaces/isaac_ros-dev/install/vision_msgs/share/vision_msgs/environment/library_path.sh
[14.083s] -- Up-to-date: /workspaces/isaac_ros-dev/install/vision_msgs/share/vision_msgs/environment/library_path.dsv
[14.083s] -- Up-to-date: /workspaces/isaac_ros-dev/install/vision_msgs/lib/libvision_msgs__rosidl_generator_c.so
[14.083s] -- Up-to-date: /workspaces/isaac_ros-dev/install/vision_msgs/include/vision_msgs/vision_msgs
[14.084s] -- Up-to-date: /workspaces/isaac_ros-dev/install/vision_msgs/include/vision_msgs/vision_msgs/msg
[14.084s] -- Up-to-date: /workspaces/isaac_ros-dev/install/vision_msgs/include/vision_msgs/vision_msgs/msg/rosidl_typesupport_fastrtps_c__visibility_control.h
[14.085s] -- Up-to-date: /workspaces/isaac_ros-dev/install/vision_msgs/include/vision_msgs/vision_msgs/msg/detail
[14.085s] -- Up-to-date: /workspaces/isaac_ros-dev/install/vision_msgs/include/vision_msgs/vision_msgs/msg/detail/detection3_d__rosidl_typesupport_fastrtps_c.h
[14.086s] -- Up-to-date: /workspaces/isaac_ros-dev/install/vision_msgs/include/vision_msgs/vision_msgs/msg/detail/detection2_d_array__rosidl_typesupport_fastrtps_c.h
[14.086s] -- Up-to-date: /workspaces/isaac_ros-dev/install/vision_msgs/include/vision_msgs/vision_msgs/msg/detail/object_hypothesis_with_pose__rosidl_typesupport_fastrtps_c.h
[14.087s] -- Up-to-date: /workspaces/isaac_ros-dev/install/vision_msgs/include/vision_msgs/vision_msgs/msg/detail/detection2_d__rosidl_typesupport_fastrtps_c.h
[14.087s] -- Up-to-date: /workspaces/isaac_ros-dev/install/vision_msgs/include/vision_msgs/vision_msgs/msg/detail/bounding_box2_d_array__rosidl_typesupport_fastrtps_c.h
[14.087s] -- Up-to-date: /workspaces/isaac_ros-dev/install/vision_msgs/include/vision_msgs/vision_msgs/msg/detail/classification__rosidl_typesupport_fastrtps_c.h
[14.088s] -- Up-to-date: /workspaces/isaac_ros-dev/install/vision_msgs/include/vision_msgs/vision_msgs/msg/detail/bounding_box3_d_array__rosidl_typesupport_fastrtps_c.h
[14.088s] -- Up-to-date: /workspaces/isaac_ros-dev/install/vision_msgs/include/vision_msgs/vision_msgs/msg/detail/label_info__rosidl_typesupport_fastrtps_c.h
[14.089s] -- Up-to-date: /workspaces/isaac_ros-dev/install/vision_msgs/include/vision_msgs/vision_msgs/msg/detail/bounding_box2_d__rosidl_typesupport_fastrtps_c.h
[14.089s] -- Up-to-date: /workspaces/isaac_ros-dev/install/vision_msgs/include/vision_msgs/vision_msgs/msg/detail/point2_d__rosidl_typesupport_fastrtps_c.h
[14.090s] -- Up-to-date: /workspaces/isaac_ros-dev/install/vision_msgs/include/vision_msgs/vision_msgs/msg/detail/pose2_d__rosidl_typesupport_fastrtps_c.h
[14.090s] -- Up-to-date: /workspaces/isaac_ros-dev/install/vision_msgs/include/vision_msgs/vision_msgs/msg/detail/bounding_box3_d__rosidl_typesupport_fastrtps_c.h
[14.091s] -- Up-to-date: /workspaces/isaac_ros-dev/install/vision_msgs/include/vision_msgs/vision_msgs/msg/detail/vision_info__rosidl_typesupport_fastrtps_c.h
[14.091s] -- Up-to-date: /workspaces/isaac_ros-dev/install/vision_msgs/include/vision_msgs/vision_msgs/msg/detail/vision_class__rosidl_typesupport_fastrtps_c.h
[14.091s] -- Up-to-date: /workspaces/isaac_ros-dev/install/vision_msgs/include/vision_msgs/vision_msgs/msg/detail/detection3_d_array__rosidl_typesupport_fastrtps_c.h
[14.092s] -- Up-to-date: /workspaces/isaac_ros-dev/install/vision_msgs/include/vision_msgs/vision_msgs/msg/detail/object_hypothesis__rosidl_typesupport_fastrtps_c.h
[14.092s] -- Up-to-date: /workspaces/isaac_ros-dev/install/vision_msgs/lib/libvision_msgs__rosidl_typesupport_fastrtps_c.so
[14.093s] -- Up-to-date: /workspaces/isaac_ros-dev/install/vision_msgs/include/vision_msgs/vision_msgs
[14.093s] -- Up-to-date: /workspaces/isaac_ros-dev/install/vision_msgs/include/vision_msgs/vision_msgs/msg
[14.093s] -- Up-to-date: /workspaces/isaac_ros-dev/install/vision_msgs/include/vision_msgs/vision_msgs/msg/label_info.hpp
[14.094s] -- Up-to-date: /workspaces/isaac_ros-dev/install/vision_msgs/include/vision_msgs/vision_msgs/msg/bounding_box3_d.hpp
[14.094s] -- Up-to-date: /workspaces/isaac_ros-dev/install/vision_msgs/include/vision_msgs/vision_msgs/msg/bounding_box2_d.hpp
[14.095s] -- Up-to-date: /workspaces/isaac_ros-dev/install/vision_msgs/include/vision_msgs/vision_msgs/msg/vision_info.hpp
[14.095s] -- Up-to-date: /workspaces/isaac_ros-dev/install/vision_msgs/include/vision_msgs/vision_msgs/msg/detection3_d.hpp
[14.095s] -- Up-to-date: /workspaces/isaac_ros-dev/install/vision_msgs/include/vision_msgs/vision_msgs/msg/object_hypothesis_with_pose.hpp
[14.096s] -- Up-to-date: /workspaces/isaac_ros-dev/install/vision_msgs/include/vision_msgs/vision_msgs/msg/detection3_d_array.hpp
[14.096s] -- Up-to-date: /workspaces/isaac_ros-dev/install/vision_msgs/include/vision_msgs/vision_msgs/msg/pose2_d.hpp
[14.097s] -- Up-to-date: /workspaces/isaac_ros-dev/install/vision_msgs/include/vision_msgs/vision_msgs/msg/bounding_box3_d_array.hpp
[14.097s] -- Up-to-date: /workspaces/isaac_ros-dev/install/vision_msgs/include/vision_msgs/vision_msgs/msg/object_hypothesis.hpp
[14.097s] -- Up-to-date: /workspaces/isaac_ros-dev/install/vision_msgs/include/vision_msgs/vision_msgs/msg/detail
[14.098s] -- Up-to-date: /workspaces/isaac_ros-dev/install/vision_msgs/include/vision_msgs/vision_msgs/msg/detail/detection2_d_array__traits.hpp
[14.098s] -- Up-to-date: /workspaces/isaac_ros-dev/install/vision_msgs/include/vision_msgs/vision_msgs/msg/detail/pose2_d__traits.hpp
[14.098s] -- Up-to-date: /workspaces/isaac_ros-dev/install/vision_msgs/include/vision_msgs/vision_msgs/msg/detail/point2_d__struct.hpp
[14.099s] -- Up-to-date: /workspaces/isaac_ros-dev/install/vision_msgs/include/vision_msgs/vision_msgs/msg/detail/pose2_d__struct.hpp
[14.100s] -- Up-to-date: /workspaces/isaac_ros-dev/install/vision_msgs/include/vision_msgs/vision_msgs/msg/detail/bounding_box2_d_array__traits.hpp
[14.100s] -- Up-to-date: /workspaces/isaac_ros-dev/install/vision_msgs/include/vision_msgs/vision_msgs/msg/detail/vision_info__struct.hpp
[14.100s] -- Up-to-date: /workspaces/isaac_ros-dev/install/vision_msgs/include/vision_msgs/vision_msgs/msg/detail/detection3_d_array__traits.hpp
[14.101s] -- Up-to-date: /workspaces/isaac_ros-dev/install/vision_msgs/include/vision_msgs/vision_msgs/msg/detail/object_hypothesis_with_pose__builder.hpp
[14.102s] -- Up-to-date: /workspaces/isaac_ros-dev/install/vision_msgs/include/vision_msgs/vision_msgs/msg/detail/pose2_d__builder.hpp
[14.102s] -- Up-to-date: /workspaces/isaac_ros-dev/install/vision_msgs/include/vision_msgs/vision_msgs/msg/detail/bounding_box3_d_array__builder.hpp
[14.103s] -- Up-to-date: /workspaces/isaac_ros-dev/install/vision_msgs/include/vision_msgs/vision_msgs/msg/detail/label_info__struct.hpp
[14.103s] -- Up-to-date: /workspaces/isaac_ros-dev/install/vision_msgs/include/vision_msgs/vision_msgs/msg/detail/detection2_d__struct.hpp
[14.104s] -- Up-to-date: /workspaces/isaac_ros-dev/install/vision_msgs/include/vision_msgs/vision_msgs/msg/detail/classification__builder.hpp
[14.104s] -- Up-to-date: /workspaces/isaac_ros-dev/install/vision_msgs/include/vision_msgs/vision_msgs/msg/detail/bounding_box3_d__struct.hpp
[14.105s] -- Up-to-date: /workspaces/isaac_ros-dev/install/vision_msgs/include/vision_msgs/vision_msgs/msg/detail/bounding_box2_d_array__builder.hpp
[14.105s] -- Up-to-date: /workspaces/isaac_ros-dev/install/vision_msgs/include/vision_msgs/vision_msgs/msg/detail/detection3_d_array__struct.hpp
[14.110s] -- Up-to-date: /workspaces/isaac_ros-dev/install/vision_msgs/include/vision_msgs/vision_msgs/msg/detail/label_info__traits.hpp
[14.110s] -- Up-to-date: /workspaces/isaac_ros-dev/install/vision_msgs/include/vision_msgs/vision_msgs/msg/detail/vision_class__builder.hpp
[14.110s] -- Up-to-date: /workspaces/isaac_ros-dev/install/vision_msgs/include/vision_msgs/vision_msgs/msg/detail/label_info__builder.hpp
[14.111s] -- Up-to-date: /workspaces/isaac_ros-dev/install/vision_msgs/include/vision_msgs/vision_msgs/msg/detail/detection3_d__traits.hpp
[14.111s] -- Up-to-date: /workspaces/isaac_ros-dev/install/vision_msgs/include/vision_msgs/vision_msgs/msg/detail/detection2_d__traits.hpp
[14.112s] -- Up-to-date: /workspaces/isaac_ros-dev/install/vision_msgs/include/vision_msgs/vision_msgs/msg/detail/vision_info__builder.hpp
[14.112s] -- Up-to-date: /workspaces/isaac_ros-dev/install/vision_msgs/include/vision_msgs/vision_msgs/msg/detail/bounding_box2_d_array__struct.hpp
[14.112s] -- Up-to-date: /workspaces/isaac_ros-dev/install/vision_msgs/include/vision_msgs/vision_msgs/msg/detail/object_hypothesis_with_pose__traits.hpp
[14.113s] -- Up-to-date: /workspaces/isaac_ros-dev/install/vision_msgs/include/vision_msgs/vision_msgs/msg/detail/bounding_box3_d__builder.hpp
[14.113s] -- Up-to-date: /workspaces/isaac_ros-dev/install/vision_msgs/include/vision_msgs/vision_msgs/msg/detail/point2_d__builder.hpp
[14.115s] -- Up-to-date: /workspaces/isaac_ros-dev/install/vision_msgs/include/vision_msgs/vision_msgs/msg/detail/point2_d__traits.hpp
[14.115s] -- Up-to-date: /workspaces/isaac_ros-dev/install/vision_msgs/include/vision_msgs/vision_msgs/msg/detail/vision_class__traits.hpp
[14.116s] -- Up-to-date: /workspaces/isaac_ros-dev/install/vision_msgs/include/vision_msgs/vision_msgs/msg/detail/detection3_d__struct.hpp
[14.116s] -- Up-to-date: /workspaces/isaac_ros-dev/install/vision_msgs/include/vision_msgs/vision_msgs/msg/detail/object_hypothesis__struct.hpp
[14.116s] -- Up-to-date: /workspaces/isaac_ros-dev/install/vision_msgs/include/vision_msgs/vision_msgs/msg/detail/bounding_box3_d_array__traits.hpp
[14.117s] -- Up-to-date: /workspaces/isaac_ros-dev/install/vision_msgs/include/vision_msgs/vision_msgs/msg/detail/vision_info__traits.hpp
[14.117s] -- Up-to-date: /workspaces/isaac_ros-dev/install/vision_msgs/include/vision_msgs/vision_msgs/msg/detail/detection2_d_array__struct.hpp
[14.117s] -- Up-to-date: /workspaces/isaac_ros-dev/install/vision_msgs/include/vision_msgs/vision_msgs/msg/detail/bounding_box2_d__struct.hpp
[14.118s] -- Up-to-date: /workspaces/isaac_ros-dev/install/vision_msgs/include/vision_msgs/vision_msgs/msg/detail/classification__struct.hpp
[14.118s] -- Up-to-date: /workspaces/isaac_ros-dev/install/vision_msgs/include/vision_msgs/vision_msgs/msg/detail/detection3_d_array__builder.hpp
[14.119s] -- Up-to-date: /workspaces/isaac_ros-dev/install/vision_msgs/include/vision_msgs/vision_msgs/msg/detail/classification__traits.hpp
[14.119s] -- Up-to-date: /workspaces/isaac_ros-dev/install/vision_msgs/include/vision_msgs/vision_msgs/msg/detail/detection3_d__builder.hpp
[14.120s] -- Up-to-date: /workspaces/isaac_ros-dev/install/vision_msgs/include/vision_msgs/vision_msgs/msg/detail/object_hypothesis__builder.hpp
[14.121s] -- Up-to-date: /workspaces/isaac_ros-dev/install/vision_msgs/include/vision_msgs/vision_msgs/msg/detail/bounding_box2_d__traits.hpp
[14.121s] -- Up-to-date: /workspaces/isaac_ros-dev/install/vision_msgs/include/vision_msgs/vision_msgs/msg/detail/object_hypothesis__traits.hpp
[14.122s] -- Up-to-date: /workspaces/isaac_ros-dev/install/vision_msgs/include/vision_msgs/vision_msgs/msg/detail/bounding_box2_d__builder.hpp
[14.122s] -- Up-to-date: /workspaces/isaac_ros-dev/install/vision_msgs/include/vision_msgs/vision_msgs/msg/detail/detection2_d_array__builder.hpp
[14.123s] -- Up-to-date: /workspaces/isaac_ros-dev/install/vision_msgs/include/vision_msgs/vision_msgs/msg/detail/vision_class__struct.hpp
[14.123s] -- Up-to-date: /workspaces/isaac_ros-dev/install/vision_msgs/include/vision_msgs/vision_msgs/msg/detail/object_hypothesis_with_pose__struct.hpp
[14.123s] -- Up-to-date: /workspaces/isaac_ros-dev/install/vision_msgs/include/vision_msgs/vision_msgs/msg/detail/bounding_box3_d__traits.hpp
[14.124s] -- Up-to-date: /workspaces/isaac_ros-dev/install/vision_msgs/include/vision_msgs/vision_msgs/msg/detail/bounding_box3_d_array__struct.hpp
[14.124s] -- Up-to-date: /workspaces/isaac_ros-dev/install/vision_msgs/include/vision_msgs/vision_msgs/msg/detail/detection2_d__builder.hpp
[14.125s] -- Up-to-date: /workspaces/isaac_ros-dev/install/vision_msgs/include/vision_msgs/vision_msgs/msg/bounding_box2_d_array.hpp
[14.125s] -- Up-to-date: /workspaces/isaac_ros-dev/install/vision_msgs/include/vision_msgs/vision_msgs/msg/classification.hpp
[14.126s] -- Up-to-date: /workspaces/isaac_ros-dev/install/vision_msgs/include/vision_msgs/vision_msgs/msg/vision_class.hpp
[14.126s] -- Up-to-date: /workspaces/isaac_ros-dev/install/vision_msgs/include/vision_msgs/vision_msgs/msg/detection2_d_array.hpp
[14.127s] -- Up-to-date: /workspaces/isaac_ros-dev/install/vision_msgs/include/vision_msgs/vision_msgs/msg/point2_d.hpp
[14.127s] -- Up-to-date: /workspaces/isaac_ros-dev/install/vision_msgs/include/vision_msgs/vision_msgs/msg/detection2_d.hpp
[14.127s] -- Up-to-date: /workspaces/isaac_ros-dev/install/vision_msgs/include/vision_msgs/vision_msgs
[14.128s] -- Up-to-date: /workspaces/isaac_ros-dev/install/vision_msgs/include/vision_msgs/vision_msgs/msg
[14.128s] -- Up-to-date: /workspaces/isaac_ros-dev/install/vision_msgs/include/vision_msgs/vision_msgs/msg/rosidl_typesupport_fastrtps_cpp__visibility_control.h
[14.129s] -- Up-to-date: /workspaces/isaac_ros-dev/install/vision_msgs/include/vision_msgs/vision_msgs/msg/detail
[14.129s] -- Up-to-date: /workspaces/isaac_ros-dev/install/vision_msgs/include/vision_msgs/vision_msgs/msg/detail/label_info__rosidl_typesupport_fastrtps_cpp.hpp
[14.129s] -- Up-to-date: /workspaces/isaac_ros-dev/install/vision_msgs/include/vision_msgs/vision_msgs/msg/detail/pose2_d__rosidl_typesupport_fastrtps_cpp.hpp
[14.130s] -- Up-to-date: /workspaces/isaac_ros-dev/install/vision_msgs/include/vision_msgs/vision_msgs/msg/detail/detection2_d__rosidl_typesupport_fastrtps_cpp.hpp
[14.130s] -- Up-to-date: /workspaces/isaac_ros-dev/install/vision_msgs/include/vision_msgs/vision_msgs/msg/detail/bounding_box3_d__rosidl_typesupport_fastrtps_cpp.hpp
[14.130s] -- Up-to-date: /workspaces/isaac_ros-dev/install/vision_msgs/include/vision_msgs/vision_msgs/msg/detail/bounding_box2_d_array__rosidl_typesupport_fastrtps_cpp.hpp
[14.131s] -- Up-to-date: /workspaces/isaac_ros-dev/install/vision_msgs/include/vision_msgs/vision_msgs/msg/detail/detection2_d_array__rosidl_typesupport_fastrtps_cpp.hpp
[14.131s] -- Up-to-date: /workspaces/isaac_ros-dev/install/vision_msgs/include/vision_msgs/vision_msgs/msg/detail/bounding_box2_d__rosidl_typesupport_fastrtps_cpp.hpp
[14.132s] -- Up-to-date: /workspaces/isaac_ros-dev/install/vision_msgs/include/vision_msgs/vision_msgs/msg/detail/object_hypothesis__rosidl_typesupport_fastrtps_cpp.hpp
[14.132s] -- Up-to-date: /workspaces/isaac_ros-dev/install/vision_msgs/include/vision_msgs/vision_msgs/msg/detail/dds_fastrtps
[14.133s] -- Up-to-date: /workspaces/isaac_ros-dev/install/vision_msgs/include/vision_msgs/vision_msgs/msg/detail/vision_info__rosidl_typesupport_fastrtps_cpp.hpp
[14.133s] -- Up-to-date: /workspaces/isaac_ros-dev/install/vision_msgs/include/vision_msgs/vision_msgs/msg/detail/point2_d__rosidl_typesupport_fastrtps_cpp.hpp
[14.134s] -- Up-to-date: /workspaces/isaac_ros-dev/install/vision_msgs/include/vision_msgs/vision_msgs/msg/detail/vision_class__rosidl_typesupport_fastrtps_cpp.hpp
[14.134s] -- Up-to-date: /workspaces/isaac_ros-dev/install/vision_msgs/include/vision_msgs/vision_msgs/msg/detail/detection3_d_array__rosidl_typesupport_fastrtps_cpp.hpp
[14.135s] -- Up-to-date: /workspaces/isaac_ros-dev/install/vision_msgs/include/vision_msgs/vision_msgs/msg/detail/bounding_box3_d_array__rosidl_typesupport_fastrtps_cpp.hpp
[14.135s] -- Up-to-date: /workspaces/isaac_ros-dev/install/vision_msgs/include/vision_msgs/vision_msgs/msg/detail/object_hypothesis_with_pose__rosidl_typesupport_fastrtps_cpp.hpp
[14.136s] -- Up-to-date: /workspaces/isaac_ros-dev/install/vision_msgs/include/vision_msgs/vision_msgs/msg/detail/classification__rosidl_typesupport_fastrtps_cpp.hpp
[14.136s] -- Up-to-date: /workspaces/isaac_ros-dev/install/vision_msgs/include/vision_msgs/vision_msgs/msg/detail/detection3_d__rosidl_typesupport_fastrtps_cpp.hpp
[14.137s] -- Up-to-date: /workspaces/isaac_ros-dev/install/vision_msgs/lib/libvision_msgs__rosidl_typesupport_fastrtps_cpp.so
[14.137s] -- Up-to-date: /workspaces/isaac_ros-dev/install/vision_msgs/include/vision_msgs/vision_msgs
[14.138s] -- Up-to-date: /workspaces/isaac_ros-dev/install/vision_msgs/include/vision_msgs/vision_msgs/msg
[14.138s] -- Up-to-date: /workspaces/isaac_ros-dev/install/vision_msgs/include/vision_msgs/vision_msgs/msg/detail
[14.138s] -- Up-to-date: /workspaces/isaac_ros-dev/install/vision_msgs/include/vision_msgs/vision_msgs/msg/detail/vision_class__type_support.c
[14.139s] -- Up-to-date: /workspaces/isaac_ros-dev/install/vision_msgs/include/vision_msgs/vision_msgs/msg/detail/detection2_d_array__rosidl_typesupport_introspection_c.h
[14.139s] -- Up-to-date: /workspaces/isaac_ros-dev/install/vision_msgs/include/vision_msgs/vision_msgs/msg/detail/classification__type_support.c
[14.140s] -- Up-to-date: /workspaces/isaac_ros-dev/install/vision_msgs/include/vision_msgs/vision_msgs/msg/detail/object_hypothesis_with_pose__rosidl_typesupport_introspection_c.h
[14.140s] -- Up-to-date: /workspaces/isaac_ros-dev/install/vision_msgs/include/vision_msgs/vision_msgs/msg/detail/pose2_d__type_support.c
[14.141s] -- Up-to-date: /workspaces/isaac_ros-dev/install/vision_msgs/include/vision_msgs/vision_msgs/msg/detail/bounding_box3_d_array__type_support.c
[14.141s] -- Up-to-date: /workspaces/isaac_ros-dev/install/vision_msgs/include/vision_msgs/vision_msgs/msg/detail/detection2_d__type_support.c
[14.141s] -- Up-to-date: /workspaces/isaac_ros-dev/install/vision_msgs/include/vision_msgs/vision_msgs/msg/detail/detection3_d__type_support.c
[14.142s] -- Up-to-date: /workspaces/isaac_ros-dev/install/vision_msgs/include/vision_msgs/vision_msgs/msg/detail/vision_class__rosidl_typesupport_introspection_c.h
[14.142s] -- Up-to-date: /workspaces/isaac_ros-dev/install/vision_msgs/include/vision_msgs/vision_msgs/msg/detail/bounding_box2_d__rosidl_typesupport_introspection_c.h
[14.143s] -- Up-to-date: /workspaces/isaac_ros-dev/install/vision_msgs/include/vision_msgs/vision_msgs/msg/detail/bounding_box2_d__type_support.c
[14.144s] -- Up-to-date: /workspaces/isaac_ros-dev/install/vision_msgs/include/vision_msgs/vision_msgs/msg/detail/bounding_box3_d_array__rosidl_typesupport_introspection_c.h
[14.144s] -- Up-to-date: /workspaces/isaac_ros-dev/install/vision_msgs/include/vision_msgs/vision_msgs/msg/detail/pose2_d__rosidl_typesupport_introspection_c.h
[14.145s] -- Up-to-date: /workspaces/isaac_ros-dev/install/vision_msgs/include/vision_msgs/vision_msgs/msg/detail/vision_info__type_support.c
[14.145s] -- Up-to-date: /workspaces/isaac_ros-dev/install/vision_msgs/include/vision_msgs/vision_msgs/msg/detail/detection3_d_array__rosidl_typesupport_introspection_c.h
[14.145s] -- Up-to-date: /workspaces/isaac_ros-dev/install/vision_msgs/include/vision_msgs/vision_msgs/msg/detail/bounding_box2_d_array__type_support.c
[14.146s] -- Up-to-date: /workspaces/isaac_ros-dev/install/vision_msgs/include/vision_msgs/vision_msgs/msg/detail/bounding_box2_d_array__rosidl_typesupport_introspection_c.h
[14.146s] -- Up-to-date: /workspaces/isaac_ros-dev/install/vision_msgs/include/vision_msgs/vision_msgs/msg/detail/detection2_d_array__type_support.c
[14.147s] -- Up-to-date: /workspaces/isaac_ros-dev/install/vision_msgs/include/vision_msgs/vision_msgs/msg/detail/detection3_d__rosidl_typesupport_introspection_c.h
[14.147s] -- Up-to-date: /workspaces/isaac_ros-dev/install/vision_msgs/include/vision_msgs/vision_msgs/msg/detail/detection2_d__rosidl_typesupport_introspection_c.h
[14.148s] -- Up-to-date: /workspaces/isaac_ros-dev/install/vision_msgs/include/vision_msgs/vision_msgs/msg/detail/object_hypothesis__type_support.c
[14.148s] -- Up-to-date: /workspaces/isaac_ros-dev/install/vision_msgs/include/vision_msgs/vision_msgs/msg/detail/bounding_box3_d__rosidl_typesupport_introspection_c.h
[14.148s] -- Up-to-date: /workspaces/isaac_ros-dev/install/vision_msgs/include/vision_msgs/vision_msgs/msg/detail/vision_info__rosidl_typesupport_introspection_c.h
[14.149s] -- Up-to-date: /workspaces/isaac_ros-dev/install/vision_msgs/include/vision_msgs/vision_msgs/msg/detail/point2_d__rosidl_typesupport_introspection_c.h
[14.149s] -- Up-to-date: /workspaces/isaac_ros-dev/install/vision_msgs/include/vision_msgs/vision_msgs/msg/detail/label_info__rosidl_typesupport_introspection_c.h
[14.149s] -- Up-to-date: /workspaces/isaac_ros-dev/install/vision_msgs/include/vision_msgs/vision_msgs/msg/detail/detection3_d_array__type_support.c
[14.150s] -- Up-to-date: /workspaces/isaac_ros-dev/install/vision_msgs/include/vision_msgs/vision_msgs/msg/detail/classification__rosidl_typesupport_introspection_c.h
[14.151s] -- Up-to-date: /workspaces/isaac_ros-dev/install/vision_msgs/include/vision_msgs/vision_msgs/msg/detail/label_info__type_support.c
[14.151s] -- Up-to-date: /workspaces/isaac_ros-dev/install/vision_msgs/include/vision_msgs/vision_msgs/msg/detail/object_hypothesis__rosidl_typesupport_introspection_c.h
[14.152s] -- Up-to-date: /workspaces/isaac_ros-dev/install/vision_msgs/include/vision_msgs/vision_msgs/msg/detail/bounding_box3_d__type_support.c
[14.152s] -- Up-to-date: /workspaces/isaac_ros-dev/install/vision_msgs/include/vision_msgs/vision_msgs/msg/detail/object_hypothesis_with_pose__type_support.c
[14.153s] -- Up-to-date: /workspaces/isaac_ros-dev/install/vision_msgs/include/vision_msgs/vision_msgs/msg/detail/point2_d__type_support.c
[14.153s] -- Up-to-date: /workspaces/isaac_ros-dev/install/vision_msgs/include/vision_msgs/vision_msgs/msg/rosidl_typesupport_introspection_c__visibility_control.h
[14.154s] -- Up-to-date: /workspaces/isaac_ros-dev/install/vision_msgs/lib/libvision_msgs__rosidl_typesupport_introspection_c.so
[14.154s] -- Up-to-date: /workspaces/isaac_ros-dev/install/vision_msgs/lib/libvision_msgs__rosidl_typesupport_c.so
[14.155s] -- Up-to-date: /workspaces/isaac_ros-dev/install/vision_msgs/include/vision_msgs/vision_msgs
[14.155s] -- Up-to-date: /workspaces/isaac_ros-dev/install/vision_msgs/include/vision_msgs/vision_msgs/msg
[14.156s] -- Up-to-date: /workspaces/isaac_ros-dev/install/vision_msgs/include/vision_msgs/vision_msgs/msg/detail
[14.156s] -- Up-to-date: /workspaces/isaac_ros-dev/install/vision_msgs/include/vision_msgs/vision_msgs/msg/detail/vision_class__type_support.cpp
[14.157s] -- Up-to-date: /workspaces/isaac_ros-dev/install/vision_msgs/include/vision_msgs/vision_msgs/msg/detail/vision_info__rosidl_typesupport_introspection_cpp.hpp
[14.157s] -- Up-to-date: /workspaces/isaac_ros-dev/install/vision_msgs/include/vision_msgs/vision_msgs/msg/detail/point2_d__rosidl_typesupport_introspection_cpp.hpp
[14.158s] -- Up-to-date: /workspaces/isaac_ros-dev/install/vision_msgs/include/vision_msgs/vision_msgs/msg/detail/bounding_box2_d__rosidl_typesupport_introspection_cpp.hpp
[14.158s] -- Up-to-date: /workspaces/isaac_ros-dev/install/vision_msgs/include/vision_msgs/vision_msgs/msg/detail/object_hypothesis__type_support.cpp
[14.159s] -- Up-to-date: /workspaces/isaac_ros-dev/install/vision_msgs/include/vision_msgs/vision_msgs/msg/detail/detection3_d_array__type_support.cpp
[14.159s] -- Up-to-date: /workspaces/isaac_ros-dev/install/vision_msgs/include/vision_msgs/vision_msgs/msg/detail/object_hypothesis_with_pose__rosidl_typesupport_introspection_cpp.hpp
[14.160s] -- Up-to-date: /workspaces/isaac_ros-dev/install/vision_msgs/include/vision_msgs/vision_msgs/msg/detail/label_info__type_support.cpp
[14.160s] -- Up-to-date: /workspaces/isaac_ros-dev/install/vision_msgs/include/vision_msgs/vision_msgs/msg/detail/bounding_box2_d_array__type_support.cpp
[14.161s] -- Up-to-date: /workspaces/isaac_ros-dev/install/vision_msgs/include/vision_msgs/vision_msgs/msg/detail/classification__type_support.cpp
[14.161s] -- Up-to-date: /workspaces/isaac_ros-dev/install/vision_msgs/include/vision_msgs/vision_msgs/msg/detail/detection2_d__rosidl_typesupport_introspection_cpp.hpp
[14.162s] -- Up-to-date: /workspaces/isaac_ros-dev/install/vision_msgs/include/vision_msgs/vision_msgs/msg/detail/detection2_d_array__type_support.cpp
[14.162s] -- Up-to-date: /workspaces/isaac_ros-dev/install/vision_msgs/include/vision_msgs/vision_msgs/msg/detail/detection2_d__type_support.cpp
[14.163s] -- Up-to-date: /workspaces/isaac_ros-dev/install/vision_msgs/include/vision_msgs/vision_msgs/msg/detail/detection3_d_array__rosidl_typesupport_introspection_cpp.hpp
[14.163s] -- Up-to-date: /workspaces/isaac_ros-dev/install/vision_msgs/include/vision_msgs/vision_msgs/msg/detail/object_hypothesis__rosidl_typesupport_introspection_cpp.hpp
[14.163s] -- Up-to-date: /workspaces/isaac_ros-dev/install/vision_msgs/include/vision_msgs/vision_msgs/msg/detail/bounding_box2_d_array__rosidl_typesupport_introspection_cpp.hpp
[14.164s] -- Up-to-date: /workspaces/isaac_ros-dev/install/vision_msgs/include/vision_msgs/vision_msgs/msg/detail/pose2_d__rosidl_typesupport_introspection_cpp.hpp
[14.164s] -- Up-to-date: /workspaces/isaac_ros-dev/install/vision_msgs/include/vision_msgs/vision_msgs/msg/detail/pose2_d__type_support.cpp
[14.165s] -- Up-to-date: /workspaces/isaac_ros-dev/install/vision_msgs/include/vision_msgs/vision_msgs/msg/detail/object_hypothesis_with_pose__type_support.cpp
[14.165s] -- Up-to-date: /workspaces/isaac_ros-dev/install/vision_msgs/include/vision_msgs/vision_msgs/msg/detail/bounding_box3_d__type_support.cpp
[14.165s] -- Up-to-date: /workspaces/isaac_ros-dev/install/vision_msgs/include/vision_msgs/vision_msgs/msg/detail/detection3_d__type_support.cpp
[14.166s] -- Up-to-date: /workspaces/isaac_ros-dev/install/vision_msgs/include/vision_msgs/vision_msgs/msg/detail/classification__rosidl_typesupport_introspection_cpp.hpp
[14.167s] -- Up-to-date: /workspaces/isaac_ros-dev/install/vision_msgs/include/vision_msgs/vision_msgs/msg/detail/detection3_d__rosidl_typesupport_introspection_cpp.hpp
[14.167s] -- Up-to-date: /workspaces/isaac_ros-dev/install/vision_msgs/include/vision_msgs/vision_msgs/msg/detail/vision_info__type_support.cpp
[14.167s] -- Up-to-date: /workspaces/isaac_ros-dev/install/vision_msgs/include/vision_msgs/vision_msgs/msg/detail/bounding_box3_d__rosidl_typesupport_introspection_cpp.hpp
[14.168s] -- Up-to-date: /workspaces/isaac_ros-dev/install/vision_msgs/include/vision_msgs/vision_msgs/msg/detail/label_info__rosidl_typesupport_introspection_cpp.hpp
[14.168s] -- Up-to-date: /workspaces/isaac_ros-dev/install/vision_msgs/include/vision_msgs/vision_msgs/msg/detail/vision_class__rosidl_typesupport_introspection_cpp.hpp
[14.169s] -- Up-to-date: /workspaces/isaac_ros-dev/install/vision_msgs/include/vision_msgs/vision_msgs/msg/detail/bounding_box3_d_array__rosidl_typesupport_introspection_cpp.hpp
[14.170s] -- Up-to-date: /workspaces/isaac_ros-dev/install/vision_msgs/include/vision_msgs/vision_msgs/msg/detail/detection2_d_array__rosidl_typesupport_introspection_cpp.hpp
[14.170s] -- Up-to-date: /workspaces/isaac_ros-dev/install/vision_msgs/include/vision_msgs/vision_msgs/msg/detail/bounding_box3_d_array__type_support.cpp
[14.171s] -- Up-to-date: /workspaces/isaac_ros-dev/install/vision_msgs/include/vision_msgs/vision_msgs/msg/detail/bounding_box2_d__type_support.cpp
[14.171s] -- Up-to-date: /workspaces/isaac_ros-dev/install/vision_msgs/include/vision_msgs/vision_msgs/msg/detail/point2_d__type_support.cpp
[14.171s] -- Up-to-date: /workspaces/isaac_ros-dev/install/vision_msgs/lib/libvision_msgs__rosidl_typesupport_introspection_cpp.so
[14.171s] -- Up-to-date: /workspaces/isaac_ros-dev/install/vision_msgs/lib/libvision_msgs__rosidl_typesupport_cpp.so
[14.172s] -- Up-to-date: /workspaces/isaac_ros-dev/install/vision_msgs/share/vision_msgs/environment/pythonpath.sh
[14.172s] -- Up-to-date: /workspaces/isaac_ros-dev/install/vision_msgs/share/vision_msgs/environment/pythonpath.dsv
[14.173s] -- Up-to-date: /workspaces/isaac_ros-dev/install/vision_msgs/lib/python3.8/site-packages/vision_msgs-4.1.0-py3.8.egg-info
[14.173s] -- Installing: /workspaces/isaac_ros-dev/install/vision_msgs/lib/python3.8/site-packages/vision_msgs-4.1.0-py3.8.egg-info/top_level.txt
[14.173s] -- Installing: /workspaces/isaac_ros-dev/install/vision_msgs/lib/python3.8/site-packages/vision_msgs-4.1.0-py3.8.egg-info/dependency_links.txt
[14.173s] -- Installing: /workspaces/isaac_ros-dev/install/vision_msgs/lib/python3.8/site-packages/vision_msgs-4.1.0-py3.8.egg-info/SOURCES.txt
[14.174s] -- Installing: /workspaces/isaac_ros-dev/install/vision_msgs/lib/python3.8/site-packages/vision_msgs-4.1.0-py3.8.egg-info/PKG-INFO
[14.175s] -- Up-to-date: /workspaces/isaac_ros-dev/install/vision_msgs/lib/python3.8/site-packages/vision_msgs
[14.175s] -- Up-to-date: /workspaces/isaac_ros-dev/install/vision_msgs/lib/python3.8/site-packages/vision_msgs/__init__.py
[14.175s] -- Up-to-date: /workspaces/isaac_ros-dev/install/vision_msgs/lib/python3.8/site-packages/vision_msgs/vision_msgs_s__rosidl_typesupport_fastrtps_c.cpython-38-aarch64-linux-gnu.so
[14.176s] -- Up-to-date: /workspaces/isaac_ros-dev/install/vision_msgs/lib/python3.8/site-packages/vision_msgs/vision_msgs_s__rosidl_typesupport_introspection_c.cpython-38-aarch64-linux-gnu.so
[14.176s] -- Up-to-date: /workspaces/isaac_ros-dev/install/vision_msgs/lib/python3.8/site-packages/vision_msgs/vision_msgs_s__rosidl_typesupport_c.cpython-38-aarch64-linux-gnu.so
[14.177s] -- Up-to-date: /workspaces/isaac_ros-dev/install/vision_msgs/lib/python3.8/site-packages/vision_msgs/msg
[14.177s] -- Up-to-date: /workspaces/isaac_ros-dev/install/vision_msgs/lib/python3.8/site-packages/vision_msgs/msg/_bounding_box2_d_array.py
[14.178s] -- Up-to-date: /workspaces/isaac_ros-dev/install/vision_msgs/lib/python3.8/site-packages/vision_msgs/msg/__init__.py
[14.178s] -- Up-to-date: /workspaces/isaac_ros-dev/install/vision_msgs/lib/python3.8/site-packages/vision_msgs/msg/_object_hypothesis_with_pose.py
[14.179s] -- Up-to-date: /workspaces/isaac_ros-dev/install/vision_msgs/lib/python3.8/site-packages/vision_msgs/msg/_label_info.py
[14.179s] -- Up-to-date: /workspaces/isaac_ros-dev/install/vision_msgs/lib/python3.8/site-packages/vision_msgs/msg/_vision_class.py
[14.180s] -- Up-to-date: /workspaces/isaac_ros-dev/install/vision_msgs/lib/python3.8/site-packages/vision_msgs/msg/_vision_class_s.c
[14.180s] -- Up-to-date: /workspaces/isaac_ros-dev/install/vision_msgs/lib/python3.8/site-packages/vision_msgs/msg/_bounding_box2_d.py
[14.180s] -- Up-to-date: /workspaces/isaac_ros-dev/install/vision_msgs/lib/python3.8/site-packages/vision_msgs/msg/_object_hypothesis_s.c
[14.181s] -- Up-to-date: /workspaces/isaac_ros-dev/install/vision_msgs/lib/python3.8/site-packages/vision_msgs/msg/_bounding_box2_d_s.c
[14.181s] -- Up-to-date: /workspaces/isaac_ros-dev/install/vision_msgs/lib/python3.8/site-packages/vision_msgs/msg/_pose2_d_s.c
[14.182s] -- Up-to-date: /workspaces/isaac_ros-dev/install/vision_msgs/lib/python3.8/site-packages/vision_msgs/msg/_bounding_box3_d_s.c
[14.182s] -- Up-to-date: /workspaces/isaac_ros-dev/install/vision_msgs/lib/python3.8/site-packages/vision_msgs/msg/_vision_info.py
[14.183s] -- Up-to-date: /workspaces/isaac_ros-dev/install/vision_msgs/lib/python3.8/site-packages/vision_msgs/msg/_label_info_s.c
[14.183s] -- Up-to-date: /workspaces/isaac_ros-dev/install/vision_msgs/lib/python3.8/site-packages/vision_msgs/msg/_detection2_d_array.py
[14.184s] -- Up-to-date: /workspaces/isaac_ros-dev/install/vision_msgs/lib/python3.8/site-packages/vision_msgs/msg/_bounding_box2_d_array_s.c
[14.184s] -- Up-to-date: /workspaces/isaac_ros-dev/install/vision_msgs/lib/python3.8/site-packages/vision_msgs/msg/_object_hypothesis_with_pose_s.c
[14.184s] -- Up-to-date: /workspaces/isaac_ros-dev/install/vision_msgs/lib/python3.8/site-packages/vision_msgs/msg/_detection3_d_array_s.c
[14.185s] -- Up-to-date: /workspaces/isaac_ros-dev/install/vision_msgs/lib/python3.8/site-packages/vision_msgs/msg/_detection3_d_s.c
[14.185s] -- Up-to-date: /workspaces/isaac_ros-dev/install/vision_msgs/lib/python3.8/site-packages/vision_msgs/msg/_detection3_d.py
[14.186s] -- Up-to-date: /workspaces/isaac_ros-dev/install/vision_msgs/lib/python3.8/site-packages/vision_msgs/msg/_bounding_box3_d_array_s.c
[14.186s] -- Up-to-date: /workspaces/isaac_ros-dev/install/vision_msgs/lib/python3.8/site-packages/vision_msgs/msg/_classification_s.c
[14.187s] -- Up-to-date: /workspaces/isaac_ros-dev/install/vision_msgs/lib/python3.8/site-packages/vision_msgs/msg/_vision_info_s.c
[14.187s] -- Up-to-date: /workspaces/isaac_ros-dev/install/vision_msgs/lib/python3.8/site-packages/vision_msgs/msg/_detection2_d_array_s.c
[14.188s] -- Up-to-date: /workspaces/isaac_ros-dev/install/vision_msgs/lib/python3.8/site-packages/vision_msgs/msg/_object_hypothesis.py
[14.188s] -- Up-to-date: /workspaces/isaac_ros-dev/install/vision_msgs/lib/python3.8/site-packages/vision_msgs/msg/_bounding_box3_d.py
[14.189s] -- Up-to-date: /workspaces/isaac_ros-dev/install/vision_msgs/lib/python3.8/site-packages/vision_msgs/msg/_detection2_d_s.c
[14.189s] -- Up-to-date: /workspaces/isaac_ros-dev/install/vision_msgs/lib/python3.8/site-packages/vision_msgs/msg/_detection2_d.py
[14.189s] -- Up-to-date: /workspaces/isaac_ros-dev/install/vision_msgs/lib/python3.8/site-packages/vision_msgs/msg/_classification.py
[14.190s] -- Up-to-date: /workspaces/isaac_ros-dev/install/vision_msgs/lib/python3.8/site-packages/vision_msgs/msg/_pose2_d.py
[14.190s] -- Up-to-date: /workspaces/isaac_ros-dev/install/vision_msgs/lib/python3.8/site-packages/vision_msgs/msg/_detection3_d_array.py
[14.191s] -- Up-to-date: /workspaces/isaac_ros-dev/install/vision_msgs/lib/python3.8/site-packages/vision_msgs/msg/_point2_d.py
[14.191s] -- Up-to-date: /workspaces/isaac_ros-dev/install/vision_msgs/lib/python3.8/site-packages/vision_msgs/msg/_point2_d_s.c
[14.192s] -- Up-to-date: /workspaces/isaac_ros-dev/install/vision_msgs/lib/python3.8/site-packages/vision_msgs/msg/_bounding_box3_d_array.py
[14.192s] -- Up-to-date: /workspaces/isaac_ros-dev/install/vision_msgs/lib/python3.8/site-packages/vision_msgs/_vision_msgs_s.ep.rosidl_typesupport_c.c
[14.193s] -- Up-to-date: /workspaces/isaac_ros-dev/install/vision_msgs/lib/python3.8/site-packages/vision_msgs/_vision_msgs_s.ep.rosidl_typesupport_introspection_c.c
[14.193s] -- Up-to-date: /workspaces/isaac_ros-dev/install/vision_msgs/lib/python3.8/site-packages/vision_msgs/_vision_msgs_s.ep.rosidl_typesupport_fastrtps_c.c
[14.194s] -- Up-to-date: /workspaces/isaac_ros-dev/install/vision_msgs/lib/python3.8/site-packages/vision_msgs/libvision_msgs__rosidl_generator_py.so
[14.231s] Listing '/workspaces/isaac_ros-dev/install/vision_msgs/lib/python3.8/site-packages/vision_msgs'...
[14.237s] Listing '/workspaces/isaac_ros-dev/install/vision_msgs/lib/python3.8/site-packages/vision_msgs/msg'...
[14.256s] -- Up-to-date: /workspaces/isaac_ros-dev/install/vision_msgs/lib/python3.8/site-packages/vision_msgs/vision_msgs_s__rosidl_typesupport_fastrtps_c.cpython-38-aarch64-linux-gnu.so
[14.262s] -- Up-to-date: /workspaces/isaac_ros-dev/install/vision_msgs/lib/python3.8/site-packages/vision_msgs/vision_msgs_s__rosidl_typesupport_introspection_c.cpython-38-aarch64-linux-gnu.so
[14.263s] -- Up-to-date: /workspaces/isaac_ros-dev/install/vision_msgs/lib/python3.8/site-packages/vision_msgs/vision_msgs_s__rosidl_typesupport_c.cpython-38-aarch64-linux-gnu.so
[14.263s] -- Up-to-date: /workspaces/isaac_ros-dev/install/vision_msgs/lib/libvision_msgs__rosidl_generator_py.so
[14.263s] -- Up-to-date: /workspaces/isaac_ros-dev/install/vision_msgs/share/vision_msgs/msg/BoundingBox2D.idl
[14.264s] -- Up-to-date: /workspaces/isaac_ros-dev/install/vision_msgs/share/vision_msgs/msg/BoundingBox2DArray.idl
[14.264s] -- Up-to-date: /workspaces/isaac_ros-dev/install/vision_msgs/share/vision_msgs/msg/BoundingBox3D.idl
[14.264s] -- Up-to-date: /workspaces/isaac_ros-dev/install/vision_msgs/share/vision_msgs/msg/BoundingBox3DArray.idl
[14.265s] -- Up-to-date: /workspaces/isaac_ros-dev/install/vision_msgs/share/vision_msgs/msg/Classification.idl
[14.270s] -- Up-to-date: /workspaces/isaac_ros-dev/install/vision_msgs/share/vision_msgs/msg/Detection2DArray.idl
[14.270s] -- Up-to-date: /workspaces/isaac_ros-dev/install/vision_msgs/share/vision_msgs/msg/Detection2D.idl
[14.277s] -- Up-to-date: /workspaces/isaac_ros-dev/install/vision_msgs/share/vision_msgs/msg/Detection3DArray.idl
[14.278s] -- Up-to-date: /workspaces/isaac_ros-dev/install/vision_msgs/share/vision_msgs/msg/Detection3D.idl
[14.278s] -- Up-to-date: /workspaces/isaac_ros-dev/install/vision_msgs/share/vision_msgs/msg/LabelInfo.idl
[14.279s] -- Up-to-date: /workspaces/isaac_ros-dev/install/vision_msgs/share/vision_msgs/msg/ObjectHypothesis.idl
[14.280s] -- Up-to-date: /workspaces/isaac_ros-dev/install/vision_msgs/share/vision_msgs/msg/ObjectHypothesisWithPose.idl
[14.280s] -- Up-to-date: /workspaces/isaac_ros-dev/install/vision_msgs/share/vision_msgs/msg/VisionClass.idl
[14.281s] -- Up-to-date: /workspaces/isaac_ros-dev/install/vision_msgs/share/vision_msgs/msg/Point2D.idl
[14.281s] -- Up-to-date: /workspaces/isaac_ros-dev/install/vision_msgs/share/vision_msgs/msg/Pose2D.idl
[14.281s] -- Up-to-date: /workspaces/isaac_ros-dev/install/vision_msgs/share/vision_msgs/msg/VisionInfo.idl
[14.283s] -- Up-to-date: /workspaces/isaac_ros-dev/install/vision_msgs/share/vision_msgs/msg/BoundingBox2D.msg
[14.284s] -- Up-to-date: /workspaces/isaac_ros-dev/install/vision_msgs/share/vision_msgs/msg/BoundingBox2DArray.msg
[14.284s] -- Up-to-date: /workspaces/isaac_ros-dev/install/vision_msgs/share/vision_msgs/msg/BoundingBox3D.msg
[14.285s] -- Up-to-date: /workspaces/isaac_ros-dev/install/vision_msgs/share/vision_msgs/msg/BoundingBox3DArray.msg
[14.285s] -- Up-to-date: /workspaces/isaac_ros-dev/install/vision_msgs/share/vision_msgs/msg/Classification.msg
[14.286s] -- Up-to-date: /workspaces/isaac_ros-dev/install/vision_msgs/share/vision_msgs/msg/Detection2DArray.msg
[14.286s] -- Up-to-date: /workspaces/isaac_ros-dev/install/vision_msgs/share/vision_msgs/msg/Detection2D.msg
[14.288s] -- Up-to-date: /workspaces/isaac_ros-dev/install/vision_msgs/share/vision_msgs/msg/Detection3DArray.msg
[14.291s] -- Up-to-date: /workspaces/isaac_ros-dev/install/vision_msgs/share/vision_msgs/msg/Detection3D.msg
[14.292s] -- Up-to-date: /workspaces/isaac_ros-dev/install/vision_msgs/share/vision_msgs/msg/LabelInfo.msg
[14.295s] -- Up-to-date: /workspaces/isaac_ros-dev/install/vision_msgs/share/vision_msgs/msg/ObjectHypothesis.msg
[14.295s] -- Up-to-date: /workspaces/isaac_ros-dev/install/vision_msgs/share/vision_msgs/msg/ObjectHypothesisWithPose.msg
[14.296s] -- Up-to-date: /workspaces/isaac_ros-dev/install/vision_msgs/share/vision_msgs/msg/VisionClass.msg
[14.296s] -- Up-to-date: /workspaces/isaac_ros-dev/install/vision_msgs/share/vision_msgs/msg/Point2D.msg
[14.296s] -- Up-to-date: /workspaces/isaac_ros-dev/install/vision_msgs/share/vision_msgs/msg/Pose2D.msg
[14.297s] -- Up-to-date: /workspaces/isaac_ros-dev/install/vision_msgs/share/vision_msgs/msg/VisionInfo.msg
[14.297s] -- Up-to-date: /workspaces/isaac_ros-dev/install/vision_msgs/include/vision_msgs
[14.298s] -- Up-to-date: /workspaces/isaac_ros-dev/install/vision_msgs/include/vision_msgs/create_aabb.hpp
[14.298s] -- Up-to-date: /workspaces/isaac_ros-dev/install/vision_msgs/share/ament_index/resource_index/package_run_dependencies/vision_msgs
[14.298s] -- Up-to-date: /workspaces/isaac_ros-dev/install/vision_msgs/share/ament_index/resource_index/parent_prefix_path/vision_msgs
[14.299s] -- Up-to-date: /workspaces/isaac_ros-dev/install/vision_msgs/share/vision_msgs/environment/ament_prefix_path.sh
[14.299s] -- Up-to-date: /workspaces/isaac_ros-dev/install/vision_msgs/share/vision_msgs/environment/ament_prefix_path.dsv
[14.301s] -- Up-to-date: /workspaces/isaac_ros-dev/install/vision_msgs/share/vision_msgs/environment/path.sh
[14.301s] -- Up-to-date: /workspaces/isaac_ros-dev/install/vision_msgs/share/vision_msgs/environment/path.dsv
[14.301s] -- Up-to-date: /workspaces/isaac_ros-dev/install/vision_msgs/share/vision_msgs/local_setup.bash
[14.302s] -- Up-to-date: /workspaces/isaac_ros-dev/install/vision_msgs/share/vision_msgs/local_setup.sh
[14.303s] -- Up-to-date: /workspaces/isaac_ros-dev/install/vision_msgs/share/vision_msgs/local_setup.zsh
[14.303s] -- Up-to-date: /workspaces/isaac_ros-dev/install/vision_msgs/share/vision_msgs/local_setup.dsv
[14.304s] -- Installing: /workspaces/isaac_ros-dev/install/vision_msgs/share/vision_msgs/package.dsv
[14.304s] -- Up-to-date: /workspaces/isaac_ros-dev/install/vision_msgs/share/ament_index/resource_index/packages/vision_msgs
[14.304s] -- Up-to-date: /workspaces/isaac_ros-dev/install/vision_msgs/share/vision_msgs/cmake/export_vision_msgs__rosidl_generator_cExport.cmake
[14.305s] -- Up-to-date: /workspaces/isaac_ros-dev/install/vision_msgs/share/vision_msgs/cmake/export_vision_msgs__rosidl_generator_cExport-noconfig.cmake
[14.305s] -- Up-to-date: /workspaces/isaac_ros-dev/install/vision_msgs/share/vision_msgs/cmake/export_vision_msgs__rosidl_typesupport_fastrtps_cExport.cmake
[14.306s] -- Up-to-date: /workspaces/isaac_ros-dev/install/vision_msgs/share/vision_msgs/cmake/export_vision_msgs__rosidl_typesupport_fastrtps_cExport-noconfig.cmake
[14.306s] -- Up-to-date: /workspaces/isaac_ros-dev/install/vision_msgs/share/vision_msgs/cmake/export_vision_msgs__rosidl_generator_cppExport.cmake
[14.306s] -- Up-to-date: /workspaces/isaac_ros-dev/install/vision_msgs/share/vision_msgs/cmake/export_vision_msgs__rosidl_typesupport_fastrtps_cppExport.cmake
[14.307s] -- Up-to-date: /workspaces/isaac_ros-dev/install/vision_msgs/share/vision_msgs/cmake/export_vision_msgs__rosidl_typesupport_fastrtps_cppExport-noconfig.cmake
[14.307s] -- Up-to-date: /workspaces/isaac_ros-dev/install/vision_msgs/share/vision_msgs/cmake/vision_msgs__rosidl_typesupport_introspection_cExport.cmake
[14.308s] -- Up-to-date: /workspaces/isaac_ros-dev/install/vision_msgs/share/vision_msgs/cmake/vision_msgs__rosidl_typesupport_introspection_cExport-noconfig.cmake
[14.308s] -- Up-to-date: /workspaces/isaac_ros-dev/install/vision_msgs/share/vision_msgs/cmake/vision_msgs__rosidl_typesupport_cExport.cmake
[14.309s] -- Up-to-date: /workspaces/isaac_ros-dev/install/vision_msgs/share/vision_msgs/cmake/vision_msgs__rosidl_typesupport_cExport-noconfig.cmake
[14.309s] -- Up-to-date: /workspaces/isaac_ros-dev/install/vision_msgs/share/vision_msgs/cmake/vision_msgs__rosidl_typesupport_introspection_cppExport.cmake
[14.309s] -- Up-to-date: /workspaces/isaac_ros-dev/install/vision_msgs/share/vision_msgs/cmake/vision_msgs__rosidl_typesupport_introspection_cppExport-noconfig.cmake
[14.310s] -- Up-to-date: /workspaces/isaac_ros-dev/install/vision_msgs/share/vision_msgs/cmake/vision_msgs__rosidl_typesupport_cppExport.cmake
[14.310s] -- Up-to-date: /workspaces/isaac_ros-dev/install/vision_msgs/share/vision_msgs/cmake/vision_msgs__rosidl_typesupport_cppExport-noconfig.cmake
[14.311s] -- Up-to-date: /workspaces/isaac_ros-dev/install/vision_msgs/share/vision_msgs/cmake/export_vision_msgs__rosidl_generator_pyExport.cmake
[14.311s] -- Up-to-date: /workspaces/isaac_ros-dev/install/vision_msgs/share/vision_msgs/cmake/export_vision_msgs__rosidl_generator_pyExport-noconfig.cmake
[14.311s] -- Up-to-date: /workspaces/isaac_ros-dev/install/vision_msgs/share/vision_msgs/cmake/rosidl_cmake-extras.cmake
[14.312s] -- Up-to-date: /workspaces/isaac_ros-dev/install/vision_msgs/share/vision_msgs/cmake/ament_cmake_export_dependencies-extras.cmake
[14.312s] -- Up-to-date: /workspaces/isaac_ros-dev/install/vision_msgs/share/vision_msgs/cmake/ament_cmake_export_include_directories-extras.cmake
[14.313s] -- Up-to-date: /workspaces/isaac_ros-dev/install/vision_msgs/share/vision_msgs/cmake/ament_cmake_export_libraries-extras.cmake
[14.313s] -- Up-to-date: /workspaces/isaac_ros-dev/install/vision_msgs/share/vision_msgs/cmake/ament_cmake_export_targets-extras.cmake
[14.313s] -- Up-to-date: /workspaces/isaac_ros-dev/install/vision_msgs/share/vision_msgs/cmake/rosidl_cmake_export_typesupport_targets-extras.cmake
[14.314s] -- Up-to-date: /workspaces/isaac_ros-dev/install/vision_msgs/share/vision_msgs/cmake/rosidl_cmake_export_typesupport_libraries-extras.cmake
[14.314s] -- Up-to-date: /workspaces/isaac_ros-dev/install/vision_msgs/share/vision_msgs/cmake/vision_msgsConfig.cmake
[14.314s] -- Up-to-date: /workspaces/isaac_ros-dev/install/vision_msgs/share/vision_msgs/cmake/vision_msgsConfig-version.cmake
[14.315s] -- Up-to-date: /workspaces/isaac_ros-dev/install/vision_msgs/share/vision_msgs/package.xml
[14.539s] Invoked command in '/workspaces/isaac_ros-dev/build/vision_msgs' returned '0': CMAKE_PREFIX_PATH=/workspaces/isaac_ros-dev/install/yolov8_bringup:/workspaces/isaac_ros-dev/install/multisense_ros:/workspaces/isaac_ros-dev/install/xacro:/workspaces/isaac_ros-dev/install/vision_msgs_rviz_plugins:/workspaces/isaac_ros-dev/install/vision_msgs:/workspaces/isaac_ros-dev/install/velodyne:/workspaces/isaac_ros-dev/install/velodyne_pointcloud:/workspaces/isaac_ros-dev/install/velodyne_driver:/workspaces/isaac_ros-dev/install/velodyne_msgs:/workspaces/isaac_ros-dev/install/velodyne_laserscan:/workspaces/isaac_ros-dev/install/vectornav:/workspaces/isaac_ros-dev/install/sdv_localization:/workspaces/isaac_ros-dev/install/vectornav_msgs:/workspaces/isaac_ros-dev/install/slam_toolbox:/workspaces/isaac_ros-dev/install/sdv_msg:/workspaces/isaac_ros-dev/install/sdv_localization_msgs:/workspaces/isaac_ros-dev/install/pointcloud_to_laserscan:/workspaces/isaac_ros-dev/install/my_package:/workspaces/isaac_ros-dev/install/multisense_msgs:/workspaces/isaac_ros-dev/install/multisense_lib:/workspaces/isaac_ros-dev/install/isaac_ros_visual_slam:/workspaces/isaac_ros-dev/install/isaac_ros_visual_slam_interfaces:/workspaces/isaac_ros-dev/install/isaac_ros_tensor_list_interfaces:/workspaces/isaac_ros-dev/install/isaac_ros_common:/workspaces/isaac_ros-dev/install/isaac_ros_bi3d_interfaces:/workspaces/isaac_ros-dev/install/isaac_ros_apriltag_interfaces:/workspaces/isaac_ros-dev/install/yolov8_ros:/workspaces/isaac_ros-dev/install/xbox_controller:/workspaces/isaac_ros-dev/install/panel:/workspaces/isaac_ros-dev/install/isaac_ros_test:/workspaces/isaac_ros-dev/install/encoder:/opt/ros/humble/install /usr/bin/cmake --install /workspaces/isaac_ros-dev/build/vision_msgs
