[0.774s] Invoking command in '/workspaces/isaac_ros-dev/build/velodyne_msgs': CMAKE_PREFIX_PATH=/workspaces/isaac_ros-dev/install/yolov8_bringup:/workspaces/isaac_ros-dev/install/multisense_ros:/workspaces/isaac_ros-dev/install/xacro:/workspaces/isaac_ros-dev/install/vision_msgs_rviz_plugins:/workspaces/isaac_ros-dev/install/vision_msgs:/workspaces/isaac_ros-dev/install/velodyne:/workspaces/isaac_ros-dev/install/velodyne_pointcloud:/workspaces/isaac_ros-dev/install/velodyne_driver:/workspaces/isaac_ros-dev/install/velodyne_msgs:/workspaces/isaac_ros-dev/install/velodyne_laserscan:/workspaces/isaac_ros-dev/install/vectornav:/workspaces/isaac_ros-dev/install/sdv_localization:/workspaces/isaac_ros-dev/install/vectornav_msgs:/workspaces/isaac_ros-dev/install/slam_toolbox:/workspaces/isaac_ros-dev/install/sdv_msg:/workspaces/isaac_ros-dev/install/sdv_localization_msgs:/workspaces/isaac_ros-dev/install/pointcloud_to_laserscan:/workspaces/isaac_ros-dev/install/my_package:/workspaces/isaac_ros-dev/install/multisense_msgs:/workspaces/isaac_ros-dev/install/multisense_lib:/workspaces/isaac_ros-dev/install/isaac_ros_visual_slam:/workspaces/isaac_ros-dev/install/isaac_ros_visual_slam_interfaces:/workspaces/isaac_ros-dev/install/isaac_ros_tensor_list_interfaces:/workspaces/isaac_ros-dev/install/isaac_ros_common:/workspaces/isaac_ros-dev/install/isaac_ros_bi3d_interfaces:/workspaces/isaac_ros-dev/install/isaac_ros_apriltag_interfaces:/workspaces/isaac_ros-dev/install/yolov8_ros:/workspaces/isaac_ros-dev/install/xbox_controller:/workspaces/isaac_ros-dev/install/panel:/workspaces/isaac_ros-dev/install/isaac_ros_test:/workspaces/isaac_ros-dev/install/encoder:/opt/ros/humble/install /usr/bin/cmake --build /workspaces/isaac_ros-dev/build/velodyne_msgs -- -j8 -l8
[3.583s] [  2%] Built target velodyne_msgs__cpp
[3.584s] [ 12%] Built target velodyne_msgs__rosidl_generator_c
[3.585s] [ 12%] Built target ament_cmake_python_copy_velodyne_msgs
[3.586s] [ 23%] Built target velodyne_msgs__rosidl_typesupport_cpp
[3.587s] [ 33%] Built target velodyne_msgs__rosidl_typesupport_fastrtps_cpp
[3.587s] [ 43%] Built target velodyne_msgs__rosidl_typesupport_introspection_c
[3.589s] [ 53%] Built target velodyne_msgs__rosidl_typesupport_c
[3.590s] [ 64%] Built target velodyne_msgs__rosidl_typesupport_fastrtps_c
[3.590s] [ 74%] Built target velodyne_msgs__rosidl_typesupport_introspection_cpp
[3.590s] [ 74%] Built target velodyne_msgs
[3.591s] [ 76%] Built target velodyne_msgs__py
[3.591s] [ 84%] Built target velodyne_msgs__rosidl_generator_py
[3.591s] [ 89%] Built target velodyne_msgs__rosidl_typesupport_c__pyext
[3.593s] [ 94%] Built target velodyne_msgs__rosidl_typesupport_introspection_c__pyext
[3.594s] [100%] Built target velodyne_msgs__rosidl_typesupport_fastrtps_c__pyext
[3.595s] running egg_info
[3.595s] writing velodyne_msgs.egg-info/PKG-INFO
[3.596s] writing dependency_links to velodyne_msgs.egg-info/dependency_links.txt
[3.605s] writing top-level names to velodyne_msgs.egg-info/top_level.txt
[3.897s] reading manifest file 'velodyne_msgs.egg-info/SOURCES.txt'
[3.900s] writing manifest file 'velodyne_msgs.egg-info/SOURCES.txt'
[4.453s] [100%] Built target ament_cmake_python_build_velodyne_msgs_egg
[4.571s] Invoked command in '/workspaces/isaac_ros-dev/build/velodyne_msgs' returned '0': CMAKE_PREFIX_PATH=/workspaces/isaac_ros-dev/install/yolov8_bringup:/workspaces/isaac_ros-dev/install/multisense_ros:/workspaces/isaac_ros-dev/install/xacro:/workspaces/isaac_ros-dev/install/vision_msgs_rviz_plugins:/workspaces/isaac_ros-dev/install/vision_msgs:/workspaces/isaac_ros-dev/install/velodyne:/workspaces/isaac_ros-dev/install/velodyne_pointcloud:/workspaces/isaac_ros-dev/install/velodyne_driver:/workspaces/isaac_ros-dev/install/velodyne_msgs:/workspaces/isaac_ros-dev/install/velodyne_laserscan:/workspaces/isaac_ros-dev/install/vectornav:/workspaces/isaac_ros-dev/install/sdv_localization:/workspaces/isaac_ros-dev/install/vectornav_msgs:/workspaces/isaac_ros-dev/install/slam_toolbox:/workspaces/isaac_ros-dev/install/sdv_msg:/workspaces/isaac_ros-dev/install/sdv_localization_msgs:/workspaces/isaac_ros-dev/install/pointcloud_to_laserscan:/workspaces/isaac_ros-dev/install/my_package:/workspaces/isaac_ros-dev/install/multisense_msgs:/workspaces/isaac_ros-dev/install/multisense_lib:/workspaces/isaac_ros-dev/install/isaac_ros_visual_slam:/workspaces/isaac_ros-dev/install/isaac_ros_visual_slam_interfaces:/workspaces/isaac_ros-dev/install/isaac_ros_tensor_list_interfaces:/workspaces/isaac_ros-dev/install/isaac_ros_common:/workspaces/isaac_ros-dev/install/isaac_ros_bi3d_interfaces:/workspaces/isaac_ros-dev/install/isaac_ros_apriltag_interfaces:/workspaces/isaac_ros-dev/install/yolov8_ros:/workspaces/isaac_ros-dev/install/xbox_controller:/workspaces/isaac_ros-dev/install/panel:/workspaces/isaac_ros-dev/install/isaac_ros_test:/workspaces/isaac_ros-dev/install/encoder:/opt/ros/humble/install /usr/bin/cmake --build /workspaces/isaac_ros-dev/build/velodyne_msgs -- -j8 -l8
[6.352s] Invoking command in '/workspaces/isaac_ros-dev/build/velodyne_msgs': CMAKE_PREFIX_PATH=/workspaces/isaac_ros-dev/install/yolov8_bringup:/workspaces/isaac_ros-dev/install/multisense_ros:/workspaces/isaac_ros-dev/install/xacro:/workspaces/isaac_ros-dev/install/vision_msgs_rviz_plugins:/workspaces/isaac_ros-dev/install/vision_msgs:/workspaces/isaac_ros-dev/install/velodyne:/workspaces/isaac_ros-dev/install/velodyne_pointcloud:/workspaces/isaac_ros-dev/install/velodyne_driver:/workspaces/isaac_ros-dev/install/velodyne_msgs:/workspaces/isaac_ros-dev/install/velodyne_laserscan:/workspaces/isaac_ros-dev/install/vectornav:/workspaces/isaac_ros-dev/install/sdv_localization:/workspaces/isaac_ros-dev/install/vectornav_msgs:/workspaces/isaac_ros-dev/install/slam_toolbox:/workspaces/isaac_ros-dev/install/sdv_msg:/workspaces/isaac_ros-dev/install/sdv_localization_msgs:/workspaces/isaac_ros-dev/install/pointcloud_to_laserscan:/workspaces/isaac_ros-dev/install/my_package:/workspaces/isaac_ros-dev/install/multisense_msgs:/workspaces/isaac_ros-dev/install/multisense_lib:/workspaces/isaac_ros-dev/install/isaac_ros_visual_slam:/workspaces/isaac_ros-dev/install/isaac_ros_visual_slam_interfaces:/workspaces/isaac_ros-dev/install/isaac_ros_tensor_list_interfaces:/workspaces/isaac_ros-dev/install/isaac_ros_common:/workspaces/isaac_ros-dev/install/isaac_ros_bi3d_interfaces:/workspaces/isaac_ros-dev/install/isaac_ros_apriltag_interfaces:/workspaces/isaac_ros-dev/install/yolov8_ros:/workspaces/isaac_ros-dev/install/xbox_controller:/workspaces/isaac_ros-dev/install/panel:/workspaces/isaac_ros-dev/install/isaac_ros_test:/workspaces/isaac_ros-dev/install/encoder:/opt/ros/humble/install /usr/bin/cmake --install /workspaces/isaac_ros-dev/build/velodyne_msgs
[6.425s] -- Install configuration: ""
[6.427s] -- Up-to-date: /workspaces/isaac_ros-dev/install/velodyne_msgs/share/ament_index/resource_index/rosidl_interfaces/velodyne_msgs
[6.428s] -- Up-to-date: /workspaces/isaac_ros-dev/install/velodyne_msgs/include/velodyne_msgs/velodyne_msgs
[6.428s] -- Up-to-date: /workspaces/isaac_ros-dev/install/velodyne_msgs/include/velodyne_msgs/velodyne_msgs/msg
[6.429s] -- Up-to-date: /workspaces/isaac_ros-dev/install/velodyne_msgs/include/velodyne_msgs/velodyne_msgs/msg/rosidl_generator_c__visibility_control.h
[6.429s] -- Up-to-date: /workspaces/isaac_ros-dev/install/velodyne_msgs/include/velodyne_msgs/velodyne_msgs/msg/velodyne_packet.h
[6.430s] -- Up-to-date: /workspaces/isaac_ros-dev/install/velodyne_msgs/include/velodyne_msgs/velodyne_msgs/msg/detail
[6.430s] -- Up-to-date: /workspaces/isaac_ros-dev/install/velodyne_msgs/include/velodyne_msgs/velodyne_msgs/msg/detail/velodyne_packet__type_support.h
[6.430s] -- Up-to-date: /workspaces/isaac_ros-dev/install/velodyne_msgs/include/velodyne_msgs/velodyne_msgs/msg/detail/velodyne_scan__functions.h
[6.431s] -- Up-to-date: /workspaces/isaac_ros-dev/install/velodyne_msgs/include/velodyne_msgs/velodyne_msgs/msg/detail/velodyne_packet__functions.c
[6.432s] -- Up-to-date: /workspaces/isaac_ros-dev/install/velodyne_msgs/include/velodyne_msgs/velodyne_msgs/msg/detail/velodyne_scan__type_support.h
[6.432s] -- Up-to-date: /workspaces/isaac_ros-dev/install/velodyne_msgs/include/velodyne_msgs/velodyne_msgs/msg/detail/velodyne_scan__functions.c
[6.433s] -- Up-to-date: /workspaces/isaac_ros-dev/install/velodyne_msgs/include/velodyne_msgs/velodyne_msgs/msg/detail/velodyne_scan__struct.h
[6.433s] -- Up-to-date: /workspaces/isaac_ros-dev/install/velodyne_msgs/include/velodyne_msgs/velodyne_msgs/msg/detail/velodyne_packet__struct.h
[6.434s] -- Up-to-date: /workspaces/isaac_ros-dev/install/velodyne_msgs/include/velodyne_msgs/velodyne_msgs/msg/detail/velodyne_packet__functions.h
[6.434s] -- Up-to-date: /workspaces/isaac_ros-dev/install/velodyne_msgs/include/velodyne_msgs/velodyne_msgs/msg/velodyne_scan.h
[6.435s] -- Up-to-date: /workspaces/isaac_ros-dev/install/velodyne_msgs/share/velodyne_msgs/environment/library_path.sh
[6.436s] -- Up-to-date: /workspaces/isaac_ros-dev/install/velodyne_msgs/share/velodyne_msgs/environment/library_path.dsv
[6.436s] -- Up-to-date: /workspaces/isaac_ros-dev/install/velodyne_msgs/lib/libvelodyne_msgs__rosidl_generator_c.so
[6.437s] -- Up-to-date: /workspaces/isaac_ros-dev/install/velodyne_msgs/include/velodyne_msgs/velodyne_msgs
[6.437s] -- Up-to-date: /workspaces/isaac_ros-dev/install/velodyne_msgs/include/velodyne_msgs/velodyne_msgs/msg
[6.437s] -- Up-to-date: /workspaces/isaac_ros-dev/install/velodyne_msgs/include/velodyne_msgs/velodyne_msgs/msg/rosidl_typesupport_fastrtps_c__visibility_control.h
[6.438s] -- Up-to-date: /workspaces/isaac_ros-dev/install/velodyne_msgs/include/velodyne_msgs/velodyne_msgs/msg/detail
[6.439s] -- Up-to-date: /workspaces/isaac_ros-dev/install/velodyne_msgs/include/velodyne_msgs/velodyne_msgs/msg/detail/velodyne_scan__rosidl_typesupport_fastrtps_c.h
[6.440s] -- Up-to-date: /workspaces/isaac_ros-dev/install/velodyne_msgs/include/velodyne_msgs/velodyne_msgs/msg/detail/velodyne_packet__rosidl_typesupport_fastrtps_c.h
[6.441s] -- Up-to-date: /workspaces/isaac_ros-dev/install/velodyne_msgs/lib/libvelodyne_msgs__rosidl_typesupport_fastrtps_c.so
[6.441s] -- Up-to-date: /workspaces/isaac_ros-dev/install/velodyne_msgs/include/velodyne_msgs/velodyne_msgs
[6.452s] -- Up-to-date: /workspaces/isaac_ros-dev/install/velodyne_msgs/include/velodyne_msgs/velodyne_msgs/msg
[6.453s] -- Up-to-date: /workspaces/isaac_ros-dev/install/velodyne_msgs/include/velodyne_msgs/velodyne_msgs/msg/velodyne_packet.hpp
[6.454s] -- Up-to-date: /workspaces/isaac_ros-dev/install/velodyne_msgs/include/velodyne_msgs/velodyne_msgs/msg/detail
[6.454s] -- Up-to-date: /workspaces/isaac_ros-dev/install/velodyne_msgs/include/velodyne_msgs/velodyne_msgs/msg/detail/velodyne_scan__builder.hpp
[6.454s] -- Up-to-date: /workspaces/isaac_ros-dev/install/velodyne_msgs/include/velodyne_msgs/velodyne_msgs/msg/detail/velodyne_packet__traits.hpp
[6.455s] -- Up-to-date: /workspaces/isaac_ros-dev/install/velodyne_msgs/include/velodyne_msgs/velodyne_msgs/msg/detail/velodyne_packet__struct.hpp
[6.456s] -- Up-to-date: /workspaces/isaac_ros-dev/install/velodyne_msgs/include/velodyne_msgs/velodyne_msgs/msg/detail/velodyne_scan__struct.hpp
[6.456s] -- Up-to-date: /workspaces/isaac_ros-dev/install/velodyne_msgs/include/velodyne_msgs/velodyne_msgs/msg/detail/velodyne_scan__traits.hpp
[6.457s] -- Up-to-date: /workspaces/isaac_ros-dev/install/velodyne_msgs/include/velodyne_msgs/velodyne_msgs/msg/detail/velodyne_packet__builder.hpp
[6.457s] -- Up-to-date: /workspaces/isaac_ros-dev/install/velodyne_msgs/include/velodyne_msgs/velodyne_msgs/msg/velodyne_scan.hpp
[6.457s] -- Up-to-date: /workspaces/isaac_ros-dev/install/velodyne_msgs/include/velodyne_msgs/velodyne_msgs
[6.462s] -- Up-to-date: /workspaces/isaac_ros-dev/install/velodyne_msgs/include/velodyne_msgs/velodyne_msgs/msg
[6.462s] -- Up-to-date: /workspaces/isaac_ros-dev/install/velodyne_msgs/include/velodyne_msgs/velodyne_msgs/msg/rosidl_typesupport_fastrtps_cpp__visibility_control.h
[6.462s] -- Up-to-date: /workspaces/isaac_ros-dev/install/velodyne_msgs/include/velodyne_msgs/velodyne_msgs/msg/detail
[6.463s] -- Up-to-date: /workspaces/isaac_ros-dev/install/velodyne_msgs/include/velodyne_msgs/velodyne_msgs/msg/detail/velodyne_scan__rosidl_typesupport_fastrtps_cpp.hpp
[6.463s] -- Up-to-date: /workspaces/isaac_ros-dev/install/velodyne_msgs/include/velodyne_msgs/velodyne_msgs/msg/detail/velodyne_packet__rosidl_typesupport_fastrtps_cpp.hpp
[6.463s] -- Up-to-date: /workspaces/isaac_ros-dev/install/velodyne_msgs/include/velodyne_msgs/velodyne_msgs/msg/detail/dds_fastrtps
[6.464s] -- Up-to-date: /workspaces/isaac_ros-dev/install/velodyne_msgs/lib/libvelodyne_msgs__rosidl_typesupport_fastrtps_cpp.so
[6.464s] -- Up-to-date: /workspaces/isaac_ros-dev/install/velodyne_msgs/include/velodyne_msgs/velodyne_msgs
[6.464s] -- Up-to-date: /workspaces/isaac_ros-dev/install/velodyne_msgs/include/velodyne_msgs/velodyne_msgs/msg
[6.465s] -- Up-to-date: /workspaces/isaac_ros-dev/install/velodyne_msgs/include/velodyne_msgs/velodyne_msgs/msg/detail
[6.465s] -- Up-to-date: /workspaces/isaac_ros-dev/install/velodyne_msgs/include/velodyne_msgs/velodyne_msgs/msg/detail/velodyne_packet__type_support.c
[6.466s] -- Up-to-date: /workspaces/isaac_ros-dev/install/velodyne_msgs/include/velodyne_msgs/velodyne_msgs/msg/detail/velodyne_scan__type_support.c
[6.466s] -- Up-to-date: /workspaces/isaac_ros-dev/install/velodyne_msgs/include/velodyne_msgs/velodyne_msgs/msg/detail/velodyne_scan__rosidl_typesupport_introspection_c.h
[6.467s] -- Up-to-date: /workspaces/isaac_ros-dev/install/velodyne_msgs/include/velodyne_msgs/velodyne_msgs/msg/detail/velodyne_packet__rosidl_typesupport_introspection_c.h
[6.467s] -- Up-to-date: /workspaces/isaac_ros-dev/install/velodyne_msgs/include/velodyne_msgs/velodyne_msgs/msg/rosidl_typesupport_introspection_c__visibility_control.h
[6.468s] -- Up-to-date: /workspaces/isaac_ros-dev/install/velodyne_msgs/lib/libvelodyne_msgs__rosidl_typesupport_introspection_c.so
[6.468s] -- Up-to-date: /workspaces/isaac_ros-dev/install/velodyne_msgs/lib/libvelodyne_msgs__rosidl_typesupport_c.so
[6.468s] -- Up-to-date: /workspaces/isaac_ros-dev/install/velodyne_msgs/include/velodyne_msgs/velodyne_msgs
[6.471s] -- Up-to-date: /workspaces/isaac_ros-dev/install/velodyne_msgs/include/velodyne_msgs/velodyne_msgs/msg
[6.471s] -- Up-to-date: /workspaces/isaac_ros-dev/install/velodyne_msgs/include/velodyne_msgs/velodyne_msgs/msg/detail
[6.472s] -- Up-to-date: /workspaces/isaac_ros-dev/install/velodyne_msgs/include/velodyne_msgs/velodyne_msgs/msg/detail/velodyne_packet__rosidl_typesupport_introspection_cpp.hpp
[6.473s] -- Up-to-date: /workspaces/isaac_ros-dev/install/velodyne_msgs/include/velodyne_msgs/velodyne_msgs/msg/detail/velodyne_scan__type_support.cpp
[6.473s] -- Up-to-date: /workspaces/isaac_ros-dev/install/velodyne_msgs/include/velodyne_msgs/velodyne_msgs/msg/detail/velodyne_packet__type_support.cpp
[6.474s] -- Up-to-date: /workspaces/isaac_ros-dev/install/velodyne_msgs/include/velodyne_msgs/velodyne_msgs/msg/detail/velodyne_scan__rosidl_typesupport_introspection_cpp.hpp
[6.474s] -- Up-to-date: /workspaces/isaac_ros-dev/install/velodyne_msgs/lib/libvelodyne_msgs__rosidl_typesupport_introspection_cpp.so
[6.475s] -- Up-to-date: /workspaces/isaac_ros-dev/install/velodyne_msgs/lib/libvelodyne_msgs__rosidl_typesupport_cpp.so
[6.475s] -- Up-to-date: /workspaces/isaac_ros-dev/install/velodyne_msgs/share/velodyne_msgs/environment/pythonpath.sh
[6.479s] -- Up-to-date: /workspaces/isaac_ros-dev/install/velodyne_msgs/share/velodyne_msgs/environment/pythonpath.dsv
[6.479s] -- Up-to-date: /workspaces/isaac_ros-dev/install/velodyne_msgs/lib/python3.8/site-packages/velodyne_msgs-2.3.0-py3.8.egg-info
[6.485s] -- Installing: /workspaces/isaac_ros-dev/install/velodyne_msgs/lib/python3.8/site-packages/velodyne_msgs-2.3.0-py3.8.egg-info/top_level.txt
[6.495s] -- Installing: /workspaces/isaac_ros-dev/install/velodyne_msgs/lib/python3.8/site-packages/velodyne_msgs-2.3.0-py3.8.egg-info/dependency_links.txt
[6.495s] -- Installing: /workspaces/isaac_ros-dev/install/velodyne_msgs/lib/python3.8/site-packages/velodyne_msgs-2.3.0-py3.8.egg-info/SOURCES.txt
[6.496s] -- Installing: /workspaces/isaac_ros-dev/install/velodyne_msgs/lib/python3.8/site-packages/velodyne_msgs-2.3.0-py3.8.egg-info/PKG-INFO
[6.497s] -- Up-to-date: /workspaces/isaac_ros-dev/install/velodyne_msgs/lib/python3.8/site-packages/velodyne_msgs
[6.497s] -- Up-to-date: /workspaces/isaac_ros-dev/install/velodyne_msgs/lib/python3.8/site-packages/velodyne_msgs/__init__.py
[6.498s] -- Up-to-date: /workspaces/isaac_ros-dev/install/velodyne_msgs/lib/python3.8/site-packages/velodyne_msgs/msg
[6.499s] -- Up-to-date: /workspaces/isaac_ros-dev/install/velodyne_msgs/lib/python3.8/site-packages/velodyne_msgs/msg/_velodyne_scan.py
[6.500s] -- Up-to-date: /workspaces/isaac_ros-dev/install/velodyne_msgs/lib/python3.8/site-packages/velodyne_msgs/msg/__init__.py
[6.501s] -- Up-to-date: /workspaces/isaac_ros-dev/install/velodyne_msgs/lib/python3.8/site-packages/velodyne_msgs/msg/_velodyne_packet_s.c
[6.501s] -- Up-to-date: /workspaces/isaac_ros-dev/install/velodyne_msgs/lib/python3.8/site-packages/velodyne_msgs/msg/_velodyne_scan_s.c
[6.503s] -- Up-to-date: /workspaces/isaac_ros-dev/install/velodyne_msgs/lib/python3.8/site-packages/velodyne_msgs/msg/_velodyne_packet.py
[6.503s] -- Up-to-date: /workspaces/isaac_ros-dev/install/velodyne_msgs/lib/python3.8/site-packages/velodyne_msgs/_velodyne_msgs_s.ep.rosidl_typesupport_fastrtps_c.c
[6.503s] -- Up-to-date: /workspaces/isaac_ros-dev/install/velodyne_msgs/lib/python3.8/site-packages/velodyne_msgs/_velodyne_msgs_s.ep.rosidl_typesupport_c.c
[6.504s] -- Up-to-date: /workspaces/isaac_ros-dev/install/velodyne_msgs/lib/python3.8/site-packages/velodyne_msgs/libvelodyne_msgs__rosidl_generator_py.so
[6.504s] -- Up-to-date: /workspaces/isaac_ros-dev/install/velodyne_msgs/lib/python3.8/site-packages/velodyne_msgs/_velodyne_msgs_s.ep.rosidl_typesupport_introspection_c.c
[6.504s] -- Up-to-date: /workspaces/isaac_ros-dev/install/velodyne_msgs/lib/python3.8/site-packages/velodyne_msgs/velodyne_msgs_s__rosidl_typesupport_fastrtps_c.cpython-38-aarch64-linux-gnu.so
[6.504s] -- Up-to-date: /workspaces/isaac_ros-dev/install/velodyne_msgs/lib/python3.8/site-packages/velodyne_msgs/velodyne_msgs_s__rosidl_typesupport_introspection_c.cpython-38-aarch64-linux-gnu.so
[6.505s] -- Up-to-date: /workspaces/isaac_ros-dev/install/velodyne_msgs/lib/python3.8/site-packages/velodyne_msgs/velodyne_msgs_s__rosidl_typesupport_c.cpython-38-aarch64-linux-gnu.so
[6.805s] Listing '/workspaces/isaac_ros-dev/install/velodyne_msgs/lib/python3.8/site-packages/velodyne_msgs'...
[6.806s] Listing '/workspaces/isaac_ros-dev/install/velodyne_msgs/lib/python3.8/site-packages/velodyne_msgs/msg'...
[6.831s] -- Up-to-date: /workspaces/isaac_ros-dev/install/velodyne_msgs/lib/python3.8/site-packages/velodyne_msgs/velodyne_msgs_s__rosidl_typesupport_fastrtps_c.cpython-38-aarch64-linux-gnu.so
[6.831s] -- Up-to-date: /workspaces/isaac_ros-dev/install/velodyne_msgs/lib/python3.8/site-packages/velodyne_msgs/velodyne_msgs_s__rosidl_typesupport_introspection_c.cpython-38-aarch64-linux-gnu.so
[6.832s] -- Up-to-date: /workspaces/isaac_ros-dev/install/velodyne_msgs/lib/python3.8/site-packages/velodyne_msgs/velodyne_msgs_s__rosidl_typesupport_c.cpython-38-aarch64-linux-gnu.so
[6.834s] -- Up-to-date: /workspaces/isaac_ros-dev/install/velodyne_msgs/lib/libvelodyne_msgs__rosidl_generator_py.so
[6.834s] -- Up-to-date: /workspaces/isaac_ros-dev/install/velodyne_msgs/share/velodyne_msgs/msg/VelodynePacket.idl
[6.835s] -- Up-to-date: /workspaces/isaac_ros-dev/install/velodyne_msgs/share/velodyne_msgs/msg/VelodyneScan.idl
[6.835s] -- Up-to-date: /workspaces/isaac_ros-dev/install/velodyne_msgs/share/velodyne_msgs/msg/VelodynePacket.msg
[6.836s] -- Up-to-date: /workspaces/isaac_ros-dev/install/velodyne_msgs/share/velodyne_msgs/msg/VelodyneScan.msg
[6.836s] -- Up-to-date: /workspaces/isaac_ros-dev/install/velodyne_msgs/share/ament_index/resource_index/package_run_dependencies/velodyne_msgs
[6.836s] -- Up-to-date: /workspaces/isaac_ros-dev/install/velodyne_msgs/share/ament_index/resource_index/parent_prefix_path/velodyne_msgs
[6.838s] -- Up-to-date: /workspaces/isaac_ros-dev/install/velodyne_msgs/share/velodyne_msgs/environment/ament_prefix_path.sh
[6.838s] -- Up-to-date: /workspaces/isaac_ros-dev/install/velodyne_msgs/share/velodyne_msgs/environment/ament_prefix_path.dsv
[6.839s] -- Up-to-date: /workspaces/isaac_ros-dev/install/velodyne_msgs/share/velodyne_msgs/environment/path.sh
[6.839s] -- Up-to-date: /workspaces/isaac_ros-dev/install/velodyne_msgs/share/velodyne_msgs/environment/path.dsv
[6.840s] -- Up-to-date: /workspaces/isaac_ros-dev/install/velodyne_msgs/share/velodyne_msgs/local_setup.bash
[6.840s] -- Up-to-date: /workspaces/isaac_ros-dev/install/velodyne_msgs/share/velodyne_msgs/local_setup.sh
[6.840s] -- Up-to-date: /workspaces/isaac_ros-dev/install/velodyne_msgs/share/velodyne_msgs/local_setup.zsh
[6.841s] -- Up-to-date: /workspaces/isaac_ros-dev/install/velodyne_msgs/share/velodyne_msgs/local_setup.dsv
[6.841s] -- Installing: /workspaces/isaac_ros-dev/install/velodyne_msgs/share/velodyne_msgs/package.dsv
[6.842s] -- Up-to-date: /workspaces/isaac_ros-dev/install/velodyne_msgs/share/ament_index/resource_index/packages/velodyne_msgs
[6.842s] -- Up-to-date: /workspaces/isaac_ros-dev/install/velodyne_msgs/share/velodyne_msgs/cmake/export_velodyne_msgs__rosidl_generator_cExport.cmake
[6.843s] -- Up-to-date: /workspaces/isaac_ros-dev/install/velodyne_msgs/share/velodyne_msgs/cmake/export_velodyne_msgs__rosidl_generator_cExport-noconfig.cmake
[6.843s] -- Up-to-date: /workspaces/isaac_ros-dev/install/velodyne_msgs/share/velodyne_msgs/cmake/export_velodyne_msgs__rosidl_typesupport_fastrtps_cExport.cmake
[6.845s] -- Up-to-date: /workspaces/isaac_ros-dev/install/velodyne_msgs/share/velodyne_msgs/cmake/export_velodyne_msgs__rosidl_typesupport_fastrtps_cExport-noconfig.cmake
[6.846s] -- Up-to-date: /workspaces/isaac_ros-dev/install/velodyne_msgs/share/velodyne_msgs/cmake/export_velodyne_msgs__rosidl_generator_cppExport.cmake
[6.847s] -- Up-to-date: /workspaces/isaac_ros-dev/install/velodyne_msgs/share/velodyne_msgs/cmake/export_velodyne_msgs__rosidl_typesupport_fastrtps_cppExport.cmake
[6.850s] -- Up-to-date: /workspaces/isaac_ros-dev/install/velodyne_msgs/share/velodyne_msgs/cmake/export_velodyne_msgs__rosidl_typesupport_fastrtps_cppExport-noconfig.cmake
[6.851s] -- Up-to-date: /workspaces/isaac_ros-dev/install/velodyne_msgs/share/velodyne_msgs/cmake/velodyne_msgs__rosidl_typesupport_introspection_cExport.cmake
[6.854s] -- Up-to-date: /workspaces/isaac_ros-dev/install/velodyne_msgs/share/velodyne_msgs/cmake/velodyne_msgs__rosidl_typesupport_introspection_cExport-noconfig.cmake
[6.855s] -- Up-to-date: /workspaces/isaac_ros-dev/install/velodyne_msgs/share/velodyne_msgs/cmake/velodyne_msgs__rosidl_typesupport_cExport.cmake
[6.874s] -- Up-to-date: /workspaces/isaac_ros-dev/install/velodyne_msgs/share/velodyne_msgs/cmake/velodyne_msgs__rosidl_typesupport_cExport-noconfig.cmake
[6.902s] -- Up-to-date: /workspaces/isaac_ros-dev/install/velodyne_msgs/share/velodyne_msgs/cmake/velodyne_msgs__rosidl_typesupport_introspection_cppExport.cmake
[6.902s] -- Up-to-date: /workspaces/isaac_ros-dev/install/velodyne_msgs/share/velodyne_msgs/cmake/velodyne_msgs__rosidl_typesupport_introspection_cppExport-noconfig.cmake
[6.902s] -- Up-to-date: /workspaces/isaac_ros-dev/install/velodyne_msgs/share/velodyne_msgs/cmake/velodyne_msgs__rosidl_typesupport_cppExport.cmake
[6.903s] -- Up-to-date: /workspaces/isaac_ros-dev/install/velodyne_msgs/share/velodyne_msgs/cmake/velodyne_msgs__rosidl_typesupport_cppExport-noconfig.cmake
[6.905s] -- Up-to-date: /workspaces/isaac_ros-dev/install/velodyne_msgs/share/velodyne_msgs/cmake/export_velodyne_msgs__rosidl_generator_pyExport.cmake
[6.905s] -- Up-to-date: /workspaces/isaac_ros-dev/install/velodyne_msgs/share/velodyne_msgs/cmake/export_velodyne_msgs__rosidl_generator_pyExport-noconfig.cmake
[6.907s] -- Up-to-date: /workspaces/isaac_ros-dev/install/velodyne_msgs/share/velodyne_msgs/cmake/rosidl_cmake-extras.cmake
[6.909s] -- Up-to-date: /workspaces/isaac_ros-dev/install/velodyne_msgs/share/velodyne_msgs/cmake/ament_cmake_export_dependencies-extras.cmake
[6.910s] -- Up-to-date: /workspaces/isaac_ros-dev/install/velodyne_msgs/share/velodyne_msgs/cmake/ament_cmake_export_include_directories-extras.cmake
[6.911s] -- Up-to-date: /workspaces/isaac_ros-dev/install/velodyne_msgs/share/velodyne_msgs/cmake/ament_cmake_export_libraries-extras.cmake
[6.911s] -- Up-to-date: /workspaces/isaac_ros-dev/install/velodyne_msgs/share/velodyne_msgs/cmake/ament_cmake_export_targets-extras.cmake
[6.911s] -- Up-to-date: /workspaces/isaac_ros-dev/install/velodyne_msgs/share/velodyne_msgs/cmake/rosidl_cmake_export_typesupport_targets-extras.cmake
[6.911s] -- Up-to-date: /workspaces/isaac_ros-dev/install/velodyne_msgs/share/velodyne_msgs/cmake/rosidl_cmake_export_typesupport_libraries-extras.cmake
[6.912s] -- Up-to-date: /workspaces/isaac_ros-dev/install/velodyne_msgs/share/velodyne_msgs/cmake/velodyne_msgsConfig.cmake
[6.912s] -- Up-to-date: /workspaces/isaac_ros-dev/install/velodyne_msgs/share/velodyne_msgs/cmake/velodyne_msgsConfig-version.cmake
[6.913s] -- Up-to-date: /workspaces/isaac_ros-dev/install/velodyne_msgs/share/velodyne_msgs/package.xml
[7.040s] Invoked command in '/workspaces/isaac_ros-dev/build/velodyne_msgs' returned '0': CMAKE_PREFIX_PATH=/workspaces/isaac_ros-dev/install/yolov8_bringup:/workspaces/isaac_ros-dev/install/multisense_ros:/workspaces/isaac_ros-dev/install/xacro:/workspaces/isaac_ros-dev/install/vision_msgs_rviz_plugins:/workspaces/isaac_ros-dev/install/vision_msgs:/workspaces/isaac_ros-dev/install/velodyne:/workspaces/isaac_ros-dev/install/velodyne_pointcloud:/workspaces/isaac_ros-dev/install/velodyne_driver:/workspaces/isaac_ros-dev/install/velodyne_msgs:/workspaces/isaac_ros-dev/install/velodyne_laserscan:/workspaces/isaac_ros-dev/install/vectornav:/workspaces/isaac_ros-dev/install/sdv_localization:/workspaces/isaac_ros-dev/install/vectornav_msgs:/workspaces/isaac_ros-dev/install/slam_toolbox:/workspaces/isaac_ros-dev/install/sdv_msg:/workspaces/isaac_ros-dev/install/sdv_localization_msgs:/workspaces/isaac_ros-dev/install/pointcloud_to_laserscan:/workspaces/isaac_ros-dev/install/my_package:/workspaces/isaac_ros-dev/install/multisense_msgs:/workspaces/isaac_ros-dev/install/multisense_lib:/workspaces/isaac_ros-dev/install/isaac_ros_visual_slam:/workspaces/isaac_ros-dev/install/isaac_ros_visual_slam_interfaces:/workspaces/isaac_ros-dev/install/isaac_ros_tensor_list_interfaces:/workspaces/isaac_ros-dev/install/isaac_ros_common:/workspaces/isaac_ros-dev/install/isaac_ros_bi3d_interfaces:/workspaces/isaac_ros-dev/install/isaac_ros_apriltag_interfaces:/workspaces/isaac_ros-dev/install/yolov8_ros:/workspaces/isaac_ros-dev/install/xbox_controller:/workspaces/isaac_ros-dev/install/panel:/workspaces/isaac_ros-dev/install/isaac_ros_test:/workspaces/isaac_ros-dev/install/encoder:/opt/ros/humble/install /usr/bin/cmake --install /workspaces/isaac_ros-dev/build/velodyne_msgs
