[6.110s] Invoking command in '/workspaces/isaac_ros-dev/src/encoder': PYTHONPATH=/workspaces/isaac_ros-dev/install/encoder/lib/python3.8/site-packages:${PYTHONPATH} /usr/bin/python3 setup.py egg_info --egg-base ../../build/encoder build --build-base /workspaces/isaac_ros-dev/build/encoder/build install --prefix /workspaces/isaac_ros-dev/install/encoder --record /workspaces/isaac_ros-dev/build/encoder/install.log --single-version-externally-managed
[8.031s] running egg_info
[8.086s] writing ../../build/encoder/encoder.egg-info/PKG-INFO
[8.087s] writing dependency_links to ../../build/encoder/encoder.egg-info/dependency_links.txt
[8.088s] writing entry points to ../../build/encoder/encoder.egg-info/entry_points.txt
[8.088s] writing requirements to ../../build/encoder/encoder.egg-info/requires.txt
[8.089s] writing top-level names to ../../build/encoder/encoder.egg-info/top_level.txt
[8.200s] reading manifest file '../../build/encoder/encoder.egg-info/SOURCES.txt'
[8.203s] writing manifest file '../../build/encoder/encoder.egg-info/SOURCES.txt'
[8.204s] running build
[8.204s] running build_py
[8.206s] running install
[8.223s] running install_lib
[8.279s] running install_data
[8.331s] running install_egg_info
[8.388s] removing '/workspaces/isaac_ros-dev/install/encoder/lib/python3.8/site-packages/encoder-0.0.0-py3.8.egg-info' (and everything under it)
[8.389s] Copying ../../build/encoder/encoder.egg-info to /workspaces/isaac_ros-dev/install/encoder/lib/python3.8/site-packages/encoder-0.0.0-py3.8.egg-info
[8.393s] running install_scripts
[8.641s] Installing encoder_rm script to /workspaces/isaac_ros-dev/install/encoder/lib/encoder
[8.642s] writing list of installed files to '/workspaces/isaac_ros-dev/build/encoder/install.log'
[9.194s] Invoked command in '/workspaces/isaac_ros-dev/src/encoder' returned '0': PYTHONPATH=/workspaces/isaac_ros-dev/install/encoder/lib/python3.8/site-packages:${PYTHONPATH} /usr/bin/python3 setup.py egg_info --egg-base ../../build/encoder build --build-base /workspaces/isaac_ros-dev/build/encoder/build install --prefix /workspaces/isaac_ros-dev/install/encoder --record /workspaces/isaac_ros-dev/build/encoder/install.log --single-version-externally-managed
