[0.514s] Invoking command in '/workspaces/isaac_ros-dev/build/vision_msgs': CMAKE_PREFIX_PATH=/workspaces/isaac_ros-dev/install/yolov8_bringup:/workspaces/isaac_ros-dev/install/multisense_ros:/workspaces/isaac_ros-dev/install/xacro:/workspaces/isaac_ros-dev/install/vision_msgs_rviz_plugins:/workspaces/isaac_ros-dev/install/vision_msgs:/workspaces/isaac_ros-dev/install/velodyne:/workspaces/isaac_ros-dev/install/velodyne_pointcloud:/workspaces/isaac_ros-dev/install/velodyne_driver:/workspaces/isaac_ros-dev/install/velodyne_msgs:/workspaces/isaac_ros-dev/install/velodyne_laserscan:/workspaces/isaac_ros-dev/install/vectornav:/workspaces/isaac_ros-dev/install/sdv_localization:/workspaces/isaac_ros-dev/install/vectornav_msgs:/workspaces/isaac_ros-dev/install/slam_toolbox:/workspaces/isaac_ros-dev/install/sdv_msg:/workspaces/isaac_ros-dev/install/sdv_localization_msgs:/workspaces/isaac_ros-dev/install/pointcloud_to_laserscan:/workspaces/isaac_ros-dev/install/my_package:/workspaces/isaac_ros-dev/install/multisense_msgs:/workspaces/isaac_ros-dev/install/multisense_lib:/workspaces/isaac_ros-dev/install/isaac_ros_visual_slam:/workspaces/isaac_ros-dev/install/isaac_ros_visual_slam_interfaces:/workspaces/isaac_ros-dev/install/isaac_ros_tensor_list_interfaces:/workspaces/isaac_ros-dev/install/isaac_ros_common:/workspaces/isaac_ros-dev/install/isaac_ros_bi3d_interfaces:/workspaces/isaac_ros-dev/install/isaac_ros_apriltag_interfaces:/workspaces/isaac_ros-dev/install/yolov8_ros:/workspaces/isaac_ros-dev/install/xbox_controller:/workspaces/isaac_ros-dev/install/panel:/workspaces/isaac_ros-dev/install/isaac_ros_test:/workspaces/isaac_ros-dev/install/encoder:/opt/ros/humble/install /usr/bin/cmake --build /workspaces/isaac_ros-dev/build/vision_msgs -- -j8 -l8
[0.802s] [  1%] Built target gtest_main
[0.807s] [  2%] Built target vision_msgs__cpp
[0.808s] [ 14%] Built target vision_msgs__rosidl_generator_c
[0.809s] [ 15%] Built target gtest
[0.981s] [ 15%] Built target ament_cmake_python_copy_vision_msgs
[1.027s] [ 26%] Built target vision_msgs__rosidl_typesupport_fastrtps_cpp
[1.035s] [ 37%] Built target vision_msgs__rosidl_typesupport_introspection_cpp
[1.046s] [ 48%] Built target vision_msgs__rosidl_typesupport_c
[1.059s] [ 59%] Built target vision_msgs__rosidl_typesupport_introspection_c
[1.067s] [ 71%] Built target vision_msgs__rosidl_typesupport_cpp
[1.074s] [ 82%] Built target vision_msgs__rosidl_typesupport_fastrtps_c
[1.332s] [ 82%] Built target vision_msgs
[1.473s] [ 82%] Built target vision_msgs__py
[1.494s] [ 84%] Built target vision_msgs_test
[1.699s] [ 95%] Built target vision_msgs__rosidl_generator_py
[1.883s] [ 97%] Built target vision_msgs__rosidl_typesupport_introspection_c__pyext
[1.912s] [ 98%] Built target vision_msgs__rosidl_typesupport_c__pyext
[1.919s] [100%] Built target vision_msgs__rosidl_typesupport_fastrtps_c__pyext
[3.104s] running egg_info
[3.175s] writing vision_msgs.egg-info/PKG-INFO
[3.176s] writing dependency_links to vision_msgs.egg-info/dependency_links.txt
[3.177s] writing top-level names to vision_msgs.egg-info/top_level.txt
[3.389s] reading manifest file 'vision_msgs.egg-info/SOURCES.txt'
[3.392s] writing manifest file 'vision_msgs.egg-info/SOURCES.txt'
[3.548s] [100%] Built target ament_cmake_python_build_vision_msgs_egg
[5.221s] Invoked command in '/workspaces/isaac_ros-dev/build/vision_msgs' returned '0': CMAKE_PREFIX_PATH=/workspaces/isaac_ros-dev/install/yolov8_bringup:/workspaces/isaac_ros-dev/install/multisense_ros:/workspaces/isaac_ros-dev/install/xacro:/workspaces/isaac_ros-dev/install/vision_msgs_rviz_plugins:/workspaces/isaac_ros-dev/install/vision_msgs:/workspaces/isaac_ros-dev/install/velodyne:/workspaces/isaac_ros-dev/install/velodyne_pointcloud:/workspaces/isaac_ros-dev/install/velodyne_driver:/workspaces/isaac_ros-dev/install/velodyne_msgs:/workspaces/isaac_ros-dev/install/velodyne_laserscan:/workspaces/isaac_ros-dev/install/vectornav:/workspaces/isaac_ros-dev/install/sdv_localization:/workspaces/isaac_ros-dev/install/vectornav_msgs:/workspaces/isaac_ros-dev/install/slam_toolbox:/workspaces/isaac_ros-dev/install/sdv_msg:/workspaces/isaac_ros-dev/install/sdv_localization_msgs:/workspaces/isaac_ros-dev/install/pointcloud_to_laserscan:/workspaces/isaac_ros-dev/install/my_package:/workspaces/isaac_ros-dev/install/multisense_msgs:/workspaces/isaac_ros-dev/install/multisense_lib:/workspaces/isaac_ros-dev/install/isaac_ros_visual_slam:/workspaces/isaac_ros-dev/install/isaac_ros_visual_slam_interfaces:/workspaces/isaac_ros-dev/install/isaac_ros_tensor_list_interfaces:/workspaces/isaac_ros-dev/install/isaac_ros_common:/workspaces/isaac_ros-dev/install/isaac_ros_bi3d_interfaces:/workspaces/isaac_ros-dev/install/isaac_ros_apriltag_interfaces:/workspaces/isaac_ros-dev/install/yolov8_ros:/workspaces/isaac_ros-dev/install/xbox_controller:/workspaces/isaac_ros-dev/install/panel:/workspaces/isaac_ros-dev/install/isaac_ros_test:/workspaces/isaac_ros-dev/install/encoder:/opt/ros/humble/install /usr/bin/cmake --build /workspaces/isaac_ros-dev/build/vision_msgs -- -j8 -l8
[12.845s] Invoking command in '/workspaces/isaac_ros-dev/build/vision_msgs': CMAKE_PREFIX_PATH=/workspaces/isaac_ros-dev/install/yolov8_bringup:/workspaces/isaac_ros-dev/install/multisense_ros:/workspaces/isaac_ros-dev/install/xacro:/workspaces/isaac_ros-dev/install/vision_msgs_rviz_plugins:/workspaces/isaac_ros-dev/install/vision_msgs:/workspaces/isaac_ros-dev/install/velodyne:/workspaces/isaac_ros-dev/install/velodyne_pointcloud:/workspaces/isaac_ros-dev/install/velodyne_driver:/workspaces/isaac_ros-dev/install/velodyne_msgs:/workspaces/isaac_ros-dev/install/velodyne_laserscan:/workspaces/isaac_ros-dev/install/vectornav:/workspaces/isaac_ros-dev/install/sdv_localization:/workspaces/isaac_ros-dev/install/vectornav_msgs:/workspaces/isaac_ros-dev/install/slam_toolbox:/workspaces/isaac_ros-dev/install/sdv_msg:/workspaces/isaac_ros-dev/install/sdv_localization_msgs:/workspaces/isaac_ros-dev/install/pointcloud_to_laserscan:/workspaces/isaac_ros-dev/install/my_package:/workspaces/isaac_ros-dev/install/multisense_msgs:/workspaces/isaac_ros-dev/install/multisense_lib:/workspaces/isaac_ros-dev/install/isaac_ros_visual_slam:/workspaces/isaac_ros-dev/install/isaac_ros_visual_slam_interfaces:/workspaces/isaac_ros-dev/install/isaac_ros_tensor_list_interfaces:/workspaces/isaac_ros-dev/install/isaac_ros_common:/workspaces/isaac_ros-dev/install/isaac_ros_bi3d_interfaces:/workspaces/isaac_ros-dev/install/isaac_ros_apriltag_interfaces:/workspaces/isaac_ros-dev/install/yolov8_ros:/workspaces/isaac_ros-dev/install/xbox_controller:/workspaces/isaac_ros-dev/install/panel:/workspaces/isaac_ros-dev/install/isaac_ros_test:/workspaces/isaac_ros-dev/install/encoder:/opt/ros/humble/install /usr/bin/cmake --install /workspaces/isaac_ros-dev/build/vision_msgs
[13.307s] -- Install configuration: ""
[13.316s] -- Up-to-date: /workspaces/isaac_ros-dev/install/vision_msgs/share/ament_index/resource_index/rosidl_interfaces/vision_msgs
[13.316s] -- Up-to-date: /workspaces/isaac_ros-dev/install/vision_msgs/include/vision_msgs/vision_msgs
[13.318s] -- Up-to-date: /workspaces/isaac_ros-dev/install/vision_msgs/include/vision_msgs/vision_msgs/msg
[13.318s] -- Up-to-date: /workspaces/isaac_ros-dev/install/vision_msgs/include/vision_msgs/vision_msgs/msg/bounding_box2_d.h
[13.319s] -- Up-to-date: /workspaces/isaac_ros-dev/install/vision_msgs/include/vision_msgs/vision_msgs/msg/rosidl_generator_c__visibility_control.h
[13.319s] -- Up-to-date: /workspaces/isaac_ros-dev/install/vision_msgs/include/vision_msgs/vision_msgs/msg/bounding_box3_d_array.h
[13.320s] -- Up-to-date: /workspaces/isaac_ros-dev/install/vision_msgs/include/vision_msgs/vision_msgs/msg/detection3_d_array.h
[13.323s] -- Up-to-date: /workspaces/isaac_ros-dev/install/vision_msgs/include/vision_msgs/vision_msgs/msg/vision_info.h
[13.323s] -- Up-to-date: /workspaces/isaac_ros-dev/install/vision_msgs/include/vision_msgs/vision_msgs/msg/detection2_d_array.h
[13.324s] -- Up-to-date: /workspaces/isaac_ros-dev/install/vision_msgs/include/vision_msgs/vision_msgs/msg/detection3_d.h
[13.325s] -- Up-to-date: /workspaces/isaac_ros-dev/install/vision_msgs/include/vision_msgs/vision_msgs/msg/detection2_d.h
[13.326s] -- Up-to-date: /workspaces/isaac_ros-dev/install/vision_msgs/include/vision_msgs/vision_msgs/msg/bounding_box3_d.h
[13.326s] -- Up-to-date: /workspaces/isaac_ros-dev/install/vision_msgs/include/vision_msgs/vision_msgs/msg/pose2_d.h
[13.327s] -- Up-to-date: /workspaces/isaac_ros-dev/install/vision_msgs/include/vision_msgs/vision_msgs/msg/label_info.h
[13.327s] -- Up-to-date: /workspaces/isaac_ros-dev/install/vision_msgs/include/vision_msgs/vision_msgs/msg/vision_class.h
[13.328s] -- Up-to-date: /workspaces/isaac_ros-dev/install/vision_msgs/include/vision_msgs/vision_msgs/msg/detail
[13.328s] -- Up-to-date: /workspaces/isaac_ros-dev/install/vision_msgs/include/vision_msgs/vision_msgs/msg/detail/detection3_d_array__struct.h
[13.328s] -- Up-to-date: /workspaces/isaac_ros-dev/install/vision_msgs/include/vision_msgs/vision_msgs/msg/detail/detection3_d__type_support.h
[13.329s] -- Up-to-date: /workspaces/isaac_ros-dev/install/vision_msgs/include/vision_msgs/vision_msgs/msg/detail/classification__type_support.h
[13.331s] -- Up-to-date: /workspaces/isaac_ros-dev/install/vision_msgs/include/vision_msgs/vision_msgs/msg/detail/vision_class__type_support.h
[13.331s] -- Up-to-date: /workspaces/isaac_ros-dev/install/vision_msgs/include/vision_msgs/vision_msgs/msg/detail/vision_info__functions.h
[13.332s] -- Up-to-date: /workspaces/isaac_ros-dev/install/vision_msgs/include/vision_msgs/vision_msgs/msg/detail/bounding_box2_d_array__type_support.h
[13.333s] -- Up-to-date: /workspaces/isaac_ros-dev/install/vision_msgs/include/vision_msgs/vision_msgs/msg/detail/classification__struct.h
[13.333s] -- Up-to-date: /workspaces/isaac_ros-dev/install/vision_msgs/include/vision_msgs/vision_msgs/msg/detail/detection2_d__type_support.h
[13.334s] -- Up-to-date: /workspaces/isaac_ros-dev/install/vision_msgs/include/vision_msgs/vision_msgs/msg/detail/object_hypothesis_with_pose__functions.c
[13.335s] -- Up-to-date: /workspaces/isaac_ros-dev/install/vision_msgs/include/vision_msgs/vision_msgs/msg/detail/detection2_d__functions.h
[13.336s] -- Up-to-date: /workspaces/isaac_ros-dev/install/vision_msgs/include/vision_msgs/vision_msgs/msg/detail/bounding_box2_d_array__functions.c
[13.337s] -- Up-to-date: /workspaces/isaac_ros-dev/install/vision_msgs/include/vision_msgs/vision_msgs/msg/detail/detection2_d__functions.c
[13.338s] -- Up-to-date: /workspaces/isaac_ros-dev/install/vision_msgs/include/vision_msgs/vision_msgs/msg/detail/bounding_box3_d_array__struct.h
[13.340s] -- Up-to-date: /workspaces/isaac_ros-dev/install/vision_msgs/include/vision_msgs/vision_msgs/msg/detail/detection3_d_array__functions.h
[13.341s] -- Up-to-date: /workspaces/isaac_ros-dev/install/vision_msgs/include/vision_msgs/vision_msgs/msg/detail/point2_d__struct.h
[13.341s] -- Up-to-date: /workspaces/isaac_ros-dev/install/vision_msgs/include/vision_msgs/vision_msgs/msg/detail/label_info__functions.h
[13.352s] -- Up-to-date: /workspaces/isaac_ros-dev/install/vision_msgs/include/vision_msgs/vision_msgs/msg/detail/label_info__struct.h
[13.352s] -- Up-to-date: /workspaces/isaac_ros-dev/install/vision_msgs/include/vision_msgs/vision_msgs/msg/detail/label_info__type_support.h
[13.353s] -- Up-to-date: /workspaces/isaac_ros-dev/install/vision_msgs/include/vision_msgs/vision_msgs/msg/detail/bounding_box2_d__functions.h
[13.353s] -- Up-to-date: /workspaces/isaac_ros-dev/install/vision_msgs/include/vision_msgs/vision_msgs/msg/detail/detection2_d_array__struct.h
[13.353s] -- Up-to-date: /workspaces/isaac_ros-dev/install/vision_msgs/include/vision_msgs/vision_msgs/msg/detail/point2_d__functions.h
[13.354s] -- Up-to-date: /workspaces/isaac_ros-dev/install/vision_msgs/include/vision_msgs/vision_msgs/msg/detail/point2_d__type_support.h
[13.354s] -- Up-to-date: /workspaces/isaac_ros-dev/install/vision_msgs/include/vision_msgs/vision_msgs/msg/detail/object_hypothesis__functions.c
[13.355s] -- Up-to-date: /workspaces/isaac_ros-dev/install/vision_msgs/include/vision_msgs/vision_msgs/msg/detail/object_hypothesis__functions.h
[13.355s] -- Up-to-date: /workspaces/isaac_ros-dev/install/vision_msgs/include/vision_msgs/vision_msgs/msg/detail/bounding_box2_d__struct.h
[13.355s] -- Up-to-date: /workspaces/isaac_ros-dev/install/vision_msgs/include/vision_msgs/vision_msgs/msg/detail/vision_info__functions.c
[13.356s] -- Up-to-date: /workspaces/isaac_ros-dev/install/vision_msgs/include/vision_msgs/vision_msgs/msg/detail/detection3_d_array__functions.c
[13.356s] -- Up-to-date: /workspaces/isaac_ros-dev/install/vision_msgs/include/vision_msgs/vision_msgs/msg/detail/vision_info__type_support.h
[13.357s] -- Up-to-date: /workspaces/isaac_ros-dev/install/vision_msgs/include/vision_msgs/vision_msgs/msg/detail/detection2_d_array__functions.h
[13.357s] -- Up-to-date: /workspaces/isaac_ros-dev/install/vision_msgs/include/vision_msgs/vision_msgs/msg/detail/classification__functions.h
[13.358s] -- Up-to-date: /workspaces/isaac_ros-dev/install/vision_msgs/include/vision_msgs/vision_msgs/msg/detail/classification__functions.c
[13.358s] -- Up-to-date: /workspaces/isaac_ros-dev/install/vision_msgs/include/vision_msgs/vision_msgs/msg/detail/detection3_d_array__type_support.h
[13.359s] -- Up-to-date: /workspaces/isaac_ros-dev/install/vision_msgs/include/vision_msgs/vision_msgs/msg/detail/detection3_d__functions.c
[13.359s] -- Up-to-date: /workspaces/isaac_ros-dev/install/vision_msgs/include/vision_msgs/vision_msgs/msg/detail/object_hypothesis_with_pose__type_support.h
[13.359s] -- Up-to-date: /workspaces/isaac_ros-dev/install/vision_msgs/include/vision_msgs/vision_msgs/msg/detail/pose2_d__struct.h
[13.360s] -- Up-to-date: /workspaces/isaac_ros-dev/install/vision_msgs/include/vision_msgs/vision_msgs/msg/detail/bounding_box2_d_array__functions.h
[13.360s] -- Up-to-date: /workspaces/isaac_ros-dev/install/vision_msgs/include/vision_msgs/vision_msgs/msg/detail/vision_class__functions.h
[13.361s] -- Up-to-date: /workspaces/isaac_ros-dev/install/vision_msgs/include/vision_msgs/vision_msgs/msg/detail/pose2_d__functions.c
[13.361s] -- Up-to-date: /workspaces/isaac_ros-dev/install/vision_msgs/include/vision_msgs/vision_msgs/msg/detail/bounding_box2_d_array__struct.h
[13.362s] -- Up-to-date: /workspaces/isaac_ros-dev/install/vision_msgs/include/vision_msgs/vision_msgs/msg/detail/pose2_d__functions.h
[13.362s] -- Up-to-date: /workspaces/isaac_ros-dev/install/vision_msgs/include/vision_msgs/vision_msgs/msg/detail/object_hypothesis_with_pose__struct.h
[13.363s] -- Up-to-date: /workspaces/isaac_ros-dev/install/vision_msgs/include/vision_msgs/vision_msgs/msg/detail/object_hypothesis__struct.h
[13.363s] -- Up-to-date: /workspaces/isaac_ros-dev/install/vision_msgs/include/vision_msgs/vision_msgs/msg/detail/detection2_d_array__functions.c
[13.363s] -- Up-to-date: /workspaces/isaac_ros-dev/install/vision_msgs/include/vision_msgs/vision_msgs/msg/detail/bounding_box3_d_array__functions.h
[13.364s] -- Up-to-date: /workspaces/isaac_ros-dev/install/vision_msgs/include/vision_msgs/vision_msgs/msg/detail/bounding_box3_d__functions.h
[13.364s] -- Up-to-date: /workspaces/isaac_ros-dev/install/vision_msgs/include/vision_msgs/vision_msgs/msg/detail/vision_class__struct.h
[13.365s] -- Up-to-date: /workspaces/isaac_ros-dev/install/vision_msgs/include/vision_msgs/vision_msgs/msg/detail/bounding_box3_d__functions.c
[13.381s] -- Up-to-date: /workspaces/isaac_ros-dev/install/vision_msgs/include/vision_msgs/vision_msgs/msg/detail/bounding_box3_d_array__type_support.h
[13.381s] -- Up-to-date: /workspaces/isaac_ros-dev/install/vision_msgs/include/vision_msgs/vision_msgs/msg/detail/bounding_box3_d__type_support.h
[13.381s] -- Up-to-date: /workspaces/isaac_ros-dev/install/vision_msgs/include/vision_msgs/vision_msgs/msg/detail/bounding_box2_d__functions.c
[13.382s] -- Up-to-date: /workspaces/isaac_ros-dev/install/vision_msgs/include/vision_msgs/vision_msgs/msg/detail/detection2_d_array__type_support.h
[13.382s] -- Up-to-date: /workspaces/isaac_ros-dev/install/vision_msgs/include/vision_msgs/vision_msgs/msg/detail/point2_d__functions.c
[13.383s] -- Up-to-date: /workspaces/isaac_ros-dev/install/vision_msgs/include/vision_msgs/vision_msgs/msg/detail/label_info__functions.c
[13.384s] -- Up-to-date: /workspaces/isaac_ros-dev/install/vision_msgs/include/vision_msgs/vision_msgs/msg/detail/pose2_d__type_support.h
[13.385s] -- Up-to-date: /workspaces/isaac_ros-dev/install/vision_msgs/include/vision_msgs/vision_msgs/msg/detail/bounding_box3_d__struct.h
[13.385s] -- Up-to-date: /workspaces/isaac_ros-dev/install/vision_msgs/include/vision_msgs/vision_msgs/msg/detail/vision_info__struct.h
[13.386s] -- Up-to-date: /workspaces/isaac_ros-dev/install/vision_msgs/include/vision_msgs/vision_msgs/msg/detail/detection2_d__struct.h
[13.386s] -- Up-to-date: /workspaces/isaac_ros-dev/install/vision_msgs/include/vision_msgs/vision_msgs/msg/detail/detection3_d__struct.h
[13.387s] -- Up-to-date: /workspaces/isaac_ros-dev/install/vision_msgs/include/vision_msgs/vision_msgs/msg/detail/vision_class__functions.c
[13.387s] -- Up-to-date: /workspaces/isaac_ros-dev/install/vision_msgs/include/vision_msgs/vision_msgs/msg/detail/bounding_box3_d_array__functions.c
[13.387s] -- Up-to-date: /workspaces/isaac_ros-dev/install/vision_msgs/include/vision_msgs/vision_msgs/msg/detail/bounding_box2_d__type_support.h
[13.388s] -- Up-to-date: /workspaces/isaac_ros-dev/install/vision_msgs/include/vision_msgs/vision_msgs/msg/detail/object_hypothesis__type_support.h
[13.388s] -- Up-to-date: /workspaces/isaac_ros-dev/install/vision_msgs/include/vision_msgs/vision_msgs/msg/detail/detection3_d__functions.h
[13.389s] -- Up-to-date: /workspaces/isaac_ros-dev/install/vision_msgs/include/vision_msgs/vision_msgs/msg/detail/object_hypothesis_with_pose__functions.h
[13.389s] -- Up-to-date: /workspaces/isaac_ros-dev/install/vision_msgs/include/vision_msgs/vision_msgs/msg/object_hypothesis.h
[13.390s] -- Up-to-date: /workspaces/isaac_ros-dev/install/vision_msgs/include/vision_msgs/vision_msgs/msg/object_hypothesis_with_pose.h
[13.390s] -- Up-to-date: /workspaces/isaac_ros-dev/install/vision_msgs/include/vision_msgs/vision_msgs/msg/point2_d.h
[13.391s] -- Up-to-date: /workspaces/isaac_ros-dev/install/vision_msgs/include/vision_msgs/vision_msgs/msg/bounding_box2_d_array.h
[13.391s] -- Up-to-date: /workspaces/isaac_ros-dev/install/vision_msgs/include/vision_msgs/vision_msgs/msg/classification.h
[13.392s] -- Up-to-date: /workspaces/isaac_ros-dev/install/vision_msgs/share/vision_msgs/environment/library_path.sh
[13.392s] -- Up-to-date: /workspaces/isaac_ros-dev/install/vision_msgs/share/vision_msgs/environment/library_path.dsv
[13.393s] -- Up-to-date: /workspaces/isaac_ros-dev/install/vision_msgs/lib/libvision_msgs__rosidl_generator_c.so
[13.393s] -- Up-to-date: /workspaces/isaac_ros-dev/install/vision_msgs/include/vision_msgs/vision_msgs
[13.393s] -- Up-to-date: /workspaces/isaac_ros-dev/install/vision_msgs/include/vision_msgs/vision_msgs/msg
[13.394s] -- Up-to-date: /workspaces/isaac_ros-dev/install/vision_msgs/include/vision_msgs/vision_msgs/msg/rosidl_typesupport_fastrtps_c__visibility_control.h
[13.395s] -- Up-to-date: /workspaces/isaac_ros-dev/install/vision_msgs/include/vision_msgs/vision_msgs/msg/detail
[13.395s] -- Up-to-date: /workspaces/isaac_ros-dev/install/vision_msgs/include/vision_msgs/vision_msgs/msg/detail/detection3_d__rosidl_typesupport_fastrtps_c.h
[13.395s] -- Up-to-date: /workspaces/isaac_ros-dev/install/vision_msgs/include/vision_msgs/vision_msgs/msg/detail/detection2_d_array__rosidl_typesupport_fastrtps_c.h
[13.396s] -- Up-to-date: /workspaces/isaac_ros-dev/install/vision_msgs/include/vision_msgs/vision_msgs/msg/detail/object_hypothesis_with_pose__rosidl_typesupport_fastrtps_c.h
[13.406s] -- Up-to-date: /workspaces/isaac_ros-dev/install/vision_msgs/include/vision_msgs/vision_msgs/msg/detail/detection2_d__rosidl_typesupport_fastrtps_c.h
[13.407s] -- Up-to-date: /workspaces/isaac_ros-dev/install/vision_msgs/include/vision_msgs/vision_msgs/msg/detail/bounding_box2_d_array__rosidl_typesupport_fastrtps_c.h
[13.408s] -- Up-to-date: /workspaces/isaac_ros-dev/install/vision_msgs/include/vision_msgs/vision_msgs/msg/detail/classification__rosidl_typesupport_fastrtps_c.h
[13.408s] -- Up-to-date: /workspaces/isaac_ros-dev/install/vision_msgs/include/vision_msgs/vision_msgs/msg/detail/bounding_box3_d_array__rosidl_typesupport_fastrtps_c.h
[13.408s] -- Up-to-date: /workspaces/isaac_ros-dev/install/vision_msgs/include/vision_msgs/vision_msgs/msg/detail/label_info__rosidl_typesupport_fastrtps_c.h
[13.409s] -- Up-to-date: /workspaces/isaac_ros-dev/install/vision_msgs/include/vision_msgs/vision_msgs/msg/detail/bounding_box2_d__rosidl_typesupport_fastrtps_c.h
[13.409s] -- Up-to-date: /workspaces/isaac_ros-dev/install/vision_msgs/include/vision_msgs/vision_msgs/msg/detail/point2_d__rosidl_typesupport_fastrtps_c.h
[13.410s] -- Up-to-date: /workspaces/isaac_ros-dev/install/vision_msgs/include/vision_msgs/vision_msgs/msg/detail/pose2_d__rosidl_typesupport_fastrtps_c.h
[13.410s] -- Up-to-date: /workspaces/isaac_ros-dev/install/vision_msgs/include/vision_msgs/vision_msgs/msg/detail/bounding_box3_d__rosidl_typesupport_fastrtps_c.h
[13.411s] -- Up-to-date: /workspaces/isaac_ros-dev/install/vision_msgs/include/vision_msgs/vision_msgs/msg/detail/vision_info__rosidl_typesupport_fastrtps_c.h
[13.411s] -- Up-to-date: /workspaces/isaac_ros-dev/install/vision_msgs/include/vision_msgs/vision_msgs/msg/detail/vision_class__rosidl_typesupport_fastrtps_c.h
[13.412s] -- Up-to-date: /workspaces/isaac_ros-dev/install/vision_msgs/include/vision_msgs/vision_msgs/msg/detail/detection3_d_array__rosidl_typesupport_fastrtps_c.h
[13.412s] -- Up-to-date: /workspaces/isaac_ros-dev/install/vision_msgs/include/vision_msgs/vision_msgs/msg/detail/object_hypothesis__rosidl_typesupport_fastrtps_c.h
[13.413s] -- Up-to-date: /workspaces/isaac_ros-dev/install/vision_msgs/lib/libvision_msgs__rosidl_typesupport_fastrtps_c.so
[13.413s] -- Up-to-date: /workspaces/isaac_ros-dev/install/vision_msgs/include/vision_msgs/vision_msgs
[13.414s] -- Up-to-date: /workspaces/isaac_ros-dev/install/vision_msgs/include/vision_msgs/vision_msgs/msg
[13.414s] -- Up-to-date: /workspaces/isaac_ros-dev/install/vision_msgs/include/vision_msgs/vision_msgs/msg/label_info.hpp
[13.415s] -- Up-to-date: /workspaces/isaac_ros-dev/install/vision_msgs/include/vision_msgs/vision_msgs/msg/bounding_box3_d.hpp
[13.415s] -- Up-to-date: /workspaces/isaac_ros-dev/install/vision_msgs/include/vision_msgs/vision_msgs/msg/bounding_box2_d.hpp
[13.416s] -- Up-to-date: /workspaces/isaac_ros-dev/install/vision_msgs/include/vision_msgs/vision_msgs/msg/vision_info.hpp
[13.416s] -- Up-to-date: /workspaces/isaac_ros-dev/install/vision_msgs/include/vision_msgs/vision_msgs/msg/detection3_d.hpp
[13.416s] -- Up-to-date: /workspaces/isaac_ros-dev/install/vision_msgs/include/vision_msgs/vision_msgs/msg/object_hypothesis_with_pose.hpp
[13.417s] -- Up-to-date: /workspaces/isaac_ros-dev/install/vision_msgs/include/vision_msgs/vision_msgs/msg/detection3_d_array.hpp
[13.417s] -- Up-to-date: /workspaces/isaac_ros-dev/install/vision_msgs/include/vision_msgs/vision_msgs/msg/pose2_d.hpp
[13.417s] -- Up-to-date: /workspaces/isaac_ros-dev/install/vision_msgs/include/vision_msgs/vision_msgs/msg/bounding_box3_d_array.hpp
[13.418s] -- Up-to-date: /workspaces/isaac_ros-dev/install/vision_msgs/include/vision_msgs/vision_msgs/msg/object_hypothesis.hpp
[13.418s] -- Up-to-date: /workspaces/isaac_ros-dev/install/vision_msgs/include/vision_msgs/vision_msgs/msg/detail
[13.419s] -- Up-to-date: /workspaces/isaac_ros-dev/install/vision_msgs/include/vision_msgs/vision_msgs/msg/detail/detection2_d_array__traits.hpp
[13.419s] -- Up-to-date: /workspaces/isaac_ros-dev/install/vision_msgs/include/vision_msgs/vision_msgs/msg/detail/pose2_d__traits.hpp
[13.420s] -- Up-to-date: /workspaces/isaac_ros-dev/install/vision_msgs/include/vision_msgs/vision_msgs/msg/detail/point2_d__struct.hpp
[13.420s] -- Up-to-date: /workspaces/isaac_ros-dev/install/vision_msgs/include/vision_msgs/vision_msgs/msg/detail/pose2_d__struct.hpp
[13.421s] -- Up-to-date: /workspaces/isaac_ros-dev/install/vision_msgs/include/vision_msgs/vision_msgs/msg/detail/bounding_box2_d_array__traits.hpp
[13.421s] -- Up-to-date: /workspaces/isaac_ros-dev/install/vision_msgs/include/vision_msgs/vision_msgs/msg/detail/vision_info__struct.hpp
[13.421s] -- Up-to-date: /workspaces/isaac_ros-dev/install/vision_msgs/include/vision_msgs/vision_msgs/msg/detail/detection3_d_array__traits.hpp
[13.422s] -- Up-to-date: /workspaces/isaac_ros-dev/install/vision_msgs/include/vision_msgs/vision_msgs/msg/detail/object_hypothesis_with_pose__builder.hpp
[13.422s] -- Up-to-date: /workspaces/isaac_ros-dev/install/vision_msgs/include/vision_msgs/vision_msgs/msg/detail/pose2_d__builder.hpp
[13.435s] -- Up-to-date: /workspaces/isaac_ros-dev/install/vision_msgs/include/vision_msgs/vision_msgs/msg/detail/bounding_box3_d_array__builder.hpp
[13.435s] -- Up-to-date: /workspaces/isaac_ros-dev/install/vision_msgs/include/vision_msgs/vision_msgs/msg/detail/label_info__struct.hpp
[13.436s] -- Up-to-date: /workspaces/isaac_ros-dev/install/vision_msgs/include/vision_msgs/vision_msgs/msg/detail/detection2_d__struct.hpp
[13.436s] -- Up-to-date: /workspaces/isaac_ros-dev/install/vision_msgs/include/vision_msgs/vision_msgs/msg/detail/classification__builder.hpp
[13.437s] -- Up-to-date: /workspaces/isaac_ros-dev/install/vision_msgs/include/vision_msgs/vision_msgs/msg/detail/bounding_box3_d__struct.hpp
[13.437s] -- Up-to-date: /workspaces/isaac_ros-dev/install/vision_msgs/include/vision_msgs/vision_msgs/msg/detail/bounding_box2_d_array__builder.hpp
[13.437s] -- Up-to-date: /workspaces/isaac_ros-dev/install/vision_msgs/include/vision_msgs/vision_msgs/msg/detail/detection3_d_array__struct.hpp
[13.438s] -- Up-to-date: /workspaces/isaac_ros-dev/install/vision_msgs/include/vision_msgs/vision_msgs/msg/detail/label_info__traits.hpp
[13.438s] -- Up-to-date: /workspaces/isaac_ros-dev/install/vision_msgs/include/vision_msgs/vision_msgs/msg/detail/vision_class__builder.hpp
[13.439s] -- Up-to-date: /workspaces/isaac_ros-dev/install/vision_msgs/include/vision_msgs/vision_msgs/msg/detail/label_info__builder.hpp
[13.439s] -- Up-to-date: /workspaces/isaac_ros-dev/install/vision_msgs/include/vision_msgs/vision_msgs/msg/detail/detection3_d__traits.hpp
[13.440s] -- Up-to-date: /workspaces/isaac_ros-dev/install/vision_msgs/include/vision_msgs/vision_msgs/msg/detail/detection2_d__traits.hpp
[13.440s] -- Up-to-date: /workspaces/isaac_ros-dev/install/vision_msgs/include/vision_msgs/vision_msgs/msg/detail/vision_info__builder.hpp
[13.441s] -- Up-to-date: /workspaces/isaac_ros-dev/install/vision_msgs/include/vision_msgs/vision_msgs/msg/detail/bounding_box2_d_array__struct.hpp
[13.441s] -- Up-to-date: /workspaces/isaac_ros-dev/install/vision_msgs/include/vision_msgs/vision_msgs/msg/detail/object_hypothesis_with_pose__traits.hpp
[13.442s] -- Up-to-date: /workspaces/isaac_ros-dev/install/vision_msgs/include/vision_msgs/vision_msgs/msg/detail/bounding_box3_d__builder.hpp
[13.442s] -- Up-to-date: /workspaces/isaac_ros-dev/install/vision_msgs/include/vision_msgs/vision_msgs/msg/detail/point2_d__builder.hpp
[13.443s] -- Up-to-date: /workspaces/isaac_ros-dev/install/vision_msgs/include/vision_msgs/vision_msgs/msg/detail/point2_d__traits.hpp
[13.443s] -- Up-to-date: /workspaces/isaac_ros-dev/install/vision_msgs/include/vision_msgs/vision_msgs/msg/detail/vision_class__traits.hpp
[13.444s] -- Up-to-date: /workspaces/isaac_ros-dev/install/vision_msgs/include/vision_msgs/vision_msgs/msg/detail/detection3_d__struct.hpp
[13.444s] -- Up-to-date: /workspaces/isaac_ros-dev/install/vision_msgs/include/vision_msgs/vision_msgs/msg/detail/object_hypothesis__struct.hpp
[13.445s] -- Up-to-date: /workspaces/isaac_ros-dev/install/vision_msgs/include/vision_msgs/vision_msgs/msg/detail/bounding_box3_d_array__traits.hpp
[13.445s] -- Up-to-date: /workspaces/isaac_ros-dev/install/vision_msgs/include/vision_msgs/vision_msgs/msg/detail/vision_info__traits.hpp
[13.446s] -- Up-to-date: /workspaces/isaac_ros-dev/install/vision_msgs/include/vision_msgs/vision_msgs/msg/detail/detection2_d_array__struct.hpp
[13.446s] -- Up-to-date: /workspaces/isaac_ros-dev/install/vision_msgs/include/vision_msgs/vision_msgs/msg/detail/bounding_box2_d__struct.hpp
[13.447s] -- Up-to-date: /workspaces/isaac_ros-dev/install/vision_msgs/include/vision_msgs/vision_msgs/msg/detail/classification__struct.hpp
[13.447s] -- Up-to-date: /workspaces/isaac_ros-dev/install/vision_msgs/include/vision_msgs/vision_msgs/msg/detail/detection3_d_array__builder.hpp
[13.448s] -- Up-to-date: /workspaces/isaac_ros-dev/install/vision_msgs/include/vision_msgs/vision_msgs/msg/detail/classification__traits.hpp
[13.448s] -- Up-to-date: /workspaces/isaac_ros-dev/install/vision_msgs/include/vision_msgs/vision_msgs/msg/detail/detection3_d__builder.hpp
[13.449s] -- Up-to-date: /workspaces/isaac_ros-dev/install/vision_msgs/include/vision_msgs/vision_msgs/msg/detail/object_hypothesis__builder.hpp
[13.449s] -- Up-to-date: /workspaces/isaac_ros-dev/install/vision_msgs/include/vision_msgs/vision_msgs/msg/detail/bounding_box2_d__traits.hpp
[13.456s] -- Up-to-date: /workspaces/isaac_ros-dev/install/vision_msgs/include/vision_msgs/vision_msgs/msg/detail/object_hypothesis__traits.hpp
[13.457s] -- Up-to-date: /workspaces/isaac_ros-dev/install/vision_msgs/include/vision_msgs/vision_msgs/msg/detail/bounding_box2_d__builder.hpp
[13.457s] -- Up-to-date: /workspaces/isaac_ros-dev/install/vision_msgs/include/vision_msgs/vision_msgs/msg/detail/detection2_d_array__builder.hpp
[13.458s] -- Up-to-date: /workspaces/isaac_ros-dev/install/vision_msgs/include/vision_msgs/vision_msgs/msg/detail/vision_class__struct.hpp
[13.458s] -- Up-to-date: /workspaces/isaac_ros-dev/install/vision_msgs/include/vision_msgs/vision_msgs/msg/detail/object_hypothesis_with_pose__struct.hpp
[13.459s] -- Up-to-date: /workspaces/isaac_ros-dev/install/vision_msgs/include/vision_msgs/vision_msgs/msg/detail/bounding_box3_d__traits.hpp
[13.459s] -- Up-to-date: /workspaces/isaac_ros-dev/install/vision_msgs/include/vision_msgs/vision_msgs/msg/detail/bounding_box3_d_array__struct.hpp
[13.460s] -- Up-to-date: /workspaces/isaac_ros-dev/install/vision_msgs/include/vision_msgs/vision_msgs/msg/detail/detection2_d__builder.hpp
[13.460s] -- Up-to-date: /workspaces/isaac_ros-dev/install/vision_msgs/include/vision_msgs/vision_msgs/msg/bounding_box2_d_array.hpp
[13.461s] -- Up-to-date: /workspaces/isaac_ros-dev/install/vision_msgs/include/vision_msgs/vision_msgs/msg/classification.hpp
[13.461s] -- Up-to-date: /workspaces/isaac_ros-dev/install/vision_msgs/include/vision_msgs/vision_msgs/msg/vision_class.hpp
[13.463s] -- Up-to-date: /workspaces/isaac_ros-dev/install/vision_msgs/include/vision_msgs/vision_msgs/msg/detection2_d_array.hpp
[13.464s] -- Up-to-date: /workspaces/isaac_ros-dev/install/vision_msgs/include/vision_msgs/vision_msgs/msg/point2_d.hpp
[13.465s] -- Up-to-date: /workspaces/isaac_ros-dev/install/vision_msgs/include/vision_msgs/vision_msgs/msg/detection2_d.hpp
[13.465s] -- Up-to-date: /workspaces/isaac_ros-dev/install/vision_msgs/include/vision_msgs/vision_msgs
[13.466s] -- Up-to-date: /workspaces/isaac_ros-dev/install/vision_msgs/include/vision_msgs/vision_msgs/msg
[13.466s] -- Up-to-date: /workspaces/isaac_ros-dev/install/vision_msgs/include/vision_msgs/vision_msgs/msg/rosidl_typesupport_fastrtps_cpp__visibility_control.h
[13.467s] -- Up-to-date: /workspaces/isaac_ros-dev/install/vision_msgs/include/vision_msgs/vision_msgs/msg/detail
[13.467s] -- Up-to-date: /workspaces/isaac_ros-dev/install/vision_msgs/include/vision_msgs/vision_msgs/msg/detail/label_info__rosidl_typesupport_fastrtps_cpp.hpp
[13.467s] -- Up-to-date: /workspaces/isaac_ros-dev/install/vision_msgs/include/vision_msgs/vision_msgs/msg/detail/pose2_d__rosidl_typesupport_fastrtps_cpp.hpp
[13.468s] -- Up-to-date: /workspaces/isaac_ros-dev/install/vision_msgs/include/vision_msgs/vision_msgs/msg/detail/detection2_d__rosidl_typesupport_fastrtps_cpp.hpp
[13.475s] -- Up-to-date: /workspaces/isaac_ros-dev/install/vision_msgs/include/vision_msgs/vision_msgs/msg/detail/bounding_box3_d__rosidl_typesupport_fastrtps_cpp.hpp
[13.476s] -- Up-to-date: /workspaces/isaac_ros-dev/install/vision_msgs/include/vision_msgs/vision_msgs/msg/detail/bounding_box2_d_array__rosidl_typesupport_fastrtps_cpp.hpp
[13.477s] -- Up-to-date: /workspaces/isaac_ros-dev/install/vision_msgs/include/vision_msgs/vision_msgs/msg/detail/detection2_d_array__rosidl_typesupport_fastrtps_cpp.hpp
[13.478s] -- Up-to-date: /workspaces/isaac_ros-dev/install/vision_msgs/include/vision_msgs/vision_msgs/msg/detail/bounding_box2_d__rosidl_typesupport_fastrtps_cpp.hpp
[13.479s] -- Up-to-date: /workspaces/isaac_ros-dev/install/vision_msgs/include/vision_msgs/vision_msgs/msg/detail/object_hypothesis__rosidl_typesupport_fastrtps_cpp.hpp
[13.480s] -- Up-to-date: /workspaces/isaac_ros-dev/install/vision_msgs/include/vision_msgs/vision_msgs/msg/detail/dds_fastrtps
[13.480s] -- Up-to-date: /workspaces/isaac_ros-dev/install/vision_msgs/include/vision_msgs/vision_msgs/msg/detail/vision_info__rosidl_typesupport_fastrtps_cpp.hpp
[13.481s] -- Up-to-date: /workspaces/isaac_ros-dev/install/vision_msgs/include/vision_msgs/vision_msgs/msg/detail/point2_d__rosidl_typesupport_fastrtps_cpp.hpp
[13.482s] -- Up-to-date: /workspaces/isaac_ros-dev/install/vision_msgs/include/vision_msgs/vision_msgs/msg/detail/vision_class__rosidl_typesupport_fastrtps_cpp.hpp
[13.484s] -- Up-to-date: /workspaces/isaac_ros-dev/install/vision_msgs/include/vision_msgs/vision_msgs/msg/detail/detection3_d_array__rosidl_typesupport_fastrtps_cpp.hpp
[13.485s] -- Up-to-date: /workspaces/isaac_ros-dev/install/vision_msgs/include/vision_msgs/vision_msgs/msg/detail/bounding_box3_d_array__rosidl_typesupport_fastrtps_cpp.hpp
[13.485s] -- Up-to-date: /workspaces/isaac_ros-dev/install/vision_msgs/include/vision_msgs/vision_msgs/msg/detail/object_hypothesis_with_pose__rosidl_typesupport_fastrtps_cpp.hpp
[13.486s] -- Up-to-date: /workspaces/isaac_ros-dev/install/vision_msgs/include/vision_msgs/vision_msgs/msg/detail/classification__rosidl_typesupport_fastrtps_cpp.hpp
[13.487s] -- Up-to-date: /workspaces/isaac_ros-dev/install/vision_msgs/include/vision_msgs/vision_msgs/msg/detail/detection3_d__rosidl_typesupport_fastrtps_cpp.hpp
[13.488s] -- Up-to-date: /workspaces/isaac_ros-dev/install/vision_msgs/lib/libvision_msgs__rosidl_typesupport_fastrtps_cpp.so
[13.488s] -- Up-to-date: /workspaces/isaac_ros-dev/install/vision_msgs/include/vision_msgs/vision_msgs
[13.489s] -- Up-to-date: /workspaces/isaac_ros-dev/install/vision_msgs/include/vision_msgs/vision_msgs/msg
[13.490s] -- Up-to-date: /workspaces/isaac_ros-dev/install/vision_msgs/include/vision_msgs/vision_msgs/msg/detail
[13.490s] -- Up-to-date: /workspaces/isaac_ros-dev/install/vision_msgs/include/vision_msgs/vision_msgs/msg/detail/vision_class__type_support.c
[13.491s] -- Up-to-date: /workspaces/isaac_ros-dev/install/vision_msgs/include/vision_msgs/vision_msgs/msg/detail/detection2_d_array__rosidl_typesupport_introspection_c.h
[13.491s] -- Up-to-date: /workspaces/isaac_ros-dev/install/vision_msgs/include/vision_msgs/vision_msgs/msg/detail/classification__type_support.c
[13.492s] -- Up-to-date: /workspaces/isaac_ros-dev/install/vision_msgs/include/vision_msgs/vision_msgs/msg/detail/object_hypothesis_with_pose__rosidl_typesupport_introspection_c.h
[13.493s] -- Up-to-date: /workspaces/isaac_ros-dev/install/vision_msgs/include/vision_msgs/vision_msgs/msg/detail/pose2_d__type_support.c
[13.493s] -- Up-to-date: /workspaces/isaac_ros-dev/install/vision_msgs/include/vision_msgs/vision_msgs/msg/detail/bounding_box3_d_array__type_support.c
[13.494s] -- Up-to-date: /workspaces/isaac_ros-dev/install/vision_msgs/include/vision_msgs/vision_msgs/msg/detail/detection2_d__type_support.c
[13.494s] -- Up-to-date: /workspaces/isaac_ros-dev/install/vision_msgs/include/vision_msgs/vision_msgs/msg/detail/detection3_d__type_support.c
[13.495s] -- Up-to-date: /workspaces/isaac_ros-dev/install/vision_msgs/include/vision_msgs/vision_msgs/msg/detail/vision_class__rosidl_typesupport_introspection_c.h
[13.495s] -- Up-to-date: /workspaces/isaac_ros-dev/install/vision_msgs/include/vision_msgs/vision_msgs/msg/detail/bounding_box2_d__rosidl_typesupport_introspection_c.h
[13.496s] -- Up-to-date: /workspaces/isaac_ros-dev/install/vision_msgs/include/vision_msgs/vision_msgs/msg/detail/bounding_box2_d__type_support.c
[13.503s] -- Up-to-date: /workspaces/isaac_ros-dev/install/vision_msgs/include/vision_msgs/vision_msgs/msg/detail/bounding_box3_d_array__rosidl_typesupport_introspection_c.h
[13.504s] -- Up-to-date: /workspaces/isaac_ros-dev/install/vision_msgs/include/vision_msgs/vision_msgs/msg/detail/pose2_d__rosidl_typesupport_introspection_c.h
[13.504s] -- Up-to-date: /workspaces/isaac_ros-dev/install/vision_msgs/include/vision_msgs/vision_msgs/msg/detail/vision_info__type_support.c
[13.506s] -- Up-to-date: /workspaces/isaac_ros-dev/install/vision_msgs/include/vision_msgs/vision_msgs/msg/detail/detection3_d_array__rosidl_typesupport_introspection_c.h
[13.509s] -- Up-to-date: /workspaces/isaac_ros-dev/install/vision_msgs/include/vision_msgs/vision_msgs/msg/detail/bounding_box2_d_array__type_support.c
[13.510s] -- Up-to-date: /workspaces/isaac_ros-dev/install/vision_msgs/include/vision_msgs/vision_msgs/msg/detail/bounding_box2_d_array__rosidl_typesupport_introspection_c.h
[13.511s] -- Up-to-date: /workspaces/isaac_ros-dev/install/vision_msgs/include/vision_msgs/vision_msgs/msg/detail/detection2_d_array__type_support.c
[13.512s] -- Up-to-date: /workspaces/isaac_ros-dev/install/vision_msgs/include/vision_msgs/vision_msgs/msg/detail/detection3_d__rosidl_typesupport_introspection_c.h
[13.513s] -- Up-to-date: /workspaces/isaac_ros-dev/install/vision_msgs/include/vision_msgs/vision_msgs/msg/detail/detection2_d__rosidl_typesupport_introspection_c.h
[13.514s] -- Up-to-date: /workspaces/isaac_ros-dev/install/vision_msgs/include/vision_msgs/vision_msgs/msg/detail/object_hypothesis__type_support.c
[13.515s] -- Up-to-date: /workspaces/isaac_ros-dev/install/vision_msgs/include/vision_msgs/vision_msgs/msg/detail/bounding_box3_d__rosidl_typesupport_introspection_c.h
[13.517s] -- Up-to-date: /workspaces/isaac_ros-dev/install/vision_msgs/include/vision_msgs/vision_msgs/msg/detail/vision_info__rosidl_typesupport_introspection_c.h
[13.518s] -- Up-to-date: /workspaces/isaac_ros-dev/install/vision_msgs/include/vision_msgs/vision_msgs/msg/detail/point2_d__rosidl_typesupport_introspection_c.h
[13.519s] -- Up-to-date: /workspaces/isaac_ros-dev/install/vision_msgs/include/vision_msgs/vision_msgs/msg/detail/label_info__rosidl_typesupport_introspection_c.h
[13.525s] -- Up-to-date: /workspaces/isaac_ros-dev/install/vision_msgs/include/vision_msgs/vision_msgs/msg/detail/detection3_d_array__type_support.c
[13.527s] -- Up-to-date: /workspaces/isaac_ros-dev/install/vision_msgs/include/vision_msgs/vision_msgs/msg/detail/classification__rosidl_typesupport_introspection_c.h
[13.530s] -- Up-to-date: /workspaces/isaac_ros-dev/install/vision_msgs/include/vision_msgs/vision_msgs/msg/detail/label_info__type_support.c
[13.550s] -- Up-to-date: /workspaces/isaac_ros-dev/install/vision_msgs/include/vision_msgs/vision_msgs/msg/detail/object_hypothesis__rosidl_typesupport_introspection_c.h
[13.555s] -- Up-to-date: /workspaces/isaac_ros-dev/install/vision_msgs/include/vision_msgs/vision_msgs/msg/detail/bounding_box3_d__type_support.c
[13.556s] -- Up-to-date: /workspaces/isaac_ros-dev/install/vision_msgs/include/vision_msgs/vision_msgs/msg/detail/object_hypothesis_with_pose__type_support.c
[13.557s] -- Up-to-date: /workspaces/isaac_ros-dev/install/vision_msgs/include/vision_msgs/vision_msgs/msg/detail/point2_d__type_support.c
[13.561s] -- Up-to-date: /workspaces/isaac_ros-dev/install/vision_msgs/include/vision_msgs/vision_msgs/msg/rosidl_typesupport_introspection_c__visibility_control.h
[13.564s] -- Up-to-date: /workspaces/isaac_ros-dev/install/vision_msgs/lib/libvision_msgs__rosidl_typesupport_introspection_c.so
[13.567s] -- Up-to-date: /workspaces/isaac_ros-dev/install/vision_msgs/lib/libvision_msgs__rosidl_typesupport_c.so
[13.568s] -- Up-to-date: /workspaces/isaac_ros-dev/install/vision_msgs/include/vision_msgs/vision_msgs
[13.569s] -- Up-to-date: /workspaces/isaac_ros-dev/install/vision_msgs/include/vision_msgs/vision_msgs/msg
[13.571s] -- Up-to-date: /workspaces/isaac_ros-dev/install/vision_msgs/include/vision_msgs/vision_msgs/msg/detail
[13.578s] -- Up-to-date: /workspaces/isaac_ros-dev/install/vision_msgs/include/vision_msgs/vision_msgs/msg/detail/vision_class__type_support.cpp
[13.584s] -- Up-to-date: /workspaces/isaac_ros-dev/install/vision_msgs/include/vision_msgs/vision_msgs/msg/detail/vision_info__rosidl_typesupport_introspection_cpp.hpp
[13.594s] -- Up-to-date: /workspaces/isaac_ros-dev/install/vision_msgs/include/vision_msgs/vision_msgs/msg/detail/point2_d__rosidl_typesupport_introspection_cpp.hpp
[13.609s] -- Up-to-date: /workspaces/isaac_ros-dev/install/vision_msgs/include/vision_msgs/vision_msgs/msg/detail/bounding_box2_d__rosidl_typesupport_introspection_cpp.hpp
[13.610s] -- Up-to-date: /workspaces/isaac_ros-dev/install/vision_msgs/include/vision_msgs/vision_msgs/msg/detail/object_hypothesis__type_support.cpp
[13.611s] -- Up-to-date: /workspaces/isaac_ros-dev/install/vision_msgs/include/vision_msgs/vision_msgs/msg/detail/detection3_d_array__type_support.cpp
[13.611s] -- Up-to-date: /workspaces/isaac_ros-dev/install/vision_msgs/include/vision_msgs/vision_msgs/msg/detail/object_hypothesis_with_pose__rosidl_typesupport_introspection_cpp.hpp
[13.611s] -- Up-to-date: /workspaces/isaac_ros-dev/install/vision_msgs/include/vision_msgs/vision_msgs/msg/detail/label_info__type_support.cpp
[13.612s] -- Up-to-date: /workspaces/isaac_ros-dev/install/vision_msgs/include/vision_msgs/vision_msgs/msg/detail/bounding_box2_d_array__type_support.cpp
[13.612s] -- Up-to-date: /workspaces/isaac_ros-dev/install/vision_msgs/include/vision_msgs/vision_msgs/msg/detail/classification__type_support.cpp
[13.612s] -- Up-to-date: /workspaces/isaac_ros-dev/install/vision_msgs/include/vision_msgs/vision_msgs/msg/detail/detection2_d__rosidl_typesupport_introspection_cpp.hpp
[13.612s] -- Up-to-date: /workspaces/isaac_ros-dev/install/vision_msgs/include/vision_msgs/vision_msgs/msg/detail/detection2_d_array__type_support.cpp
[13.613s] -- Up-to-date: /workspaces/isaac_ros-dev/install/vision_msgs/include/vision_msgs/vision_msgs/msg/detail/detection2_d__type_support.cpp
[13.613s] -- Up-to-date: /workspaces/isaac_ros-dev/install/vision_msgs/include/vision_msgs/vision_msgs/msg/detail/detection3_d_array__rosidl_typesupport_introspection_cpp.hpp
[13.613s] -- Up-to-date: /workspaces/isaac_ros-dev/install/vision_msgs/include/vision_msgs/vision_msgs/msg/detail/object_hypothesis__rosidl_typesupport_introspection_cpp.hpp
[13.614s] -- Up-to-date: /workspaces/isaac_ros-dev/install/vision_msgs/include/vision_msgs/vision_msgs/msg/detail/bounding_box2_d_array__rosidl_typesupport_introspection_cpp.hpp
[13.614s] -- Up-to-date: /workspaces/isaac_ros-dev/install/vision_msgs/include/vision_msgs/vision_msgs/msg/detail/pose2_d__rosidl_typesupport_introspection_cpp.hpp
[13.614s] -- Up-to-date: /workspaces/isaac_ros-dev/install/vision_msgs/include/vision_msgs/vision_msgs/msg/detail/pose2_d__type_support.cpp
[13.615s] -- Up-to-date: /workspaces/isaac_ros-dev/install/vision_msgs/include/vision_msgs/vision_msgs/msg/detail/object_hypothesis_with_pose__type_support.cpp
[13.615s] -- Up-to-date: /workspaces/isaac_ros-dev/install/vision_msgs/include/vision_msgs/vision_msgs/msg/detail/bounding_box3_d__type_support.cpp
[13.615s] -- Up-to-date: /workspaces/isaac_ros-dev/install/vision_msgs/include/vision_msgs/vision_msgs/msg/detail/detection3_d__type_support.cpp
[13.616s] -- Up-to-date: /workspaces/isaac_ros-dev/install/vision_msgs/include/vision_msgs/vision_msgs/msg/detail/classification__rosidl_typesupport_introspection_cpp.hpp
[13.616s] -- Up-to-date: /workspaces/isaac_ros-dev/install/vision_msgs/include/vision_msgs/vision_msgs/msg/detail/detection3_d__rosidl_typesupport_introspection_cpp.hpp
[13.617s] -- Up-to-date: /workspaces/isaac_ros-dev/install/vision_msgs/include/vision_msgs/vision_msgs/msg/detail/vision_info__type_support.cpp
[13.617s] -- Up-to-date: /workspaces/isaac_ros-dev/install/vision_msgs/include/vision_msgs/vision_msgs/msg/detail/bounding_box3_d__rosidl_typesupport_introspection_cpp.hpp
[13.622s] -- Up-to-date: /workspaces/isaac_ros-dev/install/vision_msgs/include/vision_msgs/vision_msgs/msg/detail/label_info__rosidl_typesupport_introspection_cpp.hpp
[13.623s] -- Up-to-date: /workspaces/isaac_ros-dev/install/vision_msgs/include/vision_msgs/vision_msgs/msg/detail/vision_class__rosidl_typesupport_introspection_cpp.hpp
[13.634s] -- Up-to-date: /workspaces/isaac_ros-dev/install/vision_msgs/include/vision_msgs/vision_msgs/msg/detail/bounding_box3_d_array__rosidl_typesupport_introspection_cpp.hpp
[13.637s] -- Up-to-date: /workspaces/isaac_ros-dev/install/vision_msgs/include/vision_msgs/vision_msgs/msg/detail/detection2_d_array__rosidl_typesupport_introspection_cpp.hpp
[13.638s] -- Up-to-date: /workspaces/isaac_ros-dev/install/vision_msgs/include/vision_msgs/vision_msgs/msg/detail/bounding_box3_d_array__type_support.cpp
[13.639s] -- Up-to-date: /workspaces/isaac_ros-dev/install/vision_msgs/include/vision_msgs/vision_msgs/msg/detail/bounding_box2_d__type_support.cpp
[13.639s] -- Up-to-date: /workspaces/isaac_ros-dev/install/vision_msgs/include/vision_msgs/vision_msgs/msg/detail/point2_d__type_support.cpp
[13.640s] -- Up-to-date: /workspaces/isaac_ros-dev/install/vision_msgs/lib/libvision_msgs__rosidl_typesupport_introspection_cpp.so
[13.640s] -- Up-to-date: /workspaces/isaac_ros-dev/install/vision_msgs/lib/libvision_msgs__rosidl_typesupport_cpp.so
[13.641s] -- Up-to-date: /workspaces/isaac_ros-dev/install/vision_msgs/share/vision_msgs/environment/pythonpath.sh
[13.642s] -- Up-to-date: /workspaces/isaac_ros-dev/install/vision_msgs/share/vision_msgs/environment/pythonpath.dsv
[13.642s] -- Up-to-date: /workspaces/isaac_ros-dev/install/vision_msgs/lib/python3.8/site-packages/vision_msgs-4.1.0-py3.8.egg-info
[13.643s] -- Installing: /workspaces/isaac_ros-dev/install/vision_msgs/lib/python3.8/site-packages/vision_msgs-4.1.0-py3.8.egg-info/top_level.txt
[13.643s] -- Installing: /workspaces/isaac_ros-dev/install/vision_msgs/lib/python3.8/site-packages/vision_msgs-4.1.0-py3.8.egg-info/dependency_links.txt
[13.643s] -- Installing: /workspaces/isaac_ros-dev/install/vision_msgs/lib/python3.8/site-packages/vision_msgs-4.1.0-py3.8.egg-info/SOURCES.txt
[13.644s] -- Installing: /workspaces/isaac_ros-dev/install/vision_msgs/lib/python3.8/site-packages/vision_msgs-4.1.0-py3.8.egg-info/PKG-INFO
[13.645s] -- Up-to-date: /workspaces/isaac_ros-dev/install/vision_msgs/lib/python3.8/site-packages/vision_msgs
[13.646s] -- Up-to-date: /workspaces/isaac_ros-dev/install/vision_msgs/lib/python3.8/site-packages/vision_msgs/__init__.py
[13.646s] -- Up-to-date: /workspaces/isaac_ros-dev/install/vision_msgs/lib/python3.8/site-packages/vision_msgs/vision_msgs_s__rosidl_typesupport_fastrtps_c.cpython-38-aarch64-linux-gnu.so
[13.647s] -- Up-to-date: /workspaces/isaac_ros-dev/install/vision_msgs/lib/python3.8/site-packages/vision_msgs/vision_msgs_s__rosidl_typesupport_introspection_c.cpython-38-aarch64-linux-gnu.so
[13.647s] -- Up-to-date: /workspaces/isaac_ros-dev/install/vision_msgs/lib/python3.8/site-packages/vision_msgs/vision_msgs_s__rosidl_typesupport_c.cpython-38-aarch64-linux-gnu.so
[13.647s] -- Up-to-date: /workspaces/isaac_ros-dev/install/vision_msgs/lib/python3.8/site-packages/vision_msgs/msg
[13.649s] -- Up-to-date: /workspaces/isaac_ros-dev/install/vision_msgs/lib/python3.8/site-packages/vision_msgs/msg/_bounding_box2_d_array.py
[13.649s] -- Up-to-date: /workspaces/isaac_ros-dev/install/vision_msgs/lib/python3.8/site-packages/vision_msgs/msg/__init__.py
[13.650s] -- Up-to-date: /workspaces/isaac_ros-dev/install/vision_msgs/lib/python3.8/site-packages/vision_msgs/msg/_object_hypothesis_with_pose.py
[13.656s] -- Up-to-date: /workspaces/isaac_ros-dev/install/vision_msgs/lib/python3.8/site-packages/vision_msgs/msg/_label_info.py
[13.662s] -- Up-to-date: /workspaces/isaac_ros-dev/install/vision_msgs/lib/python3.8/site-packages/vision_msgs/msg/_vision_class.py
[13.663s] -- Up-to-date: /workspaces/isaac_ros-dev/install/vision_msgs/lib/python3.8/site-packages/vision_msgs/msg/_vision_class_s.c
[13.664s] -- Up-to-date: /workspaces/isaac_ros-dev/install/vision_msgs/lib/python3.8/site-packages/vision_msgs/msg/_bounding_box2_d.py
[13.664s] -- Up-to-date: /workspaces/isaac_ros-dev/install/vision_msgs/lib/python3.8/site-packages/vision_msgs/msg/_object_hypothesis_s.c
[13.665s] -- Up-to-date: /workspaces/isaac_ros-dev/install/vision_msgs/lib/python3.8/site-packages/vision_msgs/msg/_bounding_box2_d_s.c
[13.665s] -- Up-to-date: /workspaces/isaac_ros-dev/install/vision_msgs/lib/python3.8/site-packages/vision_msgs/msg/_pose2_d_s.c
[13.667s] -- Up-to-date: /workspaces/isaac_ros-dev/install/vision_msgs/lib/python3.8/site-packages/vision_msgs/msg/_bounding_box3_d_s.c
[13.668s] -- Up-to-date: /workspaces/isaac_ros-dev/install/vision_msgs/lib/python3.8/site-packages/vision_msgs/msg/_vision_info.py
[13.669s] -- Up-to-date: /workspaces/isaac_ros-dev/install/vision_msgs/lib/python3.8/site-packages/vision_msgs/msg/_label_info_s.c
[13.669s] -- Up-to-date: /workspaces/isaac_ros-dev/install/vision_msgs/lib/python3.8/site-packages/vision_msgs/msg/_detection2_d_array.py
[13.669s] -- Up-to-date: /workspaces/isaac_ros-dev/install/vision_msgs/lib/python3.8/site-packages/vision_msgs/msg/_bounding_box2_d_array_s.c
[13.669s] -- Up-to-date: /workspaces/isaac_ros-dev/install/vision_msgs/lib/python3.8/site-packages/vision_msgs/msg/_object_hypothesis_with_pose_s.c
[13.670s] -- Up-to-date: /workspaces/isaac_ros-dev/install/vision_msgs/lib/python3.8/site-packages/vision_msgs/msg/_detection3_d_array_s.c
[13.671s] -- Up-to-date: /workspaces/isaac_ros-dev/install/vision_msgs/lib/python3.8/site-packages/vision_msgs/msg/_detection3_d_s.c
[13.672s] -- Up-to-date: /workspaces/isaac_ros-dev/install/vision_msgs/lib/python3.8/site-packages/vision_msgs/msg/_detection3_d.py
[13.673s] -- Up-to-date: /workspaces/isaac_ros-dev/install/vision_msgs/lib/python3.8/site-packages/vision_msgs/msg/_bounding_box3_d_array_s.c
[13.674s] -- Up-to-date: /workspaces/isaac_ros-dev/install/vision_msgs/lib/python3.8/site-packages/vision_msgs/msg/_classification_s.c
[13.675s] -- Up-to-date: /workspaces/isaac_ros-dev/install/vision_msgs/lib/python3.8/site-packages/vision_msgs/msg/_vision_info_s.c
[13.685s] -- Up-to-date: /workspaces/isaac_ros-dev/install/vision_msgs/lib/python3.8/site-packages/vision_msgs/msg/_detection2_d_array_s.c
[13.687s] -- Up-to-date: /workspaces/isaac_ros-dev/install/vision_msgs/lib/python3.8/site-packages/vision_msgs/msg/_object_hypothesis.py
[13.688s] -- Up-to-date: /workspaces/isaac_ros-dev/install/vision_msgs/lib/python3.8/site-packages/vision_msgs/msg/_bounding_box3_d.py
[13.689s] -- Up-to-date: /workspaces/isaac_ros-dev/install/vision_msgs/lib/python3.8/site-packages/vision_msgs/msg/_detection2_d_s.c
[13.690s] -- Up-to-date: /workspaces/isaac_ros-dev/install/vision_msgs/lib/python3.8/site-packages/vision_msgs/msg/_detection2_d.py
[13.691s] -- Up-to-date: /workspaces/isaac_ros-dev/install/vision_msgs/lib/python3.8/site-packages/vision_msgs/msg/_classification.py
[13.691s] -- Up-to-date: /workspaces/isaac_ros-dev/install/vision_msgs/lib/python3.8/site-packages/vision_msgs/msg/_pose2_d.py
[13.692s] -- Up-to-date: /workspaces/isaac_ros-dev/install/vision_msgs/lib/python3.8/site-packages/vision_msgs/msg/_detection3_d_array.py
[13.693s] -- Up-to-date: /workspaces/isaac_ros-dev/install/vision_msgs/lib/python3.8/site-packages/vision_msgs/msg/_point2_d.py
[13.694s] -- Up-to-date: /workspaces/isaac_ros-dev/install/vision_msgs/lib/python3.8/site-packages/vision_msgs/msg/_point2_d_s.c
[13.694s] -- Up-to-date: /workspaces/isaac_ros-dev/install/vision_msgs/lib/python3.8/site-packages/vision_msgs/msg/_bounding_box3_d_array.py
[13.706s] -- Up-to-date: /workspaces/isaac_ros-dev/install/vision_msgs/lib/python3.8/site-packages/vision_msgs/_vision_msgs_s.ep.rosidl_typesupport_c.c
[13.707s] -- Up-to-date: /workspaces/isaac_ros-dev/install/vision_msgs/lib/python3.8/site-packages/vision_msgs/_vision_msgs_s.ep.rosidl_typesupport_introspection_c.c
[13.709s] -- Up-to-date: /workspaces/isaac_ros-dev/install/vision_msgs/lib/python3.8/site-packages/vision_msgs/_vision_msgs_s.ep.rosidl_typesupport_fastrtps_c.c
[13.709s] -- Up-to-date: /workspaces/isaac_ros-dev/install/vision_msgs/lib/python3.8/site-packages/vision_msgs/libvision_msgs__rosidl_generator_py.so
[13.757s] Listing '/workspaces/isaac_ros-dev/install/vision_msgs/lib/python3.8/site-packages/vision_msgs'...
[13.758s] Listing '/workspaces/isaac_ros-dev/install/vision_msgs/lib/python3.8/site-packages/vision_msgs/msg'...
[13.758s] -- Up-to-date: /workspaces/isaac_ros-dev/install/vision_msgs/lib/python3.8/site-packages/vision_msgs/vision_msgs_s__rosidl_typesupport_fastrtps_c.cpython-38-aarch64-linux-gnu.so
[13.768s] -- Up-to-date: /workspaces/isaac_ros-dev/install/vision_msgs/lib/python3.8/site-packages/vision_msgs/vision_msgs_s__rosidl_typesupport_introspection_c.cpython-38-aarch64-linux-gnu.so
[13.769s] -- Up-to-date: /workspaces/isaac_ros-dev/install/vision_msgs/lib/python3.8/site-packages/vision_msgs/vision_msgs_s__rosidl_typesupport_c.cpython-38-aarch64-linux-gnu.so
[13.769s] -- Up-to-date: /workspaces/isaac_ros-dev/install/vision_msgs/lib/libvision_msgs__rosidl_generator_py.so
[13.769s] -- Up-to-date: /workspaces/isaac_ros-dev/install/vision_msgs/share/vision_msgs/msg/BoundingBox2D.idl
[13.770s] -- Up-to-date: /workspaces/isaac_ros-dev/install/vision_msgs/share/vision_msgs/msg/BoundingBox2DArray.idl
[13.772s] -- Up-to-date: /workspaces/isaac_ros-dev/install/vision_msgs/share/vision_msgs/msg/BoundingBox3D.idl
[13.772s] -- Up-to-date: /workspaces/isaac_ros-dev/install/vision_msgs/share/vision_msgs/msg/BoundingBox3DArray.idl
[13.773s] -- Up-to-date: /workspaces/isaac_ros-dev/install/vision_msgs/share/vision_msgs/msg/Classification.idl
[13.773s] -- Up-to-date: /workspaces/isaac_ros-dev/install/vision_msgs/share/vision_msgs/msg/Detection2DArray.idl
[13.773s] -- Up-to-date: /workspaces/isaac_ros-dev/install/vision_msgs/share/vision_msgs/msg/Detection2D.idl
[13.773s] -- Up-to-date: /workspaces/isaac_ros-dev/install/vision_msgs/share/vision_msgs/msg/Detection3DArray.idl
[13.774s] -- Up-to-date: /workspaces/isaac_ros-dev/install/vision_msgs/share/vision_msgs/msg/Detection3D.idl
[13.774s] -- Up-to-date: /workspaces/isaac_ros-dev/install/vision_msgs/share/vision_msgs/msg/LabelInfo.idl
[13.774s] -- Up-to-date: /workspaces/isaac_ros-dev/install/vision_msgs/share/vision_msgs/msg/ObjectHypothesis.idl
[13.775s] -- Up-to-date: /workspaces/isaac_ros-dev/install/vision_msgs/share/vision_msgs/msg/ObjectHypothesisWithPose.idl
[13.777s] -- Up-to-date: /workspaces/isaac_ros-dev/install/vision_msgs/share/vision_msgs/msg/VisionClass.idl
[13.778s] -- Up-to-date: /workspaces/isaac_ros-dev/install/vision_msgs/share/vision_msgs/msg/Point2D.idl
[13.786s] -- Up-to-date: /workspaces/isaac_ros-dev/install/vision_msgs/share/vision_msgs/msg/Pose2D.idl
[13.787s] -- Up-to-date: /workspaces/isaac_ros-dev/install/vision_msgs/share/vision_msgs/msg/VisionInfo.idl
[13.787s] -- Up-to-date: /workspaces/isaac_ros-dev/install/vision_msgs/share/vision_msgs/msg/BoundingBox2D.msg
[13.788s] -- Up-to-date: /workspaces/isaac_ros-dev/install/vision_msgs/share/vision_msgs/msg/BoundingBox2DArray.msg
[13.788s] -- Up-to-date: /workspaces/isaac_ros-dev/install/vision_msgs/share/vision_msgs/msg/BoundingBox3D.msg
[13.788s] -- Up-to-date: /workspaces/isaac_ros-dev/install/vision_msgs/share/vision_msgs/msg/BoundingBox3DArray.msg
[13.788s] -- Up-to-date: /workspaces/isaac_ros-dev/install/vision_msgs/share/vision_msgs/msg/Classification.msg
[13.789s] -- Up-to-date: /workspaces/isaac_ros-dev/install/vision_msgs/share/vision_msgs/msg/Detection2DArray.msg
[13.789s] -- Up-to-date: /workspaces/isaac_ros-dev/install/vision_msgs/share/vision_msgs/msg/Detection2D.msg
[13.789s] -- Up-to-date: /workspaces/isaac_ros-dev/install/vision_msgs/share/vision_msgs/msg/Detection3DArray.msg
[13.789s] -- Up-to-date: /workspaces/isaac_ros-dev/install/vision_msgs/share/vision_msgs/msg/Detection3D.msg
[13.790s] -- Up-to-date: /workspaces/isaac_ros-dev/install/vision_msgs/share/vision_msgs/msg/LabelInfo.msg
[13.790s] -- Up-to-date: /workspaces/isaac_ros-dev/install/vision_msgs/share/vision_msgs/msg/ObjectHypothesis.msg
[13.791s] -- Up-to-date: /workspaces/isaac_ros-dev/install/vision_msgs/share/vision_msgs/msg/ObjectHypothesisWithPose.msg
[13.791s] -- Up-to-date: /workspaces/isaac_ros-dev/install/vision_msgs/share/vision_msgs/msg/VisionClass.msg
[13.792s] -- Up-to-date: /workspaces/isaac_ros-dev/install/vision_msgs/share/vision_msgs/msg/Point2D.msg
[13.792s] -- Up-to-date: /workspaces/isaac_ros-dev/install/vision_msgs/share/vision_msgs/msg/Pose2D.msg
[13.792s] -- Up-to-date: /workspaces/isaac_ros-dev/install/vision_msgs/share/vision_msgs/msg/VisionInfo.msg
[13.792s] -- Up-to-date: /workspaces/isaac_ros-dev/install/vision_msgs/include/vision_msgs
[13.793s] -- Up-to-date: /workspaces/isaac_ros-dev/install/vision_msgs/include/vision_msgs/create_aabb.hpp
[13.793s] -- Up-to-date: /workspaces/isaac_ros-dev/install/vision_msgs/share/ament_index/resource_index/package_run_dependencies/vision_msgs
[13.793s] -- Up-to-date: /workspaces/isaac_ros-dev/install/vision_msgs/share/ament_index/resource_index/parent_prefix_path/vision_msgs
[13.793s] -- Up-to-date: /workspaces/isaac_ros-dev/install/vision_msgs/share/vision_msgs/environment/ament_prefix_path.sh
[13.794s] -- Up-to-date: /workspaces/isaac_ros-dev/install/vision_msgs/share/vision_msgs/environment/ament_prefix_path.dsv
[13.794s] -- Up-to-date: /workspaces/isaac_ros-dev/install/vision_msgs/share/vision_msgs/environment/path.sh
[13.794s] -- Up-to-date: /workspaces/isaac_ros-dev/install/vision_msgs/share/vision_msgs/environment/path.dsv
[13.795s] -- Up-to-date: /workspaces/isaac_ros-dev/install/vision_msgs/share/vision_msgs/local_setup.bash
[13.795s] -- Up-to-date: /workspaces/isaac_ros-dev/install/vision_msgs/share/vision_msgs/local_setup.sh
[13.795s] -- Up-to-date: /workspaces/isaac_ros-dev/install/vision_msgs/share/vision_msgs/local_setup.zsh
[13.795s] -- Up-to-date: /workspaces/isaac_ros-dev/install/vision_msgs/share/vision_msgs/local_setup.dsv
[13.796s] -- Installing: /workspaces/isaac_ros-dev/install/vision_msgs/share/vision_msgs/package.dsv
[13.796s] -- Up-to-date: /workspaces/isaac_ros-dev/install/vision_msgs/share/ament_index/resource_index/packages/vision_msgs
[13.796s] -- Up-to-date: /workspaces/isaac_ros-dev/install/vision_msgs/share/vision_msgs/cmake/export_vision_msgs__rosidl_generator_cExport.cmake
[13.796s] -- Up-to-date: /workspaces/isaac_ros-dev/install/vision_msgs/share/vision_msgs/cmake/export_vision_msgs__rosidl_generator_cExport-noconfig.cmake
[13.797s] -- Up-to-date: /workspaces/isaac_ros-dev/install/vision_msgs/share/vision_msgs/cmake/export_vision_msgs__rosidl_typesupport_fastrtps_cExport.cmake
[13.797s] -- Up-to-date: /workspaces/isaac_ros-dev/install/vision_msgs/share/vision_msgs/cmake/export_vision_msgs__rosidl_typesupport_fastrtps_cExport-noconfig.cmake
[13.797s] -- Up-to-date: /workspaces/isaac_ros-dev/install/vision_msgs/share/vision_msgs/cmake/export_vision_msgs__rosidl_generator_cppExport.cmake
[13.797s] -- Up-to-date: /workspaces/isaac_ros-dev/install/vision_msgs/share/vision_msgs/cmake/export_vision_msgs__rosidl_typesupport_fastrtps_cppExport.cmake
[13.798s] -- Up-to-date: /workspaces/isaac_ros-dev/install/vision_msgs/share/vision_msgs/cmake/export_vision_msgs__rosidl_typesupport_fastrtps_cppExport-noconfig.cmake
[13.798s] -- Up-to-date: /workspaces/isaac_ros-dev/install/vision_msgs/share/vision_msgs/cmake/vision_msgs__rosidl_typesupport_introspection_cExport.cmake
[13.798s] -- Up-to-date: /workspaces/isaac_ros-dev/install/vision_msgs/share/vision_msgs/cmake/vision_msgs__rosidl_typesupport_introspection_cExport-noconfig.cmake
[13.799s] -- Up-to-date: /workspaces/isaac_ros-dev/install/vision_msgs/share/vision_msgs/cmake/vision_msgs__rosidl_typesupport_cExport.cmake
[13.799s] -- Up-to-date: /workspaces/isaac_ros-dev/install/vision_msgs/share/vision_msgs/cmake/vision_msgs__rosidl_typesupport_cExport-noconfig.cmake
[13.799s] -- Up-to-date: /workspaces/isaac_ros-dev/install/vision_msgs/share/vision_msgs/cmake/vision_msgs__rosidl_typesupport_introspection_cppExport.cmake
[13.799s] -- Up-to-date: /workspaces/isaac_ros-dev/install/vision_msgs/share/vision_msgs/cmake/vision_msgs__rosidl_typesupport_introspection_cppExport-noconfig.cmake
[13.800s] -- Up-to-date: /workspaces/isaac_ros-dev/install/vision_msgs/share/vision_msgs/cmake/vision_msgs__rosidl_typesupport_cppExport.cmake
[13.800s] -- Up-to-date: /workspaces/isaac_ros-dev/install/vision_msgs/share/vision_msgs/cmake/vision_msgs__rosidl_typesupport_cppExport-noconfig.cmake
[13.800s] -- Up-to-date: /workspaces/isaac_ros-dev/install/vision_msgs/share/vision_msgs/cmake/export_vision_msgs__rosidl_generator_pyExport.cmake
[13.800s] -- Up-to-date: /workspaces/isaac_ros-dev/install/vision_msgs/share/vision_msgs/cmake/export_vision_msgs__rosidl_generator_pyExport-noconfig.cmake
[13.801s] -- Up-to-date: /workspaces/isaac_ros-dev/install/vision_msgs/share/vision_msgs/cmake/rosidl_cmake-extras.cmake
[13.801s] -- Up-to-date: /workspaces/isaac_ros-dev/install/vision_msgs/share/vision_msgs/cmake/ament_cmake_export_dependencies-extras.cmake
[13.801s] -- Up-to-date: /workspaces/isaac_ros-dev/install/vision_msgs/share/vision_msgs/cmake/ament_cmake_export_include_directories-extras.cmake
[13.801s] -- Up-to-date: /workspaces/isaac_ros-dev/install/vision_msgs/share/vision_msgs/cmake/ament_cmake_export_libraries-extras.cmake
[13.802s] -- Up-to-date: /workspaces/isaac_ros-dev/install/vision_msgs/share/vision_msgs/cmake/ament_cmake_export_targets-extras.cmake
[13.802s] -- Up-to-date: /workspaces/isaac_ros-dev/install/vision_msgs/share/vision_msgs/cmake/rosidl_cmake_export_typesupport_targets-extras.cmake
[13.802s] -- Up-to-date: /workspaces/isaac_ros-dev/install/vision_msgs/share/vision_msgs/cmake/rosidl_cmake_export_typesupport_libraries-extras.cmake
[13.803s] -- Up-to-date: /workspaces/isaac_ros-dev/install/vision_msgs/share/vision_msgs/cmake/vision_msgsConfig.cmake
[13.803s] -- Up-to-date: /workspaces/isaac_ros-dev/install/vision_msgs/share/vision_msgs/cmake/vision_msgsConfig-version.cmake
[13.803s] -- Up-to-date: /workspaces/isaac_ros-dev/install/vision_msgs/share/vision_msgs/package.xml
[15.400s] Invoked command in '/workspaces/isaac_ros-dev/build/vision_msgs' returned '0': CMAKE_PREFIX_PATH=/workspaces/isaac_ros-dev/install/yolov8_bringup:/workspaces/isaac_ros-dev/install/multisense_ros:/workspaces/isaac_ros-dev/install/xacro:/workspaces/isaac_ros-dev/install/vision_msgs_rviz_plugins:/workspaces/isaac_ros-dev/install/vision_msgs:/workspaces/isaac_ros-dev/install/velodyne:/workspaces/isaac_ros-dev/install/velodyne_pointcloud:/workspaces/isaac_ros-dev/install/velodyne_driver:/workspaces/isaac_ros-dev/install/velodyne_msgs:/workspaces/isaac_ros-dev/install/velodyne_laserscan:/workspaces/isaac_ros-dev/install/vectornav:/workspaces/isaac_ros-dev/install/sdv_localization:/workspaces/isaac_ros-dev/install/vectornav_msgs:/workspaces/isaac_ros-dev/install/slam_toolbox:/workspaces/isaac_ros-dev/install/sdv_msg:/workspaces/isaac_ros-dev/install/sdv_localization_msgs:/workspaces/isaac_ros-dev/install/pointcloud_to_laserscan:/workspaces/isaac_ros-dev/install/my_package:/workspaces/isaac_ros-dev/install/multisense_msgs:/workspaces/isaac_ros-dev/install/multisense_lib:/workspaces/isaac_ros-dev/install/isaac_ros_visual_slam:/workspaces/isaac_ros-dev/install/isaac_ros_visual_slam_interfaces:/workspaces/isaac_ros-dev/install/isaac_ros_tensor_list_interfaces:/workspaces/isaac_ros-dev/install/isaac_ros_common:/workspaces/isaac_ros-dev/install/isaac_ros_bi3d_interfaces:/workspaces/isaac_ros-dev/install/isaac_ros_apriltag_interfaces:/workspaces/isaac_ros-dev/install/yolov8_ros:/workspaces/isaac_ros-dev/install/xbox_controller:/workspaces/isaac_ros-dev/install/panel:/workspaces/isaac_ros-dev/install/isaac_ros_test:/workspaces/isaac_ros-dev/install/encoder:/opt/ros/humble/install /usr/bin/cmake --install /workspaces/isaac_ros-dev/build/vision_msgs
