[5.710s] Invoking command in '/workspaces/isaac_ros-dev/src/encoder': PYTHONPATH=/workspaces/isaac_ros-dev/install/encoder/lib/python3.8/site-packages:${PYTHONPATH} /usr/bin/python3 setup.py egg_info --egg-base ../../build/encoder build --build-base /workspaces/isaac_ros-dev/build/encoder/build install --prefix /workspaces/isaac_ros-dev/install/encoder --record /workspaces/isaac_ros-dev/build/encoder/install.log --single-version-externally-managed
[7.763s] running egg_info
[7.846s] writing ../../build/encoder/encoder.egg-info/PKG-INFO
[7.846s] writing dependency_links to ../../build/encoder/encoder.egg-info/dependency_links.txt
[7.847s] writing entry points to ../../build/encoder/encoder.egg-info/entry_points.txt
[7.847s] writing requirements to ../../build/encoder/encoder.egg-info/requires.txt
[7.847s] writing top-level names to ../../build/encoder/encoder.egg-info/top_level.txt
[7.951s] reading manifest file '../../build/encoder/encoder.egg-info/SOURCES.txt'
[7.954s] writing manifest file '../../build/encoder/encoder.egg-info/SOURCES.txt'
[7.954s] running build
[7.955s] running build_py
[7.957s] running install
[7.975s] running install_lib
[8.032s] running install_data
[8.086s] running install_egg_info
[8.143s] removing '/workspaces/isaac_ros-dev/install/encoder/lib/python3.8/site-packages/encoder-0.0.0-py3.8.egg-info' (and everything under it)
[8.144s] Copying ../../build/encoder/encoder.egg-info to /workspaces/isaac_ros-dev/install/encoder/lib/python3.8/site-packages/encoder-0.0.0-py3.8.egg-info
[8.151s] running install_scripts
[8.389s] Installing encoder_rm script to /workspaces/isaac_ros-dev/install/encoder/lib/encoder
[8.390s] writing list of installed files to '/workspaces/isaac_ros-dev/build/encoder/install.log'
[9.437s] Invoked command in '/workspaces/isaac_ros-dev/src/encoder' returned '0': PYTHONPATH=/workspaces/isaac_ros-dev/install/encoder/lib/python3.8/site-packages:${PYTHONPATH} /usr/bin/python3 setup.py egg_info --egg-base ../../build/encoder build --build-base /workspaces/isaac_ros-dev/build/encoder/build install --prefix /workspaces/isaac_ros-dev/install/encoder --record /workspaces/isaac_ros-dev/build/encoder/install.log --single-version-externally-managed
