[0.330s] Invoking command in '/workspaces/isaac_ros-dev/build/isaac_ros_bi3d_interfaces': CMAKE_PREFIX_PATH=/workspaces/isaac_ros-dev/install/yolov8_bringup:/workspaces/isaac_ros-dev/install/multisense_ros:/workspaces/isaac_ros-dev/install/xacro:/workspaces/isaac_ros-dev/install/vision_msgs_rviz_plugins:/workspaces/isaac_ros-dev/install/vision_msgs:/workspaces/isaac_ros-dev/install/velodyne:/workspaces/isaac_ros-dev/install/velodyne_pointcloud:/workspaces/isaac_ros-dev/install/velodyne_driver:/workspaces/isaac_ros-dev/install/velodyne_msgs:/workspaces/isaac_ros-dev/install/velodyne_laserscan:/workspaces/isaac_ros-dev/install/vectornav:/workspaces/isaac_ros-dev/install/sdv_localization:/workspaces/isaac_ros-dev/install/vectornav_msgs:/workspaces/isaac_ros-dev/install/slam_toolbox:/workspaces/isaac_ros-dev/install/sdv_msg:/workspaces/isaac_ros-dev/install/sdv_localization_msgs:/workspaces/isaac_ros-dev/install/pointcloud_to_laserscan:/workspaces/isaac_ros-dev/install/my_package:/workspaces/isaac_ros-dev/install/multisense_msgs:/workspaces/isaac_ros-dev/install/multisense_lib:/workspaces/isaac_ros-dev/install/isaac_ros_visual_slam:/workspaces/isaac_ros-dev/install/isaac_ros_visual_slam_interfaces:/workspaces/isaac_ros-dev/install/isaac_ros_tensor_list_interfaces:/workspaces/isaac_ros-dev/install/isaac_ros_common:/workspaces/isaac_ros-dev/install/isaac_ros_bi3d_interfaces:/workspaces/isaac_ros-dev/install/isaac_ros_apriltag_interfaces:/workspaces/isaac_ros-dev/install/yolov8_ros:/workspaces/isaac_ros-dev/install/xbox_controller:/workspaces/isaac_ros-dev/install/panel:/workspaces/isaac_ros-dev/install/isaac_ros_test:/workspaces/isaac_ros-dev/install/encoder:/opt/ros/humble/install /usr/bin/cmake --build /workspaces/isaac_ros-dev/build/isaac_ros_bi3d_interfaces -- -j8 -l8
[0.671s] [  9%] Built target isaac_ros_bi3d_interfaces__rosidl_generator_c
[0.738s] [ 12%] Built target isaac_ros_bi3d_interfaces__cpp
[0.758s] [ 12%] Built target ament_cmake_python_copy_isaac_ros_bi3d_interfaces
[0.911s] [ 22%] Built target isaac_ros_bi3d_interfaces__rosidl_typesupport_introspection_c
[0.943s] [ 32%] Built target isaac_ros_bi3d_interfaces__rosidl_typesupport_c
[0.946s] [ 41%] Built target isaac_ros_bi3d_interfaces__rosidl_typesupport_fastrtps_c
[0.971s] [ 51%] Built target isaac_ros_bi3d_interfaces__rosidl_typesupport_cpp
[0.981s] [ 61%] Built target isaac_ros_bi3d_interfaces__rosidl_typesupport_fastrtps_cpp
[0.988s] [ 70%] Built target isaac_ros_bi3d_interfaces__rosidl_typesupport_introspection_cpp
[1.116s] [ 70%] Built target isaac_ros_bi3d_interfaces
[1.220s] [ 74%] Built target isaac_ros_bi3d_interfaces__py
[1.363s] [ 80%] Built target isaac_ros_bi3d_interfaces__rosidl_generator_py
[1.508s] [ 87%] Built target isaac_ros_bi3d_interfaces__rosidl_typesupport_c__pyext
[1.559s] [ 93%] Built target isaac_ros_bi3d_interfaces__rosidl_typesupport_fastrtps_c__pyext
[1.560s] [100%] Built target isaac_ros_bi3d_interfaces__rosidl_typesupport_introspection_c__pyext
[2.693s] running egg_info
[2.768s] writing isaac_ros_bi3d_interfaces.egg-info/PKG-INFO
[2.771s] writing dependency_links to isaac_ros_bi3d_interfaces.egg-info/dependency_links.txt
[2.771s] writing top-level names to isaac_ros_bi3d_interfaces.egg-info/top_level.txt
[3.009s] reading manifest file 'isaac_ros_bi3d_interfaces.egg-info/SOURCES.txt'
[3.012s] writing manifest file 'isaac_ros_bi3d_interfaces.egg-info/SOURCES.txt'
[3.234s] [100%] Built target ament_cmake_python_build_isaac_ros_bi3d_interfaces_egg
[3.412s] Invoked command in '/workspaces/isaac_ros-dev/build/isaac_ros_bi3d_interfaces' returned '0': CMAKE_PREFIX_PATH=/workspaces/isaac_ros-dev/install/yolov8_bringup:/workspaces/isaac_ros-dev/install/multisense_ros:/workspaces/isaac_ros-dev/install/xacro:/workspaces/isaac_ros-dev/install/vision_msgs_rviz_plugins:/workspaces/isaac_ros-dev/install/vision_msgs:/workspaces/isaac_ros-dev/install/velodyne:/workspaces/isaac_ros-dev/install/velodyne_pointcloud:/workspaces/isaac_ros-dev/install/velodyne_driver:/workspaces/isaac_ros-dev/install/velodyne_msgs:/workspaces/isaac_ros-dev/install/velodyne_laserscan:/workspaces/isaac_ros-dev/install/vectornav:/workspaces/isaac_ros-dev/install/sdv_localization:/workspaces/isaac_ros-dev/install/vectornav_msgs:/workspaces/isaac_ros-dev/install/slam_toolbox:/workspaces/isaac_ros-dev/install/sdv_msg:/workspaces/isaac_ros-dev/install/sdv_localization_msgs:/workspaces/isaac_ros-dev/install/pointcloud_to_laserscan:/workspaces/isaac_ros-dev/install/my_package:/workspaces/isaac_ros-dev/install/multisense_msgs:/workspaces/isaac_ros-dev/install/multisense_lib:/workspaces/isaac_ros-dev/install/isaac_ros_visual_slam:/workspaces/isaac_ros-dev/install/isaac_ros_visual_slam_interfaces:/workspaces/isaac_ros-dev/install/isaac_ros_tensor_list_interfaces:/workspaces/isaac_ros-dev/install/isaac_ros_common:/workspaces/isaac_ros-dev/install/isaac_ros_bi3d_interfaces:/workspaces/isaac_ros-dev/install/isaac_ros_apriltag_interfaces:/workspaces/isaac_ros-dev/install/yolov8_ros:/workspaces/isaac_ros-dev/install/xbox_controller:/workspaces/isaac_ros-dev/install/panel:/workspaces/isaac_ros-dev/install/isaac_ros_test:/workspaces/isaac_ros-dev/install/encoder:/opt/ros/humble/install /usr/bin/cmake --build /workspaces/isaac_ros-dev/build/isaac_ros_bi3d_interfaces -- -j8 -l8
[4.734s] Invoking command in '/workspaces/isaac_ros-dev/build/isaac_ros_bi3d_interfaces': CMAKE_PREFIX_PATH=/workspaces/isaac_ros-dev/install/yolov8_bringup:/workspaces/isaac_ros-dev/install/multisense_ros:/workspaces/isaac_ros-dev/install/xacro:/workspaces/isaac_ros-dev/install/vision_msgs_rviz_plugins:/workspaces/isaac_ros-dev/install/vision_msgs:/workspaces/isaac_ros-dev/install/velodyne:/workspaces/isaac_ros-dev/install/velodyne_pointcloud:/workspaces/isaac_ros-dev/install/velodyne_driver:/workspaces/isaac_ros-dev/install/velodyne_msgs:/workspaces/isaac_ros-dev/install/velodyne_laserscan:/workspaces/isaac_ros-dev/install/vectornav:/workspaces/isaac_ros-dev/install/sdv_localization:/workspaces/isaac_ros-dev/install/vectornav_msgs:/workspaces/isaac_ros-dev/install/slam_toolbox:/workspaces/isaac_ros-dev/install/sdv_msg:/workspaces/isaac_ros-dev/install/sdv_localization_msgs:/workspaces/isaac_ros-dev/install/pointcloud_to_laserscan:/workspaces/isaac_ros-dev/install/my_package:/workspaces/isaac_ros-dev/install/multisense_msgs:/workspaces/isaac_ros-dev/install/multisense_lib:/workspaces/isaac_ros-dev/install/isaac_ros_visual_slam:/workspaces/isaac_ros-dev/install/isaac_ros_visual_slam_interfaces:/workspaces/isaac_ros-dev/install/isaac_ros_tensor_list_interfaces:/workspaces/isaac_ros-dev/install/isaac_ros_common:/workspaces/isaac_ros-dev/install/isaac_ros_bi3d_interfaces:/workspaces/isaac_ros-dev/install/isaac_ros_apriltag_interfaces:/workspaces/isaac_ros-dev/install/yolov8_ros:/workspaces/isaac_ros-dev/install/xbox_controller:/workspaces/isaac_ros-dev/install/panel:/workspaces/isaac_ros-dev/install/isaac_ros_test:/workspaces/isaac_ros-dev/install/encoder:/opt/ros/humble/install /usr/bin/cmake --install /workspaces/isaac_ros-dev/build/isaac_ros_bi3d_interfaces
[4.926s] -- Install configuration: "Release"
[4.926s] -- Up-to-date: /workspaces/isaac_ros-dev/install/isaac_ros_bi3d_interfaces/share/ament_index/resource_index/rosidl_interfaces/isaac_ros_bi3d_interfaces
[4.926s] -- Up-to-date: /workspaces/isaac_ros-dev/install/isaac_ros_bi3d_interfaces/include/isaac_ros_bi3d_interfaces/isaac_ros_bi3d_interfaces
[4.926s] -- Up-to-date: /workspaces/isaac_ros-dev/install/isaac_ros_bi3d_interfaces/include/isaac_ros_bi3d_interfaces/isaac_ros_bi3d_interfaces/msg
[4.927s] -- Up-to-date: /workspaces/isaac_ros-dev/install/isaac_ros_bi3d_interfaces/include/isaac_ros_bi3d_interfaces/isaac_ros_bi3d_interfaces/msg/rosidl_generator_c__visibility_control.h
[4.927s] -- Up-to-date: /workspaces/isaac_ros-dev/install/isaac_ros_bi3d_interfaces/include/isaac_ros_bi3d_interfaces/isaac_ros_bi3d_interfaces/msg/detail
[4.927s] -- Up-to-date: /workspaces/isaac_ros-dev/install/isaac_ros_bi3d_interfaces/include/isaac_ros_bi3d_interfaces/isaac_ros_bi3d_interfaces/msg/detail/bi3_d_inference_parameters_array__functions.h
[4.928s] -- Up-to-date: /workspaces/isaac_ros-dev/install/isaac_ros_bi3d_interfaces/include/isaac_ros_bi3d_interfaces/isaac_ros_bi3d_interfaces/msg/detail/bi3_d_inference_parameters_array__struct.h
[4.928s] -- Up-to-date: /workspaces/isaac_ros-dev/install/isaac_ros_bi3d_interfaces/include/isaac_ros_bi3d_interfaces/isaac_ros_bi3d_interfaces/msg/detail/bi3_d_inference_parameters_array__functions.c
[4.928s] -- Up-to-date: /workspaces/isaac_ros-dev/install/isaac_ros_bi3d_interfaces/include/isaac_ros_bi3d_interfaces/isaac_ros_bi3d_interfaces/msg/detail/bi3_d_inference_parameters_array__type_support.h
[4.928s] -- Up-to-date: /workspaces/isaac_ros-dev/install/isaac_ros_bi3d_interfaces/include/isaac_ros_bi3d_interfaces/isaac_ros_bi3d_interfaces/msg/bi3_d_inference_parameters_array.h
[4.929s] -- Up-to-date: /workspaces/isaac_ros-dev/install/isaac_ros_bi3d_interfaces/share/isaac_ros_bi3d_interfaces/environment/library_path.sh
[4.929s] -- Up-to-date: /workspaces/isaac_ros-dev/install/isaac_ros_bi3d_interfaces/share/isaac_ros_bi3d_interfaces/environment/library_path.dsv
[4.929s] -- Up-to-date: /workspaces/isaac_ros-dev/install/isaac_ros_bi3d_interfaces/lib/libisaac_ros_bi3d_interfaces__rosidl_generator_c.so
[4.929s] -- Up-to-date: /workspaces/isaac_ros-dev/install/isaac_ros_bi3d_interfaces/include/isaac_ros_bi3d_interfaces/isaac_ros_bi3d_interfaces
[4.930s] -- Up-to-date: /workspaces/isaac_ros-dev/install/isaac_ros_bi3d_interfaces/include/isaac_ros_bi3d_interfaces/isaac_ros_bi3d_interfaces/msg
[4.930s] -- Up-to-date: /workspaces/isaac_ros-dev/install/isaac_ros_bi3d_interfaces/include/isaac_ros_bi3d_interfaces/isaac_ros_bi3d_interfaces/msg/rosidl_typesupport_fastrtps_c__visibility_control.h
[4.930s] -- Up-to-date: /workspaces/isaac_ros-dev/install/isaac_ros_bi3d_interfaces/include/isaac_ros_bi3d_interfaces/isaac_ros_bi3d_interfaces/msg/detail
[4.931s] -- Up-to-date: /workspaces/isaac_ros-dev/install/isaac_ros_bi3d_interfaces/include/isaac_ros_bi3d_interfaces/isaac_ros_bi3d_interfaces/msg/detail/bi3_d_inference_parameters_array__rosidl_typesupport_fastrtps_c.h
[4.931s] -- Up-to-date: /workspaces/isaac_ros-dev/install/isaac_ros_bi3d_interfaces/lib/libisaac_ros_bi3d_interfaces__rosidl_typesupport_fastrtps_c.so
[4.931s] -- Up-to-date: /workspaces/isaac_ros-dev/install/isaac_ros_bi3d_interfaces/include/isaac_ros_bi3d_interfaces/isaac_ros_bi3d_interfaces
[4.932s] -- Up-to-date: /workspaces/isaac_ros-dev/install/isaac_ros_bi3d_interfaces/include/isaac_ros_bi3d_interfaces/isaac_ros_bi3d_interfaces/msg
[4.932s] -- Up-to-date: /workspaces/isaac_ros-dev/install/isaac_ros_bi3d_interfaces/include/isaac_ros_bi3d_interfaces/isaac_ros_bi3d_interfaces/msg/detail
[4.933s] -- Up-to-date: /workspaces/isaac_ros-dev/install/isaac_ros_bi3d_interfaces/include/isaac_ros_bi3d_interfaces/isaac_ros_bi3d_interfaces/msg/detail/bi3_d_inference_parameters_array__rosidl_typesupport_introspection_c.h
[4.933s] -- Up-to-date: /workspaces/isaac_ros-dev/install/isaac_ros_bi3d_interfaces/include/isaac_ros_bi3d_interfaces/isaac_ros_bi3d_interfaces/msg/detail/bi3_d_inference_parameters_array__type_support.c
[4.933s] -- Up-to-date: /workspaces/isaac_ros-dev/install/isaac_ros_bi3d_interfaces/include/isaac_ros_bi3d_interfaces/isaac_ros_bi3d_interfaces/msg/rosidl_typesupport_introspection_c__visibility_control.h
[4.934s] -- Up-to-date: /workspaces/isaac_ros-dev/install/isaac_ros_bi3d_interfaces/lib/libisaac_ros_bi3d_interfaces__rosidl_typesupport_introspection_c.so
[4.934s] -- Up-to-date: /workspaces/isaac_ros-dev/install/isaac_ros_bi3d_interfaces/lib/libisaac_ros_bi3d_interfaces__rosidl_typesupport_c.so
[4.934s] -- Up-to-date: /workspaces/isaac_ros-dev/install/isaac_ros_bi3d_interfaces/include/isaac_ros_bi3d_interfaces/isaac_ros_bi3d_interfaces
[4.934s] -- Up-to-date: /workspaces/isaac_ros-dev/install/isaac_ros_bi3d_interfaces/include/isaac_ros_bi3d_interfaces/isaac_ros_bi3d_interfaces/msg
[4.935s] -- Up-to-date: /workspaces/isaac_ros-dev/install/isaac_ros_bi3d_interfaces/include/isaac_ros_bi3d_interfaces/isaac_ros_bi3d_interfaces/msg/bi3_d_inference_parameters_array.hpp
[4.935s] -- Up-to-date: /workspaces/isaac_ros-dev/install/isaac_ros_bi3d_interfaces/include/isaac_ros_bi3d_interfaces/isaac_ros_bi3d_interfaces/msg/detail
[4.935s] -- Up-to-date: /workspaces/isaac_ros-dev/install/isaac_ros_bi3d_interfaces/include/isaac_ros_bi3d_interfaces/isaac_ros_bi3d_interfaces/msg/detail/bi3_d_inference_parameters_array__struct.hpp
[4.936s] -- Up-to-date: /workspaces/isaac_ros-dev/install/isaac_ros_bi3d_interfaces/include/isaac_ros_bi3d_interfaces/isaac_ros_bi3d_interfaces/msg/detail/bi3_d_inference_parameters_array__traits.hpp
[4.936s] -- Up-to-date: /workspaces/isaac_ros-dev/install/isaac_ros_bi3d_interfaces/include/isaac_ros_bi3d_interfaces/isaac_ros_bi3d_interfaces/msg/detail/bi3_d_inference_parameters_array__builder.hpp
[4.936s] -- Up-to-date: /workspaces/isaac_ros-dev/install/isaac_ros_bi3d_interfaces/include/isaac_ros_bi3d_interfaces/isaac_ros_bi3d_interfaces
[4.937s] -- Up-to-date: /workspaces/isaac_ros-dev/install/isaac_ros_bi3d_interfaces/include/isaac_ros_bi3d_interfaces/isaac_ros_bi3d_interfaces/msg
[4.937s] -- Up-to-date: /workspaces/isaac_ros-dev/install/isaac_ros_bi3d_interfaces/include/isaac_ros_bi3d_interfaces/isaac_ros_bi3d_interfaces/msg/rosidl_typesupport_fastrtps_cpp__visibility_control.h
[4.937s] -- Up-to-date: /workspaces/isaac_ros-dev/install/isaac_ros_bi3d_interfaces/include/isaac_ros_bi3d_interfaces/isaac_ros_bi3d_interfaces/msg/detail
[4.937s] -- Up-to-date: /workspaces/isaac_ros-dev/install/isaac_ros_bi3d_interfaces/include/isaac_ros_bi3d_interfaces/isaac_ros_bi3d_interfaces/msg/detail/bi3_d_inference_parameters_array__rosidl_typesupport_fastrtps_cpp.hpp
[4.938s] -- Up-to-date: /workspaces/isaac_ros-dev/install/isaac_ros_bi3d_interfaces/include/isaac_ros_bi3d_interfaces/isaac_ros_bi3d_interfaces/msg/detail/dds_fastrtps
[4.938s] -- Up-to-date: /workspaces/isaac_ros-dev/install/isaac_ros_bi3d_interfaces/lib/libisaac_ros_bi3d_interfaces__rosidl_typesupport_fastrtps_cpp.so
[4.938s] -- Up-to-date: /workspaces/isaac_ros-dev/install/isaac_ros_bi3d_interfaces/include/isaac_ros_bi3d_interfaces/isaac_ros_bi3d_interfaces
[4.939s] -- Up-to-date: /workspaces/isaac_ros-dev/install/isaac_ros_bi3d_interfaces/include/isaac_ros_bi3d_interfaces/isaac_ros_bi3d_interfaces/msg
[4.939s] -- Up-to-date: /workspaces/isaac_ros-dev/install/isaac_ros_bi3d_interfaces/include/isaac_ros_bi3d_interfaces/isaac_ros_bi3d_interfaces/msg/detail
[4.939s] -- Up-to-date: /workspaces/isaac_ros-dev/install/isaac_ros_bi3d_interfaces/include/isaac_ros_bi3d_interfaces/isaac_ros_bi3d_interfaces/msg/detail/bi3_d_inference_parameters_array__type_support.cpp
[4.939s] -- Up-to-date: /workspaces/isaac_ros-dev/install/isaac_ros_bi3d_interfaces/include/isaac_ros_bi3d_interfaces/isaac_ros_bi3d_interfaces/msg/detail/bi3_d_inference_parameters_array__rosidl_typesupport_introspection_cpp.hpp
[4.940s] -- Up-to-date: /workspaces/isaac_ros-dev/install/isaac_ros_bi3d_interfaces/lib/libisaac_ros_bi3d_interfaces__rosidl_typesupport_introspection_cpp.so
[4.940s] -- Up-to-date: /workspaces/isaac_ros-dev/install/isaac_ros_bi3d_interfaces/lib/libisaac_ros_bi3d_interfaces__rosidl_typesupport_cpp.so
[4.941s] -- Up-to-date: /workspaces/isaac_ros-dev/install/isaac_ros_bi3d_interfaces/share/isaac_ros_bi3d_interfaces/environment/pythonpath.sh
[4.942s] -- Up-to-date: /workspaces/isaac_ros-dev/install/isaac_ros_bi3d_interfaces/share/isaac_ros_bi3d_interfaces/environment/pythonpath.dsv
[4.942s] -- Up-to-date: /workspaces/isaac_ros-dev/install/isaac_ros_bi3d_interfaces/lib/python3.8/site-packages/isaac_ros_bi3d_interfaces-0.11.0-py3.8.egg-info
[4.942s] -- Installing: /workspaces/isaac_ros-dev/install/isaac_ros_bi3d_interfaces/lib/python3.8/site-packages/isaac_ros_bi3d_interfaces-0.11.0-py3.8.egg-info/top_level.txt
[4.942s] -- Installing: /workspaces/isaac_ros-dev/install/isaac_ros_bi3d_interfaces/lib/python3.8/site-packages/isaac_ros_bi3d_interfaces-0.11.0-py3.8.egg-info/dependency_links.txt
[4.943s] -- Installing: /workspaces/isaac_ros-dev/install/isaac_ros_bi3d_interfaces/lib/python3.8/site-packages/isaac_ros_bi3d_interfaces-0.11.0-py3.8.egg-info/SOURCES.txt
[4.943s] -- Installing: /workspaces/isaac_ros-dev/install/isaac_ros_bi3d_interfaces/lib/python3.8/site-packages/isaac_ros_bi3d_interfaces-0.11.0-py3.8.egg-info/PKG-INFO
[4.943s] -- Up-to-date: /workspaces/isaac_ros-dev/install/isaac_ros_bi3d_interfaces/lib/python3.8/site-packages/isaac_ros_bi3d_interfaces
[4.964s] -- Up-to-date: /workspaces/isaac_ros-dev/install/isaac_ros_bi3d_interfaces/lib/python3.8/site-packages/isaac_ros_bi3d_interfaces/__init__.py
[4.964s] -- Up-to-date: /workspaces/isaac_ros-dev/install/isaac_ros_bi3d_interfaces/lib/python3.8/site-packages/isaac_ros_bi3d_interfaces/_isaac_ros_bi3d_interfaces_s.ep.rosidl_typesupport_c.c
[4.965s] -- Up-to-date: /workspaces/isaac_ros-dev/install/isaac_ros_bi3d_interfaces/lib/python3.8/site-packages/isaac_ros_bi3d_interfaces/_isaac_ros_bi3d_interfaces_s.ep.rosidl_typesupport_introspection_c.c
[4.965s] -- Up-to-date: /workspaces/isaac_ros-dev/install/isaac_ros_bi3d_interfaces/lib/python3.8/site-packages/isaac_ros_bi3d_interfaces/msg
[4.965s] -- Up-to-date: /workspaces/isaac_ros-dev/install/isaac_ros_bi3d_interfaces/lib/python3.8/site-packages/isaac_ros_bi3d_interfaces/msg/__init__.py
[4.965s] -- Up-to-date: /workspaces/isaac_ros-dev/install/isaac_ros_bi3d_interfaces/lib/python3.8/site-packages/isaac_ros_bi3d_interfaces/msg/_bi3_d_inference_parameters_array.py
[4.966s] -- Up-to-date: /workspaces/isaac_ros-dev/install/isaac_ros_bi3d_interfaces/lib/python3.8/site-packages/isaac_ros_bi3d_interfaces/msg/_bi3_d_inference_parameters_array_s.c
[4.966s] -- Up-to-date: /workspaces/isaac_ros-dev/install/isaac_ros_bi3d_interfaces/lib/python3.8/site-packages/isaac_ros_bi3d_interfaces/_isaac_ros_bi3d_interfaces_s.ep.rosidl_typesupport_fastrtps_c.c
[4.966s] -- Up-to-date: /workspaces/isaac_ros-dev/install/isaac_ros_bi3d_interfaces/lib/python3.8/site-packages/isaac_ros_bi3d_interfaces/isaac_ros_bi3d_interfaces_s__rosidl_typesupport_introspection_c.cpython-38-aarch64-linux-gnu.so
[4.966s] -- Up-to-date: /workspaces/isaac_ros-dev/install/isaac_ros_bi3d_interfaces/lib/python3.8/site-packages/isaac_ros_bi3d_interfaces/isaac_ros_bi3d_interfaces_s__rosidl_typesupport_fastrtps_c.cpython-38-aarch64-linux-gnu.so
[4.967s] -- Up-to-date: /workspaces/isaac_ros-dev/install/isaac_ros_bi3d_interfaces/lib/python3.8/site-packages/isaac_ros_bi3d_interfaces/isaac_ros_bi3d_interfaces_s__rosidl_typesupport_c.cpython-38-aarch64-linux-gnu.so
[4.967s] -- Up-to-date: /workspaces/isaac_ros-dev/install/isaac_ros_bi3d_interfaces/lib/python3.8/site-packages/isaac_ros_bi3d_interfaces/libisaac_ros_bi3d_interfaces__rosidl_generator_py.so
[5.107s] Listing '/workspaces/isaac_ros-dev/install/isaac_ros_bi3d_interfaces/lib/python3.8/site-packages/isaac_ros_bi3d_interfaces'...
[5.108s] Listing '/workspaces/isaac_ros-dev/install/isaac_ros_bi3d_interfaces/lib/python3.8/site-packages/isaac_ros_bi3d_interfaces/msg'...
[5.140s] -- Up-to-date: /workspaces/isaac_ros-dev/install/isaac_ros_bi3d_interfaces/lib/python3.8/site-packages/isaac_ros_bi3d_interfaces/isaac_ros_bi3d_interfaces_s__rosidl_typesupport_fastrtps_c.cpython-38-aarch64-linux-gnu.so
[5.142s] -- Up-to-date: /workspaces/isaac_ros-dev/install/isaac_ros_bi3d_interfaces/lib/python3.8/site-packages/isaac_ros_bi3d_interfaces/isaac_ros_bi3d_interfaces_s__rosidl_typesupport_introspection_c.cpython-38-aarch64-linux-gnu.so
[5.142s] -- Up-to-date: /workspaces/isaac_ros-dev/install/isaac_ros_bi3d_interfaces/lib/python3.8/site-packages/isaac_ros_bi3d_interfaces/isaac_ros_bi3d_interfaces_s__rosidl_typesupport_c.cpython-38-aarch64-linux-gnu.so
[5.143s] -- Up-to-date: /workspaces/isaac_ros-dev/install/isaac_ros_bi3d_interfaces/lib/libisaac_ros_bi3d_interfaces__rosidl_generator_py.so
[5.145s] -- Up-to-date: /workspaces/isaac_ros-dev/install/isaac_ros_bi3d_interfaces/share/isaac_ros_bi3d_interfaces/msg/Bi3DInferenceParametersArray.idl
[5.146s] -- Up-to-date: /workspaces/isaac_ros-dev/install/isaac_ros_bi3d_interfaces/share/isaac_ros_bi3d_interfaces/msg/Bi3DInferenceParametersArray.msg
[5.146s] -- Up-to-date: /workspaces/isaac_ros-dev/install/isaac_ros_bi3d_interfaces/share/ament_index/resource_index/package_run_dependencies/isaac_ros_bi3d_interfaces
[5.153s] -- Up-to-date: /workspaces/isaac_ros-dev/install/isaac_ros_bi3d_interfaces/share/ament_index/resource_index/parent_prefix_path/isaac_ros_bi3d_interfaces
[5.154s] -- Up-to-date: /workspaces/isaac_ros-dev/install/isaac_ros_bi3d_interfaces/share/isaac_ros_bi3d_interfaces/environment/ament_prefix_path.sh
[5.154s] -- Up-to-date: /workspaces/isaac_ros-dev/install/isaac_ros_bi3d_interfaces/share/isaac_ros_bi3d_interfaces/environment/ament_prefix_path.dsv
[5.155s] -- Up-to-date: /workspaces/isaac_ros-dev/install/isaac_ros_bi3d_interfaces/share/isaac_ros_bi3d_interfaces/environment/path.sh
[5.160s] -- Up-to-date: /workspaces/isaac_ros-dev/install/isaac_ros_bi3d_interfaces/share/isaac_ros_bi3d_interfaces/environment/path.dsv
[5.160s] -- Up-to-date: /workspaces/isaac_ros-dev/install/isaac_ros_bi3d_interfaces/share/isaac_ros_bi3d_interfaces/local_setup.bash
[5.164s] -- Up-to-date: /workspaces/isaac_ros-dev/install/isaac_ros_bi3d_interfaces/share/isaac_ros_bi3d_interfaces/local_setup.sh
[5.169s] -- Up-to-date: /workspaces/isaac_ros-dev/install/isaac_ros_bi3d_interfaces/share/isaac_ros_bi3d_interfaces/local_setup.zsh
[5.172s] -- Up-to-date: /workspaces/isaac_ros-dev/install/isaac_ros_bi3d_interfaces/share/isaac_ros_bi3d_interfaces/local_setup.dsv
[5.172s] -- Installing: /workspaces/isaac_ros-dev/install/isaac_ros_bi3d_interfaces/share/isaac_ros_bi3d_interfaces/package.dsv
[5.173s] -- Up-to-date: /workspaces/isaac_ros-dev/install/isaac_ros_bi3d_interfaces/share/ament_index/resource_index/packages/isaac_ros_bi3d_interfaces
[5.175s] -- Up-to-date: /workspaces/isaac_ros-dev/install/isaac_ros_bi3d_interfaces/share/isaac_ros_bi3d_interfaces/cmake/export_isaac_ros_bi3d_interfaces__rosidl_generator_cExport.cmake
[5.177s] -- Up-to-date: /workspaces/isaac_ros-dev/install/isaac_ros_bi3d_interfaces/share/isaac_ros_bi3d_interfaces/cmake/export_isaac_ros_bi3d_interfaces__rosidl_generator_cExport-release.cmake
[5.177s] -- Up-to-date: /workspaces/isaac_ros-dev/install/isaac_ros_bi3d_interfaces/share/isaac_ros_bi3d_interfaces/cmake/export_isaac_ros_bi3d_interfaces__rosidl_typesupport_fastrtps_cExport.cmake
[5.185s] -- Up-to-date: /workspaces/isaac_ros-dev/install/isaac_ros_bi3d_interfaces/share/isaac_ros_bi3d_interfaces/cmake/export_isaac_ros_bi3d_interfaces__rosidl_typesupport_fastrtps_cExport-release.cmake
[5.188s] -- Up-to-date: /workspaces/isaac_ros-dev/install/isaac_ros_bi3d_interfaces/share/isaac_ros_bi3d_interfaces/cmake/isaac_ros_bi3d_interfaces__rosidl_typesupport_introspection_cExport.cmake
[5.188s] -- Up-to-date: /workspaces/isaac_ros-dev/install/isaac_ros_bi3d_interfaces/share/isaac_ros_bi3d_interfaces/cmake/isaac_ros_bi3d_interfaces__rosidl_typesupport_introspection_cExport-release.cmake
[5.188s] -- Up-to-date: /workspaces/isaac_ros-dev/install/isaac_ros_bi3d_interfaces/share/isaac_ros_bi3d_interfaces/cmake/isaac_ros_bi3d_interfaces__rosidl_typesupport_cExport.cmake
[5.189s] -- Up-to-date: /workspaces/isaac_ros-dev/install/isaac_ros_bi3d_interfaces/share/isaac_ros_bi3d_interfaces/cmake/isaac_ros_bi3d_interfaces__rosidl_typesupport_cExport-release.cmake
[5.189s] -- Up-to-date: /workspaces/isaac_ros-dev/install/isaac_ros_bi3d_interfaces/share/isaac_ros_bi3d_interfaces/cmake/export_isaac_ros_bi3d_interfaces__rosidl_generator_cppExport.cmake
[5.190s] -- Up-to-date: /workspaces/isaac_ros-dev/install/isaac_ros_bi3d_interfaces/share/isaac_ros_bi3d_interfaces/cmake/export_isaac_ros_bi3d_interfaces__rosidl_typesupport_fastrtps_cppExport.cmake
[5.191s] -- Up-to-date: /workspaces/isaac_ros-dev/install/isaac_ros_bi3d_interfaces/share/isaac_ros_bi3d_interfaces/cmake/export_isaac_ros_bi3d_interfaces__rosidl_typesupport_fastrtps_cppExport-release.cmake
[5.191s] -- Up-to-date: /workspaces/isaac_ros-dev/install/isaac_ros_bi3d_interfaces/share/isaac_ros_bi3d_interfaces/cmake/isaac_ros_bi3d_interfaces__rosidl_typesupport_introspection_cppExport.cmake
[5.192s] -- Up-to-date: /workspaces/isaac_ros-dev/install/isaac_ros_bi3d_interfaces/share/isaac_ros_bi3d_interfaces/cmake/isaac_ros_bi3d_interfaces__rosidl_typesupport_introspection_cppExport-release.cmake
[5.192s] -- Up-to-date: /workspaces/isaac_ros-dev/install/isaac_ros_bi3d_interfaces/share/isaac_ros_bi3d_interfaces/cmake/isaac_ros_bi3d_interfaces__rosidl_typesupport_cppExport.cmake
[5.192s] -- Up-to-date: /workspaces/isaac_ros-dev/install/isaac_ros_bi3d_interfaces/share/isaac_ros_bi3d_interfaces/cmake/isaac_ros_bi3d_interfaces__rosidl_typesupport_cppExport-release.cmake
[5.194s] -- Up-to-date: /workspaces/isaac_ros-dev/install/isaac_ros_bi3d_interfaces/share/isaac_ros_bi3d_interfaces/cmake/export_isaac_ros_bi3d_interfaces__rosidl_generator_pyExport.cmake
[5.195s] -- Up-to-date: /workspaces/isaac_ros-dev/install/isaac_ros_bi3d_interfaces/share/isaac_ros_bi3d_interfaces/cmake/export_isaac_ros_bi3d_interfaces__rosidl_generator_pyExport-release.cmake
[5.195s] -- Up-to-date: /workspaces/isaac_ros-dev/install/isaac_ros_bi3d_interfaces/share/isaac_ros_bi3d_interfaces/cmake/rosidl_cmake-extras.cmake
[5.196s] -- Up-to-date: /workspaces/isaac_ros-dev/install/isaac_ros_bi3d_interfaces/share/isaac_ros_bi3d_interfaces/cmake/ament_cmake_export_dependencies-extras.cmake
[5.196s] -- Up-to-date: /workspaces/isaac_ros-dev/install/isaac_ros_bi3d_interfaces/share/isaac_ros_bi3d_interfaces/cmake/ament_cmake_export_include_directories-extras.cmake
[5.197s] -- Up-to-date: /workspaces/isaac_ros-dev/install/isaac_ros_bi3d_interfaces/share/isaac_ros_bi3d_interfaces/cmake/ament_cmake_export_libraries-extras.cmake
[5.197s] -- Up-to-date: /workspaces/isaac_ros-dev/install/isaac_ros_bi3d_interfaces/share/isaac_ros_bi3d_interfaces/cmake/ament_cmake_export_targets-extras.cmake
[5.197s] -- Up-to-date: /workspaces/isaac_ros-dev/install/isaac_ros_bi3d_interfaces/share/isaac_ros_bi3d_interfaces/cmake/rosidl_cmake_export_typesupport_targets-extras.cmake
[5.198s] -- Up-to-date: /workspaces/isaac_ros-dev/install/isaac_ros_bi3d_interfaces/share/isaac_ros_bi3d_interfaces/cmake/rosidl_cmake_export_typesupport_libraries-extras.cmake
[5.198s] -- Up-to-date: /workspaces/isaac_ros-dev/install/isaac_ros_bi3d_interfaces/share/isaac_ros_bi3d_interfaces/cmake/isaac_ros_bi3d_interfacesConfig.cmake
[5.198s] -- Up-to-date: /workspaces/isaac_ros-dev/install/isaac_ros_bi3d_interfaces/share/isaac_ros_bi3d_interfaces/cmake/isaac_ros_bi3d_interfacesConfig-version.cmake
[5.198s] -- Up-to-date: /workspaces/isaac_ros-dev/install/isaac_ros_bi3d_interfaces/share/isaac_ros_bi3d_interfaces/package.xml
[6.916s] Invoked command in '/workspaces/isaac_ros-dev/build/isaac_ros_bi3d_interfaces' returned '0': CMAKE_PREFIX_PATH=/workspaces/isaac_ros-dev/install/yolov8_bringup:/workspaces/isaac_ros-dev/install/multisense_ros:/workspaces/isaac_ros-dev/install/xacro:/workspaces/isaac_ros-dev/install/vision_msgs_rviz_plugins:/workspaces/isaac_ros-dev/install/vision_msgs:/workspaces/isaac_ros-dev/install/velodyne:/workspaces/isaac_ros-dev/install/velodyne_pointcloud:/workspaces/isaac_ros-dev/install/velodyne_driver:/workspaces/isaac_ros-dev/install/velodyne_msgs:/workspaces/isaac_ros-dev/install/velodyne_laserscan:/workspaces/isaac_ros-dev/install/vectornav:/workspaces/isaac_ros-dev/install/sdv_localization:/workspaces/isaac_ros-dev/install/vectornav_msgs:/workspaces/isaac_ros-dev/install/slam_toolbox:/workspaces/isaac_ros-dev/install/sdv_msg:/workspaces/isaac_ros-dev/install/sdv_localization_msgs:/workspaces/isaac_ros-dev/install/pointcloud_to_laserscan:/workspaces/isaac_ros-dev/install/my_package:/workspaces/isaac_ros-dev/install/multisense_msgs:/workspaces/isaac_ros-dev/install/multisense_lib:/workspaces/isaac_ros-dev/install/isaac_ros_visual_slam:/workspaces/isaac_ros-dev/install/isaac_ros_visual_slam_interfaces:/workspaces/isaac_ros-dev/install/isaac_ros_tensor_list_interfaces:/workspaces/isaac_ros-dev/install/isaac_ros_common:/workspaces/isaac_ros-dev/install/isaac_ros_bi3d_interfaces:/workspaces/isaac_ros-dev/install/isaac_ros_apriltag_interfaces:/workspaces/isaac_ros-dev/install/yolov8_ros:/workspaces/isaac_ros-dev/install/xbox_controller:/workspaces/isaac_ros-dev/install/panel:/workspaces/isaac_ros-dev/install/isaac_ros_test:/workspaces/isaac_ros-dev/install/encoder:/opt/ros/humble/install /usr/bin/cmake --install /workspaces/isaac_ros-dev/build/isaac_ros_bi3d_interfaces
