[0.559s] Invoking command in '/workspaces/isaac_ros-dev/build/xacro': CMAKE_PREFIX_PATH=/workspaces/isaac_ros-dev/install/yolov8_bringup:/workspaces/isaac_ros-dev/install/multisense_ros:/workspaces/isaac_ros-dev/install/xacro:/workspaces/isaac_ros-dev/install/vision_msgs_rviz_plugins:/workspaces/isaac_ros-dev/install/vision_msgs:/workspaces/isaac_ros-dev/install/velodyne:/workspaces/isaac_ros-dev/install/velodyne_pointcloud:/workspaces/isaac_ros-dev/install/velodyne_driver:/workspaces/isaac_ros-dev/install/velodyne_msgs:/workspaces/isaac_ros-dev/install/velodyne_laserscan:/workspaces/isaac_ros-dev/install/vectornav:/workspaces/isaac_ros-dev/install/sdv_localization:/workspaces/isaac_ros-dev/install/vectornav_msgs:/workspaces/isaac_ros-dev/install/slam_toolbox:/workspaces/isaac_ros-dev/install/sdv_msg:/workspaces/isaac_ros-dev/install/sdv_localization_msgs:/workspaces/isaac_ros-dev/install/pointcloud_to_laserscan:/workspaces/isaac_ros-dev/install/my_package:/workspaces/isaac_ros-dev/install/multisense_msgs:/workspaces/isaac_ros-dev/install/multisense_lib:/workspaces/isaac_ros-dev/install/isaac_ros_visual_slam:/workspaces/isaac_ros-dev/install/isaac_ros_visual_slam_interfaces:/workspaces/isaac_ros-dev/install/isaac_ros_tensor_list_interfaces:/workspaces/isaac_ros-dev/install/isaac_ros_common:/workspaces/isaac_ros-dev/install/isaac_ros_bi3d_interfaces:/workspaces/isaac_ros-dev/install/isaac_ros_apriltag_interfaces:/workspaces/isaac_ros-dev/install/yolov8_ros:/workspaces/isaac_ros-dev/install/xbox_controller:/workspaces/isaac_ros-dev/install/panel:/workspaces/isaac_ros-dev/install/isaac_ros_test:/workspaces/isaac_ros-dev/install/encoder:/opt/ros/humble/install /usr/bin/cmake --build /workspaces/isaac_ros-dev/build/xacro -- -j8 -l8
[0.869s] Built target ament_cmake_python_copy_xacro
[0.894s] Built target ament_cmake_python_copy_xacro_setup
[2.833s] running egg_info
[2.902s] writing xacro.egg-info/PKG-INFO
[2.903s] writing dependency_links to xacro.egg-info/dependency_links.txt
[2.904s] writing entry points to xacro.egg-info/entry_points.txt
[2.905s] writing top-level names to xacro.egg-info/top_level.txt
[2.959s] running install_scripts
[3.096s] reading manifest file 'xacro.egg-info/SOURCES.txt'
[3.097s] writing manifest file 'xacro.egg-info/SOURCES.txt'
[3.186s] running egg_info
[3.268s] Built target ament_cmake_python_build_xacro_egg
[3.344s] writing xacro.egg-info/PKG-INFO
[3.345s] writing dependency_links to xacro.egg-info/dependency_links.txt
[3.346s] writing entry points to xacro.egg-info/entry_points.txt
[3.347s] writing top-level names to xacro.egg-info/top_level.txt
[3.475s] reading manifest file 'xacro.egg-info/SOURCES.txt'
[3.478s] writing manifest file 'xacro.egg-info/SOURCES.txt'
[3.599s] Installing xacro script to scripts
[3.776s] Built target ament_cmake_python_build_xacro_scripts
[4.573s] Invoked command in '/workspaces/isaac_ros-dev/build/xacro' returned '0': CMAKE_PREFIX_PATH=/workspaces/isaac_ros-dev/install/yolov8_bringup:/workspaces/isaac_ros-dev/install/multisense_ros:/workspaces/isaac_ros-dev/install/xacro:/workspaces/isaac_ros-dev/install/vision_msgs_rviz_plugins:/workspaces/isaac_ros-dev/install/vision_msgs:/workspaces/isaac_ros-dev/install/velodyne:/workspaces/isaac_ros-dev/install/velodyne_pointcloud:/workspaces/isaac_ros-dev/install/velodyne_driver:/workspaces/isaac_ros-dev/install/velodyne_msgs:/workspaces/isaac_ros-dev/install/velodyne_laserscan:/workspaces/isaac_ros-dev/install/vectornav:/workspaces/isaac_ros-dev/install/sdv_localization:/workspaces/isaac_ros-dev/install/vectornav_msgs:/workspaces/isaac_ros-dev/install/slam_toolbox:/workspaces/isaac_ros-dev/install/sdv_msg:/workspaces/isaac_ros-dev/install/sdv_localization_msgs:/workspaces/isaac_ros-dev/install/pointcloud_to_laserscan:/workspaces/isaac_ros-dev/install/my_package:/workspaces/isaac_ros-dev/install/multisense_msgs:/workspaces/isaac_ros-dev/install/multisense_lib:/workspaces/isaac_ros-dev/install/isaac_ros_visual_slam:/workspaces/isaac_ros-dev/install/isaac_ros_visual_slam_interfaces:/workspaces/isaac_ros-dev/install/isaac_ros_tensor_list_interfaces:/workspaces/isaac_ros-dev/install/isaac_ros_common:/workspaces/isaac_ros-dev/install/isaac_ros_bi3d_interfaces:/workspaces/isaac_ros-dev/install/isaac_ros_apriltag_interfaces:/workspaces/isaac_ros-dev/install/yolov8_ros:/workspaces/isaac_ros-dev/install/xbox_controller:/workspaces/isaac_ros-dev/install/panel:/workspaces/isaac_ros-dev/install/isaac_ros_test:/workspaces/isaac_ros-dev/install/encoder:/opt/ros/humble/install /usr/bin/cmake --build /workspaces/isaac_ros-dev/build/xacro -- -j8 -l8
[5.345s] Invoking command in '/workspaces/isaac_ros-dev/build/xacro': CMAKE_PREFIX_PATH=/workspaces/isaac_ros-dev/install/yolov8_bringup:/workspaces/isaac_ros-dev/install/multisense_ros:/workspaces/isaac_ros-dev/install/xacro:/workspaces/isaac_ros-dev/install/vision_msgs_rviz_plugins:/workspaces/isaac_ros-dev/install/vision_msgs:/workspaces/isaac_ros-dev/install/velodyne:/workspaces/isaac_ros-dev/install/velodyne_pointcloud:/workspaces/isaac_ros-dev/install/velodyne_driver:/workspaces/isaac_ros-dev/install/velodyne_msgs:/workspaces/isaac_ros-dev/install/velodyne_laserscan:/workspaces/isaac_ros-dev/install/vectornav:/workspaces/isaac_ros-dev/install/sdv_localization:/workspaces/isaac_ros-dev/install/vectornav_msgs:/workspaces/isaac_ros-dev/install/slam_toolbox:/workspaces/isaac_ros-dev/install/sdv_msg:/workspaces/isaac_ros-dev/install/sdv_localization_msgs:/workspaces/isaac_ros-dev/install/pointcloud_to_laserscan:/workspaces/isaac_ros-dev/install/my_package:/workspaces/isaac_ros-dev/install/multisense_msgs:/workspaces/isaac_ros-dev/install/multisense_lib:/workspaces/isaac_ros-dev/install/isaac_ros_visual_slam:/workspaces/isaac_ros-dev/install/isaac_ros_visual_slam_interfaces:/workspaces/isaac_ros-dev/install/isaac_ros_tensor_list_interfaces:/workspaces/isaac_ros-dev/install/isaac_ros_common:/workspaces/isaac_ros-dev/install/isaac_ros_bi3d_interfaces:/workspaces/isaac_ros-dev/install/isaac_ros_apriltag_interfaces:/workspaces/isaac_ros-dev/install/yolov8_ros:/workspaces/isaac_ros-dev/install/xbox_controller:/workspaces/isaac_ros-dev/install/panel:/workspaces/isaac_ros-dev/install/isaac_ros_test:/workspaces/isaac_ros-dev/install/encoder:/opt/ros/humble/install /usr/bin/cmake --install /workspaces/isaac_ros-dev/build/xacro
[5.447s] -- Install configuration: ""
[5.454s] -- Up-to-date: /workspaces/isaac_ros-dev/install/xacro/share/xacro/environment/completion.bash
[5.456s] -- Up-to-date: /workspaces/isaac_ros-dev/install/xacro/share/xacro/environment/pythonpath.sh
[5.460s] -- Up-to-date: /workspaces/isaac_ros-dev/install/xacro/share/xacro/environment/pythonpath.dsv
[5.461s] -- Up-to-date: /workspaces/isaac_ros-dev/install/xacro/lib/python3.8/site-packages/xacro-2.0.8-py3.8.egg-info
[5.462s] -- Installing: /workspaces/isaac_ros-dev/install/xacro/lib/python3.8/site-packages/xacro-2.0.8-py3.8.egg-info/entry_points.txt
[5.463s] -- Installing: /workspaces/isaac_ros-dev/install/xacro/lib/python3.8/site-packages/xacro-2.0.8-py3.8.egg-info/top_level.txt
[5.464s] -- Installing: /workspaces/isaac_ros-dev/install/xacro/lib/python3.8/site-packages/xacro-2.0.8-py3.8.egg-info/dependency_links.txt
[5.465s] -- Installing: /workspaces/isaac_ros-dev/install/xacro/lib/python3.8/site-packages/xacro-2.0.8-py3.8.egg-info/SOURCES.txt
[5.473s] -- Installing: /workspaces/isaac_ros-dev/install/xacro/lib/python3.8/site-packages/xacro-2.0.8-py3.8.egg-info/PKG-INFO
[5.479s] -- Up-to-date: /workspaces/isaac_ros-dev/install/xacro/lib/xacro/
[5.479s] -- Installing: /workspaces/isaac_ros-dev/install/xacro/lib/xacro//xacro
[5.480s] -- Up-to-date: /workspaces/isaac_ros-dev/install/xacro/lib/python3.8/site-packages/xacro
[5.480s] -- Up-to-date: /workspaces/isaac_ros-dev/install/xacro/lib/python3.8/site-packages/xacro/__init__.py
[5.480s] -- Up-to-date: /workspaces/isaac_ros-dev/install/xacro/lib/python3.8/site-packages/xacro/substitution_args.py
[5.481s] -- Up-to-date: /workspaces/isaac_ros-dev/install/xacro/lib/python3.8/site-packages/xacro/color.py
[5.483s] -- Up-to-date: /workspaces/isaac_ros-dev/install/xacro/lib/python3.8/site-packages/xacro/xmlutils.py
[5.487s] -- Up-to-date: /workspaces/isaac_ros-dev/install/xacro/lib/python3.8/site-packages/xacro/cli.py
[5.560s] Listing '/workspaces/isaac_ros-dev/install/xacro/lib/python3.8/site-packages/xacro'...
[5.564s] -- Up-to-date: /workspaces/isaac_ros-dev/install/xacro/bin/
[5.564s] -- Installing: /workspaces/isaac_ros-dev/install/xacro/bin//xacro
[5.564s] -- Up-to-date: /workspaces/isaac_ros-dev/install/xacro/share/ament_index/resource_index/package_run_dependencies/xacro
[5.565s] -- Up-to-date: /workspaces/isaac_ros-dev/install/xacro/share/ament_index/resource_index/parent_prefix_path/xacro
[5.565s] -- Up-to-date: /workspaces/isaac_ros-dev/install/xacro/share/xacro/environment/ament_prefix_path.sh
[5.566s] -- Up-to-date: /workspaces/isaac_ros-dev/install/xacro/share/xacro/environment/ament_prefix_path.dsv
[5.566s] -- Up-to-date: /workspaces/isaac_ros-dev/install/xacro/share/xacro/environment/path.sh
[5.566s] -- Up-to-date: /workspaces/isaac_ros-dev/install/xacro/share/xacro/environment/path.dsv
[5.567s] -- Up-to-date: /workspaces/isaac_ros-dev/install/xacro/share/xacro/local_setup.bash
[5.568s] -- Up-to-date: /workspaces/isaac_ros-dev/install/xacro/share/xacro/local_setup.sh
[5.568s] -- Up-to-date: /workspaces/isaac_ros-dev/install/xacro/share/xacro/local_setup.zsh
[5.568s] -- Up-to-date: /workspaces/isaac_ros-dev/install/xacro/share/xacro/local_setup.dsv
[5.569s] -- Installing: /workspaces/isaac_ros-dev/install/xacro/share/xacro/package.dsv
[5.569s] -- Up-to-date: /workspaces/isaac_ros-dev/install/xacro/share/ament_index/resource_index/packages/xacro
[5.570s] -- Up-to-date: /workspaces/isaac_ros-dev/install/xacro/share/xacro/cmake/xacro-extras.cmake
[5.570s] -- Up-to-date: /workspaces/isaac_ros-dev/install/xacro/share/xacro/cmake/xacroConfig.cmake
[5.571s] -- Up-to-date: /workspaces/isaac_ros-dev/install/xacro/share/xacro/cmake/xacroConfig-version.cmake
[5.571s] -- Up-to-date: /workspaces/isaac_ros-dev/install/xacro/share/xacro/package.xml
[5.893s] Invoked command in '/workspaces/isaac_ros-dev/build/xacro' returned '0': CMAKE_PREFIX_PATH=/workspaces/isaac_ros-dev/install/yolov8_bringup:/workspaces/isaac_ros-dev/install/multisense_ros:/workspaces/isaac_ros-dev/install/xacro:/workspaces/isaac_ros-dev/install/vision_msgs_rviz_plugins:/workspaces/isaac_ros-dev/install/vision_msgs:/workspaces/isaac_ros-dev/install/velodyne:/workspaces/isaac_ros-dev/install/velodyne_pointcloud:/workspaces/isaac_ros-dev/install/velodyne_driver:/workspaces/isaac_ros-dev/install/velodyne_msgs:/workspaces/isaac_ros-dev/install/velodyne_laserscan:/workspaces/isaac_ros-dev/install/vectornav:/workspaces/isaac_ros-dev/install/sdv_localization:/workspaces/isaac_ros-dev/install/vectornav_msgs:/workspaces/isaac_ros-dev/install/slam_toolbox:/workspaces/isaac_ros-dev/install/sdv_msg:/workspaces/isaac_ros-dev/install/sdv_localization_msgs:/workspaces/isaac_ros-dev/install/pointcloud_to_laserscan:/workspaces/isaac_ros-dev/install/my_package:/workspaces/isaac_ros-dev/install/multisense_msgs:/workspaces/isaac_ros-dev/install/multisense_lib:/workspaces/isaac_ros-dev/install/isaac_ros_visual_slam:/workspaces/isaac_ros-dev/install/isaac_ros_visual_slam_interfaces:/workspaces/isaac_ros-dev/install/isaac_ros_tensor_list_interfaces:/workspaces/isaac_ros-dev/install/isaac_ros_common:/workspaces/isaac_ros-dev/install/isaac_ros_bi3d_interfaces:/workspaces/isaac_ros-dev/install/isaac_ros_apriltag_interfaces:/workspaces/isaac_ros-dev/install/yolov8_ros:/workspaces/isaac_ros-dev/install/xbox_controller:/workspaces/isaac_ros-dev/install/panel:/workspaces/isaac_ros-dev/install/isaac_ros_test:/workspaces/isaac_ros-dev/install/encoder:/opt/ros/humble/install /usr/bin/cmake --install /workspaces/isaac_ros-dev/build/xacro
