[0.639s] Invoking command in '/workspaces/isaac_ros-dev/build/sdv_msg': CMAKE_PREFIX_PATH=/workspaces/isaac_ros-dev/install/yolov8_bringup:/workspaces/isaac_ros-dev/install/multisense_ros:/workspaces/isaac_ros-dev/install/xacro:/workspaces/isaac_ros-dev/install/vision_msgs_rviz_plugins:/workspaces/isaac_ros-dev/install/vision_msgs:/workspaces/isaac_ros-dev/install/velodyne:/workspaces/isaac_ros-dev/install/velodyne_pointcloud:/workspaces/isaac_ros-dev/install/velodyne_driver:/workspaces/isaac_ros-dev/install/velodyne_msgs:/workspaces/isaac_ros-dev/install/velodyne_laserscan:/workspaces/isaac_ros-dev/install/vectornav:/workspaces/isaac_ros-dev/install/sdv_localization:/workspaces/isaac_ros-dev/install/vectornav_msgs:/workspaces/isaac_ros-dev/install/slam_toolbox:/workspaces/isaac_ros-dev/install/sdv_msg:/workspaces/isaac_ros-dev/install/sdv_localization_msgs:/workspaces/isaac_ros-dev/install/pointcloud_to_laserscan:/workspaces/isaac_ros-dev/install/my_package:/workspaces/isaac_ros-dev/install/multisense_msgs:/workspaces/isaac_ros-dev/install/multisense_lib:/workspaces/isaac_ros-dev/install/isaac_ros_visual_slam:/workspaces/isaac_ros-dev/install/isaac_ros_visual_slam_interfaces:/workspaces/isaac_ros-dev/install/isaac_ros_tensor_list_interfaces:/workspaces/isaac_ros-dev/install/isaac_ros_common:/workspaces/isaac_ros-dev/install/isaac_ros_bi3d_interfaces:/workspaces/isaac_ros-dev/install/isaac_ros_apriltag_interfaces:/workspaces/isaac_ros-dev/install/yolov8_ros:/workspaces/isaac_ros-dev/install/xbox_controller:/workspaces/isaac_ros-dev/install/panel:/workspaces/isaac_ros-dev/install/isaac_ros_test:/workspaces/isaac_ros-dev/install/encoder:/opt/ros/humble/install /usr/bin/cmake --build /workspaces/isaac_ros-dev/build/sdv_msg -- -j8 -l8
[2.510s] [  2%] Built target sdv_msg__cpp
[2.510s] [ 12%] Built target sdv_msg__rosidl_generator_c
[2.511s] [ 12%] Built target ament_cmake_python_copy_sdv_msg
[2.513s] [ 23%] Built target sdv_msg__rosidl_typesupport_fastrtps_cpp
[2.513s] [ 33%] Built target sdv_msg__rosidl_typesupport_introspection_cpp
[2.514s] [ 43%] Built target sdv_msg__rosidl_typesupport_fastrtps_c
[2.514s] [ 53%] Built target sdv_msg__rosidl_typesupport_cpp
[2.514s] [ 64%] Built target sdv_msg__rosidl_typesupport_introspection_c
[2.514s] [ 74%] Built target sdv_msg__rosidl_typesupport_c
[2.514s] [ 74%] Built target sdv_msg
[2.515s] [ 76%] Built target sdv_msg__py
[2.515s] [ 84%] Built target sdv_msg__rosidl_generator_py
[2.515s] [ 89%] Built target sdv_msg__rosidl_typesupport_c__pyext
[2.515s] [ 94%] Built target sdv_msg__rosidl_typesupport_fastrtps_c__pyext
[2.516s] [100%] Built target sdv_msg__rosidl_typesupport_introspection_c__pyext
[2.553s] running egg_info
[2.625s] writing sdv_msg.egg-info/PKG-INFO
[2.626s] writing dependency_links to sdv_msg.egg-info/dependency_links.txt
[2.627s] writing top-level names to sdv_msg.egg-info/top_level.txt
[2.904s] reading manifest file 'sdv_msg.egg-info/SOURCES.txt'
[2.906s] writing manifest file 'sdv_msg.egg-info/SOURCES.txt'
[3.412s] [100%] Built target ament_cmake_python_build_sdv_msg_egg
[3.475s] Invoked command in '/workspaces/isaac_ros-dev/build/sdv_msg' returned '0': CMAKE_PREFIX_PATH=/workspaces/isaac_ros-dev/install/yolov8_bringup:/workspaces/isaac_ros-dev/install/multisense_ros:/workspaces/isaac_ros-dev/install/xacro:/workspaces/isaac_ros-dev/install/vision_msgs_rviz_plugins:/workspaces/isaac_ros-dev/install/vision_msgs:/workspaces/isaac_ros-dev/install/velodyne:/workspaces/isaac_ros-dev/install/velodyne_pointcloud:/workspaces/isaac_ros-dev/install/velodyne_driver:/workspaces/isaac_ros-dev/install/velodyne_msgs:/workspaces/isaac_ros-dev/install/velodyne_laserscan:/workspaces/isaac_ros-dev/install/vectornav:/workspaces/isaac_ros-dev/install/sdv_localization:/workspaces/isaac_ros-dev/install/vectornav_msgs:/workspaces/isaac_ros-dev/install/slam_toolbox:/workspaces/isaac_ros-dev/install/sdv_msg:/workspaces/isaac_ros-dev/install/sdv_localization_msgs:/workspaces/isaac_ros-dev/install/pointcloud_to_laserscan:/workspaces/isaac_ros-dev/install/my_package:/workspaces/isaac_ros-dev/install/multisense_msgs:/workspaces/isaac_ros-dev/install/multisense_lib:/workspaces/isaac_ros-dev/install/isaac_ros_visual_slam:/workspaces/isaac_ros-dev/install/isaac_ros_visual_slam_interfaces:/workspaces/isaac_ros-dev/install/isaac_ros_tensor_list_interfaces:/workspaces/isaac_ros-dev/install/isaac_ros_common:/workspaces/isaac_ros-dev/install/isaac_ros_bi3d_interfaces:/workspaces/isaac_ros-dev/install/isaac_ros_apriltag_interfaces:/workspaces/isaac_ros-dev/install/yolov8_ros:/workspaces/isaac_ros-dev/install/xbox_controller:/workspaces/isaac_ros-dev/install/panel:/workspaces/isaac_ros-dev/install/isaac_ros_test:/workspaces/isaac_ros-dev/install/encoder:/opt/ros/humble/install /usr/bin/cmake --build /workspaces/isaac_ros-dev/build/sdv_msg -- -j8 -l8
[4.886s] Invoking command in '/workspaces/isaac_ros-dev/build/sdv_msg': CMAKE_PREFIX_PATH=/workspaces/isaac_ros-dev/install/yolov8_bringup:/workspaces/isaac_ros-dev/install/multisense_ros:/workspaces/isaac_ros-dev/install/xacro:/workspaces/isaac_ros-dev/install/vision_msgs_rviz_plugins:/workspaces/isaac_ros-dev/install/vision_msgs:/workspaces/isaac_ros-dev/install/velodyne:/workspaces/isaac_ros-dev/install/velodyne_pointcloud:/workspaces/isaac_ros-dev/install/velodyne_driver:/workspaces/isaac_ros-dev/install/velodyne_msgs:/workspaces/isaac_ros-dev/install/velodyne_laserscan:/workspaces/isaac_ros-dev/install/vectornav:/workspaces/isaac_ros-dev/install/sdv_localization:/workspaces/isaac_ros-dev/install/vectornav_msgs:/workspaces/isaac_ros-dev/install/slam_toolbox:/workspaces/isaac_ros-dev/install/sdv_msg:/workspaces/isaac_ros-dev/install/sdv_localization_msgs:/workspaces/isaac_ros-dev/install/pointcloud_to_laserscan:/workspaces/isaac_ros-dev/install/my_package:/workspaces/isaac_ros-dev/install/multisense_msgs:/workspaces/isaac_ros-dev/install/multisense_lib:/workspaces/isaac_ros-dev/install/isaac_ros_visual_slam:/workspaces/isaac_ros-dev/install/isaac_ros_visual_slam_interfaces:/workspaces/isaac_ros-dev/install/isaac_ros_tensor_list_interfaces:/workspaces/isaac_ros-dev/install/isaac_ros_common:/workspaces/isaac_ros-dev/install/isaac_ros_bi3d_interfaces:/workspaces/isaac_ros-dev/install/isaac_ros_apriltag_interfaces:/workspaces/isaac_ros-dev/install/yolov8_ros:/workspaces/isaac_ros-dev/install/xbox_controller:/workspaces/isaac_ros-dev/install/panel:/workspaces/isaac_ros-dev/install/isaac_ros_test:/workspaces/isaac_ros-dev/install/encoder:/opt/ros/humble/install /usr/bin/cmake --install /workspaces/isaac_ros-dev/build/sdv_msg
[4.932s] -- Install configuration: ""
[4.933s] -- Up-to-date: /workspaces/isaac_ros-dev/install/sdv_msg/share/ament_index/resource_index/rosidl_interfaces/sdv_msg
[4.934s] -- Up-to-date: /workspaces/isaac_ros-dev/install/sdv_msg/include/sdv_msg/sdv_msg
[4.935s] -- Up-to-date: /workspaces/isaac_ros-dev/install/sdv_msg/include/sdv_msg/sdv_msg/msg
[4.936s] -- Up-to-date: /workspaces/isaac_ros-dev/install/sdv_msg/include/sdv_msg/sdv_msg/msg/xbox_msg.h
[4.937s] -- Up-to-date: /workspaces/isaac_ros-dev/install/sdv_msg/include/sdv_msg/sdv_msg/msg/rosidl_generator_c__visibility_control.h
[4.938s] -- Up-to-date: /workspaces/isaac_ros-dev/install/sdv_msg/include/sdv_msg/sdv_msg/msg/panel_msg.h
[4.938s] -- Up-to-date: /workspaces/isaac_ros-dev/install/sdv_msg/include/sdv_msg/sdv_msg/msg/detail
[4.939s] -- Up-to-date: /workspaces/isaac_ros-dev/install/sdv_msg/include/sdv_msg/sdv_msg/msg/detail/xbox_msg__functions.h
[4.940s] -- Up-to-date: /workspaces/isaac_ros-dev/install/sdv_msg/include/sdv_msg/sdv_msg/msg/detail/panel_msg__type_support.h
[4.940s] -- Up-to-date: /workspaces/isaac_ros-dev/install/sdv_msg/include/sdv_msg/sdv_msg/msg/detail/xbox_msg__functions.c
[4.941s] -- Up-to-date: /workspaces/isaac_ros-dev/install/sdv_msg/include/sdv_msg/sdv_msg/msg/detail/panel_msg__functions.c
[4.942s] -- Up-to-date: /workspaces/isaac_ros-dev/install/sdv_msg/include/sdv_msg/sdv_msg/msg/detail/xbox_msg__struct.h
[4.943s] -- Up-to-date: /workspaces/isaac_ros-dev/install/sdv_msg/include/sdv_msg/sdv_msg/msg/detail/panel_msg__functions.h
[4.943s] -- Up-to-date: /workspaces/isaac_ros-dev/install/sdv_msg/include/sdv_msg/sdv_msg/msg/detail/panel_msg__struct.h
[4.944s] -- Up-to-date: /workspaces/isaac_ros-dev/install/sdv_msg/include/sdv_msg/sdv_msg/msg/detail/xbox_msg__type_support.h
[4.945s] -- Up-to-date: /workspaces/isaac_ros-dev/install/sdv_msg/share/sdv_msg/environment/library_path.sh
[4.947s] -- Up-to-date: /workspaces/isaac_ros-dev/install/sdv_msg/share/sdv_msg/environment/library_path.dsv
[4.948s] -- Up-to-date: /workspaces/isaac_ros-dev/install/sdv_msg/lib/libsdv_msg__rosidl_generator_c.so
[4.951s] -- Up-to-date: /workspaces/isaac_ros-dev/install/sdv_msg/include/sdv_msg/sdv_msg
[4.952s] -- Up-to-date: /workspaces/isaac_ros-dev/install/sdv_msg/include/sdv_msg/sdv_msg/msg
[4.953s] -- Up-to-date: /workspaces/isaac_ros-dev/install/sdv_msg/include/sdv_msg/sdv_msg/msg/rosidl_typesupport_fastrtps_c__visibility_control.h
[4.953s] -- Up-to-date: /workspaces/isaac_ros-dev/install/sdv_msg/include/sdv_msg/sdv_msg/msg/detail
[4.954s] -- Up-to-date: /workspaces/isaac_ros-dev/install/sdv_msg/include/sdv_msg/sdv_msg/msg/detail/panel_msg__rosidl_typesupport_fastrtps_c.h
[4.955s] -- Up-to-date: /workspaces/isaac_ros-dev/install/sdv_msg/include/sdv_msg/sdv_msg/msg/detail/xbox_msg__rosidl_typesupport_fastrtps_c.h
[4.957s] -- Up-to-date: /workspaces/isaac_ros-dev/install/sdv_msg/lib/libsdv_msg__rosidl_typesupport_fastrtps_c.so
[4.959s] -- Up-to-date: /workspaces/isaac_ros-dev/install/sdv_msg/include/sdv_msg/sdv_msg
[4.960s] -- Up-to-date: /workspaces/isaac_ros-dev/install/sdv_msg/include/sdv_msg/sdv_msg/msg
[4.960s] -- Up-to-date: /workspaces/isaac_ros-dev/install/sdv_msg/include/sdv_msg/sdv_msg/msg/xbox_msg.hpp
[4.961s] -- Up-to-date: /workspaces/isaac_ros-dev/install/sdv_msg/include/sdv_msg/sdv_msg/msg/panel_msg.hpp
[4.962s] -- Up-to-date: /workspaces/isaac_ros-dev/install/sdv_msg/include/sdv_msg/sdv_msg/msg/detail
[4.963s] -- Up-to-date: /workspaces/isaac_ros-dev/install/sdv_msg/include/sdv_msg/sdv_msg/msg/detail/panel_msg__builder.hpp
[4.963s] -- Up-to-date: /workspaces/isaac_ros-dev/install/sdv_msg/include/sdv_msg/sdv_msg/msg/detail/xbox_msg__struct.hpp
[4.964s] -- Up-to-date: /workspaces/isaac_ros-dev/install/sdv_msg/include/sdv_msg/sdv_msg/msg/detail/panel_msg__struct.hpp
[4.964s] -- Up-to-date: /workspaces/isaac_ros-dev/install/sdv_msg/include/sdv_msg/sdv_msg/msg/detail/panel_msg__traits.hpp
[4.965s] -- Up-to-date: /workspaces/isaac_ros-dev/install/sdv_msg/include/sdv_msg/sdv_msg/msg/detail/xbox_msg__builder.hpp
[4.966s] -- Up-to-date: /workspaces/isaac_ros-dev/install/sdv_msg/include/sdv_msg/sdv_msg/msg/detail/xbox_msg__traits.hpp
[4.968s] -- Up-to-date: /workspaces/isaac_ros-dev/install/sdv_msg/include/sdv_msg/sdv_msg
[4.969s] -- Up-to-date: /workspaces/isaac_ros-dev/install/sdv_msg/include/sdv_msg/sdv_msg/msg
[4.985s] -- Up-to-date: /workspaces/isaac_ros-dev/install/sdv_msg/include/sdv_msg/sdv_msg/msg/rosidl_typesupport_fastrtps_cpp__visibility_control.h
[4.985s] -- Up-to-date: /workspaces/isaac_ros-dev/install/sdv_msg/include/sdv_msg/sdv_msg/msg/detail
[4.985s] -- Up-to-date: /workspaces/isaac_ros-dev/install/sdv_msg/include/sdv_msg/sdv_msg/msg/detail/panel_msg__rosidl_typesupport_fastrtps_cpp.hpp
[4.985s] -- Up-to-date: /workspaces/isaac_ros-dev/install/sdv_msg/include/sdv_msg/sdv_msg/msg/detail/dds_fastrtps
[4.986s] -- Up-to-date: /workspaces/isaac_ros-dev/install/sdv_msg/include/sdv_msg/sdv_msg/msg/detail/xbox_msg__rosidl_typesupport_fastrtps_cpp.hpp
[4.986s] -- Up-to-date: /workspaces/isaac_ros-dev/install/sdv_msg/lib/libsdv_msg__rosidl_typesupport_fastrtps_cpp.so
[4.986s] -- Up-to-date: /workspaces/isaac_ros-dev/install/sdv_msg/include/sdv_msg/sdv_msg
[4.986s] -- Up-to-date: /workspaces/isaac_ros-dev/install/sdv_msg/include/sdv_msg/sdv_msg/msg
[4.987s] -- Up-to-date: /workspaces/isaac_ros-dev/install/sdv_msg/include/sdv_msg/sdv_msg/msg/detail
[4.987s] -- Up-to-date: /workspaces/isaac_ros-dev/install/sdv_msg/include/sdv_msg/sdv_msg/msg/detail/panel_msg__rosidl_typesupport_introspection_c.h
[4.987s] -- Up-to-date: /workspaces/isaac_ros-dev/install/sdv_msg/include/sdv_msg/sdv_msg/msg/detail/xbox_msg__rosidl_typesupport_introspection_c.h
[4.988s] -- Up-to-date: /workspaces/isaac_ros-dev/install/sdv_msg/include/sdv_msg/sdv_msg/msg/detail/panel_msg__type_support.c
[4.988s] -- Up-to-date: /workspaces/isaac_ros-dev/install/sdv_msg/include/sdv_msg/sdv_msg/msg/detail/xbox_msg__type_support.c
[4.988s] -- Up-to-date: /workspaces/isaac_ros-dev/install/sdv_msg/include/sdv_msg/sdv_msg/msg/rosidl_typesupport_introspection_c__visibility_control.h
[4.988s] -- Up-to-date: /workspaces/isaac_ros-dev/install/sdv_msg/lib/libsdv_msg__rosidl_typesupport_introspection_c.so
[4.988s] -- Up-to-date: /workspaces/isaac_ros-dev/install/sdv_msg/lib/libsdv_msg__rosidl_typesupport_c.so
[4.989s] -- Up-to-date: /workspaces/isaac_ros-dev/install/sdv_msg/include/sdv_msg/sdv_msg
[4.989s] -- Up-to-date: /workspaces/isaac_ros-dev/install/sdv_msg/include/sdv_msg/sdv_msg/msg
[4.989s] -- Up-to-date: /workspaces/isaac_ros-dev/install/sdv_msg/include/sdv_msg/sdv_msg/msg/detail
[4.989s] -- Up-to-date: /workspaces/isaac_ros-dev/install/sdv_msg/include/sdv_msg/sdv_msg/msg/detail/xbox_msg__rosidl_typesupport_introspection_cpp.hpp
[4.990s] -- Up-to-date: /workspaces/isaac_ros-dev/install/sdv_msg/include/sdv_msg/sdv_msg/msg/detail/panel_msg__rosidl_typesupport_introspection_cpp.hpp
[4.990s] -- Up-to-date: /workspaces/isaac_ros-dev/install/sdv_msg/include/sdv_msg/sdv_msg/msg/detail/panel_msg__type_support.cpp
[4.990s] -- Up-to-date: /workspaces/isaac_ros-dev/install/sdv_msg/include/sdv_msg/sdv_msg/msg/detail/xbox_msg__type_support.cpp
[4.990s] -- Up-to-date: /workspaces/isaac_ros-dev/install/sdv_msg/lib/libsdv_msg__rosidl_typesupport_introspection_cpp.so
[4.991s] -- Up-to-date: /workspaces/isaac_ros-dev/install/sdv_msg/lib/libsdv_msg__rosidl_typesupport_cpp.so
[4.991s] -- Up-to-date: /workspaces/isaac_ros-dev/install/sdv_msg/share/sdv_msg/environment/pythonpath.sh
[4.992s] -- Up-to-date: /workspaces/isaac_ros-dev/install/sdv_msg/share/sdv_msg/environment/pythonpath.dsv
[4.992s] -- Up-to-date: /workspaces/isaac_ros-dev/install/sdv_msg/lib/python3.8/site-packages/sdv_msg-0.0.0-py3.8.egg-info
[4.992s] -- Installing: /workspaces/isaac_ros-dev/install/sdv_msg/lib/python3.8/site-packages/sdv_msg-0.0.0-py3.8.egg-info/top_level.txt
[4.993s] -- Installing: /workspaces/isaac_ros-dev/install/sdv_msg/lib/python3.8/site-packages/sdv_msg-0.0.0-py3.8.egg-info/dependency_links.txt
[4.993s] -- Installing: /workspaces/isaac_ros-dev/install/sdv_msg/lib/python3.8/site-packages/sdv_msg-0.0.0-py3.8.egg-info/SOURCES.txt
[4.993s] -- Installing: /workspaces/isaac_ros-dev/install/sdv_msg/lib/python3.8/site-packages/sdv_msg-0.0.0-py3.8.egg-info/PKG-INFO
[4.993s] -- Up-to-date: /workspaces/isaac_ros-dev/install/sdv_msg/lib/python3.8/site-packages/sdv_msg
[4.993s] -- Up-to-date: /workspaces/isaac_ros-dev/install/sdv_msg/lib/python3.8/site-packages/sdv_msg/sdv_msg_s__rosidl_typesupport_fastrtps_c.cpython-38-aarch64-linux-gnu.so
[4.994s] -- Up-to-date: /workspaces/isaac_ros-dev/install/sdv_msg/lib/python3.8/site-packages/sdv_msg/sdv_msg_s__rosidl_typesupport_introspection_c.cpython-38-aarch64-linux-gnu.so
[4.994s] -- Up-to-date: /workspaces/isaac_ros-dev/install/sdv_msg/lib/python3.8/site-packages/sdv_msg/__init__.py
[4.994s] -- Up-to-date: /workspaces/isaac_ros-dev/install/sdv_msg/lib/python3.8/site-packages/sdv_msg/msg
[4.994s] -- Up-to-date: /workspaces/isaac_ros-dev/install/sdv_msg/lib/python3.8/site-packages/sdv_msg/msg/__init__.py
[4.995s] -- Up-to-date: /workspaces/isaac_ros-dev/install/sdv_msg/lib/python3.8/site-packages/sdv_msg/msg/_xbox_msg_s.c
[4.997s] -- Up-to-date: /workspaces/isaac_ros-dev/install/sdv_msg/lib/python3.8/site-packages/sdv_msg/msg/_panel_msg.py
[4.997s] -- Up-to-date: /workspaces/isaac_ros-dev/install/sdv_msg/lib/python3.8/site-packages/sdv_msg/msg/_xbox_msg.py
[4.997s] -- Up-to-date: /workspaces/isaac_ros-dev/install/sdv_msg/lib/python3.8/site-packages/sdv_msg/msg/_panel_msg_s.c
[4.998s] -- Up-to-date: /workspaces/isaac_ros-dev/install/sdv_msg/lib/python3.8/site-packages/sdv_msg/libsdv_msg__rosidl_generator_py.so
[4.998s] -- Up-to-date: /workspaces/isaac_ros-dev/install/sdv_msg/lib/python3.8/site-packages/sdv_msg/_sdv_msg_s.ep.rosidl_typesupport_introspection_c.c
[4.998s] -- Up-to-date: /workspaces/isaac_ros-dev/install/sdv_msg/lib/python3.8/site-packages/sdv_msg/_sdv_msg_s.ep.rosidl_typesupport_c.c
[4.998s] -- Up-to-date: /workspaces/isaac_ros-dev/install/sdv_msg/lib/python3.8/site-packages/sdv_msg/_sdv_msg_s.ep.rosidl_typesupport_fastrtps_c.c
[4.999s] -- Up-to-date: /workspaces/isaac_ros-dev/install/sdv_msg/lib/python3.8/site-packages/sdv_msg/sdv_msg_s__rosidl_typesupport_c.cpython-38-aarch64-linux-gnu.so
[5.173s] Listing '/workspaces/isaac_ros-dev/install/sdv_msg/lib/python3.8/site-packages/sdv_msg'...
[5.174s] Listing '/workspaces/isaac_ros-dev/install/sdv_msg/lib/python3.8/site-packages/sdv_msg/msg'...
[5.188s] -- Up-to-date: /workspaces/isaac_ros-dev/install/sdv_msg/lib/python3.8/site-packages/sdv_msg/sdv_msg_s__rosidl_typesupport_fastrtps_c.cpython-38-aarch64-linux-gnu.so
[5.190s] -- Up-to-date: /workspaces/isaac_ros-dev/install/sdv_msg/lib/python3.8/site-packages/sdv_msg/sdv_msg_s__rosidl_typesupport_introspection_c.cpython-38-aarch64-linux-gnu.so
[5.192s] -- Up-to-date: /workspaces/isaac_ros-dev/install/sdv_msg/lib/python3.8/site-packages/sdv_msg/sdv_msg_s__rosidl_typesupport_c.cpython-38-aarch64-linux-gnu.so
[5.194s] -- Up-to-date: /workspaces/isaac_ros-dev/install/sdv_msg/lib/libsdv_msg__rosidl_generator_py.so
[5.195s] -- Up-to-date: /workspaces/isaac_ros-dev/install/sdv_msg/share/sdv_msg/msg/PanelMsg.idl
[5.196s] -- Up-to-date: /workspaces/isaac_ros-dev/install/sdv_msg/share/sdv_msg/msg/XboxMsg.idl
[5.197s] -- Up-to-date: /workspaces/isaac_ros-dev/install/sdv_msg/share/sdv_msg/msg/PanelMsg.msg
[5.197s] -- Up-to-date: /workspaces/isaac_ros-dev/install/sdv_msg/share/sdv_msg/msg/XboxMsg.msg
[5.198s] -- Up-to-date: /workspaces/isaac_ros-dev/install/sdv_msg/share/ament_index/resource_index/package_run_dependencies/sdv_msg
[5.198s] -- Up-to-date: /workspaces/isaac_ros-dev/install/sdv_msg/share/ament_index/resource_index/parent_prefix_path/sdv_msg
[5.199s] -- Up-to-date: /workspaces/isaac_ros-dev/install/sdv_msg/share/sdv_msg/environment/ament_prefix_path.sh
[5.199s] -- Up-to-date: /workspaces/isaac_ros-dev/install/sdv_msg/share/sdv_msg/environment/ament_prefix_path.dsv
[5.200s] -- Up-to-date: /workspaces/isaac_ros-dev/install/sdv_msg/share/sdv_msg/environment/path.sh
[5.200s] -- Up-to-date: /workspaces/isaac_ros-dev/install/sdv_msg/share/sdv_msg/environment/path.dsv
[5.201s] -- Up-to-date: /workspaces/isaac_ros-dev/install/sdv_msg/share/sdv_msg/local_setup.bash
[5.201s] -- Up-to-date: /workspaces/isaac_ros-dev/install/sdv_msg/share/sdv_msg/local_setup.sh
[5.202s] -- Up-to-date: /workspaces/isaac_ros-dev/install/sdv_msg/share/sdv_msg/local_setup.zsh
[5.202s] -- Up-to-date: /workspaces/isaac_ros-dev/install/sdv_msg/share/sdv_msg/local_setup.dsv
[5.203s] -- Installing: /workspaces/isaac_ros-dev/install/sdv_msg/share/sdv_msg/package.dsv
[5.204s] -- Up-to-date: /workspaces/isaac_ros-dev/install/sdv_msg/share/ament_index/resource_index/packages/sdv_msg
[5.206s] -- Up-to-date: /workspaces/isaac_ros-dev/install/sdv_msg/share/sdv_msg/cmake/export_sdv_msg__rosidl_generator_cExport.cmake
[5.207s] -- Up-to-date: /workspaces/isaac_ros-dev/install/sdv_msg/share/sdv_msg/cmake/export_sdv_msg__rosidl_generator_cExport-noconfig.cmake
[5.207s] -- Up-to-date: /workspaces/isaac_ros-dev/install/sdv_msg/share/sdv_msg/cmake/export_sdv_msg__rosidl_typesupport_fastrtps_cExport.cmake
[5.208s] -- Up-to-date: /workspaces/isaac_ros-dev/install/sdv_msg/share/sdv_msg/cmake/export_sdv_msg__rosidl_typesupport_fastrtps_cExport-noconfig.cmake
[5.208s] -- Up-to-date: /workspaces/isaac_ros-dev/install/sdv_msg/share/sdv_msg/cmake/export_sdv_msg__rosidl_generator_cppExport.cmake
[5.208s] -- Up-to-date: /workspaces/isaac_ros-dev/install/sdv_msg/share/sdv_msg/cmake/export_sdv_msg__rosidl_typesupport_fastrtps_cppExport.cmake
[5.209s] -- Up-to-date: /workspaces/isaac_ros-dev/install/sdv_msg/share/sdv_msg/cmake/export_sdv_msg__rosidl_typesupport_fastrtps_cppExport-noconfig.cmake
[5.210s] -- Up-to-date: /workspaces/isaac_ros-dev/install/sdv_msg/share/sdv_msg/cmake/sdv_msg__rosidl_typesupport_introspection_cExport.cmake
[5.210s] -- Up-to-date: /workspaces/isaac_ros-dev/install/sdv_msg/share/sdv_msg/cmake/sdv_msg__rosidl_typesupport_introspection_cExport-noconfig.cmake
[5.211s] -- Up-to-date: /workspaces/isaac_ros-dev/install/sdv_msg/share/sdv_msg/cmake/sdv_msg__rosidl_typesupport_cExport.cmake
[5.212s] -- Up-to-date: /workspaces/isaac_ros-dev/install/sdv_msg/share/sdv_msg/cmake/sdv_msg__rosidl_typesupport_cExport-noconfig.cmake
[5.213s] -- Up-to-date: /workspaces/isaac_ros-dev/install/sdv_msg/share/sdv_msg/cmake/sdv_msg__rosidl_typesupport_introspection_cppExport.cmake
[5.213s] -- Up-to-date: /workspaces/isaac_ros-dev/install/sdv_msg/share/sdv_msg/cmake/sdv_msg__rosidl_typesupport_introspection_cppExport-noconfig.cmake
[5.214s] -- Up-to-date: /workspaces/isaac_ros-dev/install/sdv_msg/share/sdv_msg/cmake/sdv_msg__rosidl_typesupport_cppExport.cmake
[5.215s] -- Up-to-date: /workspaces/isaac_ros-dev/install/sdv_msg/share/sdv_msg/cmake/sdv_msg__rosidl_typesupport_cppExport-noconfig.cmake
[5.216s] -- Up-to-date: /workspaces/isaac_ros-dev/install/sdv_msg/share/sdv_msg/cmake/export_sdv_msg__rosidl_generator_pyExport.cmake
[5.217s] -- Up-to-date: /workspaces/isaac_ros-dev/install/sdv_msg/share/sdv_msg/cmake/export_sdv_msg__rosidl_generator_pyExport-noconfig.cmake
[5.218s] -- Up-to-date: /workspaces/isaac_ros-dev/install/sdv_msg/share/sdv_msg/cmake/rosidl_cmake-extras.cmake
[5.218s] -- Up-to-date: /workspaces/isaac_ros-dev/install/sdv_msg/share/sdv_msg/cmake/ament_cmake_export_dependencies-extras.cmake
[5.219s] -- Up-to-date: /workspaces/isaac_ros-dev/install/sdv_msg/share/sdv_msg/cmake/ament_cmake_export_include_directories-extras.cmake
[5.220s] -- Up-to-date: /workspaces/isaac_ros-dev/install/sdv_msg/share/sdv_msg/cmake/ament_cmake_export_libraries-extras.cmake
[5.221s] -- Up-to-date: /workspaces/isaac_ros-dev/install/sdv_msg/share/sdv_msg/cmake/ament_cmake_export_targets-extras.cmake
[5.222s] -- Up-to-date: /workspaces/isaac_ros-dev/install/sdv_msg/share/sdv_msg/cmake/rosidl_cmake_export_typesupport_targets-extras.cmake
[5.222s] -- Up-to-date: /workspaces/isaac_ros-dev/install/sdv_msg/share/sdv_msg/cmake/rosidl_cmake_export_typesupport_libraries-extras.cmake
[5.222s] -- Up-to-date: /workspaces/isaac_ros-dev/install/sdv_msg/share/sdv_msg/cmake/sdv_msgConfig.cmake
[5.223s] -- Up-to-date: /workspaces/isaac_ros-dev/install/sdv_msg/share/sdv_msg/cmake/sdv_msgConfig-version.cmake
[5.223s] -- Up-to-date: /workspaces/isaac_ros-dev/install/sdv_msg/share/sdv_msg/package.xml
[5.400s] Invoked command in '/workspaces/isaac_ros-dev/build/sdv_msg' returned '0': CMAKE_PREFIX_PATH=/workspaces/isaac_ros-dev/install/yolov8_bringup:/workspaces/isaac_ros-dev/install/multisense_ros:/workspaces/isaac_ros-dev/install/xacro:/workspaces/isaac_ros-dev/install/vision_msgs_rviz_plugins:/workspaces/isaac_ros-dev/install/vision_msgs:/workspaces/isaac_ros-dev/install/velodyne:/workspaces/isaac_ros-dev/install/velodyne_pointcloud:/workspaces/isaac_ros-dev/install/velodyne_driver:/workspaces/isaac_ros-dev/install/velodyne_msgs:/workspaces/isaac_ros-dev/install/velodyne_laserscan:/workspaces/isaac_ros-dev/install/vectornav:/workspaces/isaac_ros-dev/install/sdv_localization:/workspaces/isaac_ros-dev/install/vectornav_msgs:/workspaces/isaac_ros-dev/install/slam_toolbox:/workspaces/isaac_ros-dev/install/sdv_msg:/workspaces/isaac_ros-dev/install/sdv_localization_msgs:/workspaces/isaac_ros-dev/install/pointcloud_to_laserscan:/workspaces/isaac_ros-dev/install/my_package:/workspaces/isaac_ros-dev/install/multisense_msgs:/workspaces/isaac_ros-dev/install/multisense_lib:/workspaces/isaac_ros-dev/install/isaac_ros_visual_slam:/workspaces/isaac_ros-dev/install/isaac_ros_visual_slam_interfaces:/workspaces/isaac_ros-dev/install/isaac_ros_tensor_list_interfaces:/workspaces/isaac_ros-dev/install/isaac_ros_common:/workspaces/isaac_ros-dev/install/isaac_ros_bi3d_interfaces:/workspaces/isaac_ros-dev/install/isaac_ros_apriltag_interfaces:/workspaces/isaac_ros-dev/install/yolov8_ros:/workspaces/isaac_ros-dev/install/xbox_controller:/workspaces/isaac_ros-dev/install/panel:/workspaces/isaac_ros-dev/install/isaac_ros_test:/workspaces/isaac_ros-dev/install/encoder:/opt/ros/humble/install /usr/bin/cmake --install /workspaces/isaac_ros-dev/build/sdv_msg
