[0.621s] Invoking command in '/workspaces/isaac_ros-dev/build/sdv_msg': CMAKE_PREFIX_PATH=/workspaces/isaac_ros-dev/install/yolov8_bringup:/workspaces/isaac_ros-dev/install/multisense_ros:/workspaces/isaac_ros-dev/install/xacro:/workspaces/isaac_ros-dev/install/vision_msgs_rviz_plugins:/workspaces/isaac_ros-dev/install/vision_msgs:/workspaces/isaac_ros-dev/install/velodyne:/workspaces/isaac_ros-dev/install/velodyne_pointcloud:/workspaces/isaac_ros-dev/install/velodyne_driver:/workspaces/isaac_ros-dev/install/velodyne_msgs:/workspaces/isaac_ros-dev/install/velodyne_laserscan:/workspaces/isaac_ros-dev/install/vectornav:/workspaces/isaac_ros-dev/install/sdv_localization:/workspaces/isaac_ros-dev/install/vectornav_msgs:/workspaces/isaac_ros-dev/install/slam_toolbox:/workspaces/isaac_ros-dev/install/sdv_msg:/workspaces/isaac_ros-dev/install/sdv_localization_msgs:/workspaces/isaac_ros-dev/install/pointcloud_to_laserscan:/workspaces/isaac_ros-dev/install/my_package:/workspaces/isaac_ros-dev/install/multisense_msgs:/workspaces/isaac_ros-dev/install/multisense_lib:/workspaces/isaac_ros-dev/install/isaac_ros_visual_slam:/workspaces/isaac_ros-dev/install/isaac_ros_visual_slam_interfaces:/workspaces/isaac_ros-dev/install/isaac_ros_tensor_list_interfaces:/workspaces/isaac_ros-dev/install/isaac_ros_common:/workspaces/isaac_ros-dev/install/isaac_ros_bi3d_interfaces:/workspaces/isaac_ros-dev/install/isaac_ros_apriltag_interfaces:/workspaces/isaac_ros-dev/install/yolov8_ros:/workspaces/isaac_ros-dev/install/xbox_controller:/workspaces/isaac_ros-dev/install/panel:/workspaces/isaac_ros-dev/install/isaac_ros_test:/workspaces/isaac_ros-dev/install/encoder:/opt/ros/humble/install /usr/bin/cmake --build /workspaces/isaac_ros-dev/build/sdv_msg -- -j8 -l8
[2.483s] [ 10%] Built target sdv_msg__rosidl_generator_c
[2.483s] [ 12%] Built target sdv_msg__cpp
[2.484s] [ 12%] Built target ament_cmake_python_copy_sdv_msg
[2.484s] [ 23%] Built target sdv_msg__rosidl_typesupport_introspection_c
[2.485s] [ 33%] Built target sdv_msg__rosidl_typesupport_fastrtps_cpp
[2.485s] [ 43%] Built target sdv_msg__rosidl_typesupport_c
[2.485s] [ 53%] Built target sdv_msg__rosidl_typesupport_introspection_cpp
[2.486s] [ 64%] Built target sdv_msg__rosidl_typesupport_cpp
[2.486s] [ 74%] Built target sdv_msg__rosidl_typesupport_fastrtps_c
[2.486s] [ 74%] Built target sdv_msg
[2.486s] [ 76%] Built target sdv_msg__py
[2.487s] [ 84%] Built target sdv_msg__rosidl_generator_py
[2.487s] [ 89%] Built target sdv_msg__rosidl_typesupport_fastrtps_c__pyext
[2.487s] [ 94%] Built target sdv_msg__rosidl_typesupport_c__pyext
[2.488s] [100%] Built target sdv_msg__rosidl_typesupport_introspection_c__pyext
[2.527s] running egg_info
[2.599s] writing sdv_msg.egg-info/PKG-INFO
[2.600s] writing dependency_links to sdv_msg.egg-info/dependency_links.txt
[2.601s] writing top-level names to sdv_msg.egg-info/top_level.txt
[2.839s] reading manifest file 'sdv_msg.egg-info/SOURCES.txt'
[2.845s] writing manifest file 'sdv_msg.egg-info/SOURCES.txt'
[3.304s] [100%] Built target ament_cmake_python_build_sdv_msg_egg
[3.368s] Invoked command in '/workspaces/isaac_ros-dev/build/sdv_msg' returned '0': CMAKE_PREFIX_PATH=/workspaces/isaac_ros-dev/install/yolov8_bringup:/workspaces/isaac_ros-dev/install/multisense_ros:/workspaces/isaac_ros-dev/install/xacro:/workspaces/isaac_ros-dev/install/vision_msgs_rviz_plugins:/workspaces/isaac_ros-dev/install/vision_msgs:/workspaces/isaac_ros-dev/install/velodyne:/workspaces/isaac_ros-dev/install/velodyne_pointcloud:/workspaces/isaac_ros-dev/install/velodyne_driver:/workspaces/isaac_ros-dev/install/velodyne_msgs:/workspaces/isaac_ros-dev/install/velodyne_laserscan:/workspaces/isaac_ros-dev/install/vectornav:/workspaces/isaac_ros-dev/install/sdv_localization:/workspaces/isaac_ros-dev/install/vectornav_msgs:/workspaces/isaac_ros-dev/install/slam_toolbox:/workspaces/isaac_ros-dev/install/sdv_msg:/workspaces/isaac_ros-dev/install/sdv_localization_msgs:/workspaces/isaac_ros-dev/install/pointcloud_to_laserscan:/workspaces/isaac_ros-dev/install/my_package:/workspaces/isaac_ros-dev/install/multisense_msgs:/workspaces/isaac_ros-dev/install/multisense_lib:/workspaces/isaac_ros-dev/install/isaac_ros_visual_slam:/workspaces/isaac_ros-dev/install/isaac_ros_visual_slam_interfaces:/workspaces/isaac_ros-dev/install/isaac_ros_tensor_list_interfaces:/workspaces/isaac_ros-dev/install/isaac_ros_common:/workspaces/isaac_ros-dev/install/isaac_ros_bi3d_interfaces:/workspaces/isaac_ros-dev/install/isaac_ros_apriltag_interfaces:/workspaces/isaac_ros-dev/install/yolov8_ros:/workspaces/isaac_ros-dev/install/xbox_controller:/workspaces/isaac_ros-dev/install/panel:/workspaces/isaac_ros-dev/install/isaac_ros_test:/workspaces/isaac_ros-dev/install/encoder:/opt/ros/humble/install /usr/bin/cmake --build /workspaces/isaac_ros-dev/build/sdv_msg -- -j8 -l8
[4.712s] Invoking command in '/workspaces/isaac_ros-dev/build/sdv_msg': CMAKE_PREFIX_PATH=/workspaces/isaac_ros-dev/install/yolov8_bringup:/workspaces/isaac_ros-dev/install/multisense_ros:/workspaces/isaac_ros-dev/install/xacro:/workspaces/isaac_ros-dev/install/vision_msgs_rviz_plugins:/workspaces/isaac_ros-dev/install/vision_msgs:/workspaces/isaac_ros-dev/install/velodyne:/workspaces/isaac_ros-dev/install/velodyne_pointcloud:/workspaces/isaac_ros-dev/install/velodyne_driver:/workspaces/isaac_ros-dev/install/velodyne_msgs:/workspaces/isaac_ros-dev/install/velodyne_laserscan:/workspaces/isaac_ros-dev/install/vectornav:/workspaces/isaac_ros-dev/install/sdv_localization:/workspaces/isaac_ros-dev/install/vectornav_msgs:/workspaces/isaac_ros-dev/install/slam_toolbox:/workspaces/isaac_ros-dev/install/sdv_msg:/workspaces/isaac_ros-dev/install/sdv_localization_msgs:/workspaces/isaac_ros-dev/install/pointcloud_to_laserscan:/workspaces/isaac_ros-dev/install/my_package:/workspaces/isaac_ros-dev/install/multisense_msgs:/workspaces/isaac_ros-dev/install/multisense_lib:/workspaces/isaac_ros-dev/install/isaac_ros_visual_slam:/workspaces/isaac_ros-dev/install/isaac_ros_visual_slam_interfaces:/workspaces/isaac_ros-dev/install/isaac_ros_tensor_list_interfaces:/workspaces/isaac_ros-dev/install/isaac_ros_common:/workspaces/isaac_ros-dev/install/isaac_ros_bi3d_interfaces:/workspaces/isaac_ros-dev/install/isaac_ros_apriltag_interfaces:/workspaces/isaac_ros-dev/install/yolov8_ros:/workspaces/isaac_ros-dev/install/xbox_controller:/workspaces/isaac_ros-dev/install/panel:/workspaces/isaac_ros-dev/install/isaac_ros_test:/workspaces/isaac_ros-dev/install/encoder:/opt/ros/humble/install /usr/bin/cmake --install /workspaces/isaac_ros-dev/build/sdv_msg
[4.756s] -- Install configuration: ""
[4.757s] -- Up-to-date: /workspaces/isaac_ros-dev/install/sdv_msg/share/ament_index/resource_index/rosidl_interfaces/sdv_msg
[4.760s] -- Up-to-date: /workspaces/isaac_ros-dev/install/sdv_msg/include/sdv_msg/sdv_msg
[4.761s] -- Up-to-date: /workspaces/isaac_ros-dev/install/sdv_msg/include/sdv_msg/sdv_msg/msg
[4.762s] -- Up-to-date: /workspaces/isaac_ros-dev/install/sdv_msg/include/sdv_msg/sdv_msg/msg/xbox_msg.h
[4.763s] -- Up-to-date: /workspaces/isaac_ros-dev/install/sdv_msg/include/sdv_msg/sdv_msg/msg/rosidl_generator_c__visibility_control.h
[4.764s] -- Up-to-date: /workspaces/isaac_ros-dev/install/sdv_msg/include/sdv_msg/sdv_msg/msg/panel_msg.h
[4.765s] -- Up-to-date: /workspaces/isaac_ros-dev/install/sdv_msg/include/sdv_msg/sdv_msg/msg/detail
[4.766s] -- Up-to-date: /workspaces/isaac_ros-dev/install/sdv_msg/include/sdv_msg/sdv_msg/msg/detail/xbox_msg__functions.h
[4.767s] -- Up-to-date: /workspaces/isaac_ros-dev/install/sdv_msg/include/sdv_msg/sdv_msg/msg/detail/panel_msg__type_support.h
[4.767s] -- Up-to-date: /workspaces/isaac_ros-dev/install/sdv_msg/include/sdv_msg/sdv_msg/msg/detail/xbox_msg__functions.c
[4.768s] -- Up-to-date: /workspaces/isaac_ros-dev/install/sdv_msg/include/sdv_msg/sdv_msg/msg/detail/panel_msg__functions.c
[4.769s] -- Up-to-date: /workspaces/isaac_ros-dev/install/sdv_msg/include/sdv_msg/sdv_msg/msg/detail/xbox_msg__struct.h
[4.771s] -- Up-to-date: /workspaces/isaac_ros-dev/install/sdv_msg/include/sdv_msg/sdv_msg/msg/detail/panel_msg__functions.h
[4.772s] -- Up-to-date: /workspaces/isaac_ros-dev/install/sdv_msg/include/sdv_msg/sdv_msg/msg/detail/panel_msg__struct.h
[4.773s] -- Up-to-date: /workspaces/isaac_ros-dev/install/sdv_msg/include/sdv_msg/sdv_msg/msg/detail/xbox_msg__type_support.h
[4.773s] -- Up-to-date: /workspaces/isaac_ros-dev/install/sdv_msg/share/sdv_msg/environment/library_path.sh
[4.774s] -- Up-to-date: /workspaces/isaac_ros-dev/install/sdv_msg/share/sdv_msg/environment/library_path.dsv
[4.776s] -- Up-to-date: /workspaces/isaac_ros-dev/install/sdv_msg/lib/libsdv_msg__rosidl_generator_c.so
[4.778s] -- Up-to-date: /workspaces/isaac_ros-dev/install/sdv_msg/include/sdv_msg/sdv_msg
[4.779s] -- Up-to-date: /workspaces/isaac_ros-dev/install/sdv_msg/include/sdv_msg/sdv_msg/msg
[4.780s] -- Up-to-date: /workspaces/isaac_ros-dev/install/sdv_msg/include/sdv_msg/sdv_msg/msg/rosidl_typesupport_fastrtps_c__visibility_control.h
[4.781s] -- Up-to-date: /workspaces/isaac_ros-dev/install/sdv_msg/include/sdv_msg/sdv_msg/msg/detail
[4.782s] -- Up-to-date: /workspaces/isaac_ros-dev/install/sdv_msg/include/sdv_msg/sdv_msg/msg/detail/panel_msg__rosidl_typesupport_fastrtps_c.h
[4.783s] -- Up-to-date: /workspaces/isaac_ros-dev/install/sdv_msg/include/sdv_msg/sdv_msg/msg/detail/xbox_msg__rosidl_typesupport_fastrtps_c.h
[4.786s] -- Up-to-date: /workspaces/isaac_ros-dev/install/sdv_msg/lib/libsdv_msg__rosidl_typesupport_fastrtps_c.so
[4.789s] -- Up-to-date: /workspaces/isaac_ros-dev/install/sdv_msg/include/sdv_msg/sdv_msg
[4.790s] -- Up-to-date: /workspaces/isaac_ros-dev/install/sdv_msg/include/sdv_msg/sdv_msg/msg
[4.790s] -- Up-to-date: /workspaces/isaac_ros-dev/install/sdv_msg/include/sdv_msg/sdv_msg/msg/xbox_msg.hpp
[4.791s] -- Up-to-date: /workspaces/isaac_ros-dev/install/sdv_msg/include/sdv_msg/sdv_msg/msg/panel_msg.hpp
[4.792s] -- Up-to-date: /workspaces/isaac_ros-dev/install/sdv_msg/include/sdv_msg/sdv_msg/msg/detail
[4.793s] -- Up-to-date: /workspaces/isaac_ros-dev/install/sdv_msg/include/sdv_msg/sdv_msg/msg/detail/panel_msg__builder.hpp
[4.794s] -- Up-to-date: /workspaces/isaac_ros-dev/install/sdv_msg/include/sdv_msg/sdv_msg/msg/detail/xbox_msg__struct.hpp
[4.795s] -- Up-to-date: /workspaces/isaac_ros-dev/install/sdv_msg/include/sdv_msg/sdv_msg/msg/detail/panel_msg__struct.hpp
[4.795s] -- Up-to-date: /workspaces/isaac_ros-dev/install/sdv_msg/include/sdv_msg/sdv_msg/msg/detail/panel_msg__traits.hpp
[4.796s] -- Up-to-date: /workspaces/isaac_ros-dev/install/sdv_msg/include/sdv_msg/sdv_msg/msg/detail/xbox_msg__builder.hpp
[4.806s] -- Up-to-date: /workspaces/isaac_ros-dev/install/sdv_msg/include/sdv_msg/sdv_msg/msg/detail/xbox_msg__traits.hpp
[4.807s] -- Up-to-date: /workspaces/isaac_ros-dev/install/sdv_msg/include/sdv_msg/sdv_msg
[4.807s] -- Up-to-date: /workspaces/isaac_ros-dev/install/sdv_msg/include/sdv_msg/sdv_msg/msg
[4.808s] -- Up-to-date: /workspaces/isaac_ros-dev/install/sdv_msg/include/sdv_msg/sdv_msg/msg/rosidl_typesupport_fastrtps_cpp__visibility_control.h
[4.808s] -- Up-to-date: /workspaces/isaac_ros-dev/install/sdv_msg/include/sdv_msg/sdv_msg/msg/detail
[4.810s] -- Up-to-date: /workspaces/isaac_ros-dev/install/sdv_msg/include/sdv_msg/sdv_msg/msg/detail/panel_msg__rosidl_typesupport_fastrtps_cpp.hpp
[4.810s] -- Up-to-date: /workspaces/isaac_ros-dev/install/sdv_msg/include/sdv_msg/sdv_msg/msg/detail/dds_fastrtps
[4.810s] -- Up-to-date: /workspaces/isaac_ros-dev/install/sdv_msg/include/sdv_msg/sdv_msg/msg/detail/xbox_msg__rosidl_typesupport_fastrtps_cpp.hpp
[4.819s] -- Up-to-date: /workspaces/isaac_ros-dev/install/sdv_msg/lib/libsdv_msg__rosidl_typesupport_fastrtps_cpp.so
[4.828s] -- Up-to-date: /workspaces/isaac_ros-dev/install/sdv_msg/include/sdv_msg/sdv_msg
[4.829s] -- Up-to-date: /workspaces/isaac_ros-dev/install/sdv_msg/include/sdv_msg/sdv_msg/msg
[4.829s] -- Up-to-date: /workspaces/isaac_ros-dev/install/sdv_msg/include/sdv_msg/sdv_msg/msg/detail
[4.829s] -- Up-to-date: /workspaces/isaac_ros-dev/install/sdv_msg/include/sdv_msg/sdv_msg/msg/detail/panel_msg__rosidl_typesupport_introspection_c.h
[4.830s] -- Up-to-date: /workspaces/isaac_ros-dev/install/sdv_msg/include/sdv_msg/sdv_msg/msg/detail/xbox_msg__rosidl_typesupport_introspection_c.h
[4.830s] -- Up-to-date: /workspaces/isaac_ros-dev/install/sdv_msg/include/sdv_msg/sdv_msg/msg/detail/panel_msg__type_support.c
[4.830s] -- Up-to-date: /workspaces/isaac_ros-dev/install/sdv_msg/include/sdv_msg/sdv_msg/msg/detail/xbox_msg__type_support.c
[4.830s] -- Up-to-date: /workspaces/isaac_ros-dev/install/sdv_msg/include/sdv_msg/sdv_msg/msg/rosidl_typesupport_introspection_c__visibility_control.h
[4.831s] -- Up-to-date: /workspaces/isaac_ros-dev/install/sdv_msg/lib/libsdv_msg__rosidl_typesupport_introspection_c.so
[4.831s] -- Up-to-date: /workspaces/isaac_ros-dev/install/sdv_msg/lib/libsdv_msg__rosidl_typesupport_c.so
[4.833s] -- Up-to-date: /workspaces/isaac_ros-dev/install/sdv_msg/include/sdv_msg/sdv_msg
[4.833s] -- Up-to-date: /workspaces/isaac_ros-dev/install/sdv_msg/include/sdv_msg/sdv_msg/msg
[4.846s] -- Up-to-date: /workspaces/isaac_ros-dev/install/sdv_msg/include/sdv_msg/sdv_msg/msg/detail
[4.847s] -- Up-to-date: /workspaces/isaac_ros-dev/install/sdv_msg/include/sdv_msg/sdv_msg/msg/detail/xbox_msg__rosidl_typesupport_introspection_cpp.hpp
[4.848s] -- Up-to-date: /workspaces/isaac_ros-dev/install/sdv_msg/include/sdv_msg/sdv_msg/msg/detail/panel_msg__rosidl_typesupport_introspection_cpp.hpp
[4.849s] -- Up-to-date: /workspaces/isaac_ros-dev/install/sdv_msg/include/sdv_msg/sdv_msg/msg/detail/panel_msg__type_support.cpp
[4.849s] -- Up-to-date: /workspaces/isaac_ros-dev/install/sdv_msg/include/sdv_msg/sdv_msg/msg/detail/xbox_msg__type_support.cpp
[4.850s] -- Up-to-date: /workspaces/isaac_ros-dev/install/sdv_msg/lib/libsdv_msg__rosidl_typesupport_introspection_cpp.so
[4.850s] -- Up-to-date: /workspaces/isaac_ros-dev/install/sdv_msg/lib/libsdv_msg__rosidl_typesupport_cpp.so
[4.850s] -- Up-to-date: /workspaces/isaac_ros-dev/install/sdv_msg/share/sdv_msg/environment/pythonpath.sh
[4.851s] -- Up-to-date: /workspaces/isaac_ros-dev/install/sdv_msg/share/sdv_msg/environment/pythonpath.dsv
[4.851s] -- Up-to-date: /workspaces/isaac_ros-dev/install/sdv_msg/lib/python3.8/site-packages/sdv_msg-0.0.0-py3.8.egg-info
[4.852s] -- Installing: /workspaces/isaac_ros-dev/install/sdv_msg/lib/python3.8/site-packages/sdv_msg-0.0.0-py3.8.egg-info/top_level.txt
[4.852s] -- Installing: /workspaces/isaac_ros-dev/install/sdv_msg/lib/python3.8/site-packages/sdv_msg-0.0.0-py3.8.egg-info/dependency_links.txt
[4.852s] -- Installing: /workspaces/isaac_ros-dev/install/sdv_msg/lib/python3.8/site-packages/sdv_msg-0.0.0-py3.8.egg-info/SOURCES.txt
[4.853s] -- Installing: /workspaces/isaac_ros-dev/install/sdv_msg/lib/python3.8/site-packages/sdv_msg-0.0.0-py3.8.egg-info/PKG-INFO
[4.853s] -- Up-to-date: /workspaces/isaac_ros-dev/install/sdv_msg/lib/python3.8/site-packages/sdv_msg
[4.853s] -- Up-to-date: /workspaces/isaac_ros-dev/install/sdv_msg/lib/python3.8/site-packages/sdv_msg/sdv_msg_s__rosidl_typesupport_fastrtps_c.cpython-38-aarch64-linux-gnu.so
[4.854s] -- Up-to-date: /workspaces/isaac_ros-dev/install/sdv_msg/lib/python3.8/site-packages/sdv_msg/sdv_msg_s__rosidl_typesupport_introspection_c.cpython-38-aarch64-linux-gnu.so
[4.854s] -- Up-to-date: /workspaces/isaac_ros-dev/install/sdv_msg/lib/python3.8/site-packages/sdv_msg/__init__.py
[4.855s] -- Up-to-date: /workspaces/isaac_ros-dev/install/sdv_msg/lib/python3.8/site-packages/sdv_msg/msg
[4.855s] -- Up-to-date: /workspaces/isaac_ros-dev/install/sdv_msg/lib/python3.8/site-packages/sdv_msg/msg/__init__.py
[4.856s] -- Up-to-date: /workspaces/isaac_ros-dev/install/sdv_msg/lib/python3.8/site-packages/sdv_msg/msg/_xbox_msg_s.c
[4.856s] -- Up-to-date: /workspaces/isaac_ros-dev/install/sdv_msg/lib/python3.8/site-packages/sdv_msg/msg/_panel_msg.py
[4.857s] -- Up-to-date: /workspaces/isaac_ros-dev/install/sdv_msg/lib/python3.8/site-packages/sdv_msg/msg/_xbox_msg.py
[4.857s] -- Up-to-date: /workspaces/isaac_ros-dev/install/sdv_msg/lib/python3.8/site-packages/sdv_msg/msg/_panel_msg_s.c
[4.857s] -- Up-to-date: /workspaces/isaac_ros-dev/install/sdv_msg/lib/python3.8/site-packages/sdv_msg/libsdv_msg__rosidl_generator_py.so
[4.858s] -- Up-to-date: /workspaces/isaac_ros-dev/install/sdv_msg/lib/python3.8/site-packages/sdv_msg/_sdv_msg_s.ep.rosidl_typesupport_introspection_c.c
[4.860s] -- Up-to-date: /workspaces/isaac_ros-dev/install/sdv_msg/lib/python3.8/site-packages/sdv_msg/_sdv_msg_s.ep.rosidl_typesupport_c.c
[4.861s] -- Up-to-date: /workspaces/isaac_ros-dev/install/sdv_msg/lib/python3.8/site-packages/sdv_msg/_sdv_msg_s.ep.rosidl_typesupport_fastrtps_c.c
[4.861s] -- Up-to-date: /workspaces/isaac_ros-dev/install/sdv_msg/lib/python3.8/site-packages/sdv_msg/sdv_msg_s__rosidl_typesupport_c.cpython-38-aarch64-linux-gnu.so
[4.996s] Listing '/workspaces/isaac_ros-dev/install/sdv_msg/lib/python3.8/site-packages/sdv_msg'...
[4.996s] Listing '/workspaces/isaac_ros-dev/install/sdv_msg/lib/python3.8/site-packages/sdv_msg/msg'...
[5.011s] -- Up-to-date: /workspaces/isaac_ros-dev/install/sdv_msg/lib/python3.8/site-packages/sdv_msg/sdv_msg_s__rosidl_typesupport_fastrtps_c.cpython-38-aarch64-linux-gnu.so
[5.013s] -- Up-to-date: /workspaces/isaac_ros-dev/install/sdv_msg/lib/python3.8/site-packages/sdv_msg/sdv_msg_s__rosidl_typesupport_introspection_c.cpython-38-aarch64-linux-gnu.so
[5.023s] -- Up-to-date: /workspaces/isaac_ros-dev/install/sdv_msg/lib/python3.8/site-packages/sdv_msg/sdv_msg_s__rosidl_typesupport_c.cpython-38-aarch64-linux-gnu.so
[5.023s] -- Up-to-date: /workspaces/isaac_ros-dev/install/sdv_msg/lib/libsdv_msg__rosidl_generator_py.so
[5.024s] -- Up-to-date: /workspaces/isaac_ros-dev/install/sdv_msg/share/sdv_msg/msg/PanelMsg.idl
[5.024s] -- Up-to-date: /workspaces/isaac_ros-dev/install/sdv_msg/share/sdv_msg/msg/XboxMsg.idl
[5.024s] -- Up-to-date: /workspaces/isaac_ros-dev/install/sdv_msg/share/sdv_msg/msg/PanelMsg.msg
[5.024s] -- Up-to-date: /workspaces/isaac_ros-dev/install/sdv_msg/share/sdv_msg/msg/XboxMsg.msg
[5.025s] -- Up-to-date: /workspaces/isaac_ros-dev/install/sdv_msg/share/ament_index/resource_index/package_run_dependencies/sdv_msg
[5.025s] -- Up-to-date: /workspaces/isaac_ros-dev/install/sdv_msg/share/ament_index/resource_index/parent_prefix_path/sdv_msg
[5.025s] -- Up-to-date: /workspaces/isaac_ros-dev/install/sdv_msg/share/sdv_msg/environment/ament_prefix_path.sh
[5.025s] -- Up-to-date: /workspaces/isaac_ros-dev/install/sdv_msg/share/sdv_msg/environment/ament_prefix_path.dsv
[5.026s] -- Up-to-date: /workspaces/isaac_ros-dev/install/sdv_msg/share/sdv_msg/environment/path.sh
[5.026s] -- Up-to-date: /workspaces/isaac_ros-dev/install/sdv_msg/share/sdv_msg/environment/path.dsv
[5.026s] -- Up-to-date: /workspaces/isaac_ros-dev/install/sdv_msg/share/sdv_msg/local_setup.bash
[5.028s] -- Up-to-date: /workspaces/isaac_ros-dev/install/sdv_msg/share/sdv_msg/local_setup.sh
[5.029s] -- Up-to-date: /workspaces/isaac_ros-dev/install/sdv_msg/share/sdv_msg/local_setup.zsh
[5.029s] -- Up-to-date: /workspaces/isaac_ros-dev/install/sdv_msg/share/sdv_msg/local_setup.dsv
[5.030s] -- Installing: /workspaces/isaac_ros-dev/install/sdv_msg/share/sdv_msg/package.dsv
[5.030s] -- Up-to-date: /workspaces/isaac_ros-dev/install/sdv_msg/share/ament_index/resource_index/packages/sdv_msg
[5.031s] -- Up-to-date: /workspaces/isaac_ros-dev/install/sdv_msg/share/sdv_msg/cmake/export_sdv_msg__rosidl_generator_cExport.cmake
[5.031s] -- Up-to-date: /workspaces/isaac_ros-dev/install/sdv_msg/share/sdv_msg/cmake/export_sdv_msg__rosidl_generator_cExport-noconfig.cmake
[5.031s] -- Up-to-date: /workspaces/isaac_ros-dev/install/sdv_msg/share/sdv_msg/cmake/export_sdv_msg__rosidl_typesupport_fastrtps_cExport.cmake
[5.032s] -- Up-to-date: /workspaces/isaac_ros-dev/install/sdv_msg/share/sdv_msg/cmake/export_sdv_msg__rosidl_typesupport_fastrtps_cExport-noconfig.cmake
[5.032s] -- Up-to-date: /workspaces/isaac_ros-dev/install/sdv_msg/share/sdv_msg/cmake/export_sdv_msg__rosidl_generator_cppExport.cmake
[5.032s] -- Up-to-date: /workspaces/isaac_ros-dev/install/sdv_msg/share/sdv_msg/cmake/export_sdv_msg__rosidl_typesupport_fastrtps_cppExport.cmake
[5.032s] -- Up-to-date: /workspaces/isaac_ros-dev/install/sdv_msg/share/sdv_msg/cmake/export_sdv_msg__rosidl_typesupport_fastrtps_cppExport-noconfig.cmake
[5.033s] -- Up-to-date: /workspaces/isaac_ros-dev/install/sdv_msg/share/sdv_msg/cmake/sdv_msg__rosidl_typesupport_introspection_cExport.cmake
[5.033s] -- Up-to-date: /workspaces/isaac_ros-dev/install/sdv_msg/share/sdv_msg/cmake/sdv_msg__rosidl_typesupport_introspection_cExport-noconfig.cmake
[5.033s] -- Up-to-date: /workspaces/isaac_ros-dev/install/sdv_msg/share/sdv_msg/cmake/sdv_msg__rosidl_typesupport_cExport.cmake
[5.034s] -- Up-to-date: /workspaces/isaac_ros-dev/install/sdv_msg/share/sdv_msg/cmake/sdv_msg__rosidl_typesupport_cExport-noconfig.cmake
[5.034s] -- Up-to-date: /workspaces/isaac_ros-dev/install/sdv_msg/share/sdv_msg/cmake/sdv_msg__rosidl_typesupport_introspection_cppExport.cmake
[5.047s] -- Up-to-date: /workspaces/isaac_ros-dev/install/sdv_msg/share/sdv_msg/cmake/sdv_msg__rosidl_typesupport_introspection_cppExport-noconfig.cmake
[5.063s] -- Up-to-date: /workspaces/isaac_ros-dev/install/sdv_msg/share/sdv_msg/cmake/sdv_msg__rosidl_typesupport_cppExport.cmake
[5.065s] -- Up-to-date: /workspaces/isaac_ros-dev/install/sdv_msg/share/sdv_msg/cmake/sdv_msg__rosidl_typesupport_cppExport-noconfig.cmake
[5.065s] -- Up-to-date: /workspaces/isaac_ros-dev/install/sdv_msg/share/sdv_msg/cmake/export_sdv_msg__rosidl_generator_pyExport.cmake
[5.066s] -- Up-to-date: /workspaces/isaac_ros-dev/install/sdv_msg/share/sdv_msg/cmake/export_sdv_msg__rosidl_generator_pyExport-noconfig.cmake
[5.066s] -- Up-to-date: /workspaces/isaac_ros-dev/install/sdv_msg/share/sdv_msg/cmake/rosidl_cmake-extras.cmake
[5.068s] -- Up-to-date: /workspaces/isaac_ros-dev/install/sdv_msg/share/sdv_msg/cmake/ament_cmake_export_dependencies-extras.cmake
[5.068s] -- Up-to-date: /workspaces/isaac_ros-dev/install/sdv_msg/share/sdv_msg/cmake/ament_cmake_export_include_directories-extras.cmake
[5.069s] -- Up-to-date: /workspaces/isaac_ros-dev/install/sdv_msg/share/sdv_msg/cmake/ament_cmake_export_libraries-extras.cmake
[5.083s] -- Up-to-date: /workspaces/isaac_ros-dev/install/sdv_msg/share/sdv_msg/cmake/ament_cmake_export_targets-extras.cmake
[5.083s] -- Up-to-date: /workspaces/isaac_ros-dev/install/sdv_msg/share/sdv_msg/cmake/rosidl_cmake_export_typesupport_targets-extras.cmake
[5.083s] -- Up-to-date: /workspaces/isaac_ros-dev/install/sdv_msg/share/sdv_msg/cmake/rosidl_cmake_export_typesupport_libraries-extras.cmake
[5.083s] -- Up-to-date: /workspaces/isaac_ros-dev/install/sdv_msg/share/sdv_msg/cmake/sdv_msgConfig.cmake
[5.084s] -- Up-to-date: /workspaces/isaac_ros-dev/install/sdv_msg/share/sdv_msg/cmake/sdv_msgConfig-version.cmake
[5.084s] -- Up-to-date: /workspaces/isaac_ros-dev/install/sdv_msg/share/sdv_msg/package.xml
[5.436s] Invoked command in '/workspaces/isaac_ros-dev/build/sdv_msg' returned '0': CMAKE_PREFIX_PATH=/workspaces/isaac_ros-dev/install/yolov8_bringup:/workspaces/isaac_ros-dev/install/multisense_ros:/workspaces/isaac_ros-dev/install/xacro:/workspaces/isaac_ros-dev/install/vision_msgs_rviz_plugins:/workspaces/isaac_ros-dev/install/vision_msgs:/workspaces/isaac_ros-dev/install/velodyne:/workspaces/isaac_ros-dev/install/velodyne_pointcloud:/workspaces/isaac_ros-dev/install/velodyne_driver:/workspaces/isaac_ros-dev/install/velodyne_msgs:/workspaces/isaac_ros-dev/install/velodyne_laserscan:/workspaces/isaac_ros-dev/install/vectornav:/workspaces/isaac_ros-dev/install/sdv_localization:/workspaces/isaac_ros-dev/install/vectornav_msgs:/workspaces/isaac_ros-dev/install/slam_toolbox:/workspaces/isaac_ros-dev/install/sdv_msg:/workspaces/isaac_ros-dev/install/sdv_localization_msgs:/workspaces/isaac_ros-dev/install/pointcloud_to_laserscan:/workspaces/isaac_ros-dev/install/my_package:/workspaces/isaac_ros-dev/install/multisense_msgs:/workspaces/isaac_ros-dev/install/multisense_lib:/workspaces/isaac_ros-dev/install/isaac_ros_visual_slam:/workspaces/isaac_ros-dev/install/isaac_ros_visual_slam_interfaces:/workspaces/isaac_ros-dev/install/isaac_ros_tensor_list_interfaces:/workspaces/isaac_ros-dev/install/isaac_ros_common:/workspaces/isaac_ros-dev/install/isaac_ros_bi3d_interfaces:/workspaces/isaac_ros-dev/install/isaac_ros_apriltag_interfaces:/workspaces/isaac_ros-dev/install/yolov8_ros:/workspaces/isaac_ros-dev/install/xbox_controller:/workspaces/isaac_ros-dev/install/panel:/workspaces/isaac_ros-dev/install/isaac_ros_test:/workspaces/isaac_ros-dev/install/encoder:/opt/ros/humble/install /usr/bin/cmake --install /workspaces/isaac_ros-dev/build/sdv_msg
