[1.860s] Invoking command in '/workspaces/isaac_ros-dev/build/sdv_localization_msgs': CMAKE_PREFIX_PATH=/workspaces/isaac_ros-dev/install/yolov8_bringup:/workspaces/isaac_ros-dev/install/xacro:/workspaces/isaac_ros-dev/install/vision_msgs:/workspaces/isaac_ros-dev/install/velodyne_driver:/workspaces/isaac_ros-dev/install/velodyne_msgs:/workspaces/isaac_ros-dev/install/velodyne_laserscan:/workspaces/isaac_ros-dev/install/vectornav_msgs:/workspaces/isaac_ros-dev/install/sdv_msg:/workspaces/isaac_ros-dev/install/sdv_localization_msgs:/workspaces/isaac_ros-dev/install/my_package:/workspaces/isaac_ros-dev/install/multisense_msgs:/workspaces/isaac_ros-dev/install/multisense_lib:/workspaces/isaac_ros-dev/install/isaac_ros_visual_slam_interfaces:/workspaces/isaac_ros-dev/install/isaac_ros_tensor_list_interfaces:/workspaces/isaac_ros-dev/install/isaac_ros_common:/workspaces/isaac_ros-dev/install/isaac_ros_bi3d_interfaces:/workspaces/isaac_ros-dev/install/isaac_ros_apriltag_interfaces:/workspaces/isaac_ros-dev/install/yolov8_ros:/workspaces/isaac_ros-dev/install/panel:/workspaces/isaac_ros-dev/install/isaac_ros_test:/workspaces/isaac_ros-dev/install/encoder:/opt/ros/humble/install /usr/bin/cmake /workspaces/isaac_ros-dev/src/sdv_localization/sdv_localization_msgs -DCMAKE_INSTALL_PREFIX=/workspaces/isaac_ros-dev/install/sdv_localization_msgs
[10.300s] -- The C compiler identification is GNU 9.4.0
[10.300s] -- The CXX compiler identification is GNU 9.4.0
[10.301s] -- Detecting C compiler ABI info
[10.301s] -- Detecting C compiler ABI info - done
[10.301s] -- Check for working C compiler: /usr/bin/cc - skipped
[10.302s] -- Detecting C compile features
[10.302s] -- Detecting C compile features - done
[10.302s] -- Detecting CXX compiler ABI info
[10.302s] -- Detecting CXX compiler ABI info - done
[10.303s] -- Check for working CXX compiler: /usr/bin/c++ - skipped
[10.303s] -- Detecting CXX compile features
[10.304s] -- Detecting CXX compile features - done
[10.304s] -- Found ament_cmake_auto: 1.3.2 (/opt/ros/humble/install/share/ament_cmake_auto/cmake)
[10.304s] -- Found Python3: /usr/bin/python3.8 (found version "3.8.10") found components: Interpreter 
[10.305s] -- Found rosidl_generator_c: 3.1.3 (/opt/ros/humble/install/share/rosidl_generator_c/cmake)
[10.305s] -- Found rosidl_adapter: 3.1.3 (/opt/ros/humble/install/share/rosidl_adapter/cmake)
[10.305s] -- Found rosidl_generator_cpp: 3.1.3 (/opt/ros/humble/install/share/rosidl_generator_cpp/cmake)
[10.305s] -- Using all available rosidl_typesupport_c: rosidl_typesupport_fastrtps_c;rosidl_typesupport_introspection_c
[10.306s] -- Using all available rosidl_typesupport_cpp: rosidl_typesupport_fastrtps_cpp;rosidl_typesupport_introspection_cpp
[10.306s] -- Found ament_cmake_cppcheck: 0.12.4 (/opt/ros/humble/install/share/ament_cmake_cppcheck/cmake)
[10.306s] -- Found ament_cmake_cpplint: 0.12.4 (/opt/ros/humble/install/share/ament_cmake_cpplint/cmake)
[10.306s] -- Found ament_cmake_uncrustify: 0.12.4 (/opt/ros/humble/install/share/ament_cmake_uncrustify/cmake)
[10.307s] -- Found ament_cmake_ros: 0.10.0 (/opt/ros/humble/install/share/ament_cmake_ros/cmake)
[12.280s] -- Using all available rosidl_typesupport_c: rosidl_typesupport_fastrtps_c;rosidl_typesupport_introspection_c
[12.750s] -- Using all available rosidl_typesupport_cpp: rosidl_typesupport_fastrtps_cpp;rosidl_typesupport_introspection_cpp
[13.089s] -- Found PythonInterp: /usr/bin/python3 (found suitable version "3.8.10", minimum required is "3.6") 
[13.104s] -- Found python_cmake_module: 0.10.0 (/opt/ros/humble/install/share/python_cmake_module/cmake)
[13.480s] -- Found PythonLibs: /usr/lib/aarch64-linux-gnu/libpython3.8.so (found suitable version "3.8.10", minimum required is "3.5") 
[13.481s] -- Using PYTHON_EXECUTABLE: /usr/bin/python3
[13.481s] -- Using PYTHON_INCLUDE_DIRS: /usr/include/python3.8
[13.482s] -- Using PYTHON_LIBRARIES: /usr/lib/aarch64-linux-gnu/libpython3.8.so
[13.677s] -- Found PythonExtra: .so  
[14.312s] -- Found ament_cmake_flake8: 0.12.4 (/opt/ros/humble/install/share/ament_cmake_flake8/cmake)
[14.342s] -- Found ament_cmake_pep257: 0.12.4 (/opt/ros/humble/install/share/ament_cmake_pep257/cmake)
[14.498s] -- Configuring done
[15.168s] -- Generating done
[15.224s] -- Build files have been written to: /workspaces/isaac_ros-dev/build/sdv_localization_msgs
[15.281s] Invoked command in '/workspaces/isaac_ros-dev/build/sdv_localization_msgs' returned '0': CMAKE_PREFIX_PATH=/workspaces/isaac_ros-dev/install/yolov8_bringup:/workspaces/isaac_ros-dev/install/xacro:/workspaces/isaac_ros-dev/install/vision_msgs:/workspaces/isaac_ros-dev/install/velodyne_driver:/workspaces/isaac_ros-dev/install/velodyne_msgs:/workspaces/isaac_ros-dev/install/velodyne_laserscan:/workspaces/isaac_ros-dev/install/vectornav_msgs:/workspaces/isaac_ros-dev/install/sdv_msg:/workspaces/isaac_ros-dev/install/sdv_localization_msgs:/workspaces/isaac_ros-dev/install/my_package:/workspaces/isaac_ros-dev/install/multisense_msgs:/workspaces/isaac_ros-dev/install/multisense_lib:/workspaces/isaac_ros-dev/install/isaac_ros_visual_slam_interfaces:/workspaces/isaac_ros-dev/install/isaac_ros_tensor_list_interfaces:/workspaces/isaac_ros-dev/install/isaac_ros_common:/workspaces/isaac_ros-dev/install/isaac_ros_bi3d_interfaces:/workspaces/isaac_ros-dev/install/isaac_ros_apriltag_interfaces:/workspaces/isaac_ros-dev/install/yolov8_ros:/workspaces/isaac_ros-dev/install/panel:/workspaces/isaac_ros-dev/install/isaac_ros_test:/workspaces/isaac_ros-dev/install/encoder:/opt/ros/humble/install /usr/bin/cmake /workspaces/isaac_ros-dev/src/sdv_localization/sdv_localization_msgs -DCMAKE_INSTALL_PREFIX=/workspaces/isaac_ros-dev/install/sdv_localization_msgs
[15.295s] Invoking command in '/workspaces/isaac_ros-dev/build/sdv_localization_msgs': CMAKE_PREFIX_PATH=/workspaces/isaac_ros-dev/install/yolov8_bringup:/workspaces/isaac_ros-dev/install/xacro:/workspaces/isaac_ros-dev/install/vision_msgs:/workspaces/isaac_ros-dev/install/velodyne_driver:/workspaces/isaac_ros-dev/install/velodyne_msgs:/workspaces/isaac_ros-dev/install/velodyne_laserscan:/workspaces/isaac_ros-dev/install/vectornav_msgs:/workspaces/isaac_ros-dev/install/sdv_msg:/workspaces/isaac_ros-dev/install/sdv_localization_msgs:/workspaces/isaac_ros-dev/install/my_package:/workspaces/isaac_ros-dev/install/multisense_msgs:/workspaces/isaac_ros-dev/install/multisense_lib:/workspaces/isaac_ros-dev/install/isaac_ros_visual_slam_interfaces:/workspaces/isaac_ros-dev/install/isaac_ros_tensor_list_interfaces:/workspaces/isaac_ros-dev/install/isaac_ros_common:/workspaces/isaac_ros-dev/install/isaac_ros_bi3d_interfaces:/workspaces/isaac_ros-dev/install/isaac_ros_apriltag_interfaces:/workspaces/isaac_ros-dev/install/yolov8_ros:/workspaces/isaac_ros-dev/install/panel:/workspaces/isaac_ros-dev/install/isaac_ros_test:/workspaces/isaac_ros-dev/install/encoder:/opt/ros/humble/install /usr/bin/cmake --build /workspaces/isaac_ros-dev/build/sdv_localization_msgs -- -j8 -l8
[38.089s] [  2%] [34m[1mGenerating C code for ROS interfaces[0m
[38.090s] [  5%] [34m[1mGenerating C++ code for ROS interfaces[0m
[38.090s] [  5%] Built target ament_cmake_python_copy_sdv_localization_msgs
[38.090s] [  5%] Built target sdv_localization_msgs__cpp
[38.091s] [  7%] [32mBuilding C object CMakeFiles/sdv_localization_msgs__rosidl_generator_c.dir/rosidl_generator_c/sdv_localization_msgs/msg/detail/sensor_diag__functions.c.o[0m
[38.091s] [ 10%] [32mBuilding C object CMakeFiles/sdv_localization_msgs__rosidl_generator_c.dir/rosidl_generator_c/sdv_localization_msgs/msg/detail/sensor_stat_array__functions.c.o[0m
[38.092s] [ 12%] [32m[1mLinking C shared library libsdv_localization_msgs__rosidl_generator_c.so[0m
[38.092s] [ 12%] Built target sdv_localization_msgs__rosidl_generator_c
[38.092s] running egg_info
[38.094s] creating sdv_localization_msgs.egg-info
[38.094s] writing sdv_localization_msgs.egg-info/PKG-INFO
[38.095s] writing dependency_links to sdv_localization_msgs.egg-info/dependency_links.txt
[38.095s] writing top-level names to sdv_localization_msgs.egg-info/top_level.txt
[38.095s] writing manifest file 'sdv_localization_msgs.egg-info/SOURCES.txt'
[38.096s] reading manifest file 'sdv_localization_msgs.egg-info/SOURCES.txt'
[38.096s] writing manifest file 'sdv_localization_msgs.egg-info/SOURCES.txt'
[38.096s] [ 12%] Built target ament_cmake_python_build_sdv_localization_msgs_egg
[38.097s] [ 15%] [34m[1mGenerating C type support dispatch for ROS interfaces[0m
[38.097s] [ 17%] [32mBuilding CXX object CMakeFiles/sdv_localization_msgs__rosidl_typesupport_c.dir/rosidl_typesupport_c/sdv_localization_msgs/msg/sensor_diag__type_support.cpp.o[0m
[38.097s] [ 20%] [32mBuilding CXX object CMakeFiles/sdv_localization_msgs__rosidl_typesupport_c.dir/rosidl_typesupport_c/sdv_localization_msgs/msg/sensor_stat_array__type_support.cpp.o[0m
[38.097s] [ 23%] [32m[1mLinking CXX shared library libsdv_localization_msgs__rosidl_typesupport_c.so[0m
[38.098s] [ 23%] Built target sdv_localization_msgs__rosidl_typesupport_c
[38.098s] [ 25%] [34m[1mGenerating C introspection for ROS interfaces[0m
[38.098s] [ 28%] [32mBuilding C object CMakeFiles/sdv_localization_msgs__rosidl_typesupport_introspection_c.dir/rosidl_typesupport_introspection_c/sdv_localization_msgs/msg/detail/sensor_diag__type_support.c.o[0m
[38.099s] [ 30%] [32mBuilding C object CMakeFiles/sdv_localization_msgs__rosidl_typesupport_introspection_c.dir/rosidl_typesupport_introspection_c/sdv_localization_msgs/msg/detail/sensor_stat_array__type_support.c.o[0m
[38.109s] [ 33%] [32m[1mLinking C shared library libsdv_localization_msgs__rosidl_typesupport_introspection_c.so[0m
[38.114s] [ 33%] Built target sdv_localization_msgs__rosidl_typesupport_introspection_c
[38.115s] [ 35%] [34m[1mGenerating C type support for eProsima Fast-RTPS[0m
[38.115s] [ 38%] [32mBuilding CXX object CMakeFiles/sdv_localization_msgs__rosidl_typesupport_fastrtps_c.dir/rosidl_typesupport_fastrtps_c/sdv_localization_msgs/msg/detail/sensor_diag__type_support_c.cpp.o[0m
[39.648s] [ 41%] [32mBuilding CXX object CMakeFiles/sdv_localization_msgs__rosidl_typesupport_fastrtps_c.dir/rosidl_typesupport_fastrtps_c/sdv_localization_msgs/msg/detail/sensor_stat_array__type_support_c.cpp.o[0m
[41.514s] [ 43%] [32m[1mLinking CXX shared library libsdv_localization_msgs__rosidl_typesupport_fastrtps_c.so[0m
[41.773s] [ 43%] Built target sdv_localization_msgs__rosidl_typesupport_fastrtps_c
[41.820s] [ 46%] [34m[1mGenerating C++ introspection for ROS interfaces[0m
[42.959s] [ 48%] [32mBuilding CXX object CMakeFiles/sdv_localization_msgs__rosidl_typesupport_introspection_cpp.dir/rosidl_typesupport_introspection_cpp/sdv_localization_msgs/msg/detail/sensor_diag__type_support.cpp.o[0m
[44.714s] [ 51%] [32mBuilding CXX object CMakeFiles/sdv_localization_msgs__rosidl_typesupport_introspection_cpp.dir/rosidl_typesupport_introspection_cpp/sdv_localization_msgs/msg/detail/sensor_stat_array__type_support.cpp.o[0m
[46.354s] [ 53%] [32m[1mLinking CXX shared library libsdv_localization_msgs__rosidl_typesupport_introspection_cpp.so[0m
[46.550s] [ 53%] Built target sdv_localization_msgs__rosidl_typesupport_introspection_cpp
[46.584s] [ 56%] [34m[1mGenerating C++ type support for eProsima Fast-RTPS[0m
[47.546s] [ 58%] [32mBuilding CXX object CMakeFiles/sdv_localization_msgs__rosidl_typesupport_fastrtps_cpp.dir/rosidl_typesupport_fastrtps_cpp/sdv_localization_msgs/msg/detail/dds_fastrtps/sensor_diag__type_support.cpp.o[0m
[49.169s] [ 61%] [32mBuilding CXX object CMakeFiles/sdv_localization_msgs__rosidl_typesupport_fastrtps_cpp.dir/rosidl_typesupport_fastrtps_cpp/sdv_localization_msgs/msg/detail/dds_fastrtps/sensor_stat_array__type_support.cpp.o[0m
[50.789s] [ 64%] [32m[1mLinking CXX shared library libsdv_localization_msgs__rosidl_typesupport_fastrtps_cpp.so[0m
[51.002s] [ 64%] Built target sdv_localization_msgs__rosidl_typesupport_fastrtps_cpp
[51.036s] [ 66%] [34m[1mGenerating C++ type support dispatch for ROS interfaces[0m
[51.894s] [ 69%] [32mBuilding CXX object CMakeFiles/sdv_localization_msgs__rosidl_typesupport_cpp.dir/rosidl_typesupport_cpp/sdv_localization_msgs/msg/sensor_diag__type_support.cpp.o[0m
[53.027s] [ 71%] [32mBuilding CXX object CMakeFiles/sdv_localization_msgs__rosidl_typesupport_cpp.dir/rosidl_typesupport_cpp/sdv_localization_msgs/msg/sensor_stat_array__type_support.cpp.o[0m
[54.150s] [ 74%] [32m[1mLinking CXX shared library libsdv_localization_msgs__rosidl_typesupport_cpp.so[0m
[54.288s] [ 74%] Built target sdv_localization_msgs__rosidl_typesupport_cpp
[54.354s] [ 74%] Built target sdv_localization_msgs
[54.430s] [ 76%] [34m[1mGenerating Python code for ROS interfaces[0m
[58.262s] [ 76%] Built target sdv_localization_msgs__py
[58.336s] [ 79%] [32mBuilding C object CMakeFiles/sdv_localization_msgs__rosidl_generator_py.dir/rosidl_generator_py/sdv_localization_msgs/msg/_sensor_diag_s.c.o[0m
[58.786s] [ 82%] [32mBuilding C object CMakeFiles/sdv_localization_msgs__rosidl_generator_py.dir/rosidl_generator_py/sdv_localization_msgs/msg/_sensor_stat_array_s.c.o[0m
[59.233s] [ 84%] [32m[1mLinking C shared library rosidl_generator_py/sdv_localization_msgs/libsdv_localization_msgs__rosidl_generator_py.so[0m
[59.384s] [ 84%] Built target sdv_localization_msgs__rosidl_generator_py
[59.454s] [ 87%] [32mBuilding C object CMakeFiles/sdv_localization_msgs__rosidl_typesupport_fastrtps_c__pyext.dir/rosidl_generator_py/sdv_localization_msgs/_sdv_localization_msgs_s.ep.rosidl_typesupport_fastrtps_c.c.o[0m
[59.965s] [ 89%] [32m[1mLinking C shared library rosidl_generator_py/sdv_localization_msgs/sdv_localization_msgs_s__rosidl_typesupport_fastrtps_c.cpython-38-aarch64-linux-gnu.so[0m
[60.150s] [ 89%] Built target sdv_localization_msgs__rosidl_typesupport_fastrtps_c__pyext
[60.219s] [ 92%] [32mBuilding C object CMakeFiles/sdv_localization_msgs__rosidl_typesupport_c__pyext.dir/rosidl_generator_py/sdv_localization_msgs/_sdv_localization_msgs_s.ep.rosidl_typesupport_c.c.o[0m
[60.720s] [ 94%] [32m[1mLinking C shared library rosidl_generator_py/sdv_localization_msgs/sdv_localization_msgs_s__rosidl_typesupport_c.cpython-38-aarch64-linux-gnu.so[0m
[60.872s] [ 94%] Built target sdv_localization_msgs__rosidl_typesupport_c__pyext
[60.938s] [ 97%] [32mBuilding C object CMakeFiles/sdv_localization_msgs__rosidl_typesupport_introspection_c__pyext.dir/rosidl_generator_py/sdv_localization_msgs/_sdv_localization_msgs_s.ep.rosidl_typesupport_introspection_c.c.o[0m
[61.455s] [100%] [32m[1mLinking C shared library rosidl_generator_py/sdv_localization_msgs/sdv_localization_msgs_s__rosidl_typesupport_introspection_c.cpython-38-aarch64-linux-gnu.so[0m
[61.607s] [100%] Built target sdv_localization_msgs__rosidl_typesupport_introspection_c__pyext
[61.800s] Invoked command in '/workspaces/isaac_ros-dev/build/sdv_localization_msgs' returned '0': CMAKE_PREFIX_PATH=/workspaces/isaac_ros-dev/install/yolov8_bringup:/workspaces/isaac_ros-dev/install/xacro:/workspaces/isaac_ros-dev/install/vision_msgs:/workspaces/isaac_ros-dev/install/velodyne_driver:/workspaces/isaac_ros-dev/install/velodyne_msgs:/workspaces/isaac_ros-dev/install/velodyne_laserscan:/workspaces/isaac_ros-dev/install/vectornav_msgs:/workspaces/isaac_ros-dev/install/sdv_msg:/workspaces/isaac_ros-dev/install/sdv_localization_msgs:/workspaces/isaac_ros-dev/install/my_package:/workspaces/isaac_ros-dev/install/multisense_msgs:/workspaces/isaac_ros-dev/install/multisense_lib:/workspaces/isaac_ros-dev/install/isaac_ros_visual_slam_interfaces:/workspaces/isaac_ros-dev/install/isaac_ros_tensor_list_interfaces:/workspaces/isaac_ros-dev/install/isaac_ros_common:/workspaces/isaac_ros-dev/install/isaac_ros_bi3d_interfaces:/workspaces/isaac_ros-dev/install/isaac_ros_apriltag_interfaces:/workspaces/isaac_ros-dev/install/yolov8_ros:/workspaces/isaac_ros-dev/install/panel:/workspaces/isaac_ros-dev/install/isaac_ros_test:/workspaces/isaac_ros-dev/install/encoder:/opt/ros/humble/install /usr/bin/cmake --build /workspaces/isaac_ros-dev/build/sdv_localization_msgs -- -j8 -l8
[62.502s] Invoking command in '/workspaces/isaac_ros-dev/build/sdv_localization_msgs': CMAKE_PREFIX_PATH=/workspaces/isaac_ros-dev/install/yolov8_bringup:/workspaces/isaac_ros-dev/install/xacro:/workspaces/isaac_ros-dev/install/vision_msgs:/workspaces/isaac_ros-dev/install/velodyne_driver:/workspaces/isaac_ros-dev/install/velodyne_msgs:/workspaces/isaac_ros-dev/install/velodyne_laserscan:/workspaces/isaac_ros-dev/install/vectornav_msgs:/workspaces/isaac_ros-dev/install/sdv_msg:/workspaces/isaac_ros-dev/install/sdv_localization_msgs:/workspaces/isaac_ros-dev/install/my_package:/workspaces/isaac_ros-dev/install/multisense_msgs:/workspaces/isaac_ros-dev/install/multisense_lib:/workspaces/isaac_ros-dev/install/isaac_ros_visual_slam_interfaces:/workspaces/isaac_ros-dev/install/isaac_ros_tensor_list_interfaces:/workspaces/isaac_ros-dev/install/isaac_ros_common:/workspaces/isaac_ros-dev/install/isaac_ros_bi3d_interfaces:/workspaces/isaac_ros-dev/install/isaac_ros_apriltag_interfaces:/workspaces/isaac_ros-dev/install/yolov8_ros:/workspaces/isaac_ros-dev/install/panel:/workspaces/isaac_ros-dev/install/isaac_ros_test:/workspaces/isaac_ros-dev/install/encoder:/opt/ros/humble/install /usr/bin/cmake --install /workspaces/isaac_ros-dev/build/sdv_localization_msgs
[62.540s] -- Install configuration: ""
[62.541s] -- Installing: /workspaces/isaac_ros-dev/install/sdv_localization_msgs/share/ament_index/resource_index/rosidl_interfaces/sdv_localization_msgs
[62.542s] -- Installing: /workspaces/isaac_ros-dev/install/sdv_localization_msgs/include/sdv_localization_msgs/sdv_localization_msgs
[62.542s] -- Installing: /workspaces/isaac_ros-dev/install/sdv_localization_msgs/include/sdv_localization_msgs/sdv_localization_msgs/msg
[62.543s] -- Installing: /workspaces/isaac_ros-dev/install/sdv_localization_msgs/include/sdv_localization_msgs/sdv_localization_msgs/msg/rosidl_generator_c__visibility_control.h
[62.544s] -- Installing: /workspaces/isaac_ros-dev/install/sdv_localization_msgs/include/sdv_localization_msgs/sdv_localization_msgs/msg/sensor_stat_array.h
[62.545s] -- Installing: /workspaces/isaac_ros-dev/install/sdv_localization_msgs/include/sdv_localization_msgs/sdv_localization_msgs/msg/sensor_diag.h
[62.545s] -- Installing: /workspaces/isaac_ros-dev/install/sdv_localization_msgs/include/sdv_localization_msgs/sdv_localization_msgs/msg/detail
[62.546s] -- Installing: /workspaces/isaac_ros-dev/install/sdv_localization_msgs/include/sdv_localization_msgs/sdv_localization_msgs/msg/detail/sensor_diag__functions.c
[62.548s] -- Installing: /workspaces/isaac_ros-dev/install/sdv_localization_msgs/include/sdv_localization_msgs/sdv_localization_msgs/msg/detail/sensor_diag__struct.h
[62.548s] -- Installing: /workspaces/isaac_ros-dev/install/sdv_localization_msgs/include/sdv_localization_msgs/sdv_localization_msgs/msg/detail/sensor_stat_array__functions.h
[62.552s] -- Installing: /workspaces/isaac_ros-dev/install/sdv_localization_msgs/include/sdv_localization_msgs/sdv_localization_msgs/msg/detail/sensor_diag__functions.h
[62.553s] -- Installing: /workspaces/isaac_ros-dev/install/sdv_localization_msgs/include/sdv_localization_msgs/sdv_localization_msgs/msg/detail/sensor_diag__type_support.h
[62.553s] -- Installing: /workspaces/isaac_ros-dev/install/sdv_localization_msgs/include/sdv_localization_msgs/sdv_localization_msgs/msg/detail/sensor_stat_array__struct.h
[62.555s] -- Installing: /workspaces/isaac_ros-dev/install/sdv_localization_msgs/include/sdv_localization_msgs/sdv_localization_msgs/msg/detail/sensor_stat_array__type_support.h
[62.556s] -- Installing: /workspaces/isaac_ros-dev/install/sdv_localization_msgs/include/sdv_localization_msgs/sdv_localization_msgs/msg/detail/sensor_stat_array__functions.c
[62.556s] -- Installing: /workspaces/isaac_ros-dev/install/sdv_localization_msgs/share/sdv_localization_msgs/environment/library_path.sh
[62.557s] -- Installing: /workspaces/isaac_ros-dev/install/sdv_localization_msgs/share/sdv_localization_msgs/environment/library_path.dsv
[62.557s] -- Installing: /workspaces/isaac_ros-dev/install/sdv_localization_msgs/lib/libsdv_localization_msgs__rosidl_generator_c.so
[62.563s] -- Set runtime path of "/workspaces/isaac_ros-dev/install/sdv_localization_msgs/lib/libsdv_localization_msgs__rosidl_generator_c.so" to ""
[62.563s] -- Up-to-date: /workspaces/isaac_ros-dev/install/sdv_localization_msgs/include/sdv_localization_msgs/sdv_localization_msgs
[62.564s] -- Up-to-date: /workspaces/isaac_ros-dev/install/sdv_localization_msgs/include/sdv_localization_msgs/sdv_localization_msgs/msg
[62.565s] -- Installing: /workspaces/isaac_ros-dev/install/sdv_localization_msgs/include/sdv_localization_msgs/sdv_localization_msgs/msg/rosidl_typesupport_fastrtps_c__visibility_control.h
[62.565s] -- Up-to-date: /workspaces/isaac_ros-dev/install/sdv_localization_msgs/include/sdv_localization_msgs/sdv_localization_msgs/msg/detail
[62.565s] -- Installing: /workspaces/isaac_ros-dev/install/sdv_localization_msgs/include/sdv_localization_msgs/sdv_localization_msgs/msg/detail/sensor_diag__rosidl_typesupport_fastrtps_c.h
[62.566s] -- Installing: /workspaces/isaac_ros-dev/install/sdv_localization_msgs/include/sdv_localization_msgs/sdv_localization_msgs/msg/detail/sensor_stat_array__rosidl_typesupport_fastrtps_c.h
[62.566s] -- Installing: /workspaces/isaac_ros-dev/install/sdv_localization_msgs/lib/libsdv_localization_msgs__rosidl_typesupport_fastrtps_c.so
[62.566s] -- Set runtime path of "/workspaces/isaac_ros-dev/install/sdv_localization_msgs/lib/libsdv_localization_msgs__rosidl_typesupport_fastrtps_c.so" to ""
[62.567s] -- Up-to-date: /workspaces/isaac_ros-dev/install/sdv_localization_msgs/include/sdv_localization_msgs/sdv_localization_msgs
[62.567s] -- Up-to-date: /workspaces/isaac_ros-dev/install/sdv_localization_msgs/include/sdv_localization_msgs/sdv_localization_msgs/msg
[62.567s] -- Installing: /workspaces/isaac_ros-dev/install/sdv_localization_msgs/include/sdv_localization_msgs/sdv_localization_msgs/msg/sensor_stat_array.hpp
[62.568s] -- Up-to-date: /workspaces/isaac_ros-dev/install/sdv_localization_msgs/include/sdv_localization_msgs/sdv_localization_msgs/msg/detail
[62.569s] -- Installing: /workspaces/isaac_ros-dev/install/sdv_localization_msgs/include/sdv_localization_msgs/sdv_localization_msgs/msg/detail/sensor_stat_array__traits.hpp
[62.569s] -- Installing: /workspaces/isaac_ros-dev/install/sdv_localization_msgs/include/sdv_localization_msgs/sdv_localization_msgs/msg/detail/sensor_diag__traits.hpp
[62.570s] -- Installing: /workspaces/isaac_ros-dev/install/sdv_localization_msgs/include/sdv_localization_msgs/sdv_localization_msgs/msg/detail/sensor_diag__struct.hpp
[62.570s] -- Installing: /workspaces/isaac_ros-dev/install/sdv_localization_msgs/include/sdv_localization_msgs/sdv_localization_msgs/msg/detail/sensor_stat_array__builder.hpp
[62.571s] -- Installing: /workspaces/isaac_ros-dev/install/sdv_localization_msgs/include/sdv_localization_msgs/sdv_localization_msgs/msg/detail/sensor_stat_array__struct.hpp
[62.572s] -- Installing: /workspaces/isaac_ros-dev/install/sdv_localization_msgs/include/sdv_localization_msgs/sdv_localization_msgs/msg/detail/sensor_diag__builder.hpp
[62.572s] -- Installing: /workspaces/isaac_ros-dev/install/sdv_localization_msgs/include/sdv_localization_msgs/sdv_localization_msgs/msg/sensor_diag.hpp
[62.574s] -- Up-to-date: /workspaces/isaac_ros-dev/install/sdv_localization_msgs/include/sdv_localization_msgs/sdv_localization_msgs
[62.574s] -- Up-to-date: /workspaces/isaac_ros-dev/install/sdv_localization_msgs/include/sdv_localization_msgs/sdv_localization_msgs/msg
[62.575s] -- Installing: /workspaces/isaac_ros-dev/install/sdv_localization_msgs/include/sdv_localization_msgs/sdv_localization_msgs/msg/rosidl_typesupport_fastrtps_cpp__visibility_control.h
[62.575s] -- Up-to-date: /workspaces/isaac_ros-dev/install/sdv_localization_msgs/include/sdv_localization_msgs/sdv_localization_msgs/msg/detail
[62.576s] -- Installing: /workspaces/isaac_ros-dev/install/sdv_localization_msgs/include/sdv_localization_msgs/sdv_localization_msgs/msg/detail/dds_fastrtps
[62.576s] -- Installing: /workspaces/isaac_ros-dev/install/sdv_localization_msgs/include/sdv_localization_msgs/sdv_localization_msgs/msg/detail/sensor_stat_array__rosidl_typesupport_fastrtps_cpp.hpp
[62.576s] -- Installing: /workspaces/isaac_ros-dev/install/sdv_localization_msgs/include/sdv_localization_msgs/sdv_localization_msgs/msg/detail/sensor_diag__rosidl_typesupport_fastrtps_cpp.hpp
[62.577s] -- Installing: /workspaces/isaac_ros-dev/install/sdv_localization_msgs/lib/libsdv_localization_msgs__rosidl_typesupport_fastrtps_cpp.so
[62.580s] -- Set runtime path of "/workspaces/isaac_ros-dev/install/sdv_localization_msgs/lib/libsdv_localization_msgs__rosidl_typesupport_fastrtps_cpp.so" to ""
[62.581s] -- Up-to-date: /workspaces/isaac_ros-dev/install/sdv_localization_msgs/include/sdv_localization_msgs/sdv_localization_msgs
[62.581s] -- Up-to-date: /workspaces/isaac_ros-dev/install/sdv_localization_msgs/include/sdv_localization_msgs/sdv_localization_msgs/msg
[62.581s] -- Up-to-date: /workspaces/isaac_ros-dev/install/sdv_localization_msgs/include/sdv_localization_msgs/sdv_localization_msgs/msg/detail
[62.582s] -- Installing: /workspaces/isaac_ros-dev/install/sdv_localization_msgs/include/sdv_localization_msgs/sdv_localization_msgs/msg/detail/sensor_diag__rosidl_typesupport_introspection_c.h
[62.582s] -- Installing: /workspaces/isaac_ros-dev/install/sdv_localization_msgs/include/sdv_localization_msgs/sdv_localization_msgs/msg/detail/sensor_diag__type_support.c
[62.583s] -- Installing: /workspaces/isaac_ros-dev/install/sdv_localization_msgs/include/sdv_localization_msgs/sdv_localization_msgs/msg/detail/sensor_stat_array__type_support.c
[62.588s] -- Installing: /workspaces/isaac_ros-dev/install/sdv_localization_msgs/include/sdv_localization_msgs/sdv_localization_msgs/msg/detail/sensor_stat_array__rosidl_typesupport_introspection_c.h
[62.589s] -- Installing: /workspaces/isaac_ros-dev/install/sdv_localization_msgs/include/sdv_localization_msgs/sdv_localization_msgs/msg/rosidl_typesupport_introspection_c__visibility_control.h
[62.589s] -- Installing: /workspaces/isaac_ros-dev/install/sdv_localization_msgs/lib/libsdv_localization_msgs__rosidl_typesupport_introspection_c.so
[62.590s] -- Set runtime path of "/workspaces/isaac_ros-dev/install/sdv_localization_msgs/lib/libsdv_localization_msgs__rosidl_typesupport_introspection_c.so" to ""
[62.591s] -- Installing: /workspaces/isaac_ros-dev/install/sdv_localization_msgs/lib/libsdv_localization_msgs__rosidl_typesupport_c.so
[62.591s] -- Set runtime path of "/workspaces/isaac_ros-dev/install/sdv_localization_msgs/lib/libsdv_localization_msgs__rosidl_typesupport_c.so" to ""
[62.592s] -- Up-to-date: /workspaces/isaac_ros-dev/install/sdv_localization_msgs/include/sdv_localization_msgs/sdv_localization_msgs
[62.592s] -- Up-to-date: /workspaces/isaac_ros-dev/install/sdv_localization_msgs/include/sdv_localization_msgs/sdv_localization_msgs/msg
[62.593s] -- Up-to-date: /workspaces/isaac_ros-dev/install/sdv_localization_msgs/include/sdv_localization_msgs/sdv_localization_msgs/msg/detail
[62.593s] -- Installing: /workspaces/isaac_ros-dev/install/sdv_localization_msgs/include/sdv_localization_msgs/sdv_localization_msgs/msg/detail/sensor_diag__type_support.cpp
[62.593s] -- Installing: /workspaces/isaac_ros-dev/install/sdv_localization_msgs/include/sdv_localization_msgs/sdv_localization_msgs/msg/detail/sensor_stat_array__type_support.cpp
[62.594s] -- Installing: /workspaces/isaac_ros-dev/install/sdv_localization_msgs/include/sdv_localization_msgs/sdv_localization_msgs/msg/detail/sensor_stat_array__rosidl_typesupport_introspection_cpp.hpp
[62.595s] -- Installing: /workspaces/isaac_ros-dev/install/sdv_localization_msgs/include/sdv_localization_msgs/sdv_localization_msgs/msg/detail/sensor_diag__rosidl_typesupport_introspection_cpp.hpp
[62.595s] -- Installing: /workspaces/isaac_ros-dev/install/sdv_localization_msgs/lib/libsdv_localization_msgs__rosidl_typesupport_introspection_cpp.so
[62.596s] -- Set runtime path of "/workspaces/isaac_ros-dev/install/sdv_localization_msgs/lib/libsdv_localization_msgs__rosidl_typesupport_introspection_cpp.so" to ""
[62.597s] -- Installing: /workspaces/isaac_ros-dev/install/sdv_localization_msgs/lib/libsdv_localization_msgs__rosidl_typesupport_cpp.so
[62.599s] -- Set runtime path of "/workspaces/isaac_ros-dev/install/sdv_localization_msgs/lib/libsdv_localization_msgs__rosidl_typesupport_cpp.so" to ""
[62.599s] -- Installing: /workspaces/isaac_ros-dev/install/sdv_localization_msgs/share/sdv_localization_msgs/environment/pythonpath.sh
[62.600s] -- Installing: /workspaces/isaac_ros-dev/install/sdv_localization_msgs/share/sdv_localization_msgs/environment/pythonpath.dsv
[62.601s] -- Installing: /workspaces/isaac_ros-dev/install/sdv_localization_msgs/lib/python3.8/site-packages/sdv_localization_msgs-3.0.0-py3.8.egg-info
[62.602s] -- Installing: /workspaces/isaac_ros-dev/install/sdv_localization_msgs/lib/python3.8/site-packages/sdv_localization_msgs-3.0.0-py3.8.egg-info/top_level.txt
[62.603s] -- Installing: /workspaces/isaac_ros-dev/install/sdv_localization_msgs/lib/python3.8/site-packages/sdv_localization_msgs-3.0.0-py3.8.egg-info/dependency_links.txt
[62.604s] -- Installing: /workspaces/isaac_ros-dev/install/sdv_localization_msgs/lib/python3.8/site-packages/sdv_localization_msgs-3.0.0-py3.8.egg-info/SOURCES.txt
[62.605s] -- Installing: /workspaces/isaac_ros-dev/install/sdv_localization_msgs/lib/python3.8/site-packages/sdv_localization_msgs-3.0.0-py3.8.egg-info/PKG-INFO
[62.606s] -- Installing: /workspaces/isaac_ros-dev/install/sdv_localization_msgs/lib/python3.8/site-packages/sdv_localization_msgs
[62.606s] -- Installing: /workspaces/isaac_ros-dev/install/sdv_localization_msgs/lib/python3.8/site-packages/sdv_localization_msgs/__init__.py
[62.607s] -- Installing: /workspaces/isaac_ros-dev/install/sdv_localization_msgs/lib/python3.8/site-packages/sdv_localization_msgs/libsdv_localization_msgs__rosidl_generator_py.so
[62.609s] -- Installing: /workspaces/isaac_ros-dev/install/sdv_localization_msgs/lib/python3.8/site-packages/sdv_localization_msgs/sdv_localization_msgs_s__rosidl_typesupport_fastrtps_c.cpython-38-aarch64-linux-gnu.so
[62.612s] -- Installing: /workspaces/isaac_ros-dev/install/sdv_localization_msgs/lib/python3.8/site-packages/sdv_localization_msgs/msg
[62.612s] -- Installing: /workspaces/isaac_ros-dev/install/sdv_localization_msgs/lib/python3.8/site-packages/sdv_localization_msgs/msg/__init__.py
[62.613s] -- Installing: /workspaces/isaac_ros-dev/install/sdv_localization_msgs/lib/python3.8/site-packages/sdv_localization_msgs/msg/_sensor_stat_array.py
[62.613s] -- Installing: /workspaces/isaac_ros-dev/install/sdv_localization_msgs/lib/python3.8/site-packages/sdv_localization_msgs/msg/_sensor_stat_array_s.c
[62.614s] -- Installing: /workspaces/isaac_ros-dev/install/sdv_localization_msgs/lib/python3.8/site-packages/sdv_localization_msgs/msg/_sensor_diag_s.c
[62.614s] -- Installing: /workspaces/isaac_ros-dev/install/sdv_localization_msgs/lib/python3.8/site-packages/sdv_localization_msgs/msg/_sensor_diag.py
[62.616s] -- Installing: /workspaces/isaac_ros-dev/install/sdv_localization_msgs/lib/python3.8/site-packages/sdv_localization_msgs/_sdv_localization_msgs_s.ep.rosidl_typesupport_c.c
[62.616s] -- Installing: /workspaces/isaac_ros-dev/install/sdv_localization_msgs/lib/python3.8/site-packages/sdv_localization_msgs/sdv_localization_msgs_s__rosidl_typesupport_c.cpython-38-aarch64-linux-gnu.so
[62.617s] -- Installing: /workspaces/isaac_ros-dev/install/sdv_localization_msgs/lib/python3.8/site-packages/sdv_localization_msgs/_sdv_localization_msgs_s.ep.rosidl_typesupport_fastrtps_c.c
[62.617s] -- Installing: /workspaces/isaac_ros-dev/install/sdv_localization_msgs/lib/python3.8/site-packages/sdv_localization_msgs/_sdv_localization_msgs_s.ep.rosidl_typesupport_introspection_c.c
[62.618s] -- Installing: /workspaces/isaac_ros-dev/install/sdv_localization_msgs/lib/python3.8/site-packages/sdv_localization_msgs/sdv_localization_msgs_s__rosidl_typesupport_introspection_c.cpython-38-aarch64-linux-gnu.so
[62.795s] Listing '/workspaces/isaac_ros-dev/install/sdv_localization_msgs/lib/python3.8/site-packages/sdv_localization_msgs'...
[62.795s] Compiling '/workspaces/isaac_ros-dev/install/sdv_localization_msgs/lib/python3.8/site-packages/sdv_localization_msgs/__init__.py'...
[62.796s] Listing '/workspaces/isaac_ros-dev/install/sdv_localization_msgs/lib/python3.8/site-packages/sdv_localization_msgs/msg'...
[62.796s] Compiling '/workspaces/isaac_ros-dev/install/sdv_localization_msgs/lib/python3.8/site-packages/sdv_localization_msgs/msg/__init__.py'...
[62.796s] Compiling '/workspaces/isaac_ros-dev/install/sdv_localization_msgs/lib/python3.8/site-packages/sdv_localization_msgs/msg/_sensor_diag.py'...
[62.797s] Compiling '/workspaces/isaac_ros-dev/install/sdv_localization_msgs/lib/python3.8/site-packages/sdv_localization_msgs/msg/_sensor_stat_array.py'...
[62.817s] -- Installing: /workspaces/isaac_ros-dev/install/sdv_localization_msgs/lib/python3.8/site-packages/sdv_localization_msgs/sdv_localization_msgs_s__rosidl_typesupport_fastrtps_c.cpython-38-aarch64-linux-gnu.so
[62.818s] -- Set runtime path of "/workspaces/isaac_ros-dev/install/sdv_localization_msgs/lib/python3.8/site-packages/sdv_localization_msgs/sdv_localization_msgs_s__rosidl_typesupport_fastrtps_c.cpython-38-aarch64-linux-gnu.so" to ""
[62.818s] -- Installing: /workspaces/isaac_ros-dev/install/sdv_localization_msgs/lib/python3.8/site-packages/sdv_localization_msgs/sdv_localization_msgs_s__rosidl_typesupport_introspection_c.cpython-38-aarch64-linux-gnu.so
[62.820s] -- Set runtime path of "/workspaces/isaac_ros-dev/install/sdv_localization_msgs/lib/python3.8/site-packages/sdv_localization_msgs/sdv_localization_msgs_s__rosidl_typesupport_introspection_c.cpython-38-aarch64-linux-gnu.so" to ""
[62.821s] -- Installing: /workspaces/isaac_ros-dev/install/sdv_localization_msgs/lib/python3.8/site-packages/sdv_localization_msgs/sdv_localization_msgs_s__rosidl_typesupport_c.cpython-38-aarch64-linux-gnu.so
[62.824s] -- Set runtime path of "/workspaces/isaac_ros-dev/install/sdv_localization_msgs/lib/python3.8/site-packages/sdv_localization_msgs/sdv_localization_msgs_s__rosidl_typesupport_c.cpython-38-aarch64-linux-gnu.so" to ""
[62.824s] -- Installing: /workspaces/isaac_ros-dev/install/sdv_localization_msgs/lib/libsdv_localization_msgs__rosidl_generator_py.so
[62.826s] -- Set runtime path of "/workspaces/isaac_ros-dev/install/sdv_localization_msgs/lib/libsdv_localization_msgs__rosidl_generator_py.so" to ""
[62.826s] -- Installing: /workspaces/isaac_ros-dev/install/sdv_localization_msgs/share/sdv_localization_msgs/msg/SensorDiag.idl
[62.827s] -- Installing: /workspaces/isaac_ros-dev/install/sdv_localization_msgs/share/sdv_localization_msgs/msg/SensorStatArray.idl
[62.828s] -- Installing: /workspaces/isaac_ros-dev/install/sdv_localization_msgs/share/sdv_localization_msgs/msg/SensorDiag.msg
[62.829s] -- Installing: /workspaces/isaac_ros-dev/install/sdv_localization_msgs/share/sdv_localization_msgs/msg/SensorStatArray.msg
[62.830s] -- Installing: /workspaces/isaac_ros-dev/install/sdv_localization_msgs/share/ament_index/resource_index/package_run_dependencies/sdv_localization_msgs
[62.832s] -- Installing: /workspaces/isaac_ros-dev/install/sdv_localization_msgs/share/ament_index/resource_index/parent_prefix_path/sdv_localization_msgs
[62.834s] -- Installing: /workspaces/isaac_ros-dev/install/sdv_localization_msgs/share/sdv_localization_msgs/environment/ament_prefix_path.sh
[62.834s] -- Installing: /workspaces/isaac_ros-dev/install/sdv_localization_msgs/share/sdv_localization_msgs/environment/ament_prefix_path.dsv
[62.834s] -- Installing: /workspaces/isaac_ros-dev/install/sdv_localization_msgs/share/sdv_localization_msgs/environment/path.sh
[62.835s] -- Installing: /workspaces/isaac_ros-dev/install/sdv_localization_msgs/share/sdv_localization_msgs/environment/path.dsv
[62.842s] -- Installing: /workspaces/isaac_ros-dev/install/sdv_localization_msgs/share/sdv_localization_msgs/local_setup.bash
[62.842s] -- Installing: /workspaces/isaac_ros-dev/install/sdv_localization_msgs/share/sdv_localization_msgs/local_setup.sh
[62.842s] -- Installing: /workspaces/isaac_ros-dev/install/sdv_localization_msgs/share/sdv_localization_msgs/local_setup.zsh
[62.843s] -- Installing: /workspaces/isaac_ros-dev/install/sdv_localization_msgs/share/sdv_localization_msgs/local_setup.dsv
[62.843s] -- Installing: /workspaces/isaac_ros-dev/install/sdv_localization_msgs/share/sdv_localization_msgs/package.dsv
[62.844s] -- Installing: /workspaces/isaac_ros-dev/install/sdv_localization_msgs/share/ament_index/resource_index/packages/sdv_localization_msgs
[62.844s] -- Installing: /workspaces/isaac_ros-dev/install/sdv_localization_msgs/share/sdv_localization_msgs/cmake/export_sdv_localization_msgs__rosidl_generator_cExport.cmake
[62.845s] -- Installing: /workspaces/isaac_ros-dev/install/sdv_localization_msgs/share/sdv_localization_msgs/cmake/export_sdv_localization_msgs__rosidl_generator_cExport-noconfig.cmake
[62.846s] -- Installing: /workspaces/isaac_ros-dev/install/sdv_localization_msgs/share/sdv_localization_msgs/cmake/export_sdv_localization_msgs__rosidl_typesupport_fastrtps_cExport.cmake
[62.847s] -- Installing: /workspaces/isaac_ros-dev/install/sdv_localization_msgs/share/sdv_localization_msgs/cmake/export_sdv_localization_msgs__rosidl_typesupport_fastrtps_cExport-noconfig.cmake
[62.848s] -- Installing: /workspaces/isaac_ros-dev/install/sdv_localization_msgs/share/sdv_localization_msgs/cmake/export_sdv_localization_msgs__rosidl_generator_cppExport.cmake
[62.848s] -- Installing: /workspaces/isaac_ros-dev/install/sdv_localization_msgs/share/sdv_localization_msgs/cmake/export_sdv_localization_msgs__rosidl_typesupport_fastrtps_cppExport.cmake
[62.848s] -- Installing: /workspaces/isaac_ros-dev/install/sdv_localization_msgs/share/sdv_localization_msgs/cmake/export_sdv_localization_msgs__rosidl_typesupport_fastrtps_cppExport-noconfig.cmake
[62.855s] -- Installing: /workspaces/isaac_ros-dev/install/sdv_localization_msgs/share/sdv_localization_msgs/cmake/sdv_localization_msgs__rosidl_typesupport_introspection_cExport.cmake
[62.856s] -- Installing: /workspaces/isaac_ros-dev/install/sdv_localization_msgs/share/sdv_localization_msgs/cmake/sdv_localization_msgs__rosidl_typesupport_introspection_cExport-noconfig.cmake
[62.856s] -- Installing: /workspaces/isaac_ros-dev/install/sdv_localization_msgs/share/sdv_localization_msgs/cmake/sdv_localization_msgs__rosidl_typesupport_cExport.cmake
[62.857s] -- Installing: /workspaces/isaac_ros-dev/install/sdv_localization_msgs/share/sdv_localization_msgs/cmake/sdv_localization_msgs__rosidl_typesupport_cExport-noconfig.cmake
[62.857s] -- Installing: /workspaces/isaac_ros-dev/install/sdv_localization_msgs/share/sdv_localization_msgs/cmake/sdv_localization_msgs__rosidl_typesupport_introspection_cppExport.cmake
[62.857s] -- Installing: /workspaces/isaac_ros-dev/install/sdv_localization_msgs/share/sdv_localization_msgs/cmake/sdv_localization_msgs__rosidl_typesupport_introspection_cppExport-noconfig.cmake
[62.858s] -- Installing: /workspaces/isaac_ros-dev/install/sdv_localization_msgs/share/sdv_localization_msgs/cmake/sdv_localization_msgs__rosidl_typesupport_cppExport.cmake
[62.858s] -- Installing: /workspaces/isaac_ros-dev/install/sdv_localization_msgs/share/sdv_localization_msgs/cmake/sdv_localization_msgs__rosidl_typesupport_cppExport-noconfig.cmake
[62.859s] -- Installing: /workspaces/isaac_ros-dev/install/sdv_localization_msgs/share/sdv_localization_msgs/cmake/export_sdv_localization_msgs__rosidl_generator_pyExport.cmake
[62.859s] -- Installing: /workspaces/isaac_ros-dev/install/sdv_localization_msgs/share/sdv_localization_msgs/cmake/export_sdv_localization_msgs__rosidl_generator_pyExport-noconfig.cmake
[62.860s] -- Installing: /workspaces/isaac_ros-dev/install/sdv_localization_msgs/share/sdv_localization_msgs/cmake/rosidl_cmake-extras.cmake
[62.864s] -- Installing: /workspaces/isaac_ros-dev/install/sdv_localization_msgs/share/sdv_localization_msgs/cmake/ament_cmake_export_dependencies-extras.cmake
[62.865s] -- Installing: /workspaces/isaac_ros-dev/install/sdv_localization_msgs/share/sdv_localization_msgs/cmake/ament_cmake_export_include_directories-extras.cmake
[62.865s] -- Installing: /workspaces/isaac_ros-dev/install/sdv_localization_msgs/share/sdv_localization_msgs/cmake/ament_cmake_export_libraries-extras.cmake
[62.866s] -- Installing: /workspaces/isaac_ros-dev/install/sdv_localization_msgs/share/sdv_localization_msgs/cmake/ament_cmake_export_targets-extras.cmake
[62.868s] -- Installing: /workspaces/isaac_ros-dev/install/sdv_localization_msgs/share/sdv_localization_msgs/cmake/rosidl_cmake_export_typesupport_targets-extras.cmake
[62.868s] -- Installing: /workspaces/isaac_ros-dev/install/sdv_localization_msgs/share/sdv_localization_msgs/cmake/rosidl_cmake_export_typesupport_libraries-extras.cmake
[62.869s] -- Installing: /workspaces/isaac_ros-dev/install/sdv_localization_msgs/share/sdv_localization_msgs/cmake/sdv_localization_msgsConfig.cmake
[62.869s] -- Installing: /workspaces/isaac_ros-dev/install/sdv_localization_msgs/share/sdv_localization_msgs/cmake/sdv_localization_msgsConfig-version.cmake
[62.870s] -- Installing: /workspaces/isaac_ros-dev/install/sdv_localization_msgs/share/sdv_localization_msgs/package.xml
[62.992s] Invoked command in '/workspaces/isaac_ros-dev/build/sdv_localization_msgs' returned '0': CMAKE_PREFIX_PATH=/workspaces/isaac_ros-dev/install/yolov8_bringup:/workspaces/isaac_ros-dev/install/xacro:/workspaces/isaac_ros-dev/install/vision_msgs:/workspaces/isaac_ros-dev/install/velodyne_driver:/workspaces/isaac_ros-dev/install/velodyne_msgs:/workspaces/isaac_ros-dev/install/velodyne_laserscan:/workspaces/isaac_ros-dev/install/vectornav_msgs:/workspaces/isaac_ros-dev/install/sdv_msg:/workspaces/isaac_ros-dev/install/sdv_localization_msgs:/workspaces/isaac_ros-dev/install/my_package:/workspaces/isaac_ros-dev/install/multisense_msgs:/workspaces/isaac_ros-dev/install/multisense_lib:/workspaces/isaac_ros-dev/install/isaac_ros_visual_slam_interfaces:/workspaces/isaac_ros-dev/install/isaac_ros_tensor_list_interfaces:/workspaces/isaac_ros-dev/install/isaac_ros_common:/workspaces/isaac_ros-dev/install/isaac_ros_bi3d_interfaces:/workspaces/isaac_ros-dev/install/isaac_ros_apriltag_interfaces:/workspaces/isaac_ros-dev/install/yolov8_ros:/workspaces/isaac_ros-dev/install/panel:/workspaces/isaac_ros-dev/install/isaac_ros_test:/workspaces/isaac_ros-dev/install/encoder:/opt/ros/humble/install /usr/bin/cmake --install /workspaces/isaac_ros-dev/build/sdv_localization_msgs
