[0.458s] Invoking command in '/workspaces/isaac_ros-dev/build/velodyne_pointcloud': CMAKE_PREFIX_PATH=/workspaces/isaac_ros-dev/install/velodyne_msgs:/workspaces/isaac_ros-dev/install/yolov8_bringup:/workspaces/isaac_ros-dev/install/xacro:/workspaces/isaac_ros-dev/install/vision_msgs:/workspaces/isaac_ros-dev/install/velodyne_driver:/workspaces/isaac_ros-dev/install/velodyne_laserscan:/workspaces/isaac_ros-dev/install/vectornav_msgs:/workspaces/isaac_ros-dev/install/sdv_msg:/workspaces/isaac_ros-dev/install/sdv_localization_msgs:/workspaces/isaac_ros-dev/install/my_package:/workspaces/isaac_ros-dev/install/multisense_msgs:/workspaces/isaac_ros-dev/install/multisense_lib:/workspaces/isaac_ros-dev/install/isaac_ros_visual_slam_interfaces:/workspaces/isaac_ros-dev/install/isaac_ros_tensor_list_interfaces:/workspaces/isaac_ros-dev/install/isaac_ros_common:/workspaces/isaac_ros-dev/install/isaac_ros_bi3d_interfaces:/workspaces/isaac_ros-dev/install/isaac_ros_apriltag_interfaces:/workspaces/isaac_ros-dev/install/yolov8_ros:/workspaces/isaac_ros-dev/install/panel:/workspaces/isaac_ros-dev/install/isaac_ros_test:/workspaces/isaac_ros-dev/install/encoder:/opt/ros/humble/install LD_LIBRARY_PATH=/workspaces/isaac_ros-dev/install/velodyne_msgs/lib:/workspaces/isaac_ros-dev/install/vision_msgs/lib:/workspaces/isaac_ros-dev/install/velodyne_driver/lib:/workspaces/isaac_ros-dev/install/velodyne_laserscan/lib:/workspaces/isaac_ros-dev/install/vectornav_msgs/lib:/workspaces/isaac_ros-dev/install/sdv_msg/lib:/workspaces/isaac_ros-dev/install/sdv_localization_msgs/lib:/workspaces/isaac_ros-dev/install/multisense_msgs/lib:/workspaces/isaac_ros-dev/install/multisense_lib/lib:/workspaces/isaac_ros-dev/install/isaac_ros_visual_slam_interfaces/lib:/workspaces/isaac_ros-dev/install/isaac_ros_tensor_list_interfaces/lib:/workspaces/isaac_ros-dev/install/isaac_ros_common/lib:/workspaces/isaac_ros-dev/install/isaac_ros_bi3d_interfaces/lib:/workspaces/isaac_ros-dev/install/isaac_ros_apriltag_interfaces/lib:/opt/ros/humble/install/opt/rviz_ogre_vendor/lib:/opt/ros/humble/install/lib:/usr/lib/aarch64-linux-gnu/tegra-egl:/usr/local/cuda-11.4/targets/aarch64-linux/lib:/usr/lib/aarch64-linux-gnu/tegra:/opt/nvidia/vpi2/lib64:/usr/lib/aarch64-linux-gnu-host:/opt/tritonserver/lib PYTHONPATH=/workspaces/isaac_ros-dev/install/velodyne_msgs/lib/python3.8/site-packages:/workspaces/isaac_ros-dev/install/yolov8_ros/lib/python3.8/site-packages:/workspaces/isaac_ros-dev/install/xacro/lib/python3.8/site-packages:/workspaces/isaac_ros-dev/install/vision_msgs/lib/python3.8/site-packages:/workspaces/isaac_ros-dev/install/vectornav_msgs/lib/python3.8/site-packages:/workspaces/isaac_ros-dev/install/sdv_msg/lib/python3.8/site-packages:/workspaces/isaac_ros-dev/install/sdv_localization_msgs/lib/python3.8/site-packages:/workspaces/isaac_ros-dev/install/panel/lib/python3.8/site-packages:/workspaces/isaac_ros-dev/install/multisense_msgs/lib/python3.8/site-packages:/workspaces/isaac_ros-dev/install/isaac_ros_visual_slam_interfaces/lib/python3.8/site-packages:/workspaces/isaac_ros-dev/install/isaac_ros_test/lib/python3.8/site-packages:/workspaces/isaac_ros-dev/install/isaac_ros_tensor_list_interfaces/lib/python3.8/site-packages:/workspaces/isaac_ros-dev/install/isaac_ros_bi3d_interfaces/lib/python3.8/site-packages:/workspaces/isaac_ros-dev/install/isaac_ros_apriltag_interfaces/lib/python3.8/site-packages:/workspaces/isaac_ros-dev/install/encoder/lib/python3.8/site-packages:/opt/ros/humble/install/lib/python3.8/site-packages /usr/bin/cmake /workspaces/isaac_ros-dev/src/sdv_localization/velodyne/velodyne_pointcloud -DCMAKE_INSTALL_PREFIX=/workspaces/isaac_ros-dev/install/velodyne_pointcloud
[0.778s] -- The C compiler identification is GNU 9.4.0
[1.060s] -- The CXX compiler identification is GNU 9.4.0
[1.098s] -- Detecting C compiler ABI info
[1.423s] -- Detecting C compiler ABI info - done
[1.458s] -- Check for working C compiler: /usr/bin/cc - skipped
[1.460s] -- Detecting C compile features
[1.463s] -- Detecting C compile features - done
[1.480s] -- Detecting CXX compiler ABI info
[1.816s] -- Detecting CXX compiler ABI info - done
[1.848s] -- Check for working CXX compiler: /usr/bin/c++ - skipped
[1.850s] -- Detecting CXX compile features
[1.853s] -- Detecting CXX compile features - done
[1.873s] -- Found ament_cmake: 1.3.2 (/opt/ros/humble/install/share/ament_cmake/cmake)
[5.946s] -- Found Python3: /usr/bin/python3.8 (found version "3.8.10") found components: Interpreter 
[6.478s] -- Found angles: 1.15.0 (/opt/ros/humble/install/share/angles/cmake)
[6.498s] -- Found diagnostic_updater: 3.0.0 (/opt/ros/humble/install/share/diagnostic_updater/cmake)
[6.781s] -- Found rosidl_generator_c: 3.1.3 (/opt/ros/humble/install/share/rosidl_generator_c/cmake)
[6.819s] -- Found rosidl_adapter: 3.1.3 (/opt/ros/humble/install/share/rosidl_adapter/cmake)
[6.877s] -- Found rosidl_generator_cpp: 3.1.3 (/opt/ros/humble/install/share/rosidl_generator_cpp/cmake)
[6.961s] -- Using all available rosidl_typesupport_c: rosidl_typesupport_fastrtps_c;rosidl_typesupport_introspection_c
[7.075s] -- Using all available rosidl_typesupport_cpp: rosidl_typesupport_fastrtps_cpp;rosidl_typesupport_introspection_cpp
[7.871s] -- Found rmw_implementation_cmake: 6.1.0 (/opt/ros/humble/install/share/rmw_implementation_cmake/cmake)
[7.893s] -- Found rmw_fastrtps_cpp: 6.2.1 (/opt/ros/humble/install/share/rmw_fastrtps_cpp/cmake)
[8.659s] -- Found OpenSSL: /usr/lib/aarch64-linux-gnu/libcrypto.so (found version "1.1.1f")  
[8.857s] -- Found FastRTPS: /opt/ros/humble/install/include  
[9.167s] -- Using RMW implementation 'rmw_fastrtps_cpp' as default
[9.699s] -- Found geometry_msgs: 4.2.2 (/opt/ros/humble/install/share/geometry_msgs/cmake)
[9.911s] -- Found message_filters: 4.3.2 (/opt/ros/humble/install/share/message_filters/cmake)
[10.005s] -- Checking for module 'eigen3'
[10.133s] --   Found eigen3, version 3.3.7
[10.599s] -- Found Eigen: /usr/include/eigen3 (Required is at least version "3.1") 
[10.599s] -- Eigen found (include: /usr/include/eigen3, version: 3.3.7)
[11.091s] -- Found Boost: /usr/include (found suitable version "1.71.0", minimum required is "1.55.0") found components: system filesystem date_time iostreams regex 
[11.094s] -- looking for PCL_COMMON
[11.098s] [33mCMake Warning (dev) at /usr/share/cmake-3.23/Modules/FindPackageHandleStandardArgs.cmake:438 (message):
[11.099s]   The package name passed to `find_package_handle_standard_args` (PCL_COMMON)
[11.099s]   does not match the name of the calling package (PCL).  This can lead to
[11.100s]   problems in calling code that expects `find_package` result variables
[11.100s]   (e.g., `_FOUND`) to follow a certain pattern.
[11.100s] Call Stack (most recent call first):
[11.101s]   /usr/lib/aarch64-linux-gnu/cmake/pcl/PCLConfig.cmake:616 (find_package_handle_standard_args)
[11.101s]   CMakeLists.txt:19 (find_package)
[11.101s] This warning is for project developers.  Use -Wno-dev to suppress it.
[11.102s] [0m
[11.103s] -- Found PCL_COMMON: /usr/lib/aarch64-linux-gnu/libpcl_common.so  
[11.103s] -- Found PCL: pcl_common;/usr/lib/aarch64-linux-gnu/libboost_system.so;/usr/lib/aarch64-linux-gnu/libboost_filesystem.so;/usr/lib/aarch64-linux-gnu/libboost_date_time.so;/usr/lib/aarch64-linux-gnu/libboost_iostreams.so;/usr/lib/aarch64-linux-gnu/libboost_regex.so  
[11.118s] -- Found rclcpp_components: 16.0.1 (/opt/ros/humble/install/share/rclcpp_components/cmake)
[11.364s] -- Found sensor_msgs: 4.2.2 (/opt/ros/humble/install/share/sensor_msgs/cmake)
[11.643s] -- Found tf2: 0.25.1 (/opt/ros/humble/install/share/tf2/cmake)
[11.683s] -- Found tf2_ros: 0.25.1 (/opt/ros/humble/install/share/tf2_ros/cmake)
[12.516s] -- Found velodyne_msgs: 2.3.0 (/workspaces/isaac_ros-dev/install/velodyne_msgs/share/velodyne_msgs/cmake)
[12.706s] -- Found PkgConfig: /usr/bin/pkg-config (found version "0.29.1") 
[12.712s] -- Checking for module 'yaml-cpp'
[12.832s] --   Found yaml-cpp, version 0.6.2
[13.300s] -- Found ament_lint_auto: 0.12.4 (/opt/ros/humble/install/share/ament_lint_auto/cmake)
[13.786s] -- Found gtest sources under '/opt/ros/humble/install/src/gtest_vendor': C++ tests using 'Google Test' will be built
[13.809s] -- Looking for pthread.h
[14.176s] -- Looking for pthread.h - found
[14.178s] -- Performing Test CMAKE_HAVE_LIBC_PTHREAD
[14.557s] -- Performing Test CMAKE_HAVE_LIBC_PTHREAD - Failed
[14.560s] -- Check if compiler accepts -pthread
[14.893s] -- Check if compiler accepts -pthread - yes
[14.899s] -- Found Threads: TRUE  
[14.943s] -- Added test 'copyright' to check source files copyright and LICENSE
[14.965s] -- Added test 'cppcheck' to perform static code analysis on C / C++ code
[14.968s] -- Configured cppcheck include dirs: /workspaces/isaac_ros-dev/src/sdv_localization/velodyne/velodyne_pointcloud/include
[14.968s] -- Configured cppcheck exclude dirs and/or files: 
[14.990s] -- Added test 'cpplint' to check C / C++ code against the Google style
[14.990s] -- Configured cpplint exclude dirs and/or files: 
[15.000s] -- Added test 'flake8' to check Python code syntax and style conventions
[15.008s] -- Added test 'lint_cmake' to check CMake code style
[15.016s] -- Added test 'pep257' to check Python code against some of the docstring style conventions in PEP 257
[15.061s] -- Added test 'uncrustify' to check C / C++ code style
[15.062s] -- Configured uncrustify additional arguments: 
[15.062s] -- Configuring done
[15.523s] -- Generating done
[15.534s] -- Build files have been written to: /workspaces/isaac_ros-dev/build/velodyne_pointcloud
[15.629s] Invoked command in '/workspaces/isaac_ros-dev/build/velodyne_pointcloud' returned '0': CMAKE_PREFIX_PATH=/workspaces/isaac_ros-dev/install/velodyne_msgs:/workspaces/isaac_ros-dev/install/yolov8_bringup:/workspaces/isaac_ros-dev/install/xacro:/workspaces/isaac_ros-dev/install/vision_msgs:/workspaces/isaac_ros-dev/install/velodyne_driver:/workspaces/isaac_ros-dev/install/velodyne_laserscan:/workspaces/isaac_ros-dev/install/vectornav_msgs:/workspaces/isaac_ros-dev/install/sdv_msg:/workspaces/isaac_ros-dev/install/sdv_localization_msgs:/workspaces/isaac_ros-dev/install/my_package:/workspaces/isaac_ros-dev/install/multisense_msgs:/workspaces/isaac_ros-dev/install/multisense_lib:/workspaces/isaac_ros-dev/install/isaac_ros_visual_slam_interfaces:/workspaces/isaac_ros-dev/install/isaac_ros_tensor_list_interfaces:/workspaces/isaac_ros-dev/install/isaac_ros_common:/workspaces/isaac_ros-dev/install/isaac_ros_bi3d_interfaces:/workspaces/isaac_ros-dev/install/isaac_ros_apriltag_interfaces:/workspaces/isaac_ros-dev/install/yolov8_ros:/workspaces/isaac_ros-dev/install/panel:/workspaces/isaac_ros-dev/install/isaac_ros_test:/workspaces/isaac_ros-dev/install/encoder:/opt/ros/humble/install LD_LIBRARY_PATH=/workspaces/isaac_ros-dev/install/velodyne_msgs/lib:/workspaces/isaac_ros-dev/install/vision_msgs/lib:/workspaces/isaac_ros-dev/install/velodyne_driver/lib:/workspaces/isaac_ros-dev/install/velodyne_laserscan/lib:/workspaces/isaac_ros-dev/install/vectornav_msgs/lib:/workspaces/isaac_ros-dev/install/sdv_msg/lib:/workspaces/isaac_ros-dev/install/sdv_localization_msgs/lib:/workspaces/isaac_ros-dev/install/multisense_msgs/lib:/workspaces/isaac_ros-dev/install/multisense_lib/lib:/workspaces/isaac_ros-dev/install/isaac_ros_visual_slam_interfaces/lib:/workspaces/isaac_ros-dev/install/isaac_ros_tensor_list_interfaces/lib:/workspaces/isaac_ros-dev/install/isaac_ros_common/lib:/workspaces/isaac_ros-dev/install/isaac_ros_bi3d_interfaces/lib:/workspaces/isaac_ros-dev/install/isaac_ros_apriltag_interfaces/lib:/opt/ros/humble/install/opt/rviz_ogre_vendor/lib:/opt/ros/humble/install/lib:/usr/lib/aarch64-linux-gnu/tegra-egl:/usr/local/cuda-11.4/targets/aarch64-linux/lib:/usr/lib/aarch64-linux-gnu/tegra:/opt/nvidia/vpi2/lib64:/usr/lib/aarch64-linux-gnu-host:/opt/tritonserver/lib PYTHONPATH=/workspaces/isaac_ros-dev/install/velodyne_msgs/lib/python3.8/site-packages:/workspaces/isaac_ros-dev/install/yolov8_ros/lib/python3.8/site-packages:/workspaces/isaac_ros-dev/install/xacro/lib/python3.8/site-packages:/workspaces/isaac_ros-dev/install/vision_msgs/lib/python3.8/site-packages:/workspaces/isaac_ros-dev/install/vectornav_msgs/lib/python3.8/site-packages:/workspaces/isaac_ros-dev/install/sdv_msg/lib/python3.8/site-packages:/workspaces/isaac_ros-dev/install/sdv_localization_msgs/lib/python3.8/site-packages:/workspaces/isaac_ros-dev/install/panel/lib/python3.8/site-packages:/workspaces/isaac_ros-dev/install/multisense_msgs/lib/python3.8/site-packages:/workspaces/isaac_ros-dev/install/isaac_ros_visual_slam_interfaces/lib/python3.8/site-packages:/workspaces/isaac_ros-dev/install/isaac_ros_test/lib/python3.8/site-packages:/workspaces/isaac_ros-dev/install/isaac_ros_tensor_list_interfaces/lib/python3.8/site-packages:/workspaces/isaac_ros-dev/install/isaac_ros_bi3d_interfaces/lib/python3.8/site-packages:/workspaces/isaac_ros-dev/install/isaac_ros_apriltag_interfaces/lib/python3.8/site-packages:/workspaces/isaac_ros-dev/install/encoder/lib/python3.8/site-packages:/opt/ros/humble/install/lib/python3.8/site-packages /usr/bin/cmake /workspaces/isaac_ros-dev/src/sdv_localization/velodyne/velodyne_pointcloud -DCMAKE_INSTALL_PREFIX=/workspaces/isaac_ros-dev/install/velodyne_pointcloud
[15.644s] Invoking command in '/workspaces/isaac_ros-dev/build/velodyne_pointcloud': CMAKE_PREFIX_PATH=/workspaces/isaac_ros-dev/install/velodyne_msgs:/workspaces/isaac_ros-dev/install/yolov8_bringup:/workspaces/isaac_ros-dev/install/xacro:/workspaces/isaac_ros-dev/install/vision_msgs:/workspaces/isaac_ros-dev/install/velodyne_driver:/workspaces/isaac_ros-dev/install/velodyne_laserscan:/workspaces/isaac_ros-dev/install/vectornav_msgs:/workspaces/isaac_ros-dev/install/sdv_msg:/workspaces/isaac_ros-dev/install/sdv_localization_msgs:/workspaces/isaac_ros-dev/install/my_package:/workspaces/isaac_ros-dev/install/multisense_msgs:/workspaces/isaac_ros-dev/install/multisense_lib:/workspaces/isaac_ros-dev/install/isaac_ros_visual_slam_interfaces:/workspaces/isaac_ros-dev/install/isaac_ros_tensor_list_interfaces:/workspaces/isaac_ros-dev/install/isaac_ros_common:/workspaces/isaac_ros-dev/install/isaac_ros_bi3d_interfaces:/workspaces/isaac_ros-dev/install/isaac_ros_apriltag_interfaces:/workspaces/isaac_ros-dev/install/yolov8_ros:/workspaces/isaac_ros-dev/install/panel:/workspaces/isaac_ros-dev/install/isaac_ros_test:/workspaces/isaac_ros-dev/install/encoder:/opt/ros/humble/install LD_LIBRARY_PATH=/workspaces/isaac_ros-dev/install/velodyne_msgs/lib:/workspaces/isaac_ros-dev/install/vision_msgs/lib:/workspaces/isaac_ros-dev/install/velodyne_driver/lib:/workspaces/isaac_ros-dev/install/velodyne_laserscan/lib:/workspaces/isaac_ros-dev/install/vectornav_msgs/lib:/workspaces/isaac_ros-dev/install/sdv_msg/lib:/workspaces/isaac_ros-dev/install/sdv_localization_msgs/lib:/workspaces/isaac_ros-dev/install/multisense_msgs/lib:/workspaces/isaac_ros-dev/install/multisense_lib/lib:/workspaces/isaac_ros-dev/install/isaac_ros_visual_slam_interfaces/lib:/workspaces/isaac_ros-dev/install/isaac_ros_tensor_list_interfaces/lib:/workspaces/isaac_ros-dev/install/isaac_ros_common/lib:/workspaces/isaac_ros-dev/install/isaac_ros_bi3d_interfaces/lib:/workspaces/isaac_ros-dev/install/isaac_ros_apriltag_interfaces/lib:/opt/ros/humble/install/opt/rviz_ogre_vendor/lib:/opt/ros/humble/install/lib:/usr/lib/aarch64-linux-gnu/tegra-egl:/usr/local/cuda-11.4/targets/aarch64-linux/lib:/usr/lib/aarch64-linux-gnu/tegra:/opt/nvidia/vpi2/lib64:/usr/lib/aarch64-linux-gnu-host:/opt/tritonserver/lib PYTHONPATH=/workspaces/isaac_ros-dev/install/velodyne_msgs/lib/python3.8/site-packages:/workspaces/isaac_ros-dev/install/yolov8_ros/lib/python3.8/site-packages:/workspaces/isaac_ros-dev/install/xacro/lib/python3.8/site-packages:/workspaces/isaac_ros-dev/install/vision_msgs/lib/python3.8/site-packages:/workspaces/isaac_ros-dev/install/vectornav_msgs/lib/python3.8/site-packages:/workspaces/isaac_ros-dev/install/sdv_msg/lib/python3.8/site-packages:/workspaces/isaac_ros-dev/install/sdv_localization_msgs/lib/python3.8/site-packages:/workspaces/isaac_ros-dev/install/panel/lib/python3.8/site-packages:/workspaces/isaac_ros-dev/install/multisense_msgs/lib/python3.8/site-packages:/workspaces/isaac_ros-dev/install/isaac_ros_visual_slam_interfaces/lib/python3.8/site-packages:/workspaces/isaac_ros-dev/install/isaac_ros_test/lib/python3.8/site-packages:/workspaces/isaac_ros-dev/install/isaac_ros_tensor_list_interfaces/lib/python3.8/site-packages:/workspaces/isaac_ros-dev/install/isaac_ros_bi3d_interfaces/lib/python3.8/site-packages:/workspaces/isaac_ros-dev/install/isaac_ros_apriltag_interfaces/lib/python3.8/site-packages:/workspaces/isaac_ros-dev/install/encoder/lib/python3.8/site-packages:/opt/ros/humble/install/lib/python3.8/site-packages /usr/bin/cmake --build /workspaces/isaac_ros-dev/build/velodyne_pointcloud -- -j8 -l8
[15.901s] [  5%] [32mBuilding CXX object src/lib/CMakeFiles/velodyne_cloud_types.dir/pointcloudXYZIRT.cpp.o[0m
[48.069s] [ 11%] [32mBuilding CXX object src/lib/CMakeFiles/velodyne_cloud_types.dir/organized_cloudXYZIRT.cpp.o[0m
[73.260s] [ 16%] [32m[1mLinking CXX shared library libvelodyne_cloud_types.so[0m
[73.881s] [ 16%] Built target velodyne_cloud_types
[73.955s] [ 22%] [32mBuilding CXX object gtest/CMakeFiles/gtest.dir/src/gtest-all.cc.o[0m
[87.782s] [ 27%] [32m[1mLinking CXX static library libgtest.a[0m
[88.060s] [ 27%] Built target gtest
[88.147s] [ 33%] [32mBuilding CXX object gtest/CMakeFiles/gtest_main.dir/src/gtest_main.cc.o[0m
[91.703s] [ 38%] [32m[1mLinking CXX static library libgtest_main.a[0m
[91.838s] [ 38%] Built target gtest_main
[91.911s] [ 44%] [32mBuilding CXX object src/lib/CMakeFiles/velodyne_rawdata.dir/rawdata.cpp.o[0m
[113.674s] [ 50%] [32mBuilding CXX object src/lib/CMakeFiles/velodyne_rawdata.dir/calibration.cpp.o[0m
[127.775s] [ 55%] [32m[1mLinking CXX shared library libvelodyne_rawdata.so[0m
[128.390s] [ 55%] Built target velodyne_rawdata
[128.483s] [ 61%] [32mBuilding CXX object tests/CMakeFiles/test_row_step.dir/test_row_step.cpp.o[0m
[153.491s] [ 66%] [32m[1mLinking CXX executable test_row_step[0m
[154.357s] [ 66%] Built target test_row_step
[154.422s] [ 72%] [32mBuilding CXX object tests/CMakeFiles/test_calibration.dir/test_calibration.cpp.o[0m
[159.474s] [ 77%] [32m[1mLinking CXX executable test_calibration[0m
[160.189s] [ 77%] Built target test_calibration
[160.259s] [ 83%] [32mBuilding CXX object CMakeFiles/transform.dir/src/conversions/transform.cpp.o[0m
[213.739s] [ 88%] [32m[1mLinking CXX shared library libtransform.so[0m
[216.140s] [ 88%] Built target transform
[216.214s] [ 94%] [32mBuilding CXX object CMakeFiles/velodyne_transform_node.dir/src/conversions/transform_node.cpp.o[0m
[243.571s] [100%] [32m[1mLinking CXX executable velodyne_transform_node[0m
[244.965s] [100%] Built target velodyne_transform_node
[245.010s] Invoked command in '/workspaces/isaac_ros-dev/build/velodyne_pointcloud' returned '0': CMAKE_PREFIX_PATH=/workspaces/isaac_ros-dev/install/velodyne_msgs:/workspaces/isaac_ros-dev/install/yolov8_bringup:/workspaces/isaac_ros-dev/install/xacro:/workspaces/isaac_ros-dev/install/vision_msgs:/workspaces/isaac_ros-dev/install/velodyne_driver:/workspaces/isaac_ros-dev/install/velodyne_laserscan:/workspaces/isaac_ros-dev/install/vectornav_msgs:/workspaces/isaac_ros-dev/install/sdv_msg:/workspaces/isaac_ros-dev/install/sdv_localization_msgs:/workspaces/isaac_ros-dev/install/my_package:/workspaces/isaac_ros-dev/install/multisense_msgs:/workspaces/isaac_ros-dev/install/multisense_lib:/workspaces/isaac_ros-dev/install/isaac_ros_visual_slam_interfaces:/workspaces/isaac_ros-dev/install/isaac_ros_tensor_list_interfaces:/workspaces/isaac_ros-dev/install/isaac_ros_common:/workspaces/isaac_ros-dev/install/isaac_ros_bi3d_interfaces:/workspaces/isaac_ros-dev/install/isaac_ros_apriltag_interfaces:/workspaces/isaac_ros-dev/install/yolov8_ros:/workspaces/isaac_ros-dev/install/panel:/workspaces/isaac_ros-dev/install/isaac_ros_test:/workspaces/isaac_ros-dev/install/encoder:/opt/ros/humble/install LD_LIBRARY_PATH=/workspaces/isaac_ros-dev/install/velodyne_msgs/lib:/workspaces/isaac_ros-dev/install/vision_msgs/lib:/workspaces/isaac_ros-dev/install/velodyne_driver/lib:/workspaces/isaac_ros-dev/install/velodyne_laserscan/lib:/workspaces/isaac_ros-dev/install/vectornav_msgs/lib:/workspaces/isaac_ros-dev/install/sdv_msg/lib:/workspaces/isaac_ros-dev/install/sdv_localization_msgs/lib:/workspaces/isaac_ros-dev/install/multisense_msgs/lib:/workspaces/isaac_ros-dev/install/multisense_lib/lib:/workspaces/isaac_ros-dev/install/isaac_ros_visual_slam_interfaces/lib:/workspaces/isaac_ros-dev/install/isaac_ros_tensor_list_interfaces/lib:/workspaces/isaac_ros-dev/install/isaac_ros_common/lib:/workspaces/isaac_ros-dev/install/isaac_ros_bi3d_interfaces/lib:/workspaces/isaac_ros-dev/install/isaac_ros_apriltag_interfaces/lib:/opt/ros/humble/install/opt/rviz_ogre_vendor/lib:/opt/ros/humble/install/lib:/usr/lib/aarch64-linux-gnu/tegra-egl:/usr/local/cuda-11.4/targets/aarch64-linux/lib:/usr/lib/aarch64-linux-gnu/tegra:/opt/nvidia/vpi2/lib64:/usr/lib/aarch64-linux-gnu-host:/opt/tritonserver/lib PYTHONPATH=/workspaces/isaac_ros-dev/install/velodyne_msgs/lib/python3.8/site-packages:/workspaces/isaac_ros-dev/install/yolov8_ros/lib/python3.8/site-packages:/workspaces/isaac_ros-dev/install/xacro/lib/python3.8/site-packages:/workspaces/isaac_ros-dev/install/vision_msgs/lib/python3.8/site-packages:/workspaces/isaac_ros-dev/install/vectornav_msgs/lib/python3.8/site-packages:/workspaces/isaac_ros-dev/install/sdv_msg/lib/python3.8/site-packages:/workspaces/isaac_ros-dev/install/sdv_localization_msgs/lib/python3.8/site-packages:/workspaces/isaac_ros-dev/install/panel/lib/python3.8/site-packages:/workspaces/isaac_ros-dev/install/multisense_msgs/lib/python3.8/site-packages:/workspaces/isaac_ros-dev/install/isaac_ros_visual_slam_interfaces/lib/python3.8/site-packages:/workspaces/isaac_ros-dev/install/isaac_ros_test/lib/python3.8/site-packages:/workspaces/isaac_ros-dev/install/isaac_ros_tensor_list_interfaces/lib/python3.8/site-packages:/workspaces/isaac_ros-dev/install/isaac_ros_bi3d_interfaces/lib/python3.8/site-packages:/workspaces/isaac_ros-dev/install/isaac_ros_apriltag_interfaces/lib/python3.8/site-packages:/workspaces/isaac_ros-dev/install/encoder/lib/python3.8/site-packages:/opt/ros/humble/install/lib/python3.8/site-packages /usr/bin/cmake --build /workspaces/isaac_ros-dev/build/velodyne_pointcloud -- -j8 -l8
[245.677s] Invoking command in '/workspaces/isaac_ros-dev/build/velodyne_pointcloud': CMAKE_PREFIX_PATH=/workspaces/isaac_ros-dev/install/velodyne_msgs:/workspaces/isaac_ros-dev/install/yolov8_bringup:/workspaces/isaac_ros-dev/install/xacro:/workspaces/isaac_ros-dev/install/vision_msgs:/workspaces/isaac_ros-dev/install/velodyne_driver:/workspaces/isaac_ros-dev/install/velodyne_laserscan:/workspaces/isaac_ros-dev/install/vectornav_msgs:/workspaces/isaac_ros-dev/install/sdv_msg:/workspaces/isaac_ros-dev/install/sdv_localization_msgs:/workspaces/isaac_ros-dev/install/my_package:/workspaces/isaac_ros-dev/install/multisense_msgs:/workspaces/isaac_ros-dev/install/multisense_lib:/workspaces/isaac_ros-dev/install/isaac_ros_visual_slam_interfaces:/workspaces/isaac_ros-dev/install/isaac_ros_tensor_list_interfaces:/workspaces/isaac_ros-dev/install/isaac_ros_common:/workspaces/isaac_ros-dev/install/isaac_ros_bi3d_interfaces:/workspaces/isaac_ros-dev/install/isaac_ros_apriltag_interfaces:/workspaces/isaac_ros-dev/install/yolov8_ros:/workspaces/isaac_ros-dev/install/panel:/workspaces/isaac_ros-dev/install/isaac_ros_test:/workspaces/isaac_ros-dev/install/encoder:/opt/ros/humble/install LD_LIBRARY_PATH=/workspaces/isaac_ros-dev/install/velodyne_msgs/lib:/workspaces/isaac_ros-dev/install/vision_msgs/lib:/workspaces/isaac_ros-dev/install/velodyne_driver/lib:/workspaces/isaac_ros-dev/install/velodyne_laserscan/lib:/workspaces/isaac_ros-dev/install/vectornav_msgs/lib:/workspaces/isaac_ros-dev/install/sdv_msg/lib:/workspaces/isaac_ros-dev/install/sdv_localization_msgs/lib:/workspaces/isaac_ros-dev/install/multisense_msgs/lib:/workspaces/isaac_ros-dev/install/multisense_lib/lib:/workspaces/isaac_ros-dev/install/isaac_ros_visual_slam_interfaces/lib:/workspaces/isaac_ros-dev/install/isaac_ros_tensor_list_interfaces/lib:/workspaces/isaac_ros-dev/install/isaac_ros_common/lib:/workspaces/isaac_ros-dev/install/isaac_ros_bi3d_interfaces/lib:/workspaces/isaac_ros-dev/install/isaac_ros_apriltag_interfaces/lib:/opt/ros/humble/install/opt/rviz_ogre_vendor/lib:/opt/ros/humble/install/lib:/usr/lib/aarch64-linux-gnu/tegra-egl:/usr/local/cuda-11.4/targets/aarch64-linux/lib:/usr/lib/aarch64-linux-gnu/tegra:/opt/nvidia/vpi2/lib64:/usr/lib/aarch64-linux-gnu-host:/opt/tritonserver/lib PYTHONPATH=/workspaces/isaac_ros-dev/install/velodyne_msgs/lib/python3.8/site-packages:/workspaces/isaac_ros-dev/install/yolov8_ros/lib/python3.8/site-packages:/workspaces/isaac_ros-dev/install/xacro/lib/python3.8/site-packages:/workspaces/isaac_ros-dev/install/vision_msgs/lib/python3.8/site-packages:/workspaces/isaac_ros-dev/install/vectornav_msgs/lib/python3.8/site-packages:/workspaces/isaac_ros-dev/install/sdv_msg/lib/python3.8/site-packages:/workspaces/isaac_ros-dev/install/sdv_localization_msgs/lib/python3.8/site-packages:/workspaces/isaac_ros-dev/install/panel/lib/python3.8/site-packages:/workspaces/isaac_ros-dev/install/multisense_msgs/lib/python3.8/site-packages:/workspaces/isaac_ros-dev/install/isaac_ros_visual_slam_interfaces/lib/python3.8/site-packages:/workspaces/isaac_ros-dev/install/isaac_ros_test/lib/python3.8/site-packages:/workspaces/isaac_ros-dev/install/isaac_ros_tensor_list_interfaces/lib/python3.8/site-packages:/workspaces/isaac_ros-dev/install/isaac_ros_bi3d_interfaces/lib/python3.8/site-packages:/workspaces/isaac_ros-dev/install/isaac_ros_apriltag_interfaces/lib/python3.8/site-packages:/workspaces/isaac_ros-dev/install/encoder/lib/python3.8/site-packages:/opt/ros/humble/install/lib/python3.8/site-packages /usr/bin/cmake --install /workspaces/isaac_ros-dev/build/velodyne_pointcloud
[255.090s] -- Install configuration: ""
[255.091s] -- Installing: /workspaces/isaac_ros-dev/install/velodyne_pointcloud/lib/libtransform.so
[255.091s] -- Set runtime path of "/workspaces/isaac_ros-dev/install/velodyne_pointcloud/lib/libtransform.so" to ""
[255.091s] -- Installing: /workspaces/isaac_ros-dev/install/velodyne_pointcloud/lib/velodyne_pointcloud/velodyne_transform_node
[255.092s] -- Set runtime path of "/workspaces/isaac_ros-dev/install/velodyne_pointcloud/lib/velodyne_pointcloud/velodyne_transform_node" to ""
[255.092s] -- Installing: /workspaces/isaac_ros-dev/install/velodyne_pointcloud/include/velodyne_pointcloud
[255.092s] -- Installing: /workspaces/isaac_ros-dev/install/velodyne_pointcloud/include/velodyne_pointcloud/rawdata.hpp
[255.092s] -- Installing: /workspaces/isaac_ros-dev/install/velodyne_pointcloud/include/velodyne_pointcloud/organized_cloudXYZIRT.hpp
[255.093s] -- Installing: /workspaces/isaac_ros-dev/install/velodyne_pointcloud/include/velodyne_pointcloud/calibration.hpp
[255.093s] -- Installing: /workspaces/isaac_ros-dev/install/velodyne_pointcloud/include/velodyne_pointcloud/pointcloudXYZIRT.hpp
[255.093s] -- Installing: /workspaces/isaac_ros-dev/install/velodyne_pointcloud/include/velodyne_pointcloud/transform.hpp
[255.093s] -- Installing: /workspaces/isaac_ros-dev/install/velodyne_pointcloud/include/velodyne_pointcloud/datacontainerbase.hpp
[255.094s] -- Installing: /workspaces/isaac_ros-dev/install/velodyne_pointcloud/share/velodyne_pointcloud/config
[255.094s] -- Installing: /workspaces/isaac_ros-dev/install/velodyne_pointcloud/share/velodyne_pointcloud/config/VLP16-velodyne_transform_node-params.yaml
[255.095s] -- Installing: /workspaces/isaac_ros-dev/install/velodyne_pointcloud/share/velodyne_pointcloud/config/VLP32C-velodyne_transform_node-params.yaml
[255.095s] -- Installing: /workspaces/isaac_ros-dev/install/velodyne_pointcloud/share/velodyne_pointcloud/launch
[255.095s] -- Installing: /workspaces/isaac_ros-dev/install/velodyne_pointcloud/share/velodyne_pointcloud/launch/velodyne_transform_node-VLP16-launch.py
[255.096s] -- Installing: /workspaces/isaac_ros-dev/install/velodyne_pointcloud/share/velodyne_pointcloud/launch/velodyne_transform_node-VLP32C-launch.py
[255.096s] -- Installing: /workspaces/isaac_ros-dev/install/velodyne_pointcloud/share/velodyne_pointcloud/launch/velodyne_transform_node-VLP32C-composed-launch.py
[255.097s] -- Installing: /workspaces/isaac_ros-dev/install/velodyne_pointcloud/share/velodyne_pointcloud/launch/velodyne_transform_node-VLP16-composed-launch.py
[255.097s] -- Installing: /workspaces/isaac_ros-dev/install/velodyne_pointcloud/share/velodyne_pointcloud/params
[255.098s] -- Installing: /workspaces/isaac_ros-dev/install/velodyne_pointcloud/share/velodyne_pointcloud/params/VeloView-VLP-32C.yaml
[255.098s] -- Installing: /workspaces/isaac_ros-dev/install/velodyne_pointcloud/share/velodyne_pointcloud/params/VLP16db.yaml
[255.098s] -- Installing: /workspaces/isaac_ros-dev/install/velodyne_pointcloud/share/velodyne_pointcloud/params/issue_84_float_intensities.yaml
[255.099s] -- Installing: /workspaces/isaac_ros-dev/install/velodyne_pointcloud/share/velodyne_pointcloud/params/VLP16_hires_db.yaml
[255.100s] -- Installing: /workspaces/isaac_ros-dev/install/velodyne_pointcloud/share/velodyne_pointcloud/params/rviz_points.vcg
[255.100s] -- Installing: /workspaces/isaac_ros-dev/install/velodyne_pointcloud/share/velodyne_pointcloud/params/64e_s3-xiesc.yaml
[255.101s] -- Installing: /workspaces/isaac_ros-dev/install/velodyne_pointcloud/share/velodyne_pointcloud/params/64e_utexas.yaml
[255.103s] -- Installing: /workspaces/isaac_ros-dev/install/velodyne_pointcloud/share/velodyne_pointcloud/params/32db.yaml
[255.103s] -- Installing: /workspaces/isaac_ros-dev/install/velodyne_pointcloud/share/velodyne_pointcloud/params/64e_s2.1-sztaki.yaml
[255.104s] -- Installing: /workspaces/isaac_ros-dev/install/velodyne_pointcloud/share/ament_index/resource_index/package_run_dependencies/velodyne_pointcloud
[255.104s] -- Installing: /workspaces/isaac_ros-dev/install/velodyne_pointcloud/share/ament_index/resource_index/parent_prefix_path/velodyne_pointcloud
[255.104s] -- Installing: /workspaces/isaac_ros-dev/install/velodyne_pointcloud/share/velodyne_pointcloud/environment/ament_prefix_path.sh
[255.105s] -- Installing: /workspaces/isaac_ros-dev/install/velodyne_pointcloud/share/velodyne_pointcloud/environment/ament_prefix_path.dsv
[255.105s] -- Installing: /workspaces/isaac_ros-dev/install/velodyne_pointcloud/share/velodyne_pointcloud/environment/path.sh
[255.105s] -- Installing: /workspaces/isaac_ros-dev/install/velodyne_pointcloud/share/velodyne_pointcloud/environment/path.dsv
[255.105s] -- Installing: /workspaces/isaac_ros-dev/install/velodyne_pointcloud/share/velodyne_pointcloud/local_setup.bash
[255.106s] -- Installing: /workspaces/isaac_ros-dev/install/velodyne_pointcloud/share/velodyne_pointcloud/local_setup.sh
[255.106s] -- Installing: /workspaces/isaac_ros-dev/install/velodyne_pointcloud/share/velodyne_pointcloud/local_setup.zsh
[255.107s] -- Installing: /workspaces/isaac_ros-dev/install/velodyne_pointcloud/share/velodyne_pointcloud/local_setup.dsv
[255.107s] -- Installing: /workspaces/isaac_ros-dev/install/velodyne_pointcloud/share/velodyne_pointcloud/package.dsv
[255.107s] -- Installing: /workspaces/isaac_ros-dev/install/velodyne_pointcloud/share/ament_index/resource_index/packages/velodyne_pointcloud
[255.107s] -- Installing: /workspaces/isaac_ros-dev/install/velodyne_pointcloud/share/ament_index/resource_index/rclcpp_components/velodyne_pointcloud
[255.108s] -- Installing: /workspaces/isaac_ros-dev/install/velodyne_pointcloud/share/velodyne_pointcloud/cmake/velodyne_pointcloudConfig.cmake
[255.108s] -- Installing: /workspaces/isaac_ros-dev/install/velodyne_pointcloud/share/velodyne_pointcloud/cmake/velodyne_pointcloudConfig-version.cmake
[255.108s] -- Installing: /workspaces/isaac_ros-dev/install/velodyne_pointcloud/share/velodyne_pointcloud/package.xml
[255.109s] -- Installing: /workspaces/isaac_ros-dev/install/velodyne_pointcloud/lib/libvelodyne_cloud_types.so
[255.109s] -- Set runtime path of "/workspaces/isaac_ros-dev/install/velodyne_pointcloud/lib/libvelodyne_cloud_types.so" to ""
[255.109s] -- Installing: /workspaces/isaac_ros-dev/install/velodyne_pointcloud/lib/libvelodyne_rawdata.so
[255.109s] -- Set runtime path of "/workspaces/isaac_ros-dev/install/velodyne_pointcloud/lib/libvelodyne_rawdata.so" to ""
[255.131s] Invoked command in '/workspaces/isaac_ros-dev/build/velodyne_pointcloud' returned '0': CMAKE_PREFIX_PATH=/workspaces/isaac_ros-dev/install/velodyne_msgs:/workspaces/isaac_ros-dev/install/yolov8_bringup:/workspaces/isaac_ros-dev/install/xacro:/workspaces/isaac_ros-dev/install/vision_msgs:/workspaces/isaac_ros-dev/install/velodyne_driver:/workspaces/isaac_ros-dev/install/velodyne_laserscan:/workspaces/isaac_ros-dev/install/vectornav_msgs:/workspaces/isaac_ros-dev/install/sdv_msg:/workspaces/isaac_ros-dev/install/sdv_localization_msgs:/workspaces/isaac_ros-dev/install/my_package:/workspaces/isaac_ros-dev/install/multisense_msgs:/workspaces/isaac_ros-dev/install/multisense_lib:/workspaces/isaac_ros-dev/install/isaac_ros_visual_slam_interfaces:/workspaces/isaac_ros-dev/install/isaac_ros_tensor_list_interfaces:/workspaces/isaac_ros-dev/install/isaac_ros_common:/workspaces/isaac_ros-dev/install/isaac_ros_bi3d_interfaces:/workspaces/isaac_ros-dev/install/isaac_ros_apriltag_interfaces:/workspaces/isaac_ros-dev/install/yolov8_ros:/workspaces/isaac_ros-dev/install/panel:/workspaces/isaac_ros-dev/install/isaac_ros_test:/workspaces/isaac_ros-dev/install/encoder:/opt/ros/humble/install LD_LIBRARY_PATH=/workspaces/isaac_ros-dev/install/velodyne_msgs/lib:/workspaces/isaac_ros-dev/install/vision_msgs/lib:/workspaces/isaac_ros-dev/install/velodyne_driver/lib:/workspaces/isaac_ros-dev/install/velodyne_laserscan/lib:/workspaces/isaac_ros-dev/install/vectornav_msgs/lib:/workspaces/isaac_ros-dev/install/sdv_msg/lib:/workspaces/isaac_ros-dev/install/sdv_localization_msgs/lib:/workspaces/isaac_ros-dev/install/multisense_msgs/lib:/workspaces/isaac_ros-dev/install/multisense_lib/lib:/workspaces/isaac_ros-dev/install/isaac_ros_visual_slam_interfaces/lib:/workspaces/isaac_ros-dev/install/isaac_ros_tensor_list_interfaces/lib:/workspaces/isaac_ros-dev/install/isaac_ros_common/lib:/workspaces/isaac_ros-dev/install/isaac_ros_bi3d_interfaces/lib:/workspaces/isaac_ros-dev/install/isaac_ros_apriltag_interfaces/lib:/opt/ros/humble/install/opt/rviz_ogre_vendor/lib:/opt/ros/humble/install/lib:/usr/lib/aarch64-linux-gnu/tegra-egl:/usr/local/cuda-11.4/targets/aarch64-linux/lib:/usr/lib/aarch64-linux-gnu/tegra:/opt/nvidia/vpi2/lib64:/usr/lib/aarch64-linux-gnu-host:/opt/tritonserver/lib PYTHONPATH=/workspaces/isaac_ros-dev/install/velodyne_msgs/lib/python3.8/site-packages:/workspaces/isaac_ros-dev/install/yolov8_ros/lib/python3.8/site-packages:/workspaces/isaac_ros-dev/install/xacro/lib/python3.8/site-packages:/workspaces/isaac_ros-dev/install/vision_msgs/lib/python3.8/site-packages:/workspaces/isaac_ros-dev/install/vectornav_msgs/lib/python3.8/site-packages:/workspaces/isaac_ros-dev/install/sdv_msg/lib/python3.8/site-packages:/workspaces/isaac_ros-dev/install/sdv_localization_msgs/lib/python3.8/site-packages:/workspaces/isaac_ros-dev/install/panel/lib/python3.8/site-packages:/workspaces/isaac_ros-dev/install/multisense_msgs/lib/python3.8/site-packages:/workspaces/isaac_ros-dev/install/isaac_ros_visual_slam_interfaces/lib/python3.8/site-packages:/workspaces/isaac_ros-dev/install/isaac_ros_test/lib/python3.8/site-packages:/workspaces/isaac_ros-dev/install/isaac_ros_tensor_list_interfaces/lib/python3.8/site-packages:/workspaces/isaac_ros-dev/install/isaac_ros_bi3d_interfaces/lib/python3.8/site-packages:/workspaces/isaac_ros-dev/install/isaac_ros_apriltag_interfaces/lib/python3.8/site-packages:/workspaces/isaac_ros-dev/install/encoder/lib/python3.8/site-packages:/opt/ros/humble/install/lib/python3.8/site-packages /usr/bin/cmake --install /workspaces/isaac_ros-dev/build/velodyne_pointcloud
