[0.361s] Invoking command in '/workspaces/isaac_ros-dev/build/slam_toolbox': CMAKE_PREFIX_PATH=/workspaces/isaac_ros-dev/install/yolov8_bringup:/workspaces/isaac_ros-dev/install/multisense_ros:/workspaces/isaac_ros-dev/install/xacro:/workspaces/isaac_ros-dev/install/vision_msgs_rviz_plugins:/workspaces/isaac_ros-dev/install/vision_msgs:/workspaces/isaac_ros-dev/install/velodyne:/workspaces/isaac_ros-dev/install/velodyne_pointcloud:/workspaces/isaac_ros-dev/install/velodyne_driver:/workspaces/isaac_ros-dev/install/velodyne_msgs:/workspaces/isaac_ros-dev/install/velodyne_laserscan:/workspaces/isaac_ros-dev/install/vectornav:/workspaces/isaac_ros-dev/install/sdv_localization:/workspaces/isaac_ros-dev/install/vectornav_msgs:/workspaces/isaac_ros-dev/install/slam_toolbox:/workspaces/isaac_ros-dev/install/sdv_msg:/workspaces/isaac_ros-dev/install/sdv_localization_msgs:/workspaces/isaac_ros-dev/install/pointcloud_to_laserscan:/workspaces/isaac_ros-dev/install/my_package:/workspaces/isaac_ros-dev/install/multisense_msgs:/workspaces/isaac_ros-dev/install/multisense_lib:/workspaces/isaac_ros-dev/install/isaac_ros_visual_slam:/workspaces/isaac_ros-dev/install/isaac_ros_visual_slam_interfaces:/workspaces/isaac_ros-dev/install/isaac_ros_tensor_list_interfaces:/workspaces/isaac_ros-dev/install/isaac_ros_common:/workspaces/isaac_ros-dev/install/isaac_ros_bi3d_interfaces:/workspaces/isaac_ros-dev/install/isaac_ros_apriltag_interfaces:/workspaces/isaac_ros-dev/install/yolov8_ros:/workspaces/isaac_ros-dev/install/xbox_controller:/workspaces/isaac_ros-dev/install/panel:/workspaces/isaac_ros-dev/install/isaac_ros_test:/workspaces/isaac_ros-dev/install/encoder:/opt/ros/humble/install /usr/bin/cmake --build /workspaces/isaac_ros-dev/build/slam_toolbox -- -j8 -l8
[0.675s] [  9%] Built target slam_toolbox__rosidl_generator_c
[0.719s] [ 10%] Built target slam_toolbox__cpp
[0.760s] [ 10%] Built target ament_cmake_python_copy_slam_toolbox
[0.815s] [ 12%] Built target kartoSlamToolbox
[0.863s] [ 20%] Built target slam_toolbox__rosidl_typesupport_introspection_c
[0.886s] [ 28%] Built target slam_toolbox__rosidl_typesupport_c
[0.942s] [ 37%] Built target slam_toolbox__rosidl_typesupport_fastrtps_c
[0.945s] [ 45%] Built target slam_toolbox__rosidl_typesupport_cpp
[0.959s] [ 54%] Built target slam_toolbox__rosidl_typesupport_fastrtps_cpp
[1.008s] [ 62%] Built target slam_toolbox__rosidl_typesupport_introspection_cpp
[1.218s] [ 62%] Built target slam_toolbox
[1.252s] [ 64%] Built target SlamToolboxPlugin
[1.309s] [ 69%] Built target toolbox_common
[1.342s] [ 71%] Built target ceres_solver_plugin
[1.439s] [ 71%] Built target slam_toolbox__py
[1.607s] [ 73%] Built target async_slam_toolbox
[1.622s] [ 74%] Built target lifelong_slam_toolbox
[1.668s] [ 75%] Built target localization_slam_toolbox
[1.697s] [ 83%] Built target slam_toolbox__rosidl_generator_py
[1.754s] [ 85%] Built target sync_slam_toolbox
[1.768s] [ 87%] Built target merge_maps_kinematic
[1.969s] [ 89%] Built target localization_slam_toolbox_node
[1.978s] [ 91%] Built target lifelong_slam_toolbox_node
[1.999s] [ 92%] Built target slam_toolbox__rosidl_typesupport_fastrtps_c__pyext
[2.019s] [ 93%] Built target async_slam_toolbox_node
[2.028s] [ 95%] Built target slam_toolbox__rosidl_typesupport_c__pyext
[2.035s] [ 97%] Built target slam_toolbox__rosidl_typesupport_introspection_c__pyext
[2.063s] [ 98%] Built target map_and_localization_slam_toolbox
[2.270s] [ 99%] Built target map_and_localization_slam_toolbox_node
[2.302s] [100%] Built target sync_slam_toolbox_node
[2.941s] running egg_info
[3.006s] writing slam_toolbox.egg-info/PKG-INFO
[3.007s] writing dependency_links to slam_toolbox.egg-info/dependency_links.txt
[3.008s] writing top-level names to slam_toolbox.egg-info/top_level.txt
[3.183s] reading manifest file 'slam_toolbox.egg-info/SOURCES.txt'
[3.186s] writing manifest file 'slam_toolbox.egg-info/SOURCES.txt'
[3.333s] [100%] Built target ament_cmake_python_build_slam_toolbox_egg
[4.411s] Invoked command in '/workspaces/isaac_ros-dev/build/slam_toolbox' returned '0': CMAKE_PREFIX_PATH=/workspaces/isaac_ros-dev/install/yolov8_bringup:/workspaces/isaac_ros-dev/install/multisense_ros:/workspaces/isaac_ros-dev/install/xacro:/workspaces/isaac_ros-dev/install/vision_msgs_rviz_plugins:/workspaces/isaac_ros-dev/install/vision_msgs:/workspaces/isaac_ros-dev/install/velodyne:/workspaces/isaac_ros-dev/install/velodyne_pointcloud:/workspaces/isaac_ros-dev/install/velodyne_driver:/workspaces/isaac_ros-dev/install/velodyne_msgs:/workspaces/isaac_ros-dev/install/velodyne_laserscan:/workspaces/isaac_ros-dev/install/vectornav:/workspaces/isaac_ros-dev/install/sdv_localization:/workspaces/isaac_ros-dev/install/vectornav_msgs:/workspaces/isaac_ros-dev/install/slam_toolbox:/workspaces/isaac_ros-dev/install/sdv_msg:/workspaces/isaac_ros-dev/install/sdv_localization_msgs:/workspaces/isaac_ros-dev/install/pointcloud_to_laserscan:/workspaces/isaac_ros-dev/install/my_package:/workspaces/isaac_ros-dev/install/multisense_msgs:/workspaces/isaac_ros-dev/install/multisense_lib:/workspaces/isaac_ros-dev/install/isaac_ros_visual_slam:/workspaces/isaac_ros-dev/install/isaac_ros_visual_slam_interfaces:/workspaces/isaac_ros-dev/install/isaac_ros_tensor_list_interfaces:/workspaces/isaac_ros-dev/install/isaac_ros_common:/workspaces/isaac_ros-dev/install/isaac_ros_bi3d_interfaces:/workspaces/isaac_ros-dev/install/isaac_ros_apriltag_interfaces:/workspaces/isaac_ros-dev/install/yolov8_ros:/workspaces/isaac_ros-dev/install/xbox_controller:/workspaces/isaac_ros-dev/install/panel:/workspaces/isaac_ros-dev/install/isaac_ros_test:/workspaces/isaac_ros-dev/install/encoder:/opt/ros/humble/install /usr/bin/cmake --build /workspaces/isaac_ros-dev/build/slam_toolbox -- -j8 -l8
[7.775s] Invoking command in '/workspaces/isaac_ros-dev/build/slam_toolbox': CMAKE_PREFIX_PATH=/workspaces/isaac_ros-dev/install/yolov8_bringup:/workspaces/isaac_ros-dev/install/multisense_ros:/workspaces/isaac_ros-dev/install/xacro:/workspaces/isaac_ros-dev/install/vision_msgs_rviz_plugins:/workspaces/isaac_ros-dev/install/vision_msgs:/workspaces/isaac_ros-dev/install/velodyne:/workspaces/isaac_ros-dev/install/velodyne_pointcloud:/workspaces/isaac_ros-dev/install/velodyne_driver:/workspaces/isaac_ros-dev/install/velodyne_msgs:/workspaces/isaac_ros-dev/install/velodyne_laserscan:/workspaces/isaac_ros-dev/install/vectornav:/workspaces/isaac_ros-dev/install/sdv_localization:/workspaces/isaac_ros-dev/install/vectornav_msgs:/workspaces/isaac_ros-dev/install/slam_toolbox:/workspaces/isaac_ros-dev/install/sdv_msg:/workspaces/isaac_ros-dev/install/sdv_localization_msgs:/workspaces/isaac_ros-dev/install/pointcloud_to_laserscan:/workspaces/isaac_ros-dev/install/my_package:/workspaces/isaac_ros-dev/install/multisense_msgs:/workspaces/isaac_ros-dev/install/multisense_lib:/workspaces/isaac_ros-dev/install/isaac_ros_visual_slam:/workspaces/isaac_ros-dev/install/isaac_ros_visual_slam_interfaces:/workspaces/isaac_ros-dev/install/isaac_ros_tensor_list_interfaces:/workspaces/isaac_ros-dev/install/isaac_ros_common:/workspaces/isaac_ros-dev/install/isaac_ros_bi3d_interfaces:/workspaces/isaac_ros-dev/install/isaac_ros_apriltag_interfaces:/workspaces/isaac_ros-dev/install/yolov8_ros:/workspaces/isaac_ros-dev/install/xbox_controller:/workspaces/isaac_ros-dev/install/panel:/workspaces/isaac_ros-dev/install/isaac_ros_test:/workspaces/isaac_ros-dev/install/encoder:/opt/ros/humble/install /usr/bin/cmake --install /workspaces/isaac_ros-dev/build/slam_toolbox
[7.933s] -- Install configuration: "Release"
[7.934s] -- Up-to-date: /workspaces/isaac_ros-dev/install/slam_toolbox/share/ament_index/resource_index/rosidl_interfaces/slam_toolbox
[7.934s] -- Up-to-date: /workspaces/isaac_ros-dev/install/slam_toolbox/include/slam_toolbox/slam_toolbox
[7.934s] -- Up-to-date: /workspaces/isaac_ros-dev/install/slam_toolbox/include/slam_toolbox/slam_toolbox/srv
[7.934s] -- Up-to-date: /workspaces/isaac_ros-dev/install/slam_toolbox/include/slam_toolbox/slam_toolbox/srv/save_map.h
[7.935s] -- Up-to-date: /workspaces/isaac_ros-dev/install/slam_toolbox/include/slam_toolbox/slam_toolbox/srv/merge_maps.h
[7.935s] -- Up-to-date: /workspaces/isaac_ros-dev/install/slam_toolbox/include/slam_toolbox/slam_toolbox/srv/toggle_interactive.h
[7.936s] -- Up-to-date: /workspaces/isaac_ros-dev/install/slam_toolbox/include/slam_toolbox/slam_toolbox/srv/serialize_pose_graph.h
[7.936s] -- Up-to-date: /workspaces/isaac_ros-dev/install/slam_toolbox/include/slam_toolbox/slam_toolbox/srv/clear_queue.h
[7.937s] -- Up-to-date: /workspaces/isaac_ros-dev/install/slam_toolbox/include/slam_toolbox/slam_toolbox/srv/pause.h
[7.937s] -- Up-to-date: /workspaces/isaac_ros-dev/install/slam_toolbox/include/slam_toolbox/slam_toolbox/srv/clear.h
[7.938s] -- Up-to-date: /workspaces/isaac_ros-dev/install/slam_toolbox/include/slam_toolbox/slam_toolbox/srv/loop_closure.h
[7.938s] -- Up-to-date: /workspaces/isaac_ros-dev/install/slam_toolbox/include/slam_toolbox/slam_toolbox/srv/deserialize_pose_graph.h
[7.939s] -- Up-to-date: /workspaces/isaac_ros-dev/install/slam_toolbox/include/slam_toolbox/slam_toolbox/srv/detail
[7.939s] -- Up-to-date: /workspaces/isaac_ros-dev/install/slam_toolbox/include/slam_toolbox/slam_toolbox/srv/detail/merge_maps__type_support.h
[7.940s] -- Up-to-date: /workspaces/isaac_ros-dev/install/slam_toolbox/include/slam_toolbox/slam_toolbox/srv/detail/add_submap__type_support.h
[7.940s] -- Up-to-date: /workspaces/isaac_ros-dev/install/slam_toolbox/include/slam_toolbox/slam_toolbox/srv/detail/serialize_pose_graph__functions.c
[7.940s] -- Up-to-date: /workspaces/isaac_ros-dev/install/slam_toolbox/include/slam_toolbox/slam_toolbox/srv/detail/toggle_interactive__functions.c
[7.941s] -- Up-to-date: /workspaces/isaac_ros-dev/install/slam_toolbox/include/slam_toolbox/slam_toolbox/srv/detail/save_map__struct.h
[7.941s] -- Up-to-date: /workspaces/isaac_ros-dev/install/slam_toolbox/include/slam_toolbox/slam_toolbox/srv/detail/clear_queue__functions.c
[7.942s] -- Up-to-date: /workspaces/isaac_ros-dev/install/slam_toolbox/include/slam_toolbox/slam_toolbox/srv/detail/deserialize_pose_graph__type_support.h
[7.943s] -- Up-to-date: /workspaces/isaac_ros-dev/install/slam_toolbox/include/slam_toolbox/slam_toolbox/srv/detail/clear__type_support.h
[7.943s] -- Up-to-date: /workspaces/isaac_ros-dev/install/slam_toolbox/include/slam_toolbox/slam_toolbox/srv/detail/pause__functions.h
[7.943s] -- Up-to-date: /workspaces/isaac_ros-dev/install/slam_toolbox/include/slam_toolbox/slam_toolbox/srv/detail/toggle_interactive__type_support.h
[7.944s] -- Up-to-date: /workspaces/isaac_ros-dev/install/slam_toolbox/include/slam_toolbox/slam_toolbox/srv/detail/deserialize_pose_graph__functions.c
[7.944s] -- Up-to-date: /workspaces/isaac_ros-dev/install/slam_toolbox/include/slam_toolbox/slam_toolbox/srv/detail/save_map__functions.c
[7.945s] -- Up-to-date: /workspaces/isaac_ros-dev/install/slam_toolbox/include/slam_toolbox/slam_toolbox/srv/detail/clear_queue__functions.h
[7.945s] -- Up-to-date: /workspaces/isaac_ros-dev/install/slam_toolbox/include/slam_toolbox/slam_toolbox/srv/detail/add_submap__functions.h
[7.946s] -- Up-to-date: /workspaces/isaac_ros-dev/install/slam_toolbox/include/slam_toolbox/slam_toolbox/srv/detail/save_map__type_support.h
[7.946s] -- Up-to-date: /workspaces/isaac_ros-dev/install/slam_toolbox/include/slam_toolbox/slam_toolbox/srv/detail/loop_closure__struct.h
[7.946s] -- Up-to-date: /workspaces/isaac_ros-dev/install/slam_toolbox/include/slam_toolbox/slam_toolbox/srv/detail/toggle_interactive__functions.h
[7.947s] -- Up-to-date: /workspaces/isaac_ros-dev/install/slam_toolbox/include/slam_toolbox/slam_toolbox/srv/detail/add_submap__functions.c
[7.947s] -- Up-to-date: /workspaces/isaac_ros-dev/install/slam_toolbox/include/slam_toolbox/slam_toolbox/srv/detail/add_submap__struct.h
[7.947s] -- Up-to-date: /workspaces/isaac_ros-dev/install/slam_toolbox/include/slam_toolbox/slam_toolbox/srv/detail/clear__functions.h
[7.948s] -- Up-to-date: /workspaces/isaac_ros-dev/install/slam_toolbox/include/slam_toolbox/slam_toolbox/srv/detail/merge_maps__functions.h
[7.948s] -- Up-to-date: /workspaces/isaac_ros-dev/install/slam_toolbox/include/slam_toolbox/slam_toolbox/srv/detail/serialize_pose_graph__type_support.h
[7.949s] -- Up-to-date: /workspaces/isaac_ros-dev/install/slam_toolbox/include/slam_toolbox/slam_toolbox/srv/detail/deserialize_pose_graph__struct.h
[7.949s] -- Up-to-date: /workspaces/isaac_ros-dev/install/slam_toolbox/include/slam_toolbox/slam_toolbox/srv/detail/clear__struct.h
[7.949s] -- Up-to-date: /workspaces/isaac_ros-dev/install/slam_toolbox/include/slam_toolbox/slam_toolbox/srv/detail/clear_queue__type_support.h
[7.950s] -- Up-to-date: /workspaces/isaac_ros-dev/install/slam_toolbox/include/slam_toolbox/slam_toolbox/srv/detail/serialize_pose_graph__functions.h
[7.950s] -- Up-to-date: /workspaces/isaac_ros-dev/install/slam_toolbox/include/slam_toolbox/slam_toolbox/srv/detail/pause__functions.c
[7.951s] -- Up-to-date: /workspaces/isaac_ros-dev/install/slam_toolbox/include/slam_toolbox/slam_toolbox/srv/detail/merge_maps__functions.c
[7.951s] -- Up-to-date: /workspaces/isaac_ros-dev/install/slam_toolbox/include/slam_toolbox/slam_toolbox/srv/detail/save_map__functions.h
[7.952s] -- Up-to-date: /workspaces/isaac_ros-dev/install/slam_toolbox/include/slam_toolbox/slam_toolbox/srv/detail/merge_maps__struct.h
[7.952s] -- Up-to-date: /workspaces/isaac_ros-dev/install/slam_toolbox/include/slam_toolbox/slam_toolbox/srv/detail/loop_closure__functions.c
[7.952s] -- Up-to-date: /workspaces/isaac_ros-dev/install/slam_toolbox/include/slam_toolbox/slam_toolbox/srv/detail/pause__type_support.h
[7.953s] -- Up-to-date: /workspaces/isaac_ros-dev/install/slam_toolbox/include/slam_toolbox/slam_toolbox/srv/detail/loop_closure__type_support.h
[7.953s] -- Up-to-date: /workspaces/isaac_ros-dev/install/slam_toolbox/include/slam_toolbox/slam_toolbox/srv/detail/clear_queue__struct.h
[7.953s] -- Up-to-date: /workspaces/isaac_ros-dev/install/slam_toolbox/include/slam_toolbox/slam_toolbox/srv/detail/pause__struct.h
[7.954s] -- Up-to-date: /workspaces/isaac_ros-dev/install/slam_toolbox/include/slam_toolbox/slam_toolbox/srv/detail/deserialize_pose_graph__functions.h
[7.954s] -- Up-to-date: /workspaces/isaac_ros-dev/install/slam_toolbox/include/slam_toolbox/slam_toolbox/srv/detail/clear__functions.c
[7.954s] -- Up-to-date: /workspaces/isaac_ros-dev/install/slam_toolbox/include/slam_toolbox/slam_toolbox/srv/detail/toggle_interactive__struct.h
[7.954s] -- Up-to-date: /workspaces/isaac_ros-dev/install/slam_toolbox/include/slam_toolbox/slam_toolbox/srv/detail/serialize_pose_graph__struct.h
[7.955s] -- Up-to-date: /workspaces/isaac_ros-dev/install/slam_toolbox/include/slam_toolbox/slam_toolbox/srv/detail/loop_closure__functions.h
[7.955s] -- Up-to-date: /workspaces/isaac_ros-dev/install/slam_toolbox/include/slam_toolbox/slam_toolbox/srv/add_submap.h
[7.955s] -- Up-to-date: /workspaces/isaac_ros-dev/install/slam_toolbox/include/slam_toolbox/slam_toolbox/msg
[7.955s] -- Up-to-date: /workspaces/isaac_ros-dev/install/slam_toolbox/include/slam_toolbox/slam_toolbox/msg/rosidl_generator_c__visibility_control.h
[7.955s] -- Up-to-date: /workspaces/isaac_ros-dev/install/slam_toolbox/share/slam_toolbox/environment/library_path.sh
[7.956s] -- Up-to-date: /workspaces/isaac_ros-dev/install/slam_toolbox/share/slam_toolbox/environment/library_path.dsv
[7.956s] -- Up-to-date: /workspaces/isaac_ros-dev/install/slam_toolbox/lib/libslam_toolbox__rosidl_generator_c.so
[7.956s] -- Up-to-date: /workspaces/isaac_ros-dev/install/slam_toolbox/include/slam_toolbox/slam_toolbox
[7.956s] -- Up-to-date: /workspaces/isaac_ros-dev/install/slam_toolbox/include/slam_toolbox/slam_toolbox/srv
[7.957s] -- Up-to-date: /workspaces/isaac_ros-dev/install/slam_toolbox/include/slam_toolbox/slam_toolbox/srv/detail
[7.957s] -- Up-to-date: /workspaces/isaac_ros-dev/install/slam_toolbox/include/slam_toolbox/slam_toolbox/srv/detail/loop_closure__rosidl_typesupport_fastrtps_c.h
[7.957s] -- Up-to-date: /workspaces/isaac_ros-dev/install/slam_toolbox/include/slam_toolbox/slam_toolbox/srv/detail/add_submap__rosidl_typesupport_fastrtps_c.h
[7.958s] -- Up-to-date: /workspaces/isaac_ros-dev/install/slam_toolbox/include/slam_toolbox/slam_toolbox/srv/detail/clear_queue__rosidl_typesupport_fastrtps_c.h
[7.958s] -- Up-to-date: /workspaces/isaac_ros-dev/install/slam_toolbox/include/slam_toolbox/slam_toolbox/srv/detail/toggle_interactive__rosidl_typesupport_fastrtps_c.h
[7.958s] -- Up-to-date: /workspaces/isaac_ros-dev/install/slam_toolbox/include/slam_toolbox/slam_toolbox/srv/detail/merge_maps__rosidl_typesupport_fastrtps_c.h
[7.958s] -- Up-to-date: /workspaces/isaac_ros-dev/install/slam_toolbox/include/slam_toolbox/slam_toolbox/srv/detail/clear__rosidl_typesupport_fastrtps_c.h
[7.959s] -- Up-to-date: /workspaces/isaac_ros-dev/install/slam_toolbox/include/slam_toolbox/slam_toolbox/srv/detail/save_map__rosidl_typesupport_fastrtps_c.h
[7.959s] -- Up-to-date: /workspaces/isaac_ros-dev/install/slam_toolbox/include/slam_toolbox/slam_toolbox/srv/detail/deserialize_pose_graph__rosidl_typesupport_fastrtps_c.h
[7.959s] -- Up-to-date: /workspaces/isaac_ros-dev/install/slam_toolbox/include/slam_toolbox/slam_toolbox/srv/detail/serialize_pose_graph__rosidl_typesupport_fastrtps_c.h
[7.960s] -- Up-to-date: /workspaces/isaac_ros-dev/install/slam_toolbox/include/slam_toolbox/slam_toolbox/srv/detail/pause__rosidl_typesupport_fastrtps_c.h
[7.960s] -- Up-to-date: /workspaces/isaac_ros-dev/install/slam_toolbox/include/slam_toolbox/slam_toolbox/msg
[7.961s] -- Up-to-date: /workspaces/isaac_ros-dev/install/slam_toolbox/include/slam_toolbox/slam_toolbox/msg/rosidl_typesupport_fastrtps_c__visibility_control.h
[7.961s] -- Up-to-date: /workspaces/isaac_ros-dev/install/slam_toolbox/lib/libslam_toolbox__rosidl_typesupport_fastrtps_c.so
[7.961s] -- Up-to-date: /workspaces/isaac_ros-dev/install/slam_toolbox/include/slam_toolbox/slam_toolbox
[7.962s] -- Up-to-date: /workspaces/isaac_ros-dev/install/slam_toolbox/include/slam_toolbox/slam_toolbox/srv
[7.962s] -- Up-to-date: /workspaces/isaac_ros-dev/install/slam_toolbox/include/slam_toolbox/slam_toolbox/srv/toggle_interactive.hpp
[7.964s] -- Up-to-date: /workspaces/isaac_ros-dev/install/slam_toolbox/include/slam_toolbox/slam_toolbox/srv/clear_queue.hpp
[7.965s] -- Up-to-date: /workspaces/isaac_ros-dev/install/slam_toolbox/include/slam_toolbox/slam_toolbox/srv/deserialize_pose_graph.hpp
[7.966s] -- Up-to-date: /workspaces/isaac_ros-dev/install/slam_toolbox/include/slam_toolbox/slam_toolbox/srv/pause.hpp
[7.967s] -- Up-to-date: /workspaces/isaac_ros-dev/install/slam_toolbox/include/slam_toolbox/slam_toolbox/srv/add_submap.hpp
[7.967s] -- Up-to-date: /workspaces/isaac_ros-dev/install/slam_toolbox/include/slam_toolbox/slam_toolbox/srv/clear.hpp
[7.967s] -- Up-to-date: /workspaces/isaac_ros-dev/install/slam_toolbox/include/slam_toolbox/slam_toolbox/srv/detail
[7.967s] -- Up-to-date: /workspaces/isaac_ros-dev/install/slam_toolbox/include/slam_toolbox/slam_toolbox/srv/detail/add_submap__struct.hpp
[7.968s] -- Up-to-date: /workspaces/isaac_ros-dev/install/slam_toolbox/include/slam_toolbox/slam_toolbox/srv/detail/save_map__builder.hpp
[7.968s] -- Up-to-date: /workspaces/isaac_ros-dev/install/slam_toolbox/include/slam_toolbox/slam_toolbox/srv/detail/serialize_pose_graph__traits.hpp
[7.968s] -- Up-to-date: /workspaces/isaac_ros-dev/install/slam_toolbox/include/slam_toolbox/slam_toolbox/srv/detail/clear_queue__traits.hpp
[7.969s] -- Up-to-date: /workspaces/isaac_ros-dev/install/slam_toolbox/include/slam_toolbox/slam_toolbox/srv/detail/toggle_interactive__builder.hpp
[7.969s] -- Up-to-date: /workspaces/isaac_ros-dev/install/slam_toolbox/include/slam_toolbox/slam_toolbox/srv/detail/loop_closure__traits.hpp
[7.969s] -- Up-to-date: /workspaces/isaac_ros-dev/install/slam_toolbox/include/slam_toolbox/slam_toolbox/srv/detail/add_submap__builder.hpp
[7.970s] -- Up-to-date: /workspaces/isaac_ros-dev/install/slam_toolbox/include/slam_toolbox/slam_toolbox/srv/detail/save_map__traits.hpp
[7.970s] -- Up-to-date: /workspaces/isaac_ros-dev/install/slam_toolbox/include/slam_toolbox/slam_toolbox/srv/detail/pause__struct.hpp
[7.970s] -- Up-to-date: /workspaces/isaac_ros-dev/install/slam_toolbox/include/slam_toolbox/slam_toolbox/srv/detail/add_submap__traits.hpp
[7.970s] -- Up-to-date: /workspaces/isaac_ros-dev/install/slam_toolbox/include/slam_toolbox/slam_toolbox/srv/detail/deserialize_pose_graph__traits.hpp
[7.971s] -- Up-to-date: /workspaces/isaac_ros-dev/install/slam_toolbox/include/slam_toolbox/slam_toolbox/srv/detail/clear_queue__builder.hpp
[7.971s] -- Up-to-date: /workspaces/isaac_ros-dev/install/slam_toolbox/include/slam_toolbox/slam_toolbox/srv/detail/merge_maps__builder.hpp
[7.971s] -- Up-to-date: /workspaces/isaac_ros-dev/install/slam_toolbox/include/slam_toolbox/slam_toolbox/srv/detail/loop_closure__struct.hpp
[7.972s] -- Up-to-date: /workspaces/isaac_ros-dev/install/slam_toolbox/include/slam_toolbox/slam_toolbox/srv/detail/loop_closure__builder.hpp
[7.972s] -- Up-to-date: /workspaces/isaac_ros-dev/install/slam_toolbox/include/slam_toolbox/slam_toolbox/srv/detail/merge_maps__struct.hpp
[7.972s] -- Up-to-date: /workspaces/isaac_ros-dev/install/slam_toolbox/include/slam_toolbox/slam_toolbox/srv/detail/deserialize_pose_graph__builder.hpp
[7.973s] -- Up-to-date: /workspaces/isaac_ros-dev/install/slam_toolbox/include/slam_toolbox/slam_toolbox/srv/detail/merge_maps__traits.hpp
[7.973s] -- Up-to-date: /workspaces/isaac_ros-dev/install/slam_toolbox/include/slam_toolbox/slam_toolbox/srv/detail/clear__traits.hpp
[7.974s] -- Up-to-date: /workspaces/isaac_ros-dev/install/slam_toolbox/include/slam_toolbox/slam_toolbox/srv/detail/serialize_pose_graph__struct.hpp
[7.974s] -- Up-to-date: /workspaces/isaac_ros-dev/install/slam_toolbox/include/slam_toolbox/slam_toolbox/srv/detail/toggle_interactive__struct.hpp
[7.975s] -- Up-to-date: /workspaces/isaac_ros-dev/install/slam_toolbox/include/slam_toolbox/slam_toolbox/srv/detail/save_map__struct.hpp
[7.975s] -- Up-to-date: /workspaces/isaac_ros-dev/install/slam_toolbox/include/slam_toolbox/slam_toolbox/srv/detail/clear__struct.hpp
[7.975s] -- Up-to-date: /workspaces/isaac_ros-dev/install/slam_toolbox/include/slam_toolbox/slam_toolbox/srv/detail/clear_queue__struct.hpp
[7.976s] -- Up-to-date: /workspaces/isaac_ros-dev/install/slam_toolbox/include/slam_toolbox/slam_toolbox/srv/detail/toggle_interactive__traits.hpp
[7.976s] -- Up-to-date: /workspaces/isaac_ros-dev/install/slam_toolbox/include/slam_toolbox/slam_toolbox/srv/detail/deserialize_pose_graph__struct.hpp
[7.976s] -- Up-to-date: /workspaces/isaac_ros-dev/install/slam_toolbox/include/slam_toolbox/slam_toolbox/srv/detail/pause__traits.hpp
[7.977s] -- Up-to-date: /workspaces/isaac_ros-dev/install/slam_toolbox/include/slam_toolbox/slam_toolbox/srv/detail/pause__builder.hpp
[7.978s] -- Up-to-date: /workspaces/isaac_ros-dev/install/slam_toolbox/include/slam_toolbox/slam_toolbox/srv/detail/clear__builder.hpp
[7.978s] -- Up-to-date: /workspaces/isaac_ros-dev/install/slam_toolbox/include/slam_toolbox/slam_toolbox/srv/detail/serialize_pose_graph__builder.hpp
[7.989s] -- Up-to-date: /workspaces/isaac_ros-dev/install/slam_toolbox/include/slam_toolbox/slam_toolbox/srv/loop_closure.hpp
[7.991s] -- Up-to-date: /workspaces/isaac_ros-dev/install/slam_toolbox/include/slam_toolbox/slam_toolbox/srv/serialize_pose_graph.hpp
[7.991s] -- Up-to-date: /workspaces/isaac_ros-dev/install/slam_toolbox/include/slam_toolbox/slam_toolbox/srv/merge_maps.hpp
[7.992s] -- Up-to-date: /workspaces/isaac_ros-dev/install/slam_toolbox/include/slam_toolbox/slam_toolbox/srv/save_map.hpp
[7.992s] -- Up-to-date: /workspaces/isaac_ros-dev/install/slam_toolbox/include/slam_toolbox/slam_toolbox
[7.993s] -- Up-to-date: /workspaces/isaac_ros-dev/install/slam_toolbox/include/slam_toolbox/slam_toolbox/srv
[7.994s] -- Up-to-date: /workspaces/isaac_ros-dev/install/slam_toolbox/include/slam_toolbox/slam_toolbox/srv/detail
[7.995s] -- Up-to-date: /workspaces/isaac_ros-dev/install/slam_toolbox/include/slam_toolbox/slam_toolbox/srv/detail/loop_closure__rosidl_typesupport_fastrtps_cpp.hpp
[7.995s] -- Up-to-date: /workspaces/isaac_ros-dev/install/slam_toolbox/include/slam_toolbox/slam_toolbox/srv/detail/merge_maps__rosidl_typesupport_fastrtps_cpp.hpp
[7.997s] -- Up-to-date: /workspaces/isaac_ros-dev/install/slam_toolbox/include/slam_toolbox/slam_toolbox/srv/detail/deserialize_pose_graph__rosidl_typesupport_fastrtps_cpp.hpp
[7.997s] -- Up-to-date: /workspaces/isaac_ros-dev/install/slam_toolbox/include/slam_toolbox/slam_toolbox/srv/detail/pause__rosidl_typesupport_fastrtps_cpp.hpp
[7.998s] -- Up-to-date: /workspaces/isaac_ros-dev/install/slam_toolbox/include/slam_toolbox/slam_toolbox/srv/detail/clear__rosidl_typesupport_fastrtps_cpp.hpp
[7.998s] -- Up-to-date: /workspaces/isaac_ros-dev/install/slam_toolbox/include/slam_toolbox/slam_toolbox/srv/detail/toggle_interactive__rosidl_typesupport_fastrtps_cpp.hpp
[7.999s] -- Up-to-date: /workspaces/isaac_ros-dev/install/slam_toolbox/include/slam_toolbox/slam_toolbox/srv/detail/save_map__rosidl_typesupport_fastrtps_cpp.hpp
[7.999s] -- Up-to-date: /workspaces/isaac_ros-dev/install/slam_toolbox/include/slam_toolbox/slam_toolbox/srv/detail/dds_fastrtps
[7.999s] -- Up-to-date: /workspaces/isaac_ros-dev/install/slam_toolbox/include/slam_toolbox/slam_toolbox/srv/detail/clear_queue__rosidl_typesupport_fastrtps_cpp.hpp
[8.001s] -- Up-to-date: /workspaces/isaac_ros-dev/install/slam_toolbox/include/slam_toolbox/slam_toolbox/srv/detail/add_submap__rosidl_typesupport_fastrtps_cpp.hpp
[8.013s] -- Up-to-date: /workspaces/isaac_ros-dev/install/slam_toolbox/include/slam_toolbox/slam_toolbox/srv/detail/serialize_pose_graph__rosidl_typesupport_fastrtps_cpp.hpp
[8.013s] -- Up-to-date: /workspaces/isaac_ros-dev/install/slam_toolbox/include/slam_toolbox/slam_toolbox/msg
[8.014s] -- Up-to-date: /workspaces/isaac_ros-dev/install/slam_toolbox/include/slam_toolbox/slam_toolbox/msg/rosidl_typesupport_fastrtps_cpp__visibility_control.h
[8.015s] -- Up-to-date: /workspaces/isaac_ros-dev/install/slam_toolbox/lib/libslam_toolbox__rosidl_typesupport_fastrtps_cpp.so
[8.015s] -- Up-to-date: /workspaces/isaac_ros-dev/install/slam_toolbox/include/slam_toolbox/slam_toolbox
[8.015s] -- Up-to-date: /workspaces/isaac_ros-dev/install/slam_toolbox/include/slam_toolbox/slam_toolbox/srv
[8.015s] -- Up-to-date: /workspaces/isaac_ros-dev/install/slam_toolbox/include/slam_toolbox/slam_toolbox/srv/detail
[8.016s] -- Up-to-date: /workspaces/isaac_ros-dev/install/slam_toolbox/include/slam_toolbox/slam_toolbox/srv/detail/add_submap__rosidl_typesupport_introspection_c.h
[8.016s] -- Up-to-date: /workspaces/isaac_ros-dev/install/slam_toolbox/include/slam_toolbox/slam_toolbox/srv/detail/clear__rosidl_typesupport_introspection_c.h
[8.016s] -- Up-to-date: /workspaces/isaac_ros-dev/install/slam_toolbox/include/slam_toolbox/slam_toolbox/srv/detail/serialize_pose_graph__rosidl_typesupport_introspection_c.h
[8.016s] -- Up-to-date: /workspaces/isaac_ros-dev/install/slam_toolbox/include/slam_toolbox/slam_toolbox/srv/detail/merge_maps__rosidl_typesupport_introspection_c.h
[8.017s] -- Up-to-date: /workspaces/isaac_ros-dev/install/slam_toolbox/include/slam_toolbox/slam_toolbox/srv/detail/deserialize_pose_graph__type_support.c
[8.017s] -- Up-to-date: /workspaces/isaac_ros-dev/install/slam_toolbox/include/slam_toolbox/slam_toolbox/srv/detail/clear__type_support.c
[8.017s] -- Up-to-date: /workspaces/isaac_ros-dev/install/slam_toolbox/include/slam_toolbox/slam_toolbox/srv/detail/clear_queue__rosidl_typesupport_introspection_c.h
[8.018s] -- Up-to-date: /workspaces/isaac_ros-dev/install/slam_toolbox/include/slam_toolbox/slam_toolbox/srv/detail/save_map__rosidl_typesupport_introspection_c.h
[8.018s] -- Up-to-date: /workspaces/isaac_ros-dev/install/slam_toolbox/include/slam_toolbox/slam_toolbox/srv/detail/clear_queue__type_support.c
[8.018s] -- Up-to-date: /workspaces/isaac_ros-dev/install/slam_toolbox/include/slam_toolbox/slam_toolbox/srv/detail/loop_closure__type_support.c
[8.019s] -- Up-to-date: /workspaces/isaac_ros-dev/install/slam_toolbox/include/slam_toolbox/slam_toolbox/srv/detail/save_map__type_support.c
[8.019s] -- Up-to-date: /workspaces/isaac_ros-dev/install/slam_toolbox/include/slam_toolbox/slam_toolbox/srv/detail/pause__type_support.c
[8.019s] -- Up-to-date: /workspaces/isaac_ros-dev/install/slam_toolbox/include/slam_toolbox/slam_toolbox/srv/detail/serialize_pose_graph__type_support.c
[8.020s] -- Up-to-date: /workspaces/isaac_ros-dev/install/slam_toolbox/include/slam_toolbox/slam_toolbox/srv/detail/loop_closure__rosidl_typesupport_introspection_c.h
[8.020s] -- Up-to-date: /workspaces/isaac_ros-dev/install/slam_toolbox/include/slam_toolbox/slam_toolbox/srv/detail/toggle_interactive__rosidl_typesupport_introspection_c.h
[8.020s] -- Up-to-date: /workspaces/isaac_ros-dev/install/slam_toolbox/include/slam_toolbox/slam_toolbox/srv/detail/merge_maps__type_support.c
[8.020s] -- Up-to-date: /workspaces/isaac_ros-dev/install/slam_toolbox/include/slam_toolbox/slam_toolbox/srv/detail/add_submap__type_support.c
[8.021s] -- Up-to-date: /workspaces/isaac_ros-dev/install/slam_toolbox/include/slam_toolbox/slam_toolbox/srv/detail/toggle_interactive__type_support.c
[8.031s] -- Up-to-date: /workspaces/isaac_ros-dev/install/slam_toolbox/include/slam_toolbox/slam_toolbox/srv/detail/deserialize_pose_graph__rosidl_typesupport_introspection_c.h
[8.031s] -- Up-to-date: /workspaces/isaac_ros-dev/install/slam_toolbox/include/slam_toolbox/slam_toolbox/srv/detail/pause__rosidl_typesupport_introspection_c.h
[8.032s] -- Up-to-date: /workspaces/isaac_ros-dev/install/slam_toolbox/include/slam_toolbox/slam_toolbox/msg
[8.032s] -- Up-to-date: /workspaces/isaac_ros-dev/install/slam_toolbox/include/slam_toolbox/slam_toolbox/msg/rosidl_typesupport_introspection_c__visibility_control.h
[8.032s] -- Up-to-date: /workspaces/isaac_ros-dev/install/slam_toolbox/lib/libslam_toolbox__rosidl_typesupport_introspection_c.so
[8.033s] -- Up-to-date: /workspaces/isaac_ros-dev/install/slam_toolbox/lib/libslam_toolbox__rosidl_typesupport_c.so
[8.033s] -- Up-to-date: /workspaces/isaac_ros-dev/install/slam_toolbox/include/slam_toolbox/slam_toolbox
[8.033s] -- Up-to-date: /workspaces/isaac_ros-dev/install/slam_toolbox/include/slam_toolbox/slam_toolbox/srv
[8.033s] -- Up-to-date: /workspaces/isaac_ros-dev/install/slam_toolbox/include/slam_toolbox/slam_toolbox/srv/detail
[8.034s] -- Up-to-date: /workspaces/isaac_ros-dev/install/slam_toolbox/include/slam_toolbox/slam_toolbox/srv/detail/toggle_interactive__rosidl_typesupport_introspection_cpp.hpp
[8.034s] -- Up-to-date: /workspaces/isaac_ros-dev/install/slam_toolbox/include/slam_toolbox/slam_toolbox/srv/detail/serialize_pose_graph__type_support.cpp
[8.035s] -- Up-to-date: /workspaces/isaac_ros-dev/install/slam_toolbox/include/slam_toolbox/slam_toolbox/srv/detail/add_submap__rosidl_typesupport_introspection_cpp.hpp
[8.035s] -- Up-to-date: /workspaces/isaac_ros-dev/install/slam_toolbox/include/slam_toolbox/slam_toolbox/srv/detail/deserialize_pose_graph__type_support.cpp
[8.035s] -- Up-to-date: /workspaces/isaac_ros-dev/install/slam_toolbox/include/slam_toolbox/slam_toolbox/srv/detail/serialize_pose_graph__rosidl_typesupport_introspection_cpp.hpp
[8.035s] -- Up-to-date: /workspaces/isaac_ros-dev/install/slam_toolbox/include/slam_toolbox/slam_toolbox/srv/detail/clear_queue__rosidl_typesupport_introspection_cpp.hpp
[8.036s] -- Up-to-date: /workspaces/isaac_ros-dev/install/slam_toolbox/include/slam_toolbox/slam_toolbox/srv/detail/save_map__rosidl_typesupport_introspection_cpp.hpp
[8.036s] -- Up-to-date: /workspaces/isaac_ros-dev/install/slam_toolbox/include/slam_toolbox/slam_toolbox/srv/detail/pause__type_support.cpp
[8.036s] -- Up-to-date: /workspaces/isaac_ros-dev/install/slam_toolbox/include/slam_toolbox/slam_toolbox/srv/detail/merge_maps__rosidl_typesupport_introspection_cpp.hpp
[8.036s] -- Up-to-date: /workspaces/isaac_ros-dev/install/slam_toolbox/include/slam_toolbox/slam_toolbox/srv/detail/toggle_interactive__type_support.cpp
[8.042s] -- Up-to-date: /workspaces/isaac_ros-dev/install/slam_toolbox/include/slam_toolbox/slam_toolbox/srv/detail/clear__type_support.cpp
[8.043s] -- Up-to-date: /workspaces/isaac_ros-dev/install/slam_toolbox/include/slam_toolbox/slam_toolbox/srv/detail/pause__rosidl_typesupport_introspection_cpp.hpp
[8.044s] -- Up-to-date: /workspaces/isaac_ros-dev/install/slam_toolbox/include/slam_toolbox/slam_toolbox/srv/detail/loop_closure__type_support.cpp
[8.044s] -- Up-to-date: /workspaces/isaac_ros-dev/install/slam_toolbox/include/slam_toolbox/slam_toolbox/srv/detail/clear_queue__type_support.cpp
[8.045s] -- Up-to-date: /workspaces/isaac_ros-dev/install/slam_toolbox/include/slam_toolbox/slam_toolbox/srv/detail/add_submap__type_support.cpp
[8.045s] -- Up-to-date: /workspaces/isaac_ros-dev/install/slam_toolbox/include/slam_toolbox/slam_toolbox/srv/detail/deserialize_pose_graph__rosidl_typesupport_introspection_cpp.hpp
[8.046s] -- Up-to-date: /workspaces/isaac_ros-dev/install/slam_toolbox/include/slam_toolbox/slam_toolbox/srv/detail/save_map__type_support.cpp
[8.047s] -- Up-to-date: /workspaces/isaac_ros-dev/install/slam_toolbox/include/slam_toolbox/slam_toolbox/srv/detail/clear__rosidl_typesupport_introspection_cpp.hpp
[8.047s] -- Up-to-date: /workspaces/isaac_ros-dev/install/slam_toolbox/include/slam_toolbox/slam_toolbox/srv/detail/merge_maps__type_support.cpp
[8.047s] -- Up-to-date: /workspaces/isaac_ros-dev/install/slam_toolbox/include/slam_toolbox/slam_toolbox/srv/detail/loop_closure__rosidl_typesupport_introspection_cpp.hpp
[8.048s] -- Up-to-date: /workspaces/isaac_ros-dev/install/slam_toolbox/lib/libslam_toolbox__rosidl_typesupport_introspection_cpp.so
[8.048s] -- Up-to-date: /workspaces/isaac_ros-dev/install/slam_toolbox/lib/libslam_toolbox__rosidl_typesupport_cpp.so
[8.049s] -- Up-to-date: /workspaces/isaac_ros-dev/install/slam_toolbox/share/slam_toolbox/environment/pythonpath.sh
[8.050s] -- Up-to-date: /workspaces/isaac_ros-dev/install/slam_toolbox/share/slam_toolbox/environment/pythonpath.dsv
[8.050s] -- Up-to-date: /workspaces/isaac_ros-dev/install/slam_toolbox/lib/python3.8/site-packages/slam_toolbox-2.6.0-py3.8.egg-info
[8.050s] -- Installing: /workspaces/isaac_ros-dev/install/slam_toolbox/lib/python3.8/site-packages/slam_toolbox-2.6.0-py3.8.egg-info/top_level.txt
[8.051s] -- Installing: /workspaces/isaac_ros-dev/install/slam_toolbox/lib/python3.8/site-packages/slam_toolbox-2.6.0-py3.8.egg-info/dependency_links.txt
[8.051s] -- Installing: /workspaces/isaac_ros-dev/install/slam_toolbox/lib/python3.8/site-packages/slam_toolbox-2.6.0-py3.8.egg-info/SOURCES.txt
[8.051s] -- Installing: /workspaces/isaac_ros-dev/install/slam_toolbox/lib/python3.8/site-packages/slam_toolbox-2.6.0-py3.8.egg-info/PKG-INFO
[8.051s] -- Up-to-date: /workspaces/isaac_ros-dev/install/slam_toolbox/lib/python3.8/site-packages/slam_toolbox
[8.052s] -- Up-to-date: /workspaces/isaac_ros-dev/install/slam_toolbox/lib/python3.8/site-packages/slam_toolbox/__init__.py
[8.052s] -- Up-to-date: /workspaces/isaac_ros-dev/install/slam_toolbox/lib/python3.8/site-packages/slam_toolbox/srv
[8.052s] -- Up-to-date: /workspaces/isaac_ros-dev/install/slam_toolbox/lib/python3.8/site-packages/slam_toolbox/srv/_serialize_pose_graph.py
[8.053s] -- Up-to-date: /workspaces/isaac_ros-dev/install/slam_toolbox/lib/python3.8/site-packages/slam_toolbox/srv/__init__.py
[8.054s] -- Up-to-date: /workspaces/isaac_ros-dev/install/slam_toolbox/lib/python3.8/site-packages/slam_toolbox/srv/_add_submap.py
[8.054s] -- Up-to-date: /workspaces/isaac_ros-dev/install/slam_toolbox/lib/python3.8/site-packages/slam_toolbox/srv/_loop_closure_s.c
[8.054s] -- Up-to-date: /workspaces/isaac_ros-dev/install/slam_toolbox/lib/python3.8/site-packages/slam_toolbox/srv/_pause_s.c
[8.055s] -- Up-to-date: /workspaces/isaac_ros-dev/install/slam_toolbox/lib/python3.8/site-packages/slam_toolbox/srv/_toggle_interactive_s.c
[8.055s] -- Up-to-date: /workspaces/isaac_ros-dev/install/slam_toolbox/lib/python3.8/site-packages/slam_toolbox/srv/_toggle_interactive.py
[8.058s] -- Up-to-date: /workspaces/isaac_ros-dev/install/slam_toolbox/lib/python3.8/site-packages/slam_toolbox/srv/_deserialize_pose_graph.py
[8.059s] -- Up-to-date: /workspaces/isaac_ros-dev/install/slam_toolbox/lib/python3.8/site-packages/slam_toolbox/srv/_merge_maps_s.c
[8.059s] -- Up-to-date: /workspaces/isaac_ros-dev/install/slam_toolbox/lib/python3.8/site-packages/slam_toolbox/srv/_clear.py
[8.060s] -- Up-to-date: /workspaces/isaac_ros-dev/install/slam_toolbox/lib/python3.8/site-packages/slam_toolbox/srv/_add_submap_s.c
[8.060s] -- Up-to-date: /workspaces/isaac_ros-dev/install/slam_toolbox/lib/python3.8/site-packages/slam_toolbox/srv/_save_map.py
[8.060s] -- Up-to-date: /workspaces/isaac_ros-dev/install/slam_toolbox/lib/python3.8/site-packages/slam_toolbox/srv/_pause.py
[8.060s] -- Up-to-date: /workspaces/isaac_ros-dev/install/slam_toolbox/lib/python3.8/site-packages/slam_toolbox/srv/_deserialize_pose_graph_s.c
[8.061s] -- Up-to-date: /workspaces/isaac_ros-dev/install/slam_toolbox/lib/python3.8/site-packages/slam_toolbox/srv/_merge_maps.py
[8.061s] -- Up-to-date: /workspaces/isaac_ros-dev/install/slam_toolbox/lib/python3.8/site-packages/slam_toolbox/srv/_clear_queue.py
[8.061s] -- Up-to-date: /workspaces/isaac_ros-dev/install/slam_toolbox/lib/python3.8/site-packages/slam_toolbox/srv/_serialize_pose_graph_s.c
[8.062s] -- Up-to-date: /workspaces/isaac_ros-dev/install/slam_toolbox/lib/python3.8/site-packages/slam_toolbox/srv/_loop_closure.py
[8.062s] -- Up-to-date: /workspaces/isaac_ros-dev/install/slam_toolbox/lib/python3.8/site-packages/slam_toolbox/srv/_save_map_s.c
[8.062s] -- Up-to-date: /workspaces/isaac_ros-dev/install/slam_toolbox/lib/python3.8/site-packages/slam_toolbox/srv/_clear_queue_s.c
[8.063s] -- Up-to-date: /workspaces/isaac_ros-dev/install/slam_toolbox/lib/python3.8/site-packages/slam_toolbox/srv/_clear_s.c
[8.063s] -- Up-to-date: /workspaces/isaac_ros-dev/install/slam_toolbox/lib/python3.8/site-packages/slam_toolbox/slam_toolbox_s__rosidl_typesupport_introspection_c.cpython-38-aarch64-linux-gnu.so
[8.064s] -- Up-to-date: /workspaces/isaac_ros-dev/install/slam_toolbox/lib/python3.8/site-packages/slam_toolbox/_slam_toolbox_s.ep.rosidl_typesupport_c.c
[8.064s] -- Up-to-date: /workspaces/isaac_ros-dev/install/slam_toolbox/lib/python3.8/site-packages/slam_toolbox/slam_toolbox_s__rosidl_typesupport_fastrtps_c.cpython-38-aarch64-linux-gnu.so
[8.066s] -- Up-to-date: /workspaces/isaac_ros-dev/install/slam_toolbox/lib/python3.8/site-packages/slam_toolbox/_slam_toolbox_s.ep.rosidl_typesupport_introspection_c.c
[8.067s] -- Up-to-date: /workspaces/isaac_ros-dev/install/slam_toolbox/lib/python3.8/site-packages/slam_toolbox/slam_toolbox_s__rosidl_typesupport_c.cpython-38-aarch64-linux-gnu.so
[8.067s] -- Up-to-date: /workspaces/isaac_ros-dev/install/slam_toolbox/lib/python3.8/site-packages/slam_toolbox/libslam_toolbox__rosidl_generator_py.so
[8.067s] -- Up-to-date: /workspaces/isaac_ros-dev/install/slam_toolbox/lib/python3.8/site-packages/slam_toolbox/_slam_toolbox_s.ep.rosidl_typesupport_fastrtps_c.c
[8.188s] Listing '/workspaces/isaac_ros-dev/install/slam_toolbox/lib/python3.8/site-packages/slam_toolbox'...
[8.190s] Listing '/workspaces/isaac_ros-dev/install/slam_toolbox/lib/python3.8/site-packages/slam_toolbox/srv'...
[8.190s] -- Up-to-date: /workspaces/isaac_ros-dev/install/slam_toolbox/lib/python3.8/site-packages/slam_toolbox/slam_toolbox_s__rosidl_typesupport_fastrtps_c.cpython-38-aarch64-linux-gnu.so
[8.191s] -- Up-to-date: /workspaces/isaac_ros-dev/install/slam_toolbox/lib/python3.8/site-packages/slam_toolbox/slam_toolbox_s__rosidl_typesupport_introspection_c.cpython-38-aarch64-linux-gnu.so
[8.191s] -- Up-to-date: /workspaces/isaac_ros-dev/install/slam_toolbox/lib/python3.8/site-packages/slam_toolbox/slam_toolbox_s__rosidl_typesupport_c.cpython-38-aarch64-linux-gnu.so
[8.191s] -- Up-to-date: /workspaces/isaac_ros-dev/install/slam_toolbox/lib/libslam_toolbox__rosidl_generator_py.so
[8.191s] -- Up-to-date: /workspaces/isaac_ros-dev/install/slam_toolbox/share/slam_toolbox/srv/Pause.idl
[8.192s] -- Up-to-date: /workspaces/isaac_ros-dev/install/slam_toolbox/share/slam_toolbox/srv/ClearQueue.idl
[8.192s] -- Up-to-date: /workspaces/isaac_ros-dev/install/slam_toolbox/share/slam_toolbox/srv/ToggleInteractive.idl
[8.192s] -- Up-to-date: /workspaces/isaac_ros-dev/install/slam_toolbox/share/slam_toolbox/srv/Clear.idl
[8.193s] -- Up-to-date: /workspaces/isaac_ros-dev/install/slam_toolbox/share/slam_toolbox/srv/SaveMap.idl
[8.193s] -- Up-to-date: /workspaces/isaac_ros-dev/install/slam_toolbox/share/slam_toolbox/srv/LoopClosure.idl
[8.193s] -- Up-to-date: /workspaces/isaac_ros-dev/install/slam_toolbox/share/slam_toolbox/srv/MergeMaps.idl
[8.193s] -- Up-to-date: /workspaces/isaac_ros-dev/install/slam_toolbox/share/slam_toolbox/srv/AddSubmap.idl
[8.194s] -- Up-to-date: /workspaces/isaac_ros-dev/install/slam_toolbox/share/slam_toolbox/srv/DeserializePoseGraph.idl
[8.194s] -- Up-to-date: /workspaces/isaac_ros-dev/install/slam_toolbox/share/slam_toolbox/srv/SerializePoseGraph.idl
[8.194s] -- Up-to-date: /workspaces/isaac_ros-dev/install/slam_toolbox/share/slam_toolbox/srvs/Pause.srv
[8.195s] -- Up-to-date: /workspaces/isaac_ros-dev/install/slam_toolbox/share/slam_toolbox/srvs/Pause_Request.msg
[8.195s] -- Up-to-date: /workspaces/isaac_ros-dev/install/slam_toolbox/share/slam_toolbox/srvs/Pause_Response.msg
[8.195s] -- Up-to-date: /workspaces/isaac_ros-dev/install/slam_toolbox/share/slam_toolbox/srvs/ClearQueue.srv
[8.195s] -- Up-to-date: /workspaces/isaac_ros-dev/install/slam_toolbox/share/slam_toolbox/srvs/ClearQueue_Request.msg
[8.196s] -- Up-to-date: /workspaces/isaac_ros-dev/install/slam_toolbox/share/slam_toolbox/srvs/ClearQueue_Response.msg
[8.196s] -- Up-to-date: /workspaces/isaac_ros-dev/install/slam_toolbox/share/slam_toolbox/srvs/ToggleInteractive.srv
[8.196s] -- Up-to-date: /workspaces/isaac_ros-dev/install/slam_toolbox/share/slam_toolbox/srvs/ToggleInteractive_Request.msg
[8.196s] -- Up-to-date: /workspaces/isaac_ros-dev/install/slam_toolbox/share/slam_toolbox/srvs/ToggleInteractive_Response.msg
[8.202s] -- Up-to-date: /workspaces/isaac_ros-dev/install/slam_toolbox/share/slam_toolbox/srvs/Clear.srv
[8.206s] -- Up-to-date: /workspaces/isaac_ros-dev/install/slam_toolbox/share/slam_toolbox/srvs/Clear_Request.msg
[8.206s] -- Up-to-date: /workspaces/isaac_ros-dev/install/slam_toolbox/share/slam_toolbox/srvs/Clear_Response.msg
[8.206s] -- Up-to-date: /workspaces/isaac_ros-dev/install/slam_toolbox/share/slam_toolbox/srvs/SaveMap.srv
[8.212s] -- Up-to-date: /workspaces/isaac_ros-dev/install/slam_toolbox/share/slam_toolbox/srvs/SaveMap_Request.msg
[8.226s] -- Up-to-date: /workspaces/isaac_ros-dev/install/slam_toolbox/share/slam_toolbox/srvs/SaveMap_Response.msg
[8.227s] -- Up-to-date: /workspaces/isaac_ros-dev/install/slam_toolbox/share/slam_toolbox/srvs/LoopClosure.srv
[8.227s] -- Up-to-date: /workspaces/isaac_ros-dev/install/slam_toolbox/share/slam_toolbox/srvs/LoopClosure_Request.msg
[8.227s] -- Up-to-date: /workspaces/isaac_ros-dev/install/slam_toolbox/share/slam_toolbox/srvs/LoopClosure_Response.msg
[8.228s] -- Up-to-date: /workspaces/isaac_ros-dev/install/slam_toolbox/share/slam_toolbox/srvs/MergeMaps.srv
[8.228s] -- Up-to-date: /workspaces/isaac_ros-dev/install/slam_toolbox/share/slam_toolbox/srvs/MergeMaps_Request.msg
[8.229s] -- Up-to-date: /workspaces/isaac_ros-dev/install/slam_toolbox/share/slam_toolbox/srvs/MergeMaps_Response.msg
[8.230s] -- Up-to-date: /workspaces/isaac_ros-dev/install/slam_toolbox/share/slam_toolbox/srvs/AddSubmap.srv
[8.231s] -- Up-to-date: /workspaces/isaac_ros-dev/install/slam_toolbox/share/slam_toolbox/srvs/AddSubmap_Request.msg
[8.232s] -- Up-to-date: /workspaces/isaac_ros-dev/install/slam_toolbox/share/slam_toolbox/srvs/AddSubmap_Response.msg
[8.232s] -- Up-to-date: /workspaces/isaac_ros-dev/install/slam_toolbox/share/slam_toolbox/srvs/DeserializePoseGraph.srv
[8.234s] -- Up-to-date: /workspaces/isaac_ros-dev/install/slam_toolbox/share/slam_toolbox/srvs/DeserializePoseGraph_Request.msg
[8.234s] -- Up-to-date: /workspaces/isaac_ros-dev/install/slam_toolbox/share/slam_toolbox/srvs/DeserializePoseGraph_Response.msg
[8.235s] -- Up-to-date: /workspaces/isaac_ros-dev/install/slam_toolbox/share/slam_toolbox/srvs/SerializePoseGraph.srv
[8.235s] -- Up-to-date: /workspaces/isaac_ros-dev/install/slam_toolbox/share/slam_toolbox/srvs/SerializePoseGraph_Request.msg
[8.235s] -- Up-to-date: /workspaces/isaac_ros-dev/install/slam_toolbox/share/slam_toolbox/srvs/SerializePoseGraph_Response.msg
[8.236s] -- Up-to-date: /workspaces/isaac_ros-dev/install/slam_toolbox/share/slam_toolbox/rviz_plugins.xml
[8.236s] -- Up-to-date: /workspaces/isaac_ros-dev/install/slam_toolbox/share/slam_toolbox/solver_plugins.xml
[8.236s] -- Up-to-date: /workspaces/isaac_ros-dev/install/slam_toolbox/lib/slam_toolbox/async_slam_toolbox_node
[8.236s] -- Up-to-date: /workspaces/isaac_ros-dev/install/slam_toolbox/lib/slam_toolbox/sync_slam_toolbox_node
[8.237s] -- Up-to-date: /workspaces/isaac_ros-dev/install/slam_toolbox/lib/slam_toolbox/localization_slam_toolbox_node
[8.238s] -- Up-to-date: /workspaces/isaac_ros-dev/install/slam_toolbox/lib/slam_toolbox/map_and_localization_slam_toolbox_node
[8.238s] -- Up-to-date: /workspaces/isaac_ros-dev/install/slam_toolbox/lib/slam_toolbox/merge_maps_kinematic
[8.238s] -- Up-to-date: /workspaces/isaac_ros-dev/install/slam_toolbox/lib/libtoolbox_common.so
[8.239s] -- Up-to-date: /workspaces/isaac_ros-dev/install/slam_toolbox/lib/libSlamToolboxPlugin.so
[8.239s] -- Up-to-date: /workspaces/isaac_ros-dev/install/slam_toolbox/lib/libceres_solver_plugin.so
[8.240s] -- Up-to-date: /workspaces/isaac_ros-dev/install/slam_toolbox/lib/libasync_slam_toolbox.so
[8.240s] -- Up-to-date: /workspaces/isaac_ros-dev/install/slam_toolbox/lib/libsync_slam_toolbox.so
[8.240s] -- Up-to-date: /workspaces/isaac_ros-dev/install/slam_toolbox/lib/liblocalization_slam_toolbox.so
[8.241s] -- Up-to-date: /workspaces/isaac_ros-dev/install/slam_toolbox/lib/liblifelong_slam_toolbox.so
[8.241s] -- Up-to-date: /workspaces/isaac_ros-dev/install/slam_toolbox/lib/libmap_and_localization_slam_toolbox.so
[8.242s] -- Up-to-date: /workspaces/isaac_ros-dev/install/slam_toolbox/lib/libSlamToolboxPlugin.so
[8.242s] -- Up-to-date: /workspaces/isaac_ros-dev/install/slam_toolbox/include
[8.242s] -- Up-to-date: /workspaces/isaac_ros-dev/install/slam_toolbox/include/slam_toolbox
[8.243s] -- Up-to-date: /workspaces/isaac_ros-dev/install/slam_toolbox/include/slam_toolbox/slam_toolbox_localization.hpp
[8.243s] -- Up-to-date: /workspaces/isaac_ros-dev/install/slam_toolbox/include/slam_toolbox/slam_toolbox_sync.hpp
[8.243s] -- Up-to-date: /workspaces/isaac_ros-dev/install/slam_toolbox/include/slam_toolbox/slam_mapper.hpp
[8.244s] -- Up-to-date: /workspaces/isaac_ros-dev/install/slam_toolbox/include/slam_toolbox/loop_closure_assistant.hpp
[8.244s] -- Up-to-date: /workspaces/isaac_ros-dev/install/slam_toolbox/include/slam_toolbox/slam_toolbox_async.hpp
[8.244s] -- Up-to-date: /workspaces/isaac_ros-dev/install/slam_toolbox/include/slam_toolbox/toolbox_types.hpp
[8.245s] -- Up-to-date: /workspaces/isaac_ros-dev/install/slam_toolbox/include/slam_toolbox/map_saver.hpp
[8.245s] -- Up-to-date: /workspaces/isaac_ros-dev/install/slam_toolbox/include/slam_toolbox/get_pose_helper.hpp
[8.246s] -- Up-to-date: /workspaces/isaac_ros-dev/install/slam_toolbox/include/slam_toolbox/laser_utils.hpp
[8.246s] -- Up-to-date: /workspaces/isaac_ros-dev/install/slam_toolbox/include/slam_toolbox/toolbox_msgs.hpp
[8.247s] -- Up-to-date: /workspaces/isaac_ros-dev/install/slam_toolbox/include/slam_toolbox/slam_toolbox_common.hpp
[8.247s] -- Up-to-date: /workspaces/isaac_ros-dev/install/slam_toolbox/include/slam_toolbox/merge_maps_kinematic.hpp
[8.259s] -- Up-to-date: /workspaces/isaac_ros-dev/install/slam_toolbox/include/slam_toolbox/serialization.hpp
[8.259s] -- Up-to-date: /workspaces/isaac_ros-dev/install/slam_toolbox/include/slam_toolbox/experimental
[8.261s] -- Up-to-date: /workspaces/isaac_ros-dev/install/slam_toolbox/include/slam_toolbox/experimental/slam_toolbox_map_and_localization.hpp
[8.261s] -- Up-to-date: /workspaces/isaac_ros-dev/install/slam_toolbox/include/slam_toolbox/experimental/slam_toolbox_lifelong.hpp
[8.262s] -- Up-to-date: /workspaces/isaac_ros-dev/install/slam_toolbox/include/slam_toolbox/visualization_utils.hpp
[8.262s] -- Up-to-date: /workspaces/isaac_ros-dev/install/slam_toolbox/include/slam_toolbox/snap_utils.hpp
[8.264s] -- Up-to-date: /workspaces/isaac_ros-dev/install/slam_toolbox/share/slam_toolbox/launch
[8.264s] -- Up-to-date: /workspaces/isaac_ros-dev/install/slam_toolbox/share/slam_toolbox/launch/online_sync_launch.py
[8.265s] -- Up-to-date: /workspaces/isaac_ros-dev/install/slam_toolbox/share/slam_toolbox/launch/merge_maps_kinematic_launch.py
[8.266s] -- Up-to-date: /workspaces/isaac_ros-dev/install/slam_toolbox/share/slam_toolbox/launch/offline_launch.py
[8.267s] -- Up-to-date: /workspaces/isaac_ros-dev/install/slam_toolbox/share/slam_toolbox/launch/online_async_launch.py
[8.268s] -- Up-to-date: /workspaces/isaac_ros-dev/install/slam_toolbox/share/slam_toolbox/launch/localization_launch.py
[8.269s] -- Up-to-date: /workspaces/isaac_ros-dev/install/slam_toolbox/share/slam_toolbox/launch/lifelong_launch.py
[8.269s] -- Up-to-date: /workspaces/isaac_ros-dev/install/slam_toolbox/share/slam_toolbox/config
[8.270s] -- Up-to-date: /workspaces/isaac_ros-dev/install/slam_toolbox/share/slam_toolbox/config/mapper_params_lifelong.yaml
[8.270s] -- Up-to-date: /workspaces/isaac_ros-dev/install/slam_toolbox/share/slam_toolbox/config/mapper_params_offline.yaml
[8.270s] -- Up-to-date: /workspaces/isaac_ros-dev/install/slam_toolbox/share/slam_toolbox/config/mapper_params_online_async.yaml
[8.272s] -- Up-to-date: /workspaces/isaac_ros-dev/install/slam_toolbox/share/slam_toolbox/config/mapper_params_localization.yaml
[8.273s] -- Up-to-date: /workspaces/isaac_ros-dev/install/slam_toolbox/share/slam_toolbox/config/mapper_params_online_sync.yaml
[8.273s] -- Up-to-date: /workspaces/isaac_ros-dev/install/slam_toolbox/share/slam_toolbox/config/slam_toolbox_default.rviz
[8.283s] -- Up-to-date: /workspaces/isaac_ros-dev/install/slam_toolbox/share/solver_plugins.xml
[8.286s] -- Up-to-date: /workspaces/isaac_ros-dev/install/slam_toolbox/share/rviz_plugins.xml
[8.286s] -- Up-to-date: /workspaces/isaac_ros-dev/install/slam_toolbox/share/ament_index/resource_index/package_run_dependencies/slam_toolbox
[8.287s] -- Up-to-date: /workspaces/isaac_ros-dev/install/slam_toolbox/share/ament_index/resource_index/parent_prefix_path/slam_toolbox
[8.287s] -- Up-to-date: /workspaces/isaac_ros-dev/install/slam_toolbox/share/slam_toolbox/environment/ament_prefix_path.sh
[8.288s] -- Up-to-date: /workspaces/isaac_ros-dev/install/slam_toolbox/share/slam_toolbox/environment/ament_prefix_path.dsv
[8.288s] -- Up-to-date: /workspaces/isaac_ros-dev/install/slam_toolbox/share/slam_toolbox/environment/path.sh
[8.289s] -- Up-to-date: /workspaces/isaac_ros-dev/install/slam_toolbox/share/slam_toolbox/environment/path.dsv
[8.289s] -- Up-to-date: /workspaces/isaac_ros-dev/install/slam_toolbox/share/slam_toolbox/local_setup.bash
[8.289s] -- Up-to-date: /workspaces/isaac_ros-dev/install/slam_toolbox/share/slam_toolbox/local_setup.sh
[8.290s] -- Up-to-date: /workspaces/isaac_ros-dev/install/slam_toolbox/share/slam_toolbox/local_setup.zsh
[8.291s] -- Up-to-date: /workspaces/isaac_ros-dev/install/slam_toolbox/share/slam_toolbox/local_setup.dsv
[8.292s] -- Installing: /workspaces/isaac_ros-dev/install/slam_toolbox/share/slam_toolbox/package.dsv
[8.293s] -- Up-to-date: /workspaces/isaac_ros-dev/install/slam_toolbox/share/ament_index/resource_index/packages/slam_toolbox
[8.293s] -- Up-to-date: /workspaces/isaac_ros-dev/install/slam_toolbox/share/ament_index/resource_index/rviz_common__pluginlib__plugin/slam_toolbox
[8.294s] -- Up-to-date: /workspaces/isaac_ros-dev/install/slam_toolbox/share/ament_index/resource_index/slam_toolbox__pluginlib__plugin/slam_toolbox
[8.295s] -- Up-to-date: /workspaces/isaac_ros-dev/install/slam_toolbox/share/slam_toolbox/cmake/export_slam_toolbox__rosidl_generator_cExport.cmake
[8.296s] -- Up-to-date: /workspaces/isaac_ros-dev/install/slam_toolbox/share/slam_toolbox/cmake/export_slam_toolbox__rosidl_generator_cExport-release.cmake
[8.309s] -- Up-to-date: /workspaces/isaac_ros-dev/install/slam_toolbox/share/slam_toolbox/cmake/export_slam_toolbox__rosidl_typesupport_fastrtps_cExport.cmake
[8.311s] -- Up-to-date: /workspaces/isaac_ros-dev/install/slam_toolbox/share/slam_toolbox/cmake/export_slam_toolbox__rosidl_typesupport_fastrtps_cExport-release.cmake
[8.311s] -- Up-to-date: /workspaces/isaac_ros-dev/install/slam_toolbox/share/slam_toolbox/cmake/export_slam_toolbox__rosidl_generator_cppExport.cmake
[8.312s] -- Up-to-date: /workspaces/isaac_ros-dev/install/slam_toolbox/share/slam_toolbox/cmake/export_slam_toolbox__rosidl_typesupport_fastrtps_cppExport.cmake
[8.312s] -- Up-to-date: /workspaces/isaac_ros-dev/install/slam_toolbox/share/slam_toolbox/cmake/export_slam_toolbox__rosidl_typesupport_fastrtps_cppExport-release.cmake
[8.313s] -- Up-to-date: /workspaces/isaac_ros-dev/install/slam_toolbox/share/slam_toolbox/cmake/slam_toolbox__rosidl_typesupport_introspection_cExport.cmake
[8.313s] -- Up-to-date: /workspaces/isaac_ros-dev/install/slam_toolbox/share/slam_toolbox/cmake/slam_toolbox__rosidl_typesupport_introspection_cExport-release.cmake
[8.314s] -- Up-to-date: /workspaces/isaac_ros-dev/install/slam_toolbox/share/slam_toolbox/cmake/slam_toolbox__rosidl_typesupport_cExport.cmake
[8.314s] -- Up-to-date: /workspaces/isaac_ros-dev/install/slam_toolbox/share/slam_toolbox/cmake/slam_toolbox__rosidl_typesupport_cExport-release.cmake
[8.316s] -- Up-to-date: /workspaces/isaac_ros-dev/install/slam_toolbox/share/slam_toolbox/cmake/slam_toolbox__rosidl_typesupport_introspection_cppExport.cmake
[8.317s] -- Up-to-date: /workspaces/isaac_ros-dev/install/slam_toolbox/share/slam_toolbox/cmake/slam_toolbox__rosidl_typesupport_introspection_cppExport-release.cmake
[8.318s] -- Up-to-date: /workspaces/isaac_ros-dev/install/slam_toolbox/share/slam_toolbox/cmake/slam_toolbox__rosidl_typesupport_cppExport.cmake
[8.319s] -- Up-to-date: /workspaces/isaac_ros-dev/install/slam_toolbox/share/slam_toolbox/cmake/slam_toolbox__rosidl_typesupport_cppExport-release.cmake
[8.319s] -- Up-to-date: /workspaces/isaac_ros-dev/install/slam_toolbox/share/slam_toolbox/cmake/export_slam_toolbox__rosidl_generator_pyExport.cmake
[8.319s] -- Up-to-date: /workspaces/isaac_ros-dev/install/slam_toolbox/share/slam_toolbox/cmake/export_slam_toolbox__rosidl_generator_pyExport-release.cmake
[8.319s] -- Up-to-date: /workspaces/isaac_ros-dev/install/slam_toolbox/share/slam_toolbox/cmake/SlamToolboxPluginExport.cmake
[8.320s] -- Up-to-date: /workspaces/isaac_ros-dev/install/slam_toolbox/share/slam_toolbox/cmake/SlamToolboxPluginExport-release.cmake
[8.320s] -- Up-to-date: /workspaces/isaac_ros-dev/install/slam_toolbox/share/slam_toolbox/cmake/rosidl_cmake-extras.cmake
[8.320s] -- Up-to-date: /workspaces/isaac_ros-dev/install/slam_toolbox/share/slam_toolbox/cmake/ament_cmake_export_dependencies-extras.cmake
[8.323s] -- Up-to-date: /workspaces/isaac_ros-dev/install/slam_toolbox/share/slam_toolbox/cmake/ament_cmake_export_include_directories-extras.cmake
[8.324s] -- Up-to-date: /workspaces/isaac_ros-dev/install/slam_toolbox/share/slam_toolbox/cmake/ament_cmake_export_libraries-extras.cmake
[8.324s] -- Up-to-date: /workspaces/isaac_ros-dev/install/slam_toolbox/share/slam_toolbox/cmake/ament_cmake_export_targets-extras.cmake
[8.325s] -- Up-to-date: /workspaces/isaac_ros-dev/install/slam_toolbox/share/slam_toolbox/cmake/rosidl_cmake_export_typesupport_targets-extras.cmake
[8.325s] -- Up-to-date: /workspaces/isaac_ros-dev/install/slam_toolbox/share/slam_toolbox/cmake/rosidl_cmake_export_typesupport_libraries-extras.cmake
[8.326s] -- Up-to-date: /workspaces/isaac_ros-dev/install/slam_toolbox/share/slam_toolbox/cmake/slam_toolboxConfig.cmake
[8.326s] -- Up-to-date: /workspaces/isaac_ros-dev/install/slam_toolbox/share/slam_toolbox/cmake/slam_toolboxConfig-version.cmake
[8.327s] -- Up-to-date: /workspaces/isaac_ros-dev/install/slam_toolbox/share/slam_toolbox/package.xml
[8.329s] -- Up-to-date: /workspaces/isaac_ros-dev/install/slam_toolbox/include/
[8.330s] -- Up-to-date: /workspaces/isaac_ros-dev/install/slam_toolbox/include//karto_sdk
[8.330s] -- Up-to-date: /workspaces/isaac_ros-dev/install/slam_toolbox/include//karto_sdk/nanoflann_adaptors.h
[8.335s] -- Up-to-date: /workspaces/isaac_ros-dev/install/slam_toolbox/include//karto_sdk/Macros.h
[8.336s] -- Up-to-date: /workspaces/isaac_ros-dev/install/slam_toolbox/include//karto_sdk/Mapper.h
[8.336s] -- Up-to-date: /workspaces/isaac_ros-dev/install/slam_toolbox/include//karto_sdk/Math.h
[8.337s] -- Up-to-date: /workspaces/isaac_ros-dev/install/slam_toolbox/include//karto_sdk/Types.h
[8.337s] -- Up-to-date: /workspaces/isaac_ros-dev/install/slam_toolbox/include//karto_sdk/nanoflann.hpp
[8.339s] -- Up-to-date: /workspaces/isaac_ros-dev/install/slam_toolbox/include//karto_sdk/Karto.h
[8.339s] -- Up-to-date: /workspaces/isaac_ros-dev/install/slam_toolbox/lib/libkartoSlamToolbox.so
[8.340s] -- Up-to-date: /workspaces/isaac_ros-dev/install/slam_toolbox/share/karto_sdk/environment/library_path.sh
[8.352s] -- Up-to-date: /workspaces/isaac_ros-dev/install/slam_toolbox/share/karto_sdk/environment/library_path.dsv
[8.353s] -- Up-to-date: /workspaces/isaac_ros-dev/install/slam_toolbox/share/ament_index/resource_index/package_run_dependencies/karto_sdk
[8.354s] -- Up-to-date: /workspaces/isaac_ros-dev/install/slam_toolbox/share/ament_index/resource_index/parent_prefix_path/karto_sdk
[8.354s] -- Up-to-date: /workspaces/isaac_ros-dev/install/slam_toolbox/share/karto_sdk/environment/ament_prefix_path.sh
[8.354s] -- Up-to-date: /workspaces/isaac_ros-dev/install/slam_toolbox/share/karto_sdk/environment/ament_prefix_path.dsv
[8.355s] -- Up-to-date: /workspaces/isaac_ros-dev/install/slam_toolbox/share/karto_sdk/environment/path.sh
[8.355s] -- Up-to-date: /workspaces/isaac_ros-dev/install/slam_toolbox/share/karto_sdk/environment/path.dsv
[8.355s] -- Up-to-date: /workspaces/isaac_ros-dev/install/slam_toolbox/share/karto_sdk/local_setup.bash
[8.365s] -- Up-to-date: /workspaces/isaac_ros-dev/install/slam_toolbox/share/karto_sdk/local_setup.sh
[8.375s] -- Up-to-date: /workspaces/isaac_ros-dev/install/slam_toolbox/share/karto_sdk/local_setup.zsh
[8.375s] -- Up-to-date: /workspaces/isaac_ros-dev/install/slam_toolbox/share/karto_sdk/local_setup.dsv
[8.379s] -- Up-to-date: /workspaces/isaac_ros-dev/install/slam_toolbox/share/karto_sdk/package.dsv
[8.379s] -- Up-to-date: /workspaces/isaac_ros-dev/install/slam_toolbox/share/ament_index/resource_index/packages/karto_sdk
[8.380s] -- Up-to-date: /workspaces/isaac_ros-dev/install/slam_toolbox/share/karto_sdk/cmake/ament_cmake_export_libraries-extras.cmake
[8.380s] -- Up-to-date: /workspaces/isaac_ros-dev/install/slam_toolbox/share/karto_sdk/cmake/ament_cmake_export_include_directories-extras.cmake
[8.380s] -- Up-to-date: /workspaces/isaac_ros-dev/install/slam_toolbox/share/karto_sdk/cmake/ament_cmake_export_dependencies-extras.cmake
[8.381s] -- Up-to-date: /workspaces/isaac_ros-dev/install/slam_toolbox/share/karto_sdk/cmake/karto_sdkConfig.cmake
[8.382s] -- Up-to-date: /workspaces/isaac_ros-dev/install/slam_toolbox/share/karto_sdk/cmake/karto_sdkConfig-version.cmake
[8.382s] -- Up-to-date: /workspaces/isaac_ros-dev/install/slam_toolbox/share/karto_sdk/package.xml
[8.413s] Invoked command in '/workspaces/isaac_ros-dev/build/slam_toolbox' returned '0': CMAKE_PREFIX_PATH=/workspaces/isaac_ros-dev/install/yolov8_bringup:/workspaces/isaac_ros-dev/install/multisense_ros:/workspaces/isaac_ros-dev/install/xacro:/workspaces/isaac_ros-dev/install/vision_msgs_rviz_plugins:/workspaces/isaac_ros-dev/install/vision_msgs:/workspaces/isaac_ros-dev/install/velodyne:/workspaces/isaac_ros-dev/install/velodyne_pointcloud:/workspaces/isaac_ros-dev/install/velodyne_driver:/workspaces/isaac_ros-dev/install/velodyne_msgs:/workspaces/isaac_ros-dev/install/velodyne_laserscan:/workspaces/isaac_ros-dev/install/vectornav:/workspaces/isaac_ros-dev/install/sdv_localization:/workspaces/isaac_ros-dev/install/vectornav_msgs:/workspaces/isaac_ros-dev/install/slam_toolbox:/workspaces/isaac_ros-dev/install/sdv_msg:/workspaces/isaac_ros-dev/install/sdv_localization_msgs:/workspaces/isaac_ros-dev/install/pointcloud_to_laserscan:/workspaces/isaac_ros-dev/install/my_package:/workspaces/isaac_ros-dev/install/multisense_msgs:/workspaces/isaac_ros-dev/install/multisense_lib:/workspaces/isaac_ros-dev/install/isaac_ros_visual_slam:/workspaces/isaac_ros-dev/install/isaac_ros_visual_slam_interfaces:/workspaces/isaac_ros-dev/install/isaac_ros_tensor_list_interfaces:/workspaces/isaac_ros-dev/install/isaac_ros_common:/workspaces/isaac_ros-dev/install/isaac_ros_bi3d_interfaces:/workspaces/isaac_ros-dev/install/isaac_ros_apriltag_interfaces:/workspaces/isaac_ros-dev/install/yolov8_ros:/workspaces/isaac_ros-dev/install/xbox_controller:/workspaces/isaac_ros-dev/install/panel:/workspaces/isaac_ros-dev/install/isaac_ros_test:/workspaces/isaac_ros-dev/install/encoder:/opt/ros/humble/install /usr/bin/cmake --install /workspaces/isaac_ros-dev/build/slam_toolbox
