[2.115s] Invoking command in '/workspaces/isaac_ros-dev/build/multisense_lib': CMAKE_PREFIX_PATH=/workspaces/isaac_ros-dev/install/yolov8_bringup:/workspaces/isaac_ros-dev/install/multisense_ros:/workspaces/isaac_ros-dev/install/xacro:/workspaces/isaac_ros-dev/install/vision_msgs_rviz_plugins:/workspaces/isaac_ros-dev/install/vision_msgs:/workspaces/isaac_ros-dev/install/velodyne:/workspaces/isaac_ros-dev/install/velodyne_pointcloud:/workspaces/isaac_ros-dev/install/velodyne_driver:/workspaces/isaac_ros-dev/install/velodyne_msgs:/workspaces/isaac_ros-dev/install/velodyne_laserscan:/workspaces/isaac_ros-dev/install/vectornav:/workspaces/isaac_ros-dev/install/sdv_localization:/workspaces/isaac_ros-dev/install/vectornav_msgs:/workspaces/isaac_ros-dev/install/slam_toolbox:/workspaces/isaac_ros-dev/install/sdv_msg:/workspaces/isaac_ros-dev/install/sdv_localization_msgs:/workspaces/isaac_ros-dev/install/pointcloud_to_laserscan:/workspaces/isaac_ros-dev/install/my_package:/workspaces/isaac_ros-dev/install/multisense_msgs:/workspaces/isaac_ros-dev/install/multisense_lib:/workspaces/isaac_ros-dev/install/isaac_ros_visual_slam:/workspaces/isaac_ros-dev/install/isaac_ros_visual_slam_interfaces:/workspaces/isaac_ros-dev/install/isaac_ros_tensor_list_interfaces:/workspaces/isaac_ros-dev/install/isaac_ros_common:/workspaces/isaac_ros-dev/install/isaac_ros_bi3d_interfaces:/workspaces/isaac_ros-dev/install/isaac_ros_apriltag_interfaces:/workspaces/isaac_ros-dev/install/yolov8_ros:/workspaces/isaac_ros-dev/install/xbox_controller:/workspaces/isaac_ros-dev/install/panel:/workspaces/isaac_ros-dev/install/isaac_ros_test:/workspaces/isaac_ros-dev/install/encoder:/opt/ros/humble/install /usr/bin/cmake --build /workspaces/isaac_ros-dev/build/multisense_lib -- -j8 -l8
[2.383s] [ 20%] Built target MultiSense
[2.640s] [ 25%] Built target ChangeIpUtility
[2.682s] [ 30%] Built target ChangeFps
[2.731s] [ 34%] Built target ChangeTransmitDelay
[2.788s] [ 39%] Built target FlashUtility
[2.829s] [ 55%] Built target DirectedStreamsUtility
[2.832s] [ 55%] Built target ChangeResolution
[2.833s] [ 58%] Built target DeviceInfoUtility
[2.834s] [ 58%] Built target ExternalCalUtility
[3.045s] [ 62%] Built target ImuTestUtility
[3.105s] [ 67%] Built target ImageCalUtility
[3.121s] [ 72%] Built target LidarCalUtility
[3.138s] [ 76%] Built target SensorCalUtility
[3.143s] [ 81%] Built target SaveImageUtility
[3.150s] [ 86%] Built target PointCloudUtility
[3.158s] [ 90%] Built target ImuConfigUtility
[3.189s] [ 95%] Built target ColorImageUtility
[3.351s] [100%] Built target VersionInfoUtility
[3.384s] Invoked command in '/workspaces/isaac_ros-dev/build/multisense_lib' returned '0': CMAKE_PREFIX_PATH=/workspaces/isaac_ros-dev/install/yolov8_bringup:/workspaces/isaac_ros-dev/install/multisense_ros:/workspaces/isaac_ros-dev/install/xacro:/workspaces/isaac_ros-dev/install/vision_msgs_rviz_plugins:/workspaces/isaac_ros-dev/install/vision_msgs:/workspaces/isaac_ros-dev/install/velodyne:/workspaces/isaac_ros-dev/install/velodyne_pointcloud:/workspaces/isaac_ros-dev/install/velodyne_driver:/workspaces/isaac_ros-dev/install/velodyne_msgs:/workspaces/isaac_ros-dev/install/velodyne_laserscan:/workspaces/isaac_ros-dev/install/vectornav:/workspaces/isaac_ros-dev/install/sdv_localization:/workspaces/isaac_ros-dev/install/vectornav_msgs:/workspaces/isaac_ros-dev/install/slam_toolbox:/workspaces/isaac_ros-dev/install/sdv_msg:/workspaces/isaac_ros-dev/install/sdv_localization_msgs:/workspaces/isaac_ros-dev/install/pointcloud_to_laserscan:/workspaces/isaac_ros-dev/install/my_package:/workspaces/isaac_ros-dev/install/multisense_msgs:/workspaces/isaac_ros-dev/install/multisense_lib:/workspaces/isaac_ros-dev/install/isaac_ros_visual_slam:/workspaces/isaac_ros-dev/install/isaac_ros_visual_slam_interfaces:/workspaces/isaac_ros-dev/install/isaac_ros_tensor_list_interfaces:/workspaces/isaac_ros-dev/install/isaac_ros_common:/workspaces/isaac_ros-dev/install/isaac_ros_bi3d_interfaces:/workspaces/isaac_ros-dev/install/isaac_ros_apriltag_interfaces:/workspaces/isaac_ros-dev/install/yolov8_ros:/workspaces/isaac_ros-dev/install/xbox_controller:/workspaces/isaac_ros-dev/install/panel:/workspaces/isaac_ros-dev/install/isaac_ros_test:/workspaces/isaac_ros-dev/install/encoder:/opt/ros/humble/install /usr/bin/cmake --build /workspaces/isaac_ros-dev/build/multisense_lib -- -j8 -l8
[4.062s] Invoking command in '/workspaces/isaac_ros-dev/build/multisense_lib': CMAKE_PREFIX_PATH=/workspaces/isaac_ros-dev/install/yolov8_bringup:/workspaces/isaac_ros-dev/install/multisense_ros:/workspaces/isaac_ros-dev/install/xacro:/workspaces/isaac_ros-dev/install/vision_msgs_rviz_plugins:/workspaces/isaac_ros-dev/install/vision_msgs:/workspaces/isaac_ros-dev/install/velodyne:/workspaces/isaac_ros-dev/install/velodyne_pointcloud:/workspaces/isaac_ros-dev/install/velodyne_driver:/workspaces/isaac_ros-dev/install/velodyne_msgs:/workspaces/isaac_ros-dev/install/velodyne_laserscan:/workspaces/isaac_ros-dev/install/vectornav:/workspaces/isaac_ros-dev/install/sdv_localization:/workspaces/isaac_ros-dev/install/vectornav_msgs:/workspaces/isaac_ros-dev/install/slam_toolbox:/workspaces/isaac_ros-dev/install/sdv_msg:/workspaces/isaac_ros-dev/install/sdv_localization_msgs:/workspaces/isaac_ros-dev/install/pointcloud_to_laserscan:/workspaces/isaac_ros-dev/install/my_package:/workspaces/isaac_ros-dev/install/multisense_msgs:/workspaces/isaac_ros-dev/install/multisense_lib:/workspaces/isaac_ros-dev/install/isaac_ros_visual_slam:/workspaces/isaac_ros-dev/install/isaac_ros_visual_slam_interfaces:/workspaces/isaac_ros-dev/install/isaac_ros_tensor_list_interfaces:/workspaces/isaac_ros-dev/install/isaac_ros_common:/workspaces/isaac_ros-dev/install/isaac_ros_bi3d_interfaces:/workspaces/isaac_ros-dev/install/isaac_ros_apriltag_interfaces:/workspaces/isaac_ros-dev/install/yolov8_ros:/workspaces/isaac_ros-dev/install/xbox_controller:/workspaces/isaac_ros-dev/install/panel:/workspaces/isaac_ros-dev/install/isaac_ros_test:/workspaces/isaac_ros-dev/install/encoder:/opt/ros/humble/install /usr/bin/cmake --install /workspaces/isaac_ros-dev/build/multisense_lib
[4.112s] -- Install configuration: "Release"
[4.113s] -- Up-to-date: /workspaces/isaac_ros-dev/install/multisense_lib/share/multisense_lib/environment/library_path.sh
[4.114s] -- Up-to-date: /workspaces/isaac_ros-dev/install/multisense_lib/share/multisense_lib/environment/library_path.dsv
[4.114s] -- Up-to-date: /workspaces/isaac_ros-dev/install/multisense_lib/share/ament_index/resource_index/package_run_dependencies/multisense_lib
[4.115s] -- Up-to-date: /workspaces/isaac_ros-dev/install/multisense_lib/share/ament_index/resource_index/parent_prefix_path/multisense_lib
[4.115s] -- Up-to-date: /workspaces/isaac_ros-dev/install/multisense_lib/share/multisense_lib/environment/ament_prefix_path.sh
[4.115s] -- Up-to-date: /workspaces/isaac_ros-dev/install/multisense_lib/share/multisense_lib/environment/ament_prefix_path.dsv
[4.115s] -- Up-to-date: /workspaces/isaac_ros-dev/install/multisense_lib/share/multisense_lib/environment/path.sh
[4.116s] -- Up-to-date: /workspaces/isaac_ros-dev/install/multisense_lib/share/multisense_lib/environment/path.dsv
[4.116s] -- Up-to-date: /workspaces/isaac_ros-dev/install/multisense_lib/share/multisense_lib/local_setup.bash
[4.117s] -- Up-to-date: /workspaces/isaac_ros-dev/install/multisense_lib/share/multisense_lib/local_setup.sh
[4.130s] -- Up-to-date: /workspaces/isaac_ros-dev/install/multisense_lib/share/multisense_lib/local_setup.zsh
[4.133s] -- Up-to-date: /workspaces/isaac_ros-dev/install/multisense_lib/share/multisense_lib/local_setup.dsv
[4.134s] -- Installing: /workspaces/isaac_ros-dev/install/multisense_lib/share/multisense_lib/package.dsv
[4.136s] -- Up-to-date: /workspaces/isaac_ros-dev/install/multisense_lib/share/ament_index/resource_index/packages/multisense_lib
[4.137s] -- Up-to-date: /workspaces/isaac_ros-dev/install/multisense_lib/share/multisense_lib/cmake/ament_cmake_export_include_directories-extras.cmake
[4.138s] -- Up-to-date: /workspaces/isaac_ros-dev/install/multisense_lib/share/multisense_lib/cmake/ament_cmake_export_libraries-extras.cmake
[4.138s] -- Up-to-date: /workspaces/isaac_ros-dev/install/multisense_lib/share/multisense_lib/cmake/multisense_libConfig.cmake
[4.139s] -- Up-to-date: /workspaces/isaac_ros-dev/install/multisense_lib/share/multisense_lib/cmake/multisense_libConfig-version.cmake
[4.139s] -- Up-to-date: /workspaces/isaac_ros-dev/install/multisense_lib/share/multisense_lib/package.xml
[4.143s] -- Up-to-date: /workspaces/isaac_ros-dev/install/multisense_lib/lib/libMultiSense.so.4.1.0
[4.145s] -- Up-to-date: /workspaces/isaac_ros-dev/install/multisense_lib/lib/libMultiSense.so
[4.146s] -- Up-to-date: /workspaces/isaac_ros-dev/install/multisense_lib/include/MultiSense/MultiSenseChannel.hh
[4.146s] -- Up-to-date: /workspaces/isaac_ros-dev/install/multisense_lib/include/MultiSense/MultiSenseTypes.hh
[4.147s] -- Up-to-date: /workspaces/isaac_ros-dev/install/multisense_lib/lib/cmake/MultiSense/MultiSenseTargets.cmake
[4.148s] -- Up-to-date: /workspaces/isaac_ros-dev/install/multisense_lib/lib/cmake/MultiSense/MultiSenseTargets-release.cmake
[4.149s] -- Up-to-date: /workspaces/isaac_ros-dev/install/multisense_lib/lib/cmake/MultiSense/MultiSenseConfig.cmake
[4.149s] -- Up-to-date: /workspaces/isaac_ros-dev/install/multisense_lib/lib/cmake/MultiSense/MultiSenseConfigVersion.cmake
[4.150s] -- Up-to-date: /workspaces/isaac_ros-dev/install/multisense_lib/include/MultiSense/MultiSenseChannel.hh
[4.151s] -- Up-to-date: /workspaces/isaac_ros-dev/install/multisense_lib/include/MultiSense/MultiSenseTypes.hh
[4.153s] -- Up-to-date: /workspaces/isaac_ros-dev/install/multisense_lib/bin/ChangeFps
[4.157s] -- Up-to-date: /workspaces/isaac_ros-dev/install/multisense_lib/bin/ChangeIpUtility
[4.160s] -- Up-to-date: /workspaces/isaac_ros-dev/install/multisense_lib/bin/ChangeResolution
[4.165s] -- Up-to-date: /workspaces/isaac_ros-dev/install/multisense_lib/bin/ChangeTransmitDelay
[4.169s] -- Up-to-date: /workspaces/isaac_ros-dev/install/multisense_lib/bin/DirectedStreamsUtility
[4.172s] -- Up-to-date: /workspaces/isaac_ros-dev/install/multisense_lib/bin/DeviceInfoUtility
[4.176s] -- Up-to-date: /workspaces/isaac_ros-dev/install/multisense_lib/bin/ExternalCalUtility
[4.178s] -- Up-to-date: /workspaces/isaac_ros-dev/install/multisense_lib/bin/MultiSenseUpdater
[4.180s] -- Up-to-date: /workspaces/isaac_ros-dev/install/multisense_lib/bin/FlashUtility
[4.184s] -- Up-to-date: /workspaces/isaac_ros-dev/install/multisense_lib/bin/ImageCalUtility
[4.187s] -- Up-to-date: /workspaces/isaac_ros-dev/install/multisense_lib/bin/ImuConfigUtility
[4.190s] -- Up-to-date: /workspaces/isaac_ros-dev/install/multisense_lib/bin/ImuTestUtility
[4.192s] -- Up-to-date: /workspaces/isaac_ros-dev/install/multisense_lib/bin/LidarCalUtility
[4.195s] -- Up-to-date: /workspaces/isaac_ros-dev/install/multisense_lib/bin/PointCloudUtility
[4.198s] -- Up-to-date: /workspaces/isaac_ros-dev/install/multisense_lib/bin/ColorImageUtility
[4.204s] -- Up-to-date: /workspaces/isaac_ros-dev/install/multisense_lib/bin/SaveImageUtility
[4.206s] -- Up-to-date: /workspaces/isaac_ros-dev/install/multisense_lib/bin/SensorCalUtility
[4.211s] -- Up-to-date: /workspaces/isaac_ros-dev/install/multisense_lib/bin/VersionInfoUtility
[4.236s] Invoked command in '/workspaces/isaac_ros-dev/build/multisense_lib' returned '0': CMAKE_PREFIX_PATH=/workspaces/isaac_ros-dev/install/yolov8_bringup:/workspaces/isaac_ros-dev/install/multisense_ros:/workspaces/isaac_ros-dev/install/xacro:/workspaces/isaac_ros-dev/install/vision_msgs_rviz_plugins:/workspaces/isaac_ros-dev/install/vision_msgs:/workspaces/isaac_ros-dev/install/velodyne:/workspaces/isaac_ros-dev/install/velodyne_pointcloud:/workspaces/isaac_ros-dev/install/velodyne_driver:/workspaces/isaac_ros-dev/install/velodyne_msgs:/workspaces/isaac_ros-dev/install/velodyne_laserscan:/workspaces/isaac_ros-dev/install/vectornav:/workspaces/isaac_ros-dev/install/sdv_localization:/workspaces/isaac_ros-dev/install/vectornav_msgs:/workspaces/isaac_ros-dev/install/slam_toolbox:/workspaces/isaac_ros-dev/install/sdv_msg:/workspaces/isaac_ros-dev/install/sdv_localization_msgs:/workspaces/isaac_ros-dev/install/pointcloud_to_laserscan:/workspaces/isaac_ros-dev/install/my_package:/workspaces/isaac_ros-dev/install/multisense_msgs:/workspaces/isaac_ros-dev/install/multisense_lib:/workspaces/isaac_ros-dev/install/isaac_ros_visual_slam:/workspaces/isaac_ros-dev/install/isaac_ros_visual_slam_interfaces:/workspaces/isaac_ros-dev/install/isaac_ros_tensor_list_interfaces:/workspaces/isaac_ros-dev/install/isaac_ros_common:/workspaces/isaac_ros-dev/install/isaac_ros_bi3d_interfaces:/workspaces/isaac_ros-dev/install/isaac_ros_apriltag_interfaces:/workspaces/isaac_ros-dev/install/yolov8_ros:/workspaces/isaac_ros-dev/install/xbox_controller:/workspaces/isaac_ros-dev/install/panel:/workspaces/isaac_ros-dev/install/isaac_ros_test:/workspaces/isaac_ros-dev/install/encoder:/opt/ros/humble/install /usr/bin/cmake --install /workspaces/isaac_ros-dev/build/multisense_lib
