[0.536s] Invoking command in '/workspaces/isaac_ros-dev/build/vision_msgs': CMAKE_PREFIX_PATH=/workspaces/isaac_ros-dev/install/yolov8_bringup:/workspaces/isaac_ros-dev/install/multisense_ros:/workspaces/isaac_ros-dev/install/xacro:/workspaces/isaac_ros-dev/install/vision_msgs_rviz_plugins:/workspaces/isaac_ros-dev/install/vision_msgs:/workspaces/isaac_ros-dev/install/velodyne:/workspaces/isaac_ros-dev/install/velodyne_pointcloud:/workspaces/isaac_ros-dev/install/velodyne_driver:/workspaces/isaac_ros-dev/install/velodyne_msgs:/workspaces/isaac_ros-dev/install/velodyne_laserscan:/workspaces/isaac_ros-dev/install/vectornav:/workspaces/isaac_ros-dev/install/sdv_localization:/workspaces/isaac_ros-dev/install/vectornav_msgs:/workspaces/isaac_ros-dev/install/slam_toolbox:/workspaces/isaac_ros-dev/install/sdv_msg:/workspaces/isaac_ros-dev/install/sdv_localization_msgs:/workspaces/isaac_ros-dev/install/pointcloud_to_laserscan:/workspaces/isaac_ros-dev/install/my_package:/workspaces/isaac_ros-dev/install/multisense_msgs:/workspaces/isaac_ros-dev/install/multisense_lib:/workspaces/isaac_ros-dev/install/isaac_ros_visual_slam:/workspaces/isaac_ros-dev/install/isaac_ros_visual_slam_interfaces:/workspaces/isaac_ros-dev/install/isaac_ros_tensor_list_interfaces:/workspaces/isaac_ros-dev/install/isaac_ros_common:/workspaces/isaac_ros-dev/install/isaac_ros_bi3d_interfaces:/workspaces/isaac_ros-dev/install/isaac_ros_apriltag_interfaces:/workspaces/isaac_ros-dev/install/yolov8_ros:/workspaces/isaac_ros-dev/install/xbox_controller:/workspaces/isaac_ros-dev/install/panel:/workspaces/isaac_ros-dev/install/isaac_ros_test:/workspaces/isaac_ros-dev/install/encoder:/opt/ros/humble/install /usr/bin/cmake --build /workspaces/isaac_ros-dev/build/vision_msgs -- -j8 -l8
[0.831s] [  1%] Built target vision_msgs__cpp
[0.832s] [ 13%] Built target vision_msgs__rosidl_generator_c
[0.881s] [ 14%] Built target gtest_main
[0.890s] [ 15%] Built target gtest
[0.915s] [ 15%] Built target ament_cmake_python_copy_vision_msgs
[1.057s] [ 27%] Built target vision_msgs__rosidl_typesupport_cpp
[1.067s] [ 38%] Built target vision_msgs__rosidl_typesupport_introspection_cpp
[1.073s] [ 49%] Built target vision_msgs__rosidl_typesupport_fastrtps_cpp
[1.110s] [ 60%] Built target vision_msgs__rosidl_typesupport_c
[1.130s] [ 71%] Built target vision_msgs__rosidl_typesupport_introspection_c
[1.256s] [ 82%] Built target vision_msgs__rosidl_typesupport_fastrtps_c
[1.440s] [ 82%] Built target vision_msgs
[1.620s] [ 84%] Built target vision_msgs_test
[1.746s] [ 84%] Built target vision_msgs__py
[1.861s] [ 95%] Built target vision_msgs__rosidl_generator_py
[2.087s] [ 97%] Built target vision_msgs__rosidl_typesupport_fastrtps_c__pyext
[2.155s] [100%] Built target vision_msgs__rosidl_typesupport_c__pyext
[2.156s] [100%] Built target vision_msgs__rosidl_typesupport_introspection_c__pyext
[3.428s] running egg_info
[3.503s] writing vision_msgs.egg-info/PKG-INFO
[3.504s] writing dependency_links to vision_msgs.egg-info/dependency_links.txt
[3.505s] writing top-level names to vision_msgs.egg-info/top_level.txt
[3.730s] reading manifest file 'vision_msgs.egg-info/SOURCES.txt'
[3.733s] writing manifest file 'vision_msgs.egg-info/SOURCES.txt'
[3.911s] [100%] Built target ament_cmake_python_build_vision_msgs_egg
[5.762s] Invoked command in '/workspaces/isaac_ros-dev/build/vision_msgs' returned '0': CMAKE_PREFIX_PATH=/workspaces/isaac_ros-dev/install/yolov8_bringup:/workspaces/isaac_ros-dev/install/multisense_ros:/workspaces/isaac_ros-dev/install/xacro:/workspaces/isaac_ros-dev/install/vision_msgs_rviz_plugins:/workspaces/isaac_ros-dev/install/vision_msgs:/workspaces/isaac_ros-dev/install/velodyne:/workspaces/isaac_ros-dev/install/velodyne_pointcloud:/workspaces/isaac_ros-dev/install/velodyne_driver:/workspaces/isaac_ros-dev/install/velodyne_msgs:/workspaces/isaac_ros-dev/install/velodyne_laserscan:/workspaces/isaac_ros-dev/install/vectornav:/workspaces/isaac_ros-dev/install/sdv_localization:/workspaces/isaac_ros-dev/install/vectornav_msgs:/workspaces/isaac_ros-dev/install/slam_toolbox:/workspaces/isaac_ros-dev/install/sdv_msg:/workspaces/isaac_ros-dev/install/sdv_localization_msgs:/workspaces/isaac_ros-dev/install/pointcloud_to_laserscan:/workspaces/isaac_ros-dev/install/my_package:/workspaces/isaac_ros-dev/install/multisense_msgs:/workspaces/isaac_ros-dev/install/multisense_lib:/workspaces/isaac_ros-dev/install/isaac_ros_visual_slam:/workspaces/isaac_ros-dev/install/isaac_ros_visual_slam_interfaces:/workspaces/isaac_ros-dev/install/isaac_ros_tensor_list_interfaces:/workspaces/isaac_ros-dev/install/isaac_ros_common:/workspaces/isaac_ros-dev/install/isaac_ros_bi3d_interfaces:/workspaces/isaac_ros-dev/install/isaac_ros_apriltag_interfaces:/workspaces/isaac_ros-dev/install/yolov8_ros:/workspaces/isaac_ros-dev/install/xbox_controller:/workspaces/isaac_ros-dev/install/panel:/workspaces/isaac_ros-dev/install/isaac_ros_test:/workspaces/isaac_ros-dev/install/encoder:/opt/ros/humble/install /usr/bin/cmake --build /workspaces/isaac_ros-dev/build/vision_msgs -- -j8 -l8
[14.050s] Invoking command in '/workspaces/isaac_ros-dev/build/vision_msgs': CMAKE_PREFIX_PATH=/workspaces/isaac_ros-dev/install/yolov8_bringup:/workspaces/isaac_ros-dev/install/multisense_ros:/workspaces/isaac_ros-dev/install/xacro:/workspaces/isaac_ros-dev/install/vision_msgs_rviz_plugins:/workspaces/isaac_ros-dev/install/vision_msgs:/workspaces/isaac_ros-dev/install/velodyne:/workspaces/isaac_ros-dev/install/velodyne_pointcloud:/workspaces/isaac_ros-dev/install/velodyne_driver:/workspaces/isaac_ros-dev/install/velodyne_msgs:/workspaces/isaac_ros-dev/install/velodyne_laserscan:/workspaces/isaac_ros-dev/install/vectornav:/workspaces/isaac_ros-dev/install/sdv_localization:/workspaces/isaac_ros-dev/install/vectornav_msgs:/workspaces/isaac_ros-dev/install/slam_toolbox:/workspaces/isaac_ros-dev/install/sdv_msg:/workspaces/isaac_ros-dev/install/sdv_localization_msgs:/workspaces/isaac_ros-dev/install/pointcloud_to_laserscan:/workspaces/isaac_ros-dev/install/my_package:/workspaces/isaac_ros-dev/install/multisense_msgs:/workspaces/isaac_ros-dev/install/multisense_lib:/workspaces/isaac_ros-dev/install/isaac_ros_visual_slam:/workspaces/isaac_ros-dev/install/isaac_ros_visual_slam_interfaces:/workspaces/isaac_ros-dev/install/isaac_ros_tensor_list_interfaces:/workspaces/isaac_ros-dev/install/isaac_ros_common:/workspaces/isaac_ros-dev/install/isaac_ros_bi3d_interfaces:/workspaces/isaac_ros-dev/install/isaac_ros_apriltag_interfaces:/workspaces/isaac_ros-dev/install/yolov8_ros:/workspaces/isaac_ros-dev/install/xbox_controller:/workspaces/isaac_ros-dev/install/panel:/workspaces/isaac_ros-dev/install/isaac_ros_test:/workspaces/isaac_ros-dev/install/encoder:/opt/ros/humble/install /usr/bin/cmake --install /workspaces/isaac_ros-dev/build/vision_msgs
[14.346s] -- Install configuration: ""
[14.347s] -- Up-to-date: /workspaces/isaac_ros-dev/install/vision_msgs/share/ament_index/resource_index/rosidl_interfaces/vision_msgs
[14.348s] -- Up-to-date: /workspaces/isaac_ros-dev/install/vision_msgs/include/vision_msgs/vision_msgs
[14.349s] -- Up-to-date: /workspaces/isaac_ros-dev/install/vision_msgs/include/vision_msgs/vision_msgs/msg
[14.349s] -- Up-to-date: /workspaces/isaac_ros-dev/install/vision_msgs/include/vision_msgs/vision_msgs/msg/bounding_box2_d.h
[14.355s] -- Up-to-date: /workspaces/isaac_ros-dev/install/vision_msgs/include/vision_msgs/vision_msgs/msg/rosidl_generator_c__visibility_control.h
[14.356s] -- Up-to-date: /workspaces/isaac_ros-dev/install/vision_msgs/include/vision_msgs/vision_msgs/msg/bounding_box3_d_array.h
[14.357s] -- Up-to-date: /workspaces/isaac_ros-dev/install/vision_msgs/include/vision_msgs/vision_msgs/msg/detection3_d_array.h
[14.357s] -- Up-to-date: /workspaces/isaac_ros-dev/install/vision_msgs/include/vision_msgs/vision_msgs/msg/vision_info.h
[14.358s] -- Up-to-date: /workspaces/isaac_ros-dev/install/vision_msgs/include/vision_msgs/vision_msgs/msg/detection2_d_array.h
[14.358s] -- Up-to-date: /workspaces/isaac_ros-dev/install/vision_msgs/include/vision_msgs/vision_msgs/msg/detection3_d.h
[14.358s] -- Up-to-date: /workspaces/isaac_ros-dev/install/vision_msgs/include/vision_msgs/vision_msgs/msg/detection2_d.h
[14.359s] -- Up-to-date: /workspaces/isaac_ros-dev/install/vision_msgs/include/vision_msgs/vision_msgs/msg/bounding_box3_d.h
[14.359s] -- Up-to-date: /workspaces/isaac_ros-dev/install/vision_msgs/include/vision_msgs/vision_msgs/msg/pose2_d.h
[14.359s] -- Up-to-date: /workspaces/isaac_ros-dev/install/vision_msgs/include/vision_msgs/vision_msgs/msg/label_info.h
[14.360s] -- Up-to-date: /workspaces/isaac_ros-dev/install/vision_msgs/include/vision_msgs/vision_msgs/msg/vision_class.h
[14.360s] -- Up-to-date: /workspaces/isaac_ros-dev/install/vision_msgs/include/vision_msgs/vision_msgs/msg/detail
[14.360s] -- Up-to-date: /workspaces/isaac_ros-dev/install/vision_msgs/include/vision_msgs/vision_msgs/msg/detail/detection3_d_array__struct.h
[14.360s] -- Up-to-date: /workspaces/isaac_ros-dev/install/vision_msgs/include/vision_msgs/vision_msgs/msg/detail/detection3_d__type_support.h
[14.361s] -- Up-to-date: /workspaces/isaac_ros-dev/install/vision_msgs/include/vision_msgs/vision_msgs/msg/detail/classification__type_support.h
[14.361s] -- Up-to-date: /workspaces/isaac_ros-dev/install/vision_msgs/include/vision_msgs/vision_msgs/msg/detail/vision_class__type_support.h
[14.362s] -- Up-to-date: /workspaces/isaac_ros-dev/install/vision_msgs/include/vision_msgs/vision_msgs/msg/detail/vision_info__functions.h
[14.362s] -- Up-to-date: /workspaces/isaac_ros-dev/install/vision_msgs/include/vision_msgs/vision_msgs/msg/detail/bounding_box2_d_array__type_support.h
[14.362s] -- Up-to-date: /workspaces/isaac_ros-dev/install/vision_msgs/include/vision_msgs/vision_msgs/msg/detail/classification__struct.h
[14.363s] -- Up-to-date: /workspaces/isaac_ros-dev/install/vision_msgs/include/vision_msgs/vision_msgs/msg/detail/detection2_d__type_support.h
[14.363s] -- Up-to-date: /workspaces/isaac_ros-dev/install/vision_msgs/include/vision_msgs/vision_msgs/msg/detail/object_hypothesis_with_pose__functions.c
[14.363s] -- Up-to-date: /workspaces/isaac_ros-dev/install/vision_msgs/include/vision_msgs/vision_msgs/msg/detail/detection2_d__functions.h
[14.363s] -- Up-to-date: /workspaces/isaac_ros-dev/install/vision_msgs/include/vision_msgs/vision_msgs/msg/detail/bounding_box2_d_array__functions.c
[14.364s] -- Up-to-date: /workspaces/isaac_ros-dev/install/vision_msgs/include/vision_msgs/vision_msgs/msg/detail/detection2_d__functions.c
[14.364s] -- Up-to-date: /workspaces/isaac_ros-dev/install/vision_msgs/include/vision_msgs/vision_msgs/msg/detail/bounding_box3_d_array__struct.h
[14.364s] -- Up-to-date: /workspaces/isaac_ros-dev/install/vision_msgs/include/vision_msgs/vision_msgs/msg/detail/detection3_d_array__functions.h
[14.365s] -- Up-to-date: /workspaces/isaac_ros-dev/install/vision_msgs/include/vision_msgs/vision_msgs/msg/detail/point2_d__struct.h
[14.365s] -- Up-to-date: /workspaces/isaac_ros-dev/install/vision_msgs/include/vision_msgs/vision_msgs/msg/detail/label_info__functions.h
[14.366s] -- Up-to-date: /workspaces/isaac_ros-dev/install/vision_msgs/include/vision_msgs/vision_msgs/msg/detail/label_info__struct.h
[14.368s] -- Up-to-date: /workspaces/isaac_ros-dev/install/vision_msgs/include/vision_msgs/vision_msgs/msg/detail/label_info__type_support.h
[14.368s] -- Up-to-date: /workspaces/isaac_ros-dev/install/vision_msgs/include/vision_msgs/vision_msgs/msg/detail/bounding_box2_d__functions.h
[14.368s] -- Up-to-date: /workspaces/isaac_ros-dev/install/vision_msgs/include/vision_msgs/vision_msgs/msg/detail/detection2_d_array__struct.h
[14.368s] -- Up-to-date: /workspaces/isaac_ros-dev/install/vision_msgs/include/vision_msgs/vision_msgs/msg/detail/point2_d__functions.h
[14.369s] -- Up-to-date: /workspaces/isaac_ros-dev/install/vision_msgs/include/vision_msgs/vision_msgs/msg/detail/point2_d__type_support.h
[14.369s] -- Up-to-date: /workspaces/isaac_ros-dev/install/vision_msgs/include/vision_msgs/vision_msgs/msg/detail/object_hypothesis__functions.c
[14.369s] -- Up-to-date: /workspaces/isaac_ros-dev/install/vision_msgs/include/vision_msgs/vision_msgs/msg/detail/object_hypothesis__functions.h
[14.369s] -- Up-to-date: /workspaces/isaac_ros-dev/install/vision_msgs/include/vision_msgs/vision_msgs/msg/detail/bounding_box2_d__struct.h
[14.370s] -- Up-to-date: /workspaces/isaac_ros-dev/install/vision_msgs/include/vision_msgs/vision_msgs/msg/detail/vision_info__functions.c
[14.370s] -- Up-to-date: /workspaces/isaac_ros-dev/install/vision_msgs/include/vision_msgs/vision_msgs/msg/detail/detection3_d_array__functions.c
[14.371s] -- Up-to-date: /workspaces/isaac_ros-dev/install/vision_msgs/include/vision_msgs/vision_msgs/msg/detail/vision_info__type_support.h
[14.371s] -- Up-to-date: /workspaces/isaac_ros-dev/install/vision_msgs/include/vision_msgs/vision_msgs/msg/detail/detection2_d_array__functions.h
[14.371s] -- Up-to-date: /workspaces/isaac_ros-dev/install/vision_msgs/include/vision_msgs/vision_msgs/msg/detail/classification__functions.h
[14.372s] -- Up-to-date: /workspaces/isaac_ros-dev/install/vision_msgs/include/vision_msgs/vision_msgs/msg/detail/classification__functions.c
[14.372s] -- Up-to-date: /workspaces/isaac_ros-dev/install/vision_msgs/include/vision_msgs/vision_msgs/msg/detail/detection3_d_array__type_support.h
[14.372s] -- Up-to-date: /workspaces/isaac_ros-dev/install/vision_msgs/include/vision_msgs/vision_msgs/msg/detail/detection3_d__functions.c
[14.372s] -- Up-to-date: /workspaces/isaac_ros-dev/install/vision_msgs/include/vision_msgs/vision_msgs/msg/detail/object_hypothesis_with_pose__type_support.h
[14.373s] -- Up-to-date: /workspaces/isaac_ros-dev/install/vision_msgs/include/vision_msgs/vision_msgs/msg/detail/pose2_d__struct.h
[14.373s] -- Up-to-date: /workspaces/isaac_ros-dev/install/vision_msgs/include/vision_msgs/vision_msgs/msg/detail/bounding_box2_d_array__functions.h
[14.374s] -- Up-to-date: /workspaces/isaac_ros-dev/install/vision_msgs/include/vision_msgs/vision_msgs/msg/detail/vision_class__functions.h
[14.375s] -- Up-to-date: /workspaces/isaac_ros-dev/install/vision_msgs/include/vision_msgs/vision_msgs/msg/detail/pose2_d__functions.c
[14.376s] -- Up-to-date: /workspaces/isaac_ros-dev/install/vision_msgs/include/vision_msgs/vision_msgs/msg/detail/bounding_box2_d_array__struct.h
[14.376s] -- Up-to-date: /workspaces/isaac_ros-dev/install/vision_msgs/include/vision_msgs/vision_msgs/msg/detail/pose2_d__functions.h
[14.377s] -- Up-to-date: /workspaces/isaac_ros-dev/install/vision_msgs/include/vision_msgs/vision_msgs/msg/detail/object_hypothesis_with_pose__struct.h
[14.377s] -- Up-to-date: /workspaces/isaac_ros-dev/install/vision_msgs/include/vision_msgs/vision_msgs/msg/detail/object_hypothesis__struct.h
[14.378s] -- Up-to-date: /workspaces/isaac_ros-dev/install/vision_msgs/include/vision_msgs/vision_msgs/msg/detail/detection2_d_array__functions.c
[14.378s] -- Up-to-date: /workspaces/isaac_ros-dev/install/vision_msgs/include/vision_msgs/vision_msgs/msg/detail/bounding_box3_d_array__functions.h
[14.379s] -- Up-to-date: /workspaces/isaac_ros-dev/install/vision_msgs/include/vision_msgs/vision_msgs/msg/detail/bounding_box3_d__functions.h
[14.379s] -- Up-to-date: /workspaces/isaac_ros-dev/install/vision_msgs/include/vision_msgs/vision_msgs/msg/detail/vision_class__struct.h
[14.380s] -- Up-to-date: /workspaces/isaac_ros-dev/install/vision_msgs/include/vision_msgs/vision_msgs/msg/detail/bounding_box3_d__functions.c
[14.380s] -- Up-to-date: /workspaces/isaac_ros-dev/install/vision_msgs/include/vision_msgs/vision_msgs/msg/detail/bounding_box3_d_array__type_support.h
[14.380s] -- Up-to-date: /workspaces/isaac_ros-dev/install/vision_msgs/include/vision_msgs/vision_msgs/msg/detail/bounding_box3_d__type_support.h
[14.381s] -- Up-to-date: /workspaces/isaac_ros-dev/install/vision_msgs/include/vision_msgs/vision_msgs/msg/detail/bounding_box2_d__functions.c
[14.381s] -- Up-to-date: /workspaces/isaac_ros-dev/install/vision_msgs/include/vision_msgs/vision_msgs/msg/detail/detection2_d_array__type_support.h
[14.382s] -- Up-to-date: /workspaces/isaac_ros-dev/install/vision_msgs/include/vision_msgs/vision_msgs/msg/detail/point2_d__functions.c
[14.382s] -- Up-to-date: /workspaces/isaac_ros-dev/install/vision_msgs/include/vision_msgs/vision_msgs/msg/detail/label_info__functions.c
[14.383s] -- Up-to-date: /workspaces/isaac_ros-dev/install/vision_msgs/include/vision_msgs/vision_msgs/msg/detail/pose2_d__type_support.h
[14.383s] -- Up-to-date: /workspaces/isaac_ros-dev/install/vision_msgs/include/vision_msgs/vision_msgs/msg/detail/bounding_box3_d__struct.h
[14.383s] -- Up-to-date: /workspaces/isaac_ros-dev/install/vision_msgs/include/vision_msgs/vision_msgs/msg/detail/vision_info__struct.h
[14.384s] -- Up-to-date: /workspaces/isaac_ros-dev/install/vision_msgs/include/vision_msgs/vision_msgs/msg/detail/detection2_d__struct.h
[14.386s] -- Up-to-date: /workspaces/isaac_ros-dev/install/vision_msgs/include/vision_msgs/vision_msgs/msg/detail/detection3_d__struct.h
[14.387s] -- Up-to-date: /workspaces/isaac_ros-dev/install/vision_msgs/include/vision_msgs/vision_msgs/msg/detail/vision_class__functions.c
[14.387s] -- Up-to-date: /workspaces/isaac_ros-dev/install/vision_msgs/include/vision_msgs/vision_msgs/msg/detail/bounding_box3_d_array__functions.c
[14.388s] -- Up-to-date: /workspaces/isaac_ros-dev/install/vision_msgs/include/vision_msgs/vision_msgs/msg/detail/bounding_box2_d__type_support.h
[14.388s] -- Up-to-date: /workspaces/isaac_ros-dev/install/vision_msgs/include/vision_msgs/vision_msgs/msg/detail/object_hypothesis__type_support.h
[14.389s] -- Up-to-date: /workspaces/isaac_ros-dev/install/vision_msgs/include/vision_msgs/vision_msgs/msg/detail/detection3_d__functions.h
[14.389s] -- Up-to-date: /workspaces/isaac_ros-dev/install/vision_msgs/include/vision_msgs/vision_msgs/msg/detail/object_hypothesis_with_pose__functions.h
[14.390s] -- Up-to-date: /workspaces/isaac_ros-dev/install/vision_msgs/include/vision_msgs/vision_msgs/msg/object_hypothesis.h
[14.390s] -- Up-to-date: /workspaces/isaac_ros-dev/install/vision_msgs/include/vision_msgs/vision_msgs/msg/object_hypothesis_with_pose.h
[14.390s] -- Up-to-date: /workspaces/isaac_ros-dev/install/vision_msgs/include/vision_msgs/vision_msgs/msg/point2_d.h
[14.391s] -- Up-to-date: /workspaces/isaac_ros-dev/install/vision_msgs/include/vision_msgs/vision_msgs/msg/bounding_box2_d_array.h
[14.391s] -- Up-to-date: /workspaces/isaac_ros-dev/install/vision_msgs/include/vision_msgs/vision_msgs/msg/classification.h
[14.392s] -- Up-to-date: /workspaces/isaac_ros-dev/install/vision_msgs/share/vision_msgs/environment/library_path.sh
[14.392s] -- Up-to-date: /workspaces/isaac_ros-dev/install/vision_msgs/share/vision_msgs/environment/library_path.dsv
[14.393s] -- Up-to-date: /workspaces/isaac_ros-dev/install/vision_msgs/lib/libvision_msgs__rosidl_generator_c.so
[14.393s] -- Up-to-date: /workspaces/isaac_ros-dev/install/vision_msgs/include/vision_msgs/vision_msgs
[14.394s] -- Up-to-date: /workspaces/isaac_ros-dev/install/vision_msgs/include/vision_msgs/vision_msgs/msg
[14.394s] -- Up-to-date: /workspaces/isaac_ros-dev/install/vision_msgs/include/vision_msgs/vision_msgs/msg/rosidl_typesupport_fastrtps_c__visibility_control.h
[14.395s] -- Up-to-date: /workspaces/isaac_ros-dev/install/vision_msgs/include/vision_msgs/vision_msgs/msg/detail
[14.395s] -- Up-to-date: /workspaces/isaac_ros-dev/install/vision_msgs/include/vision_msgs/vision_msgs/msg/detail/detection3_d__rosidl_typesupport_fastrtps_c.h
[14.396s] -- Up-to-date: /workspaces/isaac_ros-dev/install/vision_msgs/include/vision_msgs/vision_msgs/msg/detail/detection2_d_array__rosidl_typesupport_fastrtps_c.h
[14.396s] -- Up-to-date: /workspaces/isaac_ros-dev/install/vision_msgs/include/vision_msgs/vision_msgs/msg/detail/object_hypothesis_with_pose__rosidl_typesupport_fastrtps_c.h
[14.396s] -- Up-to-date: /workspaces/isaac_ros-dev/install/vision_msgs/include/vision_msgs/vision_msgs/msg/detail/detection2_d__rosidl_typesupport_fastrtps_c.h
[14.397s] -- Up-to-date: /workspaces/isaac_ros-dev/install/vision_msgs/include/vision_msgs/vision_msgs/msg/detail/bounding_box2_d_array__rosidl_typesupport_fastrtps_c.h
[14.397s] -- Up-to-date: /workspaces/isaac_ros-dev/install/vision_msgs/include/vision_msgs/vision_msgs/msg/detail/classification__rosidl_typesupport_fastrtps_c.h
[14.397s] -- Up-to-date: /workspaces/isaac_ros-dev/install/vision_msgs/include/vision_msgs/vision_msgs/msg/detail/bounding_box3_d_array__rosidl_typesupport_fastrtps_c.h
[14.397s] -- Up-to-date: /workspaces/isaac_ros-dev/install/vision_msgs/include/vision_msgs/vision_msgs/msg/detail/label_info__rosidl_typesupport_fastrtps_c.h
[14.398s] -- Up-to-date: /workspaces/isaac_ros-dev/install/vision_msgs/include/vision_msgs/vision_msgs/msg/detail/bounding_box2_d__rosidl_typesupport_fastrtps_c.h
[14.398s] -- Up-to-date: /workspaces/isaac_ros-dev/install/vision_msgs/include/vision_msgs/vision_msgs/msg/detail/point2_d__rosidl_typesupport_fastrtps_c.h
[14.399s] -- Up-to-date: /workspaces/isaac_ros-dev/install/vision_msgs/include/vision_msgs/vision_msgs/msg/detail/pose2_d__rosidl_typesupport_fastrtps_c.h
[14.399s] -- Up-to-date: /workspaces/isaac_ros-dev/install/vision_msgs/include/vision_msgs/vision_msgs/msg/detail/bounding_box3_d__rosidl_typesupport_fastrtps_c.h
[14.400s] -- Up-to-date: /workspaces/isaac_ros-dev/install/vision_msgs/include/vision_msgs/vision_msgs/msg/detail/vision_info__rosidl_typesupport_fastrtps_c.h
[14.400s] -- Up-to-date: /workspaces/isaac_ros-dev/install/vision_msgs/include/vision_msgs/vision_msgs/msg/detail/vision_class__rosidl_typesupport_fastrtps_c.h
[14.401s] -- Up-to-date: /workspaces/isaac_ros-dev/install/vision_msgs/include/vision_msgs/vision_msgs/msg/detail/detection3_d_array__rosidl_typesupport_fastrtps_c.h
[14.401s] -- Up-to-date: /workspaces/isaac_ros-dev/install/vision_msgs/include/vision_msgs/vision_msgs/msg/detail/object_hypothesis__rosidl_typesupport_fastrtps_c.h
[14.401s] -- Up-to-date: /workspaces/isaac_ros-dev/install/vision_msgs/lib/libvision_msgs__rosidl_typesupport_fastrtps_c.so
[14.402s] -- Up-to-date: /workspaces/isaac_ros-dev/install/vision_msgs/include/vision_msgs/vision_msgs
[14.403s] -- Up-to-date: /workspaces/isaac_ros-dev/install/vision_msgs/include/vision_msgs/vision_msgs/msg
[14.403s] -- Up-to-date: /workspaces/isaac_ros-dev/install/vision_msgs/include/vision_msgs/vision_msgs/msg/label_info.hpp
[14.404s] -- Up-to-date: /workspaces/isaac_ros-dev/install/vision_msgs/include/vision_msgs/vision_msgs/msg/bounding_box3_d.hpp
[14.404s] -- Up-to-date: /workspaces/isaac_ros-dev/install/vision_msgs/include/vision_msgs/vision_msgs/msg/bounding_box2_d.hpp
[14.405s] -- Up-to-date: /workspaces/isaac_ros-dev/install/vision_msgs/include/vision_msgs/vision_msgs/msg/vision_info.hpp
[14.405s] -- Up-to-date: /workspaces/isaac_ros-dev/install/vision_msgs/include/vision_msgs/vision_msgs/msg/detection3_d.hpp
[14.406s] -- Up-to-date: /workspaces/isaac_ros-dev/install/vision_msgs/include/vision_msgs/vision_msgs/msg/object_hypothesis_with_pose.hpp
[14.407s] -- Up-to-date: /workspaces/isaac_ros-dev/install/vision_msgs/include/vision_msgs/vision_msgs/msg/detection3_d_array.hpp
[14.407s] -- Up-to-date: /workspaces/isaac_ros-dev/install/vision_msgs/include/vision_msgs/vision_msgs/msg/pose2_d.hpp
[14.411s] -- Up-to-date: /workspaces/isaac_ros-dev/install/vision_msgs/include/vision_msgs/vision_msgs/msg/bounding_box3_d_array.hpp
[14.412s] -- Up-to-date: /workspaces/isaac_ros-dev/install/vision_msgs/include/vision_msgs/vision_msgs/msg/object_hypothesis.hpp
[14.413s] -- Up-to-date: /workspaces/isaac_ros-dev/install/vision_msgs/include/vision_msgs/vision_msgs/msg/detail
[14.414s] -- Up-to-date: /workspaces/isaac_ros-dev/install/vision_msgs/include/vision_msgs/vision_msgs/msg/detail/detection2_d_array__traits.hpp
[14.414s] -- Up-to-date: /workspaces/isaac_ros-dev/install/vision_msgs/include/vision_msgs/vision_msgs/msg/detail/pose2_d__traits.hpp
[14.415s] -- Up-to-date: /workspaces/isaac_ros-dev/install/vision_msgs/include/vision_msgs/vision_msgs/msg/detail/point2_d__struct.hpp
[14.415s] -- Up-to-date: /workspaces/isaac_ros-dev/install/vision_msgs/include/vision_msgs/vision_msgs/msg/detail/pose2_d__struct.hpp
[14.416s] -- Up-to-date: /workspaces/isaac_ros-dev/install/vision_msgs/include/vision_msgs/vision_msgs/msg/detail/bounding_box2_d_array__traits.hpp
[14.416s] -- Up-to-date: /workspaces/isaac_ros-dev/install/vision_msgs/include/vision_msgs/vision_msgs/msg/detail/vision_info__struct.hpp
[14.417s] -- Up-to-date: /workspaces/isaac_ros-dev/install/vision_msgs/include/vision_msgs/vision_msgs/msg/detail/detection3_d_array__traits.hpp
[14.417s] -- Up-to-date: /workspaces/isaac_ros-dev/install/vision_msgs/include/vision_msgs/vision_msgs/msg/detail/object_hypothesis_with_pose__builder.hpp
[14.418s] -- Up-to-date: /workspaces/isaac_ros-dev/install/vision_msgs/include/vision_msgs/vision_msgs/msg/detail/pose2_d__builder.hpp
[14.418s] -- Up-to-date: /workspaces/isaac_ros-dev/install/vision_msgs/include/vision_msgs/vision_msgs/msg/detail/bounding_box3_d_array__builder.hpp
[14.419s] -- Up-to-date: /workspaces/isaac_ros-dev/install/vision_msgs/include/vision_msgs/vision_msgs/msg/detail/label_info__struct.hpp
[14.419s] -- Up-to-date: /workspaces/isaac_ros-dev/install/vision_msgs/include/vision_msgs/vision_msgs/msg/detail/detection2_d__struct.hpp
[14.419s] -- Up-to-date: /workspaces/isaac_ros-dev/install/vision_msgs/include/vision_msgs/vision_msgs/msg/detail/classification__builder.hpp
[14.420s] -- Up-to-date: /workspaces/isaac_ros-dev/install/vision_msgs/include/vision_msgs/vision_msgs/msg/detail/bounding_box3_d__struct.hpp
[14.420s] -- Up-to-date: /workspaces/isaac_ros-dev/install/vision_msgs/include/vision_msgs/vision_msgs/msg/detail/bounding_box2_d_array__builder.hpp
[14.420s] -- Up-to-date: /workspaces/isaac_ros-dev/install/vision_msgs/include/vision_msgs/vision_msgs/msg/detail/detection3_d_array__struct.hpp
[14.421s] -- Up-to-date: /workspaces/isaac_ros-dev/install/vision_msgs/include/vision_msgs/vision_msgs/msg/detail/label_info__traits.hpp
[14.422s] -- Up-to-date: /workspaces/isaac_ros-dev/install/vision_msgs/include/vision_msgs/vision_msgs/msg/detail/vision_class__builder.hpp
[14.422s] -- Up-to-date: /workspaces/isaac_ros-dev/install/vision_msgs/include/vision_msgs/vision_msgs/msg/detail/label_info__builder.hpp
[14.422s] -- Up-to-date: /workspaces/isaac_ros-dev/install/vision_msgs/include/vision_msgs/vision_msgs/msg/detail/detection3_d__traits.hpp
[14.422s] -- Up-to-date: /workspaces/isaac_ros-dev/install/vision_msgs/include/vision_msgs/vision_msgs/msg/detail/detection2_d__traits.hpp
[14.423s] -- Up-to-date: /workspaces/isaac_ros-dev/install/vision_msgs/include/vision_msgs/vision_msgs/msg/detail/vision_info__builder.hpp
[14.423s] -- Up-to-date: /workspaces/isaac_ros-dev/install/vision_msgs/include/vision_msgs/vision_msgs/msg/detail/bounding_box2_d_array__struct.hpp
[14.423s] -- Up-to-date: /workspaces/isaac_ros-dev/install/vision_msgs/include/vision_msgs/vision_msgs/msg/detail/object_hypothesis_with_pose__traits.hpp
[14.423s] -- Up-to-date: /workspaces/isaac_ros-dev/install/vision_msgs/include/vision_msgs/vision_msgs/msg/detail/bounding_box3_d__builder.hpp
[14.424s] -- Up-to-date: /workspaces/isaac_ros-dev/install/vision_msgs/include/vision_msgs/vision_msgs/msg/detail/point2_d__builder.hpp
[14.424s] -- Up-to-date: /workspaces/isaac_ros-dev/install/vision_msgs/include/vision_msgs/vision_msgs/msg/detail/point2_d__traits.hpp
[14.424s] -- Up-to-date: /workspaces/isaac_ros-dev/install/vision_msgs/include/vision_msgs/vision_msgs/msg/detail/vision_class__traits.hpp
[14.424s] -- Up-to-date: /workspaces/isaac_ros-dev/install/vision_msgs/include/vision_msgs/vision_msgs/msg/detail/detection3_d__struct.hpp
[14.425s] -- Up-to-date: /workspaces/isaac_ros-dev/install/vision_msgs/include/vision_msgs/vision_msgs/msg/detail/object_hypothesis__struct.hpp
[14.425s] -- Up-to-date: /workspaces/isaac_ros-dev/install/vision_msgs/include/vision_msgs/vision_msgs/msg/detail/bounding_box3_d_array__traits.hpp
[14.425s] -- Up-to-date: /workspaces/isaac_ros-dev/install/vision_msgs/include/vision_msgs/vision_msgs/msg/detail/vision_info__traits.hpp
[14.425s] -- Up-to-date: /workspaces/isaac_ros-dev/install/vision_msgs/include/vision_msgs/vision_msgs/msg/detail/detection2_d_array__struct.hpp
[14.426s] -- Up-to-date: /workspaces/isaac_ros-dev/install/vision_msgs/include/vision_msgs/vision_msgs/msg/detail/bounding_box2_d__struct.hpp
[14.426s] -- Up-to-date: /workspaces/isaac_ros-dev/install/vision_msgs/include/vision_msgs/vision_msgs/msg/detail/classification__struct.hpp
[14.427s] -- Up-to-date: /workspaces/isaac_ros-dev/install/vision_msgs/include/vision_msgs/vision_msgs/msg/detail/detection3_d_array__builder.hpp
[14.427s] -- Up-to-date: /workspaces/isaac_ros-dev/install/vision_msgs/include/vision_msgs/vision_msgs/msg/detail/classification__traits.hpp
[14.427s] -- Up-to-date: /workspaces/isaac_ros-dev/install/vision_msgs/include/vision_msgs/vision_msgs/msg/detail/detection3_d__builder.hpp
[14.427s] -- Up-to-date: /workspaces/isaac_ros-dev/install/vision_msgs/include/vision_msgs/vision_msgs/msg/detail/object_hypothesis__builder.hpp
[14.428s] -- Up-to-date: /workspaces/isaac_ros-dev/install/vision_msgs/include/vision_msgs/vision_msgs/msg/detail/bounding_box2_d__traits.hpp
[14.428s] -- Up-to-date: /workspaces/isaac_ros-dev/install/vision_msgs/include/vision_msgs/vision_msgs/msg/detail/object_hypothesis__traits.hpp
[14.428s] -- Up-to-date: /workspaces/isaac_ros-dev/install/vision_msgs/include/vision_msgs/vision_msgs/msg/detail/bounding_box2_d__builder.hpp
[14.429s] -- Up-to-date: /workspaces/isaac_ros-dev/install/vision_msgs/include/vision_msgs/vision_msgs/msg/detail/detection2_d_array__builder.hpp
[14.429s] -- Up-to-date: /workspaces/isaac_ros-dev/install/vision_msgs/include/vision_msgs/vision_msgs/msg/detail/vision_class__struct.hpp
[14.430s] -- Up-to-date: /workspaces/isaac_ros-dev/install/vision_msgs/include/vision_msgs/vision_msgs/msg/detail/object_hypothesis_with_pose__struct.hpp
[14.430s] -- Up-to-date: /workspaces/isaac_ros-dev/install/vision_msgs/include/vision_msgs/vision_msgs/msg/detail/bounding_box3_d__traits.hpp
[14.431s] -- Up-to-date: /workspaces/isaac_ros-dev/install/vision_msgs/include/vision_msgs/vision_msgs/msg/detail/bounding_box3_d_array__struct.hpp
[14.431s] -- Up-to-date: /workspaces/isaac_ros-dev/install/vision_msgs/include/vision_msgs/vision_msgs/msg/detail/detection2_d__builder.hpp
[14.431s] -- Up-to-date: /workspaces/isaac_ros-dev/install/vision_msgs/include/vision_msgs/vision_msgs/msg/bounding_box2_d_array.hpp
[14.432s] -- Up-to-date: /workspaces/isaac_ros-dev/install/vision_msgs/include/vision_msgs/vision_msgs/msg/classification.hpp
[14.432s] -- Up-to-date: /workspaces/isaac_ros-dev/install/vision_msgs/include/vision_msgs/vision_msgs/msg/vision_class.hpp
[14.433s] -- Up-to-date: /workspaces/isaac_ros-dev/install/vision_msgs/include/vision_msgs/vision_msgs/msg/detection2_d_array.hpp
[14.433s] -- Up-to-date: /workspaces/isaac_ros-dev/install/vision_msgs/include/vision_msgs/vision_msgs/msg/point2_d.hpp
[14.433s] -- Up-to-date: /workspaces/isaac_ros-dev/install/vision_msgs/include/vision_msgs/vision_msgs/msg/detection2_d.hpp
[14.433s] -- Up-to-date: /workspaces/isaac_ros-dev/install/vision_msgs/include/vision_msgs/vision_msgs
[14.434s] -- Up-to-date: /workspaces/isaac_ros-dev/install/vision_msgs/include/vision_msgs/vision_msgs/msg
[14.435s] -- Up-to-date: /workspaces/isaac_ros-dev/install/vision_msgs/include/vision_msgs/vision_msgs/msg/rosidl_typesupport_fastrtps_cpp__visibility_control.h
[14.435s] -- Up-to-date: /workspaces/isaac_ros-dev/install/vision_msgs/include/vision_msgs/vision_msgs/msg/detail
[14.436s] -- Up-to-date: /workspaces/isaac_ros-dev/install/vision_msgs/include/vision_msgs/vision_msgs/msg/detail/label_info__rosidl_typesupport_fastrtps_cpp.hpp
[14.437s] -- Up-to-date: /workspaces/isaac_ros-dev/install/vision_msgs/include/vision_msgs/vision_msgs/msg/detail/pose2_d__rosidl_typesupport_fastrtps_cpp.hpp
[14.437s] -- Up-to-date: /workspaces/isaac_ros-dev/install/vision_msgs/include/vision_msgs/vision_msgs/msg/detail/detection2_d__rosidl_typesupport_fastrtps_cpp.hpp
[14.437s] -- Up-to-date: /workspaces/isaac_ros-dev/install/vision_msgs/include/vision_msgs/vision_msgs/msg/detail/bounding_box3_d__rosidl_typesupport_fastrtps_cpp.hpp
[14.438s] -- Up-to-date: /workspaces/isaac_ros-dev/install/vision_msgs/include/vision_msgs/vision_msgs/msg/detail/bounding_box2_d_array__rosidl_typesupport_fastrtps_cpp.hpp
[14.439s] -- Up-to-date: /workspaces/isaac_ros-dev/install/vision_msgs/include/vision_msgs/vision_msgs/msg/detail/detection2_d_array__rosidl_typesupport_fastrtps_cpp.hpp
[14.439s] -- Up-to-date: /workspaces/isaac_ros-dev/install/vision_msgs/include/vision_msgs/vision_msgs/msg/detail/bounding_box2_d__rosidl_typesupport_fastrtps_cpp.hpp
[14.439s] -- Up-to-date: /workspaces/isaac_ros-dev/install/vision_msgs/include/vision_msgs/vision_msgs/msg/detail/object_hypothesis__rosidl_typesupport_fastrtps_cpp.hpp
[14.440s] -- Up-to-date: /workspaces/isaac_ros-dev/install/vision_msgs/include/vision_msgs/vision_msgs/msg/detail/dds_fastrtps
[14.442s] -- Up-to-date: /workspaces/isaac_ros-dev/install/vision_msgs/include/vision_msgs/vision_msgs/msg/detail/vision_info__rosidl_typesupport_fastrtps_cpp.hpp
[14.444s] -- Up-to-date: /workspaces/isaac_ros-dev/install/vision_msgs/include/vision_msgs/vision_msgs/msg/detail/point2_d__rosidl_typesupport_fastrtps_cpp.hpp
[14.445s] -- Up-to-date: /workspaces/isaac_ros-dev/install/vision_msgs/include/vision_msgs/vision_msgs/msg/detail/vision_class__rosidl_typesupport_fastrtps_cpp.hpp
[14.446s] -- Up-to-date: /workspaces/isaac_ros-dev/install/vision_msgs/include/vision_msgs/vision_msgs/msg/detail/detection3_d_array__rosidl_typesupport_fastrtps_cpp.hpp
[14.447s] -- Up-to-date: /workspaces/isaac_ros-dev/install/vision_msgs/include/vision_msgs/vision_msgs/msg/detail/bounding_box3_d_array__rosidl_typesupport_fastrtps_cpp.hpp
[14.448s] -- Up-to-date: /workspaces/isaac_ros-dev/install/vision_msgs/include/vision_msgs/vision_msgs/msg/detail/object_hypothesis_with_pose__rosidl_typesupport_fastrtps_cpp.hpp
[14.450s] -- Up-to-date: /workspaces/isaac_ros-dev/install/vision_msgs/include/vision_msgs/vision_msgs/msg/detail/classification__rosidl_typesupport_fastrtps_cpp.hpp
[14.451s] -- Up-to-date: /workspaces/isaac_ros-dev/install/vision_msgs/include/vision_msgs/vision_msgs/msg/detail/detection3_d__rosidl_typesupport_fastrtps_cpp.hpp
[14.451s] -- Up-to-date: /workspaces/isaac_ros-dev/install/vision_msgs/lib/libvision_msgs__rosidl_typesupport_fastrtps_cpp.so
[14.452s] -- Up-to-date: /workspaces/isaac_ros-dev/install/vision_msgs/include/vision_msgs/vision_msgs
[14.453s] -- Up-to-date: /workspaces/isaac_ros-dev/install/vision_msgs/include/vision_msgs/vision_msgs/msg
[14.453s] -- Up-to-date: /workspaces/isaac_ros-dev/install/vision_msgs/include/vision_msgs/vision_msgs/msg/detail
[14.454s] -- Up-to-date: /workspaces/isaac_ros-dev/install/vision_msgs/include/vision_msgs/vision_msgs/msg/detail/vision_class__type_support.c
[14.455s] -- Up-to-date: /workspaces/isaac_ros-dev/install/vision_msgs/include/vision_msgs/vision_msgs/msg/detail/detection2_d_array__rosidl_typesupport_introspection_c.h
[14.455s] -- Up-to-date: /workspaces/isaac_ros-dev/install/vision_msgs/include/vision_msgs/vision_msgs/msg/detail/classification__type_support.c
[14.455s] -- Up-to-date: /workspaces/isaac_ros-dev/install/vision_msgs/include/vision_msgs/vision_msgs/msg/detail/object_hypothesis_with_pose__rosidl_typesupport_introspection_c.h
[14.457s] -- Up-to-date: /workspaces/isaac_ros-dev/install/vision_msgs/include/vision_msgs/vision_msgs/msg/detail/pose2_d__type_support.c
[14.459s] -- Up-to-date: /workspaces/isaac_ros-dev/install/vision_msgs/include/vision_msgs/vision_msgs/msg/detail/bounding_box3_d_array__type_support.c
[14.460s] -- Up-to-date: /workspaces/isaac_ros-dev/install/vision_msgs/include/vision_msgs/vision_msgs/msg/detail/detection2_d__type_support.c
[14.461s] -- Up-to-date: /workspaces/isaac_ros-dev/install/vision_msgs/include/vision_msgs/vision_msgs/msg/detail/detection3_d__type_support.c
[14.462s] -- Up-to-date: /workspaces/isaac_ros-dev/install/vision_msgs/include/vision_msgs/vision_msgs/msg/detail/vision_class__rosidl_typesupport_introspection_c.h
[14.462s] -- Up-to-date: /workspaces/isaac_ros-dev/install/vision_msgs/include/vision_msgs/vision_msgs/msg/detail/bounding_box2_d__rosidl_typesupport_introspection_c.h
[14.463s] -- Up-to-date: /workspaces/isaac_ros-dev/install/vision_msgs/include/vision_msgs/vision_msgs/msg/detail/bounding_box2_d__type_support.c
[14.464s] -- Up-to-date: /workspaces/isaac_ros-dev/install/vision_msgs/include/vision_msgs/vision_msgs/msg/detail/bounding_box3_d_array__rosidl_typesupport_introspection_c.h
[14.464s] -- Up-to-date: /workspaces/isaac_ros-dev/install/vision_msgs/include/vision_msgs/vision_msgs/msg/detail/pose2_d__rosidl_typesupport_introspection_c.h
[14.465s] -- Up-to-date: /workspaces/isaac_ros-dev/install/vision_msgs/include/vision_msgs/vision_msgs/msg/detail/vision_info__type_support.c
[14.465s] -- Up-to-date: /workspaces/isaac_ros-dev/install/vision_msgs/include/vision_msgs/vision_msgs/msg/detail/detection3_d_array__rosidl_typesupport_introspection_c.h
[14.465s] -- Up-to-date: /workspaces/isaac_ros-dev/install/vision_msgs/include/vision_msgs/vision_msgs/msg/detail/bounding_box2_d_array__type_support.c
[14.465s] -- Up-to-date: /workspaces/isaac_ros-dev/install/vision_msgs/include/vision_msgs/vision_msgs/msg/detail/bounding_box2_d_array__rosidl_typesupport_introspection_c.h
[14.466s] -- Up-to-date: /workspaces/isaac_ros-dev/install/vision_msgs/include/vision_msgs/vision_msgs/msg/detail/detection2_d_array__type_support.c
[14.466s] -- Up-to-date: /workspaces/isaac_ros-dev/install/vision_msgs/include/vision_msgs/vision_msgs/msg/detail/detection3_d__rosidl_typesupport_introspection_c.h
[14.466s] -- Up-to-date: /workspaces/isaac_ros-dev/install/vision_msgs/include/vision_msgs/vision_msgs/msg/detail/detection2_d__rosidl_typesupport_introspection_c.h
[14.467s] -- Up-to-date: /workspaces/isaac_ros-dev/install/vision_msgs/include/vision_msgs/vision_msgs/msg/detail/object_hypothesis__type_support.c
[14.467s] -- Up-to-date: /workspaces/isaac_ros-dev/install/vision_msgs/include/vision_msgs/vision_msgs/msg/detail/bounding_box3_d__rosidl_typesupport_introspection_c.h
[14.467s] -- Up-to-date: /workspaces/isaac_ros-dev/install/vision_msgs/include/vision_msgs/vision_msgs/msg/detail/vision_info__rosidl_typesupport_introspection_c.h
[14.469s] -- Up-to-date: /workspaces/isaac_ros-dev/install/vision_msgs/include/vision_msgs/vision_msgs/msg/detail/point2_d__rosidl_typesupport_introspection_c.h
[14.470s] -- Up-to-date: /workspaces/isaac_ros-dev/install/vision_msgs/include/vision_msgs/vision_msgs/msg/detail/label_info__rosidl_typesupport_introspection_c.h
[14.470s] -- Up-to-date: /workspaces/isaac_ros-dev/install/vision_msgs/include/vision_msgs/vision_msgs/msg/detail/detection3_d_array__type_support.c
[14.470s] -- Up-to-date: /workspaces/isaac_ros-dev/install/vision_msgs/include/vision_msgs/vision_msgs/msg/detail/classification__rosidl_typesupport_introspection_c.h
[14.471s] -- Up-to-date: /workspaces/isaac_ros-dev/install/vision_msgs/include/vision_msgs/vision_msgs/msg/detail/label_info__type_support.c
[14.472s] -- Up-to-date: /workspaces/isaac_ros-dev/install/vision_msgs/include/vision_msgs/vision_msgs/msg/detail/object_hypothesis__rosidl_typesupport_introspection_c.h
[14.472s] -- Up-to-date: /workspaces/isaac_ros-dev/install/vision_msgs/include/vision_msgs/vision_msgs/msg/detail/bounding_box3_d__type_support.c
[14.472s] -- Up-to-date: /workspaces/isaac_ros-dev/install/vision_msgs/include/vision_msgs/vision_msgs/msg/detail/object_hypothesis_with_pose__type_support.c
[14.473s] -- Up-to-date: /workspaces/isaac_ros-dev/install/vision_msgs/include/vision_msgs/vision_msgs/msg/detail/point2_d__type_support.c
[14.473s] -- Up-to-date: /workspaces/isaac_ros-dev/install/vision_msgs/include/vision_msgs/vision_msgs/msg/rosidl_typesupport_introspection_c__visibility_control.h
[14.474s] -- Up-to-date: /workspaces/isaac_ros-dev/install/vision_msgs/lib/libvision_msgs__rosidl_typesupport_introspection_c.so
[14.474s] -- Up-to-date: /workspaces/isaac_ros-dev/install/vision_msgs/lib/libvision_msgs__rosidl_typesupport_c.so
[14.474s] -- Up-to-date: /workspaces/isaac_ros-dev/install/vision_msgs/include/vision_msgs/vision_msgs
[14.475s] -- Up-to-date: /workspaces/isaac_ros-dev/install/vision_msgs/include/vision_msgs/vision_msgs/msg
[14.476s] -- Up-to-date: /workspaces/isaac_ros-dev/install/vision_msgs/include/vision_msgs/vision_msgs/msg/detail
[14.476s] -- Up-to-date: /workspaces/isaac_ros-dev/install/vision_msgs/include/vision_msgs/vision_msgs/msg/detail/vision_class__type_support.cpp
[14.476s] -- Up-to-date: /workspaces/isaac_ros-dev/install/vision_msgs/include/vision_msgs/vision_msgs/msg/detail/vision_info__rosidl_typesupport_introspection_cpp.hpp
[14.477s] -- Up-to-date: /workspaces/isaac_ros-dev/install/vision_msgs/include/vision_msgs/vision_msgs/msg/detail/point2_d__rosidl_typesupport_introspection_cpp.hpp
[14.477s] -- Up-to-date: /workspaces/isaac_ros-dev/install/vision_msgs/include/vision_msgs/vision_msgs/msg/detail/bounding_box2_d__rosidl_typesupport_introspection_cpp.hpp
[14.478s] -- Up-to-date: /workspaces/isaac_ros-dev/install/vision_msgs/include/vision_msgs/vision_msgs/msg/detail/object_hypothesis__type_support.cpp
[14.479s] -- Up-to-date: /workspaces/isaac_ros-dev/install/vision_msgs/include/vision_msgs/vision_msgs/msg/detail/detection3_d_array__type_support.cpp
[14.479s] -- Up-to-date: /workspaces/isaac_ros-dev/install/vision_msgs/include/vision_msgs/vision_msgs/msg/detail/object_hypothesis_with_pose__rosidl_typesupport_introspection_cpp.hpp
[14.479s] -- Up-to-date: /workspaces/isaac_ros-dev/install/vision_msgs/include/vision_msgs/vision_msgs/msg/detail/label_info__type_support.cpp
[14.480s] -- Up-to-date: /workspaces/isaac_ros-dev/install/vision_msgs/include/vision_msgs/vision_msgs/msg/detail/bounding_box2_d_array__type_support.cpp
[14.480s] -- Up-to-date: /workspaces/isaac_ros-dev/install/vision_msgs/include/vision_msgs/vision_msgs/msg/detail/classification__type_support.cpp
[14.481s] -- Up-to-date: /workspaces/isaac_ros-dev/install/vision_msgs/include/vision_msgs/vision_msgs/msg/detail/detection2_d__rosidl_typesupport_introspection_cpp.hpp
[14.481s] -- Up-to-date: /workspaces/isaac_ros-dev/install/vision_msgs/include/vision_msgs/vision_msgs/msg/detail/detection2_d_array__type_support.cpp
[14.482s] -- Up-to-date: /workspaces/isaac_ros-dev/install/vision_msgs/include/vision_msgs/vision_msgs/msg/detail/detection2_d__type_support.cpp
[14.483s] -- Up-to-date: /workspaces/isaac_ros-dev/install/vision_msgs/include/vision_msgs/vision_msgs/msg/detail/detection3_d_array__rosidl_typesupport_introspection_cpp.hpp
[14.483s] -- Up-to-date: /workspaces/isaac_ros-dev/install/vision_msgs/include/vision_msgs/vision_msgs/msg/detail/object_hypothesis__rosidl_typesupport_introspection_cpp.hpp
[14.484s] -- Up-to-date: /workspaces/isaac_ros-dev/install/vision_msgs/include/vision_msgs/vision_msgs/msg/detail/bounding_box2_d_array__rosidl_typesupport_introspection_cpp.hpp
[14.484s] -- Up-to-date: /workspaces/isaac_ros-dev/install/vision_msgs/include/vision_msgs/vision_msgs/msg/detail/pose2_d__rosidl_typesupport_introspection_cpp.hpp
[14.484s] -- Up-to-date: /workspaces/isaac_ros-dev/install/vision_msgs/include/vision_msgs/vision_msgs/msg/detail/pose2_d__type_support.cpp
[14.485s] -- Up-to-date: /workspaces/isaac_ros-dev/install/vision_msgs/include/vision_msgs/vision_msgs/msg/detail/object_hypothesis_with_pose__type_support.cpp
[14.485s] -- Up-to-date: /workspaces/isaac_ros-dev/install/vision_msgs/include/vision_msgs/vision_msgs/msg/detail/bounding_box3_d__type_support.cpp
[14.485s] -- Up-to-date: /workspaces/isaac_ros-dev/install/vision_msgs/include/vision_msgs/vision_msgs/msg/detail/detection3_d__type_support.cpp
[14.485s] -- Up-to-date: /workspaces/isaac_ros-dev/install/vision_msgs/include/vision_msgs/vision_msgs/msg/detail/classification__rosidl_typesupport_introspection_cpp.hpp
[14.486s] -- Up-to-date: /workspaces/isaac_ros-dev/install/vision_msgs/include/vision_msgs/vision_msgs/msg/detail/detection3_d__rosidl_typesupport_introspection_cpp.hpp
[14.487s] -- Up-to-date: /workspaces/isaac_ros-dev/install/vision_msgs/include/vision_msgs/vision_msgs/msg/detail/vision_info__type_support.cpp
[14.487s] -- Up-to-date: /workspaces/isaac_ros-dev/install/vision_msgs/include/vision_msgs/vision_msgs/msg/detail/bounding_box3_d__rosidl_typesupport_introspection_cpp.hpp
[14.487s] -- Up-to-date: /workspaces/isaac_ros-dev/install/vision_msgs/include/vision_msgs/vision_msgs/msg/detail/label_info__rosidl_typesupport_introspection_cpp.hpp
[14.487s] -- Up-to-date: /workspaces/isaac_ros-dev/install/vision_msgs/include/vision_msgs/vision_msgs/msg/detail/vision_class__rosidl_typesupport_introspection_cpp.hpp
[14.488s] -- Up-to-date: /workspaces/isaac_ros-dev/install/vision_msgs/include/vision_msgs/vision_msgs/msg/detail/bounding_box3_d_array__rosidl_typesupport_introspection_cpp.hpp
[14.489s] -- Up-to-date: /workspaces/isaac_ros-dev/install/vision_msgs/include/vision_msgs/vision_msgs/msg/detail/detection2_d_array__rosidl_typesupport_introspection_cpp.hpp
[14.489s] -- Up-to-date: /workspaces/isaac_ros-dev/install/vision_msgs/include/vision_msgs/vision_msgs/msg/detail/bounding_box3_d_array__type_support.cpp
[14.489s] -- Up-to-date: /workspaces/isaac_ros-dev/install/vision_msgs/include/vision_msgs/vision_msgs/msg/detail/bounding_box2_d__type_support.cpp
[14.490s] -- Up-to-date: /workspaces/isaac_ros-dev/install/vision_msgs/include/vision_msgs/vision_msgs/msg/detail/point2_d__type_support.cpp
[14.490s] -- Up-to-date: /workspaces/isaac_ros-dev/install/vision_msgs/lib/libvision_msgs__rosidl_typesupport_introspection_cpp.so
[14.491s] -- Up-to-date: /workspaces/isaac_ros-dev/install/vision_msgs/lib/libvision_msgs__rosidl_typesupport_cpp.so
[14.491s] -- Up-to-date: /workspaces/isaac_ros-dev/install/vision_msgs/share/vision_msgs/environment/pythonpath.sh
[14.492s] -- Up-to-date: /workspaces/isaac_ros-dev/install/vision_msgs/share/vision_msgs/environment/pythonpath.dsv
[14.492s] -- Up-to-date: /workspaces/isaac_ros-dev/install/vision_msgs/lib/python3.8/site-packages/vision_msgs-4.1.0-py3.8.egg-info
[14.492s] -- Installing: /workspaces/isaac_ros-dev/install/vision_msgs/lib/python3.8/site-packages/vision_msgs-4.1.0-py3.8.egg-info/top_level.txt
[14.493s] -- Installing: /workspaces/isaac_ros-dev/install/vision_msgs/lib/python3.8/site-packages/vision_msgs-4.1.0-py3.8.egg-info/dependency_links.txt
[14.493s] -- Installing: /workspaces/isaac_ros-dev/install/vision_msgs/lib/python3.8/site-packages/vision_msgs-4.1.0-py3.8.egg-info/SOURCES.txt
[14.494s] -- Installing: /workspaces/isaac_ros-dev/install/vision_msgs/lib/python3.8/site-packages/vision_msgs-4.1.0-py3.8.egg-info/PKG-INFO
[14.495s] -- Up-to-date: /workspaces/isaac_ros-dev/install/vision_msgs/lib/python3.8/site-packages/vision_msgs
[14.496s] -- Up-to-date: /workspaces/isaac_ros-dev/install/vision_msgs/lib/python3.8/site-packages/vision_msgs/__init__.py
[14.496s] -- Up-to-date: /workspaces/isaac_ros-dev/install/vision_msgs/lib/python3.8/site-packages/vision_msgs/vision_msgs_s__rosidl_typesupport_fastrtps_c.cpython-38-aarch64-linux-gnu.so
[14.497s] -- Up-to-date: /workspaces/isaac_ros-dev/install/vision_msgs/lib/python3.8/site-packages/vision_msgs/vision_msgs_s__rosidl_typesupport_introspection_c.cpython-38-aarch64-linux-gnu.so
[14.497s] -- Up-to-date: /workspaces/isaac_ros-dev/install/vision_msgs/lib/python3.8/site-packages/vision_msgs/vision_msgs_s__rosidl_typesupport_c.cpython-38-aarch64-linux-gnu.so
[14.498s] -- Up-to-date: /workspaces/isaac_ros-dev/install/vision_msgs/lib/python3.8/site-packages/vision_msgs/msg
[14.499s] -- Up-to-date: /workspaces/isaac_ros-dev/install/vision_msgs/lib/python3.8/site-packages/vision_msgs/msg/_bounding_box2_d_array.py
[14.501s] -- Up-to-date: /workspaces/isaac_ros-dev/install/vision_msgs/lib/python3.8/site-packages/vision_msgs/msg/__init__.py
[14.503s] -- Up-to-date: /workspaces/isaac_ros-dev/install/vision_msgs/lib/python3.8/site-packages/vision_msgs/msg/_object_hypothesis_with_pose.py
[14.503s] -- Up-to-date: /workspaces/isaac_ros-dev/install/vision_msgs/lib/python3.8/site-packages/vision_msgs/msg/_label_info.py
[14.504s] -- Up-to-date: /workspaces/isaac_ros-dev/install/vision_msgs/lib/python3.8/site-packages/vision_msgs/msg/_vision_class.py
[14.506s] -- Up-to-date: /workspaces/isaac_ros-dev/install/vision_msgs/lib/python3.8/site-packages/vision_msgs/msg/_vision_class_s.c
[14.507s] -- Up-to-date: /workspaces/isaac_ros-dev/install/vision_msgs/lib/python3.8/site-packages/vision_msgs/msg/_bounding_box2_d.py
[14.508s] -- Up-to-date: /workspaces/isaac_ros-dev/install/vision_msgs/lib/python3.8/site-packages/vision_msgs/msg/_object_hypothesis_s.c
[14.509s] -- Up-to-date: /workspaces/isaac_ros-dev/install/vision_msgs/lib/python3.8/site-packages/vision_msgs/msg/_bounding_box2_d_s.c
[14.510s] -- Up-to-date: /workspaces/isaac_ros-dev/install/vision_msgs/lib/python3.8/site-packages/vision_msgs/msg/_pose2_d_s.c
[14.510s] -- Up-to-date: /workspaces/isaac_ros-dev/install/vision_msgs/lib/python3.8/site-packages/vision_msgs/msg/_bounding_box3_d_s.c
[14.511s] -- Up-to-date: /workspaces/isaac_ros-dev/install/vision_msgs/lib/python3.8/site-packages/vision_msgs/msg/_vision_info.py
[14.512s] -- Up-to-date: /workspaces/isaac_ros-dev/install/vision_msgs/lib/python3.8/site-packages/vision_msgs/msg/_label_info_s.c
[14.512s] -- Up-to-date: /workspaces/isaac_ros-dev/install/vision_msgs/lib/python3.8/site-packages/vision_msgs/msg/_detection2_d_array.py
[14.513s] -- Up-to-date: /workspaces/isaac_ros-dev/install/vision_msgs/lib/python3.8/site-packages/vision_msgs/msg/_bounding_box2_d_array_s.c
[14.513s] -- Up-to-date: /workspaces/isaac_ros-dev/install/vision_msgs/lib/python3.8/site-packages/vision_msgs/msg/_object_hypothesis_with_pose_s.c
[14.514s] -- Up-to-date: /workspaces/isaac_ros-dev/install/vision_msgs/lib/python3.8/site-packages/vision_msgs/msg/_detection3_d_array_s.c
[14.515s] -- Up-to-date: /workspaces/isaac_ros-dev/install/vision_msgs/lib/python3.8/site-packages/vision_msgs/msg/_detection3_d_s.c
[14.515s] -- Up-to-date: /workspaces/isaac_ros-dev/install/vision_msgs/lib/python3.8/site-packages/vision_msgs/msg/_detection3_d.py
[14.516s] -- Up-to-date: /workspaces/isaac_ros-dev/install/vision_msgs/lib/python3.8/site-packages/vision_msgs/msg/_bounding_box3_d_array_s.c
[14.516s] -- Up-to-date: /workspaces/isaac_ros-dev/install/vision_msgs/lib/python3.8/site-packages/vision_msgs/msg/_classification_s.c
[14.517s] -- Up-to-date: /workspaces/isaac_ros-dev/install/vision_msgs/lib/python3.8/site-packages/vision_msgs/msg/_vision_info_s.c
[14.518s] -- Up-to-date: /workspaces/isaac_ros-dev/install/vision_msgs/lib/python3.8/site-packages/vision_msgs/msg/_detection2_d_array_s.c
[14.518s] -- Up-to-date: /workspaces/isaac_ros-dev/install/vision_msgs/lib/python3.8/site-packages/vision_msgs/msg/_object_hypothesis.py
[14.527s] -- Up-to-date: /workspaces/isaac_ros-dev/install/vision_msgs/lib/python3.8/site-packages/vision_msgs/msg/_bounding_box3_d.py
[14.528s] -- Up-to-date: /workspaces/isaac_ros-dev/install/vision_msgs/lib/python3.8/site-packages/vision_msgs/msg/_detection2_d_s.c
[14.528s] -- Up-to-date: /workspaces/isaac_ros-dev/install/vision_msgs/lib/python3.8/site-packages/vision_msgs/msg/_detection2_d.py
[14.530s] -- Up-to-date: /workspaces/isaac_ros-dev/install/vision_msgs/lib/python3.8/site-packages/vision_msgs/msg/_classification.py
[14.530s] -- Up-to-date: /workspaces/isaac_ros-dev/install/vision_msgs/lib/python3.8/site-packages/vision_msgs/msg/_pose2_d.py
[14.531s] -- Up-to-date: /workspaces/isaac_ros-dev/install/vision_msgs/lib/python3.8/site-packages/vision_msgs/msg/_detection3_d_array.py
[14.531s] -- Up-to-date: /workspaces/isaac_ros-dev/install/vision_msgs/lib/python3.8/site-packages/vision_msgs/msg/_point2_d.py
[14.531s] -- Up-to-date: /workspaces/isaac_ros-dev/install/vision_msgs/lib/python3.8/site-packages/vision_msgs/msg/_point2_d_s.c
[14.532s] -- Up-to-date: /workspaces/isaac_ros-dev/install/vision_msgs/lib/python3.8/site-packages/vision_msgs/msg/_bounding_box3_d_array.py
[14.532s] -- Up-to-date: /workspaces/isaac_ros-dev/install/vision_msgs/lib/python3.8/site-packages/vision_msgs/_vision_msgs_s.ep.rosidl_typesupport_c.c
[14.533s] -- Up-to-date: /workspaces/isaac_ros-dev/install/vision_msgs/lib/python3.8/site-packages/vision_msgs/_vision_msgs_s.ep.rosidl_typesupport_introspection_c.c
[14.533s] -- Up-to-date: /workspaces/isaac_ros-dev/install/vision_msgs/lib/python3.8/site-packages/vision_msgs/_vision_msgs_s.ep.rosidl_typesupport_fastrtps_c.c
[14.534s] -- Up-to-date: /workspaces/isaac_ros-dev/install/vision_msgs/lib/python3.8/site-packages/vision_msgs/libvision_msgs__rosidl_generator_py.so
[14.605s] Listing '/workspaces/isaac_ros-dev/install/vision_msgs/lib/python3.8/site-packages/vision_msgs'...
[14.606s] Listing '/workspaces/isaac_ros-dev/install/vision_msgs/lib/python3.8/site-packages/vision_msgs/msg'...
[14.626s] -- Up-to-date: /workspaces/isaac_ros-dev/install/vision_msgs/lib/python3.8/site-packages/vision_msgs/vision_msgs_s__rosidl_typesupport_fastrtps_c.cpython-38-aarch64-linux-gnu.so
[14.627s] -- Up-to-date: /workspaces/isaac_ros-dev/install/vision_msgs/lib/python3.8/site-packages/vision_msgs/vision_msgs_s__rosidl_typesupport_introspection_c.cpython-38-aarch64-linux-gnu.so
[14.628s] -- Up-to-date: /workspaces/isaac_ros-dev/install/vision_msgs/lib/python3.8/site-packages/vision_msgs/vision_msgs_s__rosidl_typesupport_c.cpython-38-aarch64-linux-gnu.so
[14.629s] -- Up-to-date: /workspaces/isaac_ros-dev/install/vision_msgs/lib/libvision_msgs__rosidl_generator_py.so
[14.630s] -- Up-to-date: /workspaces/isaac_ros-dev/install/vision_msgs/share/vision_msgs/msg/BoundingBox2D.idl
[14.630s] -- Up-to-date: /workspaces/isaac_ros-dev/install/vision_msgs/share/vision_msgs/msg/BoundingBox2DArray.idl
[14.631s] -- Up-to-date: /workspaces/isaac_ros-dev/install/vision_msgs/share/vision_msgs/msg/BoundingBox3D.idl
[14.632s] -- Up-to-date: /workspaces/isaac_ros-dev/install/vision_msgs/share/vision_msgs/msg/BoundingBox3DArray.idl
[14.632s] -- Up-to-date: /workspaces/isaac_ros-dev/install/vision_msgs/share/vision_msgs/msg/Classification.idl
[14.633s] -- Up-to-date: /workspaces/isaac_ros-dev/install/vision_msgs/share/vision_msgs/msg/Detection2DArray.idl
[14.633s] -- Up-to-date: /workspaces/isaac_ros-dev/install/vision_msgs/share/vision_msgs/msg/Detection2D.idl
[14.634s] -- Up-to-date: /workspaces/isaac_ros-dev/install/vision_msgs/share/vision_msgs/msg/Detection3DArray.idl
[14.635s] -- Up-to-date: /workspaces/isaac_ros-dev/install/vision_msgs/share/vision_msgs/msg/Detection3D.idl
[14.636s] -- Up-to-date: /workspaces/isaac_ros-dev/install/vision_msgs/share/vision_msgs/msg/LabelInfo.idl
[14.637s] -- Up-to-date: /workspaces/isaac_ros-dev/install/vision_msgs/share/vision_msgs/msg/ObjectHypothesis.idl
[14.639s] -- Up-to-date: /workspaces/isaac_ros-dev/install/vision_msgs/share/vision_msgs/msg/ObjectHypothesisWithPose.idl
[14.650s] -- Up-to-date: /workspaces/isaac_ros-dev/install/vision_msgs/share/vision_msgs/msg/VisionClass.idl
[14.651s] -- Up-to-date: /workspaces/isaac_ros-dev/install/vision_msgs/share/vision_msgs/msg/Point2D.idl
[14.652s] -- Up-to-date: /workspaces/isaac_ros-dev/install/vision_msgs/share/vision_msgs/msg/Pose2D.idl
[14.653s] -- Up-to-date: /workspaces/isaac_ros-dev/install/vision_msgs/share/vision_msgs/msg/VisionInfo.idl
[14.653s] -- Up-to-date: /workspaces/isaac_ros-dev/install/vision_msgs/share/vision_msgs/msg/BoundingBox2D.msg
[14.654s] -- Up-to-date: /workspaces/isaac_ros-dev/install/vision_msgs/share/vision_msgs/msg/BoundingBox2DArray.msg
[14.654s] -- Up-to-date: /workspaces/isaac_ros-dev/install/vision_msgs/share/vision_msgs/msg/BoundingBox3D.msg
[14.655s] -- Up-to-date: /workspaces/isaac_ros-dev/install/vision_msgs/share/vision_msgs/msg/BoundingBox3DArray.msg
[14.656s] -- Up-to-date: /workspaces/isaac_ros-dev/install/vision_msgs/share/vision_msgs/msg/Classification.msg
[14.657s] -- Up-to-date: /workspaces/isaac_ros-dev/install/vision_msgs/share/vision_msgs/msg/Detection2DArray.msg
[14.657s] -- Up-to-date: /workspaces/isaac_ros-dev/install/vision_msgs/share/vision_msgs/msg/Detection2D.msg
[14.658s] -- Up-to-date: /workspaces/isaac_ros-dev/install/vision_msgs/share/vision_msgs/msg/Detection3DArray.msg
[14.659s] -- Up-to-date: /workspaces/isaac_ros-dev/install/vision_msgs/share/vision_msgs/msg/Detection3D.msg
[14.660s] -- Up-to-date: /workspaces/isaac_ros-dev/install/vision_msgs/share/vision_msgs/msg/LabelInfo.msg
[14.660s] -- Up-to-date: /workspaces/isaac_ros-dev/install/vision_msgs/share/vision_msgs/msg/ObjectHypothesis.msg
[14.661s] -- Up-to-date: /workspaces/isaac_ros-dev/install/vision_msgs/share/vision_msgs/msg/ObjectHypothesisWithPose.msg
[14.661s] -- Up-to-date: /workspaces/isaac_ros-dev/install/vision_msgs/share/vision_msgs/msg/VisionClass.msg
[14.662s] -- Up-to-date: /workspaces/isaac_ros-dev/install/vision_msgs/share/vision_msgs/msg/Point2D.msg
[14.663s] -- Up-to-date: /workspaces/isaac_ros-dev/install/vision_msgs/share/vision_msgs/msg/Pose2D.msg
[14.664s] -- Up-to-date: /workspaces/isaac_ros-dev/install/vision_msgs/share/vision_msgs/msg/VisionInfo.msg
[14.664s] -- Up-to-date: /workspaces/isaac_ros-dev/install/vision_msgs/include/vision_msgs
[14.664s] -- Up-to-date: /workspaces/isaac_ros-dev/install/vision_msgs/include/vision_msgs/create_aabb.hpp
[14.665s] -- Up-to-date: /workspaces/isaac_ros-dev/install/vision_msgs/share/ament_index/resource_index/package_run_dependencies/vision_msgs
[14.666s] -- Up-to-date: /workspaces/isaac_ros-dev/install/vision_msgs/share/ament_index/resource_index/parent_prefix_path/vision_msgs
[14.666s] -- Up-to-date: /workspaces/isaac_ros-dev/install/vision_msgs/share/vision_msgs/environment/ament_prefix_path.sh
[14.668s] -- Up-to-date: /workspaces/isaac_ros-dev/install/vision_msgs/share/vision_msgs/environment/ament_prefix_path.dsv
[14.674s] -- Up-to-date: /workspaces/isaac_ros-dev/install/vision_msgs/share/vision_msgs/environment/path.sh
[14.675s] -- Up-to-date: /workspaces/isaac_ros-dev/install/vision_msgs/share/vision_msgs/environment/path.dsv
[14.675s] -- Up-to-date: /workspaces/isaac_ros-dev/install/vision_msgs/share/vision_msgs/local_setup.bash
[14.675s] -- Up-to-date: /workspaces/isaac_ros-dev/install/vision_msgs/share/vision_msgs/local_setup.sh
[14.676s] -- Up-to-date: /workspaces/isaac_ros-dev/install/vision_msgs/share/vision_msgs/local_setup.zsh
[14.676s] -- Up-to-date: /workspaces/isaac_ros-dev/install/vision_msgs/share/vision_msgs/local_setup.dsv
[14.676s] -- Installing: /workspaces/isaac_ros-dev/install/vision_msgs/share/vision_msgs/package.dsv
[14.676s] -- Up-to-date: /workspaces/isaac_ros-dev/install/vision_msgs/share/ament_index/resource_index/packages/vision_msgs
[14.677s] -- Up-to-date: /workspaces/isaac_ros-dev/install/vision_msgs/share/vision_msgs/cmake/export_vision_msgs__rosidl_generator_cExport.cmake
[14.677s] -- Up-to-date: /workspaces/isaac_ros-dev/install/vision_msgs/share/vision_msgs/cmake/export_vision_msgs__rosidl_generator_cExport-noconfig.cmake
[14.677s] -- Up-to-date: /workspaces/isaac_ros-dev/install/vision_msgs/share/vision_msgs/cmake/export_vision_msgs__rosidl_typesupport_fastrtps_cExport.cmake
[14.678s] -- Up-to-date: /workspaces/isaac_ros-dev/install/vision_msgs/share/vision_msgs/cmake/export_vision_msgs__rosidl_typesupport_fastrtps_cExport-noconfig.cmake
[14.680s] -- Up-to-date: /workspaces/isaac_ros-dev/install/vision_msgs/share/vision_msgs/cmake/export_vision_msgs__rosidl_generator_cppExport.cmake
[14.682s] -- Up-to-date: /workspaces/isaac_ros-dev/install/vision_msgs/share/vision_msgs/cmake/export_vision_msgs__rosidl_typesupport_fastrtps_cppExport.cmake
[14.684s] -- Up-to-date: /workspaces/isaac_ros-dev/install/vision_msgs/share/vision_msgs/cmake/export_vision_msgs__rosidl_typesupport_fastrtps_cppExport-noconfig.cmake
[14.684s] -- Up-to-date: /workspaces/isaac_ros-dev/install/vision_msgs/share/vision_msgs/cmake/vision_msgs__rosidl_typesupport_introspection_cExport.cmake
[14.687s] -- Up-to-date: /workspaces/isaac_ros-dev/install/vision_msgs/share/vision_msgs/cmake/vision_msgs__rosidl_typesupport_introspection_cExport-noconfig.cmake
[14.687s] -- Up-to-date: /workspaces/isaac_ros-dev/install/vision_msgs/share/vision_msgs/cmake/vision_msgs__rosidl_typesupport_cExport.cmake
[14.688s] -- Up-to-date: /workspaces/isaac_ros-dev/install/vision_msgs/share/vision_msgs/cmake/vision_msgs__rosidl_typesupport_cExport-noconfig.cmake
[14.688s] -- Up-to-date: /workspaces/isaac_ros-dev/install/vision_msgs/share/vision_msgs/cmake/vision_msgs__rosidl_typesupport_introspection_cppExport.cmake
[14.688s] -- Up-to-date: /workspaces/isaac_ros-dev/install/vision_msgs/share/vision_msgs/cmake/vision_msgs__rosidl_typesupport_introspection_cppExport-noconfig.cmake
[14.689s] -- Up-to-date: /workspaces/isaac_ros-dev/install/vision_msgs/share/vision_msgs/cmake/vision_msgs__rosidl_typesupport_cppExport.cmake
[14.690s] -- Up-to-date: /workspaces/isaac_ros-dev/install/vision_msgs/share/vision_msgs/cmake/vision_msgs__rosidl_typesupport_cppExport-noconfig.cmake
[14.692s] -- Up-to-date: /workspaces/isaac_ros-dev/install/vision_msgs/share/vision_msgs/cmake/export_vision_msgs__rosidl_generator_pyExport.cmake
[14.697s] -- Up-to-date: /workspaces/isaac_ros-dev/install/vision_msgs/share/vision_msgs/cmake/export_vision_msgs__rosidl_generator_pyExport-noconfig.cmake
[14.721s] -- Up-to-date: /workspaces/isaac_ros-dev/install/vision_msgs/share/vision_msgs/cmake/rosidl_cmake-extras.cmake
[14.723s] -- Up-to-date: /workspaces/isaac_ros-dev/install/vision_msgs/share/vision_msgs/cmake/ament_cmake_export_dependencies-extras.cmake
[14.724s] -- Up-to-date: /workspaces/isaac_ros-dev/install/vision_msgs/share/vision_msgs/cmake/ament_cmake_export_include_directories-extras.cmake
[14.724s] -- Up-to-date: /workspaces/isaac_ros-dev/install/vision_msgs/share/vision_msgs/cmake/ament_cmake_export_libraries-extras.cmake
[14.724s] -- Up-to-date: /workspaces/isaac_ros-dev/install/vision_msgs/share/vision_msgs/cmake/ament_cmake_export_targets-extras.cmake
[14.724s] -- Up-to-date: /workspaces/isaac_ros-dev/install/vision_msgs/share/vision_msgs/cmake/rosidl_cmake_export_typesupport_targets-extras.cmake
[14.725s] -- Up-to-date: /workspaces/isaac_ros-dev/install/vision_msgs/share/vision_msgs/cmake/rosidl_cmake_export_typesupport_libraries-extras.cmake
[14.725s] -- Up-to-date: /workspaces/isaac_ros-dev/install/vision_msgs/share/vision_msgs/cmake/vision_msgsConfig.cmake
[14.725s] -- Up-to-date: /workspaces/isaac_ros-dev/install/vision_msgs/share/vision_msgs/cmake/vision_msgsConfig-version.cmake
[14.725s] -- Up-to-date: /workspaces/isaac_ros-dev/install/vision_msgs/share/vision_msgs/package.xml
[14.827s] Invoked command in '/workspaces/isaac_ros-dev/build/vision_msgs' returned '0': CMAKE_PREFIX_PATH=/workspaces/isaac_ros-dev/install/yolov8_bringup:/workspaces/isaac_ros-dev/install/multisense_ros:/workspaces/isaac_ros-dev/install/xacro:/workspaces/isaac_ros-dev/install/vision_msgs_rviz_plugins:/workspaces/isaac_ros-dev/install/vision_msgs:/workspaces/isaac_ros-dev/install/velodyne:/workspaces/isaac_ros-dev/install/velodyne_pointcloud:/workspaces/isaac_ros-dev/install/velodyne_driver:/workspaces/isaac_ros-dev/install/velodyne_msgs:/workspaces/isaac_ros-dev/install/velodyne_laserscan:/workspaces/isaac_ros-dev/install/vectornav:/workspaces/isaac_ros-dev/install/sdv_localization:/workspaces/isaac_ros-dev/install/vectornav_msgs:/workspaces/isaac_ros-dev/install/slam_toolbox:/workspaces/isaac_ros-dev/install/sdv_msg:/workspaces/isaac_ros-dev/install/sdv_localization_msgs:/workspaces/isaac_ros-dev/install/pointcloud_to_laserscan:/workspaces/isaac_ros-dev/install/my_package:/workspaces/isaac_ros-dev/install/multisense_msgs:/workspaces/isaac_ros-dev/install/multisense_lib:/workspaces/isaac_ros-dev/install/isaac_ros_visual_slam:/workspaces/isaac_ros-dev/install/isaac_ros_visual_slam_interfaces:/workspaces/isaac_ros-dev/install/isaac_ros_tensor_list_interfaces:/workspaces/isaac_ros-dev/install/isaac_ros_common:/workspaces/isaac_ros-dev/install/isaac_ros_bi3d_interfaces:/workspaces/isaac_ros-dev/install/isaac_ros_apriltag_interfaces:/workspaces/isaac_ros-dev/install/yolov8_ros:/workspaces/isaac_ros-dev/install/xbox_controller:/workspaces/isaac_ros-dev/install/panel:/workspaces/isaac_ros-dev/install/isaac_ros_test:/workspaces/isaac_ros-dev/install/encoder:/opt/ros/humble/install /usr/bin/cmake --install /workspaces/isaac_ros-dev/build/vision_msgs
