[0.146s] Invoking command in '/workspaces/isaac_ros-dev/build/xacro': CMAKE_PREFIX_PATH=/workspaces/isaac_ros-dev/install/yolov8_bringup:/workspaces/isaac_ros-dev/install/multisense_ros:/workspaces/isaac_ros-dev/install/xacro:/workspaces/isaac_ros-dev/install/vision_msgs_rviz_plugins:/workspaces/isaac_ros-dev/install/vision_msgs:/workspaces/isaac_ros-dev/install/velodyne:/workspaces/isaac_ros-dev/install/velodyne_pointcloud:/workspaces/isaac_ros-dev/install/velodyne_driver:/workspaces/isaac_ros-dev/install/velodyne_msgs:/workspaces/isaac_ros-dev/install/velodyne_laserscan:/workspaces/isaac_ros-dev/install/vectornav:/workspaces/isaac_ros-dev/install/sdv_localization:/workspaces/isaac_ros-dev/install/vectornav_msgs:/workspaces/isaac_ros-dev/install/slam_toolbox:/workspaces/isaac_ros-dev/install/sdv_msg:/workspaces/isaac_ros-dev/install/sdv_localization_msgs:/workspaces/isaac_ros-dev/install/pointcloud_to_laserscan:/workspaces/isaac_ros-dev/install/my_package:/workspaces/isaac_ros-dev/install/multisense_msgs:/workspaces/isaac_ros-dev/install/multisense_lib:/workspaces/isaac_ros-dev/install/isaac_ros_visual_slam:/workspaces/isaac_ros-dev/install/isaac_ros_visual_slam_interfaces:/workspaces/isaac_ros-dev/install/isaac_ros_tensor_list_interfaces:/workspaces/isaac_ros-dev/install/isaac_ros_common:/workspaces/isaac_ros-dev/install/isaac_ros_bi3d_interfaces:/workspaces/isaac_ros-dev/install/isaac_ros_apriltag_interfaces:/workspaces/isaac_ros-dev/install/yolov8_ros:/workspaces/isaac_ros-dev/install/xbox_controller:/workspaces/isaac_ros-dev/install/panel:/workspaces/isaac_ros-dev/install/isaac_ros_test:/workspaces/isaac_ros-dev/install/encoder:/opt/ros/humble/install /usr/bin/cmake --build /workspaces/isaac_ros-dev/build/xacro -- -j8 -l8
[0.401s] Built target ament_cmake_python_copy_xacro_setup
[0.440s] Built target ament_cmake_python_copy_xacro
[2.116s] running install_scripts
[2.257s] running egg_info
[2.323s] running egg_info
[2.331s] writing xacro.egg-info/PKG-INFO
[2.333s] writing dependency_links to xacro.egg-info/dependency_links.txt
[2.376s] writing entry points to xacro.egg-info/entry_points.txt
[2.376s] writing top-level names to xacro.egg-info/top_level.txt
[2.463s] writing xacro.egg-info/PKG-INFO
[2.471s] writing dependency_links to xacro.egg-info/dependency_links.txt
[2.472s] writing entry points to xacro.egg-info/entry_points.txt
[2.473s] writing top-level names to xacro.egg-info/top_level.txt
[2.519s] reading manifest file 'xacro.egg-info/SOURCES.txt'
[2.519s] writing manifest file 'xacro.egg-info/SOURCES.txt'
[2.598s] reading manifest file 'xacro.egg-info/SOURCES.txt'
[2.599s] writing manifest file 'xacro.egg-info/SOURCES.txt'
[2.706s] Built target ament_cmake_python_build_xacro_egg
[2.713s] Installing xacro script to scripts
[2.904s] Built target ament_cmake_python_build_xacro_scripts
[4.214s] Invoked command in '/workspaces/isaac_ros-dev/build/xacro' returned '0': CMAKE_PREFIX_PATH=/workspaces/isaac_ros-dev/install/yolov8_bringup:/workspaces/isaac_ros-dev/install/multisense_ros:/workspaces/isaac_ros-dev/install/xacro:/workspaces/isaac_ros-dev/install/vision_msgs_rviz_plugins:/workspaces/isaac_ros-dev/install/vision_msgs:/workspaces/isaac_ros-dev/install/velodyne:/workspaces/isaac_ros-dev/install/velodyne_pointcloud:/workspaces/isaac_ros-dev/install/velodyne_driver:/workspaces/isaac_ros-dev/install/velodyne_msgs:/workspaces/isaac_ros-dev/install/velodyne_laserscan:/workspaces/isaac_ros-dev/install/vectornav:/workspaces/isaac_ros-dev/install/sdv_localization:/workspaces/isaac_ros-dev/install/vectornav_msgs:/workspaces/isaac_ros-dev/install/slam_toolbox:/workspaces/isaac_ros-dev/install/sdv_msg:/workspaces/isaac_ros-dev/install/sdv_localization_msgs:/workspaces/isaac_ros-dev/install/pointcloud_to_laserscan:/workspaces/isaac_ros-dev/install/my_package:/workspaces/isaac_ros-dev/install/multisense_msgs:/workspaces/isaac_ros-dev/install/multisense_lib:/workspaces/isaac_ros-dev/install/isaac_ros_visual_slam:/workspaces/isaac_ros-dev/install/isaac_ros_visual_slam_interfaces:/workspaces/isaac_ros-dev/install/isaac_ros_tensor_list_interfaces:/workspaces/isaac_ros-dev/install/isaac_ros_common:/workspaces/isaac_ros-dev/install/isaac_ros_bi3d_interfaces:/workspaces/isaac_ros-dev/install/isaac_ros_apriltag_interfaces:/workspaces/isaac_ros-dev/install/yolov8_ros:/workspaces/isaac_ros-dev/install/xbox_controller:/workspaces/isaac_ros-dev/install/panel:/workspaces/isaac_ros-dev/install/isaac_ros_test:/workspaces/isaac_ros-dev/install/encoder:/opt/ros/humble/install /usr/bin/cmake --build /workspaces/isaac_ros-dev/build/xacro -- -j8 -l8
[4.966s] Invoking command in '/workspaces/isaac_ros-dev/build/xacro': CMAKE_PREFIX_PATH=/workspaces/isaac_ros-dev/install/yolov8_bringup:/workspaces/isaac_ros-dev/install/multisense_ros:/workspaces/isaac_ros-dev/install/xacro:/workspaces/isaac_ros-dev/install/vision_msgs_rviz_plugins:/workspaces/isaac_ros-dev/install/vision_msgs:/workspaces/isaac_ros-dev/install/velodyne:/workspaces/isaac_ros-dev/install/velodyne_pointcloud:/workspaces/isaac_ros-dev/install/velodyne_driver:/workspaces/isaac_ros-dev/install/velodyne_msgs:/workspaces/isaac_ros-dev/install/velodyne_laserscan:/workspaces/isaac_ros-dev/install/vectornav:/workspaces/isaac_ros-dev/install/sdv_localization:/workspaces/isaac_ros-dev/install/vectornav_msgs:/workspaces/isaac_ros-dev/install/slam_toolbox:/workspaces/isaac_ros-dev/install/sdv_msg:/workspaces/isaac_ros-dev/install/sdv_localization_msgs:/workspaces/isaac_ros-dev/install/pointcloud_to_laserscan:/workspaces/isaac_ros-dev/install/my_package:/workspaces/isaac_ros-dev/install/multisense_msgs:/workspaces/isaac_ros-dev/install/multisense_lib:/workspaces/isaac_ros-dev/install/isaac_ros_visual_slam:/workspaces/isaac_ros-dev/install/isaac_ros_visual_slam_interfaces:/workspaces/isaac_ros-dev/install/isaac_ros_tensor_list_interfaces:/workspaces/isaac_ros-dev/install/isaac_ros_common:/workspaces/isaac_ros-dev/install/isaac_ros_bi3d_interfaces:/workspaces/isaac_ros-dev/install/isaac_ros_apriltag_interfaces:/workspaces/isaac_ros-dev/install/yolov8_ros:/workspaces/isaac_ros-dev/install/xbox_controller:/workspaces/isaac_ros-dev/install/panel:/workspaces/isaac_ros-dev/install/isaac_ros_test:/workspaces/isaac_ros-dev/install/encoder:/opt/ros/humble/install /usr/bin/cmake --install /workspaces/isaac_ros-dev/build/xacro
[5.086s] -- Install configuration: ""
[5.091s] -- Up-to-date: /workspaces/isaac_ros-dev/install/xacro/share/xacro/environment/completion.bash
[5.092s] -- Up-to-date: /workspaces/isaac_ros-dev/install/xacro/share/xacro/environment/pythonpath.sh
[5.092s] -- Up-to-date: /workspaces/isaac_ros-dev/install/xacro/share/xacro/environment/pythonpath.dsv
[5.093s] -- Up-to-date: /workspaces/isaac_ros-dev/install/xacro/lib/python3.8/site-packages/xacro-2.0.8-py3.8.egg-info
[5.093s] -- Installing: /workspaces/isaac_ros-dev/install/xacro/lib/python3.8/site-packages/xacro-2.0.8-py3.8.egg-info/entry_points.txt
[5.094s] -- Installing: /workspaces/isaac_ros-dev/install/xacro/lib/python3.8/site-packages/xacro-2.0.8-py3.8.egg-info/top_level.txt
[5.094s] -- Installing: /workspaces/isaac_ros-dev/install/xacro/lib/python3.8/site-packages/xacro-2.0.8-py3.8.egg-info/dependency_links.txt
[5.095s] -- Installing: /workspaces/isaac_ros-dev/install/xacro/lib/python3.8/site-packages/xacro-2.0.8-py3.8.egg-info/SOURCES.txt
[5.096s] -- Installing: /workspaces/isaac_ros-dev/install/xacro/lib/python3.8/site-packages/xacro-2.0.8-py3.8.egg-info/PKG-INFO
[5.097s] -- Up-to-date: /workspaces/isaac_ros-dev/install/xacro/lib/xacro/
[5.097s] -- Installing: /workspaces/isaac_ros-dev/install/xacro/lib/xacro//xacro
[5.097s] -- Up-to-date: /workspaces/isaac_ros-dev/install/xacro/lib/python3.8/site-packages/xacro
[5.098s] -- Up-to-date: /workspaces/isaac_ros-dev/install/xacro/lib/python3.8/site-packages/xacro/__init__.py
[5.099s] -- Up-to-date: /workspaces/isaac_ros-dev/install/xacro/lib/python3.8/site-packages/xacro/substitution_args.py
[5.100s] -- Up-to-date: /workspaces/isaac_ros-dev/install/xacro/lib/python3.8/site-packages/xacro/color.py
[5.101s] -- Up-to-date: /workspaces/isaac_ros-dev/install/xacro/lib/python3.8/site-packages/xacro/xmlutils.py
[5.102s] -- Up-to-date: /workspaces/isaac_ros-dev/install/xacro/lib/python3.8/site-packages/xacro/cli.py
[5.195s] Listing '/workspaces/isaac_ros-dev/install/xacro/lib/python3.8/site-packages/xacro'...
[5.196s] -- Up-to-date: /workspaces/isaac_ros-dev/install/xacro/bin/
[5.196s] -- Installing: /workspaces/isaac_ros-dev/install/xacro/bin//xacro
[5.197s] -- Up-to-date: /workspaces/isaac_ros-dev/install/xacro/share/ament_index/resource_index/package_run_dependencies/xacro
[5.197s] -- Up-to-date: /workspaces/isaac_ros-dev/install/xacro/share/ament_index/resource_index/parent_prefix_path/xacro
[5.198s] -- Up-to-date: /workspaces/isaac_ros-dev/install/xacro/share/xacro/environment/ament_prefix_path.sh
[5.198s] -- Up-to-date: /workspaces/isaac_ros-dev/install/xacro/share/xacro/environment/ament_prefix_path.dsv
[5.199s] -- Up-to-date: /workspaces/isaac_ros-dev/install/xacro/share/xacro/environment/path.sh
[5.199s] -- Up-to-date: /workspaces/isaac_ros-dev/install/xacro/share/xacro/environment/path.dsv
[5.200s] -- Up-to-date: /workspaces/isaac_ros-dev/install/xacro/share/xacro/local_setup.bash
[5.200s] -- Up-to-date: /workspaces/isaac_ros-dev/install/xacro/share/xacro/local_setup.sh
[5.201s] -- Up-to-date: /workspaces/isaac_ros-dev/install/xacro/share/xacro/local_setup.zsh
[5.201s] -- Up-to-date: /workspaces/isaac_ros-dev/install/xacro/share/xacro/local_setup.dsv
[5.202s] -- Installing: /workspaces/isaac_ros-dev/install/xacro/share/xacro/package.dsv
[5.203s] -- Up-to-date: /workspaces/isaac_ros-dev/install/xacro/share/ament_index/resource_index/packages/xacro
[5.203s] -- Up-to-date: /workspaces/isaac_ros-dev/install/xacro/share/xacro/cmake/xacro-extras.cmake
[5.204s] -- Up-to-date: /workspaces/isaac_ros-dev/install/xacro/share/xacro/cmake/xacroConfig.cmake
[5.205s] -- Up-to-date: /workspaces/isaac_ros-dev/install/xacro/share/xacro/cmake/xacroConfig-version.cmake
[5.206s] -- Up-to-date: /workspaces/isaac_ros-dev/install/xacro/share/xacro/package.xml
[5.343s] Invoked command in '/workspaces/isaac_ros-dev/build/xacro' returned '0': CMAKE_PREFIX_PATH=/workspaces/isaac_ros-dev/install/yolov8_bringup:/workspaces/isaac_ros-dev/install/multisense_ros:/workspaces/isaac_ros-dev/install/xacro:/workspaces/isaac_ros-dev/install/vision_msgs_rviz_plugins:/workspaces/isaac_ros-dev/install/vision_msgs:/workspaces/isaac_ros-dev/install/velodyne:/workspaces/isaac_ros-dev/install/velodyne_pointcloud:/workspaces/isaac_ros-dev/install/velodyne_driver:/workspaces/isaac_ros-dev/install/velodyne_msgs:/workspaces/isaac_ros-dev/install/velodyne_laserscan:/workspaces/isaac_ros-dev/install/vectornav:/workspaces/isaac_ros-dev/install/sdv_localization:/workspaces/isaac_ros-dev/install/vectornav_msgs:/workspaces/isaac_ros-dev/install/slam_toolbox:/workspaces/isaac_ros-dev/install/sdv_msg:/workspaces/isaac_ros-dev/install/sdv_localization_msgs:/workspaces/isaac_ros-dev/install/pointcloud_to_laserscan:/workspaces/isaac_ros-dev/install/my_package:/workspaces/isaac_ros-dev/install/multisense_msgs:/workspaces/isaac_ros-dev/install/multisense_lib:/workspaces/isaac_ros-dev/install/isaac_ros_visual_slam:/workspaces/isaac_ros-dev/install/isaac_ros_visual_slam_interfaces:/workspaces/isaac_ros-dev/install/isaac_ros_tensor_list_interfaces:/workspaces/isaac_ros-dev/install/isaac_ros_common:/workspaces/isaac_ros-dev/install/isaac_ros_bi3d_interfaces:/workspaces/isaac_ros-dev/install/isaac_ros_apriltag_interfaces:/workspaces/isaac_ros-dev/install/yolov8_ros:/workspaces/isaac_ros-dev/install/xbox_controller:/workspaces/isaac_ros-dev/install/panel:/workspaces/isaac_ros-dev/install/isaac_ros_test:/workspaces/isaac_ros-dev/install/encoder:/opt/ros/humble/install /usr/bin/cmake --install /workspaces/isaac_ros-dev/build/xacro
