[0.684s] Invoking command in '/workspaces/isaac_ros-dev/build/vectornav': CMAKE_PREFIX_PATH=/workspaces/isaac_ros-dev/install/vectornav_msgs:/workspaces/isaac_ros-dev/install/yolov8_bringup:/workspaces/isaac_ros-dev/install/xacro:/workspaces/isaac_ros-dev/install/vision_msgs:/workspaces/isaac_ros-dev/install/velodyne_driver:/workspaces/isaac_ros-dev/install/velodyne_msgs:/workspaces/isaac_ros-dev/install/velodyne_laserscan:/workspaces/isaac_ros-dev/install/sdv_msg:/workspaces/isaac_ros-dev/install/sdv_localization_msgs:/workspaces/isaac_ros-dev/install/my_package:/workspaces/isaac_ros-dev/install/multisense_msgs:/workspaces/isaac_ros-dev/install/multisense_lib:/workspaces/isaac_ros-dev/install/isaac_ros_visual_slam_interfaces:/workspaces/isaac_ros-dev/install/isaac_ros_tensor_list_interfaces:/workspaces/isaac_ros-dev/install/isaac_ros_common:/workspaces/isaac_ros-dev/install/isaac_ros_bi3d_interfaces:/workspaces/isaac_ros-dev/install/isaac_ros_apriltag_interfaces:/workspaces/isaac_ros-dev/install/yolov8_ros:/workspaces/isaac_ros-dev/install/panel:/workspaces/isaac_ros-dev/install/isaac_ros_test:/workspaces/isaac_ros-dev/install/encoder:/opt/ros/humble/install LD_LIBRARY_PATH=/workspaces/isaac_ros-dev/install/vectornav_msgs/lib:/workspaces/isaac_ros-dev/install/vision_msgs/lib:/workspaces/isaac_ros-dev/install/velodyne_driver/lib:/workspaces/isaac_ros-dev/install/velodyne_msgs/lib:/workspaces/isaac_ros-dev/install/velodyne_laserscan/lib:/workspaces/isaac_ros-dev/install/sdv_msg/lib:/workspaces/isaac_ros-dev/install/sdv_localization_msgs/lib:/workspaces/isaac_ros-dev/install/multisense_msgs/lib:/workspaces/isaac_ros-dev/install/multisense_lib/lib:/workspaces/isaac_ros-dev/install/isaac_ros_visual_slam_interfaces/lib:/workspaces/isaac_ros-dev/install/isaac_ros_tensor_list_interfaces/lib:/workspaces/isaac_ros-dev/install/isaac_ros_common/lib:/workspaces/isaac_ros-dev/install/isaac_ros_bi3d_interfaces/lib:/workspaces/isaac_ros-dev/install/isaac_ros_apriltag_interfaces/lib:/opt/ros/humble/install/opt/rviz_ogre_vendor/lib:/opt/ros/humble/install/lib:/usr/lib/aarch64-linux-gnu/tegra-egl:/usr/local/cuda-11.4/targets/aarch64-linux/lib:/usr/lib/aarch64-linux-gnu/tegra:/opt/nvidia/vpi2/lib64:/usr/lib/aarch64-linux-gnu-host:/opt/tritonserver/lib PYTHONPATH=/workspaces/isaac_ros-dev/install/vectornav_msgs/lib/python3.8/site-packages:/workspaces/isaac_ros-dev/install/yolov8_ros/lib/python3.8/site-packages:/workspaces/isaac_ros-dev/install/xacro/lib/python3.8/site-packages:/workspaces/isaac_ros-dev/install/vision_msgs/lib/python3.8/site-packages:/workspaces/isaac_ros-dev/install/velodyne_msgs/lib/python3.8/site-packages:/workspaces/isaac_ros-dev/install/sdv_msg/lib/python3.8/site-packages:/workspaces/isaac_ros-dev/install/sdv_localization_msgs/lib/python3.8/site-packages:/workspaces/isaac_ros-dev/install/panel/lib/python3.8/site-packages:/workspaces/isaac_ros-dev/install/multisense_msgs/lib/python3.8/site-packages:/workspaces/isaac_ros-dev/install/isaac_ros_visual_slam_interfaces/lib/python3.8/site-packages:/workspaces/isaac_ros-dev/install/isaac_ros_test/lib/python3.8/site-packages:/workspaces/isaac_ros-dev/install/isaac_ros_tensor_list_interfaces/lib/python3.8/site-packages:/workspaces/isaac_ros-dev/install/isaac_ros_bi3d_interfaces/lib/python3.8/site-packages:/workspaces/isaac_ros-dev/install/isaac_ros_apriltag_interfaces/lib/python3.8/site-packages:/workspaces/isaac_ros-dev/install/encoder/lib/python3.8/site-packages:/opt/ros/humble/install/lib/python3.8/site-packages /usr/bin/cmake --build /workspaces/isaac_ros-dev/build/vectornav -- -j8 -l8
[0.788s] [35m[1mConsolidate compiler generated dependencies of target vn_sensor_msgs[0m
[0.788s] [35m[1mConsolidate compiler generated dependencies of target vncxx[0m
[0.789s] [  7%] Built target vn_sensor_msgs
[0.792s] [ 92%] Built target vncxx
[0.826s] [35m[1mConsolidate compiler generated dependencies of target vectornav[0m
[0.902s] [100%] Built target vectornav
[1.188s] Invoked command in '/workspaces/isaac_ros-dev/build/vectornav' returned '0': CMAKE_PREFIX_PATH=/workspaces/isaac_ros-dev/install/vectornav_msgs:/workspaces/isaac_ros-dev/install/yolov8_bringup:/workspaces/isaac_ros-dev/install/xacro:/workspaces/isaac_ros-dev/install/vision_msgs:/workspaces/isaac_ros-dev/install/velodyne_driver:/workspaces/isaac_ros-dev/install/velodyne_msgs:/workspaces/isaac_ros-dev/install/velodyne_laserscan:/workspaces/isaac_ros-dev/install/sdv_msg:/workspaces/isaac_ros-dev/install/sdv_localization_msgs:/workspaces/isaac_ros-dev/install/my_package:/workspaces/isaac_ros-dev/install/multisense_msgs:/workspaces/isaac_ros-dev/install/multisense_lib:/workspaces/isaac_ros-dev/install/isaac_ros_visual_slam_interfaces:/workspaces/isaac_ros-dev/install/isaac_ros_tensor_list_interfaces:/workspaces/isaac_ros-dev/install/isaac_ros_common:/workspaces/isaac_ros-dev/install/isaac_ros_bi3d_interfaces:/workspaces/isaac_ros-dev/install/isaac_ros_apriltag_interfaces:/workspaces/isaac_ros-dev/install/yolov8_ros:/workspaces/isaac_ros-dev/install/panel:/workspaces/isaac_ros-dev/install/isaac_ros_test:/workspaces/isaac_ros-dev/install/encoder:/opt/ros/humble/install LD_LIBRARY_PATH=/workspaces/isaac_ros-dev/install/vectornav_msgs/lib:/workspaces/isaac_ros-dev/install/vision_msgs/lib:/workspaces/isaac_ros-dev/install/velodyne_driver/lib:/workspaces/isaac_ros-dev/install/velodyne_msgs/lib:/workspaces/isaac_ros-dev/install/velodyne_laserscan/lib:/workspaces/isaac_ros-dev/install/sdv_msg/lib:/workspaces/isaac_ros-dev/install/sdv_localization_msgs/lib:/workspaces/isaac_ros-dev/install/multisense_msgs/lib:/workspaces/isaac_ros-dev/install/multisense_lib/lib:/workspaces/isaac_ros-dev/install/isaac_ros_visual_slam_interfaces/lib:/workspaces/isaac_ros-dev/install/isaac_ros_tensor_list_interfaces/lib:/workspaces/isaac_ros-dev/install/isaac_ros_common/lib:/workspaces/isaac_ros-dev/install/isaac_ros_bi3d_interfaces/lib:/workspaces/isaac_ros-dev/install/isaac_ros_apriltag_interfaces/lib:/opt/ros/humble/install/opt/rviz_ogre_vendor/lib:/opt/ros/humble/install/lib:/usr/lib/aarch64-linux-gnu/tegra-egl:/usr/local/cuda-11.4/targets/aarch64-linux/lib:/usr/lib/aarch64-linux-gnu/tegra:/opt/nvidia/vpi2/lib64:/usr/lib/aarch64-linux-gnu-host:/opt/tritonserver/lib PYTHONPATH=/workspaces/isaac_ros-dev/install/vectornav_msgs/lib/python3.8/site-packages:/workspaces/isaac_ros-dev/install/yolov8_ros/lib/python3.8/site-packages:/workspaces/isaac_ros-dev/install/xacro/lib/python3.8/site-packages:/workspaces/isaac_ros-dev/install/vision_msgs/lib/python3.8/site-packages:/workspaces/isaac_ros-dev/install/velodyne_msgs/lib/python3.8/site-packages:/workspaces/isaac_ros-dev/install/sdv_msg/lib/python3.8/site-packages:/workspaces/isaac_ros-dev/install/sdv_localization_msgs/lib/python3.8/site-packages:/workspaces/isaac_ros-dev/install/panel/lib/python3.8/site-packages:/workspaces/isaac_ros-dev/install/multisense_msgs/lib/python3.8/site-packages:/workspaces/isaac_ros-dev/install/isaac_ros_visual_slam_interfaces/lib/python3.8/site-packages:/workspaces/isaac_ros-dev/install/isaac_ros_test/lib/python3.8/site-packages:/workspaces/isaac_ros-dev/install/isaac_ros_tensor_list_interfaces/lib/python3.8/site-packages:/workspaces/isaac_ros-dev/install/isaac_ros_bi3d_interfaces/lib/python3.8/site-packages:/workspaces/isaac_ros-dev/install/isaac_ros_apriltag_interfaces/lib/python3.8/site-packages:/workspaces/isaac_ros-dev/install/encoder/lib/python3.8/site-packages:/opt/ros/humble/install/lib/python3.8/site-packages /usr/bin/cmake --build /workspaces/isaac_ros-dev/build/vectornav -- -j8 -l8
[3.081s] Invoking command in '/workspaces/isaac_ros-dev/build/vectornav': CMAKE_PREFIX_PATH=/workspaces/isaac_ros-dev/install/vectornav_msgs:/workspaces/isaac_ros-dev/install/yolov8_bringup:/workspaces/isaac_ros-dev/install/xacro:/workspaces/isaac_ros-dev/install/vision_msgs:/workspaces/isaac_ros-dev/install/velodyne_driver:/workspaces/isaac_ros-dev/install/velodyne_msgs:/workspaces/isaac_ros-dev/install/velodyne_laserscan:/workspaces/isaac_ros-dev/install/sdv_msg:/workspaces/isaac_ros-dev/install/sdv_localization_msgs:/workspaces/isaac_ros-dev/install/my_package:/workspaces/isaac_ros-dev/install/multisense_msgs:/workspaces/isaac_ros-dev/install/multisense_lib:/workspaces/isaac_ros-dev/install/isaac_ros_visual_slam_interfaces:/workspaces/isaac_ros-dev/install/isaac_ros_tensor_list_interfaces:/workspaces/isaac_ros-dev/install/isaac_ros_common:/workspaces/isaac_ros-dev/install/isaac_ros_bi3d_interfaces:/workspaces/isaac_ros-dev/install/isaac_ros_apriltag_interfaces:/workspaces/isaac_ros-dev/install/yolov8_ros:/workspaces/isaac_ros-dev/install/panel:/workspaces/isaac_ros-dev/install/isaac_ros_test:/workspaces/isaac_ros-dev/install/encoder:/opt/ros/humble/install LD_LIBRARY_PATH=/workspaces/isaac_ros-dev/install/vectornav_msgs/lib:/workspaces/isaac_ros-dev/install/vision_msgs/lib:/workspaces/isaac_ros-dev/install/velodyne_driver/lib:/workspaces/isaac_ros-dev/install/velodyne_msgs/lib:/workspaces/isaac_ros-dev/install/velodyne_laserscan/lib:/workspaces/isaac_ros-dev/install/sdv_msg/lib:/workspaces/isaac_ros-dev/install/sdv_localization_msgs/lib:/workspaces/isaac_ros-dev/install/multisense_msgs/lib:/workspaces/isaac_ros-dev/install/multisense_lib/lib:/workspaces/isaac_ros-dev/install/isaac_ros_visual_slam_interfaces/lib:/workspaces/isaac_ros-dev/install/isaac_ros_tensor_list_interfaces/lib:/workspaces/isaac_ros-dev/install/isaac_ros_common/lib:/workspaces/isaac_ros-dev/install/isaac_ros_bi3d_interfaces/lib:/workspaces/isaac_ros-dev/install/isaac_ros_apriltag_interfaces/lib:/opt/ros/humble/install/opt/rviz_ogre_vendor/lib:/opt/ros/humble/install/lib:/usr/lib/aarch64-linux-gnu/tegra-egl:/usr/local/cuda-11.4/targets/aarch64-linux/lib:/usr/lib/aarch64-linux-gnu/tegra:/opt/nvidia/vpi2/lib64:/usr/lib/aarch64-linux-gnu-host:/opt/tritonserver/lib PYTHONPATH=/workspaces/isaac_ros-dev/install/vectornav_msgs/lib/python3.8/site-packages:/workspaces/isaac_ros-dev/install/yolov8_ros/lib/python3.8/site-packages:/workspaces/isaac_ros-dev/install/xacro/lib/python3.8/site-packages:/workspaces/isaac_ros-dev/install/vision_msgs/lib/python3.8/site-packages:/workspaces/isaac_ros-dev/install/velodyne_msgs/lib/python3.8/site-packages:/workspaces/isaac_ros-dev/install/sdv_msg/lib/python3.8/site-packages:/workspaces/isaac_ros-dev/install/sdv_localization_msgs/lib/python3.8/site-packages:/workspaces/isaac_ros-dev/install/panel/lib/python3.8/site-packages:/workspaces/isaac_ros-dev/install/multisense_msgs/lib/python3.8/site-packages:/workspaces/isaac_ros-dev/install/isaac_ros_visual_slam_interfaces/lib/python3.8/site-packages:/workspaces/isaac_ros-dev/install/isaac_ros_test/lib/python3.8/site-packages:/workspaces/isaac_ros-dev/install/isaac_ros_tensor_list_interfaces/lib/python3.8/site-packages:/workspaces/isaac_ros-dev/install/isaac_ros_bi3d_interfaces/lib/python3.8/site-packages:/workspaces/isaac_ros-dev/install/isaac_ros_apriltag_interfaces/lib/python3.8/site-packages:/workspaces/isaac_ros-dev/install/encoder/lib/python3.8/site-packages:/opt/ros/humble/install/lib/python3.8/site-packages /usr/bin/cmake --install /workspaces/isaac_ros-dev/build/vectornav
[3.205s] -- Install configuration: ""
[3.205s] -- Up-to-date: /workspaces/isaac_ros-dev/install/vectornav/lib/vectornav/vectornav
[3.206s] -- Up-to-date: /workspaces/isaac_ros-dev/install/vectornav/lib/vectornav/vn_sensor_msgs
[3.206s] -- Up-to-date: /workspaces/isaac_ros-dev/install/vectornav/share/vectornav//config
[3.207s] -- Up-to-date: /workspaces/isaac_ros-dev/install/vectornav/share/vectornav//config/vectornav.yaml
[3.207s] -- Up-to-date: /workspaces/isaac_ros-dev/install/vectornav/share/vectornav//config/vn_100_800hz.yaml
[3.207s] -- Up-to-date: /workspaces/isaac_ros-dev/install/vectornav/share/vectornav//launch
[3.207s] -- Up-to-date: /workspaces/isaac_ros-dev/install/vectornav/share/vectornav//launch/vectornav.launch.py
[3.208s] -- Up-to-date: /workspaces/isaac_ros-dev/install/vectornav/share/vectornav//launch/__pycache__
[3.208s] -- Up-to-date: /workspaces/isaac_ros-dev/install/vectornav/share/vectornav//launch/__pycache__/vectornav.launch.cpython-38.pyc
[3.208s] -- Up-to-date: /workspaces/isaac_ros-dev/install/vectornav/share/ament_index/resource_index/package_run_dependencies/vectornav
[3.209s] -- Up-to-date: /workspaces/isaac_ros-dev/install/vectornav/share/ament_index/resource_index/parent_prefix_path/vectornav
[3.210s] -- Up-to-date: /workspaces/isaac_ros-dev/install/vectornav/share/vectornav/environment/ament_prefix_path.sh
[3.210s] -- Up-to-date: /workspaces/isaac_ros-dev/install/vectornav/share/vectornav/environment/ament_prefix_path.dsv
[3.211s] -- Up-to-date: /workspaces/isaac_ros-dev/install/vectornav/share/vectornav/environment/path.sh
[3.211s] -- Up-to-date: /workspaces/isaac_ros-dev/install/vectornav/share/vectornav/environment/path.dsv
[3.212s] -- Up-to-date: /workspaces/isaac_ros-dev/install/vectornav/share/vectornav/local_setup.bash
[3.212s] -- Up-to-date: /workspaces/isaac_ros-dev/install/vectornav/share/vectornav/local_setup.sh
[3.213s] -- Up-to-date: /workspaces/isaac_ros-dev/install/vectornav/share/vectornav/local_setup.zsh
[3.214s] -- Up-to-date: /workspaces/isaac_ros-dev/install/vectornav/share/vectornav/local_setup.dsv
[3.214s] -- Installing: /workspaces/isaac_ros-dev/install/vectornav/share/vectornav/package.dsv
[3.214s] -- Up-to-date: /workspaces/isaac_ros-dev/install/vectornav/share/ament_index/resource_index/packages/vectornav
[3.215s] -- Up-to-date: /workspaces/isaac_ros-dev/install/vectornav/share/vectornav/cmake/ament_cmake_export_dependencies-extras.cmake
[3.215s] -- Up-to-date: /workspaces/isaac_ros-dev/install/vectornav/share/vectornav/cmake/vectornavConfig.cmake
[3.216s] -- Up-to-date: /workspaces/isaac_ros-dev/install/vectornav/share/vectornav/cmake/vectornavConfig-version.cmake
[3.216s] -- Up-to-date: /workspaces/isaac_ros-dev/install/vectornav/share/vectornav/package.xml
[3.217s] -- Up-to-date: /workspaces/isaac_ros-dev/install/vectornav/lib/libvncxx.so
[3.217s] -- Up-to-date: /workspaces/isaac_ros-dev/install/vectornav/include/vn
[3.218s] -- Up-to-date: /workspaces/isaac_ros-dev/install/vectornav/include/vn/memoryport.h
[3.218s] -- Up-to-date: /workspaces/isaac_ros-dev/install/vectornav/include/vn/mock.h
[3.219s] -- Up-to-date: /workspaces/isaac_ros-dev/install/vectornav/include/vn/exceptions.h
[3.219s] -- Up-to-date: /workspaces/isaac_ros-dev/install/vectornav/include/vn/rtcmlistener.h
[3.220s] -- Up-to-date: /workspaces/isaac_ros-dev/install/vectornav/include/vn/thread.h
[3.230s] -- Up-to-date: /workspaces/isaac_ros-dev/install/vectornav/include/vn/boostpython.h
[3.231s] -- Up-to-date: /workspaces/isaac_ros-dev/install/vectornav/include/vn/event.h
[3.232s] -- Up-to-date: /workspaces/isaac_ros-dev/install/vectornav/include/vn/ezasyncdata.h
[3.232s] -- Up-to-date: /workspaces/isaac_ros-dev/install/vectornav/include/vn/conversions.h
[3.233s] -- Up-to-date: /workspaces/isaac_ros-dev/install/vectornav/include/vn/error_detection.h
[3.233s] -- Up-to-date: /workspaces/isaac_ros-dev/install/vectornav/include/vn/export.h
[3.234s] -- Up-to-date: /workspaces/isaac_ros-dev/install/vectornav/include/vn/nocopy.h
[3.235s] -- Up-to-date: /workspaces/isaac_ros-dev/install/vectornav/include/vn/packetfinder.h
[3.235s] -- Up-to-date: /workspaces/isaac_ros-dev/install/vectornav/include/vn/compiler.h
[3.236s] -- Up-to-date: /workspaces/isaac_ros-dev/install/vectornav/include/vn/dllvalidator.h
[3.236s] -- Up-to-date: /workspaces/isaac_ros-dev/install/vectornav/include/vn/searcher.h
[3.237s] -- Up-to-date: /workspaces/isaac_ros-dev/install/vectornav/include/vn/criticalsection.h
[3.238s] -- Up-to-date: /workspaces/isaac_ros-dev/install/vectornav/include/vn/util.h
[3.238s] -- Up-to-date: /workspaces/isaac_ros-dev/install/vectornav/include/vn/vntime.h
[3.240s] -- Up-to-date: /workspaces/isaac_ros-dev/install/vectornav/include/vn/types.h
[3.240s] -- Up-to-date: /workspaces/isaac_ros-dev/install/vectornav/include/vn/matrix.h
[3.240s] -- Up-to-date: /workspaces/isaac_ros-dev/install/vectornav/include/vn/int.h
[3.241s] -- Up-to-date: /workspaces/isaac_ros-dev/install/vectornav/include/vn/rtcmmessage.h
[3.241s] -- Up-to-date: /workspaces/isaac_ros-dev/install/vectornav/include/vn/packet.h
[3.251s] -- Up-to-date: /workspaces/isaac_ros-dev/install/vectornav/include/vn/utilities.h
[3.252s] -- Up-to-date: /workspaces/isaac_ros-dev/install/vectornav/include/vn/attitude.h
[3.253s] -- Up-to-date: /workspaces/isaac_ros-dev/install/vectornav/include/vn/sensors.h
[3.253s] -- Up-to-date: /workspaces/isaac_ros-dev/install/vectornav/include/vn/consts.h
[3.254s] -- Up-to-date: /workspaces/isaac_ros-dev/install/vectornav/include/vn/vector.h
[3.255s] -- Up-to-date: /workspaces/isaac_ros-dev/install/vectornav/include/vn/position.h
[3.255s] -- Up-to-date: /workspaces/isaac_ros-dev/install/vectornav/include/vn/registers.h
[3.256s] -- Up-to-date: /workspaces/isaac_ros-dev/install/vectornav/include/vn/compositedata.h
[3.257s] -- Up-to-date: /workspaces/isaac_ros-dev/install/vectornav/include/vn/signal.h
[3.257s] -- Up-to-date: /workspaces/isaac_ros-dev/install/vectornav/include/vn/port.h
[3.258s] -- Up-to-date: /workspaces/isaac_ros-dev/install/vectornav/include/vn/serialport.h
[3.328s] Invoked command in '/workspaces/isaac_ros-dev/build/vectornav' returned '0': CMAKE_PREFIX_PATH=/workspaces/isaac_ros-dev/install/vectornav_msgs:/workspaces/isaac_ros-dev/install/yolov8_bringup:/workspaces/isaac_ros-dev/install/xacro:/workspaces/isaac_ros-dev/install/vision_msgs:/workspaces/isaac_ros-dev/install/velodyne_driver:/workspaces/isaac_ros-dev/install/velodyne_msgs:/workspaces/isaac_ros-dev/install/velodyne_laserscan:/workspaces/isaac_ros-dev/install/sdv_msg:/workspaces/isaac_ros-dev/install/sdv_localization_msgs:/workspaces/isaac_ros-dev/install/my_package:/workspaces/isaac_ros-dev/install/multisense_msgs:/workspaces/isaac_ros-dev/install/multisense_lib:/workspaces/isaac_ros-dev/install/isaac_ros_visual_slam_interfaces:/workspaces/isaac_ros-dev/install/isaac_ros_tensor_list_interfaces:/workspaces/isaac_ros-dev/install/isaac_ros_common:/workspaces/isaac_ros-dev/install/isaac_ros_bi3d_interfaces:/workspaces/isaac_ros-dev/install/isaac_ros_apriltag_interfaces:/workspaces/isaac_ros-dev/install/yolov8_ros:/workspaces/isaac_ros-dev/install/panel:/workspaces/isaac_ros-dev/install/isaac_ros_test:/workspaces/isaac_ros-dev/install/encoder:/opt/ros/humble/install LD_LIBRARY_PATH=/workspaces/isaac_ros-dev/install/vectornav_msgs/lib:/workspaces/isaac_ros-dev/install/vision_msgs/lib:/workspaces/isaac_ros-dev/install/velodyne_driver/lib:/workspaces/isaac_ros-dev/install/velodyne_msgs/lib:/workspaces/isaac_ros-dev/install/velodyne_laserscan/lib:/workspaces/isaac_ros-dev/install/sdv_msg/lib:/workspaces/isaac_ros-dev/install/sdv_localization_msgs/lib:/workspaces/isaac_ros-dev/install/multisense_msgs/lib:/workspaces/isaac_ros-dev/install/multisense_lib/lib:/workspaces/isaac_ros-dev/install/isaac_ros_visual_slam_interfaces/lib:/workspaces/isaac_ros-dev/install/isaac_ros_tensor_list_interfaces/lib:/workspaces/isaac_ros-dev/install/isaac_ros_common/lib:/workspaces/isaac_ros-dev/install/isaac_ros_bi3d_interfaces/lib:/workspaces/isaac_ros-dev/install/isaac_ros_apriltag_interfaces/lib:/opt/ros/humble/install/opt/rviz_ogre_vendor/lib:/opt/ros/humble/install/lib:/usr/lib/aarch64-linux-gnu/tegra-egl:/usr/local/cuda-11.4/targets/aarch64-linux/lib:/usr/lib/aarch64-linux-gnu/tegra:/opt/nvidia/vpi2/lib64:/usr/lib/aarch64-linux-gnu-host:/opt/tritonserver/lib PYTHONPATH=/workspaces/isaac_ros-dev/install/vectornav_msgs/lib/python3.8/site-packages:/workspaces/isaac_ros-dev/install/yolov8_ros/lib/python3.8/site-packages:/workspaces/isaac_ros-dev/install/xacro/lib/python3.8/site-packages:/workspaces/isaac_ros-dev/install/vision_msgs/lib/python3.8/site-packages:/workspaces/isaac_ros-dev/install/velodyne_msgs/lib/python3.8/site-packages:/workspaces/isaac_ros-dev/install/sdv_msg/lib/python3.8/site-packages:/workspaces/isaac_ros-dev/install/sdv_localization_msgs/lib/python3.8/site-packages:/workspaces/isaac_ros-dev/install/panel/lib/python3.8/site-packages:/workspaces/isaac_ros-dev/install/multisense_msgs/lib/python3.8/site-packages:/workspaces/isaac_ros-dev/install/isaac_ros_visual_slam_interfaces/lib/python3.8/site-packages:/workspaces/isaac_ros-dev/install/isaac_ros_test/lib/python3.8/site-packages:/workspaces/isaac_ros-dev/install/isaac_ros_tensor_list_interfaces/lib/python3.8/site-packages:/workspaces/isaac_ros-dev/install/isaac_ros_bi3d_interfaces/lib/python3.8/site-packages:/workspaces/isaac_ros-dev/install/isaac_ros_apriltag_interfaces/lib/python3.8/site-packages:/workspaces/isaac_ros-dev/install/encoder/lib/python3.8/site-packages:/opt/ros/humble/install/lib/python3.8/site-packages /usr/bin/cmake --install /workspaces/isaac_ros-dev/build/vectornav
