[0.659s] Invoking command in '/workspaces/isaac_ros-dev/build/vectornav_msgs': CMAKE_PREFIX_PATH=/workspaces/isaac_ros-dev/install/yolov8_bringup:/workspaces/isaac_ros-dev/install/multisense_ros:/workspaces/isaac_ros-dev/install/xacro:/workspaces/isaac_ros-dev/install/vision_msgs_rviz_plugins:/workspaces/isaac_ros-dev/install/vision_msgs:/workspaces/isaac_ros-dev/install/velodyne:/workspaces/isaac_ros-dev/install/velodyne_pointcloud:/workspaces/isaac_ros-dev/install/velodyne_driver:/workspaces/isaac_ros-dev/install/velodyne_msgs:/workspaces/isaac_ros-dev/install/velodyne_laserscan:/workspaces/isaac_ros-dev/install/vectornav:/workspaces/isaac_ros-dev/install/sdv_localization:/workspaces/isaac_ros-dev/install/vectornav_msgs:/workspaces/isaac_ros-dev/install/slam_toolbox:/workspaces/isaac_ros-dev/install/sdv_msg:/workspaces/isaac_ros-dev/install/sdv_localization_msgs:/workspaces/isaac_ros-dev/install/pointcloud_to_laserscan:/workspaces/isaac_ros-dev/install/my_package:/workspaces/isaac_ros-dev/install/multisense_msgs:/workspaces/isaac_ros-dev/install/multisense_lib:/workspaces/isaac_ros-dev/install/isaac_ros_visual_slam:/workspaces/isaac_ros-dev/install/isaac_ros_visual_slam_interfaces:/workspaces/isaac_ros-dev/install/isaac_ros_tensor_list_interfaces:/workspaces/isaac_ros-dev/install/isaac_ros_common:/workspaces/isaac_ros-dev/install/isaac_ros_bi3d_interfaces:/workspaces/isaac_ros-dev/install/isaac_ros_apriltag_interfaces:/workspaces/isaac_ros-dev/install/yolov8_ros:/workspaces/isaac_ros-dev/install/xbox_controller:/workspaces/isaac_ros-dev/install/panel:/workspaces/isaac_ros-dev/install/isaac_ros_test:/workspaces/isaac_ros-dev/install/encoder:/opt/ros/humble/install /usr/bin/cmake --build /workspaces/isaac_ros-dev/build/vectornav_msgs -- -j8 -l8
[3.430s] [  0%] Built target vectornav_msgs__cpp
[3.431s] [ 12%] Built target vectornav_msgs__rosidl_generator_c
[3.431s] [ 12%] Built target ament_cmake_python_copy_vectornav_msgs
[3.431s] [ 23%] Built target vectornav_msgs__rosidl_typesupport_fastrtps_cpp
[3.432s] [ 39%] Built target vectornav_msgs__rosidl_typesupport_cpp
[3.432s] [ 47%] Built target vectornav_msgs__rosidl_typesupport_introspection_cpp
[3.432s] [ 59%] Built target vectornav_msgs__rosidl_typesupport_fastrtps_c
[3.433s] [ 71%] Built target vectornav_msgs__rosidl_typesupport_introspection_c
[3.433s] [ 83%] Built target vectornav_msgs__rosidl_typesupport_c
[3.433s] [ 83%] Built target vectornav_msgs
[3.433s] [ 84%] Built target vectornav_msgs__py
[3.434s] [ 95%] Built target vectornav_msgs__rosidl_generator_py
[3.434s] [ 96%] Built target vectornav_msgs__rosidl_typesupport_c__pyext
[3.434s] [ 98%] Built target vectornav_msgs__rosidl_typesupport_fastrtps_c__pyext
[3.435s] [100%] Built target vectornav_msgs__rosidl_typesupport_introspection_c__pyext
[3.435s] running egg_info
[3.435s] writing vectornav_msgs.egg-info/PKG-INFO
[3.436s] writing dependency_links to vectornav_msgs.egg-info/dependency_links.txt
[3.436s] writing top-level names to vectornav_msgs.egg-info/top_level.txt
[3.977s] reading manifest file 'vectornav_msgs.egg-info/SOURCES.txt'
[3.982s] writing manifest file 'vectornav_msgs.egg-info/SOURCES.txt'
[4.647s] [100%] Built target ament_cmake_python_build_vectornav_msgs_egg
[4.698s] Invoked command in '/workspaces/isaac_ros-dev/build/vectornav_msgs' returned '0': CMAKE_PREFIX_PATH=/workspaces/isaac_ros-dev/install/yolov8_bringup:/workspaces/isaac_ros-dev/install/multisense_ros:/workspaces/isaac_ros-dev/install/xacro:/workspaces/isaac_ros-dev/install/vision_msgs_rviz_plugins:/workspaces/isaac_ros-dev/install/vision_msgs:/workspaces/isaac_ros-dev/install/velodyne:/workspaces/isaac_ros-dev/install/velodyne_pointcloud:/workspaces/isaac_ros-dev/install/velodyne_driver:/workspaces/isaac_ros-dev/install/velodyne_msgs:/workspaces/isaac_ros-dev/install/velodyne_laserscan:/workspaces/isaac_ros-dev/install/vectornav:/workspaces/isaac_ros-dev/install/sdv_localization:/workspaces/isaac_ros-dev/install/vectornav_msgs:/workspaces/isaac_ros-dev/install/slam_toolbox:/workspaces/isaac_ros-dev/install/sdv_msg:/workspaces/isaac_ros-dev/install/sdv_localization_msgs:/workspaces/isaac_ros-dev/install/pointcloud_to_laserscan:/workspaces/isaac_ros-dev/install/my_package:/workspaces/isaac_ros-dev/install/multisense_msgs:/workspaces/isaac_ros-dev/install/multisense_lib:/workspaces/isaac_ros-dev/install/isaac_ros_visual_slam:/workspaces/isaac_ros-dev/install/isaac_ros_visual_slam_interfaces:/workspaces/isaac_ros-dev/install/isaac_ros_tensor_list_interfaces:/workspaces/isaac_ros-dev/install/isaac_ros_common:/workspaces/isaac_ros-dev/install/isaac_ros_bi3d_interfaces:/workspaces/isaac_ros-dev/install/isaac_ros_apriltag_interfaces:/workspaces/isaac_ros-dev/install/yolov8_ros:/workspaces/isaac_ros-dev/install/xbox_controller:/workspaces/isaac_ros-dev/install/panel:/workspaces/isaac_ros-dev/install/isaac_ros_test:/workspaces/isaac_ros-dev/install/encoder:/opt/ros/humble/install /usr/bin/cmake --build /workspaces/isaac_ros-dev/build/vectornav_msgs -- -j8 -l8
[9.358s] Invoking command in '/workspaces/isaac_ros-dev/build/vectornav_msgs': CMAKE_PREFIX_PATH=/workspaces/isaac_ros-dev/install/yolov8_bringup:/workspaces/isaac_ros-dev/install/multisense_ros:/workspaces/isaac_ros-dev/install/xacro:/workspaces/isaac_ros-dev/install/vision_msgs_rviz_plugins:/workspaces/isaac_ros-dev/install/vision_msgs:/workspaces/isaac_ros-dev/install/velodyne:/workspaces/isaac_ros-dev/install/velodyne_pointcloud:/workspaces/isaac_ros-dev/install/velodyne_driver:/workspaces/isaac_ros-dev/install/velodyne_msgs:/workspaces/isaac_ros-dev/install/velodyne_laserscan:/workspaces/isaac_ros-dev/install/vectornav:/workspaces/isaac_ros-dev/install/sdv_localization:/workspaces/isaac_ros-dev/install/vectornav_msgs:/workspaces/isaac_ros-dev/install/slam_toolbox:/workspaces/isaac_ros-dev/install/sdv_msg:/workspaces/isaac_ros-dev/install/sdv_localization_msgs:/workspaces/isaac_ros-dev/install/pointcloud_to_laserscan:/workspaces/isaac_ros-dev/install/my_package:/workspaces/isaac_ros-dev/install/multisense_msgs:/workspaces/isaac_ros-dev/install/multisense_lib:/workspaces/isaac_ros-dev/install/isaac_ros_visual_slam:/workspaces/isaac_ros-dev/install/isaac_ros_visual_slam_interfaces:/workspaces/isaac_ros-dev/install/isaac_ros_tensor_list_interfaces:/workspaces/isaac_ros-dev/install/isaac_ros_common:/workspaces/isaac_ros-dev/install/isaac_ros_bi3d_interfaces:/workspaces/isaac_ros-dev/install/isaac_ros_apriltag_interfaces:/workspaces/isaac_ros-dev/install/yolov8_ros:/workspaces/isaac_ros-dev/install/xbox_controller:/workspaces/isaac_ros-dev/install/panel:/workspaces/isaac_ros-dev/install/isaac_ros_test:/workspaces/isaac_ros-dev/install/encoder:/opt/ros/humble/install /usr/bin/cmake --install /workspaces/isaac_ros-dev/build/vectornav_msgs
[9.395s] -- Install configuration: ""
[9.399s] -- Up-to-date: /workspaces/isaac_ros-dev/install/vectornav_msgs/share/ament_index/resource_index/rosidl_interfaces/vectornav_msgs
[9.402s] -- Up-to-date: /workspaces/isaac_ros-dev/install/vectornav_msgs/include/vectornav_msgs/vectornav_msgs
[9.404s] -- Up-to-date: /workspaces/isaac_ros-dev/install/vectornav_msgs/include/vectornav_msgs/vectornav_msgs/msg
[9.404s] -- Up-to-date: /workspaces/isaac_ros-dev/install/vectornav_msgs/include/vectornav_msgs/vectornav_msgs/msg/rosidl_generator_c__visibility_control.h
[9.405s] -- Up-to-date: /workspaces/isaac_ros-dev/install/vectornav_msgs/include/vectornav_msgs/vectornav_msgs/msg/vpe_status.h
[9.405s] -- Up-to-date: /workspaces/isaac_ros-dev/install/vectornav_msgs/include/vectornav_msgs/vectornav_msgs/msg/ins_status.h
[9.406s] -- Up-to-date: /workspaces/isaac_ros-dev/install/vectornav_msgs/include/vectornav_msgs/vectornav_msgs/msg/dop.h
[9.408s] -- Up-to-date: /workspaces/isaac_ros-dev/install/vectornav_msgs/include/vectornav_msgs/vectornav_msgs/msg/gps_group.h
[9.409s] -- Up-to-date: /workspaces/isaac_ros-dev/install/vectornav_msgs/include/vectornav_msgs/vectornav_msgs/msg/common_group.h
[9.410s] -- Up-to-date: /workspaces/isaac_ros-dev/install/vectornav_msgs/include/vectornav_msgs/vectornav_msgs/msg/imu_group.h
[9.410s] -- Up-to-date: /workspaces/isaac_ros-dev/install/vectornav_msgs/include/vectornav_msgs/vectornav_msgs/msg/detail
[9.411s] -- Up-to-date: /workspaces/isaac_ros-dev/install/vectornav_msgs/include/vectornav_msgs/vectornav_msgs/msg/detail/time_utc__functions.h
[9.411s] -- Up-to-date: /workspaces/isaac_ros-dev/install/vectornav_msgs/include/vectornav_msgs/vectornav_msgs/msg/detail/time_utc__type_support.h
[9.412s] -- Up-to-date: /workspaces/isaac_ros-dev/install/vectornav_msgs/include/vectornav_msgs/vectornav_msgs/msg/detail/time_status__functions.h
[9.412s] -- Up-to-date: /workspaces/isaac_ros-dev/install/vectornav_msgs/include/vectornav_msgs/vectornav_msgs/msg/detail/ins_group__struct.h
[9.413s] -- Up-to-date: /workspaces/isaac_ros-dev/install/vectornav_msgs/include/vectornav_msgs/vectornav_msgs/msg/detail/dop__type_support.h
[9.413s] -- Up-to-date: /workspaces/isaac_ros-dev/install/vectornav_msgs/include/vectornav_msgs/vectornav_msgs/msg/detail/gps_group__functions.h
[9.413s] -- Up-to-date: /workspaces/isaac_ros-dev/install/vectornav_msgs/include/vectornav_msgs/vectornav_msgs/msg/detail/time_group__type_support.h
[9.414s] -- Up-to-date: /workspaces/isaac_ros-dev/install/vectornav_msgs/include/vectornav_msgs/vectornav_msgs/msg/detail/time_utc__functions.c
[9.414s] -- Up-to-date: /workspaces/isaac_ros-dev/install/vectornav_msgs/include/vectornav_msgs/vectornav_msgs/msg/detail/vpe_status__functions.h
[9.414s] -- Up-to-date: /workspaces/isaac_ros-dev/install/vectornav_msgs/include/vectornav_msgs/vectornav_msgs/msg/detail/time_status__struct.h
[9.419s] -- Up-to-date: /workspaces/isaac_ros-dev/install/vectornav_msgs/include/vectornav_msgs/vectornav_msgs/msg/detail/imu_group__struct.h
[9.419s] -- Up-to-date: /workspaces/isaac_ros-dev/install/vectornav_msgs/include/vectornav_msgs/vectornav_msgs/msg/detail/ins_status__struct.h
[9.419s] -- Up-to-date: /workspaces/isaac_ros-dev/install/vectornav_msgs/include/vectornav_msgs/vectornav_msgs/msg/detail/attitude_group__functions.h
[9.420s] -- Up-to-date: /workspaces/isaac_ros-dev/install/vectornav_msgs/include/vectornav_msgs/vectornav_msgs/msg/detail/imu_group__functions.h
[9.420s] -- Up-to-date: /workspaces/isaac_ros-dev/install/vectornav_msgs/include/vectornav_msgs/vectornav_msgs/msg/detail/common_group__type_support.h
[9.420s] -- Up-to-date: /workspaces/isaac_ros-dev/install/vectornav_msgs/include/vectornav_msgs/vectornav_msgs/msg/detail/attitude_group__struct.h
[9.420s] -- Up-to-date: /workspaces/isaac_ros-dev/install/vectornav_msgs/include/vectornav_msgs/vectornav_msgs/msg/detail/vpe_status__functions.c
[9.421s] -- Up-to-date: /workspaces/isaac_ros-dev/install/vectornav_msgs/include/vectornav_msgs/vectornav_msgs/msg/detail/imu_group__functions.c
[9.421s] -- Up-to-date: /workspaces/isaac_ros-dev/install/vectornav_msgs/include/vectornav_msgs/vectornav_msgs/msg/detail/dop__functions.c
[9.421s] -- Up-to-date: /workspaces/isaac_ros-dev/install/vectornav_msgs/include/vectornav_msgs/vectornav_msgs/msg/detail/dop__struct.h
[9.422s] -- Up-to-date: /workspaces/isaac_ros-dev/install/vectornav_msgs/include/vectornav_msgs/vectornav_msgs/msg/detail/gps_group__functions.c
[9.422s] -- Up-to-date: /workspaces/isaac_ros-dev/install/vectornav_msgs/include/vectornav_msgs/vectornav_msgs/msg/detail/ins_status__functions.h
[9.423s] -- Up-to-date: /workspaces/isaac_ros-dev/install/vectornav_msgs/include/vectornav_msgs/vectornav_msgs/msg/detail/gps_group__type_support.h
[9.423s] -- Up-to-date: /workspaces/isaac_ros-dev/install/vectornav_msgs/include/vectornav_msgs/vectornav_msgs/msg/detail/time_utc__struct.h
[9.423s] -- Up-to-date: /workspaces/isaac_ros-dev/install/vectornav_msgs/include/vectornav_msgs/vectornav_msgs/msg/detail/ins_status__type_support.h
[9.426s] -- Up-to-date: /workspaces/isaac_ros-dev/install/vectornav_msgs/include/vectornav_msgs/vectornav_msgs/msg/detail/ins_group__functions.c
[9.427s] -- Up-to-date: /workspaces/isaac_ros-dev/install/vectornav_msgs/include/vectornav_msgs/vectornav_msgs/msg/detail/common_group__functions.h
[9.427s] -- Up-to-date: /workspaces/isaac_ros-dev/install/vectornav_msgs/include/vectornav_msgs/vectornav_msgs/msg/detail/time_status__functions.c
[9.428s] -- Up-to-date: /workspaces/isaac_ros-dev/install/vectornav_msgs/include/vectornav_msgs/vectornav_msgs/msg/detail/common_group__functions.c
[9.428s] -- Up-to-date: /workspaces/isaac_ros-dev/install/vectornav_msgs/include/vectornav_msgs/vectornav_msgs/msg/detail/imu_group__type_support.h
[9.428s] -- Up-to-date: /workspaces/isaac_ros-dev/install/vectornav_msgs/include/vectornav_msgs/vectornav_msgs/msg/detail/time_group__functions.c
[9.429s] -- Up-to-date: /workspaces/isaac_ros-dev/install/vectornav_msgs/include/vectornav_msgs/vectornav_msgs/msg/detail/time_status__type_support.h
[9.429s] -- Up-to-date: /workspaces/isaac_ros-dev/install/vectornav_msgs/include/vectornav_msgs/vectornav_msgs/msg/detail/time_group__functions.h
[9.429s] -- Up-to-date: /workspaces/isaac_ros-dev/install/vectornav_msgs/include/vectornav_msgs/vectornav_msgs/msg/detail/dop__functions.h
[9.430s] -- Up-to-date: /workspaces/isaac_ros-dev/install/vectornav_msgs/include/vectornav_msgs/vectornav_msgs/msg/detail/attitude_group__functions.c
[9.430s] -- Up-to-date: /workspaces/isaac_ros-dev/install/vectornav_msgs/include/vectornav_msgs/vectornav_msgs/msg/detail/gps_group__struct.h
[9.430s] -- Up-to-date: /workspaces/isaac_ros-dev/install/vectornav_msgs/include/vectornav_msgs/vectornav_msgs/msg/detail/attitude_group__type_support.h
[9.431s] -- Up-to-date: /workspaces/isaac_ros-dev/install/vectornav_msgs/include/vectornav_msgs/vectornav_msgs/msg/detail/ins_group__functions.h
[9.431s] -- Up-to-date: /workspaces/isaac_ros-dev/install/vectornav_msgs/include/vectornav_msgs/vectornav_msgs/msg/detail/common_group__struct.h
[9.432s] -- Up-to-date: /workspaces/isaac_ros-dev/install/vectornav_msgs/include/vectornav_msgs/vectornav_msgs/msg/detail/time_group__struct.h
[9.432s] -- Up-to-date: /workspaces/isaac_ros-dev/install/vectornav_msgs/include/vectornav_msgs/vectornav_msgs/msg/detail/ins_status__functions.c
[9.433s] -- Up-to-date: /workspaces/isaac_ros-dev/install/vectornav_msgs/include/vectornav_msgs/vectornav_msgs/msg/detail/vpe_status__type_support.h
[9.434s] -- Up-to-date: /workspaces/isaac_ros-dev/install/vectornav_msgs/include/vectornav_msgs/vectornav_msgs/msg/detail/ins_group__type_support.h
[9.435s] -- Up-to-date: /workspaces/isaac_ros-dev/install/vectornav_msgs/include/vectornav_msgs/vectornav_msgs/msg/detail/vpe_status__struct.h
[9.435s] -- Up-to-date: /workspaces/isaac_ros-dev/install/vectornav_msgs/include/vectornav_msgs/vectornav_msgs/msg/time_utc.h
[9.435s] -- Up-to-date: /workspaces/isaac_ros-dev/install/vectornav_msgs/include/vectornav_msgs/vectornav_msgs/msg/time_group.h
[9.437s] -- Up-to-date: /workspaces/isaac_ros-dev/install/vectornav_msgs/include/vectornav_msgs/vectornav_msgs/msg/time_status.h
[9.438s] -- Up-to-date: /workspaces/isaac_ros-dev/install/vectornav_msgs/include/vectornav_msgs/vectornav_msgs/msg/attitude_group.h
[9.439s] -- Up-to-date: /workspaces/isaac_ros-dev/install/vectornav_msgs/include/vectornav_msgs/vectornav_msgs/msg/ins_group.h
[9.439s] -- Up-to-date: /workspaces/isaac_ros-dev/install/vectornav_msgs/share/vectornav_msgs/environment/library_path.sh
[9.440s] -- Up-to-date: /workspaces/isaac_ros-dev/install/vectornav_msgs/share/vectornav_msgs/environment/library_path.dsv
[9.440s] -- Up-to-date: /workspaces/isaac_ros-dev/install/vectornav_msgs/lib/libvectornav_msgs__rosidl_generator_c.so
[9.440s] -- Up-to-date: /workspaces/isaac_ros-dev/install/vectornav_msgs/include/vectornav_msgs/vectornav_msgs
[9.441s] -- Up-to-date: /workspaces/isaac_ros-dev/install/vectornav_msgs/include/vectornav_msgs/vectornav_msgs/msg
[9.441s] -- Up-to-date: /workspaces/isaac_ros-dev/install/vectornav_msgs/include/vectornav_msgs/vectornav_msgs/msg/rosidl_typesupport_fastrtps_c__visibility_control.h
[9.441s] -- Up-to-date: /workspaces/isaac_ros-dev/install/vectornav_msgs/include/vectornav_msgs/vectornav_msgs/msg/detail
[9.442s] -- Up-to-date: /workspaces/isaac_ros-dev/install/vectornav_msgs/include/vectornav_msgs/vectornav_msgs/msg/detail/time_group__rosidl_typesupport_fastrtps_c.h
[9.442s] -- Up-to-date: /workspaces/isaac_ros-dev/install/vectornav_msgs/include/vectornav_msgs/vectornav_msgs/msg/detail/attitude_group__rosidl_typesupport_fastrtps_c.h
[9.443s] -- Up-to-date: /workspaces/isaac_ros-dev/install/vectornav_msgs/include/vectornav_msgs/vectornav_msgs/msg/detail/ins_group__rosidl_typesupport_fastrtps_c.h
[9.443s] -- Up-to-date: /workspaces/isaac_ros-dev/install/vectornav_msgs/include/vectornav_msgs/vectornav_msgs/msg/detail/time_utc__rosidl_typesupport_fastrtps_c.h
[9.443s] -- Up-to-date: /workspaces/isaac_ros-dev/install/vectornav_msgs/include/vectornav_msgs/vectornav_msgs/msg/detail/ins_status__rosidl_typesupport_fastrtps_c.h
[9.444s] -- Up-to-date: /workspaces/isaac_ros-dev/install/vectornav_msgs/include/vectornav_msgs/vectornav_msgs/msg/detail/imu_group__rosidl_typesupport_fastrtps_c.h
[9.444s] -- Up-to-date: /workspaces/isaac_ros-dev/install/vectornav_msgs/include/vectornav_msgs/vectornav_msgs/msg/detail/vpe_status__rosidl_typesupport_fastrtps_c.h
[9.444s] -- Up-to-date: /workspaces/isaac_ros-dev/install/vectornav_msgs/include/vectornav_msgs/vectornav_msgs/msg/detail/dop__rosidl_typesupport_fastrtps_c.h
[9.445s] -- Up-to-date: /workspaces/isaac_ros-dev/install/vectornav_msgs/include/vectornav_msgs/vectornav_msgs/msg/detail/common_group__rosidl_typesupport_fastrtps_c.h
[9.446s] -- Up-to-date: /workspaces/isaac_ros-dev/install/vectornav_msgs/include/vectornav_msgs/vectornav_msgs/msg/detail/gps_group__rosidl_typesupport_fastrtps_c.h
[9.451s] -- Up-to-date: /workspaces/isaac_ros-dev/install/vectornav_msgs/include/vectornav_msgs/vectornav_msgs/msg/detail/time_status__rosidl_typesupport_fastrtps_c.h
[9.452s] -- Up-to-date: /workspaces/isaac_ros-dev/install/vectornav_msgs/lib/libvectornav_msgs__rosidl_typesupport_fastrtps_c.so
[9.454s] -- Up-to-date: /workspaces/isaac_ros-dev/install/vectornav_msgs/include/vectornav_msgs/vectornav_msgs
[9.454s] -- Up-to-date: /workspaces/isaac_ros-dev/install/vectornav_msgs/include/vectornav_msgs/vectornav_msgs/msg
[9.455s] -- Up-to-date: /workspaces/isaac_ros-dev/install/vectornav_msgs/include/vectornav_msgs/vectornav_msgs/msg/common_group.hpp
[9.455s] -- Up-to-date: /workspaces/isaac_ros-dev/install/vectornav_msgs/include/vectornav_msgs/vectornav_msgs/msg/attitude_group.hpp
[9.456s] -- Up-to-date: /workspaces/isaac_ros-dev/install/vectornav_msgs/include/vectornav_msgs/vectornav_msgs/msg/vpe_status.hpp
[9.457s] -- Up-to-date: /workspaces/isaac_ros-dev/install/vectornav_msgs/include/vectornav_msgs/vectornav_msgs/msg/dop.hpp
[9.457s] -- Up-to-date: /workspaces/isaac_ros-dev/install/vectornav_msgs/include/vectornav_msgs/vectornav_msgs/msg/time_status.hpp
[9.458s] -- Up-to-date: /workspaces/isaac_ros-dev/install/vectornav_msgs/include/vectornav_msgs/vectornav_msgs/msg/gps_group.hpp
[9.458s] -- Up-to-date: /workspaces/isaac_ros-dev/install/vectornav_msgs/include/vectornav_msgs/vectornav_msgs/msg/imu_group.hpp
[9.458s] -- Up-to-date: /workspaces/isaac_ros-dev/install/vectornav_msgs/include/vectornav_msgs/vectornav_msgs/msg/detail
[9.459s] -- Up-to-date: /workspaces/isaac_ros-dev/install/vectornav_msgs/include/vectornav_msgs/vectornav_msgs/msg/detail/common_group__struct.hpp
[9.459s] -- Up-to-date: /workspaces/isaac_ros-dev/install/vectornav_msgs/include/vectornav_msgs/vectornav_msgs/msg/detail/ins_group__builder.hpp
[9.459s] -- Up-to-date: /workspaces/isaac_ros-dev/install/vectornav_msgs/include/vectornav_msgs/vectornav_msgs/msg/detail/ins_status__traits.hpp
[9.459s] -- Up-to-date: /workspaces/isaac_ros-dev/install/vectornav_msgs/include/vectornav_msgs/vectornav_msgs/msg/detail/vpe_status__struct.hpp
[9.460s] -- Up-to-date: /workspaces/isaac_ros-dev/install/vectornav_msgs/include/vectornav_msgs/vectornav_msgs/msg/detail/common_group__traits.hpp
[9.460s] -- Up-to-date: /workspaces/isaac_ros-dev/install/vectornav_msgs/include/vectornav_msgs/vectornav_msgs/msg/detail/gps_group__struct.hpp
[9.460s] -- Up-to-date: /workspaces/isaac_ros-dev/install/vectornav_msgs/include/vectornav_msgs/vectornav_msgs/msg/detail/attitude_group__builder.hpp
[9.460s] -- Up-to-date: /workspaces/isaac_ros-dev/install/vectornav_msgs/include/vectornav_msgs/vectornav_msgs/msg/detail/imu_group__struct.hpp
[9.479s] -- Up-to-date: /workspaces/isaac_ros-dev/install/vectornav_msgs/include/vectornav_msgs/vectornav_msgs/msg/detail/gps_group__builder.hpp
[9.480s] -- Up-to-date: /workspaces/isaac_ros-dev/install/vectornav_msgs/include/vectornav_msgs/vectornav_msgs/msg/detail/ins_group__struct.hpp
[9.481s] -- Up-to-date: /workspaces/isaac_ros-dev/install/vectornav_msgs/include/vectornav_msgs/vectornav_msgs/msg/detail/ins_status__struct.hpp
[9.481s] -- Up-to-date: /workspaces/isaac_ros-dev/install/vectornav_msgs/include/vectornav_msgs/vectornav_msgs/msg/detail/time_status__struct.hpp
[9.481s] -- Up-to-date: /workspaces/isaac_ros-dev/install/vectornav_msgs/include/vectornav_msgs/vectornav_msgs/msg/detail/time_utc__builder.hpp
[9.482s] -- Up-to-date: /workspaces/isaac_ros-dev/install/vectornav_msgs/include/vectornav_msgs/vectornav_msgs/msg/detail/dop__builder.hpp
[9.482s] -- Up-to-date: /workspaces/isaac_ros-dev/install/vectornav_msgs/include/vectornav_msgs/vectornav_msgs/msg/detail/time_status__builder.hpp
[9.482s] -- Up-to-date: /workspaces/isaac_ros-dev/install/vectornav_msgs/include/vectornav_msgs/vectornav_msgs/msg/detail/imu_group__builder.hpp
[9.483s] -- Up-to-date: /workspaces/isaac_ros-dev/install/vectornav_msgs/include/vectornav_msgs/vectornav_msgs/msg/detail/time_status__traits.hpp
[9.483s] -- Up-to-date: /workspaces/isaac_ros-dev/install/vectornav_msgs/include/vectornav_msgs/vectornav_msgs/msg/detail/time_utc__traits.hpp
[9.483s] -- Up-to-date: /workspaces/isaac_ros-dev/install/vectornav_msgs/include/vectornav_msgs/vectornav_msgs/msg/detail/vpe_status__builder.hpp
[9.484s] -- Up-to-date: /workspaces/isaac_ros-dev/install/vectornav_msgs/include/vectornav_msgs/vectornav_msgs/msg/detail/time_utc__struct.hpp
[9.484s] -- Up-to-date: /workspaces/isaac_ros-dev/install/vectornav_msgs/include/vectornav_msgs/vectornav_msgs/msg/detail/attitude_group__traits.hpp
[9.484s] -- Up-to-date: /workspaces/isaac_ros-dev/install/vectornav_msgs/include/vectornav_msgs/vectornav_msgs/msg/detail/time_group__traits.hpp
[9.484s] -- Up-to-date: /workspaces/isaac_ros-dev/install/vectornav_msgs/include/vectornav_msgs/vectornav_msgs/msg/detail/dop__struct.hpp
[9.485s] -- Up-to-date: /workspaces/isaac_ros-dev/install/vectornav_msgs/include/vectornav_msgs/vectornav_msgs/msg/detail/ins_status__builder.hpp
[9.485s] -- Up-to-date: /workspaces/isaac_ros-dev/install/vectornav_msgs/include/vectornav_msgs/vectornav_msgs/msg/detail/gps_group__traits.hpp
[9.485s] -- Up-to-date: /workspaces/isaac_ros-dev/install/vectornav_msgs/include/vectornav_msgs/vectornav_msgs/msg/detail/time_group__builder.hpp
[9.486s] -- Up-to-date: /workspaces/isaac_ros-dev/install/vectornav_msgs/include/vectornav_msgs/vectornav_msgs/msg/detail/time_group__struct.hpp
[9.486s] -- Up-to-date: /workspaces/isaac_ros-dev/install/vectornav_msgs/include/vectornav_msgs/vectornav_msgs/msg/detail/imu_group__traits.hpp
[9.487s] -- Up-to-date: /workspaces/isaac_ros-dev/install/vectornav_msgs/include/vectornav_msgs/vectornav_msgs/msg/detail/ins_group__traits.hpp
[9.487s] -- Up-to-date: /workspaces/isaac_ros-dev/install/vectornav_msgs/include/vectornav_msgs/vectornav_msgs/msg/detail/attitude_group__struct.hpp
[9.487s] -- Up-to-date: /workspaces/isaac_ros-dev/install/vectornav_msgs/include/vectornav_msgs/vectornav_msgs/msg/detail/vpe_status__traits.hpp
[9.488s] -- Up-to-date: /workspaces/isaac_ros-dev/install/vectornav_msgs/include/vectornav_msgs/vectornav_msgs/msg/detail/dop__traits.hpp
[9.488s] -- Up-to-date: /workspaces/isaac_ros-dev/install/vectornav_msgs/include/vectornav_msgs/vectornav_msgs/msg/detail/common_group__builder.hpp
[9.488s] -- Up-to-date: /workspaces/isaac_ros-dev/install/vectornav_msgs/include/vectornav_msgs/vectornav_msgs/msg/ins_status.hpp
[9.489s] -- Up-to-date: /workspaces/isaac_ros-dev/install/vectornav_msgs/include/vectornav_msgs/vectornav_msgs/msg/ins_group.hpp
[9.489s] -- Up-to-date: /workspaces/isaac_ros-dev/install/vectornav_msgs/include/vectornav_msgs/vectornav_msgs/msg/time_utc.hpp
[9.490s] -- Up-to-date: /workspaces/isaac_ros-dev/install/vectornav_msgs/include/vectornav_msgs/vectornav_msgs/msg/time_group.hpp
[9.490s] -- Up-to-date: /workspaces/isaac_ros-dev/install/vectornav_msgs/include/vectornav_msgs/vectornav_msgs
[9.490s] -- Up-to-date: /workspaces/isaac_ros-dev/install/vectornav_msgs/include/vectornav_msgs/vectornav_msgs/msg
[9.491s] -- Up-to-date: /workspaces/isaac_ros-dev/install/vectornav_msgs/include/vectornav_msgs/vectornav_msgs/msg/rosidl_typesupport_fastrtps_cpp__visibility_control.h
[9.501s] -- Up-to-date: /workspaces/isaac_ros-dev/install/vectornav_msgs/include/vectornav_msgs/vectornav_msgs/msg/detail
[9.501s] -- Up-to-date: /workspaces/isaac_ros-dev/install/vectornav_msgs/include/vectornav_msgs/vectornav_msgs/msg/detail/common_group__rosidl_typesupport_fastrtps_cpp.hpp
[9.502s] -- Up-to-date: /workspaces/isaac_ros-dev/install/vectornav_msgs/include/vectornav_msgs/vectornav_msgs/msg/detail/vpe_status__rosidl_typesupport_fastrtps_cpp.hpp
[9.502s] -- Up-to-date: /workspaces/isaac_ros-dev/install/vectornav_msgs/include/vectornav_msgs/vectornav_msgs/msg/detail/time_group__rosidl_typesupport_fastrtps_cpp.hpp
[9.502s] -- Up-to-date: /workspaces/isaac_ros-dev/install/vectornav_msgs/include/vectornav_msgs/vectornav_msgs/msg/detail/dop__rosidl_typesupport_fastrtps_cpp.hpp
[9.503s] -- Up-to-date: /workspaces/isaac_ros-dev/install/vectornav_msgs/include/vectornav_msgs/vectornav_msgs/msg/detail/dds_fastrtps
[9.503s] -- Up-to-date: /workspaces/isaac_ros-dev/install/vectornav_msgs/include/vectornav_msgs/vectornav_msgs/msg/detail/time_status__rosidl_typesupport_fastrtps_cpp.hpp
[9.515s] -- Up-to-date: /workspaces/isaac_ros-dev/install/vectornav_msgs/include/vectornav_msgs/vectornav_msgs/msg/detail/ins_group__rosidl_typesupport_fastrtps_cpp.hpp
[9.515s] -- Up-to-date: /workspaces/isaac_ros-dev/install/vectornav_msgs/include/vectornav_msgs/vectornav_msgs/msg/detail/gps_group__rosidl_typesupport_fastrtps_cpp.hpp
[9.516s] -- Up-to-date: /workspaces/isaac_ros-dev/install/vectornav_msgs/include/vectornav_msgs/vectornav_msgs/msg/detail/imu_group__rosidl_typesupport_fastrtps_cpp.hpp
[9.516s] -- Up-to-date: /workspaces/isaac_ros-dev/install/vectornav_msgs/include/vectornav_msgs/vectornav_msgs/msg/detail/attitude_group__rosidl_typesupport_fastrtps_cpp.hpp
[9.517s] -- Up-to-date: /workspaces/isaac_ros-dev/install/vectornav_msgs/include/vectornav_msgs/vectornav_msgs/msg/detail/time_utc__rosidl_typesupport_fastrtps_cpp.hpp
[9.518s] -- Up-to-date: /workspaces/isaac_ros-dev/install/vectornav_msgs/include/vectornav_msgs/vectornav_msgs/msg/detail/ins_status__rosidl_typesupport_fastrtps_cpp.hpp
[9.518s] -- Up-to-date: /workspaces/isaac_ros-dev/install/vectornav_msgs/lib/libvectornav_msgs__rosidl_typesupport_fastrtps_cpp.so
[9.529s] -- Up-to-date: /workspaces/isaac_ros-dev/install/vectornav_msgs/include/vectornav_msgs/vectornav_msgs
[9.529s] -- Up-to-date: /workspaces/isaac_ros-dev/install/vectornav_msgs/include/vectornav_msgs/vectornav_msgs/msg
[9.529s] -- Up-to-date: /workspaces/isaac_ros-dev/install/vectornav_msgs/include/vectornav_msgs/vectornav_msgs/msg/detail
[9.530s] -- Up-to-date: /workspaces/isaac_ros-dev/install/vectornav_msgs/include/vectornav_msgs/vectornav_msgs/msg/detail/time_group__type_support.c
[9.530s] -- Up-to-date: /workspaces/isaac_ros-dev/install/vectornav_msgs/include/vectornav_msgs/vectornav_msgs/msg/detail/dop__rosidl_typesupport_introspection_c.h
[9.530s] -- Up-to-date: /workspaces/isaac_ros-dev/install/vectornav_msgs/include/vectornav_msgs/vectornav_msgs/msg/detail/vpe_status__type_support.c
[9.531s] -- Up-to-date: /workspaces/isaac_ros-dev/install/vectornav_msgs/include/vectornav_msgs/vectornav_msgs/msg/detail/ins_status__type_support.c
[9.531s] -- Up-to-date: /workspaces/isaac_ros-dev/install/vectornav_msgs/include/vectornav_msgs/vectornav_msgs/msg/detail/imu_group__type_support.c
[9.531s] -- Up-to-date: /workspaces/isaac_ros-dev/install/vectornav_msgs/include/vectornav_msgs/vectornav_msgs/msg/detail/common_group__rosidl_typesupport_introspection_c.h
[9.531s] -- Up-to-date: /workspaces/isaac_ros-dev/install/vectornav_msgs/include/vectornav_msgs/vectornav_msgs/msg/detail/time_utc__type_support.c
[9.532s] -- Up-to-date: /workspaces/isaac_ros-dev/install/vectornav_msgs/include/vectornav_msgs/vectornav_msgs/msg/detail/time_utc__rosidl_typesupport_introspection_c.h
[9.532s] -- Up-to-date: /workspaces/isaac_ros-dev/install/vectornav_msgs/include/vectornav_msgs/vectornav_msgs/msg/detail/attitude_group__type_support.c
[9.535s] -- Up-to-date: /workspaces/isaac_ros-dev/install/vectornav_msgs/include/vectornav_msgs/vectornav_msgs/msg/detail/ins_status__rosidl_typesupport_introspection_c.h
[9.536s] -- Up-to-date: /workspaces/isaac_ros-dev/install/vectornav_msgs/include/vectornav_msgs/vectornav_msgs/msg/detail/common_group__type_support.c
[9.536s] -- Up-to-date: /workspaces/isaac_ros-dev/install/vectornav_msgs/include/vectornav_msgs/vectornav_msgs/msg/detail/gps_group__type_support.c
[9.537s] -- Up-to-date: /workspaces/isaac_ros-dev/install/vectornav_msgs/include/vectornav_msgs/vectornav_msgs/msg/detail/vpe_status__rosidl_typesupport_introspection_c.h
[9.537s] -- Up-to-date: /workspaces/isaac_ros-dev/install/vectornav_msgs/include/vectornav_msgs/vectornav_msgs/msg/detail/attitude_group__rosidl_typesupport_introspection_c.h
[9.542s] -- Up-to-date: /workspaces/isaac_ros-dev/install/vectornav_msgs/include/vectornav_msgs/vectornav_msgs/msg/detail/time_group__rosidl_typesupport_introspection_c.h
[9.547s] -- Up-to-date: /workspaces/isaac_ros-dev/install/vectornav_msgs/include/vectornav_msgs/vectornav_msgs/msg/detail/ins_group__rosidl_typesupport_introspection_c.h
[9.548s] -- Up-to-date: /workspaces/isaac_ros-dev/install/vectornav_msgs/include/vectornav_msgs/vectornav_msgs/msg/detail/ins_group__type_support.c
[9.548s] -- Up-to-date: /workspaces/isaac_ros-dev/install/vectornav_msgs/include/vectornav_msgs/vectornav_msgs/msg/detail/imu_group__rosidl_typesupport_introspection_c.h
[9.548s] -- Up-to-date: /workspaces/isaac_ros-dev/install/vectornav_msgs/include/vectornav_msgs/vectornav_msgs/msg/detail/time_status__rosidl_typesupport_introspection_c.h
[9.548s] -- Up-to-date: /workspaces/isaac_ros-dev/install/vectornav_msgs/include/vectornav_msgs/vectornav_msgs/msg/detail/time_status__type_support.c
[9.549s] -- Up-to-date: /workspaces/isaac_ros-dev/install/vectornav_msgs/include/vectornav_msgs/vectornav_msgs/msg/detail/dop__type_support.c
[9.549s] -- Up-to-date: /workspaces/isaac_ros-dev/install/vectornav_msgs/include/vectornav_msgs/vectornav_msgs/msg/detail/gps_group__rosidl_typesupport_introspection_c.h
[9.549s] -- Up-to-date: /workspaces/isaac_ros-dev/install/vectornav_msgs/include/vectornav_msgs/vectornav_msgs/msg/rosidl_typesupport_introspection_c__visibility_control.h
[9.549s] -- Up-to-date: /workspaces/isaac_ros-dev/install/vectornav_msgs/lib/libvectornav_msgs__rosidl_typesupport_introspection_c.so
[9.550s] -- Up-to-date: /workspaces/isaac_ros-dev/install/vectornav_msgs/lib/libvectornav_msgs__rosidl_typesupport_c.so
[9.550s] -- Up-to-date: /workspaces/isaac_ros-dev/install/vectornav_msgs/include/vectornav_msgs/vectornav_msgs
[9.550s] -- Up-to-date: /workspaces/isaac_ros-dev/install/vectornav_msgs/include/vectornav_msgs/vectornav_msgs/msg
[9.551s] -- Up-to-date: /workspaces/isaac_ros-dev/install/vectornav_msgs/include/vectornav_msgs/vectornav_msgs/msg/detail
[9.551s] -- Up-to-date: /workspaces/isaac_ros-dev/install/vectornav_msgs/include/vectornav_msgs/vectornav_msgs/msg/detail/dop__rosidl_typesupport_introspection_cpp.hpp
[9.551s] -- Up-to-date: /workspaces/isaac_ros-dev/install/vectornav_msgs/include/vectornav_msgs/vectornav_msgs/msg/detail/imu_group__rosidl_typesupport_introspection_cpp.hpp
[9.552s] -- Up-to-date: /workspaces/isaac_ros-dev/install/vectornav_msgs/include/vectornav_msgs/vectornav_msgs/msg/detail/imu_group__type_support.cpp
[9.552s] -- Up-to-date: /workspaces/isaac_ros-dev/install/vectornav_msgs/include/vectornav_msgs/vectornav_msgs/msg/detail/time_utc__type_support.cpp
[9.552s] -- Up-to-date: /workspaces/isaac_ros-dev/install/vectornav_msgs/include/vectornav_msgs/vectornav_msgs/msg/detail/time_group__type_support.cpp
[9.552s] -- Up-to-date: /workspaces/isaac_ros-dev/install/vectornav_msgs/include/vectornav_msgs/vectornav_msgs/msg/detail/attitude_group__rosidl_typesupport_introspection_cpp.hpp
[9.553s] -- Up-to-date: /workspaces/isaac_ros-dev/install/vectornav_msgs/include/vectornav_msgs/vectornav_msgs/msg/detail/dop__type_support.cpp
[9.553s] -- Up-to-date: /workspaces/isaac_ros-dev/install/vectornav_msgs/include/vectornav_msgs/vectornav_msgs/msg/detail/vpe_status__rosidl_typesupport_introspection_cpp.hpp
[9.553s] -- Up-to-date: /workspaces/isaac_ros-dev/install/vectornav_msgs/include/vectornav_msgs/vectornav_msgs/msg/detail/common_group__type_support.cpp
[9.553s] -- Up-to-date: /workspaces/isaac_ros-dev/install/vectornav_msgs/include/vectornav_msgs/vectornav_msgs/msg/detail/common_group__rosidl_typesupport_introspection_cpp.hpp
[9.554s] -- Up-to-date: /workspaces/isaac_ros-dev/install/vectornav_msgs/include/vectornav_msgs/vectornav_msgs/msg/detail/ins_group__type_support.cpp
[9.554s] -- Up-to-date: /workspaces/isaac_ros-dev/install/vectornav_msgs/include/vectornav_msgs/vectornav_msgs/msg/detail/ins_status__rosidl_typesupport_introspection_cpp.hpp
[9.556s] -- Up-to-date: /workspaces/isaac_ros-dev/install/vectornav_msgs/include/vectornav_msgs/vectornav_msgs/msg/detail/ins_group__rosidl_typesupport_introspection_cpp.hpp
[9.556s] -- Up-to-date: /workspaces/isaac_ros-dev/install/vectornav_msgs/include/vectornav_msgs/vectornav_msgs/msg/detail/vpe_status__type_support.cpp
[9.556s] -- Up-to-date: /workspaces/isaac_ros-dev/install/vectornav_msgs/include/vectornav_msgs/vectornav_msgs/msg/detail/time_status__type_support.cpp
[9.557s] -- Up-to-date: /workspaces/isaac_ros-dev/install/vectornav_msgs/include/vectornav_msgs/vectornav_msgs/msg/detail/time_status__rosidl_typesupport_introspection_cpp.hpp
[9.565s] -- Up-to-date: /workspaces/isaac_ros-dev/install/vectornav_msgs/include/vectornav_msgs/vectornav_msgs/msg/detail/attitude_group__type_support.cpp
[9.566s] -- Up-to-date: /workspaces/isaac_ros-dev/install/vectornav_msgs/include/vectornav_msgs/vectornav_msgs/msg/detail/ins_status__type_support.cpp
[9.567s] -- Up-to-date: /workspaces/isaac_ros-dev/install/vectornav_msgs/include/vectornav_msgs/vectornav_msgs/msg/detail/time_group__rosidl_typesupport_introspection_cpp.hpp
[9.567s] -- Up-to-date: /workspaces/isaac_ros-dev/install/vectornav_msgs/include/vectornav_msgs/vectornav_msgs/msg/detail/gps_group__type_support.cpp
[9.567s] -- Up-to-date: /workspaces/isaac_ros-dev/install/vectornav_msgs/include/vectornav_msgs/vectornav_msgs/msg/detail/time_utc__rosidl_typesupport_introspection_cpp.hpp
[9.568s] -- Up-to-date: /workspaces/isaac_ros-dev/install/vectornav_msgs/include/vectornav_msgs/vectornav_msgs/msg/detail/gps_group__rosidl_typesupport_introspection_cpp.hpp
[9.568s] -- Up-to-date: /workspaces/isaac_ros-dev/install/vectornav_msgs/lib/libvectornav_msgs__rosidl_typesupport_introspection_cpp.so
[9.568s] -- Up-to-date: /workspaces/isaac_ros-dev/install/vectornav_msgs/lib/libvectornav_msgs__rosidl_typesupport_cpp.so
[9.569s] -- Up-to-date: /workspaces/isaac_ros-dev/install/vectornav_msgs/share/vectornav_msgs/environment/pythonpath.sh
[9.569s] -- Up-to-date: /workspaces/isaac_ros-dev/install/vectornav_msgs/share/vectornav_msgs/environment/pythonpath.dsv
[9.569s] -- Up-to-date: /workspaces/isaac_ros-dev/install/vectornav_msgs/lib/python3.8/site-packages/vectornav_msgs-3.0.0-py3.8.egg-info
[9.569s] -- Installing: /workspaces/isaac_ros-dev/install/vectornav_msgs/lib/python3.8/site-packages/vectornav_msgs-3.0.0-py3.8.egg-info/top_level.txt
[9.570s] -- Installing: /workspaces/isaac_ros-dev/install/vectornav_msgs/lib/python3.8/site-packages/vectornav_msgs-3.0.0-py3.8.egg-info/dependency_links.txt
[9.570s] -- Installing: /workspaces/isaac_ros-dev/install/vectornav_msgs/lib/python3.8/site-packages/vectornav_msgs-3.0.0-py3.8.egg-info/SOURCES.txt
[9.570s] -- Installing: /workspaces/isaac_ros-dev/install/vectornav_msgs/lib/python3.8/site-packages/vectornav_msgs-3.0.0-py3.8.egg-info/PKG-INFO
[9.571s] -- Up-to-date: /workspaces/isaac_ros-dev/install/vectornav_msgs/lib/python3.8/site-packages/vectornav_msgs
[9.571s] -- Up-to-date: /workspaces/isaac_ros-dev/install/vectornav_msgs/lib/python3.8/site-packages/vectornav_msgs/__init__.py
[9.572s] -- Up-to-date: /workspaces/isaac_ros-dev/install/vectornav_msgs/lib/python3.8/site-packages/vectornav_msgs/vectornav_msgs_s__rosidl_typesupport_fastrtps_c.cpython-38-aarch64-linux-gnu.so
[9.572s] -- Up-to-date: /workspaces/isaac_ros-dev/install/vectornav_msgs/lib/python3.8/site-packages/vectornav_msgs/libvectornav_msgs__rosidl_generator_py.so
[9.572s] -- Up-to-date: /workspaces/isaac_ros-dev/install/vectornav_msgs/lib/python3.8/site-packages/vectornav_msgs/_vectornav_msgs_s.ep.rosidl_typesupport_c.c
[9.572s] -- Up-to-date: /workspaces/isaac_ros-dev/install/vectornav_msgs/lib/python3.8/site-packages/vectornav_msgs/msg
[9.573s] -- Up-to-date: /workspaces/isaac_ros-dev/install/vectornav_msgs/lib/python3.8/site-packages/vectornav_msgs/msg/_dop_s.c
[9.573s] -- Up-to-date: /workspaces/isaac_ros-dev/install/vectornav_msgs/lib/python3.8/site-packages/vectornav_msgs/msg/__init__.py
[9.580s] -- Up-to-date: /workspaces/isaac_ros-dev/install/vectornav_msgs/lib/python3.8/site-packages/vectornav_msgs/msg/_ins_group.py
[9.581s] -- Up-to-date: /workspaces/isaac_ros-dev/install/vectornav_msgs/lib/python3.8/site-packages/vectornav_msgs/msg/_attitude_group.py
[9.582s] -- Up-to-date: /workspaces/isaac_ros-dev/install/vectornav_msgs/lib/python3.8/site-packages/vectornav_msgs/msg/_gps_group.py
[9.582s] -- Up-to-date: /workspaces/isaac_ros-dev/install/vectornav_msgs/lib/python3.8/site-packages/vectornav_msgs/msg/_ins_status.py
[9.583s] -- Up-to-date: /workspaces/isaac_ros-dev/install/vectornav_msgs/lib/python3.8/site-packages/vectornav_msgs/msg/_time_utc.py
[9.583s] -- Up-to-date: /workspaces/isaac_ros-dev/install/vectornav_msgs/lib/python3.8/site-packages/vectornav_msgs/msg/_time_status_s.c
[9.583s] -- Up-to-date: /workspaces/isaac_ros-dev/install/vectornav_msgs/lib/python3.8/site-packages/vectornav_msgs/msg/_ins_status_s.c
[9.584s] -- Up-to-date: /workspaces/isaac_ros-dev/install/vectornav_msgs/lib/python3.8/site-packages/vectornav_msgs/msg/_imu_group_s.c
[9.584s] -- Up-to-date: /workspaces/isaac_ros-dev/install/vectornav_msgs/lib/python3.8/site-packages/vectornav_msgs/msg/_dop.py
[9.584s] -- Up-to-date: /workspaces/isaac_ros-dev/install/vectornav_msgs/lib/python3.8/site-packages/vectornav_msgs/msg/_ins_group_s.c
[9.584s] -- Up-to-date: /workspaces/isaac_ros-dev/install/vectornav_msgs/lib/python3.8/site-packages/vectornav_msgs/msg/_common_group_s.c
[9.585s] -- Up-to-date: /workspaces/isaac_ros-dev/install/vectornav_msgs/lib/python3.8/site-packages/vectornav_msgs/msg/_time_status.py
[9.585s] -- Up-to-date: /workspaces/isaac_ros-dev/install/vectornav_msgs/lib/python3.8/site-packages/vectornav_msgs/msg/_vpe_status.py
[9.595s] -- Up-to-date: /workspaces/isaac_ros-dev/install/vectornav_msgs/lib/python3.8/site-packages/vectornav_msgs/msg/_gps_group_s.c
[9.597s] -- Up-to-date: /workspaces/isaac_ros-dev/install/vectornav_msgs/lib/python3.8/site-packages/vectornav_msgs/msg/_common_group.py
[9.597s] -- Up-to-date: /workspaces/isaac_ros-dev/install/vectornav_msgs/lib/python3.8/site-packages/vectornav_msgs/msg/_time_utc_s.c
[9.599s] -- Up-to-date: /workspaces/isaac_ros-dev/install/vectornav_msgs/lib/python3.8/site-packages/vectornav_msgs/msg/_attitude_group_s.c
[9.600s] -- Up-to-date: /workspaces/isaac_ros-dev/install/vectornav_msgs/lib/python3.8/site-packages/vectornav_msgs/msg/_imu_group.py
[9.601s] -- Up-to-date: /workspaces/isaac_ros-dev/install/vectornav_msgs/lib/python3.8/site-packages/vectornav_msgs/msg/_time_group_s.c
[9.601s] -- Up-to-date: /workspaces/isaac_ros-dev/install/vectornav_msgs/lib/python3.8/site-packages/vectornav_msgs/msg/_vpe_status_s.c
[9.602s] -- Up-to-date: /workspaces/isaac_ros-dev/install/vectornav_msgs/lib/python3.8/site-packages/vectornav_msgs/msg/_time_group.py
[9.602s] -- Up-to-date: /workspaces/isaac_ros-dev/install/vectornav_msgs/lib/python3.8/site-packages/vectornav_msgs/_vectornav_msgs_s.ep.rosidl_typesupport_introspection_c.c
[9.602s] -- Up-to-date: /workspaces/isaac_ros-dev/install/vectornav_msgs/lib/python3.8/site-packages/vectornav_msgs/_vectornav_msgs_s.ep.rosidl_typesupport_fastrtps_c.c
[9.603s] -- Up-to-date: /workspaces/isaac_ros-dev/install/vectornav_msgs/lib/python3.8/site-packages/vectornav_msgs/vectornav_msgs_s__rosidl_typesupport_c.cpython-38-aarch64-linux-gnu.so
[9.603s] -- Up-to-date: /workspaces/isaac_ros-dev/install/vectornav_msgs/lib/python3.8/site-packages/vectornav_msgs/vectornav_msgs_s__rosidl_typesupport_introspection_c.cpython-38-aarch64-linux-gnu.so
[9.882s] Listing '/workspaces/isaac_ros-dev/install/vectornav_msgs/lib/python3.8/site-packages/vectornav_msgs'...
[9.883s] Listing '/workspaces/isaac_ros-dev/install/vectornav_msgs/lib/python3.8/site-packages/vectornav_msgs/msg'...
[9.888s] -- Up-to-date: /workspaces/isaac_ros-dev/install/vectornav_msgs/lib/python3.8/site-packages/vectornav_msgs/vectornav_msgs_s__rosidl_typesupport_fastrtps_c.cpython-38-aarch64-linux-gnu.so
[9.896s] -- Up-to-date: /workspaces/isaac_ros-dev/install/vectornav_msgs/lib/python3.8/site-packages/vectornav_msgs/vectornav_msgs_s__rosidl_typesupport_introspection_c.cpython-38-aarch64-linux-gnu.so
[9.907s] -- Up-to-date: /workspaces/isaac_ros-dev/install/vectornav_msgs/lib/python3.8/site-packages/vectornav_msgs/vectornav_msgs_s__rosidl_typesupport_c.cpython-38-aarch64-linux-gnu.so
[9.907s] -- Up-to-date: /workspaces/isaac_ros-dev/install/vectornav_msgs/lib/libvectornav_msgs__rosidl_generator_py.so
[9.908s] -- Up-to-date: /workspaces/isaac_ros-dev/install/vectornav_msgs/share/vectornav_msgs/msg/CommonGroup.idl
[9.908s] -- Up-to-date: /workspaces/isaac_ros-dev/install/vectornav_msgs/share/vectornav_msgs/msg/TimeGroup.idl
[9.914s] -- Up-to-date: /workspaces/isaac_ros-dev/install/vectornav_msgs/share/vectornav_msgs/msg/ImuGroup.idl
[9.915s] -- Up-to-date: /workspaces/isaac_ros-dev/install/vectornav_msgs/share/vectornav_msgs/msg/GpsGroup.idl
[9.916s] -- Up-to-date: /workspaces/isaac_ros-dev/install/vectornav_msgs/share/vectornav_msgs/msg/AttitudeGroup.idl
[9.917s] -- Up-to-date: /workspaces/isaac_ros-dev/install/vectornav_msgs/share/vectornav_msgs/msg/InsGroup.idl
[9.925s] -- Up-to-date: /workspaces/isaac_ros-dev/install/vectornav_msgs/share/vectornav_msgs/msg/TimeUTC.idl
[9.926s] -- Up-to-date: /workspaces/isaac_ros-dev/install/vectornav_msgs/share/vectornav_msgs/msg/DOP.idl
[9.927s] -- Up-to-date: /workspaces/isaac_ros-dev/install/vectornav_msgs/share/vectornav_msgs/msg/VpeStatus.idl
[9.927s] -- Up-to-date: /workspaces/isaac_ros-dev/install/vectornav_msgs/share/vectornav_msgs/msg/TimeStatus.idl
[9.928s] -- Up-to-date: /workspaces/isaac_ros-dev/install/vectornav_msgs/share/vectornav_msgs/msg/InsStatus.idl
[9.928s] -- Up-to-date: /workspaces/isaac_ros-dev/install/vectornav_msgs/share/vectornav_msgs/msg/CommonGroup.msg
[9.929s] -- Up-to-date: /workspaces/isaac_ros-dev/install/vectornav_msgs/share/vectornav_msgs/msg/TimeGroup.msg
[9.930s] -- Up-to-date: /workspaces/isaac_ros-dev/install/vectornav_msgs/share/vectornav_msgs/msg/ImuGroup.msg
[9.931s] -- Up-to-date: /workspaces/isaac_ros-dev/install/vectornav_msgs/share/vectornav_msgs/msg/GpsGroup.msg
[9.933s] -- Up-to-date: /workspaces/isaac_ros-dev/install/vectornav_msgs/share/vectornav_msgs/msg/AttitudeGroup.msg
[9.933s] -- Up-to-date: /workspaces/isaac_ros-dev/install/vectornav_msgs/share/vectornav_msgs/msg/InsGroup.msg
[9.934s] -- Up-to-date: /workspaces/isaac_ros-dev/install/vectornav_msgs/share/vectornav_msgs/msg/TimeUTC.msg
[9.934s] -- Up-to-date: /workspaces/isaac_ros-dev/install/vectornav_msgs/share/vectornav_msgs/msg/DOP.msg
[9.934s] -- Up-to-date: /workspaces/isaac_ros-dev/install/vectornav_msgs/share/vectornav_msgs/msg/VpeStatus.msg
[9.935s] -- Up-to-date: /workspaces/isaac_ros-dev/install/vectornav_msgs/share/vectornav_msgs/msg/TimeStatus.msg
[9.935s] -- Up-to-date: /workspaces/isaac_ros-dev/install/vectornav_msgs/share/vectornav_msgs/msg/InsStatus.msg
[9.936s] -- Up-to-date: /workspaces/isaac_ros-dev/install/vectornav_msgs/share/ament_index/resource_index/package_run_dependencies/vectornav_msgs
[9.936s] -- Up-to-date: /workspaces/isaac_ros-dev/install/vectornav_msgs/share/ament_index/resource_index/parent_prefix_path/vectornav_msgs
[9.937s] -- Up-to-date: /workspaces/isaac_ros-dev/install/vectornav_msgs/share/vectornav_msgs/environment/ament_prefix_path.sh
[9.937s] -- Up-to-date: /workspaces/isaac_ros-dev/install/vectornav_msgs/share/vectornav_msgs/environment/ament_prefix_path.dsv
[9.937s] -- Up-to-date: /workspaces/isaac_ros-dev/install/vectornav_msgs/share/vectornav_msgs/environment/path.sh
[9.938s] -- Up-to-date: /workspaces/isaac_ros-dev/install/vectornav_msgs/share/vectornav_msgs/environment/path.dsv
[9.955s] -- Up-to-date: /workspaces/isaac_ros-dev/install/vectornav_msgs/share/vectornav_msgs/local_setup.bash
[9.966s] -- Up-to-date: /workspaces/isaac_ros-dev/install/vectornav_msgs/share/vectornav_msgs/local_setup.sh
[9.967s] -- Up-to-date: /workspaces/isaac_ros-dev/install/vectornav_msgs/share/vectornav_msgs/local_setup.zsh
[9.967s] -- Up-to-date: /workspaces/isaac_ros-dev/install/vectornav_msgs/share/vectornav_msgs/local_setup.dsv
[9.968s] -- Installing: /workspaces/isaac_ros-dev/install/vectornav_msgs/share/vectornav_msgs/package.dsv
[9.968s] -- Up-to-date: /workspaces/isaac_ros-dev/install/vectornav_msgs/share/ament_index/resource_index/packages/vectornav_msgs
[9.969s] -- Up-to-date: /workspaces/isaac_ros-dev/install/vectornav_msgs/share/vectornav_msgs/cmake/export_vectornav_msgs__rosidl_generator_cExport.cmake
[9.969s] -- Up-to-date: /workspaces/isaac_ros-dev/install/vectornav_msgs/share/vectornav_msgs/cmake/export_vectornav_msgs__rosidl_generator_cExport-noconfig.cmake
[9.969s] -- Up-to-date: /workspaces/isaac_ros-dev/install/vectornav_msgs/share/vectornav_msgs/cmake/export_vectornav_msgs__rosidl_typesupport_fastrtps_cExport.cmake
[9.970s] -- Up-to-date: /workspaces/isaac_ros-dev/install/vectornav_msgs/share/vectornav_msgs/cmake/export_vectornav_msgs__rosidl_typesupport_fastrtps_cExport-noconfig.cmake
[9.970s] -- Up-to-date: /workspaces/isaac_ros-dev/install/vectornav_msgs/share/vectornav_msgs/cmake/export_vectornav_msgs__rosidl_generator_cppExport.cmake
[9.970s] -- Up-to-date: /workspaces/isaac_ros-dev/install/vectornav_msgs/share/vectornav_msgs/cmake/export_vectornav_msgs__rosidl_typesupport_fastrtps_cppExport.cmake
[10.011s] -- Up-to-date: /workspaces/isaac_ros-dev/install/vectornav_msgs/share/vectornav_msgs/cmake/export_vectornav_msgs__rosidl_typesupport_fastrtps_cppExport-noconfig.cmake
[10.012s] -- Up-to-date: /workspaces/isaac_ros-dev/install/vectornav_msgs/share/vectornav_msgs/cmake/vectornav_msgs__rosidl_typesupport_introspection_cExport.cmake
[10.013s] -- Up-to-date: /workspaces/isaac_ros-dev/install/vectornav_msgs/share/vectornav_msgs/cmake/vectornav_msgs__rosidl_typesupport_introspection_cExport-noconfig.cmake
[10.018s] -- Up-to-date: /workspaces/isaac_ros-dev/install/vectornav_msgs/share/vectornav_msgs/cmake/vectornav_msgs__rosidl_typesupport_cExport.cmake
[10.019s] -- Up-to-date: /workspaces/isaac_ros-dev/install/vectornav_msgs/share/vectornav_msgs/cmake/vectornav_msgs__rosidl_typesupport_cExport-noconfig.cmake
[10.020s] -- Up-to-date: /workspaces/isaac_ros-dev/install/vectornav_msgs/share/vectornav_msgs/cmake/vectornav_msgs__rosidl_typesupport_introspection_cppExport.cmake
[10.020s] -- Up-to-date: /workspaces/isaac_ros-dev/install/vectornav_msgs/share/vectornav_msgs/cmake/vectornav_msgs__rosidl_typesupport_introspection_cppExport-noconfig.cmake
[10.020s] -- Up-to-date: /workspaces/isaac_ros-dev/install/vectornav_msgs/share/vectornav_msgs/cmake/vectornav_msgs__rosidl_typesupport_cppExport.cmake
[10.021s] -- Up-to-date: /workspaces/isaac_ros-dev/install/vectornav_msgs/share/vectornav_msgs/cmake/vectornav_msgs__rosidl_typesupport_cppExport-noconfig.cmake
[10.021s] -- Up-to-date: /workspaces/isaac_ros-dev/install/vectornav_msgs/share/vectornav_msgs/cmake/export_vectornav_msgs__rosidl_generator_pyExport.cmake
[10.021s] -- Up-to-date: /workspaces/isaac_ros-dev/install/vectornav_msgs/share/vectornav_msgs/cmake/export_vectornav_msgs__rosidl_generator_pyExport-noconfig.cmake
[10.022s] -- Up-to-date: /workspaces/isaac_ros-dev/install/vectornav_msgs/share/vectornav_msgs/cmake/rosidl_cmake-extras.cmake
[10.022s] -- Up-to-date: /workspaces/isaac_ros-dev/install/vectornav_msgs/share/vectornav_msgs/cmake/ament_cmake_export_dependencies-extras.cmake
[10.023s] -- Up-to-date: /workspaces/isaac_ros-dev/install/vectornav_msgs/share/vectornav_msgs/cmake/ament_cmake_export_include_directories-extras.cmake
[10.024s] -- Up-to-date: /workspaces/isaac_ros-dev/install/vectornav_msgs/share/vectornav_msgs/cmake/ament_cmake_export_libraries-extras.cmake
[10.024s] -- Up-to-date: /workspaces/isaac_ros-dev/install/vectornav_msgs/share/vectornav_msgs/cmake/ament_cmake_export_targets-extras.cmake
[10.027s] -- Up-to-date: /workspaces/isaac_ros-dev/install/vectornav_msgs/share/vectornav_msgs/cmake/rosidl_cmake_export_typesupport_targets-extras.cmake
[10.027s] -- Up-to-date: /workspaces/isaac_ros-dev/install/vectornav_msgs/share/vectornav_msgs/cmake/rosidl_cmake_export_typesupport_libraries-extras.cmake
[10.029s] -- Up-to-date: /workspaces/isaac_ros-dev/install/vectornav_msgs/share/vectornav_msgs/cmake/vectornav_msgsConfig.cmake
[10.029s] -- Up-to-date: /workspaces/isaac_ros-dev/install/vectornav_msgs/share/vectornav_msgs/cmake/vectornav_msgsConfig-version.cmake
[10.030s] -- Up-to-date: /workspaces/isaac_ros-dev/install/vectornav_msgs/share/vectornav_msgs/package.xml
[10.234s] Invoked command in '/workspaces/isaac_ros-dev/build/vectornav_msgs' returned '0': CMAKE_PREFIX_PATH=/workspaces/isaac_ros-dev/install/yolov8_bringup:/workspaces/isaac_ros-dev/install/multisense_ros:/workspaces/isaac_ros-dev/install/xacro:/workspaces/isaac_ros-dev/install/vision_msgs_rviz_plugins:/workspaces/isaac_ros-dev/install/vision_msgs:/workspaces/isaac_ros-dev/install/velodyne:/workspaces/isaac_ros-dev/install/velodyne_pointcloud:/workspaces/isaac_ros-dev/install/velodyne_driver:/workspaces/isaac_ros-dev/install/velodyne_msgs:/workspaces/isaac_ros-dev/install/velodyne_laserscan:/workspaces/isaac_ros-dev/install/vectornav:/workspaces/isaac_ros-dev/install/sdv_localization:/workspaces/isaac_ros-dev/install/vectornav_msgs:/workspaces/isaac_ros-dev/install/slam_toolbox:/workspaces/isaac_ros-dev/install/sdv_msg:/workspaces/isaac_ros-dev/install/sdv_localization_msgs:/workspaces/isaac_ros-dev/install/pointcloud_to_laserscan:/workspaces/isaac_ros-dev/install/my_package:/workspaces/isaac_ros-dev/install/multisense_msgs:/workspaces/isaac_ros-dev/install/multisense_lib:/workspaces/isaac_ros-dev/install/isaac_ros_visual_slam:/workspaces/isaac_ros-dev/install/isaac_ros_visual_slam_interfaces:/workspaces/isaac_ros-dev/install/isaac_ros_tensor_list_interfaces:/workspaces/isaac_ros-dev/install/isaac_ros_common:/workspaces/isaac_ros-dev/install/isaac_ros_bi3d_interfaces:/workspaces/isaac_ros-dev/install/isaac_ros_apriltag_interfaces:/workspaces/isaac_ros-dev/install/yolov8_ros:/workspaces/isaac_ros-dev/install/xbox_controller:/workspaces/isaac_ros-dev/install/panel:/workspaces/isaac_ros-dev/install/isaac_ros_test:/workspaces/isaac_ros-dev/install/encoder:/opt/ros/humble/install /usr/bin/cmake --install /workspaces/isaac_ros-dev/build/vectornav_msgs
