[2.279s] Invoking command in '/workspaces/isaac_ros-dev/build/multisense_msgs': CMAKE_PREFIX_PATH=/workspaces/isaac_ros-dev/install/yolov8_bringup:/workspaces/isaac_ros-dev/install/multisense_ros:/workspaces/isaac_ros-dev/install/xacro:/workspaces/isaac_ros-dev/install/vision_msgs_rviz_plugins:/workspaces/isaac_ros-dev/install/vision_msgs:/workspaces/isaac_ros-dev/install/velodyne:/workspaces/isaac_ros-dev/install/velodyne_pointcloud:/workspaces/isaac_ros-dev/install/velodyne_driver:/workspaces/isaac_ros-dev/install/velodyne_msgs:/workspaces/isaac_ros-dev/install/velodyne_laserscan:/workspaces/isaac_ros-dev/install/vectornav:/workspaces/isaac_ros-dev/install/sdv_localization:/workspaces/isaac_ros-dev/install/vectornav_msgs:/workspaces/isaac_ros-dev/install/slam_toolbox:/workspaces/isaac_ros-dev/install/sdv_msg:/workspaces/isaac_ros-dev/install/sdv_localization_msgs:/workspaces/isaac_ros-dev/install/pointcloud_to_laserscan:/workspaces/isaac_ros-dev/install/my_package:/workspaces/isaac_ros-dev/install/multisense_msgs:/workspaces/isaac_ros-dev/install/multisense_lib:/workspaces/isaac_ros-dev/install/isaac_ros_visual_slam:/workspaces/isaac_ros-dev/install/isaac_ros_visual_slam_interfaces:/workspaces/isaac_ros-dev/install/isaac_ros_tensor_list_interfaces:/workspaces/isaac_ros-dev/install/isaac_ros_common:/workspaces/isaac_ros-dev/install/isaac_ros_bi3d_interfaces:/workspaces/isaac_ros-dev/install/isaac_ros_apriltag_interfaces:/workspaces/isaac_ros-dev/install/yolov8_ros:/workspaces/isaac_ros-dev/install/xbox_controller:/workspaces/isaac_ros-dev/install/panel:/workspaces/isaac_ros-dev/install/isaac_ros_test:/workspaces/isaac_ros-dev/install/encoder:/opt/ros/humble/install /usr/bin/cmake --build /workspaces/isaac_ros-dev/build/multisense_msgs -- -j8 -l8
[2.604s] [ 12%] Built target multisense_msgs__rosidl_generator_c
[2.608s] [ 12%] Built target multisense_msgs__cpp
[2.654s] [ 12%] Built target ament_cmake_python_copy_multisense_msgs
[2.927s] [ 23%] Built target multisense_msgs__rosidl_typesupport_c
[2.958s] [ 35%] Built target multisense_msgs__rosidl_typesupport_introspection_c
[3.043s] [ 47%] Built target multisense_msgs__rosidl_typesupport_introspection_cpp
[3.057s] [ 59%] Built target multisense_msgs__rosidl_typesupport_fastrtps_c
[3.065s] [ 71%] Built target multisense_msgs__rosidl_typesupport_cpp
[3.100s] [ 82%] Built target multisense_msgs__rosidl_typesupport_fastrtps_cpp
[3.271s] [ 82%] Built target multisense_msgs
[3.451s] [ 83%] Built target multisense_msgs__py
[3.649s] [ 94%] Built target multisense_msgs__rosidl_generator_py
[3.814s] [ 96%] Built target multisense_msgs__rosidl_typesupport_fastrtps_c__pyext
[3.872s] [ 98%] Built target multisense_msgs__rosidl_typesupport_introspection_c__pyext
[3.873s] [100%] Built target multisense_msgs__rosidl_typesupport_c__pyext
[5.005s] running egg_info
[5.092s] writing multisense_msgs.egg-info/PKG-INFO
[5.092s] writing dependency_links to multisense_msgs.egg-info/dependency_links.txt
[5.094s] writing top-level names to multisense_msgs.egg-info/top_level.txt
[5.295s] reading manifest file 'multisense_msgs.egg-info/SOURCES.txt'
[5.298s] writing manifest file 'multisense_msgs.egg-info/SOURCES.txt'
[5.486s] [100%] Built target ament_cmake_python_build_multisense_msgs_egg
[5.620s] Invoked command in '/workspaces/isaac_ros-dev/build/multisense_msgs' returned '0': CMAKE_PREFIX_PATH=/workspaces/isaac_ros-dev/install/yolov8_bringup:/workspaces/isaac_ros-dev/install/multisense_ros:/workspaces/isaac_ros-dev/install/xacro:/workspaces/isaac_ros-dev/install/vision_msgs_rviz_plugins:/workspaces/isaac_ros-dev/install/vision_msgs:/workspaces/isaac_ros-dev/install/velodyne:/workspaces/isaac_ros-dev/install/velodyne_pointcloud:/workspaces/isaac_ros-dev/install/velodyne_driver:/workspaces/isaac_ros-dev/install/velodyne_msgs:/workspaces/isaac_ros-dev/install/velodyne_laserscan:/workspaces/isaac_ros-dev/install/vectornav:/workspaces/isaac_ros-dev/install/sdv_localization:/workspaces/isaac_ros-dev/install/vectornav_msgs:/workspaces/isaac_ros-dev/install/slam_toolbox:/workspaces/isaac_ros-dev/install/sdv_msg:/workspaces/isaac_ros-dev/install/sdv_localization_msgs:/workspaces/isaac_ros-dev/install/pointcloud_to_laserscan:/workspaces/isaac_ros-dev/install/my_package:/workspaces/isaac_ros-dev/install/multisense_msgs:/workspaces/isaac_ros-dev/install/multisense_lib:/workspaces/isaac_ros-dev/install/isaac_ros_visual_slam:/workspaces/isaac_ros-dev/install/isaac_ros_visual_slam_interfaces:/workspaces/isaac_ros-dev/install/isaac_ros_tensor_list_interfaces:/workspaces/isaac_ros-dev/install/isaac_ros_common:/workspaces/isaac_ros-dev/install/isaac_ros_bi3d_interfaces:/workspaces/isaac_ros-dev/install/isaac_ros_apriltag_interfaces:/workspaces/isaac_ros-dev/install/yolov8_ros:/workspaces/isaac_ros-dev/install/xbox_controller:/workspaces/isaac_ros-dev/install/panel:/workspaces/isaac_ros-dev/install/isaac_ros_test:/workspaces/isaac_ros-dev/install/encoder:/opt/ros/humble/install /usr/bin/cmake --build /workspaces/isaac_ros-dev/build/multisense_msgs -- -j8 -l8
[9.990s] Invoking command in '/workspaces/isaac_ros-dev/build/multisense_msgs': CMAKE_PREFIX_PATH=/workspaces/isaac_ros-dev/install/yolov8_bringup:/workspaces/isaac_ros-dev/install/multisense_ros:/workspaces/isaac_ros-dev/install/xacro:/workspaces/isaac_ros-dev/install/vision_msgs_rviz_plugins:/workspaces/isaac_ros-dev/install/vision_msgs:/workspaces/isaac_ros-dev/install/velodyne:/workspaces/isaac_ros-dev/install/velodyne_pointcloud:/workspaces/isaac_ros-dev/install/velodyne_driver:/workspaces/isaac_ros-dev/install/velodyne_msgs:/workspaces/isaac_ros-dev/install/velodyne_laserscan:/workspaces/isaac_ros-dev/install/vectornav:/workspaces/isaac_ros-dev/install/sdv_localization:/workspaces/isaac_ros-dev/install/vectornav_msgs:/workspaces/isaac_ros-dev/install/slam_toolbox:/workspaces/isaac_ros-dev/install/sdv_msg:/workspaces/isaac_ros-dev/install/sdv_localization_msgs:/workspaces/isaac_ros-dev/install/pointcloud_to_laserscan:/workspaces/isaac_ros-dev/install/my_package:/workspaces/isaac_ros-dev/install/multisense_msgs:/workspaces/isaac_ros-dev/install/multisense_lib:/workspaces/isaac_ros-dev/install/isaac_ros_visual_slam:/workspaces/isaac_ros-dev/install/isaac_ros_visual_slam_interfaces:/workspaces/isaac_ros-dev/install/isaac_ros_tensor_list_interfaces:/workspaces/isaac_ros-dev/install/isaac_ros_common:/workspaces/isaac_ros-dev/install/isaac_ros_bi3d_interfaces:/workspaces/isaac_ros-dev/install/isaac_ros_apriltag_interfaces:/workspaces/isaac_ros-dev/install/yolov8_ros:/workspaces/isaac_ros-dev/install/xbox_controller:/workspaces/isaac_ros-dev/install/panel:/workspaces/isaac_ros-dev/install/isaac_ros_test:/workspaces/isaac_ros-dev/install/encoder:/opt/ros/humble/install /usr/bin/cmake --install /workspaces/isaac_ros-dev/build/multisense_msgs
[10.012s] -- Install configuration: "Release"
[10.018s] -- Up-to-date: /workspaces/isaac_ros-dev/install/multisense_msgs/share/ament_index/resource_index/rosidl_interfaces/multisense_msgs
[10.019s] -- Up-to-date: /workspaces/isaac_ros-dev/install/multisense_msgs/include/multisense_msgs/multisense_msgs
[10.019s] -- Up-to-date: /workspaces/isaac_ros-dev/install/multisense_msgs/include/multisense_msgs/multisense_msgs/msg
[10.020s] -- Up-to-date: /workspaces/isaac_ros-dev/install/multisense_msgs/include/multisense_msgs/multisense_msgs/msg/rosidl_generator_c__visibility_control.h
[10.031s] -- Up-to-date: /workspaces/isaac_ros-dev/install/multisense_msgs/include/multisense_msgs/multisense_msgs/msg/stamped_pps.h
[10.033s] -- Up-to-date: /workspaces/isaac_ros-dev/install/multisense_msgs/include/multisense_msgs/multisense_msgs/msg/raw_lidar_data.h
[10.033s] -- Up-to-date: /workspaces/isaac_ros-dev/install/multisense_msgs/include/multisense_msgs/multisense_msgs/msg/raw_lidar_cal.h
[10.034s] -- Up-to-date: /workspaces/isaac_ros-dev/install/multisense_msgs/include/multisense_msgs/multisense_msgs/msg/raw_cam_data.h
[10.034s] -- Up-to-date: /workspaces/isaac_ros-dev/install/multisense_msgs/include/multisense_msgs/multisense_msgs/msg/raw_imu_data.h
[10.034s] -- Up-to-date: /workspaces/isaac_ros-dev/install/multisense_msgs/include/multisense_msgs/multisense_msgs/msg/detail
[10.035s] -- Up-to-date: /workspaces/isaac_ros-dev/install/multisense_msgs/include/multisense_msgs/multisense_msgs/msg/detail/raw_cam_data__functions.c
[10.035s] -- Up-to-date: /workspaces/isaac_ros-dev/install/multisense_msgs/include/multisense_msgs/multisense_msgs/msg/detail/raw_cam_config__struct.h
[10.036s] -- Up-to-date: /workspaces/isaac_ros-dev/install/multisense_msgs/include/multisense_msgs/multisense_msgs/msg/detail/stamped_pps__functions.c
[10.036s] -- Up-to-date: /workspaces/isaac_ros-dev/install/multisense_msgs/include/multisense_msgs/multisense_msgs/msg/detail/raw_imu_data__type_support.h
[10.036s] -- Up-to-date: /workspaces/isaac_ros-dev/install/multisense_msgs/include/multisense_msgs/multisense_msgs/msg/detail/raw_cam_config__functions.h
[10.037s] -- Up-to-date: /workspaces/isaac_ros-dev/install/multisense_msgs/include/multisense_msgs/multisense_msgs/msg/detail/raw_cam_cal__functions.c
[10.037s] -- Up-to-date: /workspaces/isaac_ros-dev/install/multisense_msgs/include/multisense_msgs/multisense_msgs/msg/detail/device_status__functions.c
[10.038s] -- Up-to-date: /workspaces/isaac_ros-dev/install/multisense_msgs/include/multisense_msgs/multisense_msgs/msg/detail/histogram__functions.h
[10.038s] -- Up-to-date: /workspaces/isaac_ros-dev/install/multisense_msgs/include/multisense_msgs/multisense_msgs/msg/detail/raw_cam_cal__type_support.h
[10.039s] -- Up-to-date: /workspaces/isaac_ros-dev/install/multisense_msgs/include/multisense_msgs/multisense_msgs/msg/detail/raw_lidar_data__functions.c
[10.039s] -- Up-to-date: /workspaces/isaac_ros-dev/install/multisense_msgs/include/multisense_msgs/multisense_msgs/msg/detail/raw_cam_data__struct.h
[10.040s] -- Up-to-date: /workspaces/isaac_ros-dev/install/multisense_msgs/include/multisense_msgs/multisense_msgs/msg/detail/raw_lidar_data__struct.h
[10.041s] -- Up-to-date: /workspaces/isaac_ros-dev/install/multisense_msgs/include/multisense_msgs/multisense_msgs/msg/detail/raw_cam_cal__functions.h
[10.041s] -- Up-to-date: /workspaces/isaac_ros-dev/install/multisense_msgs/include/multisense_msgs/multisense_msgs/msg/detail/raw_cam_cal__struct.h
[10.041s] -- Up-to-date: /workspaces/isaac_ros-dev/install/multisense_msgs/include/multisense_msgs/multisense_msgs/msg/detail/raw_lidar_data__functions.h
[10.042s] -- Up-to-date: /workspaces/isaac_ros-dev/install/multisense_msgs/include/multisense_msgs/multisense_msgs/msg/detail/device_status__functions.h
[10.042s] -- Up-to-date: /workspaces/isaac_ros-dev/install/multisense_msgs/include/multisense_msgs/multisense_msgs/msg/detail/histogram__type_support.h
[10.042s] -- Up-to-date: /workspaces/isaac_ros-dev/install/multisense_msgs/include/multisense_msgs/multisense_msgs/msg/detail/histogram__struct.h
[10.042s] -- Up-to-date: /workspaces/isaac_ros-dev/install/multisense_msgs/include/multisense_msgs/multisense_msgs/msg/detail/histogram__functions.c
[10.043s] -- Up-to-date: /workspaces/isaac_ros-dev/install/multisense_msgs/include/multisense_msgs/multisense_msgs/msg/detail/raw_cam_data__type_support.h
[10.043s] -- Up-to-date: /workspaces/isaac_ros-dev/install/multisense_msgs/include/multisense_msgs/multisense_msgs/msg/detail/device_info__struct.h
[10.045s] -- Up-to-date: /workspaces/isaac_ros-dev/install/multisense_msgs/include/multisense_msgs/multisense_msgs/msg/detail/raw_lidar_cal__type_support.h
[10.046s] -- Up-to-date: /workspaces/isaac_ros-dev/install/multisense_msgs/include/multisense_msgs/multisense_msgs/msg/detail/raw_cam_config__type_support.h
[10.047s] -- Up-to-date: /workspaces/isaac_ros-dev/install/multisense_msgs/include/multisense_msgs/multisense_msgs/msg/detail/raw_lidar_cal__functions.c
[10.047s] -- Up-to-date: /workspaces/isaac_ros-dev/install/multisense_msgs/include/multisense_msgs/multisense_msgs/msg/detail/raw_imu_data__functions.c
[10.047s] -- Up-to-date: /workspaces/isaac_ros-dev/install/multisense_msgs/include/multisense_msgs/multisense_msgs/msg/detail/stamped_pps__type_support.h
[10.048s] -- Up-to-date: /workspaces/isaac_ros-dev/install/multisense_msgs/include/multisense_msgs/multisense_msgs/msg/detail/device_status__type_support.h
[10.049s] -- Up-to-date: /workspaces/isaac_ros-dev/install/multisense_msgs/include/multisense_msgs/multisense_msgs/msg/detail/raw_imu_data__functions.h
[10.049s] -- Up-to-date: /workspaces/isaac_ros-dev/install/multisense_msgs/include/multisense_msgs/multisense_msgs/msg/detail/raw_lidar_cal__struct.h
[10.049s] -- Up-to-date: /workspaces/isaac_ros-dev/install/multisense_msgs/include/multisense_msgs/multisense_msgs/msg/detail/device_status__struct.h
[10.050s] -- Up-to-date: /workspaces/isaac_ros-dev/install/multisense_msgs/include/multisense_msgs/multisense_msgs/msg/detail/raw_lidar_data__type_support.h
[10.050s] -- Up-to-date: /workspaces/isaac_ros-dev/install/multisense_msgs/include/multisense_msgs/multisense_msgs/msg/detail/raw_cam_config__functions.c
[10.050s] -- Up-to-date: /workspaces/isaac_ros-dev/install/multisense_msgs/include/multisense_msgs/multisense_msgs/msg/detail/device_info__functions.c
[10.051s] -- Up-to-date: /workspaces/isaac_ros-dev/install/multisense_msgs/include/multisense_msgs/multisense_msgs/msg/detail/device_info__functions.h
[10.051s] -- Up-to-date: /workspaces/isaac_ros-dev/install/multisense_msgs/include/multisense_msgs/multisense_msgs/msg/detail/raw_imu_data__struct.h
[10.051s] -- Up-to-date: /workspaces/isaac_ros-dev/install/multisense_msgs/include/multisense_msgs/multisense_msgs/msg/detail/stamped_pps__functions.h
[10.052s] -- Up-to-date: /workspaces/isaac_ros-dev/install/multisense_msgs/include/multisense_msgs/multisense_msgs/msg/detail/raw_cam_data__functions.h
[10.052s] -- Up-to-date: /workspaces/isaac_ros-dev/install/multisense_msgs/include/multisense_msgs/multisense_msgs/msg/detail/device_info__type_support.h
[10.052s] -- Up-to-date: /workspaces/isaac_ros-dev/install/multisense_msgs/include/multisense_msgs/multisense_msgs/msg/detail/stamped_pps__struct.h
[10.056s] -- Up-to-date: /workspaces/isaac_ros-dev/install/multisense_msgs/include/multisense_msgs/multisense_msgs/msg/detail/raw_lidar_cal__functions.h
[10.056s] -- Up-to-date: /workspaces/isaac_ros-dev/install/multisense_msgs/include/multisense_msgs/multisense_msgs/msg/raw_cam_config.h
[10.056s] -- Up-to-date: /workspaces/isaac_ros-dev/install/multisense_msgs/include/multisense_msgs/multisense_msgs/msg/device_status.h
[10.057s] -- Up-to-date: /workspaces/isaac_ros-dev/install/multisense_msgs/include/multisense_msgs/multisense_msgs/msg/device_info.h
[10.057s] -- Up-to-date: /workspaces/isaac_ros-dev/install/multisense_msgs/include/multisense_msgs/multisense_msgs/msg/raw_cam_cal.h
[10.057s] -- Up-to-date: /workspaces/isaac_ros-dev/install/multisense_msgs/include/multisense_msgs/multisense_msgs/msg/histogram.h
[10.058s] -- Up-to-date: /workspaces/isaac_ros-dev/install/multisense_msgs/share/multisense_msgs/environment/library_path.sh
[10.058s] -- Up-to-date: /workspaces/isaac_ros-dev/install/multisense_msgs/share/multisense_msgs/environment/library_path.dsv
[10.063s] -- Up-to-date: /workspaces/isaac_ros-dev/install/multisense_msgs/lib/libmultisense_msgs__rosidl_generator_c.so
[10.064s] -- Up-to-date: /workspaces/isaac_ros-dev/install/multisense_msgs/include/multisense_msgs/multisense_msgs
[10.064s] -- Up-to-date: /workspaces/isaac_ros-dev/install/multisense_msgs/include/multisense_msgs/multisense_msgs/msg
[10.065s] -- Up-to-date: /workspaces/isaac_ros-dev/install/multisense_msgs/include/multisense_msgs/multisense_msgs/msg/rosidl_typesupport_fastrtps_c__visibility_control.h
[10.065s] -- Up-to-date: /workspaces/isaac_ros-dev/install/multisense_msgs/include/multisense_msgs/multisense_msgs/msg/detail
[10.065s] -- Up-to-date: /workspaces/isaac_ros-dev/install/multisense_msgs/include/multisense_msgs/multisense_msgs/msg/detail/raw_cam_cal__rosidl_typesupport_fastrtps_c.h
[10.065s] -- Up-to-date: /workspaces/isaac_ros-dev/install/multisense_msgs/include/multisense_msgs/multisense_msgs/msg/detail/device_info__rosidl_typesupport_fastrtps_c.h
[10.067s] -- Up-to-date: /workspaces/isaac_ros-dev/install/multisense_msgs/include/multisense_msgs/multisense_msgs/msg/detail/raw_lidar_data__rosidl_typesupport_fastrtps_c.h
[10.067s] -- Up-to-date: /workspaces/isaac_ros-dev/install/multisense_msgs/include/multisense_msgs/multisense_msgs/msg/detail/raw_cam_data__rosidl_typesupport_fastrtps_c.h
[10.068s] -- Up-to-date: /workspaces/isaac_ros-dev/install/multisense_msgs/include/multisense_msgs/multisense_msgs/msg/detail/histogram__rosidl_typesupport_fastrtps_c.h
[10.068s] -- Up-to-date: /workspaces/isaac_ros-dev/install/multisense_msgs/include/multisense_msgs/multisense_msgs/msg/detail/device_status__rosidl_typesupport_fastrtps_c.h
[10.068s] -- Up-to-date: /workspaces/isaac_ros-dev/install/multisense_msgs/include/multisense_msgs/multisense_msgs/msg/detail/raw_imu_data__rosidl_typesupport_fastrtps_c.h
[10.069s] -- Up-to-date: /workspaces/isaac_ros-dev/install/multisense_msgs/include/multisense_msgs/multisense_msgs/msg/detail/raw_cam_config__rosidl_typesupport_fastrtps_c.h
[10.069s] -- Up-to-date: /workspaces/isaac_ros-dev/install/multisense_msgs/include/multisense_msgs/multisense_msgs/msg/detail/stamped_pps__rosidl_typesupport_fastrtps_c.h
[10.069s] -- Up-to-date: /workspaces/isaac_ros-dev/install/multisense_msgs/include/multisense_msgs/multisense_msgs/msg/detail/raw_lidar_cal__rosidl_typesupport_fastrtps_c.h
[10.069s] -- Up-to-date: /workspaces/isaac_ros-dev/install/multisense_msgs/lib/libmultisense_msgs__rosidl_typesupport_fastrtps_c.so
[10.070s] -- Up-to-date: /workspaces/isaac_ros-dev/install/multisense_msgs/include/multisense_msgs/multisense_msgs
[10.070s] -- Up-to-date: /workspaces/isaac_ros-dev/install/multisense_msgs/include/multisense_msgs/multisense_msgs/msg
[10.070s] -- Up-to-date: /workspaces/isaac_ros-dev/install/multisense_msgs/include/multisense_msgs/multisense_msgs/msg/device_info.hpp
[10.070s] -- Up-to-date: /workspaces/isaac_ros-dev/install/multisense_msgs/include/multisense_msgs/multisense_msgs/msg/raw_cam_config.hpp
[10.071s] -- Up-to-date: /workspaces/isaac_ros-dev/install/multisense_msgs/include/multisense_msgs/multisense_msgs/msg/raw_imu_data.hpp
[10.071s] -- Up-to-date: /workspaces/isaac_ros-dev/install/multisense_msgs/include/multisense_msgs/multisense_msgs/msg/raw_lidar_cal.hpp
[10.072s] -- Up-to-date: /workspaces/isaac_ros-dev/install/multisense_msgs/include/multisense_msgs/multisense_msgs/msg/histogram.hpp
[10.072s] -- Up-to-date: /workspaces/isaac_ros-dev/install/multisense_msgs/include/multisense_msgs/multisense_msgs/msg/detail
[10.073s] -- Up-to-date: /workspaces/isaac_ros-dev/install/multisense_msgs/include/multisense_msgs/multisense_msgs/msg/detail/raw_cam_data__traits.hpp
[10.073s] -- Up-to-date: /workspaces/isaac_ros-dev/install/multisense_msgs/include/multisense_msgs/multisense_msgs/msg/detail/device_status__struct.hpp
[10.073s] -- Up-to-date: /workspaces/isaac_ros-dev/install/multisense_msgs/include/multisense_msgs/multisense_msgs/msg/detail/raw_lidar_cal__traits.hpp
[10.073s] -- Up-to-date: /workspaces/isaac_ros-dev/install/multisense_msgs/include/multisense_msgs/multisense_msgs/msg/detail/device_info__traits.hpp
[10.073s] -- Up-to-date: /workspaces/isaac_ros-dev/install/multisense_msgs/include/multisense_msgs/multisense_msgs/msg/detail/raw_imu_data__traits.hpp
[10.074s] -- Up-to-date: /workspaces/isaac_ros-dev/install/multisense_msgs/include/multisense_msgs/multisense_msgs/msg/detail/stamped_pps__struct.hpp
[10.074s] -- Up-to-date: /workspaces/isaac_ros-dev/install/multisense_msgs/include/multisense_msgs/multisense_msgs/msg/detail/raw_imu_data__struct.hpp
[10.074s] -- Up-to-date: /workspaces/isaac_ros-dev/install/multisense_msgs/include/multisense_msgs/multisense_msgs/msg/detail/raw_cam_config__builder.hpp
[10.074s] -- Up-to-date: /workspaces/isaac_ros-dev/install/multisense_msgs/include/multisense_msgs/multisense_msgs/msg/detail/raw_cam_cal__builder.hpp
[10.075s] -- Up-to-date: /workspaces/isaac_ros-dev/install/multisense_msgs/include/multisense_msgs/multisense_msgs/msg/detail/raw_imu_data__builder.hpp
[10.075s] -- Up-to-date: /workspaces/isaac_ros-dev/install/multisense_msgs/include/multisense_msgs/multisense_msgs/msg/detail/stamped_pps__traits.hpp
[10.075s] -- Up-to-date: /workspaces/isaac_ros-dev/install/multisense_msgs/include/multisense_msgs/multisense_msgs/msg/detail/histogram__traits.hpp
[10.076s] -- Up-to-date: /workspaces/isaac_ros-dev/install/multisense_msgs/include/multisense_msgs/multisense_msgs/msg/detail/raw_lidar_data__builder.hpp
[10.076s] -- Up-to-date: /workspaces/isaac_ros-dev/install/multisense_msgs/include/multisense_msgs/multisense_msgs/msg/detail/raw_lidar_cal__builder.hpp
[10.076s] -- Up-to-date: /workspaces/isaac_ros-dev/install/multisense_msgs/include/multisense_msgs/multisense_msgs/msg/detail/device_info__struct.hpp
[10.077s] -- Up-to-date: /workspaces/isaac_ros-dev/install/multisense_msgs/include/multisense_msgs/multisense_msgs/msg/detail/raw_cam_cal__struct.hpp
[10.077s] -- Up-to-date: /workspaces/isaac_ros-dev/install/multisense_msgs/include/multisense_msgs/multisense_msgs/msg/detail/stamped_pps__builder.hpp
[10.077s] -- Up-to-date: /workspaces/isaac_ros-dev/install/multisense_msgs/include/multisense_msgs/multisense_msgs/msg/detail/raw_lidar_data__struct.hpp
[10.078s] -- Up-to-date: /workspaces/isaac_ros-dev/install/multisense_msgs/include/multisense_msgs/multisense_msgs/msg/detail/raw_cam_data__builder.hpp
[10.078s] -- Up-to-date: /workspaces/isaac_ros-dev/install/multisense_msgs/include/multisense_msgs/multisense_msgs/msg/detail/raw_lidar_data__traits.hpp
[10.078s] -- Up-to-date: /workspaces/isaac_ros-dev/install/multisense_msgs/include/multisense_msgs/multisense_msgs/msg/detail/raw_cam_config__traits.hpp
[10.079s] -- Up-to-date: /workspaces/isaac_ros-dev/install/multisense_msgs/include/multisense_msgs/multisense_msgs/msg/detail/raw_cam_cal__traits.hpp
[10.079s] -- Up-to-date: /workspaces/isaac_ros-dev/install/multisense_msgs/include/multisense_msgs/multisense_msgs/msg/detail/raw_lidar_cal__struct.hpp
[10.079s] -- Up-to-date: /workspaces/isaac_ros-dev/install/multisense_msgs/include/multisense_msgs/multisense_msgs/msg/detail/histogram__builder.hpp
[10.080s] -- Up-to-date: /workspaces/isaac_ros-dev/install/multisense_msgs/include/multisense_msgs/multisense_msgs/msg/detail/device_status__builder.hpp
[10.080s] -- Up-to-date: /workspaces/isaac_ros-dev/install/multisense_msgs/include/multisense_msgs/multisense_msgs/msg/detail/device_info__builder.hpp
[10.082s] -- Up-to-date: /workspaces/isaac_ros-dev/install/multisense_msgs/include/multisense_msgs/multisense_msgs/msg/detail/raw_cam_data__struct.hpp
[10.082s] -- Up-to-date: /workspaces/isaac_ros-dev/install/multisense_msgs/include/multisense_msgs/multisense_msgs/msg/detail/device_status__traits.hpp
[10.082s] -- Up-to-date: /workspaces/isaac_ros-dev/install/multisense_msgs/include/multisense_msgs/multisense_msgs/msg/detail/raw_cam_config__struct.hpp
[10.083s] -- Up-to-date: /workspaces/isaac_ros-dev/install/multisense_msgs/include/multisense_msgs/multisense_msgs/msg/detail/histogram__struct.hpp
[10.084s] -- Up-to-date: /workspaces/isaac_ros-dev/install/multisense_msgs/include/multisense_msgs/multisense_msgs/msg/raw_lidar_data.hpp
[10.084s] -- Up-to-date: /workspaces/isaac_ros-dev/install/multisense_msgs/include/multisense_msgs/multisense_msgs/msg/raw_cam_data.hpp
[10.084s] -- Up-to-date: /workspaces/isaac_ros-dev/install/multisense_msgs/include/multisense_msgs/multisense_msgs/msg/stamped_pps.hpp
[10.084s] -- Up-to-date: /workspaces/isaac_ros-dev/install/multisense_msgs/include/multisense_msgs/multisense_msgs/msg/raw_cam_cal.hpp
[10.085s] -- Up-to-date: /workspaces/isaac_ros-dev/install/multisense_msgs/include/multisense_msgs/multisense_msgs/msg/device_status.hpp
[10.085s] -- Up-to-date: /workspaces/isaac_ros-dev/install/multisense_msgs/include/multisense_msgs/multisense_msgs
[10.085s] -- Up-to-date: /workspaces/isaac_ros-dev/install/multisense_msgs/include/multisense_msgs/multisense_msgs/msg
[10.085s] -- Up-to-date: /workspaces/isaac_ros-dev/install/multisense_msgs/include/multisense_msgs/multisense_msgs/msg/rosidl_typesupport_fastrtps_cpp__visibility_control.h
[10.086s] -- Up-to-date: /workspaces/isaac_ros-dev/install/multisense_msgs/include/multisense_msgs/multisense_msgs/msg/detail
[10.086s] -- Up-to-date: /workspaces/isaac_ros-dev/install/multisense_msgs/include/multisense_msgs/multisense_msgs/msg/detail/histogram__rosidl_typesupport_fastrtps_cpp.hpp
[10.087s] -- Up-to-date: /workspaces/isaac_ros-dev/install/multisense_msgs/include/multisense_msgs/multisense_msgs/msg/detail/stamped_pps__rosidl_typesupport_fastrtps_cpp.hpp
[10.087s] -- Up-to-date: /workspaces/isaac_ros-dev/install/multisense_msgs/include/multisense_msgs/multisense_msgs/msg/detail/raw_cam_cal__rosidl_typesupport_fastrtps_cpp.hpp
[10.087s] -- Up-to-date: /workspaces/isaac_ros-dev/install/multisense_msgs/include/multisense_msgs/multisense_msgs/msg/detail/raw_lidar_data__rosidl_typesupport_fastrtps_cpp.hpp
[10.088s] -- Up-to-date: /workspaces/isaac_ros-dev/install/multisense_msgs/include/multisense_msgs/multisense_msgs/msg/detail/raw_lidar_cal__rosidl_typesupport_fastrtps_cpp.hpp
[10.088s] -- Up-to-date: /workspaces/isaac_ros-dev/install/multisense_msgs/include/multisense_msgs/multisense_msgs/msg/detail/device_info__rosidl_typesupport_fastrtps_cpp.hpp
[10.088s] -- Up-to-date: /workspaces/isaac_ros-dev/install/multisense_msgs/include/multisense_msgs/multisense_msgs/msg/detail/dds_fastrtps
[10.088s] -- Up-to-date: /workspaces/isaac_ros-dev/install/multisense_msgs/include/multisense_msgs/multisense_msgs/msg/detail/raw_cam_config__rosidl_typesupport_fastrtps_cpp.hpp
[10.089s] -- Up-to-date: /workspaces/isaac_ros-dev/install/multisense_msgs/include/multisense_msgs/multisense_msgs/msg/detail/device_status__rosidl_typesupport_fastrtps_cpp.hpp
[10.089s] -- Up-to-date: /workspaces/isaac_ros-dev/install/multisense_msgs/include/multisense_msgs/multisense_msgs/msg/detail/raw_cam_data__rosidl_typesupport_fastrtps_cpp.hpp
[10.090s] -- Up-to-date: /workspaces/isaac_ros-dev/install/multisense_msgs/include/multisense_msgs/multisense_msgs/msg/detail/raw_imu_data__rosidl_typesupport_fastrtps_cpp.hpp
[10.090s] -- Up-to-date: /workspaces/isaac_ros-dev/install/multisense_msgs/lib/libmultisense_msgs__rosidl_typesupport_fastrtps_cpp.so
[10.090s] -- Up-to-date: /workspaces/isaac_ros-dev/install/multisense_msgs/include/multisense_msgs/multisense_msgs
[10.091s] -- Up-to-date: /workspaces/isaac_ros-dev/install/multisense_msgs/include/multisense_msgs/multisense_msgs/msg
[10.091s] -- Up-to-date: /workspaces/isaac_ros-dev/install/multisense_msgs/include/multisense_msgs/multisense_msgs/msg/detail
[10.091s] -- Up-to-date: /workspaces/isaac_ros-dev/install/multisense_msgs/include/multisense_msgs/multisense_msgs/msg/detail/stamped_pps__rosidl_typesupport_introspection_c.h
[10.092s] -- Up-to-date: /workspaces/isaac_ros-dev/install/multisense_msgs/include/multisense_msgs/multisense_msgs/msg/detail/raw_lidar_data__type_support.c
[10.092s] -- Up-to-date: /workspaces/isaac_ros-dev/install/multisense_msgs/include/multisense_msgs/multisense_msgs/msg/detail/raw_imu_data__type_support.c
[10.092s] -- Up-to-date: /workspaces/isaac_ros-dev/install/multisense_msgs/include/multisense_msgs/multisense_msgs/msg/detail/device_status__rosidl_typesupport_introspection_c.h
[10.093s] -- Up-to-date: /workspaces/isaac_ros-dev/install/multisense_msgs/include/multisense_msgs/multisense_msgs/msg/detail/device_info__rosidl_typesupport_introspection_c.h
[10.093s] -- Up-to-date: /workspaces/isaac_ros-dev/install/multisense_msgs/include/multisense_msgs/multisense_msgs/msg/detail/raw_cam_config__rosidl_typesupport_introspection_c.h
[10.093s] -- Up-to-date: /workspaces/isaac_ros-dev/install/multisense_msgs/include/multisense_msgs/multisense_msgs/msg/detail/device_info__type_support.c
[10.094s] -- Up-to-date: /workspaces/isaac_ros-dev/install/multisense_msgs/include/multisense_msgs/multisense_msgs/msg/detail/raw_cam_data__type_support.c
[10.094s] -- Up-to-date: /workspaces/isaac_ros-dev/install/multisense_msgs/include/multisense_msgs/multisense_msgs/msg/detail/stamped_pps__type_support.c
[10.095s] -- Up-to-date: /workspaces/isaac_ros-dev/install/multisense_msgs/include/multisense_msgs/multisense_msgs/msg/detail/raw_imu_data__rosidl_typesupport_introspection_c.h
[10.095s] -- Up-to-date: /workspaces/isaac_ros-dev/install/multisense_msgs/include/multisense_msgs/multisense_msgs/msg/detail/raw_lidar_cal__type_support.c
[10.096s] -- Up-to-date: /workspaces/isaac_ros-dev/install/multisense_msgs/include/multisense_msgs/multisense_msgs/msg/detail/raw_cam_config__type_support.c
[10.096s] -- Up-to-date: /workspaces/isaac_ros-dev/install/multisense_msgs/include/multisense_msgs/multisense_msgs/msg/detail/raw_lidar_data__rosidl_typesupport_introspection_c.h
[10.097s] -- Up-to-date: /workspaces/isaac_ros-dev/install/multisense_msgs/include/multisense_msgs/multisense_msgs/msg/detail/raw_cam_cal__type_support.c
[10.097s] -- Up-to-date: /workspaces/isaac_ros-dev/install/multisense_msgs/include/multisense_msgs/multisense_msgs/msg/detail/device_status__type_support.c
[10.097s] -- Up-to-date: /workspaces/isaac_ros-dev/install/multisense_msgs/include/multisense_msgs/multisense_msgs/msg/detail/raw_cam_data__rosidl_typesupport_introspection_c.h
[10.098s] -- Up-to-date: /workspaces/isaac_ros-dev/install/multisense_msgs/include/multisense_msgs/multisense_msgs/msg/detail/histogram__rosidl_typesupport_introspection_c.h
[10.098s] -- Up-to-date: /workspaces/isaac_ros-dev/install/multisense_msgs/include/multisense_msgs/multisense_msgs/msg/detail/raw_cam_cal__rosidl_typesupport_introspection_c.h
[10.098s] -- Up-to-date: /workspaces/isaac_ros-dev/install/multisense_msgs/include/multisense_msgs/multisense_msgs/msg/detail/raw_lidar_cal__rosidl_typesupport_introspection_c.h
[10.098s] -- Up-to-date: /workspaces/isaac_ros-dev/install/multisense_msgs/include/multisense_msgs/multisense_msgs/msg/detail/histogram__type_support.c
[10.099s] -- Up-to-date: /workspaces/isaac_ros-dev/install/multisense_msgs/include/multisense_msgs/multisense_msgs/msg/rosidl_typesupport_introspection_c__visibility_control.h
[10.099s] -- Up-to-date: /workspaces/isaac_ros-dev/install/multisense_msgs/lib/libmultisense_msgs__rosidl_typesupport_introspection_c.so
[10.100s] -- Up-to-date: /workspaces/isaac_ros-dev/install/multisense_msgs/lib/libmultisense_msgs__rosidl_typesupport_c.so
[10.100s] -- Up-to-date: /workspaces/isaac_ros-dev/install/multisense_msgs/include/multisense_msgs/multisense_msgs
[10.101s] -- Up-to-date: /workspaces/isaac_ros-dev/install/multisense_msgs/include/multisense_msgs/multisense_msgs/msg
[10.101s] -- Up-to-date: /workspaces/isaac_ros-dev/install/multisense_msgs/include/multisense_msgs/multisense_msgs/msg/detail
[10.102s] -- Up-to-date: /workspaces/isaac_ros-dev/install/multisense_msgs/include/multisense_msgs/multisense_msgs/msg/detail/raw_imu_data__rosidl_typesupport_introspection_cpp.hpp
[10.102s] -- Up-to-date: /workspaces/isaac_ros-dev/install/multisense_msgs/include/multisense_msgs/multisense_msgs/msg/detail/histogram__rosidl_typesupport_introspection_cpp.hpp
[10.103s] -- Up-to-date: /workspaces/isaac_ros-dev/install/multisense_msgs/include/multisense_msgs/multisense_msgs/msg/detail/histogram__type_support.cpp
[10.103s] -- Up-to-date: /workspaces/isaac_ros-dev/install/multisense_msgs/include/multisense_msgs/multisense_msgs/msg/detail/stamped_pps__type_support.cpp
[10.104s] -- Up-to-date: /workspaces/isaac_ros-dev/install/multisense_msgs/include/multisense_msgs/multisense_msgs/msg/detail/raw_cam_data__type_support.cpp
[10.104s] -- Up-to-date: /workspaces/isaac_ros-dev/install/multisense_msgs/include/multisense_msgs/multisense_msgs/msg/detail/device_info__rosidl_typesupport_introspection_cpp.hpp
[10.105s] -- Up-to-date: /workspaces/isaac_ros-dev/install/multisense_msgs/include/multisense_msgs/multisense_msgs/msg/detail/raw_imu_data__type_support.cpp
[10.105s] -- Up-to-date: /workspaces/isaac_ros-dev/install/multisense_msgs/include/multisense_msgs/multisense_msgs/msg/detail/raw_lidar_data__rosidl_typesupport_introspection_cpp.hpp
[10.107s] -- Up-to-date: /workspaces/isaac_ros-dev/install/multisense_msgs/include/multisense_msgs/multisense_msgs/msg/detail/device_status__type_support.cpp
[10.108s] -- Up-to-date: /workspaces/isaac_ros-dev/install/multisense_msgs/include/multisense_msgs/multisense_msgs/msg/detail/raw_cam_cal__rosidl_typesupport_introspection_cpp.hpp
[10.108s] -- Up-to-date: /workspaces/isaac_ros-dev/install/multisense_msgs/include/multisense_msgs/multisense_msgs/msg/detail/raw_lidar_cal__rosidl_typesupport_introspection_cpp.hpp
[10.109s] -- Up-to-date: /workspaces/isaac_ros-dev/install/multisense_msgs/include/multisense_msgs/multisense_msgs/msg/detail/device_status__rosidl_typesupport_introspection_cpp.hpp
[10.109s] -- Up-to-date: /workspaces/isaac_ros-dev/install/multisense_msgs/include/multisense_msgs/multisense_msgs/msg/detail/raw_cam_cal__type_support.cpp
[10.110s] -- Up-to-date: /workspaces/isaac_ros-dev/install/multisense_msgs/include/multisense_msgs/multisense_msgs/msg/detail/raw_cam_config__rosidl_typesupport_introspection_cpp.hpp
[10.111s] -- Up-to-date: /workspaces/isaac_ros-dev/install/multisense_msgs/include/multisense_msgs/multisense_msgs/msg/detail/raw_cam_config__type_support.cpp
[10.111s] -- Up-to-date: /workspaces/isaac_ros-dev/install/multisense_msgs/include/multisense_msgs/multisense_msgs/msg/detail/raw_lidar_data__type_support.cpp
[10.112s] -- Up-to-date: /workspaces/isaac_ros-dev/install/multisense_msgs/include/multisense_msgs/multisense_msgs/msg/detail/raw_lidar_cal__type_support.cpp
[10.112s] -- Up-to-date: /workspaces/isaac_ros-dev/install/multisense_msgs/include/multisense_msgs/multisense_msgs/msg/detail/raw_cam_data__rosidl_typesupport_introspection_cpp.hpp
[10.113s] -- Up-to-date: /workspaces/isaac_ros-dev/install/multisense_msgs/include/multisense_msgs/multisense_msgs/msg/detail/device_info__type_support.cpp
[10.114s] -- Up-to-date: /workspaces/isaac_ros-dev/install/multisense_msgs/include/multisense_msgs/multisense_msgs/msg/detail/stamped_pps__rosidl_typesupport_introspection_cpp.hpp
[10.114s] -- Up-to-date: /workspaces/isaac_ros-dev/install/multisense_msgs/lib/libmultisense_msgs__rosidl_typesupport_introspection_cpp.so
[10.116s] -- Up-to-date: /workspaces/isaac_ros-dev/install/multisense_msgs/lib/libmultisense_msgs__rosidl_typesupport_cpp.so
[10.116s] -- Up-to-date: /workspaces/isaac_ros-dev/install/multisense_msgs/share/multisense_msgs/environment/pythonpath.sh
[10.118s] -- Up-to-date: /workspaces/isaac_ros-dev/install/multisense_msgs/share/multisense_msgs/environment/pythonpath.dsv
[10.118s] -- Up-to-date: /workspaces/isaac_ros-dev/install/multisense_msgs/lib/python3.8/site-packages/multisense_msgs-1.0.0-py3.8.egg-info
[10.118s] -- Installing: /workspaces/isaac_ros-dev/install/multisense_msgs/lib/python3.8/site-packages/multisense_msgs-1.0.0-py3.8.egg-info/top_level.txt
[10.119s] -- Installing: /workspaces/isaac_ros-dev/install/multisense_msgs/lib/python3.8/site-packages/multisense_msgs-1.0.0-py3.8.egg-info/dependency_links.txt
[10.120s] -- Installing: /workspaces/isaac_ros-dev/install/multisense_msgs/lib/python3.8/site-packages/multisense_msgs-1.0.0-py3.8.egg-info/SOURCES.txt
[10.121s] -- Installing: /workspaces/isaac_ros-dev/install/multisense_msgs/lib/python3.8/site-packages/multisense_msgs-1.0.0-py3.8.egg-info/PKG-INFO
[10.121s] -- Up-to-date: /workspaces/isaac_ros-dev/install/multisense_msgs/lib/python3.8/site-packages/multisense_msgs
[10.122s] -- Up-to-date: /workspaces/isaac_ros-dev/install/multisense_msgs/lib/python3.8/site-packages/multisense_msgs/multisense_msgs_s__rosidl_typesupport_fastrtps_c.cpython-38-aarch64-linux-gnu.so
[10.123s] -- Up-to-date: /workspaces/isaac_ros-dev/install/multisense_msgs/lib/python3.8/site-packages/multisense_msgs/__init__.py
[10.123s] -- Up-to-date: /workspaces/isaac_ros-dev/install/multisense_msgs/lib/python3.8/site-packages/multisense_msgs/_multisense_msgs_s.ep.rosidl_typesupport_introspection_c.c
[10.123s] -- Up-to-date: /workspaces/isaac_ros-dev/install/multisense_msgs/lib/python3.8/site-packages/multisense_msgs/msg
[10.126s] -- Up-to-date: /workspaces/isaac_ros-dev/install/multisense_msgs/lib/python3.8/site-packages/multisense_msgs/msg/_raw_lidar_data.py
[10.126s] -- Up-to-date: /workspaces/isaac_ros-dev/install/multisense_msgs/lib/python3.8/site-packages/multisense_msgs/msg/__init__.py
[10.126s] -- Up-to-date: /workspaces/isaac_ros-dev/install/multisense_msgs/lib/python3.8/site-packages/multisense_msgs/msg/_raw_lidar_data_s.c
[10.127s] -- Up-to-date: /workspaces/isaac_ros-dev/install/multisense_msgs/lib/python3.8/site-packages/multisense_msgs/msg/_raw_imu_data_s.c
[10.128s] -- Up-to-date: /workspaces/isaac_ros-dev/install/multisense_msgs/lib/python3.8/site-packages/multisense_msgs/msg/_raw_cam_data.py
[10.128s] -- Up-to-date: /workspaces/isaac_ros-dev/install/multisense_msgs/lib/python3.8/site-packages/multisense_msgs/msg/_device_status_s.c
[10.128s] -- Up-to-date: /workspaces/isaac_ros-dev/install/multisense_msgs/lib/python3.8/site-packages/multisense_msgs/msg/_raw_lidar_cal.py
[10.129s] -- Up-to-date: /workspaces/isaac_ros-dev/install/multisense_msgs/lib/python3.8/site-packages/multisense_msgs/msg/_histogram.py
[10.130s] -- Up-to-date: /workspaces/isaac_ros-dev/install/multisense_msgs/lib/python3.8/site-packages/multisense_msgs/msg/_device_status.py
[10.130s] -- Up-to-date: /workspaces/isaac_ros-dev/install/multisense_msgs/lib/python3.8/site-packages/multisense_msgs/msg/_device_info.py
[10.131s] -- Up-to-date: /workspaces/isaac_ros-dev/install/multisense_msgs/lib/python3.8/site-packages/multisense_msgs/msg/_raw_imu_data.py
[10.131s] -- Up-to-date: /workspaces/isaac_ros-dev/install/multisense_msgs/lib/python3.8/site-packages/multisense_msgs/msg/_raw_cam_cal.py
[10.131s] -- Up-to-date: /workspaces/isaac_ros-dev/install/multisense_msgs/lib/python3.8/site-packages/multisense_msgs/msg/_raw_cam_config.py
[10.132s] -- Up-to-date: /workspaces/isaac_ros-dev/install/multisense_msgs/lib/python3.8/site-packages/multisense_msgs/msg/_device_info_s.c
[10.132s] -- Up-to-date: /workspaces/isaac_ros-dev/install/multisense_msgs/lib/python3.8/site-packages/multisense_msgs/msg/_stamped_pps_s.c
[10.132s] -- Up-to-date: /workspaces/isaac_ros-dev/install/multisense_msgs/lib/python3.8/site-packages/multisense_msgs/msg/_raw_cam_data_s.c
[10.133s] -- Up-to-date: /workspaces/isaac_ros-dev/install/multisense_msgs/lib/python3.8/site-packages/multisense_msgs/msg/_raw_cam_config_s.c
[10.133s] -- Up-to-date: /workspaces/isaac_ros-dev/install/multisense_msgs/lib/python3.8/site-packages/multisense_msgs/msg/_raw_cam_cal_s.c
[10.133s] -- Up-to-date: /workspaces/isaac_ros-dev/install/multisense_msgs/lib/python3.8/site-packages/multisense_msgs/msg/_raw_lidar_cal_s.c
[10.134s] -- Up-to-date: /workspaces/isaac_ros-dev/install/multisense_msgs/lib/python3.8/site-packages/multisense_msgs/msg/_histogram_s.c
[10.134s] -- Up-to-date: /workspaces/isaac_ros-dev/install/multisense_msgs/lib/python3.8/site-packages/multisense_msgs/msg/_stamped_pps.py
[10.134s] -- Up-to-date: /workspaces/isaac_ros-dev/install/multisense_msgs/lib/python3.8/site-packages/multisense_msgs/multisense_msgs_s__rosidl_typesupport_c.cpython-38-aarch64-linux-gnu.so
[10.137s] -- Up-to-date: /workspaces/isaac_ros-dev/install/multisense_msgs/lib/python3.8/site-packages/multisense_msgs/libmultisense_msgs__rosidl_generator_py.so
[10.138s] -- Up-to-date: /workspaces/isaac_ros-dev/install/multisense_msgs/lib/python3.8/site-packages/multisense_msgs/multisense_msgs_s__rosidl_typesupport_introspection_c.cpython-38-aarch64-linux-gnu.so
[10.144s] -- Up-to-date: /workspaces/isaac_ros-dev/install/multisense_msgs/lib/python3.8/site-packages/multisense_msgs/_multisense_msgs_s.ep.rosidl_typesupport_fastrtps_c.c
[10.152s] -- Up-to-date: /workspaces/isaac_ros-dev/install/multisense_msgs/lib/python3.8/site-packages/multisense_msgs/_multisense_msgs_s.ep.rosidl_typesupport_c.c
[10.331s] Listing '/workspaces/isaac_ros-dev/install/multisense_msgs/lib/python3.8/site-packages/multisense_msgs'...
[10.331s] Listing '/workspaces/isaac_ros-dev/install/multisense_msgs/lib/python3.8/site-packages/multisense_msgs/msg'...
[10.348s] -- Up-to-date: /workspaces/isaac_ros-dev/install/multisense_msgs/lib/python3.8/site-packages/multisense_msgs/multisense_msgs_s__rosidl_typesupport_fastrtps_c.cpython-38-aarch64-linux-gnu.so
[10.351s] -- Up-to-date: /workspaces/isaac_ros-dev/install/multisense_msgs/lib/python3.8/site-packages/multisense_msgs/multisense_msgs_s__rosidl_typesupport_introspection_c.cpython-38-aarch64-linux-gnu.so
[10.354s] -- Up-to-date: /workspaces/isaac_ros-dev/install/multisense_msgs/lib/python3.8/site-packages/multisense_msgs/multisense_msgs_s__rosidl_typesupport_c.cpython-38-aarch64-linux-gnu.so
[10.356s] -- Up-to-date: /workspaces/isaac_ros-dev/install/multisense_msgs/lib/libmultisense_msgs__rosidl_generator_py.so
[10.358s] -- Up-to-date: /workspaces/isaac_ros-dev/install/multisense_msgs/share/multisense_msgs/msg/DeviceInfo.idl
[10.359s] -- Up-to-date: /workspaces/isaac_ros-dev/install/multisense_msgs/share/multisense_msgs/msg/RawCamConfig.idl
[10.359s] -- Up-to-date: /workspaces/isaac_ros-dev/install/multisense_msgs/share/multisense_msgs/msg/RawImuData.idl
[10.360s] -- Up-to-date: /workspaces/isaac_ros-dev/install/multisense_msgs/share/multisense_msgs/msg/RawLidarData.idl
[10.360s] -- Up-to-date: /workspaces/isaac_ros-dev/install/multisense_msgs/share/multisense_msgs/msg/RawCamCal.idl
[10.361s] -- Up-to-date: /workspaces/isaac_ros-dev/install/multisense_msgs/share/multisense_msgs/msg/RawCamData.idl
[10.361s] -- Up-to-date: /workspaces/isaac_ros-dev/install/multisense_msgs/share/multisense_msgs/msg/RawLidarCal.idl
[10.362s] -- Up-to-date: /workspaces/isaac_ros-dev/install/multisense_msgs/share/multisense_msgs/msg/Histogram.idl
[10.362s] -- Up-to-date: /workspaces/isaac_ros-dev/install/multisense_msgs/share/multisense_msgs/msg/DeviceStatus.idl
[10.362s] -- Up-to-date: /workspaces/isaac_ros-dev/install/multisense_msgs/share/multisense_msgs/msg/StampedPps.idl
[10.363s] -- Up-to-date: /workspaces/isaac_ros-dev/install/multisense_msgs/share/multisense_msgs/msg/DeviceInfo.msg
[10.363s] -- Up-to-date: /workspaces/isaac_ros-dev/install/multisense_msgs/share/multisense_msgs/msg/RawCamConfig.msg
[10.363s] -- Up-to-date: /workspaces/isaac_ros-dev/install/multisense_msgs/share/multisense_msgs/msg/RawImuData.msg
[10.364s] -- Up-to-date: /workspaces/isaac_ros-dev/install/multisense_msgs/share/multisense_msgs/msg/RawLidarData.msg
[10.364s] -- Up-to-date: /workspaces/isaac_ros-dev/install/multisense_msgs/share/multisense_msgs/msg/RawCamCal.msg
[10.364s] -- Up-to-date: /workspaces/isaac_ros-dev/install/multisense_msgs/share/multisense_msgs/msg/RawCamData.msg
[10.365s] -- Up-to-date: /workspaces/isaac_ros-dev/install/multisense_msgs/share/multisense_msgs/msg/RawLidarCal.msg
[10.365s] -- Up-to-date: /workspaces/isaac_ros-dev/install/multisense_msgs/share/multisense_msgs/msg/Histogram.msg
[10.366s] -- Up-to-date: /workspaces/isaac_ros-dev/install/multisense_msgs/share/multisense_msgs/msg/DeviceStatus.msg
[10.366s] -- Up-to-date: /workspaces/isaac_ros-dev/install/multisense_msgs/share/multisense_msgs/msg/StampedPps.msg
[10.366s] -- Up-to-date: /workspaces/isaac_ros-dev/install/multisense_msgs/share/ament_index/resource_index/package_run_dependencies/multisense_msgs
[10.366s] -- Up-to-date: /workspaces/isaac_ros-dev/install/multisense_msgs/share/ament_index/resource_index/parent_prefix_path/multisense_msgs
[10.367s] -- Up-to-date: /workspaces/isaac_ros-dev/install/multisense_msgs/share/multisense_msgs/environment/ament_prefix_path.sh
[10.368s] -- Up-to-date: /workspaces/isaac_ros-dev/install/multisense_msgs/share/multisense_msgs/environment/ament_prefix_path.dsv
[10.368s] -- Up-to-date: /workspaces/isaac_ros-dev/install/multisense_msgs/share/multisense_msgs/environment/path.sh
[10.368s] -- Up-to-date: /workspaces/isaac_ros-dev/install/multisense_msgs/share/multisense_msgs/environment/path.dsv
[10.369s] -- Up-to-date: /workspaces/isaac_ros-dev/install/multisense_msgs/share/multisense_msgs/local_setup.bash
[10.369s] -- Up-to-date: /workspaces/isaac_ros-dev/install/multisense_msgs/share/multisense_msgs/local_setup.sh
[10.369s] -- Up-to-date: /workspaces/isaac_ros-dev/install/multisense_msgs/share/multisense_msgs/local_setup.zsh
[10.370s] -- Up-to-date: /workspaces/isaac_ros-dev/install/multisense_msgs/share/multisense_msgs/local_setup.dsv
[10.370s] -- Installing: /workspaces/isaac_ros-dev/install/multisense_msgs/share/multisense_msgs/package.dsv
[10.370s] -- Up-to-date: /workspaces/isaac_ros-dev/install/multisense_msgs/share/ament_index/resource_index/packages/multisense_msgs
[10.372s] -- Up-to-date: /workspaces/isaac_ros-dev/install/multisense_msgs/share/multisense_msgs/cmake/export_multisense_msgs__rosidl_generator_cExport.cmake
[10.372s] -- Up-to-date: /workspaces/isaac_ros-dev/install/multisense_msgs/share/multisense_msgs/cmake/export_multisense_msgs__rosidl_generator_cExport-release.cmake
[10.373s] -- Up-to-date: /workspaces/isaac_ros-dev/install/multisense_msgs/share/multisense_msgs/cmake/export_multisense_msgs__rosidl_typesupport_fastrtps_cExport.cmake
[10.374s] -- Up-to-date: /workspaces/isaac_ros-dev/install/multisense_msgs/share/multisense_msgs/cmake/export_multisense_msgs__rosidl_typesupport_fastrtps_cExport-release.cmake
[10.375s] -- Up-to-date: /workspaces/isaac_ros-dev/install/multisense_msgs/share/multisense_msgs/cmake/export_multisense_msgs__rosidl_generator_cppExport.cmake
[10.376s] -- Up-to-date: /workspaces/isaac_ros-dev/install/multisense_msgs/share/multisense_msgs/cmake/export_multisense_msgs__rosidl_typesupport_fastrtps_cppExport.cmake
[10.376s] -- Up-to-date: /workspaces/isaac_ros-dev/install/multisense_msgs/share/multisense_msgs/cmake/export_multisense_msgs__rosidl_typesupport_fastrtps_cppExport-release.cmake
[10.377s] -- Up-to-date: /workspaces/isaac_ros-dev/install/multisense_msgs/share/multisense_msgs/cmake/multisense_msgs__rosidl_typesupport_introspection_cExport.cmake
[10.378s] -- Up-to-date: /workspaces/isaac_ros-dev/install/multisense_msgs/share/multisense_msgs/cmake/multisense_msgs__rosidl_typesupport_introspection_cExport-release.cmake
[10.378s] -- Up-to-date: /workspaces/isaac_ros-dev/install/multisense_msgs/share/multisense_msgs/cmake/multisense_msgs__rosidl_typesupport_cExport.cmake
[10.379s] -- Up-to-date: /workspaces/isaac_ros-dev/install/multisense_msgs/share/multisense_msgs/cmake/multisense_msgs__rosidl_typesupport_cExport-release.cmake
[10.381s] -- Up-to-date: /workspaces/isaac_ros-dev/install/multisense_msgs/share/multisense_msgs/cmake/multisense_msgs__rosidl_typesupport_introspection_cppExport.cmake
[10.382s] -- Up-to-date: /workspaces/isaac_ros-dev/install/multisense_msgs/share/multisense_msgs/cmake/multisense_msgs__rosidl_typesupport_introspection_cppExport-release.cmake
[10.382s] -- Up-to-date: /workspaces/isaac_ros-dev/install/multisense_msgs/share/multisense_msgs/cmake/multisense_msgs__rosidl_typesupport_cppExport.cmake
[10.383s] -- Up-to-date: /workspaces/isaac_ros-dev/install/multisense_msgs/share/multisense_msgs/cmake/multisense_msgs__rosidl_typesupport_cppExport-release.cmake
[10.384s] -- Up-to-date: /workspaces/isaac_ros-dev/install/multisense_msgs/share/multisense_msgs/cmake/export_multisense_msgs__rosidl_generator_pyExport.cmake
[10.384s] -- Up-to-date: /workspaces/isaac_ros-dev/install/multisense_msgs/share/multisense_msgs/cmake/export_multisense_msgs__rosidl_generator_pyExport-release.cmake
[10.385s] -- Up-to-date: /workspaces/isaac_ros-dev/install/multisense_msgs/share/multisense_msgs/cmake/rosidl_cmake-extras.cmake
[10.385s] -- Up-to-date: /workspaces/isaac_ros-dev/install/multisense_msgs/share/multisense_msgs/cmake/ament_cmake_export_dependencies-extras.cmake
[10.386s] -- Up-to-date: /workspaces/isaac_ros-dev/install/multisense_msgs/share/multisense_msgs/cmake/ament_cmake_export_include_directories-extras.cmake
[10.387s] -- Up-to-date: /workspaces/isaac_ros-dev/install/multisense_msgs/share/multisense_msgs/cmake/ament_cmake_export_libraries-extras.cmake
[10.387s] -- Up-to-date: /workspaces/isaac_ros-dev/install/multisense_msgs/share/multisense_msgs/cmake/ament_cmake_export_targets-extras.cmake
[10.388s] -- Up-to-date: /workspaces/isaac_ros-dev/install/multisense_msgs/share/multisense_msgs/cmake/rosidl_cmake_export_typesupport_targets-extras.cmake
[10.388s] -- Up-to-date: /workspaces/isaac_ros-dev/install/multisense_msgs/share/multisense_msgs/cmake/rosidl_cmake_export_typesupport_libraries-extras.cmake
[10.388s] -- Up-to-date: /workspaces/isaac_ros-dev/install/multisense_msgs/share/multisense_msgs/cmake/multisense_msgsConfig.cmake
[10.388s] -- Up-to-date: /workspaces/isaac_ros-dev/install/multisense_msgs/share/multisense_msgs/cmake/multisense_msgsConfig-version.cmake
[10.389s] -- Up-to-date: /workspaces/isaac_ros-dev/install/multisense_msgs/share/multisense_msgs/package.xml
[11.996s] Invoked command in '/workspaces/isaac_ros-dev/build/multisense_msgs' returned '0': CMAKE_PREFIX_PATH=/workspaces/isaac_ros-dev/install/yolov8_bringup:/workspaces/isaac_ros-dev/install/multisense_ros:/workspaces/isaac_ros-dev/install/xacro:/workspaces/isaac_ros-dev/install/vision_msgs_rviz_plugins:/workspaces/isaac_ros-dev/install/vision_msgs:/workspaces/isaac_ros-dev/install/velodyne:/workspaces/isaac_ros-dev/install/velodyne_pointcloud:/workspaces/isaac_ros-dev/install/velodyne_driver:/workspaces/isaac_ros-dev/install/velodyne_msgs:/workspaces/isaac_ros-dev/install/velodyne_laserscan:/workspaces/isaac_ros-dev/install/vectornav:/workspaces/isaac_ros-dev/install/sdv_localization:/workspaces/isaac_ros-dev/install/vectornav_msgs:/workspaces/isaac_ros-dev/install/slam_toolbox:/workspaces/isaac_ros-dev/install/sdv_msg:/workspaces/isaac_ros-dev/install/sdv_localization_msgs:/workspaces/isaac_ros-dev/install/pointcloud_to_laserscan:/workspaces/isaac_ros-dev/install/my_package:/workspaces/isaac_ros-dev/install/multisense_msgs:/workspaces/isaac_ros-dev/install/multisense_lib:/workspaces/isaac_ros-dev/install/isaac_ros_visual_slam:/workspaces/isaac_ros-dev/install/isaac_ros_visual_slam_interfaces:/workspaces/isaac_ros-dev/install/isaac_ros_tensor_list_interfaces:/workspaces/isaac_ros-dev/install/isaac_ros_common:/workspaces/isaac_ros-dev/install/isaac_ros_bi3d_interfaces:/workspaces/isaac_ros-dev/install/isaac_ros_apriltag_interfaces:/workspaces/isaac_ros-dev/install/yolov8_ros:/workspaces/isaac_ros-dev/install/xbox_controller:/workspaces/isaac_ros-dev/install/panel:/workspaces/isaac_ros-dev/install/isaac_ros_test:/workspaces/isaac_ros-dev/install/encoder:/opt/ros/humble/install /usr/bin/cmake --install /workspaces/isaac_ros-dev/build/multisense_msgs
