-- The C compiler identification is GNU 9.4.0
-- The CXX compiler identification is GNU 9.4.0
-- Detecting C compiler ABI info
-- Detecting C compiler ABI info - done
-- Check for working C compiler: /usr/bin/cc - skipped
-- Detecting C compile features
-- Detecting C compile features - done
-- Detecting CXX compiler ABI info
-- Detecting CXX compiler ABI info - done
-- Check for working CXX compiler: /usr/bin/c++ - skipped
-- Detecting CXX compile features
-- Detecting CXX compile features - done
-- Selecting default build type: Release
-- Found ament_cmake: 1.3.2 (/opt/ros/humble/install/share/ament_cmake/cmake)
-- Found Python3: /usr/bin/python3.8 (found version "3.8.10") found components: Interpreter 
-- Found builtin_interfaces: 1.2.0 (/opt/ros/humble/install/share/builtin_interfaces/cmake)
-- Found rosidl_generator_c: 3.1.3 (/opt/ros/humble/install/share/rosidl_generator_c/cmake)
-- Found rosidl_adapter: 3.1.3 (/opt/ros/humble/install/share/rosidl_adapter/cmake)
-- Found rosidl_generator_cpp: 3.1.3 (/opt/ros/humble/install/share/rosidl_generator_cpp/cmake)
-- Using all available rosidl_typesupport_c: rosidl_typesupport_fastrtps_c;rosidl_typesupport_introspection_c
-- Using all available rosidl_typesupport_cpp: rosidl_typesupport_fastrtps_cpp;rosidl_typesupport_introspection_cpp
-- Found rosidl_default_generators: 1.2.0 (/opt/ros/humble/install/share/rosidl_default_generators/cmake)
-- Found ament_cmake_ros: 0.10.0 (/opt/ros/humble/install/share/ament_cmake_ros/cmake)
-- Using all available rosidl_typesupport_c: rosidl_typesupport_fastrtps_c;rosidl_typesupport_introspection_c
-- Using all available rosidl_typesupport_cpp: rosidl_typesupport_fastrtps_cpp;rosidl_typesupport_introspection_cpp
-- Found PythonInterp: /usr/bin/python3 (found suitable version "3.8.10", minimum required is "3.6") 
-- Found python_cmake_module: 0.10.0 (/opt/ros/humble/install/share/python_cmake_module/cmake)
-- Found PythonLibs: /usr/lib/aarch64-linux-gnu/libpython3.8.so (found suitable version "3.8.10", minimum required is "3.5") 
-- Using PYTHON_EXECUTABLE: /usr/bin/python3
-- Using PYTHON_INCLUDE_DIRS: /usr/include/python3.8
-- Using PYTHON_LIBRARIES: /usr/lib/aarch64-linux-gnu/libpython3.8.so
-- Found PythonExtra: .so  
-- Configuring done
-- Generating done
-- Build files have been written to: /workspaces/isaac_ros-dev/build/multisense_msgs
[  1%] [34m[1mGenerating C code for ROS interfaces[0m
[  1%] [34m[1mGenerating C++ code for ROS interfaces[0m
[  1%] Built target ament_cmake_python_copy_multisense_msgs
running egg_info
creating multisense_msgs.egg-info
writing multisense_msgs.egg-info/PKG-INFO
writing dependency_links to multisense_msgs.egg-info/dependency_links.txt
writing top-level names to multisense_msgs.egg-info/top_level.txt
writing manifest file 'multisense_msgs.egg-info/SOURCES.txt'
reading manifest file 'multisense_msgs.egg-info/SOURCES.txt'
writing manifest file 'multisense_msgs.egg-info/SOURCES.txt'
[  1%] Built target ament_cmake_python_build_multisense_msgs_egg
[  2%] [32mBuilding C object CMakeFiles/multisense_msgs__rosidl_generator_c.dir/rosidl_generator_c/multisense_msgs/msg/detail/device_info__functions.c.o[0m
[  2%] Built target multisense_msgs__cpp
[  3%] [32mBuilding C object CMakeFiles/multisense_msgs__rosidl_generator_c.dir/rosidl_generator_c/multisense_msgs/msg/detail/raw_lidar_cal__functions.c.o[0m
[  4%] [32mBuilding C object CMakeFiles/multisense_msgs__rosidl_generator_c.dir/rosidl_generator_c/multisense_msgs/msg/detail/raw_cam_data__functions.c.o[0m
[  5%] [32mBuilding C object CMakeFiles/multisense_msgs__rosidl_generator_c.dir/rosidl_generator_c/multisense_msgs/msg/detail/raw_cam_cal__functions.c.o[0m
[  6%] [32mBuilding C object CMakeFiles/multisense_msgs__rosidl_generator_c.dir/rosidl_generator_c/multisense_msgs/msg/detail/histogram__functions.c.o[0m
[  7%] [32mBuilding C object CMakeFiles/multisense_msgs__rosidl_generator_c.dir/rosidl_generator_c/multisense_msgs/msg/detail/device_status__functions.c.o[0m
[  8%] [32mBuilding C object CMakeFiles/multisense_msgs__rosidl_generator_c.dir/rosidl_generator_c/multisense_msgs/msg/detail/stamped_pps__functions.c.o[0m
[  9%] [32mBuilding C object CMakeFiles/multisense_msgs__rosidl_generator_c.dir/rosidl_generator_c/multisense_msgs/msg/detail/raw_lidar_data__functions.c.o[0m
[ 10%] [32mBuilding C object CMakeFiles/multisense_msgs__rosidl_generator_c.dir/rosidl_generator_c/multisense_msgs/msg/detail/raw_imu_data__functions.c.o[0m
[ 11%] [32mBuilding C object CMakeFiles/multisense_msgs__rosidl_generator_c.dir/rosidl_generator_c/multisense_msgs/msg/detail/raw_cam_config__functions.c.o[0m
[ 12%] [32m[1mLinking C shared library libmultisense_msgs__rosidl_generator_c.so[0m
[ 12%] Built target multisense_msgs__rosidl_generator_c
[ 13%] [34m[1mGenerating C++ introspection for ROS interfaces[0m
[ 14%] [32mBuilding CXX object CMakeFiles/multisense_msgs__rosidl_typesupport_introspection_cpp.dir/rosidl_typesupport_introspection_cpp/multisense_msgs/msg/detail/device_info__type_support.cpp.o[0m
[ 15%] [32mBuilding CXX object CMakeFiles/multisense_msgs__rosidl_typesupport_introspection_cpp.dir/rosidl_typesupport_introspection_cpp/multisense_msgs/msg/detail/raw_imu_data__type_support.cpp.o[0m
[ 16%] [32mBuilding CXX object CMakeFiles/multisense_msgs__rosidl_typesupport_introspection_cpp.dir/rosidl_typesupport_introspection_cpp/multisense_msgs/msg/detail/raw_lidar_data__type_support.cpp.o[0m
[ 17%] [32mBuilding CXX object CMakeFiles/multisense_msgs__rosidl_typesupport_introspection_cpp.dir/rosidl_typesupport_introspection_cpp/multisense_msgs/msg/detail/raw_cam_cal__type_support.cpp.o[0m
[ 18%] [32mBuilding CXX object CMakeFiles/multisense_msgs__rosidl_typesupport_introspection_cpp.dir/rosidl_typesupport_introspection_cpp/multisense_msgs/msg/detail/raw_cam_data__type_support.cpp.o[0m
[ 19%] [32mBuilding CXX object CMakeFiles/multisense_msgs__rosidl_typesupport_introspection_cpp.dir/rosidl_typesupport_introspection_cpp/multisense_msgs/msg/detail/raw_lidar_cal__type_support.cpp.o[0m
[ 20%] [32mBuilding CXX object CMakeFiles/multisense_msgs__rosidl_typesupport_introspection_cpp.dir/rosidl_typesupport_introspection_cpp/multisense_msgs/msg/detail/histogram__type_support.cpp.o[0m
[ 21%] [32mBuilding CXX object CMakeFiles/multisense_msgs__rosidl_typesupport_introspection_cpp.dir/rosidl_typesupport_introspection_cpp/multisense_msgs/msg/detail/device_status__type_support.cpp.o[0m
[ 22%] [32mBuilding CXX object CMakeFiles/multisense_msgs__rosidl_typesupport_introspection_cpp.dir/rosidl_typesupport_introspection_cpp/multisense_msgs/msg/detail/stamped_pps__type_support.cpp.o[0m
[ 23%] [32mBuilding CXX object CMakeFiles/multisense_msgs__rosidl_typesupport_introspection_cpp.dir/rosidl_typesupport_introspection_cpp/multisense_msgs/msg/detail/raw_cam_config__type_support.cpp.o[0m
[ 24%] [32m[1mLinking CXX shared library libmultisense_msgs__rosidl_typesupport_introspection_cpp.so[0m
[ 24%] Built target multisense_msgs__rosidl_typesupport_introspection_cpp
[ 25%] [34m[1mGenerating C type support dispatch for ROS interfaces[0m
[ 26%] [32mBuilding CXX object CMakeFiles/multisense_msgs__rosidl_typesupport_c.dir/rosidl_typesupport_c/multisense_msgs/msg/device_info__type_support.cpp.o[0m
[ 27%] [32mBuilding CXX object CMakeFiles/multisense_msgs__rosidl_typesupport_c.dir/rosidl_typesupport_c/multisense_msgs/msg/raw_lidar_data__type_support.cpp.o[0m
[ 28%] [32mBuilding CXX object CMakeFiles/multisense_msgs__rosidl_typesupport_c.dir/rosidl_typesupport_c/multisense_msgs/msg/raw_cam_cal__type_support.cpp.o[0m
[ 29%] [32mBuilding CXX object CMakeFiles/multisense_msgs__rosidl_typesupport_c.dir/rosidl_typesupport_c/multisense_msgs/msg/raw_cam_data__type_support.cpp.o[0m
[ 30%] [32mBuilding CXX object CMakeFiles/multisense_msgs__rosidl_typesupport_c.dir/rosidl_typesupport_c/multisense_msgs/msg/raw_lidar_cal__type_support.cpp.o[0m
[ 31%] [32mBuilding CXX object CMakeFiles/multisense_msgs__rosidl_typesupport_c.dir/rosidl_typesupport_c/multisense_msgs/msg/histogram__type_support.cpp.o[0m
[ 31%] [32mBuilding CXX object CMakeFiles/multisense_msgs__rosidl_typesupport_c.dir/rosidl_typesupport_c/multisense_msgs/msg/device_status__type_support.cpp.o[0m
[ 32%] [32mBuilding CXX object CMakeFiles/multisense_msgs__rosidl_typesupport_c.dir/rosidl_typesupport_c/multisense_msgs/msg/stamped_pps__type_support.cpp.o[0m
[ 33%] [32mBuilding CXX object CMakeFiles/multisense_msgs__rosidl_typesupport_c.dir/rosidl_typesupport_c/multisense_msgs/msg/raw_imu_data__type_support.cpp.o[0m
[ 34%] [32mBuilding CXX object CMakeFiles/multisense_msgs__rosidl_typesupport_c.dir/rosidl_typesupport_c/multisense_msgs/msg/raw_cam_config__type_support.cpp.o[0m
[ 35%] [32m[1mLinking CXX shared library libmultisense_msgs__rosidl_typesupport_c.so[0m
[ 35%] Built target multisense_msgs__rosidl_typesupport_c
[ 36%] [34m[1mGenerating C introspection for ROS interfaces[0m
[ 37%] [32mBuilding C object CMakeFiles/multisense_msgs__rosidl_typesupport_introspection_c.dir/rosidl_typesupport_introspection_c/multisense_msgs/msg/detail/device_info__type_support.c.o[0m
[ 38%] [32mBuilding C object CMakeFiles/multisense_msgs__rosidl_typesupport_introspection_c.dir/rosidl_typesupport_introspection_c/multisense_msgs/msg/detail/raw_cam_cal__type_support.c.o[0m
[ 39%] [32mBuilding C object CMakeFiles/multisense_msgs__rosidl_typesupport_introspection_c.dir/rosidl_typesupport_introspection_c/multisense_msgs/msg/detail/raw_cam_data__type_support.c.o[0m
[ 40%] [32mBuilding C object CMakeFiles/multisense_msgs__rosidl_typesupport_introspection_c.dir/rosidl_typesupport_introspection_c/multisense_msgs/msg/detail/raw_lidar_cal__type_support.c.o[0m
[ 41%] [32mBuilding C object CMakeFiles/multisense_msgs__rosidl_typesupport_introspection_c.dir/rosidl_typesupport_introspection_c/multisense_msgs/msg/detail/histogram__type_support.c.o[0m
[ 42%] [32mBuilding C object CMakeFiles/multisense_msgs__rosidl_typesupport_introspection_c.dir/rosidl_typesupport_introspection_c/multisense_msgs/msg/detail/device_status__type_support.c.o[0m
[ 43%] [32mBuilding C object CMakeFiles/multisense_msgs__rosidl_typesupport_introspection_c.dir/rosidl_typesupport_introspection_c/multisense_msgs/msg/detail/stamped_pps__type_support.c.o[0m
[ 44%] [32mBuilding C object CMakeFiles/multisense_msgs__rosidl_typesupport_introspection_c.dir/rosidl_typesupport_introspection_c/multisense_msgs/msg/detail/raw_lidar_data__type_support.c.o[0m
[ 45%] [32mBuilding C object CMakeFiles/multisense_msgs__rosidl_typesupport_introspection_c.dir/rosidl_typesupport_introspection_c/multisense_msgs/msg/detail/raw_imu_data__type_support.c.o[0m
[ 46%] [32mBuilding C object CMakeFiles/multisense_msgs__rosidl_typesupport_introspection_c.dir/rosidl_typesupport_introspection_c/multisense_msgs/msg/detail/raw_cam_config__type_support.c.o[0m
[ 47%] [32m[1mLinking C shared library libmultisense_msgs__rosidl_typesupport_introspection_c.so[0m
[ 47%] Built target multisense_msgs__rosidl_typesupport_introspection_c
[ 48%] [34m[1mGenerating C type support for eProsima Fast-RTPS[0m
[ 49%] [32mBuilding CXX object CMakeFiles/multisense_msgs__rosidl_typesupport_fastrtps_c.dir/rosidl_typesupport_fastrtps_c/multisense_msgs/msg/detail/device_info__type_support_c.cpp.o[0m
[ 50%] [32mBuilding CXX object CMakeFiles/multisense_msgs__rosidl_typesupport_fastrtps_c.dir/rosidl_typesupport_fastrtps_c/multisense_msgs/msg/detail/raw_cam_data__type_support_c.cpp.o[0m
[ 51%] [32mBuilding CXX object CMakeFiles/multisense_msgs__rosidl_typesupport_fastrtps_c.dir/rosidl_typesupport_fastrtps_c/multisense_msgs/msg/detail/raw_lidar_cal__type_support_c.cpp.o[0m
[ 52%] [32mBuilding CXX object CMakeFiles/multisense_msgs__rosidl_typesupport_fastrtps_c.dir/rosidl_typesupport_fastrtps_c/multisense_msgs/msg/detail/histogram__type_support_c.cpp.o[0m
[ 53%] [32mBuilding CXX object CMakeFiles/multisense_msgs__rosidl_typesupport_fastrtps_c.dir/rosidl_typesupport_fastrtps_c/multisense_msgs/msg/detail/device_status__type_support_c.cpp.o[0m
[ 54%] [32mBuilding CXX object CMakeFiles/multisense_msgs__rosidl_typesupport_fastrtps_c.dir/rosidl_typesupport_fastrtps_c/multisense_msgs/msg/detail/stamped_pps__type_support_c.cpp.o[0m
[ 55%] [32mBuilding CXX object CMakeFiles/multisense_msgs__rosidl_typesupport_fastrtps_c.dir/rosidl_typesupport_fastrtps_c/multisense_msgs/msg/detail/raw_cam_cal__type_support_c.cpp.o[0m
[ 56%] [32mBuilding CXX object CMakeFiles/multisense_msgs__rosidl_typesupport_fastrtps_c.dir/rosidl_typesupport_fastrtps_c/multisense_msgs/msg/detail/raw_lidar_data__type_support_c.cpp.o[0m
[ 57%] [32mBuilding CXX object CMakeFiles/multisense_msgs__rosidl_typesupport_fastrtps_c.dir/rosidl_typesupport_fastrtps_c/multisense_msgs/msg/detail/raw_imu_data__type_support_c.cpp.o[0m
[ 58%] [32mBuilding CXX object CMakeFiles/multisense_msgs__rosidl_typesupport_fastrtps_c.dir/rosidl_typesupport_fastrtps_c/multisense_msgs/msg/detail/raw_cam_config__type_support_c.cpp.o[0m
[ 59%] [32m[1mLinking CXX shared library libmultisense_msgs__rosidl_typesupport_fastrtps_c.so[0m
[ 59%] Built target multisense_msgs__rosidl_typesupport_fastrtps_c
[ 60%] [34m[1mGenerating C++ type support for eProsima Fast-RTPS[0m
[ 61%] [32mBuilding CXX object CMakeFiles/multisense_msgs__rosidl_typesupport_fastrtps_cpp.dir/rosidl_typesupport_fastrtps_cpp/multisense_msgs/msg/detail/dds_fastrtps/device_info__type_support.cpp.o[0m
[ 62%] [32mBuilding CXX object CMakeFiles/multisense_msgs__rosidl_typesupport_fastrtps_cpp.dir/rosidl_typesupport_fastrtps_cpp/multisense_msgs/msg/detail/dds_fastrtps/raw_lidar_cal__type_support.cpp.o[0m
[ 63%] [32mBuilding CXX object CMakeFiles/multisense_msgs__rosidl_typesupport_fastrtps_cpp.dir/rosidl_typesupport_fastrtps_cpp/multisense_msgs/msg/detail/dds_fastrtps/histogram__type_support.cpp.o[0m
[ 64%] [32mBuilding CXX object CMakeFiles/multisense_msgs__rosidl_typesupport_fastrtps_cpp.dir/rosidl_typesupport_fastrtps_cpp/multisense_msgs/msg/detail/dds_fastrtps/device_status__type_support.cpp.o[0m
[ 65%] [32mBuilding CXX object CMakeFiles/multisense_msgs__rosidl_typesupport_fastrtps_cpp.dir/rosidl_typesupport_fastrtps_cpp/multisense_msgs/msg/detail/dds_fastrtps/stamped_pps__type_support.cpp.o[0m
[ 66%] [32mBuilding CXX object CMakeFiles/multisense_msgs__rosidl_typesupport_fastrtps_cpp.dir/rosidl_typesupport_fastrtps_cpp/multisense_msgs/msg/detail/dds_fastrtps/raw_cam_data__type_support.cpp.o[0m
[ 67%] [32mBuilding CXX object CMakeFiles/multisense_msgs__rosidl_typesupport_fastrtps_cpp.dir/rosidl_typesupport_fastrtps_cpp/multisense_msgs/msg/detail/dds_fastrtps/raw_cam_cal__type_support.cpp.o[0m
[ 68%] [32mBuilding CXX object CMakeFiles/multisense_msgs__rosidl_typesupport_fastrtps_cpp.dir/rosidl_typesupport_fastrtps_cpp/multisense_msgs/msg/detail/dds_fastrtps/raw_lidar_data__type_support.cpp.o[0m
[ 68%] [32mBuilding CXX object CMakeFiles/multisense_msgs__rosidl_typesupport_fastrtps_cpp.dir/rosidl_typesupport_fastrtps_cpp/multisense_msgs/msg/detail/dds_fastrtps/raw_imu_data__type_support.cpp.o[0m
[ 69%] [32mBuilding CXX object CMakeFiles/multisense_msgs__rosidl_typesupport_fastrtps_cpp.dir/rosidl_typesupport_fastrtps_cpp/multisense_msgs/msg/detail/dds_fastrtps/raw_cam_config__type_support.cpp.o[0m
[ 70%] [32m[1mLinking CXX shared library libmultisense_msgs__rosidl_typesupport_fastrtps_cpp.so[0m
[ 70%] Built target multisense_msgs__rosidl_typesupport_fastrtps_cpp
[ 71%] [34m[1mGenerating C++ type support dispatch for ROS interfaces[0m
[ 72%] [32mBuilding CXX object CMakeFiles/multisense_msgs__rosidl_typesupport_cpp.dir/rosidl_typesupport_cpp/multisense_msgs/msg/device_info__type_support.cpp.o[0m
[ 73%] [32mBuilding CXX object CMakeFiles/multisense_msgs__rosidl_typesupport_cpp.dir/rosidl_typesupport_cpp/multisense_msgs/msg/histogram__type_support.cpp.o[0m
[ 74%] [32mBuilding CXX object CMakeFiles/multisense_msgs__rosidl_typesupport_cpp.dir/rosidl_typesupport_cpp/multisense_msgs/msg/device_status__type_support.cpp.o[0m
[ 75%] [32mBuilding CXX object CMakeFiles/multisense_msgs__rosidl_typesupport_cpp.dir/rosidl_typesupport_cpp/multisense_msgs/msg/stamped_pps__type_support.cpp.o[0m
[ 76%] [32mBuilding CXX object CMakeFiles/multisense_msgs__rosidl_typesupport_cpp.dir/rosidl_typesupport_cpp/multisense_msgs/msg/raw_lidar_cal__type_support.cpp.o[0m
[ 77%] [32mBuilding CXX object CMakeFiles/multisense_msgs__rosidl_typesupport_cpp.dir/rosidl_typesupport_cpp/multisense_msgs/msg/raw_cam_data__type_support.cpp.o[0m
[ 78%] [32mBuilding CXX object CMakeFiles/multisense_msgs__rosidl_typesupport_cpp.dir/rosidl_typesupport_cpp/multisense_msgs/msg/raw_cam_cal__type_support.cpp.o[0m
[ 79%] [32mBuilding CXX object CMakeFiles/multisense_msgs__rosidl_typesupport_cpp.dir/rosidl_typesupport_cpp/multisense_msgs/msg/raw_lidar_data__type_support.cpp.o[0m
[ 80%] [32mBuilding CXX object CMakeFiles/multisense_msgs__rosidl_typesupport_cpp.dir/rosidl_typesupport_cpp/multisense_msgs/msg/raw_imu_data__type_support.cpp.o[0m
[ 81%] [32mBuilding CXX object CMakeFiles/multisense_msgs__rosidl_typesupport_cpp.dir/rosidl_typesupport_cpp/multisense_msgs/msg/raw_cam_config__type_support.cpp.o[0m
[ 82%] [32m[1mLinking CXX shared library libmultisense_msgs__rosidl_typesupport_cpp.so[0m
[ 82%] Built target multisense_msgs__rosidl_typesupport_cpp
[ 82%] Built target multisense_msgs
[ 83%] [34m[1mGenerating Python code for ROS interfaces[0m
[ 83%] Built target multisense_msgs__py
[ 84%] [32mBuilding C object CMakeFiles/multisense_msgs__rosidl_generator_py.dir/rosidl_generator_py/multisense_msgs/msg/_device_info_s.c.o[0m
[ 85%] [32mBuilding C object CMakeFiles/multisense_msgs__rosidl_generator_py.dir/rosidl_generator_py/multisense_msgs/msg/_histogram_s.c.o[0m
[ 86%] [32mBuilding C object CMakeFiles/multisense_msgs__rosidl_generator_py.dir/rosidl_generator_py/multisense_msgs/msg/_device_status_s.c.o[0m
[ 87%] [32mBuilding C object CMakeFiles/multisense_msgs__rosidl_generator_py.dir/rosidl_generator_py/multisense_msgs/msg/_stamped_pps_s.c.o[0m
[ 88%] [32mBuilding C object CMakeFiles/multisense_msgs__rosidl_generator_py.dir/rosidl_generator_py/multisense_msgs/msg/_raw_lidar_cal_s.c.o[0m
[ 89%] [32mBuilding C object CMakeFiles/multisense_msgs__rosidl_generator_py.dir/rosidl_generator_py/multisense_msgs/msg/_raw_cam_data_s.c.o[0m
[ 90%] [32mBuilding C object CMakeFiles/multisense_msgs__rosidl_generator_py.dir/rosidl_generator_py/multisense_msgs/msg/_raw_cam_cal_s.c.o[0m
[ 91%] [32mBuilding C object CMakeFiles/multisense_msgs__rosidl_generator_py.dir/rosidl_generator_py/multisense_msgs/msg/_raw_lidar_data_s.c.o[0m
[ 92%] [32mBuilding C object CMakeFiles/multisense_msgs__rosidl_generator_py.dir/rosidl_generator_py/multisense_msgs/msg/_raw_imu_data_s.c.o[0m
[ 93%] [32mBuilding C object CMakeFiles/multisense_msgs__rosidl_generator_py.dir/rosidl_generator_py/multisense_msgs/msg/_raw_cam_config_s.c.o[0m
[ 94%] [32m[1mLinking C shared library rosidl_generator_py/multisense_msgs/libmultisense_msgs__rosidl_generator_py.so[0m
[ 94%] Built target multisense_msgs__rosidl_generator_py
[ 95%] [32mBuilding C object CMakeFiles/multisense_msgs__rosidl_typesupport_fastrtps_c__pyext.dir/rosidl_generator_py/multisense_msgs/_multisense_msgs_s.ep.rosidl_typesupport_fastrtps_c.c.o[0m
[ 96%] [32m[1mLinking C shared library rosidl_generator_py/multisense_msgs/multisense_msgs_s__rosidl_typesupport_fastrtps_c.cpython-38-aarch64-linux-gnu.so[0m
[ 96%] Built target multisense_msgs__rosidl_typesupport_fastrtps_c__pyext
[ 97%] [32mBuilding C object CMakeFiles/multisense_msgs__rosidl_typesupport_c__pyext.dir/rosidl_generator_py/multisense_msgs/_multisense_msgs_s.ep.rosidl_typesupport_c.c.o[0m
[ 98%] [32m[1mLinking C shared library rosidl_generator_py/multisense_msgs/multisense_msgs_s__rosidl_typesupport_c.cpython-38-aarch64-linux-gnu.so[0m
[ 98%] Built target multisense_msgs__rosidl_typesupport_c__pyext
[ 99%] [32mBuilding C object CMakeFiles/multisense_msgs__rosidl_typesupport_introspection_c__pyext.dir/rosidl_generator_py/multisense_msgs/_multisense_msgs_s.ep.rosidl_typesupport_introspection_c.c.o[0m
[100%] [32m[1mLinking C shared library rosidl_generator_py/multisense_msgs/multisense_msgs_s__rosidl_typesupport_introspection_c.cpython-38-aarch64-linux-gnu.so[0m
[100%] Built target multisense_msgs__rosidl_typesupport_introspection_c__pyext
-- Install configuration: "Release"
-- Installing: /workspaces/isaac_ros-dev/install/multisense_msgs/share/ament_index/resource_index/rosidl_interfaces/multisense_msgs
-- Installing: /workspaces/isaac_ros-dev/install/multisense_msgs/include/multisense_msgs/multisense_msgs
-- Installing: /workspaces/isaac_ros-dev/install/multisense_msgs/include/multisense_msgs/multisense_msgs/msg
-- Installing: /workspaces/isaac_ros-dev/install/multisense_msgs/include/multisense_msgs/multisense_msgs/msg/rosidl_generator_c__visibility_control.h
-- Installing: /workspaces/isaac_ros-dev/install/multisense_msgs/include/multisense_msgs/multisense_msgs/msg/stamped_pps.h
-- Installing: /workspaces/isaac_ros-dev/install/multisense_msgs/include/multisense_msgs/multisense_msgs/msg/raw_lidar_data.h
-- Installing: /workspaces/isaac_ros-dev/install/multisense_msgs/include/multisense_msgs/multisense_msgs/msg/raw_lidar_cal.h
-- Installing: /workspaces/isaac_ros-dev/install/multisense_msgs/include/multisense_msgs/multisense_msgs/msg/raw_cam_data.h
-- Installing: /workspaces/isaac_ros-dev/install/multisense_msgs/include/multisense_msgs/multisense_msgs/msg/raw_imu_data.h
-- Installing: /workspaces/isaac_ros-dev/install/multisense_msgs/include/multisense_msgs/multisense_msgs/msg/detail
-- Installing: /workspaces/isaac_ros-dev/install/multisense_msgs/include/multisense_msgs/multisense_msgs/msg/detail/raw_cam_data__functions.c
-- Installing: /workspaces/isaac_ros-dev/install/multisense_msgs/include/multisense_msgs/multisense_msgs/msg/detail/raw_cam_config__struct.h
-- Installing: /workspaces/isaac_ros-dev/install/multisense_msgs/include/multisense_msgs/multisense_msgs/msg/detail/stamped_pps__functions.c
-- Installing: /workspaces/isaac_ros-dev/install/multisense_msgs/include/multisense_msgs/multisense_msgs/msg/detail/raw_imu_data__type_support.h
-- Installing: /workspaces/isaac_ros-dev/install/multisense_msgs/include/multisense_msgs/multisense_msgs/msg/detail/raw_cam_config__functions.h
-- Installing: /workspaces/isaac_ros-dev/install/multisense_msgs/include/multisense_msgs/multisense_msgs/msg/detail/raw_cam_cal__functions.c
-- Installing: /workspaces/isaac_ros-dev/install/multisense_msgs/include/multisense_msgs/multisense_msgs/msg/detail/device_status__functions.c
-- Installing: /workspaces/isaac_ros-dev/install/multisense_msgs/include/multisense_msgs/multisense_msgs/msg/detail/histogram__functions.h
-- Installing: /workspaces/isaac_ros-dev/install/multisense_msgs/include/multisense_msgs/multisense_msgs/msg/detail/raw_cam_cal__type_support.h
-- Installing: /workspaces/isaac_ros-dev/install/multisense_msgs/include/multisense_msgs/multisense_msgs/msg/detail/raw_lidar_data__functions.c
-- Installing: /workspaces/isaac_ros-dev/install/multisense_msgs/include/multisense_msgs/multisense_msgs/msg/detail/raw_cam_data__struct.h
-- Installing: /workspaces/isaac_ros-dev/install/multisense_msgs/include/multisense_msgs/multisense_msgs/msg/detail/raw_lidar_data__struct.h
-- Installing: /workspaces/isaac_ros-dev/install/multisense_msgs/include/multisense_msgs/multisense_msgs/msg/detail/raw_cam_cal__functions.h
-- Installing: /workspaces/isaac_ros-dev/install/multisense_msgs/include/multisense_msgs/multisense_msgs/msg/detail/raw_cam_cal__struct.h
-- Installing: /workspaces/isaac_ros-dev/install/multisense_msgs/include/multisense_msgs/multisense_msgs/msg/detail/raw_lidar_data__functions.h
-- Installing: /workspaces/isaac_ros-dev/install/multisense_msgs/include/multisense_msgs/multisense_msgs/msg/detail/device_status__functions.h
-- Installing: /workspaces/isaac_ros-dev/install/multisense_msgs/include/multisense_msgs/multisense_msgs/msg/detail/histogram__type_support.h
-- Installing: /workspaces/isaac_ros-dev/install/multisense_msgs/include/multisense_msgs/multisense_msgs/msg/detail/histogram__struct.h
-- Installing: /workspaces/isaac_ros-dev/install/multisense_msgs/include/multisense_msgs/multisense_msgs/msg/detail/histogram__functions.c
-- Installing: /workspaces/isaac_ros-dev/install/multisense_msgs/include/multisense_msgs/multisense_msgs/msg/detail/raw_cam_data__type_support.h
-- Installing: /workspaces/isaac_ros-dev/install/multisense_msgs/include/multisense_msgs/multisense_msgs/msg/detail/device_info__struct.h
-- Installing: /workspaces/isaac_ros-dev/install/multisense_msgs/include/multisense_msgs/multisense_msgs/msg/detail/raw_lidar_cal__type_support.h
-- Installing: /workspaces/isaac_ros-dev/install/multisense_msgs/include/multisense_msgs/multisense_msgs/msg/detail/raw_cam_config__type_support.h
-- Installing: /workspaces/isaac_ros-dev/install/multisense_msgs/include/multisense_msgs/multisense_msgs/msg/detail/raw_lidar_cal__functions.c
-- Installing: /workspaces/isaac_ros-dev/install/multisense_msgs/include/multisense_msgs/multisense_msgs/msg/detail/raw_imu_data__functions.c
-- Installing: /workspaces/isaac_ros-dev/install/multisense_msgs/include/multisense_msgs/multisense_msgs/msg/detail/stamped_pps__type_support.h
-- Installing: /workspaces/isaac_ros-dev/install/multisense_msgs/include/multisense_msgs/multisense_msgs/msg/detail/device_status__type_support.h
-- Installing: /workspaces/isaac_ros-dev/install/multisense_msgs/include/multisense_msgs/multisense_msgs/msg/detail/raw_imu_data__functions.h
-- Installing: /workspaces/isaac_ros-dev/install/multisense_msgs/include/multisense_msgs/multisense_msgs/msg/detail/raw_lidar_cal__struct.h
-- Installing: /workspaces/isaac_ros-dev/install/multisense_msgs/include/multisense_msgs/multisense_msgs/msg/detail/device_status__struct.h
-- Installing: /workspaces/isaac_ros-dev/install/multisense_msgs/include/multisense_msgs/multisense_msgs/msg/detail/raw_lidar_data__type_support.h
-- Installing: /workspaces/isaac_ros-dev/install/multisense_msgs/include/multisense_msgs/multisense_msgs/msg/detail/raw_cam_config__functions.c
-- Installing: /workspaces/isaac_ros-dev/install/multisense_msgs/include/multisense_msgs/multisense_msgs/msg/detail/device_info__functions.c
-- Installing: /workspaces/isaac_ros-dev/install/multisense_msgs/include/multisense_msgs/multisense_msgs/msg/detail/device_info__functions.h
-- Installing: /workspaces/isaac_ros-dev/install/multisense_msgs/include/multisense_msgs/multisense_msgs/msg/detail/raw_imu_data__struct.h
-- Installing: /workspaces/isaac_ros-dev/install/multisense_msgs/include/multisense_msgs/multisense_msgs/msg/detail/stamped_pps__functions.h
-- Installing: /workspaces/isaac_ros-dev/install/multisense_msgs/include/multisense_msgs/multisense_msgs/msg/detail/raw_cam_data__functions.h
-- Installing: /workspaces/isaac_ros-dev/install/multisense_msgs/include/multisense_msgs/multisense_msgs/msg/detail/device_info__type_support.h
-- Installing: /workspaces/isaac_ros-dev/install/multisense_msgs/include/multisense_msgs/multisense_msgs/msg/detail/stamped_pps__struct.h
-- Installing: /workspaces/isaac_ros-dev/install/multisense_msgs/include/multisense_msgs/multisense_msgs/msg/detail/raw_lidar_cal__functions.h
-- Installing: /workspaces/isaac_ros-dev/install/multisense_msgs/include/multisense_msgs/multisense_msgs/msg/raw_cam_config.h
-- Installing: /workspaces/isaac_ros-dev/install/multisense_msgs/include/multisense_msgs/multisense_msgs/msg/device_status.h
-- Installing: /workspaces/isaac_ros-dev/install/multisense_msgs/include/multisense_msgs/multisense_msgs/msg/device_info.h
-- Installing: /workspaces/isaac_ros-dev/install/multisense_msgs/include/multisense_msgs/multisense_msgs/msg/raw_cam_cal.h
-- Installing: /workspaces/isaac_ros-dev/install/multisense_msgs/include/multisense_msgs/multisense_msgs/msg/histogram.h
-- Installing: /workspaces/isaac_ros-dev/install/multisense_msgs/share/multisense_msgs/environment/library_path.sh
-- Installing: /workspaces/isaac_ros-dev/install/multisense_msgs/share/multisense_msgs/environment/library_path.dsv
-- Installing: /workspaces/isaac_ros-dev/install/multisense_msgs/lib/libmultisense_msgs__rosidl_generator_c.so
-- Set runtime path of "/workspaces/isaac_ros-dev/install/multisense_msgs/lib/libmultisense_msgs__rosidl_generator_c.so" to ""
-- Up-to-date: /workspaces/isaac_ros-dev/install/multisense_msgs/include/multisense_msgs/multisense_msgs
-- Up-to-date: /workspaces/isaac_ros-dev/install/multisense_msgs/include/multisense_msgs/multisense_msgs/msg
-- Installing: /workspaces/isaac_ros-dev/install/multisense_msgs/include/multisense_msgs/multisense_msgs/msg/rosidl_typesupport_fastrtps_c__visibility_control.h
-- Up-to-date: /workspaces/isaac_ros-dev/install/multisense_msgs/include/multisense_msgs/multisense_msgs/msg/detail
-- Installing: /workspaces/isaac_ros-dev/install/multisense_msgs/include/multisense_msgs/multisense_msgs/msg/detail/raw_cam_cal__rosidl_typesupport_fastrtps_c.h
-- Installing: /workspaces/isaac_ros-dev/install/multisense_msgs/include/multisense_msgs/multisense_msgs/msg/detail/device_info__rosidl_typesupport_fastrtps_c.h
-- Installing: /workspaces/isaac_ros-dev/install/multisense_msgs/include/multisense_msgs/multisense_msgs/msg/detail/raw_lidar_data__rosidl_typesupport_fastrtps_c.h
-- Installing: /workspaces/isaac_ros-dev/install/multisense_msgs/include/multisense_msgs/multisense_msgs/msg/detail/raw_cam_data__rosidl_typesupport_fastrtps_c.h
-- Installing: /workspaces/isaac_ros-dev/install/multisense_msgs/include/multisense_msgs/multisense_msgs/msg/detail/histogram__rosidl_typesupport_fastrtps_c.h
-- Installing: /workspaces/isaac_ros-dev/install/multisense_msgs/include/multisense_msgs/multisense_msgs/msg/detail/device_status__rosidl_typesupport_fastrtps_c.h
-- Installing: /workspaces/isaac_ros-dev/install/multisense_msgs/include/multisense_msgs/multisense_msgs/msg/detail/raw_imu_data__rosidl_typesupport_fastrtps_c.h
-- Installing: /workspaces/isaac_ros-dev/install/multisense_msgs/include/multisense_msgs/multisense_msgs/msg/detail/raw_cam_config__rosidl_typesupport_fastrtps_c.h
-- Installing: /workspaces/isaac_ros-dev/install/multisense_msgs/include/multisense_msgs/multisense_msgs/msg/detail/stamped_pps__rosidl_typesupport_fastrtps_c.h
-- Installing: /workspaces/isaac_ros-dev/install/multisense_msgs/include/multisense_msgs/multisense_msgs/msg/detail/raw_lidar_cal__rosidl_typesupport_fastrtps_c.h
-- Installing: /workspaces/isaac_ros-dev/install/multisense_msgs/lib/libmultisense_msgs__rosidl_typesupport_fastrtps_c.so
-- Set runtime path of "/workspaces/isaac_ros-dev/install/multisense_msgs/lib/libmultisense_msgs__rosidl_typesupport_fastrtps_c.so" to ""
-- Up-to-date: /workspaces/isaac_ros-dev/install/multisense_msgs/include/multisense_msgs/multisense_msgs
-- Up-to-date: /workspaces/isaac_ros-dev/install/multisense_msgs/include/multisense_msgs/multisense_msgs/msg
-- Installing: /workspaces/isaac_ros-dev/install/multisense_msgs/include/multisense_msgs/multisense_msgs/msg/device_info.hpp
-- Installing: /workspaces/isaac_ros-dev/install/multisense_msgs/include/multisense_msgs/multisense_msgs/msg/raw_cam_config.hpp
-- Installing: /workspaces/isaac_ros-dev/install/multisense_msgs/include/multisense_msgs/multisense_msgs/msg/raw_imu_data.hpp
-- Installing: /workspaces/isaac_ros-dev/install/multisense_msgs/include/multisense_msgs/multisense_msgs/msg/raw_lidar_cal.hpp
-- Installing: /workspaces/isaac_ros-dev/install/multisense_msgs/include/multisense_msgs/multisense_msgs/msg/histogram.hpp
-- Up-to-date: /workspaces/isaac_ros-dev/install/multisense_msgs/include/multisense_msgs/multisense_msgs/msg/detail
-- Installing: /workspaces/isaac_ros-dev/install/multisense_msgs/include/multisense_msgs/multisense_msgs/msg/detail/raw_cam_data__traits.hpp
-- Installing: /workspaces/isaac_ros-dev/install/multisense_msgs/include/multisense_msgs/multisense_msgs/msg/detail/device_status__struct.hpp
-- Installing: /workspaces/isaac_ros-dev/install/multisense_msgs/include/multisense_msgs/multisense_msgs/msg/detail/raw_lidar_cal__traits.hpp
-- Installing: /workspaces/isaac_ros-dev/install/multisense_msgs/include/multisense_msgs/multisense_msgs/msg/detail/device_info__traits.hpp
-- Installing: /workspaces/isaac_ros-dev/install/multisense_msgs/include/multisense_msgs/multisense_msgs/msg/detail/raw_imu_data__traits.hpp
-- Installing: /workspaces/isaac_ros-dev/install/multisense_msgs/include/multisense_msgs/multisense_msgs/msg/detail/stamped_pps__struct.hpp
-- Installing: /workspaces/isaac_ros-dev/install/multisense_msgs/include/multisense_msgs/multisense_msgs/msg/detail/raw_imu_data__struct.hpp
-- Installing: /workspaces/isaac_ros-dev/install/multisense_msgs/include/multisense_msgs/multisense_msgs/msg/detail/raw_cam_config__builder.hpp
-- Installing: /workspaces/isaac_ros-dev/install/multisense_msgs/include/multisense_msgs/multisense_msgs/msg/detail/raw_cam_cal__builder.hpp
-- Installing: /workspaces/isaac_ros-dev/install/multisense_msgs/include/multisense_msgs/multisense_msgs/msg/detail/raw_imu_data__builder.hpp
-- Installing: /workspaces/isaac_ros-dev/install/multisense_msgs/include/multisense_msgs/multisense_msgs/msg/detail/stamped_pps__traits.hpp
-- Installing: /workspaces/isaac_ros-dev/install/multisense_msgs/include/multisense_msgs/multisense_msgs/msg/detail/histogram__traits.hpp
-- Installing: /workspaces/isaac_ros-dev/install/multisense_msgs/include/multisense_msgs/multisense_msgs/msg/detail/raw_lidar_data__builder.hpp
-- Installing: /workspaces/isaac_ros-dev/install/multisense_msgs/include/multisense_msgs/multisense_msgs/msg/detail/raw_lidar_cal__builder.hpp
-- Installing: /workspaces/isaac_ros-dev/install/multisense_msgs/include/multisense_msgs/multisense_msgs/msg/detail/device_info__struct.hpp
-- Installing: /workspaces/isaac_ros-dev/install/multisense_msgs/include/multisense_msgs/multisense_msgs/msg/detail/raw_cam_cal__struct.hpp
-- Installing: /workspaces/isaac_ros-dev/install/multisense_msgs/include/multisense_msgs/multisense_msgs/msg/detail/stamped_pps__builder.hpp
-- Installing: /workspaces/isaac_ros-dev/install/multisense_msgs/include/multisense_msgs/multisense_msgs/msg/detail/raw_lidar_data__struct.hpp
-- Installing: /workspaces/isaac_ros-dev/install/multisense_msgs/include/multisense_msgs/multisense_msgs/msg/detail/raw_cam_data__builder.hpp
-- Installing: /workspaces/isaac_ros-dev/install/multisense_msgs/include/multisense_msgs/multisense_msgs/msg/detail/raw_lidar_data__traits.hpp
-- Installing: /workspaces/isaac_ros-dev/install/multisense_msgs/include/multisense_msgs/multisense_msgs/msg/detail/raw_cam_config__traits.hpp
-- Installing: /workspaces/isaac_ros-dev/install/multisense_msgs/include/multisense_msgs/multisense_msgs/msg/detail/raw_cam_cal__traits.hpp
-- Installing: /workspaces/isaac_ros-dev/install/multisense_msgs/include/multisense_msgs/multisense_msgs/msg/detail/raw_lidar_cal__struct.hpp
-- Installing: /workspaces/isaac_ros-dev/install/multisense_msgs/include/multisense_msgs/multisense_msgs/msg/detail/histogram__builder.hpp
-- Installing: /workspaces/isaac_ros-dev/install/multisense_msgs/include/multisense_msgs/multisense_msgs/msg/detail/device_status__builder.hpp
-- Installing: /workspaces/isaac_ros-dev/install/multisense_msgs/include/multisense_msgs/multisense_msgs/msg/detail/device_info__builder.hpp
-- Installing: /workspaces/isaac_ros-dev/install/multisense_msgs/include/multisense_msgs/multisense_msgs/msg/detail/raw_cam_data__struct.hpp
-- Installing: /workspaces/isaac_ros-dev/install/multisense_msgs/include/multisense_msgs/multisense_msgs/msg/detail/device_status__traits.hpp
-- Installing: /workspaces/isaac_ros-dev/install/multisense_msgs/include/multisense_msgs/multisense_msgs/msg/detail/raw_cam_config__struct.hpp
-- Installing: /workspaces/isaac_ros-dev/install/multisense_msgs/include/multisense_msgs/multisense_msgs/msg/detail/histogram__struct.hpp
-- Installing: /workspaces/isaac_ros-dev/install/multisense_msgs/include/multisense_msgs/multisense_msgs/msg/raw_lidar_data.hpp
-- Installing: /workspaces/isaac_ros-dev/install/multisense_msgs/include/multisense_msgs/multisense_msgs/msg/raw_cam_data.hpp
-- Installing: /workspaces/isaac_ros-dev/install/multisense_msgs/include/multisense_msgs/multisense_msgs/msg/stamped_pps.hpp
-- Installing: /workspaces/isaac_ros-dev/install/multisense_msgs/include/multisense_msgs/multisense_msgs/msg/raw_cam_cal.hpp
-- Installing: /workspaces/isaac_ros-dev/install/multisense_msgs/include/multisense_msgs/multisense_msgs/msg/device_status.hpp
-- Up-to-date: /workspaces/isaac_ros-dev/install/multisense_msgs/include/multisense_msgs/multisense_msgs
-- Up-to-date: /workspaces/isaac_ros-dev/install/multisense_msgs/include/multisense_msgs/multisense_msgs/msg
-- Installing: /workspaces/isaac_ros-dev/install/multisense_msgs/include/multisense_msgs/multisense_msgs/msg/rosidl_typesupport_fastrtps_cpp__visibility_control.h
-- Up-to-date: /workspaces/isaac_ros-dev/install/multisense_msgs/include/multisense_msgs/multisense_msgs/msg/detail
-- Installing: /workspaces/isaac_ros-dev/install/multisense_msgs/include/multisense_msgs/multisense_msgs/msg/detail/histogram__rosidl_typesupport_fastrtps_cpp.hpp
-- Installing: /workspaces/isaac_ros-dev/install/multisense_msgs/include/multisense_msgs/multisense_msgs/msg/detail/stamped_pps__rosidl_typesupport_fastrtps_cpp.hpp
-- Installing: /workspaces/isaac_ros-dev/install/multisense_msgs/include/multisense_msgs/multisense_msgs/msg/detail/raw_cam_cal__rosidl_typesupport_fastrtps_cpp.hpp
-- Installing: /workspaces/isaac_ros-dev/install/multisense_msgs/include/multisense_msgs/multisense_msgs/msg/detail/raw_lidar_data__rosidl_typesupport_fastrtps_cpp.hpp
-- Installing: /workspaces/isaac_ros-dev/install/multisense_msgs/include/multisense_msgs/multisense_msgs/msg/detail/raw_lidar_cal__rosidl_typesupport_fastrtps_cpp.hpp
-- Installing: /workspaces/isaac_ros-dev/install/multisense_msgs/include/multisense_msgs/multisense_msgs/msg/detail/device_info__rosidl_typesupport_fastrtps_cpp.hpp
-- Installing: /workspaces/isaac_ros-dev/install/multisense_msgs/include/multisense_msgs/multisense_msgs/msg/detail/dds_fastrtps
-- Installing: /workspaces/isaac_ros-dev/install/multisense_msgs/include/multisense_msgs/multisense_msgs/msg/detail/raw_cam_config__rosidl_typesupport_fastrtps_cpp.hpp
-- Installing: /workspaces/isaac_ros-dev/install/multisense_msgs/include/multisense_msgs/multisense_msgs/msg/detail/device_status__rosidl_typesupport_fastrtps_cpp.hpp
-- Installing: /workspaces/isaac_ros-dev/install/multisense_msgs/include/multisense_msgs/multisense_msgs/msg/detail/raw_cam_data__rosidl_typesupport_fastrtps_cpp.hpp
-- Installing: /workspaces/isaac_ros-dev/install/multisense_msgs/include/multisense_msgs/multisense_msgs/msg/detail/raw_imu_data__rosidl_typesupport_fastrtps_cpp.hpp
-- Installing: /workspaces/isaac_ros-dev/install/multisense_msgs/lib/libmultisense_msgs__rosidl_typesupport_fastrtps_cpp.so
-- Set runtime path of "/workspaces/isaac_ros-dev/install/multisense_msgs/lib/libmultisense_msgs__rosidl_typesupport_fastrtps_cpp.so" to ""
-- Up-to-date: /workspaces/isaac_ros-dev/install/multisense_msgs/include/multisense_msgs/multisense_msgs
-- Up-to-date: /workspaces/isaac_ros-dev/install/multisense_msgs/include/multisense_msgs/multisense_msgs/msg
-- Up-to-date: /workspaces/isaac_ros-dev/install/multisense_msgs/include/multisense_msgs/multisense_msgs/msg/detail
-- Installing: /workspaces/isaac_ros-dev/install/multisense_msgs/include/multisense_msgs/multisense_msgs/msg/detail/stamped_pps__rosidl_typesupport_introspection_c.h
-- Installing: /workspaces/isaac_ros-dev/install/multisense_msgs/include/multisense_msgs/multisense_msgs/msg/detail/raw_lidar_data__type_support.c
-- Installing: /workspaces/isaac_ros-dev/install/multisense_msgs/include/multisense_msgs/multisense_msgs/msg/detail/raw_imu_data__type_support.c
-- Installing: /workspaces/isaac_ros-dev/install/multisense_msgs/include/multisense_msgs/multisense_msgs/msg/detail/device_status__rosidl_typesupport_introspection_c.h
-- Installing: /workspaces/isaac_ros-dev/install/multisense_msgs/include/multisense_msgs/multisense_msgs/msg/detail/device_info__rosidl_typesupport_introspection_c.h
-- Installing: /workspaces/isaac_ros-dev/install/multisense_msgs/include/multisense_msgs/multisense_msgs/msg/detail/raw_cam_config__rosidl_typesupport_introspection_c.h
-- Installing: /workspaces/isaac_ros-dev/install/multisense_msgs/include/multisense_msgs/multisense_msgs/msg/detail/device_info__type_support.c
-- Installing: /workspaces/isaac_ros-dev/install/multisense_msgs/include/multisense_msgs/multisense_msgs/msg/detail/raw_cam_data__type_support.c
-- Installing: /workspaces/isaac_ros-dev/install/multisense_msgs/include/multisense_msgs/multisense_msgs/msg/detail/stamped_pps__type_support.c
-- Installing: /workspaces/isaac_ros-dev/install/multisense_msgs/include/multisense_msgs/multisense_msgs/msg/detail/raw_imu_data__rosidl_typesupport_introspection_c.h
-- Installing: /workspaces/isaac_ros-dev/install/multisense_msgs/include/multisense_msgs/multisense_msgs/msg/detail/raw_lidar_cal__type_support.c
-- Installing: /workspaces/isaac_ros-dev/install/multisense_msgs/include/multisense_msgs/multisense_msgs/msg/detail/raw_cam_config__type_support.c
-- Installing: /workspaces/isaac_ros-dev/install/multisense_msgs/include/multisense_msgs/multisense_msgs/msg/detail/raw_lidar_data__rosidl_typesupport_introspection_c.h
-- Installing: /workspaces/isaac_ros-dev/install/multisense_msgs/include/multisense_msgs/multisense_msgs/msg/detail/raw_cam_cal__type_support.c
-- Installing: /workspaces/isaac_ros-dev/install/multisense_msgs/include/multisense_msgs/multisense_msgs/msg/detail/device_status__type_support.c
-- Installing: /workspaces/isaac_ros-dev/install/multisense_msgs/include/multisense_msgs/multisense_msgs/msg/detail/raw_cam_data__rosidl_typesupport_introspection_c.h
-- Installing: /workspaces/isaac_ros-dev/install/multisense_msgs/include/multisense_msgs/multisense_msgs/msg/detail/histogram__rosidl_typesupport_introspection_c.h
-- Installing: /workspaces/isaac_ros-dev/install/multisense_msgs/include/multisense_msgs/multisense_msgs/msg/detail/raw_cam_cal__rosidl_typesupport_introspection_c.h
-- Installing: /workspaces/isaac_ros-dev/install/multisense_msgs/include/multisense_msgs/multisense_msgs/msg/detail/raw_lidar_cal__rosidl_typesupport_introspection_c.h
-- Installing: /workspaces/isaac_ros-dev/install/multisense_msgs/include/multisense_msgs/multisense_msgs/msg/detail/histogram__type_support.c
-- Installing: /workspaces/isaac_ros-dev/install/multisense_msgs/include/multisense_msgs/multisense_msgs/msg/rosidl_typesupport_introspection_c__visibility_control.h
-- Installing: /workspaces/isaac_ros-dev/install/multisense_msgs/lib/libmultisense_msgs__rosidl_typesupport_introspection_c.so
-- Set runtime path of "/workspaces/isaac_ros-dev/install/multisense_msgs/lib/libmultisense_msgs__rosidl_typesupport_introspection_c.so" to ""
-- Installing: /workspaces/isaac_ros-dev/install/multisense_msgs/lib/libmultisense_msgs__rosidl_typesupport_c.so
-- Set runtime path of "/workspaces/isaac_ros-dev/install/multisense_msgs/lib/libmultisense_msgs__rosidl_typesupport_c.so" to ""
-- Up-to-date: /workspaces/isaac_ros-dev/install/multisense_msgs/include/multisense_msgs/multisense_msgs
-- Up-to-date: /workspaces/isaac_ros-dev/install/multisense_msgs/include/multisense_msgs/multisense_msgs/msg
-- Up-to-date: /workspaces/isaac_ros-dev/install/multisense_msgs/include/multisense_msgs/multisense_msgs/msg/detail
-- Installing: /workspaces/isaac_ros-dev/install/multisense_msgs/include/multisense_msgs/multisense_msgs/msg/detail/raw_imu_data__rosidl_typesupport_introspection_cpp.hpp
-- Installing: /workspaces/isaac_ros-dev/install/multisense_msgs/include/multisense_msgs/multisense_msgs/msg/detail/histogram__rosidl_typesupport_introspection_cpp.hpp
-- Installing: /workspaces/isaac_ros-dev/install/multisense_msgs/include/multisense_msgs/multisense_msgs/msg/detail/histogram__type_support.cpp
-- Installing: /workspaces/isaac_ros-dev/install/multisense_msgs/include/multisense_msgs/multisense_msgs/msg/detail/stamped_pps__type_support.cpp
-- Installing: /workspaces/isaac_ros-dev/install/multisense_msgs/include/multisense_msgs/multisense_msgs/msg/detail/raw_cam_data__type_support.cpp
-- Installing: /workspaces/isaac_ros-dev/install/multisense_msgs/include/multisense_msgs/multisense_msgs/msg/detail/device_info__rosidl_typesupport_introspection_cpp.hpp
-- Installing: /workspaces/isaac_ros-dev/install/multisense_msgs/include/multisense_msgs/multisense_msgs/msg/detail/raw_imu_data__type_support.cpp
-- Installing: /workspaces/isaac_ros-dev/install/multisense_msgs/include/multisense_msgs/multisense_msgs/msg/detail/raw_lidar_data__rosidl_typesupport_introspection_cpp.hpp
-- Installing: /workspaces/isaac_ros-dev/install/multisense_msgs/include/multisense_msgs/multisense_msgs/msg/detail/device_status__type_support.cpp
-- Installing: /workspaces/isaac_ros-dev/install/multisense_msgs/include/multisense_msgs/multisense_msgs/msg/detail/raw_cam_cal__rosidl_typesupport_introspection_cpp.hpp
-- Installing: /workspaces/isaac_ros-dev/install/multisense_msgs/include/multisense_msgs/multisense_msgs/msg/detail/raw_lidar_cal__rosidl_typesupport_introspection_cpp.hpp
-- Installing: /workspaces/isaac_ros-dev/install/multisense_msgs/include/multisense_msgs/multisense_msgs/msg/detail/device_status__rosidl_typesupport_introspection_cpp.hpp
-- Installing: /workspaces/isaac_ros-dev/install/multisense_msgs/include/multisense_msgs/multisense_msgs/msg/detail/raw_cam_cal__type_support.cpp
-- Installing: /workspaces/isaac_ros-dev/install/multisense_msgs/include/multisense_msgs/multisense_msgs/msg/detail/raw_cam_config__rosidl_typesupport_introspection_cpp.hpp
-- Installing: /workspaces/isaac_ros-dev/install/multisense_msgs/include/multisense_msgs/multisense_msgs/msg/detail/raw_cam_config__type_support.cpp
-- Installing: /workspaces/isaac_ros-dev/install/multisense_msgs/include/multisense_msgs/multisense_msgs/msg/detail/raw_lidar_data__type_support.cpp
-- Installing: /workspaces/isaac_ros-dev/install/multisense_msgs/include/multisense_msgs/multisense_msgs/msg/detail/raw_lidar_cal__type_support.cpp
-- Installing: /workspaces/isaac_ros-dev/install/multisense_msgs/include/multisense_msgs/multisense_msgs/msg/detail/raw_cam_data__rosidl_typesupport_introspection_cpp.hpp
-- Installing: /workspaces/isaac_ros-dev/install/multisense_msgs/include/multisense_msgs/multisense_msgs/msg/detail/device_info__type_support.cpp
-- Installing: /workspaces/isaac_ros-dev/install/multisense_msgs/include/multisense_msgs/multisense_msgs/msg/detail/stamped_pps__rosidl_typesupport_introspection_cpp.hpp
-- Installing: /workspaces/isaac_ros-dev/install/multisense_msgs/lib/libmultisense_msgs__rosidl_typesupport_introspection_cpp.so
-- Set runtime path of "/workspaces/isaac_ros-dev/install/multisense_msgs/lib/libmultisense_msgs__rosidl_typesupport_introspection_cpp.so" to ""
-- Installing: /workspaces/isaac_ros-dev/install/multisense_msgs/lib/libmultisense_msgs__rosidl_typesupport_cpp.so
-- Set runtime path of "/workspaces/isaac_ros-dev/install/multisense_msgs/lib/libmultisense_msgs__rosidl_typesupport_cpp.so" to ""
-- Installing: /workspaces/isaac_ros-dev/install/multisense_msgs/share/multisense_msgs/environment/pythonpath.sh
-- Installing: /workspaces/isaac_ros-dev/install/multisense_msgs/share/multisense_msgs/environment/pythonpath.dsv
-- Installing: /workspaces/isaac_ros-dev/install/multisense_msgs/lib/python3.8/site-packages/multisense_msgs-1.0.0-py3.8.egg-info
-- Installing: /workspaces/isaac_ros-dev/install/multisense_msgs/lib/python3.8/site-packages/multisense_msgs-1.0.0-py3.8.egg-info/top_level.txt
-- Installing: /workspaces/isaac_ros-dev/install/multisense_msgs/lib/python3.8/site-packages/multisense_msgs-1.0.0-py3.8.egg-info/dependency_links.txt
-- Installing: /workspaces/isaac_ros-dev/install/multisense_msgs/lib/python3.8/site-packages/multisense_msgs-1.0.0-py3.8.egg-info/SOURCES.txt
-- Installing: /workspaces/isaac_ros-dev/install/multisense_msgs/lib/python3.8/site-packages/multisense_msgs-1.0.0-py3.8.egg-info/PKG-INFO
-- Installing: /workspaces/isaac_ros-dev/install/multisense_msgs/lib/python3.8/site-packages/multisense_msgs
-- Installing: /workspaces/isaac_ros-dev/install/multisense_msgs/lib/python3.8/site-packages/multisense_msgs/multisense_msgs_s__rosidl_typesupport_fastrtps_c.cpython-38-aarch64-linux-gnu.so
-- Installing: /workspaces/isaac_ros-dev/install/multisense_msgs/lib/python3.8/site-packages/multisense_msgs/__init__.py
-- Installing: /workspaces/isaac_ros-dev/install/multisense_msgs/lib/python3.8/site-packages/multisense_msgs/_multisense_msgs_s.ep.rosidl_typesupport_introspection_c.c
-- Installing: /workspaces/isaac_ros-dev/install/multisense_msgs/lib/python3.8/site-packages/multisense_msgs/msg
-- Installing: /workspaces/isaac_ros-dev/install/multisense_msgs/lib/python3.8/site-packages/multisense_msgs/msg/_raw_lidar_data.py
-- Installing: /workspaces/isaac_ros-dev/install/multisense_msgs/lib/python3.8/site-packages/multisense_msgs/msg/__init__.py
-- Installing: /workspaces/isaac_ros-dev/install/multisense_msgs/lib/python3.8/site-packages/multisense_msgs/msg/_raw_lidar_data_s.c
-- Installing: /workspaces/isaac_ros-dev/install/multisense_msgs/lib/python3.8/site-packages/multisense_msgs/msg/_raw_imu_data_s.c
-- Installing: /workspaces/isaac_ros-dev/install/multisense_msgs/lib/python3.8/site-packages/multisense_msgs/msg/_raw_cam_data.py
-- Installing: /workspaces/isaac_ros-dev/install/multisense_msgs/lib/python3.8/site-packages/multisense_msgs/msg/_device_status_s.c
-- Installing: /workspaces/isaac_ros-dev/install/multisense_msgs/lib/python3.8/site-packages/multisense_msgs/msg/_raw_lidar_cal.py
-- Installing: /workspaces/isaac_ros-dev/install/multisense_msgs/lib/python3.8/site-packages/multisense_msgs/msg/_histogram.py
-- Installing: /workspaces/isaac_ros-dev/install/multisense_msgs/lib/python3.8/site-packages/multisense_msgs/msg/_device_status.py
-- Installing: /workspaces/isaac_ros-dev/install/multisense_msgs/lib/python3.8/site-packages/multisense_msgs/msg/_device_info.py
-- Installing: /workspaces/isaac_ros-dev/install/multisense_msgs/lib/python3.8/site-packages/multisense_msgs/msg/_raw_imu_data.py
-- Installing: /workspaces/isaac_ros-dev/install/multisense_msgs/lib/python3.8/site-packages/multisense_msgs/msg/_raw_cam_cal.py
-- Installing: /workspaces/isaac_ros-dev/install/multisense_msgs/lib/python3.8/site-packages/multisense_msgs/msg/_raw_cam_config.py
-- Installing: /workspaces/isaac_ros-dev/install/multisense_msgs/lib/python3.8/site-packages/multisense_msgs/msg/_device_info_s.c
-- Installing: /workspaces/isaac_ros-dev/install/multisense_msgs/lib/python3.8/site-packages/multisense_msgs/msg/_stamped_pps_s.c
-- Installing: /workspaces/isaac_ros-dev/install/multisense_msgs/lib/python3.8/site-packages/multisense_msgs/msg/_raw_cam_data_s.c
-- Installing: /workspaces/isaac_ros-dev/install/multisense_msgs/lib/python3.8/site-packages/multisense_msgs/msg/_raw_cam_config_s.c
-- Installing: /workspaces/isaac_ros-dev/install/multisense_msgs/lib/python3.8/site-packages/multisense_msgs/msg/_raw_cam_cal_s.c
-- Installing: /workspaces/isaac_ros-dev/install/multisense_msgs/lib/python3.8/site-packages/multisense_msgs/msg/_raw_lidar_cal_s.c
-- Installing: /workspaces/isaac_ros-dev/install/multisense_msgs/lib/python3.8/site-packages/multisense_msgs/msg/_histogram_s.c
-- Installing: /workspaces/isaac_ros-dev/install/multisense_msgs/lib/python3.8/site-packages/multisense_msgs/msg/_stamped_pps.py
-- Installing: /workspaces/isaac_ros-dev/install/multisense_msgs/lib/python3.8/site-packages/multisense_msgs/multisense_msgs_s__rosidl_typesupport_c.cpython-38-aarch64-linux-gnu.so
-- Installing: /workspaces/isaac_ros-dev/install/multisense_msgs/lib/python3.8/site-packages/multisense_msgs/libmultisense_msgs__rosidl_generator_py.so
-- Installing: /workspaces/isaac_ros-dev/install/multisense_msgs/lib/python3.8/site-packages/multisense_msgs/multisense_msgs_s__rosidl_typesupport_introspection_c.cpython-38-aarch64-linux-gnu.so
-- Installing: /workspaces/isaac_ros-dev/install/multisense_msgs/lib/python3.8/site-packages/multisense_msgs/_multisense_msgs_s.ep.rosidl_typesupport_fastrtps_c.c
-- Installing: /workspaces/isaac_ros-dev/install/multisense_msgs/lib/python3.8/site-packages/multisense_msgs/_multisense_msgs_s.ep.rosidl_typesupport_c.c
Listing '/workspaces/isaac_ros-dev/install/multisense_msgs/lib/python3.8/site-packages/multisense_msgs'...
Compiling '/workspaces/isaac_ros-dev/install/multisense_msgs/lib/python3.8/site-packages/multisense_msgs/__init__.py'...
Listing '/workspaces/isaac_ros-dev/install/multisense_msgs/lib/python3.8/site-packages/multisense_msgs/msg'...
Compiling '/workspaces/isaac_ros-dev/install/multisense_msgs/lib/python3.8/site-packages/multisense_msgs/msg/__init__.py'...
Compiling '/workspaces/isaac_ros-dev/install/multisense_msgs/lib/python3.8/site-packages/multisense_msgs/msg/_device_info.py'...
Compiling '/workspaces/isaac_ros-dev/install/multisense_msgs/lib/python3.8/site-packages/multisense_msgs/msg/_device_status.py'...
Compiling '/workspaces/isaac_ros-dev/install/multisense_msgs/lib/python3.8/site-packages/multisense_msgs/msg/_histogram.py'...
Compiling '/workspaces/isaac_ros-dev/install/multisense_msgs/lib/python3.8/site-packages/multisense_msgs/msg/_raw_cam_cal.py'...
Compiling '/workspaces/isaac_ros-dev/install/multisense_msgs/lib/python3.8/site-packages/multisense_msgs/msg/_raw_cam_config.py'...
Compiling '/workspaces/isaac_ros-dev/install/multisense_msgs/lib/python3.8/site-packages/multisense_msgs/msg/_raw_cam_data.py'...
Compiling '/workspaces/isaac_ros-dev/install/multisense_msgs/lib/python3.8/site-packages/multisense_msgs/msg/_raw_imu_data.py'...
Compiling '/workspaces/isaac_ros-dev/install/multisense_msgs/lib/python3.8/site-packages/multisense_msgs/msg/_raw_lidar_cal.py'...
Compiling '/workspaces/isaac_ros-dev/install/multisense_msgs/lib/python3.8/site-packages/multisense_msgs/msg/_raw_lidar_data.py'...
Compiling '/workspaces/isaac_ros-dev/install/multisense_msgs/lib/python3.8/site-packages/multisense_msgs/msg/_stamped_pps.py'...
-- Installing: /workspaces/isaac_ros-dev/install/multisense_msgs/lib/python3.8/site-packages/multisense_msgs/multisense_msgs_s__rosidl_typesupport_fastrtps_c.cpython-38-aarch64-linux-gnu.so
-- Set runtime path of "/workspaces/isaac_ros-dev/install/multisense_msgs/lib/python3.8/site-packages/multisense_msgs/multisense_msgs_s__rosidl_typesupport_fastrtps_c.cpython-38-aarch64-linux-gnu.so" to ""
-- Installing: /workspaces/isaac_ros-dev/install/multisense_msgs/lib/python3.8/site-packages/multisense_msgs/multisense_msgs_s__rosidl_typesupport_introspection_c.cpython-38-aarch64-linux-gnu.so
-- Set runtime path of "/workspaces/isaac_ros-dev/install/multisense_msgs/lib/python3.8/site-packages/multisense_msgs/multisense_msgs_s__rosidl_typesupport_introspection_c.cpython-38-aarch64-linux-gnu.so" to ""
-- Installing: /workspaces/isaac_ros-dev/install/multisense_msgs/lib/python3.8/site-packages/multisense_msgs/multisense_msgs_s__rosidl_typesupport_c.cpython-38-aarch64-linux-gnu.so
-- Set runtime path of "/workspaces/isaac_ros-dev/install/multisense_msgs/lib/python3.8/site-packages/multisense_msgs/multisense_msgs_s__rosidl_typesupport_c.cpython-38-aarch64-linux-gnu.so" to ""
-- Installing: /workspaces/isaac_ros-dev/install/multisense_msgs/lib/libmultisense_msgs__rosidl_generator_py.so
-- Set runtime path of "/workspaces/isaac_ros-dev/install/multisense_msgs/lib/libmultisense_msgs__rosidl_generator_py.so" to ""
-- Installing: /workspaces/isaac_ros-dev/install/multisense_msgs/share/multisense_msgs/msg/DeviceInfo.idl
-- Installing: /workspaces/isaac_ros-dev/install/multisense_msgs/share/multisense_msgs/msg/RawCamConfig.idl
-- Installing: /workspaces/isaac_ros-dev/install/multisense_msgs/share/multisense_msgs/msg/RawImuData.idl
-- Installing: /workspaces/isaac_ros-dev/install/multisense_msgs/share/multisense_msgs/msg/RawLidarData.idl
-- Installing: /workspaces/isaac_ros-dev/install/multisense_msgs/share/multisense_msgs/msg/RawCamCal.idl
-- Installing: /workspaces/isaac_ros-dev/install/multisense_msgs/share/multisense_msgs/msg/RawCamData.idl
-- Installing: /workspaces/isaac_ros-dev/install/multisense_msgs/share/multisense_msgs/msg/RawLidarCal.idl
-- Installing: /workspaces/isaac_ros-dev/install/multisense_msgs/share/multisense_msgs/msg/Histogram.idl
-- Installing: /workspaces/isaac_ros-dev/install/multisense_msgs/share/multisense_msgs/msg/DeviceStatus.idl
-- Installing: /workspaces/isaac_ros-dev/install/multisense_msgs/share/multisense_msgs/msg/StampedPps.idl
-- Installing: /workspaces/isaac_ros-dev/install/multisense_msgs/share/multisense_msgs/msg/DeviceInfo.msg
-- Installing: /workspaces/isaac_ros-dev/install/multisense_msgs/share/multisense_msgs/msg/RawCamConfig.msg
-- Installing: /workspaces/isaac_ros-dev/install/multisense_msgs/share/multisense_msgs/msg/RawImuData.msg
-- Installing: /workspaces/isaac_ros-dev/install/multisense_msgs/share/multisense_msgs/msg/RawLidarData.msg
-- Installing: /workspaces/isaac_ros-dev/install/multisense_msgs/share/multisense_msgs/msg/RawCamCal.msg
-- Installing: /workspaces/isaac_ros-dev/install/multisense_msgs/share/multisense_msgs/msg/RawCamData.msg
-- Installing: /workspaces/isaac_ros-dev/install/multisense_msgs/share/multisense_msgs/msg/RawLidarCal.msg
-- Installing: /workspaces/isaac_ros-dev/install/multisense_msgs/share/multisense_msgs/msg/Histogram.msg
-- Installing: /workspaces/isaac_ros-dev/install/multisense_msgs/share/multisense_msgs/msg/DeviceStatus.msg
-- Installing: /workspaces/isaac_ros-dev/install/multisense_msgs/share/multisense_msgs/msg/StampedPps.msg
-- Installing: /workspaces/isaac_ros-dev/install/multisense_msgs/share/ament_index/resource_index/package_run_dependencies/multisense_msgs
-- Installing: /workspaces/isaac_ros-dev/install/multisense_msgs/share/ament_index/resource_index/parent_prefix_path/multisense_msgs
-- Installing: /workspaces/isaac_ros-dev/install/multisense_msgs/share/multisense_msgs/environment/ament_prefix_path.sh
-- Installing: /workspaces/isaac_ros-dev/install/multisense_msgs/share/multisense_msgs/environment/ament_prefix_path.dsv
-- Installing: /workspaces/isaac_ros-dev/install/multisense_msgs/share/multisense_msgs/environment/path.sh
-- Installing: /workspaces/isaac_ros-dev/install/multisense_msgs/share/multisense_msgs/environment/path.dsv
-- Installing: /workspaces/isaac_ros-dev/install/multisense_msgs/share/multisense_msgs/local_setup.bash
-- Installing: /workspaces/isaac_ros-dev/install/multisense_msgs/share/multisense_msgs/local_setup.sh
-- Installing: /workspaces/isaac_ros-dev/install/multisense_msgs/share/multisense_msgs/local_setup.zsh
-- Installing: /workspaces/isaac_ros-dev/install/multisense_msgs/share/multisense_msgs/local_setup.dsv
-- Installing: /workspaces/isaac_ros-dev/install/multisense_msgs/share/multisense_msgs/package.dsv
-- Installing: /workspaces/isaac_ros-dev/install/multisense_msgs/share/ament_index/resource_index/packages/multisense_msgs
-- Installing: /workspaces/isaac_ros-dev/install/multisense_msgs/share/multisense_msgs/cmake/export_multisense_msgs__rosidl_generator_cExport.cmake
-- Installing: /workspaces/isaac_ros-dev/install/multisense_msgs/share/multisense_msgs/cmake/export_multisense_msgs__rosidl_generator_cExport-release.cmake
-- Installing: /workspaces/isaac_ros-dev/install/multisense_msgs/share/multisense_msgs/cmake/export_multisense_msgs__rosidl_typesupport_fastrtps_cExport.cmake
-- Installing: /workspaces/isaac_ros-dev/install/multisense_msgs/share/multisense_msgs/cmake/export_multisense_msgs__rosidl_typesupport_fastrtps_cExport-release.cmake
-- Installing: /workspaces/isaac_ros-dev/install/multisense_msgs/share/multisense_msgs/cmake/export_multisense_msgs__rosidl_generator_cppExport.cmake
-- Installing: /workspaces/isaac_ros-dev/install/multisense_msgs/share/multisense_msgs/cmake/export_multisense_msgs__rosidl_typesupport_fastrtps_cppExport.cmake
-- Installing: /workspaces/isaac_ros-dev/install/multisense_msgs/share/multisense_msgs/cmake/export_multisense_msgs__rosidl_typesupport_fastrtps_cppExport-release.cmake
-- Installing: /workspaces/isaac_ros-dev/install/multisense_msgs/share/multisense_msgs/cmake/multisense_msgs__rosidl_typesupport_introspection_cExport.cmake
-- Installing: /workspaces/isaac_ros-dev/install/multisense_msgs/share/multisense_msgs/cmake/multisense_msgs__rosidl_typesupport_introspection_cExport-release.cmake
-- Installing: /workspaces/isaac_ros-dev/install/multisense_msgs/share/multisense_msgs/cmake/multisense_msgs__rosidl_typesupport_cExport.cmake
-- Installing: /workspaces/isaac_ros-dev/install/multisense_msgs/share/multisense_msgs/cmake/multisense_msgs__rosidl_typesupport_cExport-release.cmake
-- Installing: /workspaces/isaac_ros-dev/install/multisense_msgs/share/multisense_msgs/cmake/multisense_msgs__rosidl_typesupport_introspection_cppExport.cmake
-- Installing: /workspaces/isaac_ros-dev/install/multisense_msgs/share/multisense_msgs/cmake/multisense_msgs__rosidl_typesupport_introspection_cppExport-release.cmake
-- Installing: /workspaces/isaac_ros-dev/install/multisense_msgs/share/multisense_msgs/cmake/multisense_msgs__rosidl_typesupport_cppExport.cmake
-- Installing: /workspaces/isaac_ros-dev/install/multisense_msgs/share/multisense_msgs/cmake/multisense_msgs__rosidl_typesupport_cppExport-release.cmake
-- Installing: /workspaces/isaac_ros-dev/install/multisense_msgs/share/multisense_msgs/cmake/export_multisense_msgs__rosidl_generator_pyExport.cmake
-- Installing: /workspaces/isaac_ros-dev/install/multisense_msgs/share/multisense_msgs/cmake/export_multisense_msgs__rosidl_generator_pyExport-release.cmake
-- Installing: /workspaces/isaac_ros-dev/install/multisense_msgs/share/multisense_msgs/cmake/rosidl_cmake-extras.cmake
-- Installing: /workspaces/isaac_ros-dev/install/multisense_msgs/share/multisense_msgs/cmake/ament_cmake_export_dependencies-extras.cmake
-- Installing: /workspaces/isaac_ros-dev/install/multisense_msgs/share/multisense_msgs/cmake/ament_cmake_export_include_directories-extras.cmake
-- Installing: /workspaces/isaac_ros-dev/install/multisense_msgs/share/multisense_msgs/cmake/ament_cmake_export_libraries-extras.cmake
-- Installing: /workspaces/isaac_ros-dev/install/multisense_msgs/share/multisense_msgs/cmake/ament_cmake_export_targets-extras.cmake
-- Installing: /workspaces/isaac_ros-dev/install/multisense_msgs/share/multisense_msgs/cmake/rosidl_cmake_export_typesupport_targets-extras.cmake
-- Installing: /workspaces/isaac_ros-dev/install/multisense_msgs/share/multisense_msgs/cmake/rosidl_cmake_export_typesupport_libraries-extras.cmake
-- Installing: /workspaces/isaac_ros-dev/install/multisense_msgs/share/multisense_msgs/cmake/multisense_msgsConfig.cmake
-- Installing: /workspaces/isaac_ros-dev/install/multisense_msgs/share/multisense_msgs/cmake/multisense_msgsConfig-version.cmake
-- Installing: /workspaces/isaac_ros-dev/install/multisense_msgs/share/multisense_msgs/package.xml
