[0.254s] Invoking command in '/workspaces/isaac_ros-dev/build/xacro': CMAKE_PREFIX_PATH=/workspaces/isaac_ros-dev/install/yolov8_bringup:/workspaces/isaac_ros-dev/install/multisense_ros:/workspaces/isaac_ros-dev/install/xacro:/workspaces/isaac_ros-dev/install/vision_msgs_rviz_plugins:/workspaces/isaac_ros-dev/install/vision_msgs:/workspaces/isaac_ros-dev/install/velodyne:/workspaces/isaac_ros-dev/install/velodyne_pointcloud:/workspaces/isaac_ros-dev/install/velodyne_driver:/workspaces/isaac_ros-dev/install/velodyne_msgs:/workspaces/isaac_ros-dev/install/velodyne_laserscan:/workspaces/isaac_ros-dev/install/vectornav:/workspaces/isaac_ros-dev/install/sdv_localization:/workspaces/isaac_ros-dev/install/vectornav_msgs:/workspaces/isaac_ros-dev/install/slam_toolbox:/workspaces/isaac_ros-dev/install/sdv_msg:/workspaces/isaac_ros-dev/install/sdv_localization_msgs:/workspaces/isaac_ros-dev/install/pointcloud_to_laserscan:/workspaces/isaac_ros-dev/install/my_package:/workspaces/isaac_ros-dev/install/multisense_msgs:/workspaces/isaac_ros-dev/install/multisense_lib:/workspaces/isaac_ros-dev/install/isaac_ros_visual_slam:/workspaces/isaac_ros-dev/install/isaac_ros_visual_slam_interfaces:/workspaces/isaac_ros-dev/install/isaac_ros_tensor_list_interfaces:/workspaces/isaac_ros-dev/install/isaac_ros_common:/workspaces/isaac_ros-dev/install/isaac_ros_bi3d_interfaces:/workspaces/isaac_ros-dev/install/isaac_ros_apriltag_interfaces:/workspaces/isaac_ros-dev/install/yolov8_ros:/workspaces/isaac_ros-dev/install/xbox_controller:/workspaces/isaac_ros-dev/install/panel:/workspaces/isaac_ros-dev/install/isaac_ros_test:/workspaces/isaac_ros-dev/install/encoder:/opt/ros/humble/install /usr/bin/cmake --build /workspaces/isaac_ros-dev/build/xacro -- -j8 -l8
[0.565s] Built target ament_cmake_python_copy_xacro_setup
[0.565s] Built target ament_cmake_python_copy_xacro
[2.564s] running install_scripts
[2.684s] running egg_info
[2.776s] writing xacro.egg-info/PKG-INFO
[2.776s] writing dependency_links to xacro.egg-info/dependency_links.txt
[2.777s] writing entry points to xacro.egg-info/entry_points.txt
[2.778s] writing top-level names to xacro.egg-info/top_level.txt
[2.784s] running egg_info
[2.947s] writing xacro.egg-info/PKG-INFO
[2.948s] writing dependency_links to xacro.egg-info/dependency_links.txt
[2.956s] writing entry points to xacro.egg-info/entry_points.txt
[2.956s] writing top-level names to xacro.egg-info/top_level.txt
[2.978s] reading manifest file 'xacro.egg-info/SOURCES.txt'
[2.980s] writing manifest file 'xacro.egg-info/SOURCES.txt'
[3.092s] reading manifest file 'xacro.egg-info/SOURCES.txt'
[3.096s] writing manifest file 'xacro.egg-info/SOURCES.txt'
[3.169s] Built target ament_cmake_python_build_xacro_egg
[3.245s] Installing xacro script to scripts
[3.403s] Built target ament_cmake_python_build_xacro_scripts
[4.830s] Invoked command in '/workspaces/isaac_ros-dev/build/xacro' returned '0': CMAKE_PREFIX_PATH=/workspaces/isaac_ros-dev/install/yolov8_bringup:/workspaces/isaac_ros-dev/install/multisense_ros:/workspaces/isaac_ros-dev/install/xacro:/workspaces/isaac_ros-dev/install/vision_msgs_rviz_plugins:/workspaces/isaac_ros-dev/install/vision_msgs:/workspaces/isaac_ros-dev/install/velodyne:/workspaces/isaac_ros-dev/install/velodyne_pointcloud:/workspaces/isaac_ros-dev/install/velodyne_driver:/workspaces/isaac_ros-dev/install/velodyne_msgs:/workspaces/isaac_ros-dev/install/velodyne_laserscan:/workspaces/isaac_ros-dev/install/vectornav:/workspaces/isaac_ros-dev/install/sdv_localization:/workspaces/isaac_ros-dev/install/vectornav_msgs:/workspaces/isaac_ros-dev/install/slam_toolbox:/workspaces/isaac_ros-dev/install/sdv_msg:/workspaces/isaac_ros-dev/install/sdv_localization_msgs:/workspaces/isaac_ros-dev/install/pointcloud_to_laserscan:/workspaces/isaac_ros-dev/install/my_package:/workspaces/isaac_ros-dev/install/multisense_msgs:/workspaces/isaac_ros-dev/install/multisense_lib:/workspaces/isaac_ros-dev/install/isaac_ros_visual_slam:/workspaces/isaac_ros-dev/install/isaac_ros_visual_slam_interfaces:/workspaces/isaac_ros-dev/install/isaac_ros_tensor_list_interfaces:/workspaces/isaac_ros-dev/install/isaac_ros_common:/workspaces/isaac_ros-dev/install/isaac_ros_bi3d_interfaces:/workspaces/isaac_ros-dev/install/isaac_ros_apriltag_interfaces:/workspaces/isaac_ros-dev/install/yolov8_ros:/workspaces/isaac_ros-dev/install/xbox_controller:/workspaces/isaac_ros-dev/install/panel:/workspaces/isaac_ros-dev/install/isaac_ros_test:/workspaces/isaac_ros-dev/install/encoder:/opt/ros/humble/install /usr/bin/cmake --build /workspaces/isaac_ros-dev/build/xacro -- -j8 -l8
[5.617s] Invoking command in '/workspaces/isaac_ros-dev/build/xacro': CMAKE_PREFIX_PATH=/workspaces/isaac_ros-dev/install/yolov8_bringup:/workspaces/isaac_ros-dev/install/multisense_ros:/workspaces/isaac_ros-dev/install/xacro:/workspaces/isaac_ros-dev/install/vision_msgs_rviz_plugins:/workspaces/isaac_ros-dev/install/vision_msgs:/workspaces/isaac_ros-dev/install/velodyne:/workspaces/isaac_ros-dev/install/velodyne_pointcloud:/workspaces/isaac_ros-dev/install/velodyne_driver:/workspaces/isaac_ros-dev/install/velodyne_msgs:/workspaces/isaac_ros-dev/install/velodyne_laserscan:/workspaces/isaac_ros-dev/install/vectornav:/workspaces/isaac_ros-dev/install/sdv_localization:/workspaces/isaac_ros-dev/install/vectornav_msgs:/workspaces/isaac_ros-dev/install/slam_toolbox:/workspaces/isaac_ros-dev/install/sdv_msg:/workspaces/isaac_ros-dev/install/sdv_localization_msgs:/workspaces/isaac_ros-dev/install/pointcloud_to_laserscan:/workspaces/isaac_ros-dev/install/my_package:/workspaces/isaac_ros-dev/install/multisense_msgs:/workspaces/isaac_ros-dev/install/multisense_lib:/workspaces/isaac_ros-dev/install/isaac_ros_visual_slam:/workspaces/isaac_ros-dev/install/isaac_ros_visual_slam_interfaces:/workspaces/isaac_ros-dev/install/isaac_ros_tensor_list_interfaces:/workspaces/isaac_ros-dev/install/isaac_ros_common:/workspaces/isaac_ros-dev/install/isaac_ros_bi3d_interfaces:/workspaces/isaac_ros-dev/install/isaac_ros_apriltag_interfaces:/workspaces/isaac_ros-dev/install/yolov8_ros:/workspaces/isaac_ros-dev/install/xbox_controller:/workspaces/isaac_ros-dev/install/panel:/workspaces/isaac_ros-dev/install/isaac_ros_test:/workspaces/isaac_ros-dev/install/encoder:/opt/ros/humble/install /usr/bin/cmake --install /workspaces/isaac_ros-dev/build/xacro
[5.652s] -- Install configuration: ""
[5.653s] -- Up-to-date: /workspaces/isaac_ros-dev/install/xacro/share/xacro/environment/completion.bash
[5.653s] -- Up-to-date: /workspaces/isaac_ros-dev/install/xacro/share/xacro/environment/pythonpath.sh
[5.654s] -- Up-to-date: /workspaces/isaac_ros-dev/install/xacro/share/xacro/environment/pythonpath.dsv
[5.655s] -- Up-to-date: /workspaces/isaac_ros-dev/install/xacro/lib/python3.8/site-packages/xacro-2.0.8-py3.8.egg-info
[5.655s] -- Installing: /workspaces/isaac_ros-dev/install/xacro/lib/python3.8/site-packages/xacro-2.0.8-py3.8.egg-info/entry_points.txt
[5.656s] -- Installing: /workspaces/isaac_ros-dev/install/xacro/lib/python3.8/site-packages/xacro-2.0.8-py3.8.egg-info/top_level.txt
[5.656s] -- Installing: /workspaces/isaac_ros-dev/install/xacro/lib/python3.8/site-packages/xacro-2.0.8-py3.8.egg-info/dependency_links.txt
[5.658s] -- Installing: /workspaces/isaac_ros-dev/install/xacro/lib/python3.8/site-packages/xacro-2.0.8-py3.8.egg-info/SOURCES.txt
[5.659s] -- Installing: /workspaces/isaac_ros-dev/install/xacro/lib/python3.8/site-packages/xacro-2.0.8-py3.8.egg-info/PKG-INFO
[5.659s] -- Up-to-date: /workspaces/isaac_ros-dev/install/xacro/lib/xacro/
[5.660s] -- Installing: /workspaces/isaac_ros-dev/install/xacro/lib/xacro//xacro
[5.660s] -- Up-to-date: /workspaces/isaac_ros-dev/install/xacro/lib/python3.8/site-packages/xacro
[5.661s] -- Up-to-date: /workspaces/isaac_ros-dev/install/xacro/lib/python3.8/site-packages/xacro/__init__.py
[5.661s] -- Up-to-date: /workspaces/isaac_ros-dev/install/xacro/lib/python3.8/site-packages/xacro/substitution_args.py
[5.661s] -- Up-to-date: /workspaces/isaac_ros-dev/install/xacro/lib/python3.8/site-packages/xacro/color.py
[5.661s] -- Up-to-date: /workspaces/isaac_ros-dev/install/xacro/lib/python3.8/site-packages/xacro/xmlutils.py
[5.662s] -- Up-to-date: /workspaces/isaac_ros-dev/install/xacro/lib/python3.8/site-packages/xacro/cli.py
[5.863s] Listing '/workspaces/isaac_ros-dev/install/xacro/lib/python3.8/site-packages/xacro'...
[5.873s] -- Up-to-date: /workspaces/isaac_ros-dev/install/xacro/bin/
[5.873s] -- Installing: /workspaces/isaac_ros-dev/install/xacro/bin//xacro
[5.874s] -- Up-to-date: /workspaces/isaac_ros-dev/install/xacro/share/ament_index/resource_index/package_run_dependencies/xacro
[5.874s] -- Up-to-date: /workspaces/isaac_ros-dev/install/xacro/share/ament_index/resource_index/parent_prefix_path/xacro
[5.874s] -- Up-to-date: /workspaces/isaac_ros-dev/install/xacro/share/xacro/environment/ament_prefix_path.sh
[5.876s] -- Up-to-date: /workspaces/isaac_ros-dev/install/xacro/share/xacro/environment/ament_prefix_path.dsv
[5.876s] -- Up-to-date: /workspaces/isaac_ros-dev/install/xacro/share/xacro/environment/path.sh
[5.877s] -- Up-to-date: /workspaces/isaac_ros-dev/install/xacro/share/xacro/environment/path.dsv
[5.877s] -- Up-to-date: /workspaces/isaac_ros-dev/install/xacro/share/xacro/local_setup.bash
[5.877s] -- Up-to-date: /workspaces/isaac_ros-dev/install/xacro/share/xacro/local_setup.sh
[5.878s] -- Up-to-date: /workspaces/isaac_ros-dev/install/xacro/share/xacro/local_setup.zsh
[5.879s] -- Up-to-date: /workspaces/isaac_ros-dev/install/xacro/share/xacro/local_setup.dsv
[5.879s] -- Installing: /workspaces/isaac_ros-dev/install/xacro/share/xacro/package.dsv
[5.881s] -- Up-to-date: /workspaces/isaac_ros-dev/install/xacro/share/ament_index/resource_index/packages/xacro
[5.881s] -- Up-to-date: /workspaces/isaac_ros-dev/install/xacro/share/xacro/cmake/xacro-extras.cmake
[5.882s] -- Up-to-date: /workspaces/isaac_ros-dev/install/xacro/share/xacro/cmake/xacroConfig.cmake
[5.882s] -- Up-to-date: /workspaces/isaac_ros-dev/install/xacro/share/xacro/cmake/xacroConfig-version.cmake
[5.882s] -- Up-to-date: /workspaces/isaac_ros-dev/install/xacro/share/xacro/package.xml
[5.940s] Invoked command in '/workspaces/isaac_ros-dev/build/xacro' returned '0': CMAKE_PREFIX_PATH=/workspaces/isaac_ros-dev/install/yolov8_bringup:/workspaces/isaac_ros-dev/install/multisense_ros:/workspaces/isaac_ros-dev/install/xacro:/workspaces/isaac_ros-dev/install/vision_msgs_rviz_plugins:/workspaces/isaac_ros-dev/install/vision_msgs:/workspaces/isaac_ros-dev/install/velodyne:/workspaces/isaac_ros-dev/install/velodyne_pointcloud:/workspaces/isaac_ros-dev/install/velodyne_driver:/workspaces/isaac_ros-dev/install/velodyne_msgs:/workspaces/isaac_ros-dev/install/velodyne_laserscan:/workspaces/isaac_ros-dev/install/vectornav:/workspaces/isaac_ros-dev/install/sdv_localization:/workspaces/isaac_ros-dev/install/vectornav_msgs:/workspaces/isaac_ros-dev/install/slam_toolbox:/workspaces/isaac_ros-dev/install/sdv_msg:/workspaces/isaac_ros-dev/install/sdv_localization_msgs:/workspaces/isaac_ros-dev/install/pointcloud_to_laserscan:/workspaces/isaac_ros-dev/install/my_package:/workspaces/isaac_ros-dev/install/multisense_msgs:/workspaces/isaac_ros-dev/install/multisense_lib:/workspaces/isaac_ros-dev/install/isaac_ros_visual_slam:/workspaces/isaac_ros-dev/install/isaac_ros_visual_slam_interfaces:/workspaces/isaac_ros-dev/install/isaac_ros_tensor_list_interfaces:/workspaces/isaac_ros-dev/install/isaac_ros_common:/workspaces/isaac_ros-dev/install/isaac_ros_bi3d_interfaces:/workspaces/isaac_ros-dev/install/isaac_ros_apriltag_interfaces:/workspaces/isaac_ros-dev/install/yolov8_ros:/workspaces/isaac_ros-dev/install/xbox_controller:/workspaces/isaac_ros-dev/install/panel:/workspaces/isaac_ros-dev/install/isaac_ros_test:/workspaces/isaac_ros-dev/install/encoder:/opt/ros/humble/install /usr/bin/cmake --install /workspaces/isaac_ros-dev/build/xacro
