[0.494s] Invoking command in '/workspaces/isaac_ros-dev/build/vision_msgs': CMAKE_PREFIX_PATH=/workspaces/isaac_ros-dev/install/yolov8_bringup:/workspaces/isaac_ros-dev/install/multisense_ros:/workspaces/isaac_ros-dev/install/xacro:/workspaces/isaac_ros-dev/install/vision_msgs_rviz_plugins:/workspaces/isaac_ros-dev/install/vision_msgs:/workspaces/isaac_ros-dev/install/velodyne:/workspaces/isaac_ros-dev/install/velodyne_pointcloud:/workspaces/isaac_ros-dev/install/velodyne_driver:/workspaces/isaac_ros-dev/install/velodyne_msgs:/workspaces/isaac_ros-dev/install/velodyne_laserscan:/workspaces/isaac_ros-dev/install/vectornav:/workspaces/isaac_ros-dev/install/sdv_localization:/workspaces/isaac_ros-dev/install/vectornav_msgs:/workspaces/isaac_ros-dev/install/slam_toolbox:/workspaces/isaac_ros-dev/install/sdv_msg:/workspaces/isaac_ros-dev/install/sdv_localization_msgs:/workspaces/isaac_ros-dev/install/pointcloud_to_laserscan:/workspaces/isaac_ros-dev/install/my_package:/workspaces/isaac_ros-dev/install/multisense_msgs:/workspaces/isaac_ros-dev/install/multisense_lib:/workspaces/isaac_ros-dev/install/isaac_ros_visual_slam:/workspaces/isaac_ros-dev/install/isaac_ros_visual_slam_interfaces:/workspaces/isaac_ros-dev/install/isaac_ros_tensor_list_interfaces:/workspaces/isaac_ros-dev/install/isaac_ros_common:/workspaces/isaac_ros-dev/install/isaac_ros_bi3d_interfaces:/workspaces/isaac_ros-dev/install/isaac_ros_apriltag_interfaces:/workspaces/isaac_ros-dev/install/yolov8_ros:/workspaces/isaac_ros-dev/install/xbox_controller:/workspaces/isaac_ros-dev/install/panel:/workspaces/isaac_ros-dev/install/isaac_ros_test:/workspaces/isaac_ros-dev/install/encoder:/opt/ros/humble/install /usr/bin/cmake --build /workspaces/isaac_ros-dev/build/vision_msgs -- -j8 -l8
[0.844s] [  1%] Built target vision_msgs__cpp
[0.847s] [  2%] Built target gtest
[0.848s] [ 14%] Built target vision_msgs__rosidl_generator_c
[1.049s] [ 14%] Built target ament_cmake_python_copy_vision_msgs
[1.058s] [ 15%] Built target gtest_main
[1.085s] [ 27%] Built target vision_msgs__rosidl_typesupport_cpp
[1.150s] [ 38%] Built target vision_msgs__rosidl_typesupport_introspection_c
[1.162s] [ 49%] Built target vision_msgs__rosidl_typesupport_fastrtps_cpp
[1.164s] [ 60%] Built target vision_msgs__rosidl_typesupport_c
[1.169s] [ 71%] Built target vision_msgs__rosidl_typesupport_fastrtps_c
[1.192s] [ 82%] Built target vision_msgs__rosidl_typesupport_introspection_cpp
[1.389s] [ 82%] Built target vision_msgs
[1.522s] [ 84%] Built target vision_msgs_test
[1.534s] [ 84%] Built target vision_msgs__py
[1.726s] [ 95%] Built target vision_msgs__rosidl_generator_py
[1.886s] [ 97%] Built target vision_msgs__rosidl_typesupport_fastrtps_c__pyext
[1.942s] [ 98%] Built target vision_msgs__rosidl_typesupport_c__pyext
[1.947s] [100%] Built target vision_msgs__rosidl_typesupport_introspection_c__pyext
[3.171s] running egg_info
[3.312s] writing vision_msgs.egg-info/PKG-INFO
[3.312s] writing dependency_links to vision_msgs.egg-info/dependency_links.txt
[3.313s] writing top-level names to vision_msgs.egg-info/top_level.txt
[3.485s] reading manifest file 'vision_msgs.egg-info/SOURCES.txt'
[3.488s] writing manifest file 'vision_msgs.egg-info/SOURCES.txt'
[3.703s] [100%] Built target ament_cmake_python_build_vision_msgs_egg
[5.062s] Invoked command in '/workspaces/isaac_ros-dev/build/vision_msgs' returned '0': CMAKE_PREFIX_PATH=/workspaces/isaac_ros-dev/install/yolov8_bringup:/workspaces/isaac_ros-dev/install/multisense_ros:/workspaces/isaac_ros-dev/install/xacro:/workspaces/isaac_ros-dev/install/vision_msgs_rviz_plugins:/workspaces/isaac_ros-dev/install/vision_msgs:/workspaces/isaac_ros-dev/install/velodyne:/workspaces/isaac_ros-dev/install/velodyne_pointcloud:/workspaces/isaac_ros-dev/install/velodyne_driver:/workspaces/isaac_ros-dev/install/velodyne_msgs:/workspaces/isaac_ros-dev/install/velodyne_laserscan:/workspaces/isaac_ros-dev/install/vectornav:/workspaces/isaac_ros-dev/install/sdv_localization:/workspaces/isaac_ros-dev/install/vectornav_msgs:/workspaces/isaac_ros-dev/install/slam_toolbox:/workspaces/isaac_ros-dev/install/sdv_msg:/workspaces/isaac_ros-dev/install/sdv_localization_msgs:/workspaces/isaac_ros-dev/install/pointcloud_to_laserscan:/workspaces/isaac_ros-dev/install/my_package:/workspaces/isaac_ros-dev/install/multisense_msgs:/workspaces/isaac_ros-dev/install/multisense_lib:/workspaces/isaac_ros-dev/install/isaac_ros_visual_slam:/workspaces/isaac_ros-dev/install/isaac_ros_visual_slam_interfaces:/workspaces/isaac_ros-dev/install/isaac_ros_tensor_list_interfaces:/workspaces/isaac_ros-dev/install/isaac_ros_common:/workspaces/isaac_ros-dev/install/isaac_ros_bi3d_interfaces:/workspaces/isaac_ros-dev/install/isaac_ros_apriltag_interfaces:/workspaces/isaac_ros-dev/install/yolov8_ros:/workspaces/isaac_ros-dev/install/xbox_controller:/workspaces/isaac_ros-dev/install/panel:/workspaces/isaac_ros-dev/install/isaac_ros_test:/workspaces/isaac_ros-dev/install/encoder:/opt/ros/humble/install /usr/bin/cmake --build /workspaces/isaac_ros-dev/build/vision_msgs -- -j8 -l8
[13.178s] Invoking command in '/workspaces/isaac_ros-dev/build/vision_msgs': CMAKE_PREFIX_PATH=/workspaces/isaac_ros-dev/install/yolov8_bringup:/workspaces/isaac_ros-dev/install/multisense_ros:/workspaces/isaac_ros-dev/install/xacro:/workspaces/isaac_ros-dev/install/vision_msgs_rviz_plugins:/workspaces/isaac_ros-dev/install/vision_msgs:/workspaces/isaac_ros-dev/install/velodyne:/workspaces/isaac_ros-dev/install/velodyne_pointcloud:/workspaces/isaac_ros-dev/install/velodyne_driver:/workspaces/isaac_ros-dev/install/velodyne_msgs:/workspaces/isaac_ros-dev/install/velodyne_laserscan:/workspaces/isaac_ros-dev/install/vectornav:/workspaces/isaac_ros-dev/install/sdv_localization:/workspaces/isaac_ros-dev/install/vectornav_msgs:/workspaces/isaac_ros-dev/install/slam_toolbox:/workspaces/isaac_ros-dev/install/sdv_msg:/workspaces/isaac_ros-dev/install/sdv_localization_msgs:/workspaces/isaac_ros-dev/install/pointcloud_to_laserscan:/workspaces/isaac_ros-dev/install/my_package:/workspaces/isaac_ros-dev/install/multisense_msgs:/workspaces/isaac_ros-dev/install/multisense_lib:/workspaces/isaac_ros-dev/install/isaac_ros_visual_slam:/workspaces/isaac_ros-dev/install/isaac_ros_visual_slam_interfaces:/workspaces/isaac_ros-dev/install/isaac_ros_tensor_list_interfaces:/workspaces/isaac_ros-dev/install/isaac_ros_common:/workspaces/isaac_ros-dev/install/isaac_ros_bi3d_interfaces:/workspaces/isaac_ros-dev/install/isaac_ros_apriltag_interfaces:/workspaces/isaac_ros-dev/install/yolov8_ros:/workspaces/isaac_ros-dev/install/xbox_controller:/workspaces/isaac_ros-dev/install/panel:/workspaces/isaac_ros-dev/install/isaac_ros_test:/workspaces/isaac_ros-dev/install/encoder:/opt/ros/humble/install /usr/bin/cmake --install /workspaces/isaac_ros-dev/build/vision_msgs
[13.678s] -- Install configuration: ""
[13.678s] -- Up-to-date: /workspaces/isaac_ros-dev/install/vision_msgs/share/ament_index/resource_index/rosidl_interfaces/vision_msgs
[13.681s] -- Up-to-date: /workspaces/isaac_ros-dev/install/vision_msgs/include/vision_msgs/vision_msgs
[13.682s] -- Up-to-date: /workspaces/isaac_ros-dev/install/vision_msgs/include/vision_msgs/vision_msgs/msg
[13.682s] -- Up-to-date: /workspaces/isaac_ros-dev/install/vision_msgs/include/vision_msgs/vision_msgs/msg/bounding_box2_d.h
[13.683s] -- Up-to-date: /workspaces/isaac_ros-dev/install/vision_msgs/include/vision_msgs/vision_msgs/msg/rosidl_generator_c__visibility_control.h
[13.684s] -- Up-to-date: /workspaces/isaac_ros-dev/install/vision_msgs/include/vision_msgs/vision_msgs/msg/bounding_box3_d_array.h
[13.684s] -- Up-to-date: /workspaces/isaac_ros-dev/install/vision_msgs/include/vision_msgs/vision_msgs/msg/detection3_d_array.h
[13.685s] -- Up-to-date: /workspaces/isaac_ros-dev/install/vision_msgs/include/vision_msgs/vision_msgs/msg/vision_info.h
[13.686s] -- Up-to-date: /workspaces/isaac_ros-dev/install/vision_msgs/include/vision_msgs/vision_msgs/msg/detection2_d_array.h
[13.687s] -- Up-to-date: /workspaces/isaac_ros-dev/install/vision_msgs/include/vision_msgs/vision_msgs/msg/detection3_d.h
[13.688s] -- Up-to-date: /workspaces/isaac_ros-dev/install/vision_msgs/include/vision_msgs/vision_msgs/msg/detection2_d.h
[13.688s] -- Up-to-date: /workspaces/isaac_ros-dev/install/vision_msgs/include/vision_msgs/vision_msgs/msg/bounding_box3_d.h
[13.689s] -- Up-to-date: /workspaces/isaac_ros-dev/install/vision_msgs/include/vision_msgs/vision_msgs/msg/pose2_d.h
[13.692s] -- Up-to-date: /workspaces/isaac_ros-dev/install/vision_msgs/include/vision_msgs/vision_msgs/msg/label_info.h
[13.693s] -- Up-to-date: /workspaces/isaac_ros-dev/install/vision_msgs/include/vision_msgs/vision_msgs/msg/vision_class.h
[13.694s] -- Up-to-date: /workspaces/isaac_ros-dev/install/vision_msgs/include/vision_msgs/vision_msgs/msg/detail
[13.696s] -- Up-to-date: /workspaces/isaac_ros-dev/install/vision_msgs/include/vision_msgs/vision_msgs/msg/detail/detection3_d_array__struct.h
[13.697s] -- Up-to-date: /workspaces/isaac_ros-dev/install/vision_msgs/include/vision_msgs/vision_msgs/msg/detail/detection3_d__type_support.h
[13.698s] -- Up-to-date: /workspaces/isaac_ros-dev/install/vision_msgs/include/vision_msgs/vision_msgs/msg/detail/classification__type_support.h
[13.699s] -- Up-to-date: /workspaces/isaac_ros-dev/install/vision_msgs/include/vision_msgs/vision_msgs/msg/detail/vision_class__type_support.h
[13.699s] -- Up-to-date: /workspaces/isaac_ros-dev/install/vision_msgs/include/vision_msgs/vision_msgs/msg/detail/vision_info__functions.h
[13.700s] -- Up-to-date: /workspaces/isaac_ros-dev/install/vision_msgs/include/vision_msgs/vision_msgs/msg/detail/bounding_box2_d_array__type_support.h
[13.700s] -- Up-to-date: /workspaces/isaac_ros-dev/install/vision_msgs/include/vision_msgs/vision_msgs/msg/detail/classification__struct.h
[13.701s] -- Up-to-date: /workspaces/isaac_ros-dev/install/vision_msgs/include/vision_msgs/vision_msgs/msg/detail/detection2_d__type_support.h
[13.701s] -- Up-to-date: /workspaces/isaac_ros-dev/install/vision_msgs/include/vision_msgs/vision_msgs/msg/detail/object_hypothesis_with_pose__functions.c
[13.702s] -- Up-to-date: /workspaces/isaac_ros-dev/install/vision_msgs/include/vision_msgs/vision_msgs/msg/detail/detection2_d__functions.h
[13.702s] -- Up-to-date: /workspaces/isaac_ros-dev/install/vision_msgs/include/vision_msgs/vision_msgs/msg/detail/bounding_box2_d_array__functions.c
[13.703s] -- Up-to-date: /workspaces/isaac_ros-dev/install/vision_msgs/include/vision_msgs/vision_msgs/msg/detail/detection2_d__functions.c
[13.703s] -- Up-to-date: /workspaces/isaac_ros-dev/install/vision_msgs/include/vision_msgs/vision_msgs/msg/detail/bounding_box3_d_array__struct.h
[13.704s] -- Up-to-date: /workspaces/isaac_ros-dev/install/vision_msgs/include/vision_msgs/vision_msgs/msg/detail/detection3_d_array__functions.h
[13.704s] -- Up-to-date: /workspaces/isaac_ros-dev/install/vision_msgs/include/vision_msgs/vision_msgs/msg/detail/point2_d__struct.h
[13.704s] -- Up-to-date: /workspaces/isaac_ros-dev/install/vision_msgs/include/vision_msgs/vision_msgs/msg/detail/label_info__functions.h
[13.705s] -- Up-to-date: /workspaces/isaac_ros-dev/install/vision_msgs/include/vision_msgs/vision_msgs/msg/detail/label_info__struct.h
[13.705s] -- Up-to-date: /workspaces/isaac_ros-dev/install/vision_msgs/include/vision_msgs/vision_msgs/msg/detail/label_info__type_support.h
[13.706s] -- Up-to-date: /workspaces/isaac_ros-dev/install/vision_msgs/include/vision_msgs/vision_msgs/msg/detail/bounding_box2_d__functions.h
[13.706s] -- Up-to-date: /workspaces/isaac_ros-dev/install/vision_msgs/include/vision_msgs/vision_msgs/msg/detail/detection2_d_array__struct.h
[13.706s] -- Up-to-date: /workspaces/isaac_ros-dev/install/vision_msgs/include/vision_msgs/vision_msgs/msg/detail/point2_d__functions.h
[13.707s] -- Up-to-date: /workspaces/isaac_ros-dev/install/vision_msgs/include/vision_msgs/vision_msgs/msg/detail/point2_d__type_support.h
[13.707s] -- Up-to-date: /workspaces/isaac_ros-dev/install/vision_msgs/include/vision_msgs/vision_msgs/msg/detail/object_hypothesis__functions.c
[13.708s] -- Up-to-date: /workspaces/isaac_ros-dev/install/vision_msgs/include/vision_msgs/vision_msgs/msg/detail/object_hypothesis__functions.h
[13.711s] -- Up-to-date: /workspaces/isaac_ros-dev/install/vision_msgs/include/vision_msgs/vision_msgs/msg/detail/bounding_box2_d__struct.h
[13.711s] -- Up-to-date: /workspaces/isaac_ros-dev/install/vision_msgs/include/vision_msgs/vision_msgs/msg/detail/vision_info__functions.c
[13.712s] -- Up-to-date: /workspaces/isaac_ros-dev/install/vision_msgs/include/vision_msgs/vision_msgs/msg/detail/detection3_d_array__functions.c
[13.712s] -- Up-to-date: /workspaces/isaac_ros-dev/install/vision_msgs/include/vision_msgs/vision_msgs/msg/detail/vision_info__type_support.h
[13.713s] -- Up-to-date: /workspaces/isaac_ros-dev/install/vision_msgs/include/vision_msgs/vision_msgs/msg/detail/detection2_d_array__functions.h
[13.713s] -- Up-to-date: /workspaces/isaac_ros-dev/install/vision_msgs/include/vision_msgs/vision_msgs/msg/detail/classification__functions.h
[13.714s] -- Up-to-date: /workspaces/isaac_ros-dev/install/vision_msgs/include/vision_msgs/vision_msgs/msg/detail/classification__functions.c
[13.714s] -- Up-to-date: /workspaces/isaac_ros-dev/install/vision_msgs/include/vision_msgs/vision_msgs/msg/detail/detection3_d_array__type_support.h
[13.714s] -- Up-to-date: /workspaces/isaac_ros-dev/install/vision_msgs/include/vision_msgs/vision_msgs/msg/detail/detection3_d__functions.c
[13.715s] -- Up-to-date: /workspaces/isaac_ros-dev/install/vision_msgs/include/vision_msgs/vision_msgs/msg/detail/object_hypothesis_with_pose__type_support.h
[13.715s] -- Up-to-date: /workspaces/isaac_ros-dev/install/vision_msgs/include/vision_msgs/vision_msgs/msg/detail/pose2_d__struct.h
[13.715s] -- Up-to-date: /workspaces/isaac_ros-dev/install/vision_msgs/include/vision_msgs/vision_msgs/msg/detail/bounding_box2_d_array__functions.h
[13.716s] -- Up-to-date: /workspaces/isaac_ros-dev/install/vision_msgs/include/vision_msgs/vision_msgs/msg/detail/vision_class__functions.h
[13.716s] -- Up-to-date: /workspaces/isaac_ros-dev/install/vision_msgs/include/vision_msgs/vision_msgs/msg/detail/pose2_d__functions.c
[13.717s] -- Up-to-date: /workspaces/isaac_ros-dev/install/vision_msgs/include/vision_msgs/vision_msgs/msg/detail/bounding_box2_d_array__struct.h
[13.717s] -- Up-to-date: /workspaces/isaac_ros-dev/install/vision_msgs/include/vision_msgs/vision_msgs/msg/detail/pose2_d__functions.h
[13.718s] -- Up-to-date: /workspaces/isaac_ros-dev/install/vision_msgs/include/vision_msgs/vision_msgs/msg/detail/object_hypothesis_with_pose__struct.h
[13.718s] -- Up-to-date: /workspaces/isaac_ros-dev/install/vision_msgs/include/vision_msgs/vision_msgs/msg/detail/object_hypothesis__struct.h
[13.719s] -- Up-to-date: /workspaces/isaac_ros-dev/install/vision_msgs/include/vision_msgs/vision_msgs/msg/detail/detection2_d_array__functions.c
[13.719s] -- Up-to-date: /workspaces/isaac_ros-dev/install/vision_msgs/include/vision_msgs/vision_msgs/msg/detail/bounding_box3_d_array__functions.h
[13.719s] -- Up-to-date: /workspaces/isaac_ros-dev/install/vision_msgs/include/vision_msgs/vision_msgs/msg/detail/bounding_box3_d__functions.h
[13.720s] -- Up-to-date: /workspaces/isaac_ros-dev/install/vision_msgs/include/vision_msgs/vision_msgs/msg/detail/vision_class__struct.h
[13.720s] -- Up-to-date: /workspaces/isaac_ros-dev/install/vision_msgs/include/vision_msgs/vision_msgs/msg/detail/bounding_box3_d__functions.c
[13.721s] -- Up-to-date: /workspaces/isaac_ros-dev/install/vision_msgs/include/vision_msgs/vision_msgs/msg/detail/bounding_box3_d_array__type_support.h
[13.721s] -- Up-to-date: /workspaces/isaac_ros-dev/install/vision_msgs/include/vision_msgs/vision_msgs/msg/detail/bounding_box3_d__type_support.h
[13.721s] -- Up-to-date: /workspaces/isaac_ros-dev/install/vision_msgs/include/vision_msgs/vision_msgs/msg/detail/bounding_box2_d__functions.c
[13.722s] -- Up-to-date: /workspaces/isaac_ros-dev/install/vision_msgs/include/vision_msgs/vision_msgs/msg/detail/detection2_d_array__type_support.h
[13.722s] -- Up-to-date: /workspaces/isaac_ros-dev/install/vision_msgs/include/vision_msgs/vision_msgs/msg/detail/point2_d__functions.c
[13.722s] -- Up-to-date: /workspaces/isaac_ros-dev/install/vision_msgs/include/vision_msgs/vision_msgs/msg/detail/label_info__functions.c
[13.723s] -- Up-to-date: /workspaces/isaac_ros-dev/install/vision_msgs/include/vision_msgs/vision_msgs/msg/detail/pose2_d__type_support.h
[13.724s] -- Up-to-date: /workspaces/isaac_ros-dev/install/vision_msgs/include/vision_msgs/vision_msgs/msg/detail/bounding_box3_d__struct.h
[13.724s] -- Up-to-date: /workspaces/isaac_ros-dev/install/vision_msgs/include/vision_msgs/vision_msgs/msg/detail/vision_info__struct.h
[13.724s] -- Up-to-date: /workspaces/isaac_ros-dev/install/vision_msgs/include/vision_msgs/vision_msgs/msg/detail/detection2_d__struct.h
[13.725s] -- Up-to-date: /workspaces/isaac_ros-dev/install/vision_msgs/include/vision_msgs/vision_msgs/msg/detail/detection3_d__struct.h
[13.725s] -- Up-to-date: /workspaces/isaac_ros-dev/install/vision_msgs/include/vision_msgs/vision_msgs/msg/detail/vision_class__functions.c
[13.725s] -- Up-to-date: /workspaces/isaac_ros-dev/install/vision_msgs/include/vision_msgs/vision_msgs/msg/detail/bounding_box3_d_array__functions.c
[13.726s] -- Up-to-date: /workspaces/isaac_ros-dev/install/vision_msgs/include/vision_msgs/vision_msgs/msg/detail/bounding_box2_d__type_support.h
[13.726s] -- Up-to-date: /workspaces/isaac_ros-dev/install/vision_msgs/include/vision_msgs/vision_msgs/msg/detail/object_hypothesis__type_support.h
[13.726s] -- Up-to-date: /workspaces/isaac_ros-dev/install/vision_msgs/include/vision_msgs/vision_msgs/msg/detail/detection3_d__functions.h
[13.727s] -- Up-to-date: /workspaces/isaac_ros-dev/install/vision_msgs/include/vision_msgs/vision_msgs/msg/detail/object_hypothesis_with_pose__functions.h
[13.728s] -- Up-to-date: /workspaces/isaac_ros-dev/install/vision_msgs/include/vision_msgs/vision_msgs/msg/object_hypothesis.h
[13.728s] -- Up-to-date: /workspaces/isaac_ros-dev/install/vision_msgs/include/vision_msgs/vision_msgs/msg/object_hypothesis_with_pose.h
[13.729s] -- Up-to-date: /workspaces/isaac_ros-dev/install/vision_msgs/include/vision_msgs/vision_msgs/msg/point2_d.h
[13.729s] -- Up-to-date: /workspaces/isaac_ros-dev/install/vision_msgs/include/vision_msgs/vision_msgs/msg/bounding_box2_d_array.h
[13.729s] -- Up-to-date: /workspaces/isaac_ros-dev/install/vision_msgs/include/vision_msgs/vision_msgs/msg/classification.h
[13.730s] -- Up-to-date: /workspaces/isaac_ros-dev/install/vision_msgs/share/vision_msgs/environment/library_path.sh
[13.730s] -- Up-to-date: /workspaces/isaac_ros-dev/install/vision_msgs/share/vision_msgs/environment/library_path.dsv
[13.730s] -- Up-to-date: /workspaces/isaac_ros-dev/install/vision_msgs/lib/libvision_msgs__rosidl_generator_c.so
[13.730s] -- Up-to-date: /workspaces/isaac_ros-dev/install/vision_msgs/include/vision_msgs/vision_msgs
[13.731s] -- Up-to-date: /workspaces/isaac_ros-dev/install/vision_msgs/include/vision_msgs/vision_msgs/msg
[13.731s] -- Up-to-date: /workspaces/isaac_ros-dev/install/vision_msgs/include/vision_msgs/vision_msgs/msg/rosidl_typesupport_fastrtps_c__visibility_control.h
[13.731s] -- Up-to-date: /workspaces/isaac_ros-dev/install/vision_msgs/include/vision_msgs/vision_msgs/msg/detail
[13.732s] -- Up-to-date: /workspaces/isaac_ros-dev/install/vision_msgs/include/vision_msgs/vision_msgs/msg/detail/detection3_d__rosidl_typesupport_fastrtps_c.h
[13.732s] -- Up-to-date: /workspaces/isaac_ros-dev/install/vision_msgs/include/vision_msgs/vision_msgs/msg/detail/detection2_d_array__rosidl_typesupport_fastrtps_c.h
[13.732s] -- Up-to-date: /workspaces/isaac_ros-dev/install/vision_msgs/include/vision_msgs/vision_msgs/msg/detail/object_hypothesis_with_pose__rosidl_typesupport_fastrtps_c.h
[13.733s] -- Up-to-date: /workspaces/isaac_ros-dev/install/vision_msgs/include/vision_msgs/vision_msgs/msg/detail/detection2_d__rosidl_typesupport_fastrtps_c.h
[13.733s] -- Up-to-date: /workspaces/isaac_ros-dev/install/vision_msgs/include/vision_msgs/vision_msgs/msg/detail/bounding_box2_d_array__rosidl_typesupport_fastrtps_c.h
[13.734s] -- Up-to-date: /workspaces/isaac_ros-dev/install/vision_msgs/include/vision_msgs/vision_msgs/msg/detail/classification__rosidl_typesupport_fastrtps_c.h
[13.734s] -- Up-to-date: /workspaces/isaac_ros-dev/install/vision_msgs/include/vision_msgs/vision_msgs/msg/detail/bounding_box3_d_array__rosidl_typesupport_fastrtps_c.h
[13.735s] -- Up-to-date: /workspaces/isaac_ros-dev/install/vision_msgs/include/vision_msgs/vision_msgs/msg/detail/label_info__rosidl_typesupport_fastrtps_c.h
[13.735s] -- Up-to-date: /workspaces/isaac_ros-dev/install/vision_msgs/include/vision_msgs/vision_msgs/msg/detail/bounding_box2_d__rosidl_typesupport_fastrtps_c.h
[13.735s] -- Up-to-date: /workspaces/isaac_ros-dev/install/vision_msgs/include/vision_msgs/vision_msgs/msg/detail/point2_d__rosidl_typesupport_fastrtps_c.h
[13.736s] -- Up-to-date: /workspaces/isaac_ros-dev/install/vision_msgs/include/vision_msgs/vision_msgs/msg/detail/pose2_d__rosidl_typesupport_fastrtps_c.h
[13.736s] -- Up-to-date: /workspaces/isaac_ros-dev/install/vision_msgs/include/vision_msgs/vision_msgs/msg/detail/bounding_box3_d__rosidl_typesupport_fastrtps_c.h
[13.736s] -- Up-to-date: /workspaces/isaac_ros-dev/install/vision_msgs/include/vision_msgs/vision_msgs/msg/detail/vision_info__rosidl_typesupport_fastrtps_c.h
[13.737s] -- Up-to-date: /workspaces/isaac_ros-dev/install/vision_msgs/include/vision_msgs/vision_msgs/msg/detail/vision_class__rosidl_typesupport_fastrtps_c.h
[13.737s] -- Up-to-date: /workspaces/isaac_ros-dev/install/vision_msgs/include/vision_msgs/vision_msgs/msg/detail/detection3_d_array__rosidl_typesupport_fastrtps_c.h
[13.737s] -- Up-to-date: /workspaces/isaac_ros-dev/install/vision_msgs/include/vision_msgs/vision_msgs/msg/detail/object_hypothesis__rosidl_typesupport_fastrtps_c.h
[13.738s] -- Up-to-date: /workspaces/isaac_ros-dev/install/vision_msgs/lib/libvision_msgs__rosidl_typesupport_fastrtps_c.so
[13.739s] -- Up-to-date: /workspaces/isaac_ros-dev/install/vision_msgs/include/vision_msgs/vision_msgs
[13.740s] -- Up-to-date: /workspaces/isaac_ros-dev/install/vision_msgs/include/vision_msgs/vision_msgs/msg
[13.740s] -- Up-to-date: /workspaces/isaac_ros-dev/install/vision_msgs/include/vision_msgs/vision_msgs/msg/label_info.hpp
[13.741s] -- Up-to-date: /workspaces/isaac_ros-dev/install/vision_msgs/include/vision_msgs/vision_msgs/msg/bounding_box3_d.hpp
[13.741s] -- Up-to-date: /workspaces/isaac_ros-dev/install/vision_msgs/include/vision_msgs/vision_msgs/msg/bounding_box2_d.hpp
[13.741s] -- Up-to-date: /workspaces/isaac_ros-dev/install/vision_msgs/include/vision_msgs/vision_msgs/msg/vision_info.hpp
[13.742s] -- Up-to-date: /workspaces/isaac_ros-dev/install/vision_msgs/include/vision_msgs/vision_msgs/msg/detection3_d.hpp
[13.742s] -- Up-to-date: /workspaces/isaac_ros-dev/install/vision_msgs/include/vision_msgs/vision_msgs/msg/object_hypothesis_with_pose.hpp
[13.743s] -- Up-to-date: /workspaces/isaac_ros-dev/install/vision_msgs/include/vision_msgs/vision_msgs/msg/detection3_d_array.hpp
[13.743s] -- Up-to-date: /workspaces/isaac_ros-dev/install/vision_msgs/include/vision_msgs/vision_msgs/msg/pose2_d.hpp
[13.744s] -- Up-to-date: /workspaces/isaac_ros-dev/install/vision_msgs/include/vision_msgs/vision_msgs/msg/bounding_box3_d_array.hpp
[13.744s] -- Up-to-date: /workspaces/isaac_ros-dev/install/vision_msgs/include/vision_msgs/vision_msgs/msg/object_hypothesis.hpp
[13.745s] -- Up-to-date: /workspaces/isaac_ros-dev/install/vision_msgs/include/vision_msgs/vision_msgs/msg/detail
[13.745s] -- Up-to-date: /workspaces/isaac_ros-dev/install/vision_msgs/include/vision_msgs/vision_msgs/msg/detail/detection2_d_array__traits.hpp
[13.751s] -- Up-to-date: /workspaces/isaac_ros-dev/install/vision_msgs/include/vision_msgs/vision_msgs/msg/detail/pose2_d__traits.hpp
[13.751s] -- Up-to-date: /workspaces/isaac_ros-dev/install/vision_msgs/include/vision_msgs/vision_msgs/msg/detail/point2_d__struct.hpp
[13.753s] -- Up-to-date: /workspaces/isaac_ros-dev/install/vision_msgs/include/vision_msgs/vision_msgs/msg/detail/pose2_d__struct.hpp
[13.753s] -- Up-to-date: /workspaces/isaac_ros-dev/install/vision_msgs/include/vision_msgs/vision_msgs/msg/detail/bounding_box2_d_array__traits.hpp
[13.753s] -- Up-to-date: /workspaces/isaac_ros-dev/install/vision_msgs/include/vision_msgs/vision_msgs/msg/detail/vision_info__struct.hpp
[13.754s] -- Up-to-date: /workspaces/isaac_ros-dev/install/vision_msgs/include/vision_msgs/vision_msgs/msg/detail/detection3_d_array__traits.hpp
[13.756s] -- Up-to-date: /workspaces/isaac_ros-dev/install/vision_msgs/include/vision_msgs/vision_msgs/msg/detail/object_hypothesis_with_pose__builder.hpp
[13.756s] -- Up-to-date: /workspaces/isaac_ros-dev/install/vision_msgs/include/vision_msgs/vision_msgs/msg/detail/pose2_d__builder.hpp
[13.757s] -- Up-to-date: /workspaces/isaac_ros-dev/install/vision_msgs/include/vision_msgs/vision_msgs/msg/detail/bounding_box3_d_array__builder.hpp
[13.757s] -- Up-to-date: /workspaces/isaac_ros-dev/install/vision_msgs/include/vision_msgs/vision_msgs/msg/detail/label_info__struct.hpp
[13.758s] -- Up-to-date: /workspaces/isaac_ros-dev/install/vision_msgs/include/vision_msgs/vision_msgs/msg/detail/detection2_d__struct.hpp
[13.758s] -- Up-to-date: /workspaces/isaac_ros-dev/install/vision_msgs/include/vision_msgs/vision_msgs/msg/detail/classification__builder.hpp
[13.759s] -- Up-to-date: /workspaces/isaac_ros-dev/install/vision_msgs/include/vision_msgs/vision_msgs/msg/detail/bounding_box3_d__struct.hpp
[13.759s] -- Up-to-date: /workspaces/isaac_ros-dev/install/vision_msgs/include/vision_msgs/vision_msgs/msg/detail/bounding_box2_d_array__builder.hpp
[13.759s] -- Up-to-date: /workspaces/isaac_ros-dev/install/vision_msgs/include/vision_msgs/vision_msgs/msg/detail/detection3_d_array__struct.hpp
[13.760s] -- Up-to-date: /workspaces/isaac_ros-dev/install/vision_msgs/include/vision_msgs/vision_msgs/msg/detail/label_info__traits.hpp
[13.760s] -- Up-to-date: /workspaces/isaac_ros-dev/install/vision_msgs/include/vision_msgs/vision_msgs/msg/detail/vision_class__builder.hpp
[13.760s] -- Up-to-date: /workspaces/isaac_ros-dev/install/vision_msgs/include/vision_msgs/vision_msgs/msg/detail/label_info__builder.hpp
[13.761s] -- Up-to-date: /workspaces/isaac_ros-dev/install/vision_msgs/include/vision_msgs/vision_msgs/msg/detail/detection3_d__traits.hpp
[13.761s] -- Up-to-date: /workspaces/isaac_ros-dev/install/vision_msgs/include/vision_msgs/vision_msgs/msg/detail/detection2_d__traits.hpp
[13.761s] -- Up-to-date: /workspaces/isaac_ros-dev/install/vision_msgs/include/vision_msgs/vision_msgs/msg/detail/vision_info__builder.hpp
[13.761s] -- Up-to-date: /workspaces/isaac_ros-dev/install/vision_msgs/include/vision_msgs/vision_msgs/msg/detail/bounding_box2_d_array__struct.hpp
[13.762s] -- Up-to-date: /workspaces/isaac_ros-dev/install/vision_msgs/include/vision_msgs/vision_msgs/msg/detail/object_hypothesis_with_pose__traits.hpp
[13.762s] -- Up-to-date: /workspaces/isaac_ros-dev/install/vision_msgs/include/vision_msgs/vision_msgs/msg/detail/bounding_box3_d__builder.hpp
[13.763s] -- Up-to-date: /workspaces/isaac_ros-dev/install/vision_msgs/include/vision_msgs/vision_msgs/msg/detail/point2_d__builder.hpp
[13.763s] -- Up-to-date: /workspaces/isaac_ros-dev/install/vision_msgs/include/vision_msgs/vision_msgs/msg/detail/point2_d__traits.hpp
[13.764s] -- Up-to-date: /workspaces/isaac_ros-dev/install/vision_msgs/include/vision_msgs/vision_msgs/msg/detail/vision_class__traits.hpp
[13.764s] -- Up-to-date: /workspaces/isaac_ros-dev/install/vision_msgs/include/vision_msgs/vision_msgs/msg/detail/detection3_d__struct.hpp
[13.764s] -- Up-to-date: /workspaces/isaac_ros-dev/install/vision_msgs/include/vision_msgs/vision_msgs/msg/detail/object_hypothesis__struct.hpp
[13.765s] -- Up-to-date: /workspaces/isaac_ros-dev/install/vision_msgs/include/vision_msgs/vision_msgs/msg/detail/bounding_box3_d_array__traits.hpp
[13.765s] -- Up-to-date: /workspaces/isaac_ros-dev/install/vision_msgs/include/vision_msgs/vision_msgs/msg/detail/vision_info__traits.hpp
[13.766s] -- Up-to-date: /workspaces/isaac_ros-dev/install/vision_msgs/include/vision_msgs/vision_msgs/msg/detail/detection2_d_array__struct.hpp
[13.766s] -- Up-to-date: /workspaces/isaac_ros-dev/install/vision_msgs/include/vision_msgs/vision_msgs/msg/detail/bounding_box2_d__struct.hpp
[13.766s] -- Up-to-date: /workspaces/isaac_ros-dev/install/vision_msgs/include/vision_msgs/vision_msgs/msg/detail/classification__struct.hpp
[13.767s] -- Up-to-date: /workspaces/isaac_ros-dev/install/vision_msgs/include/vision_msgs/vision_msgs/msg/detail/detection3_d_array__builder.hpp
[13.767s] -- Up-to-date: /workspaces/isaac_ros-dev/install/vision_msgs/include/vision_msgs/vision_msgs/msg/detail/classification__traits.hpp
[13.768s] -- Up-to-date: /workspaces/isaac_ros-dev/install/vision_msgs/include/vision_msgs/vision_msgs/msg/detail/detection3_d__builder.hpp
[13.768s] -- Up-to-date: /workspaces/isaac_ros-dev/install/vision_msgs/include/vision_msgs/vision_msgs/msg/detail/object_hypothesis__builder.hpp
[13.769s] -- Up-to-date: /workspaces/isaac_ros-dev/install/vision_msgs/include/vision_msgs/vision_msgs/msg/detail/bounding_box2_d__traits.hpp
[13.769s] -- Up-to-date: /workspaces/isaac_ros-dev/install/vision_msgs/include/vision_msgs/vision_msgs/msg/detail/object_hypothesis__traits.hpp
[13.769s] -- Up-to-date: /workspaces/isaac_ros-dev/install/vision_msgs/include/vision_msgs/vision_msgs/msg/detail/bounding_box2_d__builder.hpp
[13.770s] -- Up-to-date: /workspaces/isaac_ros-dev/install/vision_msgs/include/vision_msgs/vision_msgs/msg/detail/detection2_d_array__builder.hpp
[13.770s] -- Up-to-date: /workspaces/isaac_ros-dev/install/vision_msgs/include/vision_msgs/vision_msgs/msg/detail/vision_class__struct.hpp
[13.770s] -- Up-to-date: /workspaces/isaac_ros-dev/install/vision_msgs/include/vision_msgs/vision_msgs/msg/detail/object_hypothesis_with_pose__struct.hpp
[13.771s] -- Up-to-date: /workspaces/isaac_ros-dev/install/vision_msgs/include/vision_msgs/vision_msgs/msg/detail/bounding_box3_d__traits.hpp
[13.771s] -- Up-to-date: /workspaces/isaac_ros-dev/install/vision_msgs/include/vision_msgs/vision_msgs/msg/detail/bounding_box3_d_array__struct.hpp
[13.771s] -- Up-to-date: /workspaces/isaac_ros-dev/install/vision_msgs/include/vision_msgs/vision_msgs/msg/detail/detection2_d__builder.hpp
[13.771s] -- Up-to-date: /workspaces/isaac_ros-dev/install/vision_msgs/include/vision_msgs/vision_msgs/msg/bounding_box2_d_array.hpp
[13.772s] -- Up-to-date: /workspaces/isaac_ros-dev/install/vision_msgs/include/vision_msgs/vision_msgs/msg/classification.hpp
[13.772s] -- Up-to-date: /workspaces/isaac_ros-dev/install/vision_msgs/include/vision_msgs/vision_msgs/msg/vision_class.hpp
[13.772s] -- Up-to-date: /workspaces/isaac_ros-dev/install/vision_msgs/include/vision_msgs/vision_msgs/msg/detection2_d_array.hpp
[13.773s] -- Up-to-date: /workspaces/isaac_ros-dev/install/vision_msgs/include/vision_msgs/vision_msgs/msg/point2_d.hpp
[13.773s] -- Up-to-date: /workspaces/isaac_ros-dev/install/vision_msgs/include/vision_msgs/vision_msgs/msg/detection2_d.hpp
[13.773s] -- Up-to-date: /workspaces/isaac_ros-dev/install/vision_msgs/include/vision_msgs/vision_msgs
[13.773s] -- Up-to-date: /workspaces/isaac_ros-dev/install/vision_msgs/include/vision_msgs/vision_msgs/msg
[13.774s] -- Up-to-date: /workspaces/isaac_ros-dev/install/vision_msgs/include/vision_msgs/vision_msgs/msg/rosidl_typesupport_fastrtps_cpp__visibility_control.h
[13.774s] -- Up-to-date: /workspaces/isaac_ros-dev/install/vision_msgs/include/vision_msgs/vision_msgs/msg/detail
[13.774s] -- Up-to-date: /workspaces/isaac_ros-dev/install/vision_msgs/include/vision_msgs/vision_msgs/msg/detail/label_info__rosidl_typesupport_fastrtps_cpp.hpp
[13.775s] -- Up-to-date: /workspaces/isaac_ros-dev/install/vision_msgs/include/vision_msgs/vision_msgs/msg/detail/pose2_d__rosidl_typesupport_fastrtps_cpp.hpp
[13.776s] -- Up-to-date: /workspaces/isaac_ros-dev/install/vision_msgs/include/vision_msgs/vision_msgs/msg/detail/detection2_d__rosidl_typesupport_fastrtps_cpp.hpp
[13.776s] -- Up-to-date: /workspaces/isaac_ros-dev/install/vision_msgs/include/vision_msgs/vision_msgs/msg/detail/bounding_box3_d__rosidl_typesupport_fastrtps_cpp.hpp
[13.777s] -- Up-to-date: /workspaces/isaac_ros-dev/install/vision_msgs/include/vision_msgs/vision_msgs/msg/detail/bounding_box2_d_array__rosidl_typesupport_fastrtps_cpp.hpp
[13.777s] -- Up-to-date: /workspaces/isaac_ros-dev/install/vision_msgs/include/vision_msgs/vision_msgs/msg/detail/detection2_d_array__rosidl_typesupport_fastrtps_cpp.hpp
[13.778s] -- Up-to-date: /workspaces/isaac_ros-dev/install/vision_msgs/include/vision_msgs/vision_msgs/msg/detail/bounding_box2_d__rosidl_typesupport_fastrtps_cpp.hpp
[13.779s] -- Up-to-date: /workspaces/isaac_ros-dev/install/vision_msgs/include/vision_msgs/vision_msgs/msg/detail/object_hypothesis__rosidl_typesupport_fastrtps_cpp.hpp
[13.779s] -- Up-to-date: /workspaces/isaac_ros-dev/install/vision_msgs/include/vision_msgs/vision_msgs/msg/detail/dds_fastrtps
[13.780s] -- Up-to-date: /workspaces/isaac_ros-dev/install/vision_msgs/include/vision_msgs/vision_msgs/msg/detail/vision_info__rosidl_typesupport_fastrtps_cpp.hpp
[13.780s] -- Up-to-date: /workspaces/isaac_ros-dev/install/vision_msgs/include/vision_msgs/vision_msgs/msg/detail/point2_d__rosidl_typesupport_fastrtps_cpp.hpp
[13.780s] -- Up-to-date: /workspaces/isaac_ros-dev/install/vision_msgs/include/vision_msgs/vision_msgs/msg/detail/vision_class__rosidl_typesupport_fastrtps_cpp.hpp
[13.781s] -- Up-to-date: /workspaces/isaac_ros-dev/install/vision_msgs/include/vision_msgs/vision_msgs/msg/detail/detection3_d_array__rosidl_typesupport_fastrtps_cpp.hpp
[13.781s] -- Up-to-date: /workspaces/isaac_ros-dev/install/vision_msgs/include/vision_msgs/vision_msgs/msg/detail/bounding_box3_d_array__rosidl_typesupport_fastrtps_cpp.hpp
[13.781s] -- Up-to-date: /workspaces/isaac_ros-dev/install/vision_msgs/include/vision_msgs/vision_msgs/msg/detail/object_hypothesis_with_pose__rosidl_typesupport_fastrtps_cpp.hpp
[13.782s] -- Up-to-date: /workspaces/isaac_ros-dev/install/vision_msgs/include/vision_msgs/vision_msgs/msg/detail/classification__rosidl_typesupport_fastrtps_cpp.hpp
[13.782s] -- Up-to-date: /workspaces/isaac_ros-dev/install/vision_msgs/include/vision_msgs/vision_msgs/msg/detail/detection3_d__rosidl_typesupport_fastrtps_cpp.hpp
[13.783s] -- Up-to-date: /workspaces/isaac_ros-dev/install/vision_msgs/lib/libvision_msgs__rosidl_typesupport_fastrtps_cpp.so
[13.783s] -- Up-to-date: /workspaces/isaac_ros-dev/install/vision_msgs/include/vision_msgs/vision_msgs
[13.783s] -- Up-to-date: /workspaces/isaac_ros-dev/install/vision_msgs/include/vision_msgs/vision_msgs/msg
[13.784s] -- Up-to-date: /workspaces/isaac_ros-dev/install/vision_msgs/include/vision_msgs/vision_msgs/msg/detail
[13.784s] -- Up-to-date: /workspaces/isaac_ros-dev/install/vision_msgs/include/vision_msgs/vision_msgs/msg/detail/vision_class__type_support.c
[13.784s] -- Up-to-date: /workspaces/isaac_ros-dev/install/vision_msgs/include/vision_msgs/vision_msgs/msg/detail/detection2_d_array__rosidl_typesupport_introspection_c.h
[13.785s] -- Up-to-date: /workspaces/isaac_ros-dev/install/vision_msgs/include/vision_msgs/vision_msgs/msg/detail/classification__type_support.c
[13.785s] -- Up-to-date: /workspaces/isaac_ros-dev/install/vision_msgs/include/vision_msgs/vision_msgs/msg/detail/object_hypothesis_with_pose__rosidl_typesupport_introspection_c.h
[13.786s] -- Up-to-date: /workspaces/isaac_ros-dev/install/vision_msgs/include/vision_msgs/vision_msgs/msg/detail/pose2_d__type_support.c
[13.786s] -- Up-to-date: /workspaces/isaac_ros-dev/install/vision_msgs/include/vision_msgs/vision_msgs/msg/detail/bounding_box3_d_array__type_support.c
[13.787s] -- Up-to-date: /workspaces/isaac_ros-dev/install/vision_msgs/include/vision_msgs/vision_msgs/msg/detail/detection2_d__type_support.c
[13.788s] -- Up-to-date: /workspaces/isaac_ros-dev/install/vision_msgs/include/vision_msgs/vision_msgs/msg/detail/detection3_d__type_support.c
[13.788s] -- Up-to-date: /workspaces/isaac_ros-dev/install/vision_msgs/include/vision_msgs/vision_msgs/msg/detail/vision_class__rosidl_typesupport_introspection_c.h
[13.789s] -- Up-to-date: /workspaces/isaac_ros-dev/install/vision_msgs/include/vision_msgs/vision_msgs/msg/detail/bounding_box2_d__rosidl_typesupport_introspection_c.h
[13.789s] -- Up-to-date: /workspaces/isaac_ros-dev/install/vision_msgs/include/vision_msgs/vision_msgs/msg/detail/bounding_box2_d__type_support.c
[13.789s] -- Up-to-date: /workspaces/isaac_ros-dev/install/vision_msgs/include/vision_msgs/vision_msgs/msg/detail/bounding_box3_d_array__rosidl_typesupport_introspection_c.h
[13.790s] -- Up-to-date: /workspaces/isaac_ros-dev/install/vision_msgs/include/vision_msgs/vision_msgs/msg/detail/pose2_d__rosidl_typesupport_introspection_c.h
[13.790s] -- Up-to-date: /workspaces/isaac_ros-dev/install/vision_msgs/include/vision_msgs/vision_msgs/msg/detail/vision_info__type_support.c
[13.791s] -- Up-to-date: /workspaces/isaac_ros-dev/install/vision_msgs/include/vision_msgs/vision_msgs/msg/detail/detection3_d_array__rosidl_typesupport_introspection_c.h
[13.791s] -- Up-to-date: /workspaces/isaac_ros-dev/install/vision_msgs/include/vision_msgs/vision_msgs/msg/detail/bounding_box2_d_array__type_support.c
[13.792s] -- Up-to-date: /workspaces/isaac_ros-dev/install/vision_msgs/include/vision_msgs/vision_msgs/msg/detail/bounding_box2_d_array__rosidl_typesupport_introspection_c.h
[13.792s] -- Up-to-date: /workspaces/isaac_ros-dev/install/vision_msgs/include/vision_msgs/vision_msgs/msg/detail/detection2_d_array__type_support.c
[13.793s] -- Up-to-date: /workspaces/isaac_ros-dev/install/vision_msgs/include/vision_msgs/vision_msgs/msg/detail/detection3_d__rosidl_typesupport_introspection_c.h
[13.793s] -- Up-to-date: /workspaces/isaac_ros-dev/install/vision_msgs/include/vision_msgs/vision_msgs/msg/detail/detection2_d__rosidl_typesupport_introspection_c.h
[13.793s] -- Up-to-date: /workspaces/isaac_ros-dev/install/vision_msgs/include/vision_msgs/vision_msgs/msg/detail/object_hypothesis__type_support.c
[13.793s] -- Up-to-date: /workspaces/isaac_ros-dev/install/vision_msgs/include/vision_msgs/vision_msgs/msg/detail/bounding_box3_d__rosidl_typesupport_introspection_c.h
[13.794s] -- Up-to-date: /workspaces/isaac_ros-dev/install/vision_msgs/include/vision_msgs/vision_msgs/msg/detail/vision_info__rosidl_typesupport_introspection_c.h
[13.794s] -- Up-to-date: /workspaces/isaac_ros-dev/install/vision_msgs/include/vision_msgs/vision_msgs/msg/detail/point2_d__rosidl_typesupport_introspection_c.h
[13.840s] -- Up-to-date: /workspaces/isaac_ros-dev/install/vision_msgs/include/vision_msgs/vision_msgs/msg/detail/label_info__rosidl_typesupport_introspection_c.h
[13.840s] -- Up-to-date: /workspaces/isaac_ros-dev/install/vision_msgs/include/vision_msgs/vision_msgs/msg/detail/detection3_d_array__type_support.c
[13.840s] -- Up-to-date: /workspaces/isaac_ros-dev/install/vision_msgs/include/vision_msgs/vision_msgs/msg/detail/classification__rosidl_typesupport_introspection_c.h
[13.840s] -- Up-to-date: /workspaces/isaac_ros-dev/install/vision_msgs/include/vision_msgs/vision_msgs/msg/detail/label_info__type_support.c
[13.841s] -- Up-to-date: /workspaces/isaac_ros-dev/install/vision_msgs/include/vision_msgs/vision_msgs/msg/detail/object_hypothesis__rosidl_typesupport_introspection_c.h
[13.841s] -- Up-to-date: /workspaces/isaac_ros-dev/install/vision_msgs/include/vision_msgs/vision_msgs/msg/detail/bounding_box3_d__type_support.c
[13.842s] -- Up-to-date: /workspaces/isaac_ros-dev/install/vision_msgs/include/vision_msgs/vision_msgs/msg/detail/object_hypothesis_with_pose__type_support.c
[13.842s] -- Up-to-date: /workspaces/isaac_ros-dev/install/vision_msgs/include/vision_msgs/vision_msgs/msg/detail/point2_d__type_support.c
[13.842s] -- Up-to-date: /workspaces/isaac_ros-dev/install/vision_msgs/include/vision_msgs/vision_msgs/msg/rosidl_typesupport_introspection_c__visibility_control.h
[13.842s] -- Up-to-date: /workspaces/isaac_ros-dev/install/vision_msgs/lib/libvision_msgs__rosidl_typesupport_introspection_c.so
[13.843s] -- Up-to-date: /workspaces/isaac_ros-dev/install/vision_msgs/lib/libvision_msgs__rosidl_typesupport_c.so
[13.843s] -- Up-to-date: /workspaces/isaac_ros-dev/install/vision_msgs/include/vision_msgs/vision_msgs
[13.844s] -- Up-to-date: /workspaces/isaac_ros-dev/install/vision_msgs/include/vision_msgs/vision_msgs/msg
[13.844s] -- Up-to-date: /workspaces/isaac_ros-dev/install/vision_msgs/include/vision_msgs/vision_msgs/msg/detail
[13.845s] -- Up-to-date: /workspaces/isaac_ros-dev/install/vision_msgs/include/vision_msgs/vision_msgs/msg/detail/vision_class__type_support.cpp
[13.845s] -- Up-to-date: /workspaces/isaac_ros-dev/install/vision_msgs/include/vision_msgs/vision_msgs/msg/detail/vision_info__rosidl_typesupport_introspection_cpp.hpp
[13.845s] -- Up-to-date: /workspaces/isaac_ros-dev/install/vision_msgs/include/vision_msgs/vision_msgs/msg/detail/point2_d__rosidl_typesupport_introspection_cpp.hpp
[13.845s] -- Up-to-date: /workspaces/isaac_ros-dev/install/vision_msgs/include/vision_msgs/vision_msgs/msg/detail/bounding_box2_d__rosidl_typesupport_introspection_cpp.hpp
[13.846s] -- Up-to-date: /workspaces/isaac_ros-dev/install/vision_msgs/include/vision_msgs/vision_msgs/msg/detail/object_hypothesis__type_support.cpp
[13.846s] -- Up-to-date: /workspaces/isaac_ros-dev/install/vision_msgs/include/vision_msgs/vision_msgs/msg/detail/detection3_d_array__type_support.cpp
[13.846s] -- Up-to-date: /workspaces/isaac_ros-dev/install/vision_msgs/include/vision_msgs/vision_msgs/msg/detail/object_hypothesis_with_pose__rosidl_typesupport_introspection_cpp.hpp
[13.847s] -- Up-to-date: /workspaces/isaac_ros-dev/install/vision_msgs/include/vision_msgs/vision_msgs/msg/detail/label_info__type_support.cpp
[13.847s] -- Up-to-date: /workspaces/isaac_ros-dev/install/vision_msgs/include/vision_msgs/vision_msgs/msg/detail/bounding_box2_d_array__type_support.cpp
[13.848s] -- Up-to-date: /workspaces/isaac_ros-dev/install/vision_msgs/include/vision_msgs/vision_msgs/msg/detail/classification__type_support.cpp
[13.848s] -- Up-to-date: /workspaces/isaac_ros-dev/install/vision_msgs/include/vision_msgs/vision_msgs/msg/detail/detection2_d__rosidl_typesupport_introspection_cpp.hpp
[13.848s] -- Up-to-date: /workspaces/isaac_ros-dev/install/vision_msgs/include/vision_msgs/vision_msgs/msg/detail/detection2_d_array__type_support.cpp
[13.849s] -- Up-to-date: /workspaces/isaac_ros-dev/install/vision_msgs/include/vision_msgs/vision_msgs/msg/detail/detection2_d__type_support.cpp
[13.849s] -- Up-to-date: /workspaces/isaac_ros-dev/install/vision_msgs/include/vision_msgs/vision_msgs/msg/detail/detection3_d_array__rosidl_typesupport_introspection_cpp.hpp
[13.850s] -- Up-to-date: /workspaces/isaac_ros-dev/install/vision_msgs/include/vision_msgs/vision_msgs/msg/detail/object_hypothesis__rosidl_typesupport_introspection_cpp.hpp
[13.850s] -- Up-to-date: /workspaces/isaac_ros-dev/install/vision_msgs/include/vision_msgs/vision_msgs/msg/detail/bounding_box2_d_array__rosidl_typesupport_introspection_cpp.hpp
[13.851s] -- Up-to-date: /workspaces/isaac_ros-dev/install/vision_msgs/include/vision_msgs/vision_msgs/msg/detail/pose2_d__rosidl_typesupport_introspection_cpp.hpp
[13.851s] -- Up-to-date: /workspaces/isaac_ros-dev/install/vision_msgs/include/vision_msgs/vision_msgs/msg/detail/pose2_d__type_support.cpp
[13.852s] -- Up-to-date: /workspaces/isaac_ros-dev/install/vision_msgs/include/vision_msgs/vision_msgs/msg/detail/object_hypothesis_with_pose__type_support.cpp
[13.852s] -- Up-to-date: /workspaces/isaac_ros-dev/install/vision_msgs/include/vision_msgs/vision_msgs/msg/detail/bounding_box3_d__type_support.cpp
[13.852s] -- Up-to-date: /workspaces/isaac_ros-dev/install/vision_msgs/include/vision_msgs/vision_msgs/msg/detail/detection3_d__type_support.cpp
[13.853s] -- Up-to-date: /workspaces/isaac_ros-dev/install/vision_msgs/include/vision_msgs/vision_msgs/msg/detail/classification__rosidl_typesupport_introspection_cpp.hpp
[13.853s] -- Up-to-date: /workspaces/isaac_ros-dev/install/vision_msgs/include/vision_msgs/vision_msgs/msg/detail/detection3_d__rosidl_typesupport_introspection_cpp.hpp
[13.854s] -- Up-to-date: /workspaces/isaac_ros-dev/install/vision_msgs/include/vision_msgs/vision_msgs/msg/detail/vision_info__type_support.cpp
[13.854s] -- Up-to-date: /workspaces/isaac_ros-dev/install/vision_msgs/include/vision_msgs/vision_msgs/msg/detail/bounding_box3_d__rosidl_typesupport_introspection_cpp.hpp
[13.854s] -- Up-to-date: /workspaces/isaac_ros-dev/install/vision_msgs/include/vision_msgs/vision_msgs/msg/detail/label_info__rosidl_typesupport_introspection_cpp.hpp
[13.855s] -- Up-to-date: /workspaces/isaac_ros-dev/install/vision_msgs/include/vision_msgs/vision_msgs/msg/detail/vision_class__rosidl_typesupport_introspection_cpp.hpp
[13.856s] -- Up-to-date: /workspaces/isaac_ros-dev/install/vision_msgs/include/vision_msgs/vision_msgs/msg/detail/bounding_box3_d_array__rosidl_typesupport_introspection_cpp.hpp
[13.862s] -- Up-to-date: /workspaces/isaac_ros-dev/install/vision_msgs/include/vision_msgs/vision_msgs/msg/detail/detection2_d_array__rosidl_typesupport_introspection_cpp.hpp
[13.863s] -- Up-to-date: /workspaces/isaac_ros-dev/install/vision_msgs/include/vision_msgs/vision_msgs/msg/detail/bounding_box3_d_array__type_support.cpp
[13.864s] -- Up-to-date: /workspaces/isaac_ros-dev/install/vision_msgs/include/vision_msgs/vision_msgs/msg/detail/bounding_box2_d__type_support.cpp
[13.865s] -- Up-to-date: /workspaces/isaac_ros-dev/install/vision_msgs/include/vision_msgs/vision_msgs/msg/detail/point2_d__type_support.cpp
[13.865s] -- Up-to-date: /workspaces/isaac_ros-dev/install/vision_msgs/lib/libvision_msgs__rosidl_typesupport_introspection_cpp.so
[13.866s] -- Up-to-date: /workspaces/isaac_ros-dev/install/vision_msgs/lib/libvision_msgs__rosidl_typesupport_cpp.so
[13.866s] -- Up-to-date: /workspaces/isaac_ros-dev/install/vision_msgs/share/vision_msgs/environment/pythonpath.sh
[13.867s] -- Up-to-date: /workspaces/isaac_ros-dev/install/vision_msgs/share/vision_msgs/environment/pythonpath.dsv
[13.867s] -- Up-to-date: /workspaces/isaac_ros-dev/install/vision_msgs/lib/python3.8/site-packages/vision_msgs-4.1.0-py3.8.egg-info
[13.868s] -- Installing: /workspaces/isaac_ros-dev/install/vision_msgs/lib/python3.8/site-packages/vision_msgs-4.1.0-py3.8.egg-info/top_level.txt
[13.868s] -- Installing: /workspaces/isaac_ros-dev/install/vision_msgs/lib/python3.8/site-packages/vision_msgs-4.1.0-py3.8.egg-info/dependency_links.txt
[13.869s] -- Installing: /workspaces/isaac_ros-dev/install/vision_msgs/lib/python3.8/site-packages/vision_msgs-4.1.0-py3.8.egg-info/SOURCES.txt
[13.869s] -- Installing: /workspaces/isaac_ros-dev/install/vision_msgs/lib/python3.8/site-packages/vision_msgs-4.1.0-py3.8.egg-info/PKG-INFO
[13.869s] -- Up-to-date: /workspaces/isaac_ros-dev/install/vision_msgs/lib/python3.8/site-packages/vision_msgs
[13.870s] -- Up-to-date: /workspaces/isaac_ros-dev/install/vision_msgs/lib/python3.8/site-packages/vision_msgs/__init__.py
[13.870s] -- Up-to-date: /workspaces/isaac_ros-dev/install/vision_msgs/lib/python3.8/site-packages/vision_msgs/vision_msgs_s__rosidl_typesupport_fastrtps_c.cpython-38-aarch64-linux-gnu.so
[13.871s] -- Up-to-date: /workspaces/isaac_ros-dev/install/vision_msgs/lib/python3.8/site-packages/vision_msgs/vision_msgs_s__rosidl_typesupport_introspection_c.cpython-38-aarch64-linux-gnu.so
[13.872s] -- Up-to-date: /workspaces/isaac_ros-dev/install/vision_msgs/lib/python3.8/site-packages/vision_msgs/vision_msgs_s__rosidl_typesupport_c.cpython-38-aarch64-linux-gnu.so
[13.872s] -- Up-to-date: /workspaces/isaac_ros-dev/install/vision_msgs/lib/python3.8/site-packages/vision_msgs/msg
[13.873s] -- Up-to-date: /workspaces/isaac_ros-dev/install/vision_msgs/lib/python3.8/site-packages/vision_msgs/msg/_bounding_box2_d_array.py
[13.873s] -- Up-to-date: /workspaces/isaac_ros-dev/install/vision_msgs/lib/python3.8/site-packages/vision_msgs/msg/__init__.py
[13.874s] -- Up-to-date: /workspaces/isaac_ros-dev/install/vision_msgs/lib/python3.8/site-packages/vision_msgs/msg/_object_hypothesis_with_pose.py
[13.874s] -- Up-to-date: /workspaces/isaac_ros-dev/install/vision_msgs/lib/python3.8/site-packages/vision_msgs/msg/_label_info.py
[13.874s] -- Up-to-date: /workspaces/isaac_ros-dev/install/vision_msgs/lib/python3.8/site-packages/vision_msgs/msg/_vision_class.py
[13.875s] -- Up-to-date: /workspaces/isaac_ros-dev/install/vision_msgs/lib/python3.8/site-packages/vision_msgs/msg/_vision_class_s.c
[13.876s] -- Up-to-date: /workspaces/isaac_ros-dev/install/vision_msgs/lib/python3.8/site-packages/vision_msgs/msg/_bounding_box2_d.py
[13.877s] -- Up-to-date: /workspaces/isaac_ros-dev/install/vision_msgs/lib/python3.8/site-packages/vision_msgs/msg/_object_hypothesis_s.c
[13.879s] -- Up-to-date: /workspaces/isaac_ros-dev/install/vision_msgs/lib/python3.8/site-packages/vision_msgs/msg/_bounding_box2_d_s.c
[13.880s] -- Up-to-date: /workspaces/isaac_ros-dev/install/vision_msgs/lib/python3.8/site-packages/vision_msgs/msg/_pose2_d_s.c
[13.881s] -- Up-to-date: /workspaces/isaac_ros-dev/install/vision_msgs/lib/python3.8/site-packages/vision_msgs/msg/_bounding_box3_d_s.c
[13.883s] -- Up-to-date: /workspaces/isaac_ros-dev/install/vision_msgs/lib/python3.8/site-packages/vision_msgs/msg/_vision_info.py
[13.885s] -- Up-to-date: /workspaces/isaac_ros-dev/install/vision_msgs/lib/python3.8/site-packages/vision_msgs/msg/_label_info_s.c
[13.886s] -- Up-to-date: /workspaces/isaac_ros-dev/install/vision_msgs/lib/python3.8/site-packages/vision_msgs/msg/_detection2_d_array.py
[13.886s] -- Up-to-date: /workspaces/isaac_ros-dev/install/vision_msgs/lib/python3.8/site-packages/vision_msgs/msg/_bounding_box2_d_array_s.c
[13.887s] -- Up-to-date: /workspaces/isaac_ros-dev/install/vision_msgs/lib/python3.8/site-packages/vision_msgs/msg/_object_hypothesis_with_pose_s.c
[13.887s] -- Up-to-date: /workspaces/isaac_ros-dev/install/vision_msgs/lib/python3.8/site-packages/vision_msgs/msg/_detection3_d_array_s.c
[13.887s] -- Up-to-date: /workspaces/isaac_ros-dev/install/vision_msgs/lib/python3.8/site-packages/vision_msgs/msg/_detection3_d_s.c
[13.888s] -- Up-to-date: /workspaces/isaac_ros-dev/install/vision_msgs/lib/python3.8/site-packages/vision_msgs/msg/_detection3_d.py
[13.889s] -- Up-to-date: /workspaces/isaac_ros-dev/install/vision_msgs/lib/python3.8/site-packages/vision_msgs/msg/_bounding_box3_d_array_s.c
[13.890s] -- Up-to-date: /workspaces/isaac_ros-dev/install/vision_msgs/lib/python3.8/site-packages/vision_msgs/msg/_classification_s.c
[13.890s] -- Up-to-date: /workspaces/isaac_ros-dev/install/vision_msgs/lib/python3.8/site-packages/vision_msgs/msg/_vision_info_s.c
[13.893s] -- Up-to-date: /workspaces/isaac_ros-dev/install/vision_msgs/lib/python3.8/site-packages/vision_msgs/msg/_detection2_d_array_s.c
[13.894s] -- Up-to-date: /workspaces/isaac_ros-dev/install/vision_msgs/lib/python3.8/site-packages/vision_msgs/msg/_object_hypothesis.py
[13.895s] -- Up-to-date: /workspaces/isaac_ros-dev/install/vision_msgs/lib/python3.8/site-packages/vision_msgs/msg/_bounding_box3_d.py
[13.896s] -- Up-to-date: /workspaces/isaac_ros-dev/install/vision_msgs/lib/python3.8/site-packages/vision_msgs/msg/_detection2_d_s.c
[13.897s] -- Up-to-date: /workspaces/isaac_ros-dev/install/vision_msgs/lib/python3.8/site-packages/vision_msgs/msg/_detection2_d.py
[13.897s] -- Up-to-date: /workspaces/isaac_ros-dev/install/vision_msgs/lib/python3.8/site-packages/vision_msgs/msg/_classification.py
[13.900s] -- Up-to-date: /workspaces/isaac_ros-dev/install/vision_msgs/lib/python3.8/site-packages/vision_msgs/msg/_pose2_d.py
[13.900s] -- Up-to-date: /workspaces/isaac_ros-dev/install/vision_msgs/lib/python3.8/site-packages/vision_msgs/msg/_detection3_d_array.py
[13.901s] -- Up-to-date: /workspaces/isaac_ros-dev/install/vision_msgs/lib/python3.8/site-packages/vision_msgs/msg/_point2_d.py
[13.901s] -- Up-to-date: /workspaces/isaac_ros-dev/install/vision_msgs/lib/python3.8/site-packages/vision_msgs/msg/_point2_d_s.c
[13.902s] -- Up-to-date: /workspaces/isaac_ros-dev/install/vision_msgs/lib/python3.8/site-packages/vision_msgs/msg/_bounding_box3_d_array.py
[13.902s] -- Up-to-date: /workspaces/isaac_ros-dev/install/vision_msgs/lib/python3.8/site-packages/vision_msgs/_vision_msgs_s.ep.rosidl_typesupport_c.c
[13.902s] -- Up-to-date: /workspaces/isaac_ros-dev/install/vision_msgs/lib/python3.8/site-packages/vision_msgs/_vision_msgs_s.ep.rosidl_typesupport_introspection_c.c
[13.903s] -- Up-to-date: /workspaces/isaac_ros-dev/install/vision_msgs/lib/python3.8/site-packages/vision_msgs/_vision_msgs_s.ep.rosidl_typesupport_fastrtps_c.c
[13.904s] -- Up-to-date: /workspaces/isaac_ros-dev/install/vision_msgs/lib/python3.8/site-packages/vision_msgs/libvision_msgs__rosidl_generator_py.so
[13.914s] Listing '/workspaces/isaac_ros-dev/install/vision_msgs/lib/python3.8/site-packages/vision_msgs'...
[13.915s] Listing '/workspaces/isaac_ros-dev/install/vision_msgs/lib/python3.8/site-packages/vision_msgs/msg'...
[13.932s] -- Up-to-date: /workspaces/isaac_ros-dev/install/vision_msgs/lib/python3.8/site-packages/vision_msgs/vision_msgs_s__rosidl_typesupport_fastrtps_c.cpython-38-aarch64-linux-gnu.so
[13.937s] -- Up-to-date: /workspaces/isaac_ros-dev/install/vision_msgs/lib/python3.8/site-packages/vision_msgs/vision_msgs_s__rosidl_typesupport_introspection_c.cpython-38-aarch64-linux-gnu.so
[13.939s] -- Up-to-date: /workspaces/isaac_ros-dev/install/vision_msgs/lib/python3.8/site-packages/vision_msgs/vision_msgs_s__rosidl_typesupport_c.cpython-38-aarch64-linux-gnu.so
[13.939s] -- Up-to-date: /workspaces/isaac_ros-dev/install/vision_msgs/lib/libvision_msgs__rosidl_generator_py.so
[13.940s] -- Up-to-date: /workspaces/isaac_ros-dev/install/vision_msgs/share/vision_msgs/msg/BoundingBox2D.idl
[13.940s] -- Up-to-date: /workspaces/isaac_ros-dev/install/vision_msgs/share/vision_msgs/msg/BoundingBox2DArray.idl
[13.943s] -- Up-to-date: /workspaces/isaac_ros-dev/install/vision_msgs/share/vision_msgs/msg/BoundingBox3D.idl
[13.945s] -- Up-to-date: /workspaces/isaac_ros-dev/install/vision_msgs/share/vision_msgs/msg/BoundingBox3DArray.idl
[13.946s] -- Up-to-date: /workspaces/isaac_ros-dev/install/vision_msgs/share/vision_msgs/msg/Classification.idl
[13.946s] -- Up-to-date: /workspaces/isaac_ros-dev/install/vision_msgs/share/vision_msgs/msg/Detection2DArray.idl
[13.947s] -- Up-to-date: /workspaces/isaac_ros-dev/install/vision_msgs/share/vision_msgs/msg/Detection2D.idl
[13.948s] -- Up-to-date: /workspaces/isaac_ros-dev/install/vision_msgs/share/vision_msgs/msg/Detection3DArray.idl
[13.948s] -- Up-to-date: /workspaces/isaac_ros-dev/install/vision_msgs/share/vision_msgs/msg/Detection3D.idl
[13.948s] -- Up-to-date: /workspaces/isaac_ros-dev/install/vision_msgs/share/vision_msgs/msg/LabelInfo.idl
[13.949s] -- Up-to-date: /workspaces/isaac_ros-dev/install/vision_msgs/share/vision_msgs/msg/ObjectHypothesis.idl
[13.949s] -- Up-to-date: /workspaces/isaac_ros-dev/install/vision_msgs/share/vision_msgs/msg/ObjectHypothesisWithPose.idl
[13.950s] -- Up-to-date: /workspaces/isaac_ros-dev/install/vision_msgs/share/vision_msgs/msg/VisionClass.idl
[13.950s] -- Up-to-date: /workspaces/isaac_ros-dev/install/vision_msgs/share/vision_msgs/msg/Point2D.idl
[13.951s] -- Up-to-date: /workspaces/isaac_ros-dev/install/vision_msgs/share/vision_msgs/msg/Pose2D.idl
[13.951s] -- Up-to-date: /workspaces/isaac_ros-dev/install/vision_msgs/share/vision_msgs/msg/VisionInfo.idl
[13.952s] -- Up-to-date: /workspaces/isaac_ros-dev/install/vision_msgs/share/vision_msgs/msg/BoundingBox2D.msg
[13.952s] -- Up-to-date: /workspaces/isaac_ros-dev/install/vision_msgs/share/vision_msgs/msg/BoundingBox2DArray.msg
[13.953s] -- Up-to-date: /workspaces/isaac_ros-dev/install/vision_msgs/share/vision_msgs/msg/BoundingBox3D.msg
[13.953s] -- Up-to-date: /workspaces/isaac_ros-dev/install/vision_msgs/share/vision_msgs/msg/BoundingBox3DArray.msg
[13.953s] -- Up-to-date: /workspaces/isaac_ros-dev/install/vision_msgs/share/vision_msgs/msg/Classification.msg
[13.954s] -- Up-to-date: /workspaces/isaac_ros-dev/install/vision_msgs/share/vision_msgs/msg/Detection2DArray.msg
[13.954s] -- Up-to-date: /workspaces/isaac_ros-dev/install/vision_msgs/share/vision_msgs/msg/Detection2D.msg
[13.955s] -- Up-to-date: /workspaces/isaac_ros-dev/install/vision_msgs/share/vision_msgs/msg/Detection3DArray.msg
[13.955s] -- Up-to-date: /workspaces/isaac_ros-dev/install/vision_msgs/share/vision_msgs/msg/Detection3D.msg
[13.956s] -- Up-to-date: /workspaces/isaac_ros-dev/install/vision_msgs/share/vision_msgs/msg/LabelInfo.msg
[13.956s] -- Up-to-date: /workspaces/isaac_ros-dev/install/vision_msgs/share/vision_msgs/msg/ObjectHypothesis.msg
[13.956s] -- Up-to-date: /workspaces/isaac_ros-dev/install/vision_msgs/share/vision_msgs/msg/ObjectHypothesisWithPose.msg
[13.957s] -- Up-to-date: /workspaces/isaac_ros-dev/install/vision_msgs/share/vision_msgs/msg/VisionClass.msg
[13.957s] -- Up-to-date: /workspaces/isaac_ros-dev/install/vision_msgs/share/vision_msgs/msg/Point2D.msg
[13.958s] -- Up-to-date: /workspaces/isaac_ros-dev/install/vision_msgs/share/vision_msgs/msg/Pose2D.msg
[13.958s] -- Up-to-date: /workspaces/isaac_ros-dev/install/vision_msgs/share/vision_msgs/msg/VisionInfo.msg
[13.958s] -- Up-to-date: /workspaces/isaac_ros-dev/install/vision_msgs/include/vision_msgs
[13.959s] -- Up-to-date: /workspaces/isaac_ros-dev/install/vision_msgs/include/vision_msgs/create_aabb.hpp
[13.959s] -- Up-to-date: /workspaces/isaac_ros-dev/install/vision_msgs/share/ament_index/resource_index/package_run_dependencies/vision_msgs
[13.960s] -- Up-to-date: /workspaces/isaac_ros-dev/install/vision_msgs/share/ament_index/resource_index/parent_prefix_path/vision_msgs
[13.960s] -- Up-to-date: /workspaces/isaac_ros-dev/install/vision_msgs/share/vision_msgs/environment/ament_prefix_path.sh
[13.961s] -- Up-to-date: /workspaces/isaac_ros-dev/install/vision_msgs/share/vision_msgs/environment/ament_prefix_path.dsv
[13.961s] -- Up-to-date: /workspaces/isaac_ros-dev/install/vision_msgs/share/vision_msgs/environment/path.sh
[13.961s] -- Up-to-date: /workspaces/isaac_ros-dev/install/vision_msgs/share/vision_msgs/environment/path.dsv
[13.962s] -- Up-to-date: /workspaces/isaac_ros-dev/install/vision_msgs/share/vision_msgs/local_setup.bash
[13.962s] -- Up-to-date: /workspaces/isaac_ros-dev/install/vision_msgs/share/vision_msgs/local_setup.sh
[13.963s] -- Up-to-date: /workspaces/isaac_ros-dev/install/vision_msgs/share/vision_msgs/local_setup.zsh
[13.963s] -- Up-to-date: /workspaces/isaac_ros-dev/install/vision_msgs/share/vision_msgs/local_setup.dsv
[13.964s] -- Installing: /workspaces/isaac_ros-dev/install/vision_msgs/share/vision_msgs/package.dsv
[13.964s] -- Up-to-date: /workspaces/isaac_ros-dev/install/vision_msgs/share/ament_index/resource_index/packages/vision_msgs
[13.964s] -- Up-to-date: /workspaces/isaac_ros-dev/install/vision_msgs/share/vision_msgs/cmake/export_vision_msgs__rosidl_generator_cExport.cmake
[13.965s] -- Up-to-date: /workspaces/isaac_ros-dev/install/vision_msgs/share/vision_msgs/cmake/export_vision_msgs__rosidl_generator_cExport-noconfig.cmake
[13.965s] -- Up-to-date: /workspaces/isaac_ros-dev/install/vision_msgs/share/vision_msgs/cmake/export_vision_msgs__rosidl_typesupport_fastrtps_cExport.cmake
[13.966s] -- Up-to-date: /workspaces/isaac_ros-dev/install/vision_msgs/share/vision_msgs/cmake/export_vision_msgs__rosidl_typesupport_fastrtps_cExport-noconfig.cmake
[13.966s] -- Up-to-date: /workspaces/isaac_ros-dev/install/vision_msgs/share/vision_msgs/cmake/export_vision_msgs__rosidl_generator_cppExport.cmake
[13.966s] -- Up-to-date: /workspaces/isaac_ros-dev/install/vision_msgs/share/vision_msgs/cmake/export_vision_msgs__rosidl_typesupport_fastrtps_cppExport.cmake
[13.966s] -- Up-to-date: /workspaces/isaac_ros-dev/install/vision_msgs/share/vision_msgs/cmake/export_vision_msgs__rosidl_typesupport_fastrtps_cppExport-noconfig.cmake
[13.967s] -- Up-to-date: /workspaces/isaac_ros-dev/install/vision_msgs/share/vision_msgs/cmake/vision_msgs__rosidl_typesupport_introspection_cExport.cmake
[13.967s] -- Up-to-date: /workspaces/isaac_ros-dev/install/vision_msgs/share/vision_msgs/cmake/vision_msgs__rosidl_typesupport_introspection_cExport-noconfig.cmake
[13.968s] -- Up-to-date: /workspaces/isaac_ros-dev/install/vision_msgs/share/vision_msgs/cmake/vision_msgs__rosidl_typesupport_cExport.cmake
[13.968s] -- Up-to-date: /workspaces/isaac_ros-dev/install/vision_msgs/share/vision_msgs/cmake/vision_msgs__rosidl_typesupport_cExport-noconfig.cmake
[13.969s] -- Up-to-date: /workspaces/isaac_ros-dev/install/vision_msgs/share/vision_msgs/cmake/vision_msgs__rosidl_typesupport_introspection_cppExport.cmake
[13.969s] -- Up-to-date: /workspaces/isaac_ros-dev/install/vision_msgs/share/vision_msgs/cmake/vision_msgs__rosidl_typesupport_introspection_cppExport-noconfig.cmake
[13.970s] -- Up-to-date: /workspaces/isaac_ros-dev/install/vision_msgs/share/vision_msgs/cmake/vision_msgs__rosidl_typesupport_cppExport.cmake
[13.970s] -- Up-to-date: /workspaces/isaac_ros-dev/install/vision_msgs/share/vision_msgs/cmake/vision_msgs__rosidl_typesupport_cppExport-noconfig.cmake
[13.971s] -- Up-to-date: /workspaces/isaac_ros-dev/install/vision_msgs/share/vision_msgs/cmake/export_vision_msgs__rosidl_generator_pyExport.cmake
[13.972s] -- Up-to-date: /workspaces/isaac_ros-dev/install/vision_msgs/share/vision_msgs/cmake/export_vision_msgs__rosidl_generator_pyExport-noconfig.cmake
[13.972s] -- Up-to-date: /workspaces/isaac_ros-dev/install/vision_msgs/share/vision_msgs/cmake/rosidl_cmake-extras.cmake
[13.972s] -- Up-to-date: /workspaces/isaac_ros-dev/install/vision_msgs/share/vision_msgs/cmake/ament_cmake_export_dependencies-extras.cmake
[13.973s] -- Up-to-date: /workspaces/isaac_ros-dev/install/vision_msgs/share/vision_msgs/cmake/ament_cmake_export_include_directories-extras.cmake
[13.973s] -- Up-to-date: /workspaces/isaac_ros-dev/install/vision_msgs/share/vision_msgs/cmake/ament_cmake_export_libraries-extras.cmake
[13.974s] -- Up-to-date: /workspaces/isaac_ros-dev/install/vision_msgs/share/vision_msgs/cmake/ament_cmake_export_targets-extras.cmake
[13.974s] -- Up-to-date: /workspaces/isaac_ros-dev/install/vision_msgs/share/vision_msgs/cmake/rosidl_cmake_export_typesupport_targets-extras.cmake
[13.974s] -- Up-to-date: /workspaces/isaac_ros-dev/install/vision_msgs/share/vision_msgs/cmake/rosidl_cmake_export_typesupport_libraries-extras.cmake
[13.975s] -- Up-to-date: /workspaces/isaac_ros-dev/install/vision_msgs/share/vision_msgs/cmake/vision_msgsConfig.cmake
[13.975s] -- Up-to-date: /workspaces/isaac_ros-dev/install/vision_msgs/share/vision_msgs/cmake/vision_msgsConfig-version.cmake
[13.976s] -- Up-to-date: /workspaces/isaac_ros-dev/install/vision_msgs/share/vision_msgs/package.xml
[14.151s] Invoked command in '/workspaces/isaac_ros-dev/build/vision_msgs' returned '0': CMAKE_PREFIX_PATH=/workspaces/isaac_ros-dev/install/yolov8_bringup:/workspaces/isaac_ros-dev/install/multisense_ros:/workspaces/isaac_ros-dev/install/xacro:/workspaces/isaac_ros-dev/install/vision_msgs_rviz_plugins:/workspaces/isaac_ros-dev/install/vision_msgs:/workspaces/isaac_ros-dev/install/velodyne:/workspaces/isaac_ros-dev/install/velodyne_pointcloud:/workspaces/isaac_ros-dev/install/velodyne_driver:/workspaces/isaac_ros-dev/install/velodyne_msgs:/workspaces/isaac_ros-dev/install/velodyne_laserscan:/workspaces/isaac_ros-dev/install/vectornav:/workspaces/isaac_ros-dev/install/sdv_localization:/workspaces/isaac_ros-dev/install/vectornav_msgs:/workspaces/isaac_ros-dev/install/slam_toolbox:/workspaces/isaac_ros-dev/install/sdv_msg:/workspaces/isaac_ros-dev/install/sdv_localization_msgs:/workspaces/isaac_ros-dev/install/pointcloud_to_laserscan:/workspaces/isaac_ros-dev/install/my_package:/workspaces/isaac_ros-dev/install/multisense_msgs:/workspaces/isaac_ros-dev/install/multisense_lib:/workspaces/isaac_ros-dev/install/isaac_ros_visual_slam:/workspaces/isaac_ros-dev/install/isaac_ros_visual_slam_interfaces:/workspaces/isaac_ros-dev/install/isaac_ros_tensor_list_interfaces:/workspaces/isaac_ros-dev/install/isaac_ros_common:/workspaces/isaac_ros-dev/install/isaac_ros_bi3d_interfaces:/workspaces/isaac_ros-dev/install/isaac_ros_apriltag_interfaces:/workspaces/isaac_ros-dev/install/yolov8_ros:/workspaces/isaac_ros-dev/install/xbox_controller:/workspaces/isaac_ros-dev/install/panel:/workspaces/isaac_ros-dev/install/isaac_ros_test:/workspaces/isaac_ros-dev/install/encoder:/opt/ros/humble/install /usr/bin/cmake --install /workspaces/isaac_ros-dev/build/vision_msgs
