[0.448s] Invoking command in '/workspaces/isaac_ros-dev/build/xacro': CMAKE_PREFIX_PATH=/workspaces/isaac_ros-dev/install/yolov8_bringup:/workspaces/isaac_ros-dev/install/multisense_ros:/workspaces/isaac_ros-dev/install/xacro:/workspaces/isaac_ros-dev/install/vision_msgs_rviz_plugins:/workspaces/isaac_ros-dev/install/vision_msgs:/workspaces/isaac_ros-dev/install/velodyne:/workspaces/isaac_ros-dev/install/velodyne_pointcloud:/workspaces/isaac_ros-dev/install/velodyne_driver:/workspaces/isaac_ros-dev/install/velodyne_msgs:/workspaces/isaac_ros-dev/install/velodyne_laserscan:/workspaces/isaac_ros-dev/install/vectornav:/workspaces/isaac_ros-dev/install/sdv_localization:/workspaces/isaac_ros-dev/install/vectornav_msgs:/workspaces/isaac_ros-dev/install/slam_toolbox:/workspaces/isaac_ros-dev/install/sdv_msg:/workspaces/isaac_ros-dev/install/sdv_localization_msgs:/workspaces/isaac_ros-dev/install/pointcloud_to_laserscan:/workspaces/isaac_ros-dev/install/my_package:/workspaces/isaac_ros-dev/install/multisense_msgs:/workspaces/isaac_ros-dev/install/multisense_lib:/workspaces/isaac_ros-dev/install/isaac_ros_visual_slam:/workspaces/isaac_ros-dev/install/isaac_ros_visual_slam_interfaces:/workspaces/isaac_ros-dev/install/isaac_ros_tensor_list_interfaces:/workspaces/isaac_ros-dev/install/isaac_ros_common:/workspaces/isaac_ros-dev/install/isaac_ros_bi3d_interfaces:/workspaces/isaac_ros-dev/install/isaac_ros_apriltag_interfaces:/workspaces/isaac_ros-dev/install/yolov8_ros:/workspaces/isaac_ros-dev/install/xbox_controller:/workspaces/isaac_ros-dev/install/panel:/workspaces/isaac_ros-dev/install/isaac_ros_test:/workspaces/isaac_ros-dev/install/encoder:/opt/ros/humble/install /usr/bin/cmake --build /workspaces/isaac_ros-dev/build/xacro -- -j8 -l8
[0.877s] Built target ament_cmake_python_copy_xacro_setup
[0.883s] Built target ament_cmake_python_copy_xacro
[2.527s] running install_scripts
[2.669s] running egg_info
[2.756s] writing xacro.egg-info/PKG-INFO
[2.757s] writing dependency_links to xacro.egg-info/dependency_links.txt
[2.757s] writing entry points to xacro.egg-info/entry_points.txt
[2.757s] writing top-level names to xacro.egg-info/top_level.txt
[2.758s] running egg_info
[2.876s] reading manifest file 'xacro.egg-info/SOURCES.txt'
[2.879s] writing manifest file 'xacro.egg-info/SOURCES.txt'
[2.926s] writing xacro.egg-info/PKG-INFO
[2.926s] writing dependency_links to xacro.egg-info/dependency_links.txt
[2.927s] writing entry points to xacro.egg-info/entry_points.txt
[2.928s] writing top-level names to xacro.egg-info/top_level.txt
[3.052s] Built target ament_cmake_python_build_xacro_egg
[3.055s] reading manifest file 'xacro.egg-info/SOURCES.txt'
[3.058s] writing manifest file 'xacro.egg-info/SOURCES.txt'
[3.170s] Installing xacro script to scripts
[3.328s] Built target ament_cmake_python_build_xacro_scripts
[4.497s] Invoked command in '/workspaces/isaac_ros-dev/build/xacro' returned '0': CMAKE_PREFIX_PATH=/workspaces/isaac_ros-dev/install/yolov8_bringup:/workspaces/isaac_ros-dev/install/multisense_ros:/workspaces/isaac_ros-dev/install/xacro:/workspaces/isaac_ros-dev/install/vision_msgs_rviz_plugins:/workspaces/isaac_ros-dev/install/vision_msgs:/workspaces/isaac_ros-dev/install/velodyne:/workspaces/isaac_ros-dev/install/velodyne_pointcloud:/workspaces/isaac_ros-dev/install/velodyne_driver:/workspaces/isaac_ros-dev/install/velodyne_msgs:/workspaces/isaac_ros-dev/install/velodyne_laserscan:/workspaces/isaac_ros-dev/install/vectornav:/workspaces/isaac_ros-dev/install/sdv_localization:/workspaces/isaac_ros-dev/install/vectornav_msgs:/workspaces/isaac_ros-dev/install/slam_toolbox:/workspaces/isaac_ros-dev/install/sdv_msg:/workspaces/isaac_ros-dev/install/sdv_localization_msgs:/workspaces/isaac_ros-dev/install/pointcloud_to_laserscan:/workspaces/isaac_ros-dev/install/my_package:/workspaces/isaac_ros-dev/install/multisense_msgs:/workspaces/isaac_ros-dev/install/multisense_lib:/workspaces/isaac_ros-dev/install/isaac_ros_visual_slam:/workspaces/isaac_ros-dev/install/isaac_ros_visual_slam_interfaces:/workspaces/isaac_ros-dev/install/isaac_ros_tensor_list_interfaces:/workspaces/isaac_ros-dev/install/isaac_ros_common:/workspaces/isaac_ros-dev/install/isaac_ros_bi3d_interfaces:/workspaces/isaac_ros-dev/install/isaac_ros_apriltag_interfaces:/workspaces/isaac_ros-dev/install/yolov8_ros:/workspaces/isaac_ros-dev/install/xbox_controller:/workspaces/isaac_ros-dev/install/panel:/workspaces/isaac_ros-dev/install/isaac_ros_test:/workspaces/isaac_ros-dev/install/encoder:/opt/ros/humble/install /usr/bin/cmake --build /workspaces/isaac_ros-dev/build/xacro -- -j8 -l8
[5.025s] Invoking command in '/workspaces/isaac_ros-dev/build/xacro': CMAKE_PREFIX_PATH=/workspaces/isaac_ros-dev/install/yolov8_bringup:/workspaces/isaac_ros-dev/install/multisense_ros:/workspaces/isaac_ros-dev/install/xacro:/workspaces/isaac_ros-dev/install/vision_msgs_rviz_plugins:/workspaces/isaac_ros-dev/install/vision_msgs:/workspaces/isaac_ros-dev/install/velodyne:/workspaces/isaac_ros-dev/install/velodyne_pointcloud:/workspaces/isaac_ros-dev/install/velodyne_driver:/workspaces/isaac_ros-dev/install/velodyne_msgs:/workspaces/isaac_ros-dev/install/velodyne_laserscan:/workspaces/isaac_ros-dev/install/vectornav:/workspaces/isaac_ros-dev/install/sdv_localization:/workspaces/isaac_ros-dev/install/vectornav_msgs:/workspaces/isaac_ros-dev/install/slam_toolbox:/workspaces/isaac_ros-dev/install/sdv_msg:/workspaces/isaac_ros-dev/install/sdv_localization_msgs:/workspaces/isaac_ros-dev/install/pointcloud_to_laserscan:/workspaces/isaac_ros-dev/install/my_package:/workspaces/isaac_ros-dev/install/multisense_msgs:/workspaces/isaac_ros-dev/install/multisense_lib:/workspaces/isaac_ros-dev/install/isaac_ros_visual_slam:/workspaces/isaac_ros-dev/install/isaac_ros_visual_slam_interfaces:/workspaces/isaac_ros-dev/install/isaac_ros_tensor_list_interfaces:/workspaces/isaac_ros-dev/install/isaac_ros_common:/workspaces/isaac_ros-dev/install/isaac_ros_bi3d_interfaces:/workspaces/isaac_ros-dev/install/isaac_ros_apriltag_interfaces:/workspaces/isaac_ros-dev/install/yolov8_ros:/workspaces/isaac_ros-dev/install/xbox_controller:/workspaces/isaac_ros-dev/install/panel:/workspaces/isaac_ros-dev/install/isaac_ros_test:/workspaces/isaac_ros-dev/install/encoder:/opt/ros/humble/install /usr/bin/cmake --install /workspaces/isaac_ros-dev/build/xacro
[5.146s] -- Install configuration: ""
[5.147s] -- Up-to-date: /workspaces/isaac_ros-dev/install/xacro/share/xacro/environment/completion.bash
[5.147s] -- Up-to-date: /workspaces/isaac_ros-dev/install/xacro/share/xacro/environment/pythonpath.sh
[5.148s] -- Up-to-date: /workspaces/isaac_ros-dev/install/xacro/share/xacro/environment/pythonpath.dsv
[5.149s] -- Up-to-date: /workspaces/isaac_ros-dev/install/xacro/lib/python3.8/site-packages/xacro-2.0.8-py3.8.egg-info
[5.152s] -- Installing: /workspaces/isaac_ros-dev/install/xacro/lib/python3.8/site-packages/xacro-2.0.8-py3.8.egg-info/entry_points.txt
[5.153s] -- Installing: /workspaces/isaac_ros-dev/install/xacro/lib/python3.8/site-packages/xacro-2.0.8-py3.8.egg-info/top_level.txt
[5.155s] -- Installing: /workspaces/isaac_ros-dev/install/xacro/lib/python3.8/site-packages/xacro-2.0.8-py3.8.egg-info/dependency_links.txt
[5.156s] -- Installing: /workspaces/isaac_ros-dev/install/xacro/lib/python3.8/site-packages/xacro-2.0.8-py3.8.egg-info/SOURCES.txt
[5.157s] -- Installing: /workspaces/isaac_ros-dev/install/xacro/lib/python3.8/site-packages/xacro-2.0.8-py3.8.egg-info/PKG-INFO
[5.158s] -- Up-to-date: /workspaces/isaac_ros-dev/install/xacro/lib/xacro/
[5.159s] -- Installing: /workspaces/isaac_ros-dev/install/xacro/lib/xacro//xacro
[5.160s] -- Up-to-date: /workspaces/isaac_ros-dev/install/xacro/lib/python3.8/site-packages/xacro
[5.160s] -- Up-to-date: /workspaces/isaac_ros-dev/install/xacro/lib/python3.8/site-packages/xacro/__init__.py
[5.161s] -- Up-to-date: /workspaces/isaac_ros-dev/install/xacro/lib/python3.8/site-packages/xacro/substitution_args.py
[5.162s] -- Up-to-date: /workspaces/isaac_ros-dev/install/xacro/lib/python3.8/site-packages/xacro/color.py
[5.162s] -- Up-to-date: /workspaces/isaac_ros-dev/install/xacro/lib/python3.8/site-packages/xacro/xmlutils.py
[5.168s] -- Up-to-date: /workspaces/isaac_ros-dev/install/xacro/lib/python3.8/site-packages/xacro/cli.py
[5.227s] Listing '/workspaces/isaac_ros-dev/install/xacro/lib/python3.8/site-packages/xacro'...
[5.266s] -- Up-to-date: /workspaces/isaac_ros-dev/install/xacro/bin/
[5.268s] -- Installing: /workspaces/isaac_ros-dev/install/xacro/bin//xacro
[5.269s] -- Up-to-date: /workspaces/isaac_ros-dev/install/xacro/share/ament_index/resource_index/package_run_dependencies/xacro
[5.270s] -- Up-to-date: /workspaces/isaac_ros-dev/install/xacro/share/ament_index/resource_index/parent_prefix_path/xacro
[5.270s] -- Up-to-date: /workspaces/isaac_ros-dev/install/xacro/share/xacro/environment/ament_prefix_path.sh
[5.271s] -- Up-to-date: /workspaces/isaac_ros-dev/install/xacro/share/xacro/environment/ament_prefix_path.dsv
[5.272s] -- Up-to-date: /workspaces/isaac_ros-dev/install/xacro/share/xacro/environment/path.sh
[5.273s] -- Up-to-date: /workspaces/isaac_ros-dev/install/xacro/share/xacro/environment/path.dsv
[5.274s] -- Up-to-date: /workspaces/isaac_ros-dev/install/xacro/share/xacro/local_setup.bash
[5.275s] -- Up-to-date: /workspaces/isaac_ros-dev/install/xacro/share/xacro/local_setup.sh
[5.276s] -- Up-to-date: /workspaces/isaac_ros-dev/install/xacro/share/xacro/local_setup.zsh
[5.276s] -- Up-to-date: /workspaces/isaac_ros-dev/install/xacro/share/xacro/local_setup.dsv
[5.277s] -- Installing: /workspaces/isaac_ros-dev/install/xacro/share/xacro/package.dsv
[5.278s] -- Up-to-date: /workspaces/isaac_ros-dev/install/xacro/share/ament_index/resource_index/packages/xacro
[5.278s] -- Up-to-date: /workspaces/isaac_ros-dev/install/xacro/share/xacro/cmake/xacro-extras.cmake
[5.279s] -- Up-to-date: /workspaces/isaac_ros-dev/install/xacro/share/xacro/cmake/xacroConfig.cmake
[5.292s] -- Up-to-date: /workspaces/isaac_ros-dev/install/xacro/share/xacro/cmake/xacroConfig-version.cmake
[5.293s] -- Up-to-date: /workspaces/isaac_ros-dev/install/xacro/share/xacro/package.xml
[5.426s] Invoked command in '/workspaces/isaac_ros-dev/build/xacro' returned '0': CMAKE_PREFIX_PATH=/workspaces/isaac_ros-dev/install/yolov8_bringup:/workspaces/isaac_ros-dev/install/multisense_ros:/workspaces/isaac_ros-dev/install/xacro:/workspaces/isaac_ros-dev/install/vision_msgs_rviz_plugins:/workspaces/isaac_ros-dev/install/vision_msgs:/workspaces/isaac_ros-dev/install/velodyne:/workspaces/isaac_ros-dev/install/velodyne_pointcloud:/workspaces/isaac_ros-dev/install/velodyne_driver:/workspaces/isaac_ros-dev/install/velodyne_msgs:/workspaces/isaac_ros-dev/install/velodyne_laserscan:/workspaces/isaac_ros-dev/install/vectornav:/workspaces/isaac_ros-dev/install/sdv_localization:/workspaces/isaac_ros-dev/install/vectornav_msgs:/workspaces/isaac_ros-dev/install/slam_toolbox:/workspaces/isaac_ros-dev/install/sdv_msg:/workspaces/isaac_ros-dev/install/sdv_localization_msgs:/workspaces/isaac_ros-dev/install/pointcloud_to_laserscan:/workspaces/isaac_ros-dev/install/my_package:/workspaces/isaac_ros-dev/install/multisense_msgs:/workspaces/isaac_ros-dev/install/multisense_lib:/workspaces/isaac_ros-dev/install/isaac_ros_visual_slam:/workspaces/isaac_ros-dev/install/isaac_ros_visual_slam_interfaces:/workspaces/isaac_ros-dev/install/isaac_ros_tensor_list_interfaces:/workspaces/isaac_ros-dev/install/isaac_ros_common:/workspaces/isaac_ros-dev/install/isaac_ros_bi3d_interfaces:/workspaces/isaac_ros-dev/install/isaac_ros_apriltag_interfaces:/workspaces/isaac_ros-dev/install/yolov8_ros:/workspaces/isaac_ros-dev/install/xbox_controller:/workspaces/isaac_ros-dev/install/panel:/workspaces/isaac_ros-dev/install/isaac_ros_test:/workspaces/isaac_ros-dev/install/encoder:/opt/ros/humble/install /usr/bin/cmake --install /workspaces/isaac_ros-dev/build/xacro
