[0.598s] Invoking command in '/workspaces/isaac_ros-dev/build/velodyne_msgs': CMAKE_PREFIX_PATH=/workspaces/isaac_ros-dev/install/yolov8_bringup:/workspaces/isaac_ros-dev/install/xacro:/workspaces/isaac_ros-dev/install/vision_msgs:/workspaces/isaac_ros-dev/install/velodyne_driver:/workspaces/isaac_ros-dev/install/velodyne_msgs:/workspaces/isaac_ros-dev/install/velodyne_laserscan:/workspaces/isaac_ros-dev/install/vectornav_msgs:/workspaces/isaac_ros-dev/install/sdv_msg:/workspaces/isaac_ros-dev/install/sdv_localization_msgs:/workspaces/isaac_ros-dev/install/my_package:/workspaces/isaac_ros-dev/install/multisense_msgs:/workspaces/isaac_ros-dev/install/multisense_lib:/workspaces/isaac_ros-dev/install/isaac_ros_visual_slam_interfaces:/workspaces/isaac_ros-dev/install/isaac_ros_tensor_list_interfaces:/workspaces/isaac_ros-dev/install/isaac_ros_common:/workspaces/isaac_ros-dev/install/isaac_ros_bi3d_interfaces:/workspaces/isaac_ros-dev/install/isaac_ros_apriltag_interfaces:/workspaces/isaac_ros-dev/install/yolov8_ros:/workspaces/isaac_ros-dev/install/panel:/workspaces/isaac_ros-dev/install/isaac_ros_test:/workspaces/isaac_ros-dev/install/encoder:/opt/ros/humble/install /usr/bin/cmake /workspaces/isaac_ros-dev/src/sdv_localization/velodyne/velodyne_msgs -DCMAKE_INSTALL_PREFIX=/workspaces/isaac_ros-dev/install/velodyne_msgs
[2.329s] -- The C compiler identification is GNU 9.4.0
[2.330s] -- The CXX compiler identification is GNU 9.4.0
[2.330s] -- Detecting C compiler ABI info
[2.331s] -- Detecting C compiler ABI info - done
[2.331s] -- Check for working C compiler: /usr/bin/cc - skipped
[2.331s] -- Detecting C compile features
[2.332s] -- Detecting C compile features - done
[2.332s] -- Detecting CXX compiler ABI info
[2.332s] -- Detecting CXX compiler ABI info - done
[2.335s] -- Check for working CXX compiler: /usr/bin/c++ - skipped
[2.338s] -- Detecting CXX compile features
[2.338s] -- Detecting CXX compile features - done
[2.338s] -- Found ament_cmake: 1.3.2 (/opt/ros/humble/install/share/ament_cmake/cmake)
[5.945s] -- Found Python3: /usr/bin/python3.8 (found version "3.8.10") found components: Interpreter 
[6.438s] -- Found builtin_interfaces: 1.2.0 (/opt/ros/humble/install/share/builtin_interfaces/cmake)
[6.614s] -- Found rosidl_generator_c: 3.1.3 (/opt/ros/humble/install/share/rosidl_generator_c/cmake)
[6.644s] -- Found rosidl_adapter: 3.1.3 (/opt/ros/humble/install/share/rosidl_adapter/cmake)
[6.689s] -- Found rosidl_generator_cpp: 3.1.3 (/opt/ros/humble/install/share/rosidl_generator_cpp/cmake)
[6.763s] -- Using all available rosidl_typesupport_c: rosidl_typesupport_fastrtps_c;rosidl_typesupport_introspection_c
[6.929s] -- Using all available rosidl_typesupport_cpp: rosidl_typesupport_fastrtps_cpp;rosidl_typesupport_introspection_cpp
[7.050s] -- Found rosidl_default_generators: 1.2.0 (/opt/ros/humble/install/share/rosidl_default_generators/cmake)
[7.124s] -- Found std_msgs: 4.2.2 (/opt/ros/humble/install/share/std_msgs/cmake)
[8.653s] -- Found ament_cmake_cppcheck: 0.12.4 (/opt/ros/humble/install/share/ament_cmake_cppcheck/cmake)
[8.668s] -- Found ament_cmake_cpplint: 0.12.4 (/opt/ros/humble/install/share/ament_cmake_cpplint/cmake)
[8.685s] -- Found ament_cmake_uncrustify: 0.12.4 (/opt/ros/humble/install/share/ament_cmake_uncrustify/cmake)
[8.700s] -- Found ament_cmake_ros: 0.10.0 (/opt/ros/humble/install/share/ament_cmake_ros/cmake)
[9.741s] -- Using all available rosidl_typesupport_c: rosidl_typesupport_fastrtps_c;rosidl_typesupport_introspection_c
[10.141s] -- Using all available rosidl_typesupport_cpp: rosidl_typesupport_fastrtps_cpp;rosidl_typesupport_introspection_cpp
[10.292s] -- Found PythonInterp: /usr/bin/python3 (found suitable version "3.8.10", minimum required is "3.6") 
[10.300s] -- Found python_cmake_module: 0.10.0 (/opt/ros/humble/install/share/python_cmake_module/cmake)
[10.445s] -- Found PythonLibs: /usr/lib/aarch64-linux-gnu/libpython3.8.so (found suitable version "3.8.10", minimum required is "3.5") 
[10.445s] -- Using PYTHON_EXECUTABLE: /usr/bin/python3
[10.446s] -- Using PYTHON_INCLUDE_DIRS: /usr/include/python3.8
[10.446s] -- Using PYTHON_LIBRARIES: /usr/lib/aarch64-linux-gnu/libpython3.8.so
[10.556s] -- Found PythonExtra: .so  
[10.859s] -- Found ament_cmake_flake8: 0.12.4 (/opt/ros/humble/install/share/ament_cmake_flake8/cmake)
[10.870s] -- Found ament_cmake_pep257: 0.12.4 (/opt/ros/humble/install/share/ament_cmake_pep257/cmake)
[10.886s] -- Found ament_lint_auto: 0.12.4 (/opt/ros/humble/install/share/ament_lint_auto/cmake)
[10.967s] -- Added test 'copyright' to check source files copyright and LICENSE
[10.973s] -- Added test 'lint_cmake' to check CMake code style
[10.979s] -- Added test 'xmllint' to check XML markup files
[11.010s] -- Configuring done
[11.269s] -- Generating done
[11.286s] -- Build files have been written to: /workspaces/isaac_ros-dev/build/velodyne_msgs
[11.387s] Invoked command in '/workspaces/isaac_ros-dev/build/velodyne_msgs' returned '0': CMAKE_PREFIX_PATH=/workspaces/isaac_ros-dev/install/yolov8_bringup:/workspaces/isaac_ros-dev/install/xacro:/workspaces/isaac_ros-dev/install/vision_msgs:/workspaces/isaac_ros-dev/install/velodyne_driver:/workspaces/isaac_ros-dev/install/velodyne_msgs:/workspaces/isaac_ros-dev/install/velodyne_laserscan:/workspaces/isaac_ros-dev/install/vectornav_msgs:/workspaces/isaac_ros-dev/install/sdv_msg:/workspaces/isaac_ros-dev/install/sdv_localization_msgs:/workspaces/isaac_ros-dev/install/my_package:/workspaces/isaac_ros-dev/install/multisense_msgs:/workspaces/isaac_ros-dev/install/multisense_lib:/workspaces/isaac_ros-dev/install/isaac_ros_visual_slam_interfaces:/workspaces/isaac_ros-dev/install/isaac_ros_tensor_list_interfaces:/workspaces/isaac_ros-dev/install/isaac_ros_common:/workspaces/isaac_ros-dev/install/isaac_ros_bi3d_interfaces:/workspaces/isaac_ros-dev/install/isaac_ros_apriltag_interfaces:/workspaces/isaac_ros-dev/install/yolov8_ros:/workspaces/isaac_ros-dev/install/panel:/workspaces/isaac_ros-dev/install/isaac_ros_test:/workspaces/isaac_ros-dev/install/encoder:/opt/ros/humble/install /usr/bin/cmake /workspaces/isaac_ros-dev/src/sdv_localization/velodyne/velodyne_msgs -DCMAKE_INSTALL_PREFIX=/workspaces/isaac_ros-dev/install/velodyne_msgs
[11.391s] Invoking command in '/workspaces/isaac_ros-dev/build/velodyne_msgs': CMAKE_PREFIX_PATH=/workspaces/isaac_ros-dev/install/yolov8_bringup:/workspaces/isaac_ros-dev/install/xacro:/workspaces/isaac_ros-dev/install/vision_msgs:/workspaces/isaac_ros-dev/install/velodyne_driver:/workspaces/isaac_ros-dev/install/velodyne_msgs:/workspaces/isaac_ros-dev/install/velodyne_laserscan:/workspaces/isaac_ros-dev/install/vectornav_msgs:/workspaces/isaac_ros-dev/install/sdv_msg:/workspaces/isaac_ros-dev/install/sdv_localization_msgs:/workspaces/isaac_ros-dev/install/my_package:/workspaces/isaac_ros-dev/install/multisense_msgs:/workspaces/isaac_ros-dev/install/multisense_lib:/workspaces/isaac_ros-dev/install/isaac_ros_visual_slam_interfaces:/workspaces/isaac_ros-dev/install/isaac_ros_tensor_list_interfaces:/workspaces/isaac_ros-dev/install/isaac_ros_common:/workspaces/isaac_ros-dev/install/isaac_ros_bi3d_interfaces:/workspaces/isaac_ros-dev/install/isaac_ros_apriltag_interfaces:/workspaces/isaac_ros-dev/install/yolov8_ros:/workspaces/isaac_ros-dev/install/panel:/workspaces/isaac_ros-dev/install/isaac_ros_test:/workspaces/isaac_ros-dev/install/encoder:/opt/ros/humble/install /usr/bin/cmake --build /workspaces/isaac_ros-dev/build/velodyne_msgs -- -j8 -l8
[11.798s] [  2%] [34m[1mGenerating C code for ROS interfaces[0m
[11.849s] [  5%] [34m[1mGenerating C++ code for ROS interfaces[0m
[11.913s] [  5%] Built target ament_cmake_python_copy_velodyne_msgs
[14.308s] [  5%] Built target velodyne_msgs__cpp
[14.421s] [  7%] [34m[1mGenerating C++ type support dispatch for ROS interfaces[0m
[14.432s] [ 10%] [34m[1mGenerating C++ type support for eProsima Fast-RTPS[0m
[14.486s] [ 12%] [34m[1mGenerating C++ introspection for ROS interfaces[0m
[14.581s] [ 15%] [32mBuilding C object CMakeFiles/velodyne_msgs__rosidl_generator_c.dir/rosidl_generator_c/velodyne_msgs/msg/detail/velodyne_packet__functions.c.o[0m
[14.591s] [ 17%] [32mBuilding C object CMakeFiles/velodyne_msgs__rosidl_generator_c.dir/rosidl_generator_c/velodyne_msgs/msg/detail/velodyne_scan__functions.c.o[0m
[15.506s] [ 20%] [32m[1mLinking C shared library libvelodyne_msgs__rosidl_generator_c.so[0m
[15.645s] running egg_info
[15.681s] creating velodyne_msgs.egg-info
[15.875s] writing velodyne_msgs.egg-info/PKG-INFO
[15.876s] writing dependency_links to velodyne_msgs.egg-info/dependency_links.txt
[15.876s] writing top-level names to velodyne_msgs.egg-info/top_level.txt
[15.897s] writing manifest file 'velodyne_msgs.egg-info/SOURCES.txt'
[16.028s] [ 20%] Built target velodyne_msgs__rosidl_generator_c
[16.140s] [ 23%] [34m[1mGenerating C type support for eProsima Fast-RTPS[0m
[16.179s] [ 25%] [34m[1mGenerating C type support dispatch for ROS interfaces[0m
[16.195s] [ 28%] [34m[1mGenerating C introspection for ROS interfaces[0m
[16.450s] reading manifest file 'velodyne_msgs.egg-info/SOURCES.txt'
[16.452s] writing manifest file 'velodyne_msgs.egg-info/SOURCES.txt'
[17.182s] [ 28%] Built target ament_cmake_python_build_velodyne_msgs_egg
[17.375s] [ 30%] [32mBuilding CXX object CMakeFiles/velodyne_msgs__rosidl_typesupport_cpp.dir/rosidl_typesupport_cpp/velodyne_msgs/msg/velodyne_packet__type_support.cpp.o[0m
[17.401s] [ 33%] [32mBuilding CXX object CMakeFiles/velodyne_msgs__rosidl_typesupport_cpp.dir/rosidl_typesupport_cpp/velodyne_msgs/msg/velodyne_scan__type_support.cpp.o[0m
[18.047s] [ 35%] [32mBuilding CXX object CMakeFiles/velodyne_msgs__rosidl_typesupport_introspection_cpp.dir/rosidl_typesupport_introspection_cpp/velodyne_msgs/msg/detail/velodyne_packet__type_support.cpp.o[0m
[18.086s] [ 38%] [32mBuilding CXX object CMakeFiles/velodyne_msgs__rosidl_typesupport_fastrtps_cpp.dir/rosidl_typesupport_fastrtps_cpp/velodyne_msgs/msg/detail/dds_fastrtps/velodyne_packet__type_support.cpp.o[0m
[18.087s] [ 41%] [32mBuilding CXX object CMakeFiles/velodyne_msgs__rosidl_typesupport_introspection_cpp.dir/rosidl_typesupport_introspection_cpp/velodyne_msgs/msg/detail/velodyne_scan__type_support.cpp.o[0m
[21.137s] [ 43%] [32mBuilding CXX object CMakeFiles/velodyne_msgs__rosidl_typesupport_c.dir/rosidl_typesupport_c/velodyne_msgs/msg/velodyne_packet__type_support.cpp.o[0m
[21.628s] [ 46%] [32mBuilding CXX object CMakeFiles/velodyne_msgs__rosidl_typesupport_fastrtps_c.dir/rosidl_typesupport_fastrtps_c/velodyne_msgs/msg/detail/velodyne_packet__type_support_c.cpp.o[0m
[22.016s] [ 48%] [32mBuilding CXX object CMakeFiles/velodyne_msgs__rosidl_typesupport_c.dir/rosidl_typesupport_c/velodyne_msgs/msg/velodyne_scan__type_support.cpp.o[0m
[22.021s] [ 51%] [32mBuilding C object CMakeFiles/velodyne_msgs__rosidl_typesupport_introspection_c.dir/rosidl_typesupport_introspection_c/velodyne_msgs/msg/detail/velodyne_packet__type_support.c.o[0m
[22.635s] [ 53%] [32mBuilding C object CMakeFiles/velodyne_msgs__rosidl_typesupport_introspection_c.dir/rosidl_typesupport_introspection_c/velodyne_msgs/msg/detail/velodyne_scan__type_support.c.o[0m
[22.663s] [ 56%] [32m[1mLinking CXX shared library libvelodyne_msgs__rosidl_typesupport_c.so[0m
[23.478s] [ 56%] Built target velodyne_msgs__rosidl_typesupport_c
[23.837s] [ 58%] [32m[1mLinking C shared library libvelodyne_msgs__rosidl_typesupport_introspection_c.so[0m
[24.232s] [ 58%] Built target velodyne_msgs__rosidl_typesupport_introspection_c
[25.400s] [ 61%] [32m[1mLinking CXX shared library libvelodyne_msgs__rosidl_typesupport_cpp.so[0m
[26.059s] [ 61%] Built target velodyne_msgs__rosidl_typesupport_cpp
[26.739s] [ 64%] [32mBuilding CXX object CMakeFiles/velodyne_msgs__rosidl_typesupport_fastrtps_cpp.dir/rosidl_typesupport_fastrtps_cpp/velodyne_msgs/msg/detail/dds_fastrtps/velodyne_scan__type_support.cpp.o[0m
[27.301s] [ 66%] [32m[1mLinking CXX shared library libvelodyne_msgs__rosidl_typesupport_introspection_cpp.so[0m
[27.603s] [ 69%] [32mBuilding CXX object CMakeFiles/velodyne_msgs__rosidl_typesupport_fastrtps_c.dir/rosidl_typesupport_fastrtps_c/velodyne_msgs/msg/detail/velodyne_scan__type_support_c.cpp.o[0m
[28.019s] [ 69%] Built target velodyne_msgs__rosidl_typesupport_introspection_cpp
[30.916s] [ 71%] [32m[1mLinking CXX shared library libvelodyne_msgs__rosidl_typesupport_fastrtps_c.so[0m
[31.163s] [ 74%] [32m[1mLinking CXX shared library libvelodyne_msgs__rosidl_typesupport_fastrtps_cpp.so[0m
[31.735s] [ 74%] Built target velodyne_msgs__rosidl_typesupport_fastrtps_c
[31.739s] [ 74%] Built target velodyne_msgs__rosidl_typesupport_fastrtps_cpp
[31.994s] [ 74%] Built target velodyne_msgs
[32.209s] [ 76%] [34m[1mGenerating Python code for ROS interfaces[0m
[38.399s] [ 76%] Built target velodyne_msgs__py
[38.547s] [ 79%] [32mBuilding C object CMakeFiles/velodyne_msgs__rosidl_generator_py.dir/rosidl_generator_py/velodyne_msgs/msg/_velodyne_packet_s.c.o[0m
[39.114s] [ 82%] [32mBuilding C object CMakeFiles/velodyne_msgs__rosidl_generator_py.dir/rosidl_generator_py/velodyne_msgs/msg/_velodyne_scan_s.c.o[0m
[39.837s] [ 84%] [32m[1mLinking C shared library rosidl_generator_py/velodyne_msgs/libvelodyne_msgs__rosidl_generator_py.so[0m
[40.062s] [ 84%] Built target velodyne_msgs__rosidl_generator_py
[40.207s] [ 87%] [32mBuilding C object CMakeFiles/velodyne_msgs__rosidl_typesupport_fastrtps_c__pyext.dir/rosidl_generator_py/velodyne_msgs/_velodyne_msgs_s.ep.rosidl_typesupport_fastrtps_c.c.o[0m
[40.974s] [ 89%] [32m[1mLinking C shared library rosidl_generator_py/velodyne_msgs/velodyne_msgs_s__rosidl_typesupport_fastrtps_c.cpython-38-aarch64-linux-gnu.so[0m
[41.263s] [ 89%] Built target velodyne_msgs__rosidl_typesupport_fastrtps_c__pyext
[41.427s] [ 92%] [32mBuilding C object CMakeFiles/velodyne_msgs__rosidl_typesupport_c__pyext.dir/rosidl_generator_py/velodyne_msgs/_velodyne_msgs_s.ep.rosidl_typesupport_c.c.o[0m
[42.022s] [ 94%] [32m[1mLinking C shared library rosidl_generator_py/velodyne_msgs/velodyne_msgs_s__rosidl_typesupport_c.cpython-38-aarch64-linux-gnu.so[0m
[42.296s] [ 94%] Built target velodyne_msgs__rosidl_typesupport_c__pyext
[42.395s] [ 97%] [32mBuilding C object CMakeFiles/velodyne_msgs__rosidl_typesupport_introspection_c__pyext.dir/rosidl_generator_py/velodyne_msgs/_velodyne_msgs_s.ep.rosidl_typesupport_introspection_c.c.o[0m
[42.978s] [100%] [32m[1mLinking C shared library rosidl_generator_py/velodyne_msgs/velodyne_msgs_s__rosidl_typesupport_introspection_c.cpython-38-aarch64-linux-gnu.so[0m
[43.142s] [100%] Built target velodyne_msgs__rosidl_typesupport_introspection_c__pyext
[43.194s] Invoked command in '/workspaces/isaac_ros-dev/build/velodyne_msgs' returned '0': CMAKE_PREFIX_PATH=/workspaces/isaac_ros-dev/install/yolov8_bringup:/workspaces/isaac_ros-dev/install/xacro:/workspaces/isaac_ros-dev/install/vision_msgs:/workspaces/isaac_ros-dev/install/velodyne_driver:/workspaces/isaac_ros-dev/install/velodyne_msgs:/workspaces/isaac_ros-dev/install/velodyne_laserscan:/workspaces/isaac_ros-dev/install/vectornav_msgs:/workspaces/isaac_ros-dev/install/sdv_msg:/workspaces/isaac_ros-dev/install/sdv_localization_msgs:/workspaces/isaac_ros-dev/install/my_package:/workspaces/isaac_ros-dev/install/multisense_msgs:/workspaces/isaac_ros-dev/install/multisense_lib:/workspaces/isaac_ros-dev/install/isaac_ros_visual_slam_interfaces:/workspaces/isaac_ros-dev/install/isaac_ros_tensor_list_interfaces:/workspaces/isaac_ros-dev/install/isaac_ros_common:/workspaces/isaac_ros-dev/install/isaac_ros_bi3d_interfaces:/workspaces/isaac_ros-dev/install/isaac_ros_apriltag_interfaces:/workspaces/isaac_ros-dev/install/yolov8_ros:/workspaces/isaac_ros-dev/install/panel:/workspaces/isaac_ros-dev/install/isaac_ros_test:/workspaces/isaac_ros-dev/install/encoder:/opt/ros/humble/install /usr/bin/cmake --build /workspaces/isaac_ros-dev/build/velodyne_msgs -- -j8 -l8
[43.920s] Invoking command in '/workspaces/isaac_ros-dev/build/velodyne_msgs': CMAKE_PREFIX_PATH=/workspaces/isaac_ros-dev/install/yolov8_bringup:/workspaces/isaac_ros-dev/install/xacro:/workspaces/isaac_ros-dev/install/vision_msgs:/workspaces/isaac_ros-dev/install/velodyne_driver:/workspaces/isaac_ros-dev/install/velodyne_msgs:/workspaces/isaac_ros-dev/install/velodyne_laserscan:/workspaces/isaac_ros-dev/install/vectornav_msgs:/workspaces/isaac_ros-dev/install/sdv_msg:/workspaces/isaac_ros-dev/install/sdv_localization_msgs:/workspaces/isaac_ros-dev/install/my_package:/workspaces/isaac_ros-dev/install/multisense_msgs:/workspaces/isaac_ros-dev/install/multisense_lib:/workspaces/isaac_ros-dev/install/isaac_ros_visual_slam_interfaces:/workspaces/isaac_ros-dev/install/isaac_ros_tensor_list_interfaces:/workspaces/isaac_ros-dev/install/isaac_ros_common:/workspaces/isaac_ros-dev/install/isaac_ros_bi3d_interfaces:/workspaces/isaac_ros-dev/install/isaac_ros_apriltag_interfaces:/workspaces/isaac_ros-dev/install/yolov8_ros:/workspaces/isaac_ros-dev/install/panel:/workspaces/isaac_ros-dev/install/isaac_ros_test:/workspaces/isaac_ros-dev/install/encoder:/opt/ros/humble/install /usr/bin/cmake --install /workspaces/isaac_ros-dev/build/velodyne_msgs
[62.315s] -- Install configuration: ""
[62.328s] -- Installing: /workspaces/isaac_ros-dev/install/velodyne_msgs/share/ament_index/resource_index/rosidl_interfaces/velodyne_msgs
[62.330s] -- Installing: /workspaces/isaac_ros-dev/install/velodyne_msgs/include/velodyne_msgs/velodyne_msgs
[62.330s] -- Installing: /workspaces/isaac_ros-dev/install/velodyne_msgs/include/velodyne_msgs/velodyne_msgs/msg
[62.333s] -- Installing: /workspaces/isaac_ros-dev/install/velodyne_msgs/include/velodyne_msgs/velodyne_msgs/msg/rosidl_generator_c__visibility_control.h
[62.334s] -- Installing: /workspaces/isaac_ros-dev/install/velodyne_msgs/include/velodyne_msgs/velodyne_msgs/msg/velodyne_packet.h
[62.350s] -- Installing: /workspaces/isaac_ros-dev/install/velodyne_msgs/include/velodyne_msgs/velodyne_msgs/msg/detail
[62.354s] -- Installing: /workspaces/isaac_ros-dev/install/velodyne_msgs/include/velodyne_msgs/velodyne_msgs/msg/detail/velodyne_packet__type_support.h
[62.357s] -- Installing: /workspaces/isaac_ros-dev/install/velodyne_msgs/include/velodyne_msgs/velodyne_msgs/msg/detail/velodyne_scan__functions.h
[62.358s] -- Installing: /workspaces/isaac_ros-dev/install/velodyne_msgs/include/velodyne_msgs/velodyne_msgs/msg/detail/velodyne_packet__functions.c
[62.360s] -- Installing: /workspaces/isaac_ros-dev/install/velodyne_msgs/include/velodyne_msgs/velodyne_msgs/msg/detail/velodyne_scan__type_support.h
[62.362s] -- Installing: /workspaces/isaac_ros-dev/install/velodyne_msgs/include/velodyne_msgs/velodyne_msgs/msg/detail/velodyne_scan__functions.c
[62.364s] -- Installing: /workspaces/isaac_ros-dev/install/velodyne_msgs/include/velodyne_msgs/velodyne_msgs/msg/detail/velodyne_scan__struct.h
[62.364s] -- Installing: /workspaces/isaac_ros-dev/install/velodyne_msgs/include/velodyne_msgs/velodyne_msgs/msg/detail/velodyne_packet__struct.h
[62.366s] -- Installing: /workspaces/isaac_ros-dev/install/velodyne_msgs/include/velodyne_msgs/velodyne_msgs/msg/detail/velodyne_packet__functions.h
[62.368s] -- Installing: /workspaces/isaac_ros-dev/install/velodyne_msgs/include/velodyne_msgs/velodyne_msgs/msg/velodyne_scan.h
[62.369s] -- Installing: /workspaces/isaac_ros-dev/install/velodyne_msgs/share/velodyne_msgs/environment/library_path.sh
[62.372s] -- Installing: /workspaces/isaac_ros-dev/install/velodyne_msgs/share/velodyne_msgs/environment/library_path.dsv
[62.373s] -- Installing: /workspaces/isaac_ros-dev/install/velodyne_msgs/lib/libvelodyne_msgs__rosidl_generator_c.so
[62.374s] -- Set runtime path of "/workspaces/isaac_ros-dev/install/velodyne_msgs/lib/libvelodyne_msgs__rosidl_generator_c.so" to ""
[62.375s] -- Up-to-date: /workspaces/isaac_ros-dev/install/velodyne_msgs/include/velodyne_msgs/velodyne_msgs
[62.377s] -- Up-to-date: /workspaces/isaac_ros-dev/install/velodyne_msgs/include/velodyne_msgs/velodyne_msgs/msg
[62.377s] -- Installing: /workspaces/isaac_ros-dev/install/velodyne_msgs/include/velodyne_msgs/velodyne_msgs/msg/rosidl_typesupport_fastrtps_c__visibility_control.h
[62.377s] -- Up-to-date: /workspaces/isaac_ros-dev/install/velodyne_msgs/include/velodyne_msgs/velodyne_msgs/msg/detail
[62.378s] -- Installing: /workspaces/isaac_ros-dev/install/velodyne_msgs/include/velodyne_msgs/velodyne_msgs/msg/detail/velodyne_scan__rosidl_typesupport_fastrtps_c.h
[62.379s] -- Installing: /workspaces/isaac_ros-dev/install/velodyne_msgs/include/velodyne_msgs/velodyne_msgs/msg/detail/velodyne_packet__rosidl_typesupport_fastrtps_c.h
[62.379s] -- Installing: /workspaces/isaac_ros-dev/install/velodyne_msgs/lib/libvelodyne_msgs__rosidl_typesupport_fastrtps_c.so
[62.379s] -- Set runtime path of "/workspaces/isaac_ros-dev/install/velodyne_msgs/lib/libvelodyne_msgs__rosidl_typesupport_fastrtps_c.so" to ""
[62.380s] -- Up-to-date: /workspaces/isaac_ros-dev/install/velodyne_msgs/include/velodyne_msgs/velodyne_msgs
[62.380s] -- Up-to-date: /workspaces/isaac_ros-dev/install/velodyne_msgs/include/velodyne_msgs/velodyne_msgs/msg
[62.381s] -- Installing: /workspaces/isaac_ros-dev/install/velodyne_msgs/include/velodyne_msgs/velodyne_msgs/msg/velodyne_packet.hpp
[62.383s] -- Up-to-date: /workspaces/isaac_ros-dev/install/velodyne_msgs/include/velodyne_msgs/velodyne_msgs/msg/detail
[62.390s] -- Installing: /workspaces/isaac_ros-dev/install/velodyne_msgs/include/velodyne_msgs/velodyne_msgs/msg/detail/velodyne_scan__builder.hpp
[62.394s] -- Installing: /workspaces/isaac_ros-dev/install/velodyne_msgs/include/velodyne_msgs/velodyne_msgs/msg/detail/velodyne_packet__traits.hpp
[62.395s] -- Installing: /workspaces/isaac_ros-dev/install/velodyne_msgs/include/velodyne_msgs/velodyne_msgs/msg/detail/velodyne_packet__struct.hpp
[62.395s] -- Installing: /workspaces/isaac_ros-dev/install/velodyne_msgs/include/velodyne_msgs/velodyne_msgs/msg/detail/velodyne_scan__struct.hpp
[62.396s] -- Installing: /workspaces/isaac_ros-dev/install/velodyne_msgs/include/velodyne_msgs/velodyne_msgs/msg/detail/velodyne_scan__traits.hpp
[62.396s] -- Installing: /workspaces/isaac_ros-dev/install/velodyne_msgs/include/velodyne_msgs/velodyne_msgs/msg/detail/velodyne_packet__builder.hpp
[62.397s] -- Installing: /workspaces/isaac_ros-dev/install/velodyne_msgs/include/velodyne_msgs/velodyne_msgs/msg/velodyne_scan.hpp
[62.397s] -- Up-to-date: /workspaces/isaac_ros-dev/install/velodyne_msgs/include/velodyne_msgs/velodyne_msgs
[62.397s] -- Up-to-date: /workspaces/isaac_ros-dev/install/velodyne_msgs/include/velodyne_msgs/velodyne_msgs/msg
[62.398s] -- Installing: /workspaces/isaac_ros-dev/install/velodyne_msgs/include/velodyne_msgs/velodyne_msgs/msg/rosidl_typesupport_fastrtps_cpp__visibility_control.h
[62.398s] -- Up-to-date: /workspaces/isaac_ros-dev/install/velodyne_msgs/include/velodyne_msgs/velodyne_msgs/msg/detail
[62.398s] -- Installing: /workspaces/isaac_ros-dev/install/velodyne_msgs/include/velodyne_msgs/velodyne_msgs/msg/detail/velodyne_scan__rosidl_typesupport_fastrtps_cpp.hpp
[62.399s] -- Installing: /workspaces/isaac_ros-dev/install/velodyne_msgs/include/velodyne_msgs/velodyne_msgs/msg/detail/velodyne_packet__rosidl_typesupport_fastrtps_cpp.hpp
[62.399s] -- Installing: /workspaces/isaac_ros-dev/install/velodyne_msgs/include/velodyne_msgs/velodyne_msgs/msg/detail/dds_fastrtps
[62.399s] -- Installing: /workspaces/isaac_ros-dev/install/velodyne_msgs/lib/libvelodyne_msgs__rosidl_typesupport_fastrtps_cpp.so
[62.400s] -- Set runtime path of "/workspaces/isaac_ros-dev/install/velodyne_msgs/lib/libvelodyne_msgs__rosidl_typesupport_fastrtps_cpp.so" to ""
[62.400s] -- Up-to-date: /workspaces/isaac_ros-dev/install/velodyne_msgs/include/velodyne_msgs/velodyne_msgs
[62.400s] -- Up-to-date: /workspaces/isaac_ros-dev/install/velodyne_msgs/include/velodyne_msgs/velodyne_msgs/msg
[62.401s] -- Up-to-date: /workspaces/isaac_ros-dev/install/velodyne_msgs/include/velodyne_msgs/velodyne_msgs/msg/detail
[62.401s] -- Installing: /workspaces/isaac_ros-dev/install/velodyne_msgs/include/velodyne_msgs/velodyne_msgs/msg/detail/velodyne_packet__type_support.c
[62.401s] -- Installing: /workspaces/isaac_ros-dev/install/velodyne_msgs/include/velodyne_msgs/velodyne_msgs/msg/detail/velodyne_scan__type_support.c
[62.402s] -- Installing: /workspaces/isaac_ros-dev/install/velodyne_msgs/include/velodyne_msgs/velodyne_msgs/msg/detail/velodyne_scan__rosidl_typesupport_introspection_c.h
[62.402s] -- Installing: /workspaces/isaac_ros-dev/install/velodyne_msgs/include/velodyne_msgs/velodyne_msgs/msg/detail/velodyne_packet__rosidl_typesupport_introspection_c.h
[62.402s] -- Installing: /workspaces/isaac_ros-dev/install/velodyne_msgs/include/velodyne_msgs/velodyne_msgs/msg/rosidl_typesupport_introspection_c__visibility_control.h
[62.403s] -- Installing: /workspaces/isaac_ros-dev/install/velodyne_msgs/lib/libvelodyne_msgs__rosidl_typesupport_introspection_c.so
[62.403s] -- Set runtime path of "/workspaces/isaac_ros-dev/install/velodyne_msgs/lib/libvelodyne_msgs__rosidl_typesupport_introspection_c.so" to ""
[62.403s] -- Installing: /workspaces/isaac_ros-dev/install/velodyne_msgs/lib/libvelodyne_msgs__rosidl_typesupport_c.so
[62.404s] -- Set runtime path of "/workspaces/isaac_ros-dev/install/velodyne_msgs/lib/libvelodyne_msgs__rosidl_typesupport_c.so" to ""
[62.404s] -- Up-to-date: /workspaces/isaac_ros-dev/install/velodyne_msgs/include/velodyne_msgs/velodyne_msgs
[62.404s] -- Up-to-date: /workspaces/isaac_ros-dev/install/velodyne_msgs/include/velodyne_msgs/velodyne_msgs/msg
[62.404s] -- Up-to-date: /workspaces/isaac_ros-dev/install/velodyne_msgs/include/velodyne_msgs/velodyne_msgs/msg/detail
[62.405s] -- Installing: /workspaces/isaac_ros-dev/install/velodyne_msgs/include/velodyne_msgs/velodyne_msgs/msg/detail/velodyne_packet__rosidl_typesupport_introspection_cpp.hpp
[62.405s] -- Installing: /workspaces/isaac_ros-dev/install/velodyne_msgs/include/velodyne_msgs/velodyne_msgs/msg/detail/velodyne_scan__type_support.cpp
[62.405s] -- Installing: /workspaces/isaac_ros-dev/install/velodyne_msgs/include/velodyne_msgs/velodyne_msgs/msg/detail/velodyne_packet__type_support.cpp
[62.406s] -- Installing: /workspaces/isaac_ros-dev/install/velodyne_msgs/include/velodyne_msgs/velodyne_msgs/msg/detail/velodyne_scan__rosidl_typesupport_introspection_cpp.hpp
[62.406s] -- Installing: /workspaces/isaac_ros-dev/install/velodyne_msgs/lib/libvelodyne_msgs__rosidl_typesupport_introspection_cpp.so
[62.406s] -- Set runtime path of "/workspaces/isaac_ros-dev/install/velodyne_msgs/lib/libvelodyne_msgs__rosidl_typesupport_introspection_cpp.so" to ""
[62.408s] -- Installing: /workspaces/isaac_ros-dev/install/velodyne_msgs/lib/libvelodyne_msgs__rosidl_typesupport_cpp.so
[62.408s] -- Set runtime path of "/workspaces/isaac_ros-dev/install/velodyne_msgs/lib/libvelodyne_msgs__rosidl_typesupport_cpp.so" to ""
[62.409s] -- Installing: /workspaces/isaac_ros-dev/install/velodyne_msgs/share/velodyne_msgs/environment/pythonpath.sh
[62.409s] -- Installing: /workspaces/isaac_ros-dev/install/velodyne_msgs/share/velodyne_msgs/environment/pythonpath.dsv
[62.409s] -- Installing: /workspaces/isaac_ros-dev/install/velodyne_msgs/lib/python3.8/site-packages/velodyne_msgs-2.3.0-py3.8.egg-info
[62.410s] -- Installing: /workspaces/isaac_ros-dev/install/velodyne_msgs/lib/python3.8/site-packages/velodyne_msgs-2.3.0-py3.8.egg-info/top_level.txt
[62.410s] -- Installing: /workspaces/isaac_ros-dev/install/velodyne_msgs/lib/python3.8/site-packages/velodyne_msgs-2.3.0-py3.8.egg-info/dependency_links.txt
[62.410s] -- Installing: /workspaces/isaac_ros-dev/install/velodyne_msgs/lib/python3.8/site-packages/velodyne_msgs-2.3.0-py3.8.egg-info/SOURCES.txt
[62.418s] -- Installing: /workspaces/isaac_ros-dev/install/velodyne_msgs/lib/python3.8/site-packages/velodyne_msgs-2.3.0-py3.8.egg-info/PKG-INFO
[62.445s] -- Installing: /workspaces/isaac_ros-dev/install/velodyne_msgs/lib/python3.8/site-packages/velodyne_msgs
[62.449s] -- Installing: /workspaces/isaac_ros-dev/install/velodyne_msgs/lib/python3.8/site-packages/velodyne_msgs/__init__.py
[62.450s] -- Installing: /workspaces/isaac_ros-dev/install/velodyne_msgs/lib/python3.8/site-packages/velodyne_msgs/msg
[62.451s] -- Installing: /workspaces/isaac_ros-dev/install/velodyne_msgs/lib/python3.8/site-packages/velodyne_msgs/msg/_velodyne_scan.py
[62.452s] -- Installing: /workspaces/isaac_ros-dev/install/velodyne_msgs/lib/python3.8/site-packages/velodyne_msgs/msg/__init__.py
[62.453s] -- Installing: /workspaces/isaac_ros-dev/install/velodyne_msgs/lib/python3.8/site-packages/velodyne_msgs/msg/_velodyne_packet_s.c
[62.454s] -- Installing: /workspaces/isaac_ros-dev/install/velodyne_msgs/lib/python3.8/site-packages/velodyne_msgs/msg/_velodyne_scan_s.c
[62.455s] -- Installing: /workspaces/isaac_ros-dev/install/velodyne_msgs/lib/python3.8/site-packages/velodyne_msgs/msg/_velodyne_packet.py
[62.455s] -- Installing: /workspaces/isaac_ros-dev/install/velodyne_msgs/lib/python3.8/site-packages/velodyne_msgs/_velodyne_msgs_s.ep.rosidl_typesupport_fastrtps_c.c
[62.455s] -- Installing: /workspaces/isaac_ros-dev/install/velodyne_msgs/lib/python3.8/site-packages/velodyne_msgs/_velodyne_msgs_s.ep.rosidl_typesupport_c.c
[62.456s] -- Installing: /workspaces/isaac_ros-dev/install/velodyne_msgs/lib/python3.8/site-packages/velodyne_msgs/libvelodyne_msgs__rosidl_generator_py.so
[62.456s] -- Installing: /workspaces/isaac_ros-dev/install/velodyne_msgs/lib/python3.8/site-packages/velodyne_msgs/_velodyne_msgs_s.ep.rosidl_typesupport_introspection_c.c
[62.457s] -- Installing: /workspaces/isaac_ros-dev/install/velodyne_msgs/lib/python3.8/site-packages/velodyne_msgs/velodyne_msgs_s__rosidl_typesupport_fastrtps_c.cpython-38-aarch64-linux-gnu.so
[62.457s] -- Installing: /workspaces/isaac_ros-dev/install/velodyne_msgs/lib/python3.8/site-packages/velodyne_msgs/velodyne_msgs_s__rosidl_typesupport_introspection_c.cpython-38-aarch64-linux-gnu.so
[62.458s] -- Installing: /workspaces/isaac_ros-dev/install/velodyne_msgs/lib/python3.8/site-packages/velodyne_msgs/velodyne_msgs_s__rosidl_typesupport_c.cpython-38-aarch64-linux-gnu.so
[62.458s] Listing '/workspaces/isaac_ros-dev/install/velodyne_msgs/lib/python3.8/site-packages/velodyne_msgs'...
[62.458s] Compiling '/workspaces/isaac_ros-dev/install/velodyne_msgs/lib/python3.8/site-packages/velodyne_msgs/__init__.py'...
[62.459s] Listing '/workspaces/isaac_ros-dev/install/velodyne_msgs/lib/python3.8/site-packages/velodyne_msgs/msg'...
[62.459s] Compiling '/workspaces/isaac_ros-dev/install/velodyne_msgs/lib/python3.8/site-packages/velodyne_msgs/msg/__init__.py'...
[62.471s] Compiling '/workspaces/isaac_ros-dev/install/velodyne_msgs/lib/python3.8/site-packages/velodyne_msgs/msg/_velodyne_packet.py'...
[62.480s] Compiling '/workspaces/isaac_ros-dev/install/velodyne_msgs/lib/python3.8/site-packages/velodyne_msgs/msg/_velodyne_scan.py'...
[62.481s] -- Installing: /workspaces/isaac_ros-dev/install/velodyne_msgs/lib/python3.8/site-packages/velodyne_msgs/velodyne_msgs_s__rosidl_typesupport_fastrtps_c.cpython-38-aarch64-linux-gnu.so
[62.481s] -- Set runtime path of "/workspaces/isaac_ros-dev/install/velodyne_msgs/lib/python3.8/site-packages/velodyne_msgs/velodyne_msgs_s__rosidl_typesupport_fastrtps_c.cpython-38-aarch64-linux-gnu.so" to ""
[62.482s] -- Installing: /workspaces/isaac_ros-dev/install/velodyne_msgs/lib/python3.8/site-packages/velodyne_msgs/velodyne_msgs_s__rosidl_typesupport_introspection_c.cpython-38-aarch64-linux-gnu.so
[62.484s] -- Set runtime path of "/workspaces/isaac_ros-dev/install/velodyne_msgs/lib/python3.8/site-packages/velodyne_msgs/velodyne_msgs_s__rosidl_typesupport_introspection_c.cpython-38-aarch64-linux-gnu.so" to ""
[62.486s] -- Installing: /workspaces/isaac_ros-dev/install/velodyne_msgs/lib/python3.8/site-packages/velodyne_msgs/velodyne_msgs_s__rosidl_typesupport_c.cpython-38-aarch64-linux-gnu.so
[62.493s] -- Set runtime path of "/workspaces/isaac_ros-dev/install/velodyne_msgs/lib/python3.8/site-packages/velodyne_msgs/velodyne_msgs_s__rosidl_typesupport_c.cpython-38-aarch64-linux-gnu.so" to ""
[62.494s] -- Installing: /workspaces/isaac_ros-dev/install/velodyne_msgs/lib/libvelodyne_msgs__rosidl_generator_py.so
[62.494s] -- Set runtime path of "/workspaces/isaac_ros-dev/install/velodyne_msgs/lib/libvelodyne_msgs__rosidl_generator_py.so" to ""
[62.494s] -- Installing: /workspaces/isaac_ros-dev/install/velodyne_msgs/share/velodyne_msgs/msg/VelodynePacket.idl
[62.495s] -- Installing: /workspaces/isaac_ros-dev/install/velodyne_msgs/share/velodyne_msgs/msg/VelodyneScan.idl
[62.495s] -- Installing: /workspaces/isaac_ros-dev/install/velodyne_msgs/share/velodyne_msgs/msg/VelodynePacket.msg
[62.495s] -- Installing: /workspaces/isaac_ros-dev/install/velodyne_msgs/share/velodyne_msgs/msg/VelodyneScan.msg
[62.495s] -- Installing: /workspaces/isaac_ros-dev/install/velodyne_msgs/share/ament_index/resource_index/package_run_dependencies/velodyne_msgs
[62.496s] -- Installing: /workspaces/isaac_ros-dev/install/velodyne_msgs/share/ament_index/resource_index/parent_prefix_path/velodyne_msgs
[62.497s] -- Installing: /workspaces/isaac_ros-dev/install/velodyne_msgs/share/velodyne_msgs/environment/ament_prefix_path.sh
[62.513s] -- Installing: /workspaces/isaac_ros-dev/install/velodyne_msgs/share/velodyne_msgs/environment/ament_prefix_path.dsv
[62.513s] -- Installing: /workspaces/isaac_ros-dev/install/velodyne_msgs/share/velodyne_msgs/environment/path.sh
[62.514s] -- Installing: /workspaces/isaac_ros-dev/install/velodyne_msgs/share/velodyne_msgs/environment/path.dsv
[62.514s] -- Installing: /workspaces/isaac_ros-dev/install/velodyne_msgs/share/velodyne_msgs/local_setup.bash
[62.514s] -- Installing: /workspaces/isaac_ros-dev/install/velodyne_msgs/share/velodyne_msgs/local_setup.sh
[62.515s] -- Installing: /workspaces/isaac_ros-dev/install/velodyne_msgs/share/velodyne_msgs/local_setup.zsh
[62.515s] -- Installing: /workspaces/isaac_ros-dev/install/velodyne_msgs/share/velodyne_msgs/local_setup.dsv
[62.518s] -- Installing: /workspaces/isaac_ros-dev/install/velodyne_msgs/share/velodyne_msgs/package.dsv
[62.519s] -- Installing: /workspaces/isaac_ros-dev/install/velodyne_msgs/share/ament_index/resource_index/packages/velodyne_msgs
[62.522s] -- Installing: /workspaces/isaac_ros-dev/install/velodyne_msgs/share/velodyne_msgs/cmake/export_velodyne_msgs__rosidl_generator_cExport.cmake
[62.522s] -- Installing: /workspaces/isaac_ros-dev/install/velodyne_msgs/share/velodyne_msgs/cmake/export_velodyne_msgs__rosidl_generator_cExport-noconfig.cmake
[62.523s] -- Installing: /workspaces/isaac_ros-dev/install/velodyne_msgs/share/velodyne_msgs/cmake/export_velodyne_msgs__rosidl_typesupport_fastrtps_cExport.cmake
[62.523s] -- Installing: /workspaces/isaac_ros-dev/install/velodyne_msgs/share/velodyne_msgs/cmake/export_velodyne_msgs__rosidl_typesupport_fastrtps_cExport-noconfig.cmake
[62.523s] -- Installing: /workspaces/isaac_ros-dev/install/velodyne_msgs/share/velodyne_msgs/cmake/export_velodyne_msgs__rosidl_generator_cppExport.cmake
[62.523s] -- Installing: /workspaces/isaac_ros-dev/install/velodyne_msgs/share/velodyne_msgs/cmake/export_velodyne_msgs__rosidl_typesupport_fastrtps_cppExport.cmake
[62.524s] -- Installing: /workspaces/isaac_ros-dev/install/velodyne_msgs/share/velodyne_msgs/cmake/export_velodyne_msgs__rosidl_typesupport_fastrtps_cppExport-noconfig.cmake
[62.524s] -- Installing: /workspaces/isaac_ros-dev/install/velodyne_msgs/share/velodyne_msgs/cmake/velodyne_msgs__rosidl_typesupport_introspection_cExport.cmake
[62.525s] -- Installing: /workspaces/isaac_ros-dev/install/velodyne_msgs/share/velodyne_msgs/cmake/velodyne_msgs__rosidl_typesupport_introspection_cExport-noconfig.cmake
[62.525s] -- Installing: /workspaces/isaac_ros-dev/install/velodyne_msgs/share/velodyne_msgs/cmake/velodyne_msgs__rosidl_typesupport_cExport.cmake
[62.525s] -- Installing: /workspaces/isaac_ros-dev/install/velodyne_msgs/share/velodyne_msgs/cmake/velodyne_msgs__rosidl_typesupport_cExport-noconfig.cmake
[62.525s] -- Installing: /workspaces/isaac_ros-dev/install/velodyne_msgs/share/velodyne_msgs/cmake/velodyne_msgs__rosidl_typesupport_introspection_cppExport.cmake
[62.526s] -- Installing: /workspaces/isaac_ros-dev/install/velodyne_msgs/share/velodyne_msgs/cmake/velodyne_msgs__rosidl_typesupport_introspection_cppExport-noconfig.cmake
[62.526s] -- Installing: /workspaces/isaac_ros-dev/install/velodyne_msgs/share/velodyne_msgs/cmake/velodyne_msgs__rosidl_typesupport_cppExport.cmake
[62.528s] -- Installing: /workspaces/isaac_ros-dev/install/velodyne_msgs/share/velodyne_msgs/cmake/velodyne_msgs__rosidl_typesupport_cppExport-noconfig.cmake
[62.528s] -- Installing: /workspaces/isaac_ros-dev/install/velodyne_msgs/share/velodyne_msgs/cmake/export_velodyne_msgs__rosidl_generator_pyExport.cmake
[62.528s] -- Installing: /workspaces/isaac_ros-dev/install/velodyne_msgs/share/velodyne_msgs/cmake/export_velodyne_msgs__rosidl_generator_pyExport-noconfig.cmake
[62.530s] -- Installing: /workspaces/isaac_ros-dev/install/velodyne_msgs/share/velodyne_msgs/cmake/rosidl_cmake-extras.cmake
[62.530s] -- Installing: /workspaces/isaac_ros-dev/install/velodyne_msgs/share/velodyne_msgs/cmake/ament_cmake_export_dependencies-extras.cmake
[62.531s] -- Installing: /workspaces/isaac_ros-dev/install/velodyne_msgs/share/velodyne_msgs/cmake/ament_cmake_export_include_directories-extras.cmake
[62.531s] -- Installing: /workspaces/isaac_ros-dev/install/velodyne_msgs/share/velodyne_msgs/cmake/ament_cmake_export_libraries-extras.cmake
[62.531s] -- Installing: /workspaces/isaac_ros-dev/install/velodyne_msgs/share/velodyne_msgs/cmake/ament_cmake_export_targets-extras.cmake
[62.532s] -- Installing: /workspaces/isaac_ros-dev/install/velodyne_msgs/share/velodyne_msgs/cmake/rosidl_cmake_export_typesupport_targets-extras.cmake
[62.532s] -- Installing: /workspaces/isaac_ros-dev/install/velodyne_msgs/share/velodyne_msgs/cmake/rosidl_cmake_export_typesupport_libraries-extras.cmake
[62.532s] -- Installing: /workspaces/isaac_ros-dev/install/velodyne_msgs/share/velodyne_msgs/cmake/velodyne_msgsConfig.cmake
[62.533s] -- Installing: /workspaces/isaac_ros-dev/install/velodyne_msgs/share/velodyne_msgs/cmake/velodyne_msgsConfig-version.cmake
[62.533s] -- Installing: /workspaces/isaac_ros-dev/install/velodyne_msgs/share/velodyne_msgs/package.xml
[62.533s] Invoked command in '/workspaces/isaac_ros-dev/build/velodyne_msgs' returned '0': CMAKE_PREFIX_PATH=/workspaces/isaac_ros-dev/install/yolov8_bringup:/workspaces/isaac_ros-dev/install/xacro:/workspaces/isaac_ros-dev/install/vision_msgs:/workspaces/isaac_ros-dev/install/velodyne_driver:/workspaces/isaac_ros-dev/install/velodyne_msgs:/workspaces/isaac_ros-dev/install/velodyne_laserscan:/workspaces/isaac_ros-dev/install/vectornav_msgs:/workspaces/isaac_ros-dev/install/sdv_msg:/workspaces/isaac_ros-dev/install/sdv_localization_msgs:/workspaces/isaac_ros-dev/install/my_package:/workspaces/isaac_ros-dev/install/multisense_msgs:/workspaces/isaac_ros-dev/install/multisense_lib:/workspaces/isaac_ros-dev/install/isaac_ros_visual_slam_interfaces:/workspaces/isaac_ros-dev/install/isaac_ros_tensor_list_interfaces:/workspaces/isaac_ros-dev/install/isaac_ros_common:/workspaces/isaac_ros-dev/install/isaac_ros_bi3d_interfaces:/workspaces/isaac_ros-dev/install/isaac_ros_apriltag_interfaces:/workspaces/isaac_ros-dev/install/yolov8_ros:/workspaces/isaac_ros-dev/install/panel:/workspaces/isaac_ros-dev/install/isaac_ros_test:/workspaces/isaac_ros-dev/install/encoder:/opt/ros/humble/install /usr/bin/cmake --install /workspaces/isaac_ros-dev/build/velodyne_msgs
