[0.391s] Invoking command in '/workspaces/isaac_ros-dev/build/slam_toolbox': CMAKE_PREFIX_PATH=/workspaces/isaac_ros-dev/install/yolov8_bringup:/workspaces/isaac_ros-dev/install/multisense_ros:/workspaces/isaac_ros-dev/install/xacro:/workspaces/isaac_ros-dev/install/vision_msgs_rviz_plugins:/workspaces/isaac_ros-dev/install/vision_msgs:/workspaces/isaac_ros-dev/install/velodyne:/workspaces/isaac_ros-dev/install/velodyne_pointcloud:/workspaces/isaac_ros-dev/install/velodyne_driver:/workspaces/isaac_ros-dev/install/velodyne_msgs:/workspaces/isaac_ros-dev/install/velodyne_laserscan:/workspaces/isaac_ros-dev/install/vectornav:/workspaces/isaac_ros-dev/install/sdv_localization:/workspaces/isaac_ros-dev/install/vectornav_msgs:/workspaces/isaac_ros-dev/install/slam_toolbox:/workspaces/isaac_ros-dev/install/sdv_msg:/workspaces/isaac_ros-dev/install/sdv_localization_msgs:/workspaces/isaac_ros-dev/install/pointcloud_to_laserscan:/workspaces/isaac_ros-dev/install/my_package:/workspaces/isaac_ros-dev/install/multisense_msgs:/workspaces/isaac_ros-dev/install/multisense_lib:/workspaces/isaac_ros-dev/install/isaac_ros_visual_slam:/workspaces/isaac_ros-dev/install/isaac_ros_visual_slam_interfaces:/workspaces/isaac_ros-dev/install/isaac_ros_tensor_list_interfaces:/workspaces/isaac_ros-dev/install/isaac_ros_common:/workspaces/isaac_ros-dev/install/isaac_ros_bi3d_interfaces:/workspaces/isaac_ros-dev/install/isaac_ros_apriltag_interfaces:/workspaces/isaac_ros-dev/install/yolov8_ros:/workspaces/isaac_ros-dev/install/xbox_controller:/workspaces/isaac_ros-dev/install/panel:/workspaces/isaac_ros-dev/install/isaac_ros_test:/workspaces/isaac_ros-dev/install/encoder:/opt/ros/humble/install /usr/bin/cmake --build /workspaces/isaac_ros-dev/build/slam_toolbox -- -j8 -l8
[0.743s] [  1%] Built target slam_toolbox__cpp
[0.759s] [ 10%] Built target slam_toolbox__rosidl_generator_c
[0.794s] [ 10%] Built target ament_cmake_python_copy_slam_toolbox
[0.876s] [ 12%] Built target kartoSlamToolbox
[0.989s] [ 21%] Built target slam_toolbox__rosidl_typesupport_fastrtps_c
[0.997s] [ 29%] Built target slam_toolbox__rosidl_typesupport_introspection_cpp
[1.022s] [ 38%] Built target slam_toolbox__rosidl_typesupport_fastrtps_cpp
[1.031s] [ 46%] Built target slam_toolbox__rosidl_typesupport_cpp
[1.039s] [ 54%] Built target slam_toolbox__rosidl_typesupport_c
[1.053s] [ 62%] Built target slam_toolbox__rosidl_typesupport_introspection_c
[1.235s] [ 62%] Built target slam_toolbox
[1.341s] [ 64%] Built target SlamToolboxPlugin
[1.359s] [ 66%] Built target ceres_solver_plugin
[1.365s] [ 71%] Built target toolbox_common
[1.397s] [ 71%] Built target slam_toolbox__py
[1.631s] [ 73%] Built target async_slam_toolbox
[1.660s] [ 75%] Built target merge_maps_kinematic
[1.664s] [ 76%] Built target localization_slam_toolbox
[1.688s] [ 78%] Built target sync_slam_toolbox
[1.720s] [ 79%] Built target lifelong_slam_toolbox
[1.814s] [ 87%] Built target slam_toolbox__rosidl_generator_py
[1.941s] [ 88%] Built target async_slam_toolbox_node
[1.977s] [ 90%] Built target localization_slam_toolbox_node
[1.978s] [ 91%] Built target slam_toolbox__rosidl_typesupport_fastrtps_c__pyext
[2.013s] [ 92%] Built target map_and_localization_slam_toolbox
[2.014s] [ 94%] Built target slam_toolbox__rosidl_typesupport_introspection_c__pyext
[2.049s] [ 95%] Built target sync_slam_toolbox_node
[2.061s] [ 97%] Built target lifelong_slam_toolbox_node
[2.138s] [ 99%] Built target slam_toolbox__rosidl_typesupport_c__pyext
[2.240s] [100%] Built target map_and_localization_slam_toolbox_node
[2.967s] running egg_info
[3.030s] writing slam_toolbox.egg-info/PKG-INFO
[3.030s] writing dependency_links to slam_toolbox.egg-info/dependency_links.txt
[3.032s] writing top-level names to slam_toolbox.egg-info/top_level.txt
[3.214s] reading manifest file 'slam_toolbox.egg-info/SOURCES.txt'
[3.217s] writing manifest file 'slam_toolbox.egg-info/SOURCES.txt'
[3.366s] [100%] Built target ament_cmake_python_build_slam_toolbox_egg
[4.169s] Invoked command in '/workspaces/isaac_ros-dev/build/slam_toolbox' returned '0': CMAKE_PREFIX_PATH=/workspaces/isaac_ros-dev/install/yolov8_bringup:/workspaces/isaac_ros-dev/install/multisense_ros:/workspaces/isaac_ros-dev/install/xacro:/workspaces/isaac_ros-dev/install/vision_msgs_rviz_plugins:/workspaces/isaac_ros-dev/install/vision_msgs:/workspaces/isaac_ros-dev/install/velodyne:/workspaces/isaac_ros-dev/install/velodyne_pointcloud:/workspaces/isaac_ros-dev/install/velodyne_driver:/workspaces/isaac_ros-dev/install/velodyne_msgs:/workspaces/isaac_ros-dev/install/velodyne_laserscan:/workspaces/isaac_ros-dev/install/vectornav:/workspaces/isaac_ros-dev/install/sdv_localization:/workspaces/isaac_ros-dev/install/vectornav_msgs:/workspaces/isaac_ros-dev/install/slam_toolbox:/workspaces/isaac_ros-dev/install/sdv_msg:/workspaces/isaac_ros-dev/install/sdv_localization_msgs:/workspaces/isaac_ros-dev/install/pointcloud_to_laserscan:/workspaces/isaac_ros-dev/install/my_package:/workspaces/isaac_ros-dev/install/multisense_msgs:/workspaces/isaac_ros-dev/install/multisense_lib:/workspaces/isaac_ros-dev/install/isaac_ros_visual_slam:/workspaces/isaac_ros-dev/install/isaac_ros_visual_slam_interfaces:/workspaces/isaac_ros-dev/install/isaac_ros_tensor_list_interfaces:/workspaces/isaac_ros-dev/install/isaac_ros_common:/workspaces/isaac_ros-dev/install/isaac_ros_bi3d_interfaces:/workspaces/isaac_ros-dev/install/isaac_ros_apriltag_interfaces:/workspaces/isaac_ros-dev/install/yolov8_ros:/workspaces/isaac_ros-dev/install/xbox_controller:/workspaces/isaac_ros-dev/install/panel:/workspaces/isaac_ros-dev/install/isaac_ros_test:/workspaces/isaac_ros-dev/install/encoder:/opt/ros/humble/install /usr/bin/cmake --build /workspaces/isaac_ros-dev/build/slam_toolbox -- -j8 -l8
[7.267s] Invoking command in '/workspaces/isaac_ros-dev/build/slam_toolbox': CMAKE_PREFIX_PATH=/workspaces/isaac_ros-dev/install/yolov8_bringup:/workspaces/isaac_ros-dev/install/multisense_ros:/workspaces/isaac_ros-dev/install/xacro:/workspaces/isaac_ros-dev/install/vision_msgs_rviz_plugins:/workspaces/isaac_ros-dev/install/vision_msgs:/workspaces/isaac_ros-dev/install/velodyne:/workspaces/isaac_ros-dev/install/velodyne_pointcloud:/workspaces/isaac_ros-dev/install/velodyne_driver:/workspaces/isaac_ros-dev/install/velodyne_msgs:/workspaces/isaac_ros-dev/install/velodyne_laserscan:/workspaces/isaac_ros-dev/install/vectornav:/workspaces/isaac_ros-dev/install/sdv_localization:/workspaces/isaac_ros-dev/install/vectornav_msgs:/workspaces/isaac_ros-dev/install/slam_toolbox:/workspaces/isaac_ros-dev/install/sdv_msg:/workspaces/isaac_ros-dev/install/sdv_localization_msgs:/workspaces/isaac_ros-dev/install/pointcloud_to_laserscan:/workspaces/isaac_ros-dev/install/my_package:/workspaces/isaac_ros-dev/install/multisense_msgs:/workspaces/isaac_ros-dev/install/multisense_lib:/workspaces/isaac_ros-dev/install/isaac_ros_visual_slam:/workspaces/isaac_ros-dev/install/isaac_ros_visual_slam_interfaces:/workspaces/isaac_ros-dev/install/isaac_ros_tensor_list_interfaces:/workspaces/isaac_ros-dev/install/isaac_ros_common:/workspaces/isaac_ros-dev/install/isaac_ros_bi3d_interfaces:/workspaces/isaac_ros-dev/install/isaac_ros_apriltag_interfaces:/workspaces/isaac_ros-dev/install/yolov8_ros:/workspaces/isaac_ros-dev/install/xbox_controller:/workspaces/isaac_ros-dev/install/panel:/workspaces/isaac_ros-dev/install/isaac_ros_test:/workspaces/isaac_ros-dev/install/encoder:/opt/ros/humble/install /usr/bin/cmake --install /workspaces/isaac_ros-dev/build/slam_toolbox
[7.318s] -- Install configuration: "Release"
[7.319s] -- Up-to-date: /workspaces/isaac_ros-dev/install/slam_toolbox/share/ament_index/resource_index/rosidl_interfaces/slam_toolbox
[7.320s] -- Up-to-date: /workspaces/isaac_ros-dev/install/slam_toolbox/include/slam_toolbox/slam_toolbox
[7.320s] -- Up-to-date: /workspaces/isaac_ros-dev/install/slam_toolbox/include/slam_toolbox/slam_toolbox/srv
[7.321s] -- Up-to-date: /workspaces/isaac_ros-dev/install/slam_toolbox/include/slam_toolbox/slam_toolbox/srv/save_map.h
[7.322s] -- Up-to-date: /workspaces/isaac_ros-dev/install/slam_toolbox/include/slam_toolbox/slam_toolbox/srv/merge_maps.h
[7.324s] -- Up-to-date: /workspaces/isaac_ros-dev/install/slam_toolbox/include/slam_toolbox/slam_toolbox/srv/toggle_interactive.h
[7.325s] -- Up-to-date: /workspaces/isaac_ros-dev/install/slam_toolbox/include/slam_toolbox/slam_toolbox/srv/serialize_pose_graph.h
[7.326s] -- Up-to-date: /workspaces/isaac_ros-dev/install/slam_toolbox/include/slam_toolbox/slam_toolbox/srv/clear_queue.h
[7.326s] -- Up-to-date: /workspaces/isaac_ros-dev/install/slam_toolbox/include/slam_toolbox/slam_toolbox/srv/pause.h
[7.326s] -- Up-to-date: /workspaces/isaac_ros-dev/install/slam_toolbox/include/slam_toolbox/slam_toolbox/srv/clear.h
[7.327s] -- Up-to-date: /workspaces/isaac_ros-dev/install/slam_toolbox/include/slam_toolbox/slam_toolbox/srv/loop_closure.h
[7.327s] -- Up-to-date: /workspaces/isaac_ros-dev/install/slam_toolbox/include/slam_toolbox/slam_toolbox/srv/deserialize_pose_graph.h
[7.327s] -- Up-to-date: /workspaces/isaac_ros-dev/install/slam_toolbox/include/slam_toolbox/slam_toolbox/srv/detail
[7.328s] -- Up-to-date: /workspaces/isaac_ros-dev/install/slam_toolbox/include/slam_toolbox/slam_toolbox/srv/detail/merge_maps__type_support.h
[7.328s] -- Up-to-date: /workspaces/isaac_ros-dev/install/slam_toolbox/include/slam_toolbox/slam_toolbox/srv/detail/add_submap__type_support.h
[7.328s] -- Up-to-date: /workspaces/isaac_ros-dev/install/slam_toolbox/include/slam_toolbox/slam_toolbox/srv/detail/serialize_pose_graph__functions.c
[7.329s] -- Up-to-date: /workspaces/isaac_ros-dev/install/slam_toolbox/include/slam_toolbox/slam_toolbox/srv/detail/toggle_interactive__functions.c
[7.329s] -- Up-to-date: /workspaces/isaac_ros-dev/install/slam_toolbox/include/slam_toolbox/slam_toolbox/srv/detail/save_map__struct.h
[7.332s] -- Up-to-date: /workspaces/isaac_ros-dev/install/slam_toolbox/include/slam_toolbox/slam_toolbox/srv/detail/clear_queue__functions.c
[7.333s] -- Up-to-date: /workspaces/isaac_ros-dev/install/slam_toolbox/include/slam_toolbox/slam_toolbox/srv/detail/deserialize_pose_graph__type_support.h
[7.334s] -- Up-to-date: /workspaces/isaac_ros-dev/install/slam_toolbox/include/slam_toolbox/slam_toolbox/srv/detail/clear__type_support.h
[7.334s] -- Up-to-date: /workspaces/isaac_ros-dev/install/slam_toolbox/include/slam_toolbox/slam_toolbox/srv/detail/pause__functions.h
[7.334s] -- Up-to-date: /workspaces/isaac_ros-dev/install/slam_toolbox/include/slam_toolbox/slam_toolbox/srv/detail/toggle_interactive__type_support.h
[7.335s] -- Up-to-date: /workspaces/isaac_ros-dev/install/slam_toolbox/include/slam_toolbox/slam_toolbox/srv/detail/deserialize_pose_graph__functions.c
[7.335s] -- Up-to-date: /workspaces/isaac_ros-dev/install/slam_toolbox/include/slam_toolbox/slam_toolbox/srv/detail/save_map__functions.c
[7.335s] -- Up-to-date: /workspaces/isaac_ros-dev/install/slam_toolbox/include/slam_toolbox/slam_toolbox/srv/detail/clear_queue__functions.h
[7.336s] -- Up-to-date: /workspaces/isaac_ros-dev/install/slam_toolbox/include/slam_toolbox/slam_toolbox/srv/detail/add_submap__functions.h
[7.337s] -- Up-to-date: /workspaces/isaac_ros-dev/install/slam_toolbox/include/slam_toolbox/slam_toolbox/srv/detail/save_map__type_support.h
[7.337s] -- Up-to-date: /workspaces/isaac_ros-dev/install/slam_toolbox/include/slam_toolbox/slam_toolbox/srv/detail/loop_closure__struct.h
[7.338s] -- Up-to-date: /workspaces/isaac_ros-dev/install/slam_toolbox/include/slam_toolbox/slam_toolbox/srv/detail/toggle_interactive__functions.h
[7.338s] -- Up-to-date: /workspaces/isaac_ros-dev/install/slam_toolbox/include/slam_toolbox/slam_toolbox/srv/detail/add_submap__functions.c
[7.338s] -- Up-to-date: /workspaces/isaac_ros-dev/install/slam_toolbox/include/slam_toolbox/slam_toolbox/srv/detail/add_submap__struct.h
[7.339s] -- Up-to-date: /workspaces/isaac_ros-dev/install/slam_toolbox/include/slam_toolbox/slam_toolbox/srv/detail/clear__functions.h
[7.340s] -- Up-to-date: /workspaces/isaac_ros-dev/install/slam_toolbox/include/slam_toolbox/slam_toolbox/srv/detail/merge_maps__functions.h
[7.341s] -- Up-to-date: /workspaces/isaac_ros-dev/install/slam_toolbox/include/slam_toolbox/slam_toolbox/srv/detail/serialize_pose_graph__type_support.h
[7.341s] -- Up-to-date: /workspaces/isaac_ros-dev/install/slam_toolbox/include/slam_toolbox/slam_toolbox/srv/detail/deserialize_pose_graph__struct.h
[7.342s] -- Up-to-date: /workspaces/isaac_ros-dev/install/slam_toolbox/include/slam_toolbox/slam_toolbox/srv/detail/clear__struct.h
[7.342s] -- Up-to-date: /workspaces/isaac_ros-dev/install/slam_toolbox/include/slam_toolbox/slam_toolbox/srv/detail/clear_queue__type_support.h
[7.342s] -- Up-to-date: /workspaces/isaac_ros-dev/install/slam_toolbox/include/slam_toolbox/slam_toolbox/srv/detail/serialize_pose_graph__functions.h
[7.343s] -- Up-to-date: /workspaces/isaac_ros-dev/install/slam_toolbox/include/slam_toolbox/slam_toolbox/srv/detail/pause__functions.c
[7.343s] -- Up-to-date: /workspaces/isaac_ros-dev/install/slam_toolbox/include/slam_toolbox/slam_toolbox/srv/detail/merge_maps__functions.c
[7.344s] -- Up-to-date: /workspaces/isaac_ros-dev/install/slam_toolbox/include/slam_toolbox/slam_toolbox/srv/detail/save_map__functions.h
[7.344s] -- Up-to-date: /workspaces/isaac_ros-dev/install/slam_toolbox/include/slam_toolbox/slam_toolbox/srv/detail/merge_maps__struct.h
[7.344s] -- Up-to-date: /workspaces/isaac_ros-dev/install/slam_toolbox/include/slam_toolbox/slam_toolbox/srv/detail/loop_closure__functions.c
[7.345s] -- Up-to-date: /workspaces/isaac_ros-dev/install/slam_toolbox/include/slam_toolbox/slam_toolbox/srv/detail/pause__type_support.h
[7.345s] -- Up-to-date: /workspaces/isaac_ros-dev/install/slam_toolbox/include/slam_toolbox/slam_toolbox/srv/detail/loop_closure__type_support.h
[7.352s] -- Up-to-date: /workspaces/isaac_ros-dev/install/slam_toolbox/include/slam_toolbox/slam_toolbox/srv/detail/clear_queue__struct.h
[7.358s] -- Up-to-date: /workspaces/isaac_ros-dev/install/slam_toolbox/include/slam_toolbox/slam_toolbox/srv/detail/pause__struct.h
[7.361s] -- Up-to-date: /workspaces/isaac_ros-dev/install/slam_toolbox/include/slam_toolbox/slam_toolbox/srv/detail/deserialize_pose_graph__functions.h
[7.363s] -- Up-to-date: /workspaces/isaac_ros-dev/install/slam_toolbox/include/slam_toolbox/slam_toolbox/srv/detail/clear__functions.c
[7.363s] -- Up-to-date: /workspaces/isaac_ros-dev/install/slam_toolbox/include/slam_toolbox/slam_toolbox/srv/detail/toggle_interactive__struct.h
[7.363s] -- Up-to-date: /workspaces/isaac_ros-dev/install/slam_toolbox/include/slam_toolbox/slam_toolbox/srv/detail/serialize_pose_graph__struct.h
[7.364s] -- Up-to-date: /workspaces/isaac_ros-dev/install/slam_toolbox/include/slam_toolbox/slam_toolbox/srv/detail/loop_closure__functions.h
[7.364s] -- Up-to-date: /workspaces/isaac_ros-dev/install/slam_toolbox/include/slam_toolbox/slam_toolbox/srv/add_submap.h
[7.364s] -- Up-to-date: /workspaces/isaac_ros-dev/install/slam_toolbox/include/slam_toolbox/slam_toolbox/msg
[7.366s] -- Up-to-date: /workspaces/isaac_ros-dev/install/slam_toolbox/include/slam_toolbox/slam_toolbox/msg/rosidl_generator_c__visibility_control.h
[7.368s] -- Up-to-date: /workspaces/isaac_ros-dev/install/slam_toolbox/share/slam_toolbox/environment/library_path.sh
[7.371s] -- Up-to-date: /workspaces/isaac_ros-dev/install/slam_toolbox/share/slam_toolbox/environment/library_path.dsv
[7.403s] -- Up-to-date: /workspaces/isaac_ros-dev/install/slam_toolbox/lib/libslam_toolbox__rosidl_generator_c.so
[7.403s] -- Up-to-date: /workspaces/isaac_ros-dev/install/slam_toolbox/include/slam_toolbox/slam_toolbox
[7.405s] -- Up-to-date: /workspaces/isaac_ros-dev/install/slam_toolbox/include/slam_toolbox/slam_toolbox/srv
[7.405s] -- Up-to-date: /workspaces/isaac_ros-dev/install/slam_toolbox/include/slam_toolbox/slam_toolbox/srv/detail
[7.405s] -- Up-to-date: /workspaces/isaac_ros-dev/install/slam_toolbox/include/slam_toolbox/slam_toolbox/srv/detail/loop_closure__rosidl_typesupport_fastrtps_c.h
[7.406s] -- Up-to-date: /workspaces/isaac_ros-dev/install/slam_toolbox/include/slam_toolbox/slam_toolbox/srv/detail/add_submap__rosidl_typesupport_fastrtps_c.h
[7.406s] -- Up-to-date: /workspaces/isaac_ros-dev/install/slam_toolbox/include/slam_toolbox/slam_toolbox/srv/detail/clear_queue__rosidl_typesupport_fastrtps_c.h
[7.406s] -- Up-to-date: /workspaces/isaac_ros-dev/install/slam_toolbox/include/slam_toolbox/slam_toolbox/srv/detail/toggle_interactive__rosidl_typesupport_fastrtps_c.h
[7.406s] -- Up-to-date: /workspaces/isaac_ros-dev/install/slam_toolbox/include/slam_toolbox/slam_toolbox/srv/detail/merge_maps__rosidl_typesupport_fastrtps_c.h
[7.407s] -- Up-to-date: /workspaces/isaac_ros-dev/install/slam_toolbox/include/slam_toolbox/slam_toolbox/srv/detail/clear__rosidl_typesupport_fastrtps_c.h
[7.416s] -- Up-to-date: /workspaces/isaac_ros-dev/install/slam_toolbox/include/slam_toolbox/slam_toolbox/srv/detail/save_map__rosidl_typesupport_fastrtps_c.h
[7.418s] -- Up-to-date: /workspaces/isaac_ros-dev/install/slam_toolbox/include/slam_toolbox/slam_toolbox/srv/detail/deserialize_pose_graph__rosidl_typesupport_fastrtps_c.h
[7.419s] -- Up-to-date: /workspaces/isaac_ros-dev/install/slam_toolbox/include/slam_toolbox/slam_toolbox/srv/detail/serialize_pose_graph__rosidl_typesupport_fastrtps_c.h
[7.419s] -- Up-to-date: /workspaces/isaac_ros-dev/install/slam_toolbox/include/slam_toolbox/slam_toolbox/srv/detail/pause__rosidl_typesupport_fastrtps_c.h
[7.421s] -- Up-to-date: /workspaces/isaac_ros-dev/install/slam_toolbox/include/slam_toolbox/slam_toolbox/msg
[7.421s] -- Up-to-date: /workspaces/isaac_ros-dev/install/slam_toolbox/include/slam_toolbox/slam_toolbox/msg/rosidl_typesupport_fastrtps_c__visibility_control.h
[7.421s] -- Up-to-date: /workspaces/isaac_ros-dev/install/slam_toolbox/lib/libslam_toolbox__rosidl_typesupport_fastrtps_c.so
[7.423s] -- Up-to-date: /workspaces/isaac_ros-dev/install/slam_toolbox/include/slam_toolbox/slam_toolbox
[7.423s] -- Up-to-date: /workspaces/isaac_ros-dev/install/slam_toolbox/include/slam_toolbox/slam_toolbox/srv
[7.424s] -- Up-to-date: /workspaces/isaac_ros-dev/install/slam_toolbox/include/slam_toolbox/slam_toolbox/srv/toggle_interactive.hpp
[7.424s] -- Up-to-date: /workspaces/isaac_ros-dev/install/slam_toolbox/include/slam_toolbox/slam_toolbox/srv/clear_queue.hpp
[7.424s] -- Up-to-date: /workspaces/isaac_ros-dev/install/slam_toolbox/include/slam_toolbox/slam_toolbox/srv/deserialize_pose_graph.hpp
[7.426s] -- Up-to-date: /workspaces/isaac_ros-dev/install/slam_toolbox/include/slam_toolbox/slam_toolbox/srv/pause.hpp
[7.426s] -- Up-to-date: /workspaces/isaac_ros-dev/install/slam_toolbox/include/slam_toolbox/slam_toolbox/srv/add_submap.hpp
[7.427s] -- Up-to-date: /workspaces/isaac_ros-dev/install/slam_toolbox/include/slam_toolbox/slam_toolbox/srv/clear.hpp
[7.427s] -- Up-to-date: /workspaces/isaac_ros-dev/install/slam_toolbox/include/slam_toolbox/slam_toolbox/srv/detail
[7.427s] -- Up-to-date: /workspaces/isaac_ros-dev/install/slam_toolbox/include/slam_toolbox/slam_toolbox/srv/detail/add_submap__struct.hpp
[7.428s] -- Up-to-date: /workspaces/isaac_ros-dev/install/slam_toolbox/include/slam_toolbox/slam_toolbox/srv/detail/save_map__builder.hpp
[7.428s] -- Up-to-date: /workspaces/isaac_ros-dev/install/slam_toolbox/include/slam_toolbox/slam_toolbox/srv/detail/serialize_pose_graph__traits.hpp
[7.428s] -- Up-to-date: /workspaces/isaac_ros-dev/install/slam_toolbox/include/slam_toolbox/slam_toolbox/srv/detail/clear_queue__traits.hpp
[7.428s] -- Up-to-date: /workspaces/isaac_ros-dev/install/slam_toolbox/include/slam_toolbox/slam_toolbox/srv/detail/toggle_interactive__builder.hpp
[7.429s] -- Up-to-date: /workspaces/isaac_ros-dev/install/slam_toolbox/include/slam_toolbox/slam_toolbox/srv/detail/loop_closure__traits.hpp
[7.429s] -- Up-to-date: /workspaces/isaac_ros-dev/install/slam_toolbox/include/slam_toolbox/slam_toolbox/srv/detail/add_submap__builder.hpp
[7.429s] -- Up-to-date: /workspaces/isaac_ros-dev/install/slam_toolbox/include/slam_toolbox/slam_toolbox/srv/detail/save_map__traits.hpp
[7.429s] -- Up-to-date: /workspaces/isaac_ros-dev/install/slam_toolbox/include/slam_toolbox/slam_toolbox/srv/detail/pause__struct.hpp
[7.430s] -- Up-to-date: /workspaces/isaac_ros-dev/install/slam_toolbox/include/slam_toolbox/slam_toolbox/srv/detail/add_submap__traits.hpp
[7.430s] -- Up-to-date: /workspaces/isaac_ros-dev/install/slam_toolbox/include/slam_toolbox/slam_toolbox/srv/detail/deserialize_pose_graph__traits.hpp
[7.435s] -- Up-to-date: /workspaces/isaac_ros-dev/install/slam_toolbox/include/slam_toolbox/slam_toolbox/srv/detail/clear_queue__builder.hpp
[7.436s] -- Up-to-date: /workspaces/isaac_ros-dev/install/slam_toolbox/include/slam_toolbox/slam_toolbox/srv/detail/merge_maps__builder.hpp
[7.436s] -- Up-to-date: /workspaces/isaac_ros-dev/install/slam_toolbox/include/slam_toolbox/slam_toolbox/srv/detail/loop_closure__struct.hpp
[7.437s] -- Up-to-date: /workspaces/isaac_ros-dev/install/slam_toolbox/include/slam_toolbox/slam_toolbox/srv/detail/loop_closure__builder.hpp
[7.437s] -- Up-to-date: /workspaces/isaac_ros-dev/install/slam_toolbox/include/slam_toolbox/slam_toolbox/srv/detail/merge_maps__struct.hpp
[7.444s] -- Up-to-date: /workspaces/isaac_ros-dev/install/slam_toolbox/include/slam_toolbox/slam_toolbox/srv/detail/deserialize_pose_graph__builder.hpp
[7.445s] -- Up-to-date: /workspaces/isaac_ros-dev/install/slam_toolbox/include/slam_toolbox/slam_toolbox/srv/detail/merge_maps__traits.hpp
[7.445s] -- Up-to-date: /workspaces/isaac_ros-dev/install/slam_toolbox/include/slam_toolbox/slam_toolbox/srv/detail/clear__traits.hpp
[7.446s] -- Up-to-date: /workspaces/isaac_ros-dev/install/slam_toolbox/include/slam_toolbox/slam_toolbox/srv/detail/serialize_pose_graph__struct.hpp
[7.446s] -- Up-to-date: /workspaces/isaac_ros-dev/install/slam_toolbox/include/slam_toolbox/slam_toolbox/srv/detail/toggle_interactive__struct.hpp
[7.446s] -- Up-to-date: /workspaces/isaac_ros-dev/install/slam_toolbox/include/slam_toolbox/slam_toolbox/srv/detail/save_map__struct.hpp
[7.447s] -- Up-to-date: /workspaces/isaac_ros-dev/install/slam_toolbox/include/slam_toolbox/slam_toolbox/srv/detail/clear__struct.hpp
[7.457s] -- Up-to-date: /workspaces/isaac_ros-dev/install/slam_toolbox/include/slam_toolbox/slam_toolbox/srv/detail/clear_queue__struct.hpp
[7.460s] -- Up-to-date: /workspaces/isaac_ros-dev/install/slam_toolbox/include/slam_toolbox/slam_toolbox/srv/detail/toggle_interactive__traits.hpp
[7.460s] -- Up-to-date: /workspaces/isaac_ros-dev/install/slam_toolbox/include/slam_toolbox/slam_toolbox/srv/detail/deserialize_pose_graph__struct.hpp
[7.461s] -- Up-to-date: /workspaces/isaac_ros-dev/install/slam_toolbox/include/slam_toolbox/slam_toolbox/srv/detail/pause__traits.hpp
[7.493s] -- Up-to-date: /workspaces/isaac_ros-dev/install/slam_toolbox/include/slam_toolbox/slam_toolbox/srv/detail/pause__builder.hpp
[7.494s] -- Up-to-date: /workspaces/isaac_ros-dev/install/slam_toolbox/include/slam_toolbox/slam_toolbox/srv/detail/clear__builder.hpp
[7.494s] -- Up-to-date: /workspaces/isaac_ros-dev/install/slam_toolbox/include/slam_toolbox/slam_toolbox/srv/detail/serialize_pose_graph__builder.hpp
[7.495s] -- Up-to-date: /workspaces/isaac_ros-dev/install/slam_toolbox/include/slam_toolbox/slam_toolbox/srv/loop_closure.hpp
[7.495s] -- Up-to-date: /workspaces/isaac_ros-dev/install/slam_toolbox/include/slam_toolbox/slam_toolbox/srv/serialize_pose_graph.hpp
[7.497s] -- Up-to-date: /workspaces/isaac_ros-dev/install/slam_toolbox/include/slam_toolbox/slam_toolbox/srv/merge_maps.hpp
[7.497s] -- Up-to-date: /workspaces/isaac_ros-dev/install/slam_toolbox/include/slam_toolbox/slam_toolbox/srv/save_map.hpp
[7.498s] -- Up-to-date: /workspaces/isaac_ros-dev/install/slam_toolbox/include/slam_toolbox/slam_toolbox
[7.498s] -- Up-to-date: /workspaces/isaac_ros-dev/install/slam_toolbox/include/slam_toolbox/slam_toolbox/srv
[7.499s] -- Up-to-date: /workspaces/isaac_ros-dev/install/slam_toolbox/include/slam_toolbox/slam_toolbox/srv/detail
[7.499s] -- Up-to-date: /workspaces/isaac_ros-dev/install/slam_toolbox/include/slam_toolbox/slam_toolbox/srv/detail/loop_closure__rosidl_typesupport_fastrtps_cpp.hpp
[7.500s] -- Up-to-date: /workspaces/isaac_ros-dev/install/slam_toolbox/include/slam_toolbox/slam_toolbox/srv/detail/merge_maps__rosidl_typesupport_fastrtps_cpp.hpp
[7.501s] -- Up-to-date: /workspaces/isaac_ros-dev/install/slam_toolbox/include/slam_toolbox/slam_toolbox/srv/detail/deserialize_pose_graph__rosidl_typesupport_fastrtps_cpp.hpp
[7.501s] -- Up-to-date: /workspaces/isaac_ros-dev/install/slam_toolbox/include/slam_toolbox/slam_toolbox/srv/detail/pause__rosidl_typesupport_fastrtps_cpp.hpp
[7.502s] -- Up-to-date: /workspaces/isaac_ros-dev/install/slam_toolbox/include/slam_toolbox/slam_toolbox/srv/detail/clear__rosidl_typesupport_fastrtps_cpp.hpp
[7.502s] -- Up-to-date: /workspaces/isaac_ros-dev/install/slam_toolbox/include/slam_toolbox/slam_toolbox/srv/detail/toggle_interactive__rosidl_typesupport_fastrtps_cpp.hpp
[7.502s] -- Up-to-date: /workspaces/isaac_ros-dev/install/slam_toolbox/include/slam_toolbox/slam_toolbox/srv/detail/save_map__rosidl_typesupport_fastrtps_cpp.hpp
[7.503s] -- Up-to-date: /workspaces/isaac_ros-dev/install/slam_toolbox/include/slam_toolbox/slam_toolbox/srv/detail/dds_fastrtps
[7.503s] -- Up-to-date: /workspaces/isaac_ros-dev/install/slam_toolbox/include/slam_toolbox/slam_toolbox/srv/detail/clear_queue__rosidl_typesupport_fastrtps_cpp.hpp
[7.504s] -- Up-to-date: /workspaces/isaac_ros-dev/install/slam_toolbox/include/slam_toolbox/slam_toolbox/srv/detail/add_submap__rosidl_typesupport_fastrtps_cpp.hpp
[7.504s] -- Up-to-date: /workspaces/isaac_ros-dev/install/slam_toolbox/include/slam_toolbox/slam_toolbox/srv/detail/serialize_pose_graph__rosidl_typesupport_fastrtps_cpp.hpp
[7.504s] -- Up-to-date: /workspaces/isaac_ros-dev/install/slam_toolbox/include/slam_toolbox/slam_toolbox/msg
[7.505s] -- Up-to-date: /workspaces/isaac_ros-dev/install/slam_toolbox/include/slam_toolbox/slam_toolbox/msg/rosidl_typesupport_fastrtps_cpp__visibility_control.h
[7.508s] -- Up-to-date: /workspaces/isaac_ros-dev/install/slam_toolbox/lib/libslam_toolbox__rosidl_typesupport_fastrtps_cpp.so
[7.509s] -- Up-to-date: /workspaces/isaac_ros-dev/install/slam_toolbox/include/slam_toolbox/slam_toolbox
[7.510s] -- Up-to-date: /workspaces/isaac_ros-dev/install/slam_toolbox/include/slam_toolbox/slam_toolbox/srv
[7.510s] -- Up-to-date: /workspaces/isaac_ros-dev/install/slam_toolbox/include/slam_toolbox/slam_toolbox/srv/detail
[7.510s] -- Up-to-date: /workspaces/isaac_ros-dev/install/slam_toolbox/include/slam_toolbox/slam_toolbox/srv/detail/add_submap__rosidl_typesupport_introspection_c.h
[7.510s] -- Up-to-date: /workspaces/isaac_ros-dev/install/slam_toolbox/include/slam_toolbox/slam_toolbox/srv/detail/clear__rosidl_typesupport_introspection_c.h
[7.511s] -- Up-to-date: /workspaces/isaac_ros-dev/install/slam_toolbox/include/slam_toolbox/slam_toolbox/srv/detail/serialize_pose_graph__rosidl_typesupport_introspection_c.h
[7.511s] -- Up-to-date: /workspaces/isaac_ros-dev/install/slam_toolbox/include/slam_toolbox/slam_toolbox/srv/detail/merge_maps__rosidl_typesupport_introspection_c.h
[7.511s] -- Up-to-date: /workspaces/isaac_ros-dev/install/slam_toolbox/include/slam_toolbox/slam_toolbox/srv/detail/deserialize_pose_graph__type_support.c
[7.512s] -- Up-to-date: /workspaces/isaac_ros-dev/install/slam_toolbox/include/slam_toolbox/slam_toolbox/srv/detail/clear__type_support.c
[7.512s] -- Up-to-date: /workspaces/isaac_ros-dev/install/slam_toolbox/include/slam_toolbox/slam_toolbox/srv/detail/clear_queue__rosidl_typesupport_introspection_c.h
[7.513s] -- Up-to-date: /workspaces/isaac_ros-dev/install/slam_toolbox/include/slam_toolbox/slam_toolbox/srv/detail/save_map__rosidl_typesupport_introspection_c.h
[7.514s] -- Up-to-date: /workspaces/isaac_ros-dev/install/slam_toolbox/include/slam_toolbox/slam_toolbox/srv/detail/clear_queue__type_support.c
[7.514s] -- Up-to-date: /workspaces/isaac_ros-dev/install/slam_toolbox/include/slam_toolbox/slam_toolbox/srv/detail/loop_closure__type_support.c
[7.515s] -- Up-to-date: /workspaces/isaac_ros-dev/install/slam_toolbox/include/slam_toolbox/slam_toolbox/srv/detail/save_map__type_support.c
[7.515s] -- Up-to-date: /workspaces/isaac_ros-dev/install/slam_toolbox/include/slam_toolbox/slam_toolbox/srv/detail/pause__type_support.c
[7.515s] -- Up-to-date: /workspaces/isaac_ros-dev/install/slam_toolbox/include/slam_toolbox/slam_toolbox/srv/detail/serialize_pose_graph__type_support.c
[7.515s] -- Up-to-date: /workspaces/isaac_ros-dev/install/slam_toolbox/include/slam_toolbox/slam_toolbox/srv/detail/loop_closure__rosidl_typesupport_introspection_c.h
[7.516s] -- Up-to-date: /workspaces/isaac_ros-dev/install/slam_toolbox/include/slam_toolbox/slam_toolbox/srv/detail/toggle_interactive__rosidl_typesupport_introspection_c.h
[7.516s] -- Up-to-date: /workspaces/isaac_ros-dev/install/slam_toolbox/include/slam_toolbox/slam_toolbox/srv/detail/merge_maps__type_support.c
[7.516s] -- Up-to-date: /workspaces/isaac_ros-dev/install/slam_toolbox/include/slam_toolbox/slam_toolbox/srv/detail/add_submap__type_support.c
[7.517s] -- Up-to-date: /workspaces/isaac_ros-dev/install/slam_toolbox/include/slam_toolbox/slam_toolbox/srv/detail/toggle_interactive__type_support.c
[7.517s] -- Up-to-date: /workspaces/isaac_ros-dev/install/slam_toolbox/include/slam_toolbox/slam_toolbox/srv/detail/deserialize_pose_graph__rosidl_typesupport_introspection_c.h
[7.517s] -- Up-to-date: /workspaces/isaac_ros-dev/install/slam_toolbox/include/slam_toolbox/slam_toolbox/srv/detail/pause__rosidl_typesupport_introspection_c.h
[7.518s] -- Up-to-date: /workspaces/isaac_ros-dev/install/slam_toolbox/include/slam_toolbox/slam_toolbox/msg
[7.518s] -- Up-to-date: /workspaces/isaac_ros-dev/install/slam_toolbox/include/slam_toolbox/slam_toolbox/msg/rosidl_typesupport_introspection_c__visibility_control.h
[7.518s] -- Up-to-date: /workspaces/isaac_ros-dev/install/slam_toolbox/lib/libslam_toolbox__rosidl_typesupport_introspection_c.so
[7.518s] -- Up-to-date: /workspaces/isaac_ros-dev/install/slam_toolbox/lib/libslam_toolbox__rosidl_typesupport_c.so
[7.518s] -- Up-to-date: /workspaces/isaac_ros-dev/install/slam_toolbox/include/slam_toolbox/slam_toolbox
[7.519s] -- Up-to-date: /workspaces/isaac_ros-dev/install/slam_toolbox/include/slam_toolbox/slam_toolbox/srv
[7.519s] -- Up-to-date: /workspaces/isaac_ros-dev/install/slam_toolbox/include/slam_toolbox/slam_toolbox/srv/detail
[7.520s] -- Up-to-date: /workspaces/isaac_ros-dev/install/slam_toolbox/include/slam_toolbox/slam_toolbox/srv/detail/toggle_interactive__rosidl_typesupport_introspection_cpp.hpp
[7.520s] -- Up-to-date: /workspaces/isaac_ros-dev/install/slam_toolbox/include/slam_toolbox/slam_toolbox/srv/detail/serialize_pose_graph__type_support.cpp
[7.520s] -- Up-to-date: /workspaces/isaac_ros-dev/install/slam_toolbox/include/slam_toolbox/slam_toolbox/srv/detail/add_submap__rosidl_typesupport_introspection_cpp.hpp
[7.520s] -- Up-to-date: /workspaces/isaac_ros-dev/install/slam_toolbox/include/slam_toolbox/slam_toolbox/srv/detail/deserialize_pose_graph__type_support.cpp
[7.521s] -- Up-to-date: /workspaces/isaac_ros-dev/install/slam_toolbox/include/slam_toolbox/slam_toolbox/srv/detail/serialize_pose_graph__rosidl_typesupport_introspection_cpp.hpp
[7.521s] -- Up-to-date: /workspaces/isaac_ros-dev/install/slam_toolbox/include/slam_toolbox/slam_toolbox/srv/detail/clear_queue__rosidl_typesupport_introspection_cpp.hpp
[7.521s] -- Up-to-date: /workspaces/isaac_ros-dev/install/slam_toolbox/include/slam_toolbox/slam_toolbox/srv/detail/save_map__rosidl_typesupport_introspection_cpp.hpp
[7.521s] -- Up-to-date: /workspaces/isaac_ros-dev/install/slam_toolbox/include/slam_toolbox/slam_toolbox/srv/detail/pause__type_support.cpp
[7.522s] -- Up-to-date: /workspaces/isaac_ros-dev/install/slam_toolbox/include/slam_toolbox/slam_toolbox/srv/detail/merge_maps__rosidl_typesupport_introspection_cpp.hpp
[7.522s] -- Up-to-date: /workspaces/isaac_ros-dev/install/slam_toolbox/include/slam_toolbox/slam_toolbox/srv/detail/toggle_interactive__type_support.cpp
[7.522s] -- Up-to-date: /workspaces/isaac_ros-dev/install/slam_toolbox/include/slam_toolbox/slam_toolbox/srv/detail/clear__type_support.cpp
[7.522s] -- Up-to-date: /workspaces/isaac_ros-dev/install/slam_toolbox/include/slam_toolbox/slam_toolbox/srv/detail/pause__rosidl_typesupport_introspection_cpp.hpp
[7.523s] -- Up-to-date: /workspaces/isaac_ros-dev/install/slam_toolbox/include/slam_toolbox/slam_toolbox/srv/detail/loop_closure__type_support.cpp
[7.523s] -- Up-to-date: /workspaces/isaac_ros-dev/install/slam_toolbox/include/slam_toolbox/slam_toolbox/srv/detail/clear_queue__type_support.cpp
[7.523s] -- Up-to-date: /workspaces/isaac_ros-dev/install/slam_toolbox/include/slam_toolbox/slam_toolbox/srv/detail/add_submap__type_support.cpp
[7.523s] -- Up-to-date: /workspaces/isaac_ros-dev/install/slam_toolbox/include/slam_toolbox/slam_toolbox/srv/detail/deserialize_pose_graph__rosidl_typesupport_introspection_cpp.hpp
[7.524s] -- Up-to-date: /workspaces/isaac_ros-dev/install/slam_toolbox/include/slam_toolbox/slam_toolbox/srv/detail/save_map__type_support.cpp
[7.524s] -- Up-to-date: /workspaces/isaac_ros-dev/install/slam_toolbox/include/slam_toolbox/slam_toolbox/srv/detail/clear__rosidl_typesupport_introspection_cpp.hpp
[7.524s] -- Up-to-date: /workspaces/isaac_ros-dev/install/slam_toolbox/include/slam_toolbox/slam_toolbox/srv/detail/merge_maps__type_support.cpp
[7.525s] -- Up-to-date: /workspaces/isaac_ros-dev/install/slam_toolbox/include/slam_toolbox/slam_toolbox/srv/detail/loop_closure__rosidl_typesupport_introspection_cpp.hpp
[7.585s] -- Up-to-date: /workspaces/isaac_ros-dev/install/slam_toolbox/lib/libslam_toolbox__rosidl_typesupport_introspection_cpp.so
[7.585s] -- Up-to-date: /workspaces/isaac_ros-dev/install/slam_toolbox/lib/libslam_toolbox__rosidl_typesupport_cpp.so
[7.586s] -- Up-to-date: /workspaces/isaac_ros-dev/install/slam_toolbox/share/slam_toolbox/environment/pythonpath.sh
[7.586s] -- Up-to-date: /workspaces/isaac_ros-dev/install/slam_toolbox/share/slam_toolbox/environment/pythonpath.dsv
[7.587s] -- Up-to-date: /workspaces/isaac_ros-dev/install/slam_toolbox/lib/python3.8/site-packages/slam_toolbox-2.6.0-py3.8.egg-info
[7.587s] -- Installing: /workspaces/isaac_ros-dev/install/slam_toolbox/lib/python3.8/site-packages/slam_toolbox-2.6.0-py3.8.egg-info/top_level.txt
[7.590s] -- Installing: /workspaces/isaac_ros-dev/install/slam_toolbox/lib/python3.8/site-packages/slam_toolbox-2.6.0-py3.8.egg-info/dependency_links.txt
[7.591s] -- Installing: /workspaces/isaac_ros-dev/install/slam_toolbox/lib/python3.8/site-packages/slam_toolbox-2.6.0-py3.8.egg-info/SOURCES.txt
[7.592s] -- Installing: /workspaces/isaac_ros-dev/install/slam_toolbox/lib/python3.8/site-packages/slam_toolbox-2.6.0-py3.8.egg-info/PKG-INFO
[7.593s] -- Up-to-date: /workspaces/isaac_ros-dev/install/slam_toolbox/lib/python3.8/site-packages/slam_toolbox
[7.593s] -- Up-to-date: /workspaces/isaac_ros-dev/install/slam_toolbox/lib/python3.8/site-packages/slam_toolbox/__init__.py
[7.593s] -- Up-to-date: /workspaces/isaac_ros-dev/install/slam_toolbox/lib/python3.8/site-packages/slam_toolbox/srv
[7.593s] -- Up-to-date: /workspaces/isaac_ros-dev/install/slam_toolbox/lib/python3.8/site-packages/slam_toolbox/srv/_serialize_pose_graph.py
[7.594s] -- Up-to-date: /workspaces/isaac_ros-dev/install/slam_toolbox/lib/python3.8/site-packages/slam_toolbox/srv/__init__.py
[7.594s] -- Up-to-date: /workspaces/isaac_ros-dev/install/slam_toolbox/lib/python3.8/site-packages/slam_toolbox/srv/_add_submap.py
[7.594s] -- Up-to-date: /workspaces/isaac_ros-dev/install/slam_toolbox/lib/python3.8/site-packages/slam_toolbox/srv/_loop_closure_s.c
[7.594s] -- Up-to-date: /workspaces/isaac_ros-dev/install/slam_toolbox/lib/python3.8/site-packages/slam_toolbox/srv/_pause_s.c
[7.595s] -- Up-to-date: /workspaces/isaac_ros-dev/install/slam_toolbox/lib/python3.8/site-packages/slam_toolbox/srv/_toggle_interactive_s.c
[7.595s] -- Up-to-date: /workspaces/isaac_ros-dev/install/slam_toolbox/lib/python3.8/site-packages/slam_toolbox/srv/_toggle_interactive.py
[7.595s] -- Up-to-date: /workspaces/isaac_ros-dev/install/slam_toolbox/lib/python3.8/site-packages/slam_toolbox/srv/_deserialize_pose_graph.py
[7.595s] -- Up-to-date: /workspaces/isaac_ros-dev/install/slam_toolbox/lib/python3.8/site-packages/slam_toolbox/srv/_merge_maps_s.c
[7.596s] -- Up-to-date: /workspaces/isaac_ros-dev/install/slam_toolbox/lib/python3.8/site-packages/slam_toolbox/srv/_clear.py
[7.596s] -- Up-to-date: /workspaces/isaac_ros-dev/install/slam_toolbox/lib/python3.8/site-packages/slam_toolbox/srv/_add_submap_s.c
[7.596s] -- Up-to-date: /workspaces/isaac_ros-dev/install/slam_toolbox/lib/python3.8/site-packages/slam_toolbox/srv/_save_map.py
[7.597s] -- Up-to-date: /workspaces/isaac_ros-dev/install/slam_toolbox/lib/python3.8/site-packages/slam_toolbox/srv/_pause.py
[7.597s] -- Up-to-date: /workspaces/isaac_ros-dev/install/slam_toolbox/lib/python3.8/site-packages/slam_toolbox/srv/_deserialize_pose_graph_s.c
[7.597s] -- Up-to-date: /workspaces/isaac_ros-dev/install/slam_toolbox/lib/python3.8/site-packages/slam_toolbox/srv/_merge_maps.py
[7.597s] -- Up-to-date: /workspaces/isaac_ros-dev/install/slam_toolbox/lib/python3.8/site-packages/slam_toolbox/srv/_clear_queue.py
[7.598s] -- Up-to-date: /workspaces/isaac_ros-dev/install/slam_toolbox/lib/python3.8/site-packages/slam_toolbox/srv/_serialize_pose_graph_s.c
[7.598s] -- Up-to-date: /workspaces/isaac_ros-dev/install/slam_toolbox/lib/python3.8/site-packages/slam_toolbox/srv/_loop_closure.py
[7.598s] -- Up-to-date: /workspaces/isaac_ros-dev/install/slam_toolbox/lib/python3.8/site-packages/slam_toolbox/srv/_save_map_s.c
[7.598s] -- Up-to-date: /workspaces/isaac_ros-dev/install/slam_toolbox/lib/python3.8/site-packages/slam_toolbox/srv/_clear_queue_s.c
[7.599s] -- Up-to-date: /workspaces/isaac_ros-dev/install/slam_toolbox/lib/python3.8/site-packages/slam_toolbox/srv/_clear_s.c
[7.599s] -- Up-to-date: /workspaces/isaac_ros-dev/install/slam_toolbox/lib/python3.8/site-packages/slam_toolbox/slam_toolbox_s__rosidl_typesupport_introspection_c.cpython-38-aarch64-linux-gnu.so
[7.599s] -- Up-to-date: /workspaces/isaac_ros-dev/install/slam_toolbox/lib/python3.8/site-packages/slam_toolbox/_slam_toolbox_s.ep.rosidl_typesupport_c.c
[7.600s] -- Up-to-date: /workspaces/isaac_ros-dev/install/slam_toolbox/lib/python3.8/site-packages/slam_toolbox/slam_toolbox_s__rosidl_typesupport_fastrtps_c.cpython-38-aarch64-linux-gnu.so
[7.600s] -- Up-to-date: /workspaces/isaac_ros-dev/install/slam_toolbox/lib/python3.8/site-packages/slam_toolbox/_slam_toolbox_s.ep.rosidl_typesupport_introspection_c.c
[7.600s] -- Up-to-date: /workspaces/isaac_ros-dev/install/slam_toolbox/lib/python3.8/site-packages/slam_toolbox/slam_toolbox_s__rosidl_typesupport_c.cpython-38-aarch64-linux-gnu.so
[7.601s] -- Up-to-date: /workspaces/isaac_ros-dev/install/slam_toolbox/lib/python3.8/site-packages/slam_toolbox/libslam_toolbox__rosidl_generator_py.so
[7.601s] -- Up-to-date: /workspaces/isaac_ros-dev/install/slam_toolbox/lib/python3.8/site-packages/slam_toolbox/_slam_toolbox_s.ep.rosidl_typesupport_fastrtps_c.c
[7.634s] Listing '/workspaces/isaac_ros-dev/install/slam_toolbox/lib/python3.8/site-packages/slam_toolbox'...
[7.635s] Listing '/workspaces/isaac_ros-dev/install/slam_toolbox/lib/python3.8/site-packages/slam_toolbox/srv'...
[7.635s] -- Up-to-date: /workspaces/isaac_ros-dev/install/slam_toolbox/lib/python3.8/site-packages/slam_toolbox/slam_toolbox_s__rosidl_typesupport_fastrtps_c.cpython-38-aarch64-linux-gnu.so
[7.635s] -- Up-to-date: /workspaces/isaac_ros-dev/install/slam_toolbox/lib/python3.8/site-packages/slam_toolbox/slam_toolbox_s__rosidl_typesupport_introspection_c.cpython-38-aarch64-linux-gnu.so
[7.636s] -- Up-to-date: /workspaces/isaac_ros-dev/install/slam_toolbox/lib/python3.8/site-packages/slam_toolbox/slam_toolbox_s__rosidl_typesupport_c.cpython-38-aarch64-linux-gnu.so
[7.636s] -- Up-to-date: /workspaces/isaac_ros-dev/install/slam_toolbox/lib/libslam_toolbox__rosidl_generator_py.so
[7.637s] -- Up-to-date: /workspaces/isaac_ros-dev/install/slam_toolbox/share/slam_toolbox/srv/Pause.idl
[7.638s] -- Up-to-date: /workspaces/isaac_ros-dev/install/slam_toolbox/share/slam_toolbox/srv/ClearQueue.idl
[7.639s] -- Up-to-date: /workspaces/isaac_ros-dev/install/slam_toolbox/share/slam_toolbox/srv/ToggleInteractive.idl
[7.639s] -- Up-to-date: /workspaces/isaac_ros-dev/install/slam_toolbox/share/slam_toolbox/srv/Clear.idl
[7.639s] -- Up-to-date: /workspaces/isaac_ros-dev/install/slam_toolbox/share/slam_toolbox/srv/SaveMap.idl
[7.640s] -- Up-to-date: /workspaces/isaac_ros-dev/install/slam_toolbox/share/slam_toolbox/srv/LoopClosure.idl
[7.640s] -- Up-to-date: /workspaces/isaac_ros-dev/install/slam_toolbox/share/slam_toolbox/srv/MergeMaps.idl
[7.641s] -- Up-to-date: /workspaces/isaac_ros-dev/install/slam_toolbox/share/slam_toolbox/srv/AddSubmap.idl
[7.641s] -- Up-to-date: /workspaces/isaac_ros-dev/install/slam_toolbox/share/slam_toolbox/srv/DeserializePoseGraph.idl
[7.642s] -- Up-to-date: /workspaces/isaac_ros-dev/install/slam_toolbox/share/slam_toolbox/srv/SerializePoseGraph.idl
[7.643s] -- Up-to-date: /workspaces/isaac_ros-dev/install/slam_toolbox/share/slam_toolbox/srvs/Pause.srv
[7.643s] -- Up-to-date: /workspaces/isaac_ros-dev/install/slam_toolbox/share/slam_toolbox/srvs/Pause_Request.msg
[7.644s] -- Up-to-date: /workspaces/isaac_ros-dev/install/slam_toolbox/share/slam_toolbox/srvs/Pause_Response.msg
[7.644s] -- Up-to-date: /workspaces/isaac_ros-dev/install/slam_toolbox/share/slam_toolbox/srvs/ClearQueue.srv
[7.645s] -- Up-to-date: /workspaces/isaac_ros-dev/install/slam_toolbox/share/slam_toolbox/srvs/ClearQueue_Request.msg
[7.645s] -- Up-to-date: /workspaces/isaac_ros-dev/install/slam_toolbox/share/slam_toolbox/srvs/ClearQueue_Response.msg
[7.646s] -- Up-to-date: /workspaces/isaac_ros-dev/install/slam_toolbox/share/slam_toolbox/srvs/ToggleInteractive.srv
[7.647s] -- Up-to-date: /workspaces/isaac_ros-dev/install/slam_toolbox/share/slam_toolbox/srvs/ToggleInteractive_Request.msg
[7.648s] -- Up-to-date: /workspaces/isaac_ros-dev/install/slam_toolbox/share/slam_toolbox/srvs/ToggleInteractive_Response.msg
[7.648s] -- Up-to-date: /workspaces/isaac_ros-dev/install/slam_toolbox/share/slam_toolbox/srvs/Clear.srv
[7.648s] -- Up-to-date: /workspaces/isaac_ros-dev/install/slam_toolbox/share/slam_toolbox/srvs/Clear_Request.msg
[7.649s] -- Up-to-date: /workspaces/isaac_ros-dev/install/slam_toolbox/share/slam_toolbox/srvs/Clear_Response.msg
[7.649s] -- Up-to-date: /workspaces/isaac_ros-dev/install/slam_toolbox/share/slam_toolbox/srvs/SaveMap.srv
[7.650s] -- Up-to-date: /workspaces/isaac_ros-dev/install/slam_toolbox/share/slam_toolbox/srvs/SaveMap_Request.msg
[7.651s] -- Up-to-date: /workspaces/isaac_ros-dev/install/slam_toolbox/share/slam_toolbox/srvs/SaveMap_Response.msg
[7.652s] -- Up-to-date: /workspaces/isaac_ros-dev/install/slam_toolbox/share/slam_toolbox/srvs/LoopClosure.srv
[7.652s] -- Up-to-date: /workspaces/isaac_ros-dev/install/slam_toolbox/share/slam_toolbox/srvs/LoopClosure_Request.msg
[7.653s] -- Up-to-date: /workspaces/isaac_ros-dev/install/slam_toolbox/share/slam_toolbox/srvs/LoopClosure_Response.msg
[7.654s] -- Up-to-date: /workspaces/isaac_ros-dev/install/slam_toolbox/share/slam_toolbox/srvs/MergeMaps.srv
[7.654s] -- Up-to-date: /workspaces/isaac_ros-dev/install/slam_toolbox/share/slam_toolbox/srvs/MergeMaps_Request.msg
[7.655s] -- Up-to-date: /workspaces/isaac_ros-dev/install/slam_toolbox/share/slam_toolbox/srvs/MergeMaps_Response.msg
[7.656s] -- Up-to-date: /workspaces/isaac_ros-dev/install/slam_toolbox/share/slam_toolbox/srvs/AddSubmap.srv
[7.656s] -- Up-to-date: /workspaces/isaac_ros-dev/install/slam_toolbox/share/slam_toolbox/srvs/AddSubmap_Request.msg
[7.658s] -- Up-to-date: /workspaces/isaac_ros-dev/install/slam_toolbox/share/slam_toolbox/srvs/AddSubmap_Response.msg
[7.659s] -- Up-to-date: /workspaces/isaac_ros-dev/install/slam_toolbox/share/slam_toolbox/srvs/DeserializePoseGraph.srv
[7.659s] -- Up-to-date: /workspaces/isaac_ros-dev/install/slam_toolbox/share/slam_toolbox/srvs/DeserializePoseGraph_Request.msg
[7.663s] -- Up-to-date: /workspaces/isaac_ros-dev/install/slam_toolbox/share/slam_toolbox/srvs/DeserializePoseGraph_Response.msg
[7.664s] -- Up-to-date: /workspaces/isaac_ros-dev/install/slam_toolbox/share/slam_toolbox/srvs/SerializePoseGraph.srv
[7.665s] -- Up-to-date: /workspaces/isaac_ros-dev/install/slam_toolbox/share/slam_toolbox/srvs/SerializePoseGraph_Request.msg
[7.665s] -- Up-to-date: /workspaces/isaac_ros-dev/install/slam_toolbox/share/slam_toolbox/srvs/SerializePoseGraph_Response.msg
[7.665s] -- Up-to-date: /workspaces/isaac_ros-dev/install/slam_toolbox/share/slam_toolbox/rviz_plugins.xml
[7.666s] -- Up-to-date: /workspaces/isaac_ros-dev/install/slam_toolbox/share/slam_toolbox/solver_plugins.xml
[7.673s] -- Up-to-date: /workspaces/isaac_ros-dev/install/slam_toolbox/lib/slam_toolbox/async_slam_toolbox_node
[7.683s] -- Up-to-date: /workspaces/isaac_ros-dev/install/slam_toolbox/lib/slam_toolbox/sync_slam_toolbox_node
[7.685s] -- Up-to-date: /workspaces/isaac_ros-dev/install/slam_toolbox/lib/slam_toolbox/localization_slam_toolbox_node
[7.686s] -- Up-to-date: /workspaces/isaac_ros-dev/install/slam_toolbox/lib/slam_toolbox/map_and_localization_slam_toolbox_node
[7.687s] -- Up-to-date: /workspaces/isaac_ros-dev/install/slam_toolbox/lib/slam_toolbox/merge_maps_kinematic
[7.687s] -- Up-to-date: /workspaces/isaac_ros-dev/install/slam_toolbox/lib/libtoolbox_common.so
[7.688s] -- Up-to-date: /workspaces/isaac_ros-dev/install/slam_toolbox/lib/libSlamToolboxPlugin.so
[7.688s] -- Up-to-date: /workspaces/isaac_ros-dev/install/slam_toolbox/lib/libceres_solver_plugin.so
[7.688s] -- Up-to-date: /workspaces/isaac_ros-dev/install/slam_toolbox/lib/libasync_slam_toolbox.so
[7.689s] -- Up-to-date: /workspaces/isaac_ros-dev/install/slam_toolbox/lib/libsync_slam_toolbox.so
[7.689s] -- Up-to-date: /workspaces/isaac_ros-dev/install/slam_toolbox/lib/liblocalization_slam_toolbox.so
[7.689s] -- Up-to-date: /workspaces/isaac_ros-dev/install/slam_toolbox/lib/liblifelong_slam_toolbox.so
[7.690s] -- Up-to-date: /workspaces/isaac_ros-dev/install/slam_toolbox/lib/libmap_and_localization_slam_toolbox.so
[7.690s] -- Up-to-date: /workspaces/isaac_ros-dev/install/slam_toolbox/lib/libSlamToolboxPlugin.so
[7.690s] -- Up-to-date: /workspaces/isaac_ros-dev/install/slam_toolbox/include
[7.691s] -- Up-to-date: /workspaces/isaac_ros-dev/install/slam_toolbox/include/slam_toolbox
[7.691s] -- Up-to-date: /workspaces/isaac_ros-dev/install/slam_toolbox/include/slam_toolbox/slam_toolbox_localization.hpp
[7.692s] -- Up-to-date: /workspaces/isaac_ros-dev/install/slam_toolbox/include/slam_toolbox/slam_toolbox_sync.hpp
[7.692s] -- Up-to-date: /workspaces/isaac_ros-dev/install/slam_toolbox/include/slam_toolbox/slam_mapper.hpp
[7.693s] -- Up-to-date: /workspaces/isaac_ros-dev/install/slam_toolbox/include/slam_toolbox/loop_closure_assistant.hpp
[7.694s] -- Up-to-date: /workspaces/isaac_ros-dev/install/slam_toolbox/include/slam_toolbox/slam_toolbox_async.hpp
[7.695s] -- Up-to-date: /workspaces/isaac_ros-dev/install/slam_toolbox/include/slam_toolbox/toolbox_types.hpp
[7.695s] -- Up-to-date: /workspaces/isaac_ros-dev/install/slam_toolbox/include/slam_toolbox/map_saver.hpp
[7.695s] -- Up-to-date: /workspaces/isaac_ros-dev/install/slam_toolbox/include/slam_toolbox/get_pose_helper.hpp
[7.695s] -- Up-to-date: /workspaces/isaac_ros-dev/install/slam_toolbox/include/slam_toolbox/laser_utils.hpp
[7.696s] -- Up-to-date: /workspaces/isaac_ros-dev/install/slam_toolbox/include/slam_toolbox/toolbox_msgs.hpp
[7.697s] -- Up-to-date: /workspaces/isaac_ros-dev/install/slam_toolbox/include/slam_toolbox/slam_toolbox_common.hpp
[7.697s] -- Up-to-date: /workspaces/isaac_ros-dev/install/slam_toolbox/include/slam_toolbox/merge_maps_kinematic.hpp
[7.698s] -- Up-to-date: /workspaces/isaac_ros-dev/install/slam_toolbox/include/slam_toolbox/serialization.hpp
[7.698s] -- Up-to-date: /workspaces/isaac_ros-dev/install/slam_toolbox/include/slam_toolbox/experimental
[7.699s] -- Up-to-date: /workspaces/isaac_ros-dev/install/slam_toolbox/include/slam_toolbox/experimental/slam_toolbox_map_and_localization.hpp
[7.699s] -- Up-to-date: /workspaces/isaac_ros-dev/install/slam_toolbox/include/slam_toolbox/experimental/slam_toolbox_lifelong.hpp
[7.700s] -- Up-to-date: /workspaces/isaac_ros-dev/install/slam_toolbox/include/slam_toolbox/visualization_utils.hpp
[7.700s] -- Up-to-date: /workspaces/isaac_ros-dev/install/slam_toolbox/include/slam_toolbox/snap_utils.hpp
[7.701s] -- Up-to-date: /workspaces/isaac_ros-dev/install/slam_toolbox/share/slam_toolbox/launch
[7.701s] -- Up-to-date: /workspaces/isaac_ros-dev/install/slam_toolbox/share/slam_toolbox/launch/online_sync_launch.py
[7.701s] -- Up-to-date: /workspaces/isaac_ros-dev/install/slam_toolbox/share/slam_toolbox/launch/merge_maps_kinematic_launch.py
[7.702s] -- Up-to-date: /workspaces/isaac_ros-dev/install/slam_toolbox/share/slam_toolbox/launch/offline_launch.py
[7.704s] -- Up-to-date: /workspaces/isaac_ros-dev/install/slam_toolbox/share/slam_toolbox/launch/online_async_launch.py
[7.705s] -- Up-to-date: /workspaces/isaac_ros-dev/install/slam_toolbox/share/slam_toolbox/launch/localization_launch.py
[7.705s] -- Up-to-date: /workspaces/isaac_ros-dev/install/slam_toolbox/share/slam_toolbox/launch/lifelong_launch.py
[7.706s] -- Up-to-date: /workspaces/isaac_ros-dev/install/slam_toolbox/share/slam_toolbox/config
[7.706s] -- Up-to-date: /workspaces/isaac_ros-dev/install/slam_toolbox/share/slam_toolbox/config/mapper_params_lifelong.yaml
[7.706s] -- Up-to-date: /workspaces/isaac_ros-dev/install/slam_toolbox/share/slam_toolbox/config/mapper_params_offline.yaml
[7.707s] -- Up-to-date: /workspaces/isaac_ros-dev/install/slam_toolbox/share/slam_toolbox/config/mapper_params_online_async.yaml
[7.718s] -- Up-to-date: /workspaces/isaac_ros-dev/install/slam_toolbox/share/slam_toolbox/config/mapper_params_localization.yaml
[7.727s] -- Up-to-date: /workspaces/isaac_ros-dev/install/slam_toolbox/share/slam_toolbox/config/mapper_params_online_sync.yaml
[7.729s] -- Up-to-date: /workspaces/isaac_ros-dev/install/slam_toolbox/share/slam_toolbox/config/slam_toolbox_default.rviz
[7.730s] -- Up-to-date: /workspaces/isaac_ros-dev/install/slam_toolbox/share/solver_plugins.xml
[7.731s] -- Up-to-date: /workspaces/isaac_ros-dev/install/slam_toolbox/share/rviz_plugins.xml
[7.731s] -- Up-to-date: /workspaces/isaac_ros-dev/install/slam_toolbox/share/ament_index/resource_index/package_run_dependencies/slam_toolbox
[7.732s] -- Up-to-date: /workspaces/isaac_ros-dev/install/slam_toolbox/share/ament_index/resource_index/parent_prefix_path/slam_toolbox
[7.734s] -- Up-to-date: /workspaces/isaac_ros-dev/install/slam_toolbox/share/slam_toolbox/environment/ament_prefix_path.sh
[7.734s] -- Up-to-date: /workspaces/isaac_ros-dev/install/slam_toolbox/share/slam_toolbox/environment/ament_prefix_path.dsv
[7.735s] -- Up-to-date: /workspaces/isaac_ros-dev/install/slam_toolbox/share/slam_toolbox/environment/path.sh
[7.735s] -- Up-to-date: /workspaces/isaac_ros-dev/install/slam_toolbox/share/slam_toolbox/environment/path.dsv
[7.737s] -- Up-to-date: /workspaces/isaac_ros-dev/install/slam_toolbox/share/slam_toolbox/local_setup.bash
[7.739s] -- Up-to-date: /workspaces/isaac_ros-dev/install/slam_toolbox/share/slam_toolbox/local_setup.sh
[7.739s] -- Up-to-date: /workspaces/isaac_ros-dev/install/slam_toolbox/share/slam_toolbox/local_setup.zsh
[7.740s] -- Up-to-date: /workspaces/isaac_ros-dev/install/slam_toolbox/share/slam_toolbox/local_setup.dsv
[7.740s] -- Installing: /workspaces/isaac_ros-dev/install/slam_toolbox/share/slam_toolbox/package.dsv
[7.741s] -- Up-to-date: /workspaces/isaac_ros-dev/install/slam_toolbox/share/ament_index/resource_index/packages/slam_toolbox
[7.741s] -- Up-to-date: /workspaces/isaac_ros-dev/install/slam_toolbox/share/ament_index/resource_index/rviz_common__pluginlib__plugin/slam_toolbox
[7.742s] -- Up-to-date: /workspaces/isaac_ros-dev/install/slam_toolbox/share/ament_index/resource_index/slam_toolbox__pluginlib__plugin/slam_toolbox
[7.742s] -- Up-to-date: /workspaces/isaac_ros-dev/install/slam_toolbox/share/slam_toolbox/cmake/export_slam_toolbox__rosidl_generator_cExport.cmake
[7.743s] -- Up-to-date: /workspaces/isaac_ros-dev/install/slam_toolbox/share/slam_toolbox/cmake/export_slam_toolbox__rosidl_generator_cExport-release.cmake
[7.745s] -- Up-to-date: /workspaces/isaac_ros-dev/install/slam_toolbox/share/slam_toolbox/cmake/export_slam_toolbox__rosidl_typesupport_fastrtps_cExport.cmake
[7.745s] -- Up-to-date: /workspaces/isaac_ros-dev/install/slam_toolbox/share/slam_toolbox/cmake/export_slam_toolbox__rosidl_typesupport_fastrtps_cExport-release.cmake
[7.746s] -- Up-to-date: /workspaces/isaac_ros-dev/install/slam_toolbox/share/slam_toolbox/cmake/export_slam_toolbox__rosidl_generator_cppExport.cmake
[7.746s] -- Up-to-date: /workspaces/isaac_ros-dev/install/slam_toolbox/share/slam_toolbox/cmake/export_slam_toolbox__rosidl_typesupport_fastrtps_cppExport.cmake
[7.747s] -- Up-to-date: /workspaces/isaac_ros-dev/install/slam_toolbox/share/slam_toolbox/cmake/export_slam_toolbox__rosidl_typesupport_fastrtps_cppExport-release.cmake
[7.748s] -- Up-to-date: /workspaces/isaac_ros-dev/install/slam_toolbox/share/slam_toolbox/cmake/slam_toolbox__rosidl_typesupport_introspection_cExport.cmake
[7.748s] -- Up-to-date: /workspaces/isaac_ros-dev/install/slam_toolbox/share/slam_toolbox/cmake/slam_toolbox__rosidl_typesupport_introspection_cExport-release.cmake
[7.750s] -- Up-to-date: /workspaces/isaac_ros-dev/install/slam_toolbox/share/slam_toolbox/cmake/slam_toolbox__rosidl_typesupport_cExport.cmake
[7.750s] -- Up-to-date: /workspaces/isaac_ros-dev/install/slam_toolbox/share/slam_toolbox/cmake/slam_toolbox__rosidl_typesupport_cExport-release.cmake
[7.750s] -- Up-to-date: /workspaces/isaac_ros-dev/install/slam_toolbox/share/slam_toolbox/cmake/slam_toolbox__rosidl_typesupport_introspection_cppExport.cmake
[7.751s] -- Up-to-date: /workspaces/isaac_ros-dev/install/slam_toolbox/share/slam_toolbox/cmake/slam_toolbox__rosidl_typesupport_introspection_cppExport-release.cmake
[7.752s] -- Up-to-date: /workspaces/isaac_ros-dev/install/slam_toolbox/share/slam_toolbox/cmake/slam_toolbox__rosidl_typesupport_cppExport.cmake
[7.761s] -- Up-to-date: /workspaces/isaac_ros-dev/install/slam_toolbox/share/slam_toolbox/cmake/slam_toolbox__rosidl_typesupport_cppExport-release.cmake
[7.772s] -- Up-to-date: /workspaces/isaac_ros-dev/install/slam_toolbox/share/slam_toolbox/cmake/export_slam_toolbox__rosidl_generator_pyExport.cmake
[7.774s] -- Up-to-date: /workspaces/isaac_ros-dev/install/slam_toolbox/share/slam_toolbox/cmake/export_slam_toolbox__rosidl_generator_pyExport-release.cmake
[7.776s] -- Up-to-date: /workspaces/isaac_ros-dev/install/slam_toolbox/share/slam_toolbox/cmake/SlamToolboxPluginExport.cmake
[7.781s] -- Up-to-date: /workspaces/isaac_ros-dev/install/slam_toolbox/share/slam_toolbox/cmake/SlamToolboxPluginExport-release.cmake
[7.782s] -- Up-to-date: /workspaces/isaac_ros-dev/install/slam_toolbox/share/slam_toolbox/cmake/rosidl_cmake-extras.cmake
[7.785s] -- Up-to-date: /workspaces/isaac_ros-dev/install/slam_toolbox/share/slam_toolbox/cmake/ament_cmake_export_dependencies-extras.cmake
[7.785s] -- Up-to-date: /workspaces/isaac_ros-dev/install/slam_toolbox/share/slam_toolbox/cmake/ament_cmake_export_include_directories-extras.cmake
[7.794s] -- Up-to-date: /workspaces/isaac_ros-dev/install/slam_toolbox/share/slam_toolbox/cmake/ament_cmake_export_libraries-extras.cmake
[7.797s] -- Up-to-date: /workspaces/isaac_ros-dev/install/slam_toolbox/share/slam_toolbox/cmake/ament_cmake_export_targets-extras.cmake
[7.797s] -- Up-to-date: /workspaces/isaac_ros-dev/install/slam_toolbox/share/slam_toolbox/cmake/rosidl_cmake_export_typesupport_targets-extras.cmake
[7.800s] -- Up-to-date: /workspaces/isaac_ros-dev/install/slam_toolbox/share/slam_toolbox/cmake/rosidl_cmake_export_typesupport_libraries-extras.cmake
[7.800s] -- Up-to-date: /workspaces/isaac_ros-dev/install/slam_toolbox/share/slam_toolbox/cmake/slam_toolboxConfig.cmake
[7.801s] -- Up-to-date: /workspaces/isaac_ros-dev/install/slam_toolbox/share/slam_toolbox/cmake/slam_toolboxConfig-version.cmake
[7.813s] -- Up-to-date: /workspaces/isaac_ros-dev/install/slam_toolbox/share/slam_toolbox/package.xml
[7.815s] -- Up-to-date: /workspaces/isaac_ros-dev/install/slam_toolbox/include/
[7.824s] -- Up-to-date: /workspaces/isaac_ros-dev/install/slam_toolbox/include//karto_sdk
[7.826s] -- Up-to-date: /workspaces/isaac_ros-dev/install/slam_toolbox/include//karto_sdk/nanoflann_adaptors.h
[7.827s] -- Up-to-date: /workspaces/isaac_ros-dev/install/slam_toolbox/include//karto_sdk/Macros.h
[7.828s] -- Up-to-date: /workspaces/isaac_ros-dev/install/slam_toolbox/include//karto_sdk/Mapper.h
[7.828s] -- Up-to-date: /workspaces/isaac_ros-dev/install/slam_toolbox/include//karto_sdk/Math.h
[7.829s] -- Up-to-date: /workspaces/isaac_ros-dev/install/slam_toolbox/include//karto_sdk/Types.h
[7.829s] -- Up-to-date: /workspaces/isaac_ros-dev/install/slam_toolbox/include//karto_sdk/nanoflann.hpp
[7.830s] -- Up-to-date: /workspaces/isaac_ros-dev/install/slam_toolbox/include//karto_sdk/Karto.h
[7.830s] -- Up-to-date: /workspaces/isaac_ros-dev/install/slam_toolbox/lib/libkartoSlamToolbox.so
[7.831s] -- Up-to-date: /workspaces/isaac_ros-dev/install/slam_toolbox/share/karto_sdk/environment/library_path.sh
[7.831s] -- Up-to-date: /workspaces/isaac_ros-dev/install/slam_toolbox/share/karto_sdk/environment/library_path.dsv
[7.832s] -- Up-to-date: /workspaces/isaac_ros-dev/install/slam_toolbox/share/ament_index/resource_index/package_run_dependencies/karto_sdk
[7.832s] -- Up-to-date: /workspaces/isaac_ros-dev/install/slam_toolbox/share/ament_index/resource_index/parent_prefix_path/karto_sdk
[7.832s] -- Up-to-date: /workspaces/isaac_ros-dev/install/slam_toolbox/share/karto_sdk/environment/ament_prefix_path.sh
[7.835s] -- Up-to-date: /workspaces/isaac_ros-dev/install/slam_toolbox/share/karto_sdk/environment/ament_prefix_path.dsv
[7.836s] -- Up-to-date: /workspaces/isaac_ros-dev/install/slam_toolbox/share/karto_sdk/environment/path.sh
[7.838s] -- Up-to-date: /workspaces/isaac_ros-dev/install/slam_toolbox/share/karto_sdk/environment/path.dsv
[7.841s] -- Up-to-date: /workspaces/isaac_ros-dev/install/slam_toolbox/share/karto_sdk/local_setup.bash
[7.849s] -- Up-to-date: /workspaces/isaac_ros-dev/install/slam_toolbox/share/karto_sdk/local_setup.sh
[7.849s] -- Up-to-date: /workspaces/isaac_ros-dev/install/slam_toolbox/share/karto_sdk/local_setup.zsh
[7.855s] -- Up-to-date: /workspaces/isaac_ros-dev/install/slam_toolbox/share/karto_sdk/local_setup.dsv
[7.856s] -- Up-to-date: /workspaces/isaac_ros-dev/install/slam_toolbox/share/karto_sdk/package.dsv
[7.872s] -- Up-to-date: /workspaces/isaac_ros-dev/install/slam_toolbox/share/ament_index/resource_index/packages/karto_sdk
[7.882s] -- Up-to-date: /workspaces/isaac_ros-dev/install/slam_toolbox/share/karto_sdk/cmake/ament_cmake_export_libraries-extras.cmake
[7.883s] -- Up-to-date: /workspaces/isaac_ros-dev/install/slam_toolbox/share/karto_sdk/cmake/ament_cmake_export_include_directories-extras.cmake
[7.883s] -- Up-to-date: /workspaces/isaac_ros-dev/install/slam_toolbox/share/karto_sdk/cmake/ament_cmake_export_dependencies-extras.cmake
[7.884s] -- Up-to-date: /workspaces/isaac_ros-dev/install/slam_toolbox/share/karto_sdk/cmake/karto_sdkConfig.cmake
[7.885s] -- Up-to-date: /workspaces/isaac_ros-dev/install/slam_toolbox/share/karto_sdk/cmake/karto_sdkConfig-version.cmake
[7.886s] -- Up-to-date: /workspaces/isaac_ros-dev/install/slam_toolbox/share/karto_sdk/package.xml
[7.926s] Invoked command in '/workspaces/isaac_ros-dev/build/slam_toolbox' returned '0': CMAKE_PREFIX_PATH=/workspaces/isaac_ros-dev/install/yolov8_bringup:/workspaces/isaac_ros-dev/install/multisense_ros:/workspaces/isaac_ros-dev/install/xacro:/workspaces/isaac_ros-dev/install/vision_msgs_rviz_plugins:/workspaces/isaac_ros-dev/install/vision_msgs:/workspaces/isaac_ros-dev/install/velodyne:/workspaces/isaac_ros-dev/install/velodyne_pointcloud:/workspaces/isaac_ros-dev/install/velodyne_driver:/workspaces/isaac_ros-dev/install/velodyne_msgs:/workspaces/isaac_ros-dev/install/velodyne_laserscan:/workspaces/isaac_ros-dev/install/vectornav:/workspaces/isaac_ros-dev/install/sdv_localization:/workspaces/isaac_ros-dev/install/vectornav_msgs:/workspaces/isaac_ros-dev/install/slam_toolbox:/workspaces/isaac_ros-dev/install/sdv_msg:/workspaces/isaac_ros-dev/install/sdv_localization_msgs:/workspaces/isaac_ros-dev/install/pointcloud_to_laserscan:/workspaces/isaac_ros-dev/install/my_package:/workspaces/isaac_ros-dev/install/multisense_msgs:/workspaces/isaac_ros-dev/install/multisense_lib:/workspaces/isaac_ros-dev/install/isaac_ros_visual_slam:/workspaces/isaac_ros-dev/install/isaac_ros_visual_slam_interfaces:/workspaces/isaac_ros-dev/install/isaac_ros_tensor_list_interfaces:/workspaces/isaac_ros-dev/install/isaac_ros_common:/workspaces/isaac_ros-dev/install/isaac_ros_bi3d_interfaces:/workspaces/isaac_ros-dev/install/isaac_ros_apriltag_interfaces:/workspaces/isaac_ros-dev/install/yolov8_ros:/workspaces/isaac_ros-dev/install/xbox_controller:/workspaces/isaac_ros-dev/install/panel:/workspaces/isaac_ros-dev/install/isaac_ros_test:/workspaces/isaac_ros-dev/install/encoder:/opt/ros/humble/install /usr/bin/cmake --install /workspaces/isaac_ros-dev/build/slam_toolbox
