[2.399s] Invoking command in '/workspaces/isaac_ros-dev/build/isaac_ros_visual_slam_interfaces': CMAKE_PREFIX_PATH=/workspaces/isaac_ros-dev/install/yolov8_bringup:/workspaces/isaac_ros-dev/install/multisense_ros:/workspaces/isaac_ros-dev/install/xacro:/workspaces/isaac_ros-dev/install/vision_msgs_rviz_plugins:/workspaces/isaac_ros-dev/install/vision_msgs:/workspaces/isaac_ros-dev/install/velodyne:/workspaces/isaac_ros-dev/install/velodyne_pointcloud:/workspaces/isaac_ros-dev/install/velodyne_driver:/workspaces/isaac_ros-dev/install/velodyne_msgs:/workspaces/isaac_ros-dev/install/velodyne_laserscan:/workspaces/isaac_ros-dev/install/vectornav:/workspaces/isaac_ros-dev/install/sdv_localization:/workspaces/isaac_ros-dev/install/vectornav_msgs:/workspaces/isaac_ros-dev/install/slam_toolbox:/workspaces/isaac_ros-dev/install/sdv_msg:/workspaces/isaac_ros-dev/install/sdv_localization_msgs:/workspaces/isaac_ros-dev/install/pointcloud_to_laserscan:/workspaces/isaac_ros-dev/install/my_package:/workspaces/isaac_ros-dev/install/multisense_msgs:/workspaces/isaac_ros-dev/install/multisense_lib:/workspaces/isaac_ros-dev/install/isaac_ros_visual_slam:/workspaces/isaac_ros-dev/install/isaac_ros_visual_slam_interfaces:/workspaces/isaac_ros-dev/install/isaac_ros_tensor_list_interfaces:/workspaces/isaac_ros-dev/install/isaac_ros_common:/workspaces/isaac_ros-dev/install/isaac_ros_bi3d_interfaces:/workspaces/isaac_ros-dev/install/isaac_ros_apriltag_interfaces:/workspaces/isaac_ros-dev/install/yolov8_ros:/workspaces/isaac_ros-dev/install/xbox_controller:/workspaces/isaac_ros-dev/install/panel:/workspaces/isaac_ros-dev/install/isaac_ros_test:/workspaces/isaac_ros-dev/install/encoder:/opt/ros/humble/install /usr/bin/cmake --build /workspaces/isaac_ros-dev/build/isaac_ros_visual_slam_interfaces -- -j8 -l8
[2.644s] [ 11%] Built target isaac_ros_visual_slam_interfaces__rosidl_generator_c
[2.665s] [ 12%] Built target isaac_ros_visual_slam_interfaces__cpp
[2.674s] [ 12%] Built target ament_cmake_python_copy_isaac_ros_visual_slam_interfaces
[2.851s] [ 23%] Built target isaac_ros_visual_slam_interfaces__rosidl_typesupport_introspection_c
[2.857s] [ 35%] Built target isaac_ros_visual_slam_interfaces__rosidl_typesupport_fastrtps_c
[2.942s] [ 46%] Built target isaac_ros_visual_slam_interfaces__rosidl_typesupport_c
[2.977s] [ 57%] Built target isaac_ros_visual_slam_interfaces__rosidl_typesupport_cpp
[3.028s] [ 69%] Built target isaac_ros_visual_slam_interfaces__rosidl_typesupport_fastrtps_cpp
[3.039s] [ 80%] Built target isaac_ros_visual_slam_interfaces__rosidl_typesupport_introspection_cpp
[3.279s] [ 80%] Built target isaac_ros_visual_slam_interfaces
[3.528s] [ 81%] Built target isaac_ros_visual_slam_interfaces__py
[3.742s] [ 91%] Built target isaac_ros_visual_slam_interfaces__rosidl_generator_py
[3.925s] [ 94%] Built target isaac_ros_visual_slam_interfaces__rosidl_typesupport_introspection_c__pyext
[3.932s] [ 97%] Built target isaac_ros_visual_slam_interfaces__rosidl_typesupport_fastrtps_c__pyext
[3.958s] [100%] Built target isaac_ros_visual_slam_interfaces__rosidl_typesupport_c__pyext
[5.137s] running egg_info
[5.218s] writing isaac_ros_visual_slam_interfaces.egg-info/PKG-INFO
[5.218s] writing dependency_links to isaac_ros_visual_slam_interfaces.egg-info/dependency_links.txt
[5.219s] writing top-level names to isaac_ros_visual_slam_interfaces.egg-info/top_level.txt
[5.413s] reading manifest file 'isaac_ros_visual_slam_interfaces.egg-info/SOURCES.txt'
[5.417s] writing manifest file 'isaac_ros_visual_slam_interfaces.egg-info/SOURCES.txt'
[5.592s] [100%] Built target ament_cmake_python_build_isaac_ros_visual_slam_interfaces_egg
[5.665s] Invoked command in '/workspaces/isaac_ros-dev/build/isaac_ros_visual_slam_interfaces' returned '0': CMAKE_PREFIX_PATH=/workspaces/isaac_ros-dev/install/yolov8_bringup:/workspaces/isaac_ros-dev/install/multisense_ros:/workspaces/isaac_ros-dev/install/xacro:/workspaces/isaac_ros-dev/install/vision_msgs_rviz_plugins:/workspaces/isaac_ros-dev/install/vision_msgs:/workspaces/isaac_ros-dev/install/velodyne:/workspaces/isaac_ros-dev/install/velodyne_pointcloud:/workspaces/isaac_ros-dev/install/velodyne_driver:/workspaces/isaac_ros-dev/install/velodyne_msgs:/workspaces/isaac_ros-dev/install/velodyne_laserscan:/workspaces/isaac_ros-dev/install/vectornav:/workspaces/isaac_ros-dev/install/sdv_localization:/workspaces/isaac_ros-dev/install/vectornav_msgs:/workspaces/isaac_ros-dev/install/slam_toolbox:/workspaces/isaac_ros-dev/install/sdv_msg:/workspaces/isaac_ros-dev/install/sdv_localization_msgs:/workspaces/isaac_ros-dev/install/pointcloud_to_laserscan:/workspaces/isaac_ros-dev/install/my_package:/workspaces/isaac_ros-dev/install/multisense_msgs:/workspaces/isaac_ros-dev/install/multisense_lib:/workspaces/isaac_ros-dev/install/isaac_ros_visual_slam:/workspaces/isaac_ros-dev/install/isaac_ros_visual_slam_interfaces:/workspaces/isaac_ros-dev/install/isaac_ros_tensor_list_interfaces:/workspaces/isaac_ros-dev/install/isaac_ros_common:/workspaces/isaac_ros-dev/install/isaac_ros_bi3d_interfaces:/workspaces/isaac_ros-dev/install/isaac_ros_apriltag_interfaces:/workspaces/isaac_ros-dev/install/yolov8_ros:/workspaces/isaac_ros-dev/install/xbox_controller:/workspaces/isaac_ros-dev/install/panel:/workspaces/isaac_ros-dev/install/isaac_ros_test:/workspaces/isaac_ros-dev/install/encoder:/opt/ros/humble/install /usr/bin/cmake --build /workspaces/isaac_ros-dev/build/isaac_ros_visual_slam_interfaces -- -j8 -l8
[8.082s] Invoking command in '/workspaces/isaac_ros-dev/build/isaac_ros_visual_slam_interfaces': CMAKE_PREFIX_PATH=/workspaces/isaac_ros-dev/install/yolov8_bringup:/workspaces/isaac_ros-dev/install/multisense_ros:/workspaces/isaac_ros-dev/install/xacro:/workspaces/isaac_ros-dev/install/vision_msgs_rviz_plugins:/workspaces/isaac_ros-dev/install/vision_msgs:/workspaces/isaac_ros-dev/install/velodyne:/workspaces/isaac_ros-dev/install/velodyne_pointcloud:/workspaces/isaac_ros-dev/install/velodyne_driver:/workspaces/isaac_ros-dev/install/velodyne_msgs:/workspaces/isaac_ros-dev/install/velodyne_laserscan:/workspaces/isaac_ros-dev/install/vectornav:/workspaces/isaac_ros-dev/install/sdv_localization:/workspaces/isaac_ros-dev/install/vectornav_msgs:/workspaces/isaac_ros-dev/install/slam_toolbox:/workspaces/isaac_ros-dev/install/sdv_msg:/workspaces/isaac_ros-dev/install/sdv_localization_msgs:/workspaces/isaac_ros-dev/install/pointcloud_to_laserscan:/workspaces/isaac_ros-dev/install/my_package:/workspaces/isaac_ros-dev/install/multisense_msgs:/workspaces/isaac_ros-dev/install/multisense_lib:/workspaces/isaac_ros-dev/install/isaac_ros_visual_slam:/workspaces/isaac_ros-dev/install/isaac_ros_visual_slam_interfaces:/workspaces/isaac_ros-dev/install/isaac_ros_tensor_list_interfaces:/workspaces/isaac_ros-dev/install/isaac_ros_common:/workspaces/isaac_ros-dev/install/isaac_ros_bi3d_interfaces:/workspaces/isaac_ros-dev/install/isaac_ros_apriltag_interfaces:/workspaces/isaac_ros-dev/install/yolov8_ros:/workspaces/isaac_ros-dev/install/xbox_controller:/workspaces/isaac_ros-dev/install/panel:/workspaces/isaac_ros-dev/install/isaac_ros_test:/workspaces/isaac_ros-dev/install/encoder:/opt/ros/humble/install /usr/bin/cmake --install /workspaces/isaac_ros-dev/build/isaac_ros_visual_slam_interfaces
[8.143s] -- Install configuration: "Release"
[8.143s] -- Up-to-date: /workspaces/isaac_ros-dev/install/isaac_ros_visual_slam_interfaces/share/ament_index/resource_index/rosidl_interfaces/isaac_ros_visual_slam_interfaces
[8.144s] -- Up-to-date: /workspaces/isaac_ros-dev/install/isaac_ros_visual_slam_interfaces/include/isaac_ros_visual_slam_interfaces/isaac_ros_visual_slam_interfaces
[8.144s] -- Up-to-date: /workspaces/isaac_ros-dev/install/isaac_ros_visual_slam_interfaces/include/isaac_ros_visual_slam_interfaces/isaac_ros_visual_slam_interfaces/action
[8.145s] -- Up-to-date: /workspaces/isaac_ros-dev/install/isaac_ros_visual_slam_interfaces/include/isaac_ros_visual_slam_interfaces/isaac_ros_visual_slam_interfaces/action/save_map.h
[8.145s] -- Up-to-date: /workspaces/isaac_ros-dev/install/isaac_ros_visual_slam_interfaces/include/isaac_ros_visual_slam_interfaces/isaac_ros_visual_slam_interfaces/action/detail
[8.146s] -- Up-to-date: /workspaces/isaac_ros-dev/install/isaac_ros_visual_slam_interfaces/include/isaac_ros_visual_slam_interfaces/isaac_ros_visual_slam_interfaces/action/detail/load_map_and_localize__struct.h
[8.146s] -- Up-to-date: /workspaces/isaac_ros-dev/install/isaac_ros_visual_slam_interfaces/include/isaac_ros_visual_slam_interfaces/isaac_ros_visual_slam_interfaces/action/detail/save_map__struct.h
[8.147s] -- Up-to-date: /workspaces/isaac_ros-dev/install/isaac_ros_visual_slam_interfaces/include/isaac_ros_visual_slam_interfaces/isaac_ros_visual_slam_interfaces/action/detail/load_map_and_localize__type_support.h
[8.147s] -- Up-to-date: /workspaces/isaac_ros-dev/install/isaac_ros_visual_slam_interfaces/include/isaac_ros_visual_slam_interfaces/isaac_ros_visual_slam_interfaces/action/detail/save_map__functions.c
[8.147s] -- Up-to-date: /workspaces/isaac_ros-dev/install/isaac_ros_visual_slam_interfaces/include/isaac_ros_visual_slam_interfaces/isaac_ros_visual_slam_interfaces/action/detail/save_map__type_support.h
[8.147s] -- Up-to-date: /workspaces/isaac_ros-dev/install/isaac_ros_visual_slam_interfaces/include/isaac_ros_visual_slam_interfaces/isaac_ros_visual_slam_interfaces/action/detail/load_map_and_localize__functions.c
[8.148s] -- Up-to-date: /workspaces/isaac_ros-dev/install/isaac_ros_visual_slam_interfaces/include/isaac_ros_visual_slam_interfaces/isaac_ros_visual_slam_interfaces/action/detail/load_map_and_localize__functions.h
[8.149s] -- Up-to-date: /workspaces/isaac_ros-dev/install/isaac_ros_visual_slam_interfaces/include/isaac_ros_visual_slam_interfaces/isaac_ros_visual_slam_interfaces/action/detail/save_map__functions.h
[8.149s] -- Up-to-date: /workspaces/isaac_ros-dev/install/isaac_ros_visual_slam_interfaces/include/isaac_ros_visual_slam_interfaces/isaac_ros_visual_slam_interfaces/action/load_map_and_localize.h
[8.149s] -- Up-to-date: /workspaces/isaac_ros-dev/install/isaac_ros_visual_slam_interfaces/include/isaac_ros_visual_slam_interfaces/isaac_ros_visual_slam_interfaces/srv
[8.151s] -- Up-to-date: /workspaces/isaac_ros-dev/install/isaac_ros_visual_slam_interfaces/include/isaac_ros_visual_slam_interfaces/isaac_ros_visual_slam_interfaces/srv/get_all_poses.h
[8.151s] -- Up-to-date: /workspaces/isaac_ros-dev/install/isaac_ros_visual_slam_interfaces/include/isaac_ros_visual_slam_interfaces/isaac_ros_visual_slam_interfaces/srv/set_odometry_pose.h
[8.152s] -- Up-to-date: /workspaces/isaac_ros-dev/install/isaac_ros_visual_slam_interfaces/include/isaac_ros_visual_slam_interfaces/isaac_ros_visual_slam_interfaces/srv/detail
[8.152s] -- Up-to-date: /workspaces/isaac_ros-dev/install/isaac_ros_visual_slam_interfaces/include/isaac_ros_visual_slam_interfaces/isaac_ros_visual_slam_interfaces/srv/detail/set_odometry_pose__functions.h
[8.152s] -- Up-to-date: /workspaces/isaac_ros-dev/install/isaac_ros_visual_slam_interfaces/include/isaac_ros_visual_slam_interfaces/isaac_ros_visual_slam_interfaces/srv/detail/get_all_poses__type_support.h
[8.152s] -- Up-to-date: /workspaces/isaac_ros-dev/install/isaac_ros_visual_slam_interfaces/include/isaac_ros_visual_slam_interfaces/isaac_ros_visual_slam_interfaces/srv/detail/get_all_poses__functions.c
[8.153s] -- Up-to-date: /workspaces/isaac_ros-dev/install/isaac_ros_visual_slam_interfaces/include/isaac_ros_visual_slam_interfaces/isaac_ros_visual_slam_interfaces/srv/detail/reset__functions.c
[8.153s] -- Up-to-date: /workspaces/isaac_ros-dev/install/isaac_ros_visual_slam_interfaces/include/isaac_ros_visual_slam_interfaces/isaac_ros_visual_slam_interfaces/srv/detail/reset__type_support.h
[8.153s] -- Up-to-date: /workspaces/isaac_ros-dev/install/isaac_ros_visual_slam_interfaces/include/isaac_ros_visual_slam_interfaces/isaac_ros_visual_slam_interfaces/srv/detail/reset__struct.h
[8.156s] -- Up-to-date: /workspaces/isaac_ros-dev/install/isaac_ros_visual_slam_interfaces/include/isaac_ros_visual_slam_interfaces/isaac_ros_visual_slam_interfaces/srv/detail/set_odometry_pose__functions.c
[8.156s] -- Up-to-date: /workspaces/isaac_ros-dev/install/isaac_ros_visual_slam_interfaces/include/isaac_ros_visual_slam_interfaces/isaac_ros_visual_slam_interfaces/srv/detail/get_all_poses__struct.h
[8.157s] -- Up-to-date: /workspaces/isaac_ros-dev/install/isaac_ros_visual_slam_interfaces/include/isaac_ros_visual_slam_interfaces/isaac_ros_visual_slam_interfaces/srv/detail/set_odometry_pose__type_support.h
[8.157s] -- Up-to-date: /workspaces/isaac_ros-dev/install/isaac_ros_visual_slam_interfaces/include/isaac_ros_visual_slam_interfaces/isaac_ros_visual_slam_interfaces/srv/detail/get_all_poses__functions.h
[8.164s] -- Up-to-date: /workspaces/isaac_ros-dev/install/isaac_ros_visual_slam_interfaces/include/isaac_ros_visual_slam_interfaces/isaac_ros_visual_slam_interfaces/srv/detail/reset__functions.h
[8.165s] -- Up-to-date: /workspaces/isaac_ros-dev/install/isaac_ros_visual_slam_interfaces/include/isaac_ros_visual_slam_interfaces/isaac_ros_visual_slam_interfaces/srv/detail/set_odometry_pose__struct.h
[8.165s] -- Up-to-date: /workspaces/isaac_ros-dev/install/isaac_ros_visual_slam_interfaces/include/isaac_ros_visual_slam_interfaces/isaac_ros_visual_slam_interfaces/srv/reset.h
[8.165s] -- Up-to-date: /workspaces/isaac_ros-dev/install/isaac_ros_visual_slam_interfaces/include/isaac_ros_visual_slam_interfaces/isaac_ros_visual_slam_interfaces/msg
[8.166s] -- Up-to-date: /workspaces/isaac_ros-dev/install/isaac_ros_visual_slam_interfaces/include/isaac_ros_visual_slam_interfaces/isaac_ros_visual_slam_interfaces/msg/rosidl_generator_c__visibility_control.h
[8.166s] -- Up-to-date: /workspaces/isaac_ros-dev/install/isaac_ros_visual_slam_interfaces/include/isaac_ros_visual_slam_interfaces/isaac_ros_visual_slam_interfaces/msg/visual_slam_status.h
[8.167s] -- Up-to-date: /workspaces/isaac_ros-dev/install/isaac_ros_visual_slam_interfaces/include/isaac_ros_visual_slam_interfaces/isaac_ros_visual_slam_interfaces/msg/detail
[8.168s] -- Up-to-date: /workspaces/isaac_ros-dev/install/isaac_ros_visual_slam_interfaces/include/isaac_ros_visual_slam_interfaces/isaac_ros_visual_slam_interfaces/msg/detail/visual_slam_status__functions.c
[8.168s] -- Up-to-date: /workspaces/isaac_ros-dev/install/isaac_ros_visual_slam_interfaces/include/isaac_ros_visual_slam_interfaces/isaac_ros_visual_slam_interfaces/msg/detail/visual_slam_status__type_support.h
[8.168s] -- Up-to-date: /workspaces/isaac_ros-dev/install/isaac_ros_visual_slam_interfaces/include/isaac_ros_visual_slam_interfaces/isaac_ros_visual_slam_interfaces/msg/detail/visual_slam_status__struct.h
[8.169s] -- Up-to-date: /workspaces/isaac_ros-dev/install/isaac_ros_visual_slam_interfaces/include/isaac_ros_visual_slam_interfaces/isaac_ros_visual_slam_interfaces/msg/detail/visual_slam_status__functions.h
[8.169s] -- Up-to-date: /workspaces/isaac_ros-dev/install/isaac_ros_visual_slam_interfaces/share/isaac_ros_visual_slam_interfaces/environment/library_path.sh
[8.170s] -- Up-to-date: /workspaces/isaac_ros-dev/install/isaac_ros_visual_slam_interfaces/share/isaac_ros_visual_slam_interfaces/environment/library_path.dsv
[8.170s] -- Up-to-date: /workspaces/isaac_ros-dev/install/isaac_ros_visual_slam_interfaces/lib/libisaac_ros_visual_slam_interfaces__rosidl_generator_c.so
[8.170s] -- Up-to-date: /workspaces/isaac_ros-dev/install/isaac_ros_visual_slam_interfaces/include/isaac_ros_visual_slam_interfaces/isaac_ros_visual_slam_interfaces
[8.171s] -- Up-to-date: /workspaces/isaac_ros-dev/install/isaac_ros_visual_slam_interfaces/include/isaac_ros_visual_slam_interfaces/isaac_ros_visual_slam_interfaces/action
[8.171s] -- Up-to-date: /workspaces/isaac_ros-dev/install/isaac_ros_visual_slam_interfaces/include/isaac_ros_visual_slam_interfaces/isaac_ros_visual_slam_interfaces/action/detail
[8.171s] -- Up-to-date: /workspaces/isaac_ros-dev/install/isaac_ros_visual_slam_interfaces/include/isaac_ros_visual_slam_interfaces/isaac_ros_visual_slam_interfaces/action/detail/load_map_and_localize__rosidl_typesupport_fastrtps_c.h
[8.172s] -- Up-to-date: /workspaces/isaac_ros-dev/install/isaac_ros_visual_slam_interfaces/include/isaac_ros_visual_slam_interfaces/isaac_ros_visual_slam_interfaces/action/detail/save_map__rosidl_typesupport_fastrtps_c.h
[8.172s] -- Up-to-date: /workspaces/isaac_ros-dev/install/isaac_ros_visual_slam_interfaces/include/isaac_ros_visual_slam_interfaces/isaac_ros_visual_slam_interfaces/srv
[8.173s] -- Up-to-date: /workspaces/isaac_ros-dev/install/isaac_ros_visual_slam_interfaces/include/isaac_ros_visual_slam_interfaces/isaac_ros_visual_slam_interfaces/srv/detail
[8.174s] -- Up-to-date: /workspaces/isaac_ros-dev/install/isaac_ros_visual_slam_interfaces/include/isaac_ros_visual_slam_interfaces/isaac_ros_visual_slam_interfaces/srv/detail/set_odometry_pose__rosidl_typesupport_fastrtps_c.h
[8.175s] -- Up-to-date: /workspaces/isaac_ros-dev/install/isaac_ros_visual_slam_interfaces/include/isaac_ros_visual_slam_interfaces/isaac_ros_visual_slam_interfaces/srv/detail/reset__rosidl_typesupport_fastrtps_c.h
[8.176s] -- Up-to-date: /workspaces/isaac_ros-dev/install/isaac_ros_visual_slam_interfaces/include/isaac_ros_visual_slam_interfaces/isaac_ros_visual_slam_interfaces/srv/detail/get_all_poses__rosidl_typesupport_fastrtps_c.h
[8.176s] -- Up-to-date: /workspaces/isaac_ros-dev/install/isaac_ros_visual_slam_interfaces/include/isaac_ros_visual_slam_interfaces/isaac_ros_visual_slam_interfaces/msg
[8.176s] -- Up-to-date: /workspaces/isaac_ros-dev/install/isaac_ros_visual_slam_interfaces/include/isaac_ros_visual_slam_interfaces/isaac_ros_visual_slam_interfaces/msg/rosidl_typesupport_fastrtps_c__visibility_control.h
[8.177s] -- Up-to-date: /workspaces/isaac_ros-dev/install/isaac_ros_visual_slam_interfaces/include/isaac_ros_visual_slam_interfaces/isaac_ros_visual_slam_interfaces/msg/detail
[8.177s] -- Up-to-date: /workspaces/isaac_ros-dev/install/isaac_ros_visual_slam_interfaces/include/isaac_ros_visual_slam_interfaces/isaac_ros_visual_slam_interfaces/msg/detail/visual_slam_status__rosidl_typesupport_fastrtps_c.h
[8.177s] -- Up-to-date: /workspaces/isaac_ros-dev/install/isaac_ros_visual_slam_interfaces/lib/libisaac_ros_visual_slam_interfaces__rosidl_typesupport_fastrtps_c.so
[8.178s] -- Up-to-date: /workspaces/isaac_ros-dev/install/isaac_ros_visual_slam_interfaces/include/isaac_ros_visual_slam_interfaces/isaac_ros_visual_slam_interfaces
[8.178s] -- Up-to-date: /workspaces/isaac_ros-dev/install/isaac_ros_visual_slam_interfaces/include/isaac_ros_visual_slam_interfaces/isaac_ros_visual_slam_interfaces/action
[8.178s] -- Up-to-date: /workspaces/isaac_ros-dev/install/isaac_ros_visual_slam_interfaces/include/isaac_ros_visual_slam_interfaces/isaac_ros_visual_slam_interfaces/action/detail
[8.184s] -- Up-to-date: /workspaces/isaac_ros-dev/install/isaac_ros_visual_slam_interfaces/include/isaac_ros_visual_slam_interfaces/isaac_ros_visual_slam_interfaces/action/detail/load_map_and_localize__rosidl_typesupport_introspection_c.h
[8.185s] -- Up-to-date: /workspaces/isaac_ros-dev/install/isaac_ros_visual_slam_interfaces/include/isaac_ros_visual_slam_interfaces/isaac_ros_visual_slam_interfaces/action/detail/save_map__rosidl_typesupport_introspection_c.h
[8.185s] -- Up-to-date: /workspaces/isaac_ros-dev/install/isaac_ros_visual_slam_interfaces/include/isaac_ros_visual_slam_interfaces/isaac_ros_visual_slam_interfaces/action/detail/save_map__type_support.c
[8.185s] -- Up-to-date: /workspaces/isaac_ros-dev/install/isaac_ros_visual_slam_interfaces/include/isaac_ros_visual_slam_interfaces/isaac_ros_visual_slam_interfaces/action/detail/load_map_and_localize__type_support.c
[8.186s] -- Up-to-date: /workspaces/isaac_ros-dev/install/isaac_ros_visual_slam_interfaces/include/isaac_ros_visual_slam_interfaces/isaac_ros_visual_slam_interfaces/srv
[8.187s] -- Up-to-date: /workspaces/isaac_ros-dev/install/isaac_ros_visual_slam_interfaces/include/isaac_ros_visual_slam_interfaces/isaac_ros_visual_slam_interfaces/srv/detail
[8.188s] -- Up-to-date: /workspaces/isaac_ros-dev/install/isaac_ros_visual_slam_interfaces/include/isaac_ros_visual_slam_interfaces/isaac_ros_visual_slam_interfaces/srv/detail/reset__rosidl_typesupport_introspection_c.h
[8.188s] -- Up-to-date: /workspaces/isaac_ros-dev/install/isaac_ros_visual_slam_interfaces/include/isaac_ros_visual_slam_interfaces/isaac_ros_visual_slam_interfaces/srv/detail/set_odometry_pose__type_support.c
[8.189s] -- Up-to-date: /workspaces/isaac_ros-dev/install/isaac_ros_visual_slam_interfaces/include/isaac_ros_visual_slam_interfaces/isaac_ros_visual_slam_interfaces/srv/detail/get_all_poses__rosidl_typesupport_introspection_c.h
[8.189s] -- Up-to-date: /workspaces/isaac_ros-dev/install/isaac_ros_visual_slam_interfaces/include/isaac_ros_visual_slam_interfaces/isaac_ros_visual_slam_interfaces/srv/detail/set_odometry_pose__rosidl_typesupport_introspection_c.h
[8.190s] -- Up-to-date: /workspaces/isaac_ros-dev/install/isaac_ros_visual_slam_interfaces/include/isaac_ros_visual_slam_interfaces/isaac_ros_visual_slam_interfaces/srv/detail/get_all_poses__type_support.c
[8.190s] -- Up-to-date: /workspaces/isaac_ros-dev/install/isaac_ros_visual_slam_interfaces/include/isaac_ros_visual_slam_interfaces/isaac_ros_visual_slam_interfaces/srv/detail/reset__type_support.c
[8.190s] -- Up-to-date: /workspaces/isaac_ros-dev/install/isaac_ros_visual_slam_interfaces/include/isaac_ros_visual_slam_interfaces/isaac_ros_visual_slam_interfaces/msg
[8.190s] -- Up-to-date: /workspaces/isaac_ros-dev/install/isaac_ros_visual_slam_interfaces/include/isaac_ros_visual_slam_interfaces/isaac_ros_visual_slam_interfaces/msg/detail
[8.191s] -- Up-to-date: /workspaces/isaac_ros-dev/install/isaac_ros_visual_slam_interfaces/include/isaac_ros_visual_slam_interfaces/isaac_ros_visual_slam_interfaces/msg/detail/visual_slam_status__type_support.c
[8.191s] -- Up-to-date: /workspaces/isaac_ros-dev/install/isaac_ros_visual_slam_interfaces/include/isaac_ros_visual_slam_interfaces/isaac_ros_visual_slam_interfaces/msg/detail/visual_slam_status__rosidl_typesupport_introspection_c.h
[8.191s] -- Up-to-date: /workspaces/isaac_ros-dev/install/isaac_ros_visual_slam_interfaces/include/isaac_ros_visual_slam_interfaces/isaac_ros_visual_slam_interfaces/msg/rosidl_typesupport_introspection_c__visibility_control.h
[8.192s] -- Up-to-date: /workspaces/isaac_ros-dev/install/isaac_ros_visual_slam_interfaces/lib/libisaac_ros_visual_slam_interfaces__rosidl_typesupport_introspection_c.so
[8.202s] -- Up-to-date: /workspaces/isaac_ros-dev/install/isaac_ros_visual_slam_interfaces/lib/libisaac_ros_visual_slam_interfaces__rosidl_typesupport_c.so
[8.203s] -- Up-to-date: /workspaces/isaac_ros-dev/install/isaac_ros_visual_slam_interfaces/include/isaac_ros_visual_slam_interfaces/isaac_ros_visual_slam_interfaces
[8.203s] -- Up-to-date: /workspaces/isaac_ros-dev/install/isaac_ros_visual_slam_interfaces/include/isaac_ros_visual_slam_interfaces/isaac_ros_visual_slam_interfaces/action
[8.203s] -- Up-to-date: /workspaces/isaac_ros-dev/install/isaac_ros_visual_slam_interfaces/include/isaac_ros_visual_slam_interfaces/isaac_ros_visual_slam_interfaces/action/detail
[8.204s] -- Up-to-date: /workspaces/isaac_ros-dev/install/isaac_ros_visual_slam_interfaces/include/isaac_ros_visual_slam_interfaces/isaac_ros_visual_slam_interfaces/action/detail/load_map_and_localize__struct.hpp
[8.204s] -- Up-to-date: /workspaces/isaac_ros-dev/install/isaac_ros_visual_slam_interfaces/include/isaac_ros_visual_slam_interfaces/isaac_ros_visual_slam_interfaces/action/detail/save_map__builder.hpp
[8.204s] -- Up-to-date: /workspaces/isaac_ros-dev/install/isaac_ros_visual_slam_interfaces/include/isaac_ros_visual_slam_interfaces/isaac_ros_visual_slam_interfaces/action/detail/save_map__traits.hpp
[8.204s] -- Up-to-date: /workspaces/isaac_ros-dev/install/isaac_ros_visual_slam_interfaces/include/isaac_ros_visual_slam_interfaces/isaac_ros_visual_slam_interfaces/action/detail/load_map_and_localize__builder.hpp
[8.205s] -- Up-to-date: /workspaces/isaac_ros-dev/install/isaac_ros_visual_slam_interfaces/include/isaac_ros_visual_slam_interfaces/isaac_ros_visual_slam_interfaces/action/detail/save_map__struct.hpp
[8.205s] -- Up-to-date: /workspaces/isaac_ros-dev/install/isaac_ros_visual_slam_interfaces/include/isaac_ros_visual_slam_interfaces/isaac_ros_visual_slam_interfaces/action/detail/load_map_and_localize__traits.hpp
[8.205s] -- Up-to-date: /workspaces/isaac_ros-dev/install/isaac_ros_visual_slam_interfaces/include/isaac_ros_visual_slam_interfaces/isaac_ros_visual_slam_interfaces/action/load_map_and_localize.hpp
[8.205s] -- Up-to-date: /workspaces/isaac_ros-dev/install/isaac_ros_visual_slam_interfaces/include/isaac_ros_visual_slam_interfaces/isaac_ros_visual_slam_interfaces/action/save_map.hpp
[8.206s] -- Up-to-date: /workspaces/isaac_ros-dev/install/isaac_ros_visual_slam_interfaces/include/isaac_ros_visual_slam_interfaces/isaac_ros_visual_slam_interfaces/srv
[8.206s] -- Up-to-date: /workspaces/isaac_ros-dev/install/isaac_ros_visual_slam_interfaces/include/isaac_ros_visual_slam_interfaces/isaac_ros_visual_slam_interfaces/srv/reset.hpp
[8.206s] -- Up-to-date: /workspaces/isaac_ros-dev/install/isaac_ros_visual_slam_interfaces/include/isaac_ros_visual_slam_interfaces/isaac_ros_visual_slam_interfaces/srv/set_odometry_pose.hpp
[8.206s] -- Up-to-date: /workspaces/isaac_ros-dev/install/isaac_ros_visual_slam_interfaces/include/isaac_ros_visual_slam_interfaces/isaac_ros_visual_slam_interfaces/srv/detail
[8.206s] -- Up-to-date: /workspaces/isaac_ros-dev/install/isaac_ros_visual_slam_interfaces/include/isaac_ros_visual_slam_interfaces/isaac_ros_visual_slam_interfaces/srv/detail/reset__traits.hpp
[8.207s] -- Up-to-date: /workspaces/isaac_ros-dev/install/isaac_ros_visual_slam_interfaces/include/isaac_ros_visual_slam_interfaces/isaac_ros_visual_slam_interfaces/srv/detail/get_all_poses__traits.hpp
[8.207s] -- Up-to-date: /workspaces/isaac_ros-dev/install/isaac_ros_visual_slam_interfaces/include/isaac_ros_visual_slam_interfaces/isaac_ros_visual_slam_interfaces/srv/detail/set_odometry_pose__builder.hpp
[8.207s] -- Up-to-date: /workspaces/isaac_ros-dev/install/isaac_ros_visual_slam_interfaces/include/isaac_ros_visual_slam_interfaces/isaac_ros_visual_slam_interfaces/srv/detail/get_all_poses__builder.hpp
[8.207s] -- Up-to-date: /workspaces/isaac_ros-dev/install/isaac_ros_visual_slam_interfaces/include/isaac_ros_visual_slam_interfaces/isaac_ros_visual_slam_interfaces/srv/detail/reset__struct.hpp
[8.208s] -- Up-to-date: /workspaces/isaac_ros-dev/install/isaac_ros_visual_slam_interfaces/include/isaac_ros_visual_slam_interfaces/isaac_ros_visual_slam_interfaces/srv/detail/get_all_poses__struct.hpp
[8.209s] -- Up-to-date: /workspaces/isaac_ros-dev/install/isaac_ros_visual_slam_interfaces/include/isaac_ros_visual_slam_interfaces/isaac_ros_visual_slam_interfaces/srv/detail/reset__builder.hpp
[8.209s] -- Up-to-date: /workspaces/isaac_ros-dev/install/isaac_ros_visual_slam_interfaces/include/isaac_ros_visual_slam_interfaces/isaac_ros_visual_slam_interfaces/srv/detail/set_odometry_pose__traits.hpp
[8.209s] -- Up-to-date: /workspaces/isaac_ros-dev/install/isaac_ros_visual_slam_interfaces/include/isaac_ros_visual_slam_interfaces/isaac_ros_visual_slam_interfaces/srv/detail/set_odometry_pose__struct.hpp
[8.210s] -- Up-to-date: /workspaces/isaac_ros-dev/install/isaac_ros_visual_slam_interfaces/include/isaac_ros_visual_slam_interfaces/isaac_ros_visual_slam_interfaces/srv/get_all_poses.hpp
[8.210s] -- Up-to-date: /workspaces/isaac_ros-dev/install/isaac_ros_visual_slam_interfaces/include/isaac_ros_visual_slam_interfaces/isaac_ros_visual_slam_interfaces/msg
[8.210s] -- Up-to-date: /workspaces/isaac_ros-dev/install/isaac_ros_visual_slam_interfaces/include/isaac_ros_visual_slam_interfaces/isaac_ros_visual_slam_interfaces/msg/visual_slam_status.hpp
[8.210s] -- Up-to-date: /workspaces/isaac_ros-dev/install/isaac_ros_visual_slam_interfaces/include/isaac_ros_visual_slam_interfaces/isaac_ros_visual_slam_interfaces/msg/detail
[8.211s] -- Up-to-date: /workspaces/isaac_ros-dev/install/isaac_ros_visual_slam_interfaces/include/isaac_ros_visual_slam_interfaces/isaac_ros_visual_slam_interfaces/msg/detail/visual_slam_status__traits.hpp
[8.211s] -- Up-to-date: /workspaces/isaac_ros-dev/install/isaac_ros_visual_slam_interfaces/include/isaac_ros_visual_slam_interfaces/isaac_ros_visual_slam_interfaces/msg/detail/visual_slam_status__struct.hpp
[8.211s] -- Up-to-date: /workspaces/isaac_ros-dev/install/isaac_ros_visual_slam_interfaces/include/isaac_ros_visual_slam_interfaces/isaac_ros_visual_slam_interfaces/msg/detail/visual_slam_status__builder.hpp
[8.211s] -- Up-to-date: /workspaces/isaac_ros-dev/install/isaac_ros_visual_slam_interfaces/include/isaac_ros_visual_slam_interfaces/isaac_ros_visual_slam_interfaces
[8.212s] -- Up-to-date: /workspaces/isaac_ros-dev/install/isaac_ros_visual_slam_interfaces/include/isaac_ros_visual_slam_interfaces/isaac_ros_visual_slam_interfaces/action
[8.213s] -- Up-to-date: /workspaces/isaac_ros-dev/install/isaac_ros_visual_slam_interfaces/include/isaac_ros_visual_slam_interfaces/isaac_ros_visual_slam_interfaces/action/detail
[8.213s] -- Up-to-date: /workspaces/isaac_ros-dev/install/isaac_ros_visual_slam_interfaces/include/isaac_ros_visual_slam_interfaces/isaac_ros_visual_slam_interfaces/action/detail/load_map_and_localize__rosidl_typesupport_fastrtps_cpp.hpp
[8.213s] -- Up-to-date: /workspaces/isaac_ros-dev/install/isaac_ros_visual_slam_interfaces/include/isaac_ros_visual_slam_interfaces/isaac_ros_visual_slam_interfaces/action/detail/save_map__rosidl_typesupport_fastrtps_cpp.hpp
[8.213s] -- Up-to-date: /workspaces/isaac_ros-dev/install/isaac_ros_visual_slam_interfaces/include/isaac_ros_visual_slam_interfaces/isaac_ros_visual_slam_interfaces/action/detail/dds_fastrtps
[8.214s] -- Up-to-date: /workspaces/isaac_ros-dev/install/isaac_ros_visual_slam_interfaces/include/isaac_ros_visual_slam_interfaces/isaac_ros_visual_slam_interfaces/srv
[8.214s] -- Up-to-date: /workspaces/isaac_ros-dev/install/isaac_ros_visual_slam_interfaces/include/isaac_ros_visual_slam_interfaces/isaac_ros_visual_slam_interfaces/srv/detail
[8.214s] -- Up-to-date: /workspaces/isaac_ros-dev/install/isaac_ros_visual_slam_interfaces/include/isaac_ros_visual_slam_interfaces/isaac_ros_visual_slam_interfaces/srv/detail/reset__rosidl_typesupport_fastrtps_cpp.hpp
[8.214s] -- Up-to-date: /workspaces/isaac_ros-dev/install/isaac_ros_visual_slam_interfaces/include/isaac_ros_visual_slam_interfaces/isaac_ros_visual_slam_interfaces/srv/detail/set_odometry_pose__rosidl_typesupport_fastrtps_cpp.hpp
[8.215s] -- Up-to-date: /workspaces/isaac_ros-dev/install/isaac_ros_visual_slam_interfaces/include/isaac_ros_visual_slam_interfaces/isaac_ros_visual_slam_interfaces/srv/detail/dds_fastrtps
[8.215s] -- Up-to-date: /workspaces/isaac_ros-dev/install/isaac_ros_visual_slam_interfaces/include/isaac_ros_visual_slam_interfaces/isaac_ros_visual_slam_interfaces/srv/detail/get_all_poses__rosidl_typesupport_fastrtps_cpp.hpp
[8.215s] -- Up-to-date: /workspaces/isaac_ros-dev/install/isaac_ros_visual_slam_interfaces/include/isaac_ros_visual_slam_interfaces/isaac_ros_visual_slam_interfaces/msg
[8.215s] -- Up-to-date: /workspaces/isaac_ros-dev/install/isaac_ros_visual_slam_interfaces/include/isaac_ros_visual_slam_interfaces/isaac_ros_visual_slam_interfaces/msg/rosidl_typesupport_fastrtps_cpp__visibility_control.h
[8.216s] -- Up-to-date: /workspaces/isaac_ros-dev/install/isaac_ros_visual_slam_interfaces/include/isaac_ros_visual_slam_interfaces/isaac_ros_visual_slam_interfaces/msg/detail
[8.216s] -- Up-to-date: /workspaces/isaac_ros-dev/install/isaac_ros_visual_slam_interfaces/include/isaac_ros_visual_slam_interfaces/isaac_ros_visual_slam_interfaces/msg/detail/visual_slam_status__rosidl_typesupport_fastrtps_cpp.hpp
[8.217s] -- Up-to-date: /workspaces/isaac_ros-dev/install/isaac_ros_visual_slam_interfaces/include/isaac_ros_visual_slam_interfaces/isaac_ros_visual_slam_interfaces/msg/detail/dds_fastrtps
[8.217s] -- Up-to-date: /workspaces/isaac_ros-dev/install/isaac_ros_visual_slam_interfaces/lib/libisaac_ros_visual_slam_interfaces__rosidl_typesupport_fastrtps_cpp.so
[8.217s] -- Up-to-date: /workspaces/isaac_ros-dev/install/isaac_ros_visual_slam_interfaces/include/isaac_ros_visual_slam_interfaces/isaac_ros_visual_slam_interfaces
[8.217s] -- Up-to-date: /workspaces/isaac_ros-dev/install/isaac_ros_visual_slam_interfaces/include/isaac_ros_visual_slam_interfaces/isaac_ros_visual_slam_interfaces/action
[8.218s] -- Up-to-date: /workspaces/isaac_ros-dev/install/isaac_ros_visual_slam_interfaces/include/isaac_ros_visual_slam_interfaces/isaac_ros_visual_slam_interfaces/action/detail
[8.218s] -- Up-to-date: /workspaces/isaac_ros-dev/install/isaac_ros_visual_slam_interfaces/include/isaac_ros_visual_slam_interfaces/isaac_ros_visual_slam_interfaces/action/detail/load_map_and_localize__rosidl_typesupport_introspection_cpp.hpp
[8.218s] -- Up-to-date: /workspaces/isaac_ros-dev/install/isaac_ros_visual_slam_interfaces/include/isaac_ros_visual_slam_interfaces/isaac_ros_visual_slam_interfaces/action/detail/save_map__rosidl_typesupport_introspection_cpp.hpp
[8.218s] -- Up-to-date: /workspaces/isaac_ros-dev/install/isaac_ros_visual_slam_interfaces/include/isaac_ros_visual_slam_interfaces/isaac_ros_visual_slam_interfaces/action/detail/save_map__type_support.cpp
[8.219s] -- Up-to-date: /workspaces/isaac_ros-dev/install/isaac_ros_visual_slam_interfaces/include/isaac_ros_visual_slam_interfaces/isaac_ros_visual_slam_interfaces/action/detail/load_map_and_localize__type_support.cpp
[8.219s] -- Up-to-date: /workspaces/isaac_ros-dev/install/isaac_ros_visual_slam_interfaces/include/isaac_ros_visual_slam_interfaces/isaac_ros_visual_slam_interfaces/srv
[8.219s] -- Up-to-date: /workspaces/isaac_ros-dev/install/isaac_ros_visual_slam_interfaces/include/isaac_ros_visual_slam_interfaces/isaac_ros_visual_slam_interfaces/srv/detail
[8.219s] -- Up-to-date: /workspaces/isaac_ros-dev/install/isaac_ros_visual_slam_interfaces/include/isaac_ros_visual_slam_interfaces/isaac_ros_visual_slam_interfaces/srv/detail/set_odometry_pose__type_support.cpp
[8.220s] -- Up-to-date: /workspaces/isaac_ros-dev/install/isaac_ros_visual_slam_interfaces/include/isaac_ros_visual_slam_interfaces/isaac_ros_visual_slam_interfaces/srv/detail/reset__type_support.cpp
[8.220s] -- Up-to-date: /workspaces/isaac_ros-dev/install/isaac_ros_visual_slam_interfaces/include/isaac_ros_visual_slam_interfaces/isaac_ros_visual_slam_interfaces/srv/detail/get_all_poses__rosidl_typesupport_introspection_cpp.hpp
[8.220s] -- Up-to-date: /workspaces/isaac_ros-dev/install/isaac_ros_visual_slam_interfaces/include/isaac_ros_visual_slam_interfaces/isaac_ros_visual_slam_interfaces/srv/detail/get_all_poses__type_support.cpp
[8.220s] -- Up-to-date: /workspaces/isaac_ros-dev/install/isaac_ros_visual_slam_interfaces/include/isaac_ros_visual_slam_interfaces/isaac_ros_visual_slam_interfaces/srv/detail/reset__rosidl_typesupport_introspection_cpp.hpp
[8.221s] -- Up-to-date: /workspaces/isaac_ros-dev/install/isaac_ros_visual_slam_interfaces/include/isaac_ros_visual_slam_interfaces/isaac_ros_visual_slam_interfaces/srv/detail/set_odometry_pose__rosidl_typesupport_introspection_cpp.hpp
[8.221s] -- Up-to-date: /workspaces/isaac_ros-dev/install/isaac_ros_visual_slam_interfaces/include/isaac_ros_visual_slam_interfaces/isaac_ros_visual_slam_interfaces/msg
[8.222s] -- Up-to-date: /workspaces/isaac_ros-dev/install/isaac_ros_visual_slam_interfaces/include/isaac_ros_visual_slam_interfaces/isaac_ros_visual_slam_interfaces/msg/detail
[8.222s] -- Up-to-date: /workspaces/isaac_ros-dev/install/isaac_ros_visual_slam_interfaces/include/isaac_ros_visual_slam_interfaces/isaac_ros_visual_slam_interfaces/msg/detail/visual_slam_status__type_support.cpp
[8.222s] -- Up-to-date: /workspaces/isaac_ros-dev/install/isaac_ros_visual_slam_interfaces/include/isaac_ros_visual_slam_interfaces/isaac_ros_visual_slam_interfaces/msg/detail/visual_slam_status__rosidl_typesupport_introspection_cpp.hpp
[8.222s] -- Up-to-date: /workspaces/isaac_ros-dev/install/isaac_ros_visual_slam_interfaces/lib/libisaac_ros_visual_slam_interfaces__rosidl_typesupport_introspection_cpp.so
[8.222s] -- Up-to-date: /workspaces/isaac_ros-dev/install/isaac_ros_visual_slam_interfaces/lib/libisaac_ros_visual_slam_interfaces__rosidl_typesupport_cpp.so
[8.223s] -- Up-to-date: /workspaces/isaac_ros-dev/install/isaac_ros_visual_slam_interfaces/share/isaac_ros_visual_slam_interfaces/environment/pythonpath.sh
[8.223s] -- Up-to-date: /workspaces/isaac_ros-dev/install/isaac_ros_visual_slam_interfaces/share/isaac_ros_visual_slam_interfaces/environment/pythonpath.dsv
[8.223s] -- Up-to-date: /workspaces/isaac_ros-dev/install/isaac_ros_visual_slam_interfaces/lib/python3.8/site-packages/isaac_ros_visual_slam_interfaces-0.11.0-py3.8.egg-info
[8.224s] -- Installing: /workspaces/isaac_ros-dev/install/isaac_ros_visual_slam_interfaces/lib/python3.8/site-packages/isaac_ros_visual_slam_interfaces-0.11.0-py3.8.egg-info/top_level.txt
[8.224s] -- Installing: /workspaces/isaac_ros-dev/install/isaac_ros_visual_slam_interfaces/lib/python3.8/site-packages/isaac_ros_visual_slam_interfaces-0.11.0-py3.8.egg-info/dependency_links.txt
[8.224s] -- Installing: /workspaces/isaac_ros-dev/install/isaac_ros_visual_slam_interfaces/lib/python3.8/site-packages/isaac_ros_visual_slam_interfaces-0.11.0-py3.8.egg-info/SOURCES.txt
[8.224s] -- Installing: /workspaces/isaac_ros-dev/install/isaac_ros_visual_slam_interfaces/lib/python3.8/site-packages/isaac_ros_visual_slam_interfaces-0.11.0-py3.8.egg-info/PKG-INFO
[8.225s] -- Up-to-date: /workspaces/isaac_ros-dev/install/isaac_ros_visual_slam_interfaces/lib/python3.8/site-packages/isaac_ros_visual_slam_interfaces
[8.225s] -- Up-to-date: /workspaces/isaac_ros-dev/install/isaac_ros_visual_slam_interfaces/lib/python3.8/site-packages/isaac_ros_visual_slam_interfaces/action
[8.225s] -- Up-to-date: /workspaces/isaac_ros-dev/install/isaac_ros_visual_slam_interfaces/lib/python3.8/site-packages/isaac_ros_visual_slam_interfaces/action/_load_map_and_localize.py
[8.225s] -- Up-to-date: /workspaces/isaac_ros-dev/install/isaac_ros_visual_slam_interfaces/lib/python3.8/site-packages/isaac_ros_visual_slam_interfaces/action/__init__.py
[8.226s] -- Up-to-date: /workspaces/isaac_ros-dev/install/isaac_ros_visual_slam_interfaces/lib/python3.8/site-packages/isaac_ros_visual_slam_interfaces/action/_load_map_and_localize_s.c
[8.226s] -- Up-to-date: /workspaces/isaac_ros-dev/install/isaac_ros_visual_slam_interfaces/lib/python3.8/site-packages/isaac_ros_visual_slam_interfaces/action/_save_map.py
[8.226s] -- Up-to-date: /workspaces/isaac_ros-dev/install/isaac_ros_visual_slam_interfaces/lib/python3.8/site-packages/isaac_ros_visual_slam_interfaces/action/_save_map_s.c
[8.226s] -- Up-to-date: /workspaces/isaac_ros-dev/install/isaac_ros_visual_slam_interfaces/lib/python3.8/site-packages/isaac_ros_visual_slam_interfaces/__init__.py
[8.226s] -- Up-to-date: /workspaces/isaac_ros-dev/install/isaac_ros_visual_slam_interfaces/lib/python3.8/site-packages/isaac_ros_visual_slam_interfaces/isaac_ros_visual_slam_interfaces_s__rosidl_typesupport_fastrtps_c.cpython-38-aarch64-linux-gnu.so
[8.228s] -- Up-to-date: /workspaces/isaac_ros-dev/install/isaac_ros_visual_slam_interfaces/lib/python3.8/site-packages/isaac_ros_visual_slam_interfaces/isaac_ros_visual_slam_interfaces_s__rosidl_typesupport_c.cpython-38-aarch64-linux-gnu.so
[8.228s] -- Up-to-date: /workspaces/isaac_ros-dev/install/isaac_ros_visual_slam_interfaces/lib/python3.8/site-packages/isaac_ros_visual_slam_interfaces/_isaac_ros_visual_slam_interfaces_s.ep.rosidl_typesupport_introspection_c.c
[8.229s] -- Up-to-date: /workspaces/isaac_ros-dev/install/isaac_ros_visual_slam_interfaces/lib/python3.8/site-packages/isaac_ros_visual_slam_interfaces/srv
[8.229s] -- Up-to-date: /workspaces/isaac_ros-dev/install/isaac_ros_visual_slam_interfaces/lib/python3.8/site-packages/isaac_ros_visual_slam_interfaces/srv/__init__.py
[8.229s] -- Up-to-date: /workspaces/isaac_ros-dev/install/isaac_ros_visual_slam_interfaces/lib/python3.8/site-packages/isaac_ros_visual_slam_interfaces/srv/_get_all_poses_s.c
[8.229s] -- Up-to-date: /workspaces/isaac_ros-dev/install/isaac_ros_visual_slam_interfaces/lib/python3.8/site-packages/isaac_ros_visual_slam_interfaces/srv/_reset.py
[8.229s] -- Up-to-date: /workspaces/isaac_ros-dev/install/isaac_ros_visual_slam_interfaces/lib/python3.8/site-packages/isaac_ros_visual_slam_interfaces/srv/_set_odometry_pose_s.c
[8.230s] -- Up-to-date: /workspaces/isaac_ros-dev/install/isaac_ros_visual_slam_interfaces/lib/python3.8/site-packages/isaac_ros_visual_slam_interfaces/srv/_reset_s.c
[8.230s] -- Up-to-date: /workspaces/isaac_ros-dev/install/isaac_ros_visual_slam_interfaces/lib/python3.8/site-packages/isaac_ros_visual_slam_interfaces/srv/_set_odometry_pose.py
[8.230s] -- Up-to-date: /workspaces/isaac_ros-dev/install/isaac_ros_visual_slam_interfaces/lib/python3.8/site-packages/isaac_ros_visual_slam_interfaces/srv/_get_all_poses.py
[8.230s] -- Up-to-date: /workspaces/isaac_ros-dev/install/isaac_ros_visual_slam_interfaces/lib/python3.8/site-packages/isaac_ros_visual_slam_interfaces/msg
[8.232s] -- Up-to-date: /workspaces/isaac_ros-dev/install/isaac_ros_visual_slam_interfaces/lib/python3.8/site-packages/isaac_ros_visual_slam_interfaces/msg/__init__.py
[8.232s] -- Up-to-date: /workspaces/isaac_ros-dev/install/isaac_ros_visual_slam_interfaces/lib/python3.8/site-packages/isaac_ros_visual_slam_interfaces/msg/_visual_slam_status_s.c
[8.232s] -- Up-to-date: /workspaces/isaac_ros-dev/install/isaac_ros_visual_slam_interfaces/lib/python3.8/site-packages/isaac_ros_visual_slam_interfaces/msg/_visual_slam_status.py
[8.233s] -- Up-to-date: /workspaces/isaac_ros-dev/install/isaac_ros_visual_slam_interfaces/lib/python3.8/site-packages/isaac_ros_visual_slam_interfaces/_isaac_ros_visual_slam_interfaces_s.ep.rosidl_typesupport_fastrtps_c.c
[8.233s] -- Up-to-date: /workspaces/isaac_ros-dev/install/isaac_ros_visual_slam_interfaces/lib/python3.8/site-packages/isaac_ros_visual_slam_interfaces/_isaac_ros_visual_slam_interfaces_s.ep.rosidl_typesupport_c.c
[8.233s] -- Up-to-date: /workspaces/isaac_ros-dev/install/isaac_ros_visual_slam_interfaces/lib/python3.8/site-packages/isaac_ros_visual_slam_interfaces/isaac_ros_visual_slam_interfaces_s__rosidl_typesupport_introspection_c.cpython-38-aarch64-linux-gnu.so
[8.233s] -- Up-to-date: /workspaces/isaac_ros-dev/install/isaac_ros_visual_slam_interfaces/lib/python3.8/site-packages/isaac_ros_visual_slam_interfaces/libisaac_ros_visual_slam_interfaces__rosidl_generator_py.so
[8.372s] Listing '/workspaces/isaac_ros-dev/install/isaac_ros_visual_slam_interfaces/lib/python3.8/site-packages/isaac_ros_visual_slam_interfaces'...
[8.373s] Listing '/workspaces/isaac_ros-dev/install/isaac_ros_visual_slam_interfaces/lib/python3.8/site-packages/isaac_ros_visual_slam_interfaces/action'...
[8.373s] Listing '/workspaces/isaac_ros-dev/install/isaac_ros_visual_slam_interfaces/lib/python3.8/site-packages/isaac_ros_visual_slam_interfaces/msg'...
[8.373s] Listing '/workspaces/isaac_ros-dev/install/isaac_ros_visual_slam_interfaces/lib/python3.8/site-packages/isaac_ros_visual_slam_interfaces/srv'...
[8.388s] -- Up-to-date: /workspaces/isaac_ros-dev/install/isaac_ros_visual_slam_interfaces/lib/python3.8/site-packages/isaac_ros_visual_slam_interfaces/isaac_ros_visual_slam_interfaces_s__rosidl_typesupport_fastrtps_c.cpython-38-aarch64-linux-gnu.so
[8.389s] -- Up-to-date: /workspaces/isaac_ros-dev/install/isaac_ros_visual_slam_interfaces/lib/python3.8/site-packages/isaac_ros_visual_slam_interfaces/isaac_ros_visual_slam_interfaces_s__rosidl_typesupport_introspection_c.cpython-38-aarch64-linux-gnu.so
[8.391s] -- Up-to-date: /workspaces/isaac_ros-dev/install/isaac_ros_visual_slam_interfaces/lib/python3.8/site-packages/isaac_ros_visual_slam_interfaces/isaac_ros_visual_slam_interfaces_s__rosidl_typesupport_c.cpython-38-aarch64-linux-gnu.so
[8.393s] -- Up-to-date: /workspaces/isaac_ros-dev/install/isaac_ros_visual_slam_interfaces/lib/libisaac_ros_visual_slam_interfaces__rosidl_generator_py.so
[8.395s] -- Up-to-date: /workspaces/isaac_ros-dev/install/isaac_ros_visual_slam_interfaces/share/isaac_ros_visual_slam_interfaces/msg/VisualSlamStatus.idl
[8.396s] -- Up-to-date: /workspaces/isaac_ros-dev/install/isaac_ros_visual_slam_interfaces/share/isaac_ros_visual_slam_interfaces/srv/GetAllPoses.idl
[8.397s] -- Up-to-date: /workspaces/isaac_ros-dev/install/isaac_ros_visual_slam_interfaces/share/isaac_ros_visual_slam_interfaces/srv/Reset.idl
[8.397s] -- Up-to-date: /workspaces/isaac_ros-dev/install/isaac_ros_visual_slam_interfaces/share/isaac_ros_visual_slam_interfaces/srv/SetOdometryPose.idl
[8.397s] -- Up-to-date: /workspaces/isaac_ros-dev/install/isaac_ros_visual_slam_interfaces/share/isaac_ros_visual_slam_interfaces/action/LoadMapAndLocalize.idl
[8.398s] -- Up-to-date: /workspaces/isaac_ros-dev/install/isaac_ros_visual_slam_interfaces/share/isaac_ros_visual_slam_interfaces/action/SaveMap.idl
[8.399s] -- Up-to-date: /workspaces/isaac_ros-dev/install/isaac_ros_visual_slam_interfaces/share/isaac_ros_visual_slam_interfaces/msg/VisualSlamStatus.msg
[8.400s] -- Up-to-date: /workspaces/isaac_ros-dev/install/isaac_ros_visual_slam_interfaces/share/isaac_ros_visual_slam_interfaces/srv/GetAllPoses.srv
[8.400s] -- Up-to-date: /workspaces/isaac_ros-dev/install/isaac_ros_visual_slam_interfaces/share/isaac_ros_visual_slam_interfaces/srv/GetAllPoses_Request.msg
[8.401s] -- Up-to-date: /workspaces/isaac_ros-dev/install/isaac_ros_visual_slam_interfaces/share/isaac_ros_visual_slam_interfaces/srv/GetAllPoses_Response.msg
[8.401s] -- Up-to-date: /workspaces/isaac_ros-dev/install/isaac_ros_visual_slam_interfaces/share/isaac_ros_visual_slam_interfaces/srv/Reset.srv
[8.401s] -- Up-to-date: /workspaces/isaac_ros-dev/install/isaac_ros_visual_slam_interfaces/share/isaac_ros_visual_slam_interfaces/srv/Reset_Request.msg
[8.402s] -- Up-to-date: /workspaces/isaac_ros-dev/install/isaac_ros_visual_slam_interfaces/share/isaac_ros_visual_slam_interfaces/srv/Reset_Response.msg
[8.402s] -- Up-to-date: /workspaces/isaac_ros-dev/install/isaac_ros_visual_slam_interfaces/share/isaac_ros_visual_slam_interfaces/srv/SetOdometryPose.srv
[8.402s] -- Up-to-date: /workspaces/isaac_ros-dev/install/isaac_ros_visual_slam_interfaces/share/isaac_ros_visual_slam_interfaces/srv/SetOdometryPose_Request.msg
[8.402s] -- Up-to-date: /workspaces/isaac_ros-dev/install/isaac_ros_visual_slam_interfaces/share/isaac_ros_visual_slam_interfaces/srv/SetOdometryPose_Response.msg
[8.403s] -- Up-to-date: /workspaces/isaac_ros-dev/install/isaac_ros_visual_slam_interfaces/share/isaac_ros_visual_slam_interfaces/action/LoadMapAndLocalize.action
[8.403s] -- Up-to-date: /workspaces/isaac_ros-dev/install/isaac_ros_visual_slam_interfaces/share/isaac_ros_visual_slam_interfaces/action/SaveMap.action
[8.404s] -- Up-to-date: /workspaces/isaac_ros-dev/install/isaac_ros_visual_slam_interfaces/share/ament_index/resource_index/package_run_dependencies/isaac_ros_visual_slam_interfaces
[8.404s] -- Up-to-date: /workspaces/isaac_ros-dev/install/isaac_ros_visual_slam_interfaces/share/ament_index/resource_index/parent_prefix_path/isaac_ros_visual_slam_interfaces
[8.404s] -- Up-to-date: /workspaces/isaac_ros-dev/install/isaac_ros_visual_slam_interfaces/share/isaac_ros_visual_slam_interfaces/environment/ament_prefix_path.sh
[8.405s] -- Up-to-date: /workspaces/isaac_ros-dev/install/isaac_ros_visual_slam_interfaces/share/isaac_ros_visual_slam_interfaces/environment/ament_prefix_path.dsv
[8.408s] -- Up-to-date: /workspaces/isaac_ros-dev/install/isaac_ros_visual_slam_interfaces/share/isaac_ros_visual_slam_interfaces/environment/path.sh
[8.409s] -- Up-to-date: /workspaces/isaac_ros-dev/install/isaac_ros_visual_slam_interfaces/share/isaac_ros_visual_slam_interfaces/environment/path.dsv
[8.409s] -- Up-to-date: /workspaces/isaac_ros-dev/install/isaac_ros_visual_slam_interfaces/share/isaac_ros_visual_slam_interfaces/local_setup.bash
[8.410s] -- Up-to-date: /workspaces/isaac_ros-dev/install/isaac_ros_visual_slam_interfaces/share/isaac_ros_visual_slam_interfaces/local_setup.sh
[8.410s] -- Up-to-date: /workspaces/isaac_ros-dev/install/isaac_ros_visual_slam_interfaces/share/isaac_ros_visual_slam_interfaces/local_setup.zsh
[8.411s] -- Up-to-date: /workspaces/isaac_ros-dev/install/isaac_ros_visual_slam_interfaces/share/isaac_ros_visual_slam_interfaces/local_setup.dsv
[8.411s] -- Installing: /workspaces/isaac_ros-dev/install/isaac_ros_visual_slam_interfaces/share/isaac_ros_visual_slam_interfaces/package.dsv
[8.412s] -- Up-to-date: /workspaces/isaac_ros-dev/install/isaac_ros_visual_slam_interfaces/share/ament_index/resource_index/packages/isaac_ros_visual_slam_interfaces
[8.412s] -- Up-to-date: /workspaces/isaac_ros-dev/install/isaac_ros_visual_slam_interfaces/share/isaac_ros_visual_slam_interfaces/cmake/export_isaac_ros_visual_slam_interfaces__rosidl_generator_cExport.cmake
[8.412s] -- Up-to-date: /workspaces/isaac_ros-dev/install/isaac_ros_visual_slam_interfaces/share/isaac_ros_visual_slam_interfaces/cmake/export_isaac_ros_visual_slam_interfaces__rosidl_generator_cExport-release.cmake
[8.414s] -- Up-to-date: /workspaces/isaac_ros-dev/install/isaac_ros_visual_slam_interfaces/share/isaac_ros_visual_slam_interfaces/cmake/export_isaac_ros_visual_slam_interfaces__rosidl_typesupport_fastrtps_cExport.cmake
[8.415s] -- Up-to-date: /workspaces/isaac_ros-dev/install/isaac_ros_visual_slam_interfaces/share/isaac_ros_visual_slam_interfaces/cmake/export_isaac_ros_visual_slam_interfaces__rosidl_typesupport_fastrtps_cExport-release.cmake
[8.415s] -- Up-to-date: /workspaces/isaac_ros-dev/install/isaac_ros_visual_slam_interfaces/share/isaac_ros_visual_slam_interfaces/cmake/isaac_ros_visual_slam_interfaces__rosidl_typesupport_introspection_cExport.cmake
[8.416s] -- Up-to-date: /workspaces/isaac_ros-dev/install/isaac_ros_visual_slam_interfaces/share/isaac_ros_visual_slam_interfaces/cmake/isaac_ros_visual_slam_interfaces__rosidl_typesupport_introspection_cExport-release.cmake
[8.416s] -- Up-to-date: /workspaces/isaac_ros-dev/install/isaac_ros_visual_slam_interfaces/share/isaac_ros_visual_slam_interfaces/cmake/isaac_ros_visual_slam_interfaces__rosidl_typesupport_cExport.cmake
[8.419s] -- Up-to-date: /workspaces/isaac_ros-dev/install/isaac_ros_visual_slam_interfaces/share/isaac_ros_visual_slam_interfaces/cmake/isaac_ros_visual_slam_interfaces__rosidl_typesupport_cExport-release.cmake
[8.419s] -- Up-to-date: /workspaces/isaac_ros-dev/install/isaac_ros_visual_slam_interfaces/share/isaac_ros_visual_slam_interfaces/cmake/export_isaac_ros_visual_slam_interfaces__rosidl_generator_cppExport.cmake
[8.433s] -- Up-to-date: /workspaces/isaac_ros-dev/install/isaac_ros_visual_slam_interfaces/share/isaac_ros_visual_slam_interfaces/cmake/export_isaac_ros_visual_slam_interfaces__rosidl_typesupport_fastrtps_cppExport.cmake
[8.434s] -- Up-to-date: /workspaces/isaac_ros-dev/install/isaac_ros_visual_slam_interfaces/share/isaac_ros_visual_slam_interfaces/cmake/export_isaac_ros_visual_slam_interfaces__rosidl_typesupport_fastrtps_cppExport-release.cmake
[8.434s] -- Up-to-date: /workspaces/isaac_ros-dev/install/isaac_ros_visual_slam_interfaces/share/isaac_ros_visual_slam_interfaces/cmake/isaac_ros_visual_slam_interfaces__rosidl_typesupport_introspection_cppExport.cmake
[8.434s] -- Up-to-date: /workspaces/isaac_ros-dev/install/isaac_ros_visual_slam_interfaces/share/isaac_ros_visual_slam_interfaces/cmake/isaac_ros_visual_slam_interfaces__rosidl_typesupport_introspection_cppExport-release.cmake
[8.434s] -- Up-to-date: /workspaces/isaac_ros-dev/install/isaac_ros_visual_slam_interfaces/share/isaac_ros_visual_slam_interfaces/cmake/isaac_ros_visual_slam_interfaces__rosidl_typesupport_cppExport.cmake
[8.435s] -- Up-to-date: /workspaces/isaac_ros-dev/install/isaac_ros_visual_slam_interfaces/share/isaac_ros_visual_slam_interfaces/cmake/isaac_ros_visual_slam_interfaces__rosidl_typesupport_cppExport-release.cmake
[8.435s] -- Up-to-date: /workspaces/isaac_ros-dev/install/isaac_ros_visual_slam_interfaces/share/isaac_ros_visual_slam_interfaces/cmake/export_isaac_ros_visual_slam_interfaces__rosidl_generator_pyExport.cmake
[8.435s] -- Up-to-date: /workspaces/isaac_ros-dev/install/isaac_ros_visual_slam_interfaces/share/isaac_ros_visual_slam_interfaces/cmake/export_isaac_ros_visual_slam_interfaces__rosidl_generator_pyExport-release.cmake
[8.436s] -- Up-to-date: /workspaces/isaac_ros-dev/install/isaac_ros_visual_slam_interfaces/share/isaac_ros_visual_slam_interfaces/cmake/rosidl_cmake-extras.cmake
[8.436s] -- Up-to-date: /workspaces/isaac_ros-dev/install/isaac_ros_visual_slam_interfaces/share/isaac_ros_visual_slam_interfaces/cmake/ament_cmake_export_dependencies-extras.cmake
[8.436s] -- Up-to-date: /workspaces/isaac_ros-dev/install/isaac_ros_visual_slam_interfaces/share/isaac_ros_visual_slam_interfaces/cmake/ament_cmake_export_include_directories-extras.cmake
[8.437s] -- Up-to-date: /workspaces/isaac_ros-dev/install/isaac_ros_visual_slam_interfaces/share/isaac_ros_visual_slam_interfaces/cmake/ament_cmake_export_libraries-extras.cmake
[8.437s] -- Up-to-date: /workspaces/isaac_ros-dev/install/isaac_ros_visual_slam_interfaces/share/isaac_ros_visual_slam_interfaces/cmake/ament_cmake_export_targets-extras.cmake
[8.437s] -- Up-to-date: /workspaces/isaac_ros-dev/install/isaac_ros_visual_slam_interfaces/share/isaac_ros_visual_slam_interfaces/cmake/rosidl_cmake_export_typesupport_targets-extras.cmake
[8.438s] -- Up-to-date: /workspaces/isaac_ros-dev/install/isaac_ros_visual_slam_interfaces/share/isaac_ros_visual_slam_interfaces/cmake/rosidl_cmake_export_typesupport_libraries-extras.cmake
[8.438s] -- Up-to-date: /workspaces/isaac_ros-dev/install/isaac_ros_visual_slam_interfaces/share/isaac_ros_visual_slam_interfaces/cmake/isaac_ros_visual_slam_interfacesConfig.cmake
[8.438s] -- Up-to-date: /workspaces/isaac_ros-dev/install/isaac_ros_visual_slam_interfaces/share/isaac_ros_visual_slam_interfaces/cmake/isaac_ros_visual_slam_interfacesConfig-version.cmake
[8.438s] -- Up-to-date: /workspaces/isaac_ros-dev/install/isaac_ros_visual_slam_interfaces/share/isaac_ros_visual_slam_interfaces/package.xml
[8.439s] Invoked command in '/workspaces/isaac_ros-dev/build/isaac_ros_visual_slam_interfaces' returned '0': CMAKE_PREFIX_PATH=/workspaces/isaac_ros-dev/install/yolov8_bringup:/workspaces/isaac_ros-dev/install/multisense_ros:/workspaces/isaac_ros-dev/install/xacro:/workspaces/isaac_ros-dev/install/vision_msgs_rviz_plugins:/workspaces/isaac_ros-dev/install/vision_msgs:/workspaces/isaac_ros-dev/install/velodyne:/workspaces/isaac_ros-dev/install/velodyne_pointcloud:/workspaces/isaac_ros-dev/install/velodyne_driver:/workspaces/isaac_ros-dev/install/velodyne_msgs:/workspaces/isaac_ros-dev/install/velodyne_laserscan:/workspaces/isaac_ros-dev/install/vectornav:/workspaces/isaac_ros-dev/install/sdv_localization:/workspaces/isaac_ros-dev/install/vectornav_msgs:/workspaces/isaac_ros-dev/install/slam_toolbox:/workspaces/isaac_ros-dev/install/sdv_msg:/workspaces/isaac_ros-dev/install/sdv_localization_msgs:/workspaces/isaac_ros-dev/install/pointcloud_to_laserscan:/workspaces/isaac_ros-dev/install/my_package:/workspaces/isaac_ros-dev/install/multisense_msgs:/workspaces/isaac_ros-dev/install/multisense_lib:/workspaces/isaac_ros-dev/install/isaac_ros_visual_slam:/workspaces/isaac_ros-dev/install/isaac_ros_visual_slam_interfaces:/workspaces/isaac_ros-dev/install/isaac_ros_tensor_list_interfaces:/workspaces/isaac_ros-dev/install/isaac_ros_common:/workspaces/isaac_ros-dev/install/isaac_ros_bi3d_interfaces:/workspaces/isaac_ros-dev/install/isaac_ros_apriltag_interfaces:/workspaces/isaac_ros-dev/install/yolov8_ros:/workspaces/isaac_ros-dev/install/xbox_controller:/workspaces/isaac_ros-dev/install/panel:/workspaces/isaac_ros-dev/install/isaac_ros_test:/workspaces/isaac_ros-dev/install/encoder:/opt/ros/humble/install /usr/bin/cmake --install /workspaces/isaac_ros-dev/build/isaac_ros_visual_slam_interfaces
