[2.267s] Invoking command in '/workspaces/isaac_ros-dev/build/sdv_localization_msgs': CMAKE_PREFIX_PATH=/workspaces/isaac_ros-dev/install/yolov8_bringup:/workspaces/isaac_ros-dev/install/multisense_ros:/workspaces/isaac_ros-dev/install/xacro:/workspaces/isaac_ros-dev/install/vision_msgs_rviz_plugins:/workspaces/isaac_ros-dev/install/vision_msgs:/workspaces/isaac_ros-dev/install/velodyne:/workspaces/isaac_ros-dev/install/velodyne_pointcloud:/workspaces/isaac_ros-dev/install/velodyne_driver:/workspaces/isaac_ros-dev/install/velodyne_msgs:/workspaces/isaac_ros-dev/install/velodyne_laserscan:/workspaces/isaac_ros-dev/install/vectornav:/workspaces/isaac_ros-dev/install/sdv_localization:/workspaces/isaac_ros-dev/install/vectornav_msgs:/workspaces/isaac_ros-dev/install/slam_toolbox:/workspaces/isaac_ros-dev/install/sdv_msg:/workspaces/isaac_ros-dev/install/sdv_localization_msgs:/workspaces/isaac_ros-dev/install/pointcloud_to_laserscan:/workspaces/isaac_ros-dev/install/my_package:/workspaces/isaac_ros-dev/install/multisense_msgs:/workspaces/isaac_ros-dev/install/multisense_lib:/workspaces/isaac_ros-dev/install/isaac_ros_visual_slam:/workspaces/isaac_ros-dev/install/isaac_ros_visual_slam_interfaces:/workspaces/isaac_ros-dev/install/isaac_ros_tensor_list_interfaces:/workspaces/isaac_ros-dev/install/isaac_ros_common:/workspaces/isaac_ros-dev/install/isaac_ros_bi3d_interfaces:/workspaces/isaac_ros-dev/install/isaac_ros_apriltag_interfaces:/workspaces/isaac_ros-dev/install/yolov8_ros:/workspaces/isaac_ros-dev/install/xbox_controller:/workspaces/isaac_ros-dev/install/panel:/workspaces/isaac_ros-dev/install/isaac_ros_test:/workspaces/isaac_ros-dev/install/encoder:/opt/ros/humble/install /usr/bin/cmake --build /workspaces/isaac_ros-dev/build/sdv_localization_msgs -- -j8 -l8
[3.187s] [  2%] Built target sdv_localization_msgs__cpp
[3.189s] [ 12%] Built target sdv_localization_msgs__rosidl_generator_c
[3.190s] [ 12%] Built target ament_cmake_python_copy_sdv_localization_msgs
[3.190s] [ 23%] Built target sdv_localization_msgs__rosidl_typesupport_cpp
[3.192s] [ 33%] Built target sdv_localization_msgs__rosidl_typesupport_fastrtps_cpp
[3.192s] [ 46%] Built target sdv_localization_msgs__rosidl_typesupport_introspection_cpp
[3.193s] [ 58%] Built target sdv_localization_msgs__rosidl_typesupport_c
[3.198s] [ 64%] Built target sdv_localization_msgs__rosidl_typesupport_introspection_c
[3.201s] [ 74%] Built target sdv_localization_msgs__rosidl_typesupport_fastrtps_c
[3.437s] [ 74%] Built target sdv_localization_msgs
[3.657s] [ 76%] Built target sdv_localization_msgs__py
[3.855s] [ 84%] Built target sdv_localization_msgs__rosidl_generator_py
[4.073s] [ 89%] Built target sdv_localization_msgs__rosidl_typesupport_fastrtps_c__pyext
[4.077s] [ 94%] Built target sdv_localization_msgs__rosidl_typesupport_introspection_c__pyext
[4.096s] [100%] Built target sdv_localization_msgs__rosidl_typesupport_c__pyext
[5.076s] running egg_info
[5.146s] writing sdv_localization_msgs.egg-info/PKG-INFO
[5.147s] writing dependency_links to sdv_localization_msgs.egg-info/dependency_links.txt
[5.148s] writing top-level names to sdv_localization_msgs.egg-info/top_level.txt
[5.355s] reading manifest file 'sdv_localization_msgs.egg-info/SOURCES.txt'
[5.359s] writing manifest file 'sdv_localization_msgs.egg-info/SOURCES.txt'
[5.535s] [100%] Built target ament_cmake_python_build_sdv_localization_msgs_egg
[5.671s] Invoked command in '/workspaces/isaac_ros-dev/build/sdv_localization_msgs' returned '0': CMAKE_PREFIX_PATH=/workspaces/isaac_ros-dev/install/yolov8_bringup:/workspaces/isaac_ros-dev/install/multisense_ros:/workspaces/isaac_ros-dev/install/xacro:/workspaces/isaac_ros-dev/install/vision_msgs_rviz_plugins:/workspaces/isaac_ros-dev/install/vision_msgs:/workspaces/isaac_ros-dev/install/velodyne:/workspaces/isaac_ros-dev/install/velodyne_pointcloud:/workspaces/isaac_ros-dev/install/velodyne_driver:/workspaces/isaac_ros-dev/install/velodyne_msgs:/workspaces/isaac_ros-dev/install/velodyne_laserscan:/workspaces/isaac_ros-dev/install/vectornav:/workspaces/isaac_ros-dev/install/sdv_localization:/workspaces/isaac_ros-dev/install/vectornav_msgs:/workspaces/isaac_ros-dev/install/slam_toolbox:/workspaces/isaac_ros-dev/install/sdv_msg:/workspaces/isaac_ros-dev/install/sdv_localization_msgs:/workspaces/isaac_ros-dev/install/pointcloud_to_laserscan:/workspaces/isaac_ros-dev/install/my_package:/workspaces/isaac_ros-dev/install/multisense_msgs:/workspaces/isaac_ros-dev/install/multisense_lib:/workspaces/isaac_ros-dev/install/isaac_ros_visual_slam:/workspaces/isaac_ros-dev/install/isaac_ros_visual_slam_interfaces:/workspaces/isaac_ros-dev/install/isaac_ros_tensor_list_interfaces:/workspaces/isaac_ros-dev/install/isaac_ros_common:/workspaces/isaac_ros-dev/install/isaac_ros_bi3d_interfaces:/workspaces/isaac_ros-dev/install/isaac_ros_apriltag_interfaces:/workspaces/isaac_ros-dev/install/yolov8_ros:/workspaces/isaac_ros-dev/install/xbox_controller:/workspaces/isaac_ros-dev/install/panel:/workspaces/isaac_ros-dev/install/isaac_ros_test:/workspaces/isaac_ros-dev/install/encoder:/opt/ros/humble/install /usr/bin/cmake --build /workspaces/isaac_ros-dev/build/sdv_localization_msgs -- -j8 -l8
[6.944s] Invoking command in '/workspaces/isaac_ros-dev/build/sdv_localization_msgs': CMAKE_PREFIX_PATH=/workspaces/isaac_ros-dev/install/yolov8_bringup:/workspaces/isaac_ros-dev/install/multisense_ros:/workspaces/isaac_ros-dev/install/xacro:/workspaces/isaac_ros-dev/install/vision_msgs_rviz_plugins:/workspaces/isaac_ros-dev/install/vision_msgs:/workspaces/isaac_ros-dev/install/velodyne:/workspaces/isaac_ros-dev/install/velodyne_pointcloud:/workspaces/isaac_ros-dev/install/velodyne_driver:/workspaces/isaac_ros-dev/install/velodyne_msgs:/workspaces/isaac_ros-dev/install/velodyne_laserscan:/workspaces/isaac_ros-dev/install/vectornav:/workspaces/isaac_ros-dev/install/sdv_localization:/workspaces/isaac_ros-dev/install/vectornav_msgs:/workspaces/isaac_ros-dev/install/slam_toolbox:/workspaces/isaac_ros-dev/install/sdv_msg:/workspaces/isaac_ros-dev/install/sdv_localization_msgs:/workspaces/isaac_ros-dev/install/pointcloud_to_laserscan:/workspaces/isaac_ros-dev/install/my_package:/workspaces/isaac_ros-dev/install/multisense_msgs:/workspaces/isaac_ros-dev/install/multisense_lib:/workspaces/isaac_ros-dev/install/isaac_ros_visual_slam:/workspaces/isaac_ros-dev/install/isaac_ros_visual_slam_interfaces:/workspaces/isaac_ros-dev/install/isaac_ros_tensor_list_interfaces:/workspaces/isaac_ros-dev/install/isaac_ros_common:/workspaces/isaac_ros-dev/install/isaac_ros_bi3d_interfaces:/workspaces/isaac_ros-dev/install/isaac_ros_apriltag_interfaces:/workspaces/isaac_ros-dev/install/yolov8_ros:/workspaces/isaac_ros-dev/install/xbox_controller:/workspaces/isaac_ros-dev/install/panel:/workspaces/isaac_ros-dev/install/isaac_ros_test:/workspaces/isaac_ros-dev/install/encoder:/opt/ros/humble/install /usr/bin/cmake --install /workspaces/isaac_ros-dev/build/sdv_localization_msgs
[7.026s] -- Install configuration: ""
[7.027s] -- Up-to-date: /workspaces/isaac_ros-dev/install/sdv_localization_msgs/share/ament_index/resource_index/rosidl_interfaces/sdv_localization_msgs
[7.027s] -- Up-to-date: /workspaces/isaac_ros-dev/install/sdv_localization_msgs/include/sdv_localization_msgs/sdv_localization_msgs
[7.028s] -- Up-to-date: /workspaces/isaac_ros-dev/install/sdv_localization_msgs/include/sdv_localization_msgs/sdv_localization_msgs/msg
[7.028s] -- Up-to-date: /workspaces/isaac_ros-dev/install/sdv_localization_msgs/include/sdv_localization_msgs/sdv_localization_msgs/msg/rosidl_generator_c__visibility_control.h
[7.029s] -- Up-to-date: /workspaces/isaac_ros-dev/install/sdv_localization_msgs/include/sdv_localization_msgs/sdv_localization_msgs/msg/sensor_stat_array.h
[7.029s] -- Up-to-date: /workspaces/isaac_ros-dev/install/sdv_localization_msgs/include/sdv_localization_msgs/sdv_localization_msgs/msg/sensor_diag.h
[7.029s] -- Up-to-date: /workspaces/isaac_ros-dev/install/sdv_localization_msgs/include/sdv_localization_msgs/sdv_localization_msgs/msg/detail
[7.033s] -- Up-to-date: /workspaces/isaac_ros-dev/install/sdv_localization_msgs/include/sdv_localization_msgs/sdv_localization_msgs/msg/detail/sensor_diag__functions.c
[7.033s] -- Up-to-date: /workspaces/isaac_ros-dev/install/sdv_localization_msgs/include/sdv_localization_msgs/sdv_localization_msgs/msg/detail/sensor_diag__struct.h
[7.034s] -- Up-to-date: /workspaces/isaac_ros-dev/install/sdv_localization_msgs/include/sdv_localization_msgs/sdv_localization_msgs/msg/detail/sensor_stat_array__functions.h
[7.034s] -- Up-to-date: /workspaces/isaac_ros-dev/install/sdv_localization_msgs/include/sdv_localization_msgs/sdv_localization_msgs/msg/detail/sensor_diag__functions.h
[7.038s] -- Up-to-date: /workspaces/isaac_ros-dev/install/sdv_localization_msgs/include/sdv_localization_msgs/sdv_localization_msgs/msg/detail/sensor_diag__type_support.h
[7.038s] -- Up-to-date: /workspaces/isaac_ros-dev/install/sdv_localization_msgs/include/sdv_localization_msgs/sdv_localization_msgs/msg/detail/sensor_stat_array__struct.h
[7.038s] -- Up-to-date: /workspaces/isaac_ros-dev/install/sdv_localization_msgs/include/sdv_localization_msgs/sdv_localization_msgs/msg/detail/sensor_stat_array__type_support.h
[7.039s] -- Up-to-date: /workspaces/isaac_ros-dev/install/sdv_localization_msgs/include/sdv_localization_msgs/sdv_localization_msgs/msg/detail/sensor_stat_array__functions.c
[7.039s] -- Up-to-date: /workspaces/isaac_ros-dev/install/sdv_localization_msgs/share/sdv_localization_msgs/environment/library_path.sh
[7.039s] -- Up-to-date: /workspaces/isaac_ros-dev/install/sdv_localization_msgs/share/sdv_localization_msgs/environment/library_path.dsv
[7.041s] -- Up-to-date: /workspaces/isaac_ros-dev/install/sdv_localization_msgs/lib/libsdv_localization_msgs__rosidl_generator_c.so
[7.041s] -- Up-to-date: /workspaces/isaac_ros-dev/install/sdv_localization_msgs/include/sdv_localization_msgs/sdv_localization_msgs
[7.042s] -- Up-to-date: /workspaces/isaac_ros-dev/install/sdv_localization_msgs/include/sdv_localization_msgs/sdv_localization_msgs/msg
[7.042s] -- Up-to-date: /workspaces/isaac_ros-dev/install/sdv_localization_msgs/include/sdv_localization_msgs/sdv_localization_msgs/msg/rosidl_typesupport_fastrtps_c__visibility_control.h
[7.042s] -- Up-to-date: /workspaces/isaac_ros-dev/install/sdv_localization_msgs/include/sdv_localization_msgs/sdv_localization_msgs/msg/detail
[7.043s] -- Up-to-date: /workspaces/isaac_ros-dev/install/sdv_localization_msgs/include/sdv_localization_msgs/sdv_localization_msgs/msg/detail/sensor_diag__rosidl_typesupport_fastrtps_c.h
[7.043s] -- Up-to-date: /workspaces/isaac_ros-dev/install/sdv_localization_msgs/include/sdv_localization_msgs/sdv_localization_msgs/msg/detail/sensor_stat_array__rosidl_typesupport_fastrtps_c.h
[7.044s] -- Up-to-date: /workspaces/isaac_ros-dev/install/sdv_localization_msgs/lib/libsdv_localization_msgs__rosidl_typesupport_fastrtps_c.so
[7.044s] -- Up-to-date: /workspaces/isaac_ros-dev/install/sdv_localization_msgs/include/sdv_localization_msgs/sdv_localization_msgs
[7.045s] -- Up-to-date: /workspaces/isaac_ros-dev/install/sdv_localization_msgs/include/sdv_localization_msgs/sdv_localization_msgs/msg
[7.045s] -- Up-to-date: /workspaces/isaac_ros-dev/install/sdv_localization_msgs/include/sdv_localization_msgs/sdv_localization_msgs/msg/sensor_stat_array.hpp
[7.045s] -- Up-to-date: /workspaces/isaac_ros-dev/install/sdv_localization_msgs/include/sdv_localization_msgs/sdv_localization_msgs/msg/detail
[7.045s] -- Up-to-date: /workspaces/isaac_ros-dev/install/sdv_localization_msgs/include/sdv_localization_msgs/sdv_localization_msgs/msg/detail/sensor_stat_array__traits.hpp
[7.046s] -- Up-to-date: /workspaces/isaac_ros-dev/install/sdv_localization_msgs/include/sdv_localization_msgs/sdv_localization_msgs/msg/detail/sensor_diag__traits.hpp
[7.046s] -- Up-to-date: /workspaces/isaac_ros-dev/install/sdv_localization_msgs/include/sdv_localization_msgs/sdv_localization_msgs/msg/detail/sensor_diag__struct.hpp
[7.050s] -- Up-to-date: /workspaces/isaac_ros-dev/install/sdv_localization_msgs/include/sdv_localization_msgs/sdv_localization_msgs/msg/detail/sensor_stat_array__builder.hpp
[7.052s] -- Up-to-date: /workspaces/isaac_ros-dev/install/sdv_localization_msgs/include/sdv_localization_msgs/sdv_localization_msgs/msg/detail/sensor_stat_array__struct.hpp
[7.052s] -- Up-to-date: /workspaces/isaac_ros-dev/install/sdv_localization_msgs/include/sdv_localization_msgs/sdv_localization_msgs/msg/detail/sensor_diag__builder.hpp
[7.052s] -- Up-to-date: /workspaces/isaac_ros-dev/install/sdv_localization_msgs/include/sdv_localization_msgs/sdv_localization_msgs/msg/sensor_diag.hpp
[7.053s] -- Up-to-date: /workspaces/isaac_ros-dev/install/sdv_localization_msgs/include/sdv_localization_msgs/sdv_localization_msgs
[7.053s] -- Up-to-date: /workspaces/isaac_ros-dev/install/sdv_localization_msgs/include/sdv_localization_msgs/sdv_localization_msgs/msg
[7.053s] -- Up-to-date: /workspaces/isaac_ros-dev/install/sdv_localization_msgs/include/sdv_localization_msgs/sdv_localization_msgs/msg/rosidl_typesupport_fastrtps_cpp__visibility_control.h
[7.054s] -- Up-to-date: /workspaces/isaac_ros-dev/install/sdv_localization_msgs/include/sdv_localization_msgs/sdv_localization_msgs/msg/detail
[7.054s] -- Up-to-date: /workspaces/isaac_ros-dev/install/sdv_localization_msgs/include/sdv_localization_msgs/sdv_localization_msgs/msg/detail/dds_fastrtps
[7.055s] -- Up-to-date: /workspaces/isaac_ros-dev/install/sdv_localization_msgs/include/sdv_localization_msgs/sdv_localization_msgs/msg/detail/sensor_stat_array__rosidl_typesupport_fastrtps_cpp.hpp
[7.055s] -- Up-to-date: /workspaces/isaac_ros-dev/install/sdv_localization_msgs/include/sdv_localization_msgs/sdv_localization_msgs/msg/detail/sensor_diag__rosidl_typesupport_fastrtps_cpp.hpp
[7.056s] -- Up-to-date: /workspaces/isaac_ros-dev/install/sdv_localization_msgs/lib/libsdv_localization_msgs__rosidl_typesupport_fastrtps_cpp.so
[7.056s] -- Up-to-date: /workspaces/isaac_ros-dev/install/sdv_localization_msgs/include/sdv_localization_msgs/sdv_localization_msgs
[7.057s] -- Up-to-date: /workspaces/isaac_ros-dev/install/sdv_localization_msgs/include/sdv_localization_msgs/sdv_localization_msgs/msg
[7.057s] -- Up-to-date: /workspaces/isaac_ros-dev/install/sdv_localization_msgs/include/sdv_localization_msgs/sdv_localization_msgs/msg/detail
[7.058s] -- Up-to-date: /workspaces/isaac_ros-dev/install/sdv_localization_msgs/include/sdv_localization_msgs/sdv_localization_msgs/msg/detail/sensor_diag__rosidl_typesupport_introspection_c.h
[7.058s] -- Up-to-date: /workspaces/isaac_ros-dev/install/sdv_localization_msgs/include/sdv_localization_msgs/sdv_localization_msgs/msg/detail/sensor_diag__type_support.c
[7.058s] -- Up-to-date: /workspaces/isaac_ros-dev/install/sdv_localization_msgs/include/sdv_localization_msgs/sdv_localization_msgs/msg/detail/sensor_stat_array__type_support.c
[7.059s] -- Up-to-date: /workspaces/isaac_ros-dev/install/sdv_localization_msgs/include/sdv_localization_msgs/sdv_localization_msgs/msg/detail/sensor_stat_array__rosidl_typesupport_introspection_c.h
[7.059s] -- Up-to-date: /workspaces/isaac_ros-dev/install/sdv_localization_msgs/include/sdv_localization_msgs/sdv_localization_msgs/msg/rosidl_typesupport_introspection_c__visibility_control.h
[7.060s] -- Up-to-date: /workspaces/isaac_ros-dev/install/sdv_localization_msgs/lib/libsdv_localization_msgs__rosidl_typesupport_introspection_c.so
[7.061s] -- Up-to-date: /workspaces/isaac_ros-dev/install/sdv_localization_msgs/lib/libsdv_localization_msgs__rosidl_typesupport_c.so
[7.061s] -- Up-to-date: /workspaces/isaac_ros-dev/install/sdv_localization_msgs/include/sdv_localization_msgs/sdv_localization_msgs
[7.061s] -- Up-to-date: /workspaces/isaac_ros-dev/install/sdv_localization_msgs/include/sdv_localization_msgs/sdv_localization_msgs/msg
[7.062s] -- Up-to-date: /workspaces/isaac_ros-dev/install/sdv_localization_msgs/include/sdv_localization_msgs/sdv_localization_msgs/msg/detail
[7.063s] -- Up-to-date: /workspaces/isaac_ros-dev/install/sdv_localization_msgs/include/sdv_localization_msgs/sdv_localization_msgs/msg/detail/sensor_diag__type_support.cpp
[7.063s] -- Up-to-date: /workspaces/isaac_ros-dev/install/sdv_localization_msgs/include/sdv_localization_msgs/sdv_localization_msgs/msg/detail/sensor_stat_array__type_support.cpp
[7.064s] -- Up-to-date: /workspaces/isaac_ros-dev/install/sdv_localization_msgs/include/sdv_localization_msgs/sdv_localization_msgs/msg/detail/sensor_stat_array__rosidl_typesupport_introspection_cpp.hpp
[7.065s] -- Up-to-date: /workspaces/isaac_ros-dev/install/sdv_localization_msgs/include/sdv_localization_msgs/sdv_localization_msgs/msg/detail/sensor_diag__rosidl_typesupport_introspection_cpp.hpp
[7.065s] -- Up-to-date: /workspaces/isaac_ros-dev/install/sdv_localization_msgs/lib/libsdv_localization_msgs__rosidl_typesupport_introspection_cpp.so
[7.066s] -- Up-to-date: /workspaces/isaac_ros-dev/install/sdv_localization_msgs/lib/libsdv_localization_msgs__rosidl_typesupport_cpp.so
[7.066s] -- Up-to-date: /workspaces/isaac_ros-dev/install/sdv_localization_msgs/share/sdv_localization_msgs/environment/pythonpath.sh
[7.067s] -- Up-to-date: /workspaces/isaac_ros-dev/install/sdv_localization_msgs/share/sdv_localization_msgs/environment/pythonpath.dsv
[7.067s] -- Up-to-date: /workspaces/isaac_ros-dev/install/sdv_localization_msgs/lib/python3.8/site-packages/sdv_localization_msgs-3.0.0-py3.8.egg-info
[7.067s] -- Installing: /workspaces/isaac_ros-dev/install/sdv_localization_msgs/lib/python3.8/site-packages/sdv_localization_msgs-3.0.0-py3.8.egg-info/top_level.txt
[7.068s] -- Installing: /workspaces/isaac_ros-dev/install/sdv_localization_msgs/lib/python3.8/site-packages/sdv_localization_msgs-3.0.0-py3.8.egg-info/dependency_links.txt
[7.068s] -- Installing: /workspaces/isaac_ros-dev/install/sdv_localization_msgs/lib/python3.8/site-packages/sdv_localization_msgs-3.0.0-py3.8.egg-info/SOURCES.txt
[7.068s] -- Installing: /workspaces/isaac_ros-dev/install/sdv_localization_msgs/lib/python3.8/site-packages/sdv_localization_msgs-3.0.0-py3.8.egg-info/PKG-INFO
[7.068s] -- Up-to-date: /workspaces/isaac_ros-dev/install/sdv_localization_msgs/lib/python3.8/site-packages/sdv_localization_msgs
[7.069s] -- Up-to-date: /workspaces/isaac_ros-dev/install/sdv_localization_msgs/lib/python3.8/site-packages/sdv_localization_msgs/__init__.py
[7.069s] -- Up-to-date: /workspaces/isaac_ros-dev/install/sdv_localization_msgs/lib/python3.8/site-packages/sdv_localization_msgs/libsdv_localization_msgs__rosidl_generator_py.so
[7.069s] -- Up-to-date: /workspaces/isaac_ros-dev/install/sdv_localization_msgs/lib/python3.8/site-packages/sdv_localization_msgs/sdv_localization_msgs_s__rosidl_typesupport_fastrtps_c.cpython-38-aarch64-linux-gnu.so
[7.070s] -- Up-to-date: /workspaces/isaac_ros-dev/install/sdv_localization_msgs/lib/python3.8/site-packages/sdv_localization_msgs/msg
[7.070s] -- Up-to-date: /workspaces/isaac_ros-dev/install/sdv_localization_msgs/lib/python3.8/site-packages/sdv_localization_msgs/msg/__init__.py
[7.070s] -- Up-to-date: /workspaces/isaac_ros-dev/install/sdv_localization_msgs/lib/python3.8/site-packages/sdv_localization_msgs/msg/_sensor_stat_array.py
[7.071s] -- Up-to-date: /workspaces/isaac_ros-dev/install/sdv_localization_msgs/lib/python3.8/site-packages/sdv_localization_msgs/msg/_sensor_stat_array_s.c
[7.071s] -- Up-to-date: /workspaces/isaac_ros-dev/install/sdv_localization_msgs/lib/python3.8/site-packages/sdv_localization_msgs/msg/_sensor_diag_s.c
[7.072s] -- Up-to-date: /workspaces/isaac_ros-dev/install/sdv_localization_msgs/lib/python3.8/site-packages/sdv_localization_msgs/msg/_sensor_diag.py
[7.072s] -- Up-to-date: /workspaces/isaac_ros-dev/install/sdv_localization_msgs/lib/python3.8/site-packages/sdv_localization_msgs/_sdv_localization_msgs_s.ep.rosidl_typesupport_c.c
[7.074s] -- Up-to-date: /workspaces/isaac_ros-dev/install/sdv_localization_msgs/lib/python3.8/site-packages/sdv_localization_msgs/sdv_localization_msgs_s__rosidl_typesupport_c.cpython-38-aarch64-linux-gnu.so
[7.074s] -- Up-to-date: /workspaces/isaac_ros-dev/install/sdv_localization_msgs/lib/python3.8/site-packages/sdv_localization_msgs/_sdv_localization_msgs_s.ep.rosidl_typesupport_fastrtps_c.c
[7.075s] -- Up-to-date: /workspaces/isaac_ros-dev/install/sdv_localization_msgs/lib/python3.8/site-packages/sdv_localization_msgs/_sdv_localization_msgs_s.ep.rosidl_typesupport_introspection_c.c
[7.075s] -- Up-to-date: /workspaces/isaac_ros-dev/install/sdv_localization_msgs/lib/python3.8/site-packages/sdv_localization_msgs/sdv_localization_msgs_s__rosidl_typesupport_introspection_c.cpython-38-aarch64-linux-gnu.so
[7.284s] Listing '/workspaces/isaac_ros-dev/install/sdv_localization_msgs/lib/python3.8/site-packages/sdv_localization_msgs'...
[7.284s] Listing '/workspaces/isaac_ros-dev/install/sdv_localization_msgs/lib/python3.8/site-packages/sdv_localization_msgs/msg'...
[7.297s] -- Up-to-date: /workspaces/isaac_ros-dev/install/sdv_localization_msgs/lib/python3.8/site-packages/sdv_localization_msgs/sdv_localization_msgs_s__rosidl_typesupport_fastrtps_c.cpython-38-aarch64-linux-gnu.so
[7.300s] -- Up-to-date: /workspaces/isaac_ros-dev/install/sdv_localization_msgs/lib/python3.8/site-packages/sdv_localization_msgs/sdv_localization_msgs_s__rosidl_typesupport_introspection_c.cpython-38-aarch64-linux-gnu.so
[7.305s] -- Up-to-date: /workspaces/isaac_ros-dev/install/sdv_localization_msgs/lib/python3.8/site-packages/sdv_localization_msgs/sdv_localization_msgs_s__rosidl_typesupport_c.cpython-38-aarch64-linux-gnu.so
[7.308s] -- Up-to-date: /workspaces/isaac_ros-dev/install/sdv_localization_msgs/lib/libsdv_localization_msgs__rosidl_generator_py.so
[7.311s] -- Up-to-date: /workspaces/isaac_ros-dev/install/sdv_localization_msgs/share/sdv_localization_msgs/msg/SensorDiag.idl
[7.311s] -- Up-to-date: /workspaces/isaac_ros-dev/install/sdv_localization_msgs/share/sdv_localization_msgs/msg/SensorStatArray.idl
[7.312s] -- Up-to-date: /workspaces/isaac_ros-dev/install/sdv_localization_msgs/share/sdv_localization_msgs/msg/SensorDiag.msg
[7.312s] -- Up-to-date: /workspaces/isaac_ros-dev/install/sdv_localization_msgs/share/sdv_localization_msgs/msg/SensorStatArray.msg
[7.312s] -- Up-to-date: /workspaces/isaac_ros-dev/install/sdv_localization_msgs/share/ament_index/resource_index/package_run_dependencies/sdv_localization_msgs
[7.313s] -- Up-to-date: /workspaces/isaac_ros-dev/install/sdv_localization_msgs/share/ament_index/resource_index/parent_prefix_path/sdv_localization_msgs
[7.315s] -- Up-to-date: /workspaces/isaac_ros-dev/install/sdv_localization_msgs/share/sdv_localization_msgs/environment/ament_prefix_path.sh
[7.315s] -- Up-to-date: /workspaces/isaac_ros-dev/install/sdv_localization_msgs/share/sdv_localization_msgs/environment/ament_prefix_path.dsv
[7.316s] -- Up-to-date: /workspaces/isaac_ros-dev/install/sdv_localization_msgs/share/sdv_localization_msgs/environment/path.sh
[7.319s] -- Up-to-date: /workspaces/isaac_ros-dev/install/sdv_localization_msgs/share/sdv_localization_msgs/environment/path.dsv
[7.320s] -- Up-to-date: /workspaces/isaac_ros-dev/install/sdv_localization_msgs/share/sdv_localization_msgs/local_setup.bash
[7.320s] -- Up-to-date: /workspaces/isaac_ros-dev/install/sdv_localization_msgs/share/sdv_localization_msgs/local_setup.sh
[7.321s] -- Up-to-date: /workspaces/isaac_ros-dev/install/sdv_localization_msgs/share/sdv_localization_msgs/local_setup.zsh
[7.321s] -- Up-to-date: /workspaces/isaac_ros-dev/install/sdv_localization_msgs/share/sdv_localization_msgs/local_setup.dsv
[7.321s] -- Installing: /workspaces/isaac_ros-dev/install/sdv_localization_msgs/share/sdv_localization_msgs/package.dsv
[7.343s] -- Up-to-date: /workspaces/isaac_ros-dev/install/sdv_localization_msgs/share/ament_index/resource_index/packages/sdv_localization_msgs
[7.361s] -- Up-to-date: /workspaces/isaac_ros-dev/install/sdv_localization_msgs/share/sdv_localization_msgs/cmake/export_sdv_localization_msgs__rosidl_generator_cExport.cmake
[7.361s] -- Up-to-date: /workspaces/isaac_ros-dev/install/sdv_localization_msgs/share/sdv_localization_msgs/cmake/export_sdv_localization_msgs__rosidl_generator_cExport-noconfig.cmake
[7.362s] -- Up-to-date: /workspaces/isaac_ros-dev/install/sdv_localization_msgs/share/sdv_localization_msgs/cmake/export_sdv_localization_msgs__rosidl_typesupport_fastrtps_cExport.cmake
[7.363s] -- Up-to-date: /workspaces/isaac_ros-dev/install/sdv_localization_msgs/share/sdv_localization_msgs/cmake/export_sdv_localization_msgs__rosidl_typesupport_fastrtps_cExport-noconfig.cmake
[7.363s] -- Up-to-date: /workspaces/isaac_ros-dev/install/sdv_localization_msgs/share/sdv_localization_msgs/cmake/export_sdv_localization_msgs__rosidl_generator_cppExport.cmake
[7.364s] -- Up-to-date: /workspaces/isaac_ros-dev/install/sdv_localization_msgs/share/sdv_localization_msgs/cmake/export_sdv_localization_msgs__rosidl_typesupport_fastrtps_cppExport.cmake
[7.364s] -- Up-to-date: /workspaces/isaac_ros-dev/install/sdv_localization_msgs/share/sdv_localization_msgs/cmake/export_sdv_localization_msgs__rosidl_typesupport_fastrtps_cppExport-noconfig.cmake
[7.364s] -- Up-to-date: /workspaces/isaac_ros-dev/install/sdv_localization_msgs/share/sdv_localization_msgs/cmake/sdv_localization_msgs__rosidl_typesupport_introspection_cExport.cmake
[7.365s] -- Up-to-date: /workspaces/isaac_ros-dev/install/sdv_localization_msgs/share/sdv_localization_msgs/cmake/sdv_localization_msgs__rosidl_typesupport_introspection_cExport-noconfig.cmake
[7.366s] -- Up-to-date: /workspaces/isaac_ros-dev/install/sdv_localization_msgs/share/sdv_localization_msgs/cmake/sdv_localization_msgs__rosidl_typesupport_cExport.cmake
[7.367s] -- Up-to-date: /workspaces/isaac_ros-dev/install/sdv_localization_msgs/share/sdv_localization_msgs/cmake/sdv_localization_msgs__rosidl_typesupport_cExport-noconfig.cmake
[7.370s] -- Up-to-date: /workspaces/isaac_ros-dev/install/sdv_localization_msgs/share/sdv_localization_msgs/cmake/sdv_localization_msgs__rosidl_typesupport_introspection_cppExport.cmake
[7.375s] -- Up-to-date: /workspaces/isaac_ros-dev/install/sdv_localization_msgs/share/sdv_localization_msgs/cmake/sdv_localization_msgs__rosidl_typesupport_introspection_cppExport-noconfig.cmake
[7.375s] -- Up-to-date: /workspaces/isaac_ros-dev/install/sdv_localization_msgs/share/sdv_localization_msgs/cmake/sdv_localization_msgs__rosidl_typesupport_cppExport.cmake
[7.375s] -- Up-to-date: /workspaces/isaac_ros-dev/install/sdv_localization_msgs/share/sdv_localization_msgs/cmake/sdv_localization_msgs__rosidl_typesupport_cppExport-noconfig.cmake
[7.385s] -- Up-to-date: /workspaces/isaac_ros-dev/install/sdv_localization_msgs/share/sdv_localization_msgs/cmake/export_sdv_localization_msgs__rosidl_generator_pyExport.cmake
[7.387s] -- Up-to-date: /workspaces/isaac_ros-dev/install/sdv_localization_msgs/share/sdv_localization_msgs/cmake/export_sdv_localization_msgs__rosidl_generator_pyExport-noconfig.cmake
[7.388s] -- Up-to-date: /workspaces/isaac_ros-dev/install/sdv_localization_msgs/share/sdv_localization_msgs/cmake/rosidl_cmake-extras.cmake
[7.389s] -- Up-to-date: /workspaces/isaac_ros-dev/install/sdv_localization_msgs/share/sdv_localization_msgs/cmake/ament_cmake_export_dependencies-extras.cmake
[7.390s] -- Up-to-date: /workspaces/isaac_ros-dev/install/sdv_localization_msgs/share/sdv_localization_msgs/cmake/ament_cmake_export_include_directories-extras.cmake
[7.392s] -- Up-to-date: /workspaces/isaac_ros-dev/install/sdv_localization_msgs/share/sdv_localization_msgs/cmake/ament_cmake_export_libraries-extras.cmake
[7.393s] -- Up-to-date: /workspaces/isaac_ros-dev/install/sdv_localization_msgs/share/sdv_localization_msgs/cmake/ament_cmake_export_targets-extras.cmake
[7.394s] -- Up-to-date: /workspaces/isaac_ros-dev/install/sdv_localization_msgs/share/sdv_localization_msgs/cmake/rosidl_cmake_export_typesupport_targets-extras.cmake
[7.395s] -- Up-to-date: /workspaces/isaac_ros-dev/install/sdv_localization_msgs/share/sdv_localization_msgs/cmake/rosidl_cmake_export_typesupport_libraries-extras.cmake
[7.396s] -- Up-to-date: /workspaces/isaac_ros-dev/install/sdv_localization_msgs/share/sdv_localization_msgs/cmake/sdv_localization_msgsConfig.cmake
[7.397s] -- Up-to-date: /workspaces/isaac_ros-dev/install/sdv_localization_msgs/share/sdv_localization_msgs/cmake/sdv_localization_msgsConfig-version.cmake
[7.398s] -- Up-to-date: /workspaces/isaac_ros-dev/install/sdv_localization_msgs/share/sdv_localization_msgs/package.xml
[7.470s] Invoked command in '/workspaces/isaac_ros-dev/build/sdv_localization_msgs' returned '0': CMAKE_PREFIX_PATH=/workspaces/isaac_ros-dev/install/yolov8_bringup:/workspaces/isaac_ros-dev/install/multisense_ros:/workspaces/isaac_ros-dev/install/xacro:/workspaces/isaac_ros-dev/install/vision_msgs_rviz_plugins:/workspaces/isaac_ros-dev/install/vision_msgs:/workspaces/isaac_ros-dev/install/velodyne:/workspaces/isaac_ros-dev/install/velodyne_pointcloud:/workspaces/isaac_ros-dev/install/velodyne_driver:/workspaces/isaac_ros-dev/install/velodyne_msgs:/workspaces/isaac_ros-dev/install/velodyne_laserscan:/workspaces/isaac_ros-dev/install/vectornav:/workspaces/isaac_ros-dev/install/sdv_localization:/workspaces/isaac_ros-dev/install/vectornav_msgs:/workspaces/isaac_ros-dev/install/slam_toolbox:/workspaces/isaac_ros-dev/install/sdv_msg:/workspaces/isaac_ros-dev/install/sdv_localization_msgs:/workspaces/isaac_ros-dev/install/pointcloud_to_laserscan:/workspaces/isaac_ros-dev/install/my_package:/workspaces/isaac_ros-dev/install/multisense_msgs:/workspaces/isaac_ros-dev/install/multisense_lib:/workspaces/isaac_ros-dev/install/isaac_ros_visual_slam:/workspaces/isaac_ros-dev/install/isaac_ros_visual_slam_interfaces:/workspaces/isaac_ros-dev/install/isaac_ros_tensor_list_interfaces:/workspaces/isaac_ros-dev/install/isaac_ros_common:/workspaces/isaac_ros-dev/install/isaac_ros_bi3d_interfaces:/workspaces/isaac_ros-dev/install/isaac_ros_apriltag_interfaces:/workspaces/isaac_ros-dev/install/yolov8_ros:/workspaces/isaac_ros-dev/install/xbox_controller:/workspaces/isaac_ros-dev/install/panel:/workspaces/isaac_ros-dev/install/isaac_ros_test:/workspaces/isaac_ros-dev/install/encoder:/opt/ros/humble/install /usr/bin/cmake --install /workspaces/isaac_ros-dev/build/sdv_localization_msgs
