[2.052s] Invoking command in '/workspaces/isaac_ros-dev/build/sdv_localization_msgs': CMAKE_PREFIX_PATH=/workspaces/isaac_ros-dev/install/yolov8_bringup:/workspaces/isaac_ros-dev/install/multisense_ros:/workspaces/isaac_ros-dev/install/xacro:/workspaces/isaac_ros-dev/install/vision_msgs_rviz_plugins:/workspaces/isaac_ros-dev/install/vision_msgs:/workspaces/isaac_ros-dev/install/velodyne:/workspaces/isaac_ros-dev/install/velodyne_pointcloud:/workspaces/isaac_ros-dev/install/velodyne_driver:/workspaces/isaac_ros-dev/install/velodyne_msgs:/workspaces/isaac_ros-dev/install/velodyne_laserscan:/workspaces/isaac_ros-dev/install/vectornav:/workspaces/isaac_ros-dev/install/sdv_localization:/workspaces/isaac_ros-dev/install/vectornav_msgs:/workspaces/isaac_ros-dev/install/slam_toolbox:/workspaces/isaac_ros-dev/install/sdv_msg:/workspaces/isaac_ros-dev/install/sdv_localization_msgs:/workspaces/isaac_ros-dev/install/pointcloud_to_laserscan:/workspaces/isaac_ros-dev/install/my_package:/workspaces/isaac_ros-dev/install/multisense_msgs:/workspaces/isaac_ros-dev/install/multisense_lib:/workspaces/isaac_ros-dev/install/isaac_ros_visual_slam:/workspaces/isaac_ros-dev/install/isaac_ros_visual_slam_interfaces:/workspaces/isaac_ros-dev/install/isaac_ros_tensor_list_interfaces:/workspaces/isaac_ros-dev/install/isaac_ros_common:/workspaces/isaac_ros-dev/install/isaac_ros_bi3d_interfaces:/workspaces/isaac_ros-dev/install/isaac_ros_apriltag_interfaces:/workspaces/isaac_ros-dev/install/yolov8_ros:/workspaces/isaac_ros-dev/install/xbox_controller:/workspaces/isaac_ros-dev/install/panel:/workspaces/isaac_ros-dev/install/isaac_ros_test:/workspaces/isaac_ros-dev/install/encoder:/opt/ros/humble/install /usr/bin/cmake --build /workspaces/isaac_ros-dev/build/sdv_localization_msgs -- -j8 -l8
[2.976s] [  2%] Built target sdv_localization_msgs__cpp
[2.978s] [  2%] Built target ament_cmake_python_copy_sdv_localization_msgs
[2.978s] [ 12%] Built target sdv_localization_msgs__rosidl_generator_c
[2.979s] [ 23%] Built target sdv_localization_msgs__rosidl_typesupport_introspection_cpp
[2.979s] [ 33%] Built target sdv_localization_msgs__rosidl_typesupport_cpp
[2.980s] [ 43%] Built target sdv_localization_msgs__rosidl_typesupport_fastrtps_cpp
[2.996s] [ 53%] Built target sdv_localization_msgs__rosidl_typesupport_fastrtps_c
[2.997s] [ 64%] Built target sdv_localization_msgs__rosidl_typesupport_introspection_c
[3.018s] [ 74%] Built target sdv_localization_msgs__rosidl_typesupport_c
[3.203s] [ 74%] Built target sdv_localization_msgs
[3.361s] [ 76%] Built target sdv_localization_msgs__py
[3.579s] [ 84%] Built target sdv_localization_msgs__rosidl_generator_py
[3.806s] [ 89%] Built target sdv_localization_msgs__rosidl_typesupport_fastrtps_c__pyext
[3.809s] [ 94%] Built target sdv_localization_msgs__rosidl_typesupport_introspection_c__pyext
[3.828s] [100%] Built target sdv_localization_msgs__rosidl_typesupport_c__pyext
[4.744s] running egg_info
[4.809s] writing sdv_localization_msgs.egg-info/PKG-INFO
[4.834s] writing dependency_links to sdv_localization_msgs.egg-info/dependency_links.txt
[4.835s] writing top-level names to sdv_localization_msgs.egg-info/top_level.txt
[4.996s] reading manifest file 'sdv_localization_msgs.egg-info/SOURCES.txt'
[4.999s] writing manifest file 'sdv_localization_msgs.egg-info/SOURCES.txt'
[5.222s] [100%] Built target ament_cmake_python_build_sdv_localization_msgs_egg
[5.393s] Invoked command in '/workspaces/isaac_ros-dev/build/sdv_localization_msgs' returned '0': CMAKE_PREFIX_PATH=/workspaces/isaac_ros-dev/install/yolov8_bringup:/workspaces/isaac_ros-dev/install/multisense_ros:/workspaces/isaac_ros-dev/install/xacro:/workspaces/isaac_ros-dev/install/vision_msgs_rviz_plugins:/workspaces/isaac_ros-dev/install/vision_msgs:/workspaces/isaac_ros-dev/install/velodyne:/workspaces/isaac_ros-dev/install/velodyne_pointcloud:/workspaces/isaac_ros-dev/install/velodyne_driver:/workspaces/isaac_ros-dev/install/velodyne_msgs:/workspaces/isaac_ros-dev/install/velodyne_laserscan:/workspaces/isaac_ros-dev/install/vectornav:/workspaces/isaac_ros-dev/install/sdv_localization:/workspaces/isaac_ros-dev/install/vectornav_msgs:/workspaces/isaac_ros-dev/install/slam_toolbox:/workspaces/isaac_ros-dev/install/sdv_msg:/workspaces/isaac_ros-dev/install/sdv_localization_msgs:/workspaces/isaac_ros-dev/install/pointcloud_to_laserscan:/workspaces/isaac_ros-dev/install/my_package:/workspaces/isaac_ros-dev/install/multisense_msgs:/workspaces/isaac_ros-dev/install/multisense_lib:/workspaces/isaac_ros-dev/install/isaac_ros_visual_slam:/workspaces/isaac_ros-dev/install/isaac_ros_visual_slam_interfaces:/workspaces/isaac_ros-dev/install/isaac_ros_tensor_list_interfaces:/workspaces/isaac_ros-dev/install/isaac_ros_common:/workspaces/isaac_ros-dev/install/isaac_ros_bi3d_interfaces:/workspaces/isaac_ros-dev/install/isaac_ros_apriltag_interfaces:/workspaces/isaac_ros-dev/install/yolov8_ros:/workspaces/isaac_ros-dev/install/xbox_controller:/workspaces/isaac_ros-dev/install/panel:/workspaces/isaac_ros-dev/install/isaac_ros_test:/workspaces/isaac_ros-dev/install/encoder:/opt/ros/humble/install /usr/bin/cmake --build /workspaces/isaac_ros-dev/build/sdv_localization_msgs -- -j8 -l8
[6.828s] Invoking command in '/workspaces/isaac_ros-dev/build/sdv_localization_msgs': CMAKE_PREFIX_PATH=/workspaces/isaac_ros-dev/install/yolov8_bringup:/workspaces/isaac_ros-dev/install/multisense_ros:/workspaces/isaac_ros-dev/install/xacro:/workspaces/isaac_ros-dev/install/vision_msgs_rviz_plugins:/workspaces/isaac_ros-dev/install/vision_msgs:/workspaces/isaac_ros-dev/install/velodyne:/workspaces/isaac_ros-dev/install/velodyne_pointcloud:/workspaces/isaac_ros-dev/install/velodyne_driver:/workspaces/isaac_ros-dev/install/velodyne_msgs:/workspaces/isaac_ros-dev/install/velodyne_laserscan:/workspaces/isaac_ros-dev/install/vectornav:/workspaces/isaac_ros-dev/install/sdv_localization:/workspaces/isaac_ros-dev/install/vectornav_msgs:/workspaces/isaac_ros-dev/install/slam_toolbox:/workspaces/isaac_ros-dev/install/sdv_msg:/workspaces/isaac_ros-dev/install/sdv_localization_msgs:/workspaces/isaac_ros-dev/install/pointcloud_to_laserscan:/workspaces/isaac_ros-dev/install/my_package:/workspaces/isaac_ros-dev/install/multisense_msgs:/workspaces/isaac_ros-dev/install/multisense_lib:/workspaces/isaac_ros-dev/install/isaac_ros_visual_slam:/workspaces/isaac_ros-dev/install/isaac_ros_visual_slam_interfaces:/workspaces/isaac_ros-dev/install/isaac_ros_tensor_list_interfaces:/workspaces/isaac_ros-dev/install/isaac_ros_common:/workspaces/isaac_ros-dev/install/isaac_ros_bi3d_interfaces:/workspaces/isaac_ros-dev/install/isaac_ros_apriltag_interfaces:/workspaces/isaac_ros-dev/install/yolov8_ros:/workspaces/isaac_ros-dev/install/xbox_controller:/workspaces/isaac_ros-dev/install/panel:/workspaces/isaac_ros-dev/install/isaac_ros_test:/workspaces/isaac_ros-dev/install/encoder:/opt/ros/humble/install /usr/bin/cmake --install /workspaces/isaac_ros-dev/build/sdv_localization_msgs
[6.881s] -- Install configuration: ""
[6.882s] -- Up-to-date: /workspaces/isaac_ros-dev/install/sdv_localization_msgs/share/ament_index/resource_index/rosidl_interfaces/sdv_localization_msgs
[6.882s] -- Up-to-date: /workspaces/isaac_ros-dev/install/sdv_localization_msgs/include/sdv_localization_msgs/sdv_localization_msgs
[6.883s] -- Up-to-date: /workspaces/isaac_ros-dev/install/sdv_localization_msgs/include/sdv_localization_msgs/sdv_localization_msgs/msg
[6.884s] -- Up-to-date: /workspaces/isaac_ros-dev/install/sdv_localization_msgs/include/sdv_localization_msgs/sdv_localization_msgs/msg/rosidl_generator_c__visibility_control.h
[6.884s] -- Up-to-date: /workspaces/isaac_ros-dev/install/sdv_localization_msgs/include/sdv_localization_msgs/sdv_localization_msgs/msg/sensor_stat_array.h
[6.884s] -- Up-to-date: /workspaces/isaac_ros-dev/install/sdv_localization_msgs/include/sdv_localization_msgs/sdv_localization_msgs/msg/sensor_diag.h
[6.884s] -- Up-to-date: /workspaces/isaac_ros-dev/install/sdv_localization_msgs/include/sdv_localization_msgs/sdv_localization_msgs/msg/detail
[6.885s] -- Up-to-date: /workspaces/isaac_ros-dev/install/sdv_localization_msgs/include/sdv_localization_msgs/sdv_localization_msgs/msg/detail/sensor_diag__functions.c
[6.885s] -- Up-to-date: /workspaces/isaac_ros-dev/install/sdv_localization_msgs/include/sdv_localization_msgs/sdv_localization_msgs/msg/detail/sensor_diag__struct.h
[6.886s] -- Up-to-date: /workspaces/isaac_ros-dev/install/sdv_localization_msgs/include/sdv_localization_msgs/sdv_localization_msgs/msg/detail/sensor_stat_array__functions.h
[6.886s] -- Up-to-date: /workspaces/isaac_ros-dev/install/sdv_localization_msgs/include/sdv_localization_msgs/sdv_localization_msgs/msg/detail/sensor_diag__functions.h
[6.886s] -- Up-to-date: /workspaces/isaac_ros-dev/install/sdv_localization_msgs/include/sdv_localization_msgs/sdv_localization_msgs/msg/detail/sensor_diag__type_support.h
[6.897s] -- Up-to-date: /workspaces/isaac_ros-dev/install/sdv_localization_msgs/include/sdv_localization_msgs/sdv_localization_msgs/msg/detail/sensor_stat_array__struct.h
[6.898s] -- Up-to-date: /workspaces/isaac_ros-dev/install/sdv_localization_msgs/include/sdv_localization_msgs/sdv_localization_msgs/msg/detail/sensor_stat_array__type_support.h
[6.898s] -- Up-to-date: /workspaces/isaac_ros-dev/install/sdv_localization_msgs/include/sdv_localization_msgs/sdv_localization_msgs/msg/detail/sensor_stat_array__functions.c
[6.898s] -- Up-to-date: /workspaces/isaac_ros-dev/install/sdv_localization_msgs/share/sdv_localization_msgs/environment/library_path.sh
[6.899s] -- Up-to-date: /workspaces/isaac_ros-dev/install/sdv_localization_msgs/share/sdv_localization_msgs/environment/library_path.dsv
[6.902s] -- Up-to-date: /workspaces/isaac_ros-dev/install/sdv_localization_msgs/lib/libsdv_localization_msgs__rosidl_generator_c.so
[6.903s] -- Up-to-date: /workspaces/isaac_ros-dev/install/sdv_localization_msgs/include/sdv_localization_msgs/sdv_localization_msgs
[6.904s] -- Up-to-date: /workspaces/isaac_ros-dev/install/sdv_localization_msgs/include/sdv_localization_msgs/sdv_localization_msgs/msg
[6.904s] -- Up-to-date: /workspaces/isaac_ros-dev/install/sdv_localization_msgs/include/sdv_localization_msgs/sdv_localization_msgs/msg/rosidl_typesupport_fastrtps_c__visibility_control.h
[6.909s] -- Up-to-date: /workspaces/isaac_ros-dev/install/sdv_localization_msgs/include/sdv_localization_msgs/sdv_localization_msgs/msg/detail
[6.909s] -- Up-to-date: /workspaces/isaac_ros-dev/install/sdv_localization_msgs/include/sdv_localization_msgs/sdv_localization_msgs/msg/detail/sensor_diag__rosidl_typesupport_fastrtps_c.h
[6.909s] -- Up-to-date: /workspaces/isaac_ros-dev/install/sdv_localization_msgs/include/sdv_localization_msgs/sdv_localization_msgs/msg/detail/sensor_stat_array__rosidl_typesupport_fastrtps_c.h
[6.910s] -- Up-to-date: /workspaces/isaac_ros-dev/install/sdv_localization_msgs/lib/libsdv_localization_msgs__rosidl_typesupport_fastrtps_c.so
[6.910s] -- Up-to-date: /workspaces/isaac_ros-dev/install/sdv_localization_msgs/include/sdv_localization_msgs/sdv_localization_msgs
[6.910s] -- Up-to-date: /workspaces/isaac_ros-dev/install/sdv_localization_msgs/include/sdv_localization_msgs/sdv_localization_msgs/msg
[6.911s] -- Up-to-date: /workspaces/isaac_ros-dev/install/sdv_localization_msgs/include/sdv_localization_msgs/sdv_localization_msgs/msg/sensor_stat_array.hpp
[6.911s] -- Up-to-date: /workspaces/isaac_ros-dev/install/sdv_localization_msgs/include/sdv_localization_msgs/sdv_localization_msgs/msg/detail
[6.911s] -- Up-to-date: /workspaces/isaac_ros-dev/install/sdv_localization_msgs/include/sdv_localization_msgs/sdv_localization_msgs/msg/detail/sensor_stat_array__traits.hpp
[6.911s] -- Up-to-date: /workspaces/isaac_ros-dev/install/sdv_localization_msgs/include/sdv_localization_msgs/sdv_localization_msgs/msg/detail/sensor_diag__traits.hpp
[6.912s] -- Up-to-date: /workspaces/isaac_ros-dev/install/sdv_localization_msgs/include/sdv_localization_msgs/sdv_localization_msgs/msg/detail/sensor_diag__struct.hpp
[6.912s] -- Up-to-date: /workspaces/isaac_ros-dev/install/sdv_localization_msgs/include/sdv_localization_msgs/sdv_localization_msgs/msg/detail/sensor_stat_array__builder.hpp
[6.912s] -- Up-to-date: /workspaces/isaac_ros-dev/install/sdv_localization_msgs/include/sdv_localization_msgs/sdv_localization_msgs/msg/detail/sensor_stat_array__struct.hpp
[6.917s] -- Up-to-date: /workspaces/isaac_ros-dev/install/sdv_localization_msgs/include/sdv_localization_msgs/sdv_localization_msgs/msg/detail/sensor_diag__builder.hpp
[6.917s] -- Up-to-date: /workspaces/isaac_ros-dev/install/sdv_localization_msgs/include/sdv_localization_msgs/sdv_localization_msgs/msg/sensor_diag.hpp
[6.917s] -- Up-to-date: /workspaces/isaac_ros-dev/install/sdv_localization_msgs/include/sdv_localization_msgs/sdv_localization_msgs
[6.918s] -- Up-to-date: /workspaces/isaac_ros-dev/install/sdv_localization_msgs/include/sdv_localization_msgs/sdv_localization_msgs/msg
[6.918s] -- Up-to-date: /workspaces/isaac_ros-dev/install/sdv_localization_msgs/include/sdv_localization_msgs/sdv_localization_msgs/msg/rosidl_typesupport_fastrtps_cpp__visibility_control.h
[6.918s] -- Up-to-date: /workspaces/isaac_ros-dev/install/sdv_localization_msgs/include/sdv_localization_msgs/sdv_localization_msgs/msg/detail
[6.918s] -- Up-to-date: /workspaces/isaac_ros-dev/install/sdv_localization_msgs/include/sdv_localization_msgs/sdv_localization_msgs/msg/detail/dds_fastrtps
[6.919s] -- Up-to-date: /workspaces/isaac_ros-dev/install/sdv_localization_msgs/include/sdv_localization_msgs/sdv_localization_msgs/msg/detail/sensor_stat_array__rosidl_typesupport_fastrtps_cpp.hpp
[6.919s] -- Up-to-date: /workspaces/isaac_ros-dev/install/sdv_localization_msgs/include/sdv_localization_msgs/sdv_localization_msgs/msg/detail/sensor_diag__rosidl_typesupport_fastrtps_cpp.hpp
[6.920s] -- Up-to-date: /workspaces/isaac_ros-dev/install/sdv_localization_msgs/lib/libsdv_localization_msgs__rosidl_typesupport_fastrtps_cpp.so
[6.920s] -- Up-to-date: /workspaces/isaac_ros-dev/install/sdv_localization_msgs/include/sdv_localization_msgs/sdv_localization_msgs
[6.920s] -- Up-to-date: /workspaces/isaac_ros-dev/install/sdv_localization_msgs/include/sdv_localization_msgs/sdv_localization_msgs/msg
[6.920s] -- Up-to-date: /workspaces/isaac_ros-dev/install/sdv_localization_msgs/include/sdv_localization_msgs/sdv_localization_msgs/msg/detail
[6.921s] -- Up-to-date: /workspaces/isaac_ros-dev/install/sdv_localization_msgs/include/sdv_localization_msgs/sdv_localization_msgs/msg/detail/sensor_diag__rosidl_typesupport_introspection_c.h
[6.922s] -- Up-to-date: /workspaces/isaac_ros-dev/install/sdv_localization_msgs/include/sdv_localization_msgs/sdv_localization_msgs/msg/detail/sensor_diag__type_support.c
[6.923s] -- Up-to-date: /workspaces/isaac_ros-dev/install/sdv_localization_msgs/include/sdv_localization_msgs/sdv_localization_msgs/msg/detail/sensor_stat_array__type_support.c
[6.924s] -- Up-to-date: /workspaces/isaac_ros-dev/install/sdv_localization_msgs/include/sdv_localization_msgs/sdv_localization_msgs/msg/detail/sensor_stat_array__rosidl_typesupport_introspection_c.h
[6.925s] -- Up-to-date: /workspaces/isaac_ros-dev/install/sdv_localization_msgs/include/sdv_localization_msgs/sdv_localization_msgs/msg/rosidl_typesupport_introspection_c__visibility_control.h
[6.925s] -- Up-to-date: /workspaces/isaac_ros-dev/install/sdv_localization_msgs/lib/libsdv_localization_msgs__rosidl_typesupport_introspection_c.so
[6.925s] -- Up-to-date: /workspaces/isaac_ros-dev/install/sdv_localization_msgs/lib/libsdv_localization_msgs__rosidl_typesupport_c.so
[6.925s] -- Up-to-date: /workspaces/isaac_ros-dev/install/sdv_localization_msgs/include/sdv_localization_msgs/sdv_localization_msgs
[6.926s] -- Up-to-date: /workspaces/isaac_ros-dev/install/sdv_localization_msgs/include/sdv_localization_msgs/sdv_localization_msgs/msg
[6.926s] -- Up-to-date: /workspaces/isaac_ros-dev/install/sdv_localization_msgs/include/sdv_localization_msgs/sdv_localization_msgs/msg/detail
[6.926s] -- Up-to-date: /workspaces/isaac_ros-dev/install/sdv_localization_msgs/include/sdv_localization_msgs/sdv_localization_msgs/msg/detail/sensor_diag__type_support.cpp
[6.926s] -- Up-to-date: /workspaces/isaac_ros-dev/install/sdv_localization_msgs/include/sdv_localization_msgs/sdv_localization_msgs/msg/detail/sensor_stat_array__type_support.cpp
[6.927s] -- Up-to-date: /workspaces/isaac_ros-dev/install/sdv_localization_msgs/include/sdv_localization_msgs/sdv_localization_msgs/msg/detail/sensor_stat_array__rosidl_typesupport_introspection_cpp.hpp
[6.927s] -- Up-to-date: /workspaces/isaac_ros-dev/install/sdv_localization_msgs/include/sdv_localization_msgs/sdv_localization_msgs/msg/detail/sensor_diag__rosidl_typesupport_introspection_cpp.hpp
[6.936s] -- Up-to-date: /workspaces/isaac_ros-dev/install/sdv_localization_msgs/lib/libsdv_localization_msgs__rosidl_typesupport_introspection_cpp.so
[6.937s] -- Up-to-date: /workspaces/isaac_ros-dev/install/sdv_localization_msgs/lib/libsdv_localization_msgs__rosidl_typesupport_cpp.so
[6.939s] -- Up-to-date: /workspaces/isaac_ros-dev/install/sdv_localization_msgs/share/sdv_localization_msgs/environment/pythonpath.sh
[6.939s] -- Up-to-date: /workspaces/isaac_ros-dev/install/sdv_localization_msgs/share/sdv_localization_msgs/environment/pythonpath.dsv
[6.940s] -- Up-to-date: /workspaces/isaac_ros-dev/install/sdv_localization_msgs/lib/python3.8/site-packages/sdv_localization_msgs-3.0.0-py3.8.egg-info
[6.940s] -- Installing: /workspaces/isaac_ros-dev/install/sdv_localization_msgs/lib/python3.8/site-packages/sdv_localization_msgs-3.0.0-py3.8.egg-info/top_level.txt
[6.940s] -- Installing: /workspaces/isaac_ros-dev/install/sdv_localization_msgs/lib/python3.8/site-packages/sdv_localization_msgs-3.0.0-py3.8.egg-info/dependency_links.txt
[6.941s] -- Installing: /workspaces/isaac_ros-dev/install/sdv_localization_msgs/lib/python3.8/site-packages/sdv_localization_msgs-3.0.0-py3.8.egg-info/SOURCES.txt
[6.941s] -- Installing: /workspaces/isaac_ros-dev/install/sdv_localization_msgs/lib/python3.8/site-packages/sdv_localization_msgs-3.0.0-py3.8.egg-info/PKG-INFO
[6.942s] -- Up-to-date: /workspaces/isaac_ros-dev/install/sdv_localization_msgs/lib/python3.8/site-packages/sdv_localization_msgs
[6.943s] -- Up-to-date: /workspaces/isaac_ros-dev/install/sdv_localization_msgs/lib/python3.8/site-packages/sdv_localization_msgs/__init__.py
[6.944s] -- Up-to-date: /workspaces/isaac_ros-dev/install/sdv_localization_msgs/lib/python3.8/site-packages/sdv_localization_msgs/libsdv_localization_msgs__rosidl_generator_py.so
[6.944s] -- Up-to-date: /workspaces/isaac_ros-dev/install/sdv_localization_msgs/lib/python3.8/site-packages/sdv_localization_msgs/sdv_localization_msgs_s__rosidl_typesupport_fastrtps_c.cpython-38-aarch64-linux-gnu.so
[6.944s] -- Up-to-date: /workspaces/isaac_ros-dev/install/sdv_localization_msgs/lib/python3.8/site-packages/sdv_localization_msgs/msg
[6.945s] -- Up-to-date: /workspaces/isaac_ros-dev/install/sdv_localization_msgs/lib/python3.8/site-packages/sdv_localization_msgs/msg/__init__.py
[6.945s] -- Up-to-date: /workspaces/isaac_ros-dev/install/sdv_localization_msgs/lib/python3.8/site-packages/sdv_localization_msgs/msg/_sensor_stat_array.py
[6.945s] -- Up-to-date: /workspaces/isaac_ros-dev/install/sdv_localization_msgs/lib/python3.8/site-packages/sdv_localization_msgs/msg/_sensor_stat_array_s.c
[6.946s] -- Up-to-date: /workspaces/isaac_ros-dev/install/sdv_localization_msgs/lib/python3.8/site-packages/sdv_localization_msgs/msg/_sensor_diag_s.c
[6.946s] -- Up-to-date: /workspaces/isaac_ros-dev/install/sdv_localization_msgs/lib/python3.8/site-packages/sdv_localization_msgs/msg/_sensor_diag.py
[6.946s] -- Up-to-date: /workspaces/isaac_ros-dev/install/sdv_localization_msgs/lib/python3.8/site-packages/sdv_localization_msgs/_sdv_localization_msgs_s.ep.rosidl_typesupport_c.c
[6.947s] -- Up-to-date: /workspaces/isaac_ros-dev/install/sdv_localization_msgs/lib/python3.8/site-packages/sdv_localization_msgs/sdv_localization_msgs_s__rosidl_typesupport_c.cpython-38-aarch64-linux-gnu.so
[6.947s] -- Up-to-date: /workspaces/isaac_ros-dev/install/sdv_localization_msgs/lib/python3.8/site-packages/sdv_localization_msgs/_sdv_localization_msgs_s.ep.rosidl_typesupport_fastrtps_c.c
[6.947s] -- Up-to-date: /workspaces/isaac_ros-dev/install/sdv_localization_msgs/lib/python3.8/site-packages/sdv_localization_msgs/_sdv_localization_msgs_s.ep.rosidl_typesupport_introspection_c.c
[6.947s] -- Up-to-date: /workspaces/isaac_ros-dev/install/sdv_localization_msgs/lib/python3.8/site-packages/sdv_localization_msgs/sdv_localization_msgs_s__rosidl_typesupport_introspection_c.cpython-38-aarch64-linux-gnu.so
[7.231s] Listing '/workspaces/isaac_ros-dev/install/sdv_localization_msgs/lib/python3.8/site-packages/sdv_localization_msgs'...
[7.231s] Listing '/workspaces/isaac_ros-dev/install/sdv_localization_msgs/lib/python3.8/site-packages/sdv_localization_msgs/msg'...
[7.248s] -- Up-to-date: /workspaces/isaac_ros-dev/install/sdv_localization_msgs/lib/python3.8/site-packages/sdv_localization_msgs/sdv_localization_msgs_s__rosidl_typesupport_fastrtps_c.cpython-38-aarch64-linux-gnu.so
[7.250s] -- Up-to-date: /workspaces/isaac_ros-dev/install/sdv_localization_msgs/lib/python3.8/site-packages/sdv_localization_msgs/sdv_localization_msgs_s__rosidl_typesupport_introspection_c.cpython-38-aarch64-linux-gnu.so
[7.252s] -- Up-to-date: /workspaces/isaac_ros-dev/install/sdv_localization_msgs/lib/python3.8/site-packages/sdv_localization_msgs/sdv_localization_msgs_s__rosidl_typesupport_c.cpython-38-aarch64-linux-gnu.so
[7.255s] -- Up-to-date: /workspaces/isaac_ros-dev/install/sdv_localization_msgs/lib/libsdv_localization_msgs__rosidl_generator_py.so
[7.256s] -- Up-to-date: /workspaces/isaac_ros-dev/install/sdv_localization_msgs/share/sdv_localization_msgs/msg/SensorDiag.idl
[7.257s] -- Up-to-date: /workspaces/isaac_ros-dev/install/sdv_localization_msgs/share/sdv_localization_msgs/msg/SensorStatArray.idl
[7.258s] -- Up-to-date: /workspaces/isaac_ros-dev/install/sdv_localization_msgs/share/sdv_localization_msgs/msg/SensorDiag.msg
[7.258s] -- Up-to-date: /workspaces/isaac_ros-dev/install/sdv_localization_msgs/share/sdv_localization_msgs/msg/SensorStatArray.msg
[7.259s] -- Up-to-date: /workspaces/isaac_ros-dev/install/sdv_localization_msgs/share/ament_index/resource_index/package_run_dependencies/sdv_localization_msgs
[7.259s] -- Up-to-date: /workspaces/isaac_ros-dev/install/sdv_localization_msgs/share/ament_index/resource_index/parent_prefix_path/sdv_localization_msgs
[7.260s] -- Up-to-date: /workspaces/isaac_ros-dev/install/sdv_localization_msgs/share/sdv_localization_msgs/environment/ament_prefix_path.sh
[7.260s] -- Up-to-date: /workspaces/isaac_ros-dev/install/sdv_localization_msgs/share/sdv_localization_msgs/environment/ament_prefix_path.dsv
[7.261s] -- Up-to-date: /workspaces/isaac_ros-dev/install/sdv_localization_msgs/share/sdv_localization_msgs/environment/path.sh
[7.264s] -- Up-to-date: /workspaces/isaac_ros-dev/install/sdv_localization_msgs/share/sdv_localization_msgs/environment/path.dsv
[7.264s] -- Up-to-date: /workspaces/isaac_ros-dev/install/sdv_localization_msgs/share/sdv_localization_msgs/local_setup.bash
[7.265s] -- Up-to-date: /workspaces/isaac_ros-dev/install/sdv_localization_msgs/share/sdv_localization_msgs/local_setup.sh
[7.265s] -- Up-to-date: /workspaces/isaac_ros-dev/install/sdv_localization_msgs/share/sdv_localization_msgs/local_setup.zsh
[7.265s] -- Up-to-date: /workspaces/isaac_ros-dev/install/sdv_localization_msgs/share/sdv_localization_msgs/local_setup.dsv
[7.266s] -- Installing: /workspaces/isaac_ros-dev/install/sdv_localization_msgs/share/sdv_localization_msgs/package.dsv
[7.281s] -- Up-to-date: /workspaces/isaac_ros-dev/install/sdv_localization_msgs/share/ament_index/resource_index/packages/sdv_localization_msgs
[7.282s] -- Up-to-date: /workspaces/isaac_ros-dev/install/sdv_localization_msgs/share/sdv_localization_msgs/cmake/export_sdv_localization_msgs__rosidl_generator_cExport.cmake
[7.282s] -- Up-to-date: /workspaces/isaac_ros-dev/install/sdv_localization_msgs/share/sdv_localization_msgs/cmake/export_sdv_localization_msgs__rosidl_generator_cExport-noconfig.cmake
[7.286s] -- Up-to-date: /workspaces/isaac_ros-dev/install/sdv_localization_msgs/share/sdv_localization_msgs/cmake/export_sdv_localization_msgs__rosidl_typesupport_fastrtps_cExport.cmake
[7.287s] -- Up-to-date: /workspaces/isaac_ros-dev/install/sdv_localization_msgs/share/sdv_localization_msgs/cmake/export_sdv_localization_msgs__rosidl_typesupport_fastrtps_cExport-noconfig.cmake
[7.287s] -- Up-to-date: /workspaces/isaac_ros-dev/install/sdv_localization_msgs/share/sdv_localization_msgs/cmake/export_sdv_localization_msgs__rosidl_generator_cppExport.cmake
[7.287s] -- Up-to-date: /workspaces/isaac_ros-dev/install/sdv_localization_msgs/share/sdv_localization_msgs/cmake/export_sdv_localization_msgs__rosidl_typesupport_fastrtps_cppExport.cmake
[7.288s] -- Up-to-date: /workspaces/isaac_ros-dev/install/sdv_localization_msgs/share/sdv_localization_msgs/cmake/export_sdv_localization_msgs__rosidl_typesupport_fastrtps_cppExport-noconfig.cmake
[7.288s] -- Up-to-date: /workspaces/isaac_ros-dev/install/sdv_localization_msgs/share/sdv_localization_msgs/cmake/sdv_localization_msgs__rosidl_typesupport_introspection_cExport.cmake
[7.288s] -- Up-to-date: /workspaces/isaac_ros-dev/install/sdv_localization_msgs/share/sdv_localization_msgs/cmake/sdv_localization_msgs__rosidl_typesupport_introspection_cExport-noconfig.cmake
[7.288s] -- Up-to-date: /workspaces/isaac_ros-dev/install/sdv_localization_msgs/share/sdv_localization_msgs/cmake/sdv_localization_msgs__rosidl_typesupport_cExport.cmake
[7.289s] -- Up-to-date: /workspaces/isaac_ros-dev/install/sdv_localization_msgs/share/sdv_localization_msgs/cmake/sdv_localization_msgs__rosidl_typesupport_cExport-noconfig.cmake
[7.295s] -- Up-to-date: /workspaces/isaac_ros-dev/install/sdv_localization_msgs/share/sdv_localization_msgs/cmake/sdv_localization_msgs__rosidl_typesupport_introspection_cppExport.cmake
[7.296s] -- Up-to-date: /workspaces/isaac_ros-dev/install/sdv_localization_msgs/share/sdv_localization_msgs/cmake/sdv_localization_msgs__rosidl_typesupport_introspection_cppExport-noconfig.cmake
[7.297s] -- Up-to-date: /workspaces/isaac_ros-dev/install/sdv_localization_msgs/share/sdv_localization_msgs/cmake/sdv_localization_msgs__rosidl_typesupport_cppExport.cmake
[7.297s] -- Up-to-date: /workspaces/isaac_ros-dev/install/sdv_localization_msgs/share/sdv_localization_msgs/cmake/sdv_localization_msgs__rosidl_typesupport_cppExport-noconfig.cmake
[7.297s] -- Up-to-date: /workspaces/isaac_ros-dev/install/sdv_localization_msgs/share/sdv_localization_msgs/cmake/export_sdv_localization_msgs__rosidl_generator_pyExport.cmake
[7.298s] -- Up-to-date: /workspaces/isaac_ros-dev/install/sdv_localization_msgs/share/sdv_localization_msgs/cmake/export_sdv_localization_msgs__rosidl_generator_pyExport-noconfig.cmake
[7.298s] -- Up-to-date: /workspaces/isaac_ros-dev/install/sdv_localization_msgs/share/sdv_localization_msgs/cmake/rosidl_cmake-extras.cmake
[7.299s] -- Up-to-date: /workspaces/isaac_ros-dev/install/sdv_localization_msgs/share/sdv_localization_msgs/cmake/ament_cmake_export_dependencies-extras.cmake
[7.299s] -- Up-to-date: /workspaces/isaac_ros-dev/install/sdv_localization_msgs/share/sdv_localization_msgs/cmake/ament_cmake_export_include_directories-extras.cmake
[7.299s] -- Up-to-date: /workspaces/isaac_ros-dev/install/sdv_localization_msgs/share/sdv_localization_msgs/cmake/ament_cmake_export_libraries-extras.cmake
[7.300s] -- Up-to-date: /workspaces/isaac_ros-dev/install/sdv_localization_msgs/share/sdv_localization_msgs/cmake/ament_cmake_export_targets-extras.cmake
[7.300s] -- Up-to-date: /workspaces/isaac_ros-dev/install/sdv_localization_msgs/share/sdv_localization_msgs/cmake/rosidl_cmake_export_typesupport_targets-extras.cmake
[7.300s] -- Up-to-date: /workspaces/isaac_ros-dev/install/sdv_localization_msgs/share/sdv_localization_msgs/cmake/rosidl_cmake_export_typesupport_libraries-extras.cmake
[7.301s] -- Up-to-date: /workspaces/isaac_ros-dev/install/sdv_localization_msgs/share/sdv_localization_msgs/cmake/sdv_localization_msgsConfig.cmake
[7.301s] -- Up-to-date: /workspaces/isaac_ros-dev/install/sdv_localization_msgs/share/sdv_localization_msgs/cmake/sdv_localization_msgsConfig-version.cmake
[7.301s] -- Up-to-date: /workspaces/isaac_ros-dev/install/sdv_localization_msgs/share/sdv_localization_msgs/package.xml
[7.508s] Invoked command in '/workspaces/isaac_ros-dev/build/sdv_localization_msgs' returned '0': CMAKE_PREFIX_PATH=/workspaces/isaac_ros-dev/install/yolov8_bringup:/workspaces/isaac_ros-dev/install/multisense_ros:/workspaces/isaac_ros-dev/install/xacro:/workspaces/isaac_ros-dev/install/vision_msgs_rviz_plugins:/workspaces/isaac_ros-dev/install/vision_msgs:/workspaces/isaac_ros-dev/install/velodyne:/workspaces/isaac_ros-dev/install/velodyne_pointcloud:/workspaces/isaac_ros-dev/install/velodyne_driver:/workspaces/isaac_ros-dev/install/velodyne_msgs:/workspaces/isaac_ros-dev/install/velodyne_laserscan:/workspaces/isaac_ros-dev/install/vectornav:/workspaces/isaac_ros-dev/install/sdv_localization:/workspaces/isaac_ros-dev/install/vectornav_msgs:/workspaces/isaac_ros-dev/install/slam_toolbox:/workspaces/isaac_ros-dev/install/sdv_msg:/workspaces/isaac_ros-dev/install/sdv_localization_msgs:/workspaces/isaac_ros-dev/install/pointcloud_to_laserscan:/workspaces/isaac_ros-dev/install/my_package:/workspaces/isaac_ros-dev/install/multisense_msgs:/workspaces/isaac_ros-dev/install/multisense_lib:/workspaces/isaac_ros-dev/install/isaac_ros_visual_slam:/workspaces/isaac_ros-dev/install/isaac_ros_visual_slam_interfaces:/workspaces/isaac_ros-dev/install/isaac_ros_tensor_list_interfaces:/workspaces/isaac_ros-dev/install/isaac_ros_common:/workspaces/isaac_ros-dev/install/isaac_ros_bi3d_interfaces:/workspaces/isaac_ros-dev/install/isaac_ros_apriltag_interfaces:/workspaces/isaac_ros-dev/install/yolov8_ros:/workspaces/isaac_ros-dev/install/xbox_controller:/workspaces/isaac_ros-dev/install/panel:/workspaces/isaac_ros-dev/install/isaac_ros_test:/workspaces/isaac_ros-dev/install/encoder:/opt/ros/humble/install /usr/bin/cmake --install /workspaces/isaac_ros-dev/build/sdv_localization_msgs
