[2.153s] Invoking command in '/workspaces/isaac_ros-dev/build/multisense_msgs': CMAKE_PREFIX_PATH=/workspaces/isaac_ros-dev/install/yolov8_bringup:/workspaces/isaac_ros-dev/install/multisense_ros:/workspaces/isaac_ros-dev/install/xacro:/workspaces/isaac_ros-dev/install/vision_msgs_rviz_plugins:/workspaces/isaac_ros-dev/install/vision_msgs:/workspaces/isaac_ros-dev/install/velodyne:/workspaces/isaac_ros-dev/install/velodyne_pointcloud:/workspaces/isaac_ros-dev/install/velodyne_driver:/workspaces/isaac_ros-dev/install/velodyne_msgs:/workspaces/isaac_ros-dev/install/velodyne_laserscan:/workspaces/isaac_ros-dev/install/vectornav:/workspaces/isaac_ros-dev/install/sdv_localization:/workspaces/isaac_ros-dev/install/vectornav_msgs:/workspaces/isaac_ros-dev/install/slam_toolbox:/workspaces/isaac_ros-dev/install/sdv_msg:/workspaces/isaac_ros-dev/install/sdv_localization_msgs:/workspaces/isaac_ros-dev/install/pointcloud_to_laserscan:/workspaces/isaac_ros-dev/install/my_package:/workspaces/isaac_ros-dev/install/multisense_msgs:/workspaces/isaac_ros-dev/install/multisense_lib:/workspaces/isaac_ros-dev/install/isaac_ros_visual_slam:/workspaces/isaac_ros-dev/install/isaac_ros_visual_slam_interfaces:/workspaces/isaac_ros-dev/install/isaac_ros_tensor_list_interfaces:/workspaces/isaac_ros-dev/install/isaac_ros_common:/workspaces/isaac_ros-dev/install/isaac_ros_bi3d_interfaces:/workspaces/isaac_ros-dev/install/isaac_ros_apriltag_interfaces:/workspaces/isaac_ros-dev/install/yolov8_ros:/workspaces/isaac_ros-dev/install/xbox_controller:/workspaces/isaac_ros-dev/install/panel:/workspaces/isaac_ros-dev/install/isaac_ros_test:/workspaces/isaac_ros-dev/install/encoder:/opt/ros/humble/install /usr/bin/cmake --build /workspaces/isaac_ros-dev/build/multisense_msgs -- -j8 -l8
[2.474s] [ 12%] Built target multisense_msgs__rosidl_generator_c
[2.503s] [ 12%] Built target multisense_msgs__cpp
[2.675s] [ 12%] Built target ament_cmake_python_copy_multisense_msgs
[2.909s] [ 24%] Built target multisense_msgs__rosidl_typesupport_introspection_c
[2.963s] [ 41%] Built target multisense_msgs__rosidl_typesupport_fastrtps_c
[2.966s] [ 56%] Built target multisense_msgs__rosidl_typesupport_cpp
[2.966s] [ 59%] Built target multisense_msgs__rosidl_typesupport_c
[2.981s] [ 71%] Built target multisense_msgs__rosidl_typesupport_introspection_cpp
[3.024s] [ 82%] Built target multisense_msgs__rosidl_typesupport_fastrtps_cpp
[3.268s] [ 82%] Built target multisense_msgs
[3.456s] [ 83%] Built target multisense_msgs__py
[3.653s] [ 94%] Built target multisense_msgs__rosidl_generator_py
[3.859s] [ 96%] Built target multisense_msgs__rosidl_typesupport_introspection_c__pyext
[3.868s] [ 98%] Built target multisense_msgs__rosidl_typesupport_fastrtps_c__pyext
[3.917s] [100%] Built target multisense_msgs__rosidl_typesupport_c__pyext
[4.976s] running egg_info
[5.049s] writing multisense_msgs.egg-info/PKG-INFO
[5.049s] writing dependency_links to multisense_msgs.egg-info/dependency_links.txt
[5.050s] writing top-level names to multisense_msgs.egg-info/top_level.txt
[5.225s] reading manifest file 'multisense_msgs.egg-info/SOURCES.txt'
[5.229s] writing manifest file 'multisense_msgs.egg-info/SOURCES.txt'
[5.402s] [100%] Built target ament_cmake_python_build_multisense_msgs_egg
[5.484s] Invoked command in '/workspaces/isaac_ros-dev/build/multisense_msgs' returned '0': CMAKE_PREFIX_PATH=/workspaces/isaac_ros-dev/install/yolov8_bringup:/workspaces/isaac_ros-dev/install/multisense_ros:/workspaces/isaac_ros-dev/install/xacro:/workspaces/isaac_ros-dev/install/vision_msgs_rviz_plugins:/workspaces/isaac_ros-dev/install/vision_msgs:/workspaces/isaac_ros-dev/install/velodyne:/workspaces/isaac_ros-dev/install/velodyne_pointcloud:/workspaces/isaac_ros-dev/install/velodyne_driver:/workspaces/isaac_ros-dev/install/velodyne_msgs:/workspaces/isaac_ros-dev/install/velodyne_laserscan:/workspaces/isaac_ros-dev/install/vectornav:/workspaces/isaac_ros-dev/install/sdv_localization:/workspaces/isaac_ros-dev/install/vectornav_msgs:/workspaces/isaac_ros-dev/install/slam_toolbox:/workspaces/isaac_ros-dev/install/sdv_msg:/workspaces/isaac_ros-dev/install/sdv_localization_msgs:/workspaces/isaac_ros-dev/install/pointcloud_to_laserscan:/workspaces/isaac_ros-dev/install/my_package:/workspaces/isaac_ros-dev/install/multisense_msgs:/workspaces/isaac_ros-dev/install/multisense_lib:/workspaces/isaac_ros-dev/install/isaac_ros_visual_slam:/workspaces/isaac_ros-dev/install/isaac_ros_visual_slam_interfaces:/workspaces/isaac_ros-dev/install/isaac_ros_tensor_list_interfaces:/workspaces/isaac_ros-dev/install/isaac_ros_common:/workspaces/isaac_ros-dev/install/isaac_ros_bi3d_interfaces:/workspaces/isaac_ros-dev/install/isaac_ros_apriltag_interfaces:/workspaces/isaac_ros-dev/install/yolov8_ros:/workspaces/isaac_ros-dev/install/xbox_controller:/workspaces/isaac_ros-dev/install/panel:/workspaces/isaac_ros-dev/install/isaac_ros_test:/workspaces/isaac_ros-dev/install/encoder:/opt/ros/humble/install /usr/bin/cmake --build /workspaces/isaac_ros-dev/build/multisense_msgs -- -j8 -l8
[9.996s] Invoking command in '/workspaces/isaac_ros-dev/build/multisense_msgs': CMAKE_PREFIX_PATH=/workspaces/isaac_ros-dev/install/yolov8_bringup:/workspaces/isaac_ros-dev/install/multisense_ros:/workspaces/isaac_ros-dev/install/xacro:/workspaces/isaac_ros-dev/install/vision_msgs_rviz_plugins:/workspaces/isaac_ros-dev/install/vision_msgs:/workspaces/isaac_ros-dev/install/velodyne:/workspaces/isaac_ros-dev/install/velodyne_pointcloud:/workspaces/isaac_ros-dev/install/velodyne_driver:/workspaces/isaac_ros-dev/install/velodyne_msgs:/workspaces/isaac_ros-dev/install/velodyne_laserscan:/workspaces/isaac_ros-dev/install/vectornav:/workspaces/isaac_ros-dev/install/sdv_localization:/workspaces/isaac_ros-dev/install/vectornav_msgs:/workspaces/isaac_ros-dev/install/slam_toolbox:/workspaces/isaac_ros-dev/install/sdv_msg:/workspaces/isaac_ros-dev/install/sdv_localization_msgs:/workspaces/isaac_ros-dev/install/pointcloud_to_laserscan:/workspaces/isaac_ros-dev/install/my_package:/workspaces/isaac_ros-dev/install/multisense_msgs:/workspaces/isaac_ros-dev/install/multisense_lib:/workspaces/isaac_ros-dev/install/isaac_ros_visual_slam:/workspaces/isaac_ros-dev/install/isaac_ros_visual_slam_interfaces:/workspaces/isaac_ros-dev/install/isaac_ros_tensor_list_interfaces:/workspaces/isaac_ros-dev/install/isaac_ros_common:/workspaces/isaac_ros-dev/install/isaac_ros_bi3d_interfaces:/workspaces/isaac_ros-dev/install/isaac_ros_apriltag_interfaces:/workspaces/isaac_ros-dev/install/yolov8_ros:/workspaces/isaac_ros-dev/install/xbox_controller:/workspaces/isaac_ros-dev/install/panel:/workspaces/isaac_ros-dev/install/isaac_ros_test:/workspaces/isaac_ros-dev/install/encoder:/opt/ros/humble/install /usr/bin/cmake --install /workspaces/isaac_ros-dev/build/multisense_msgs
[11.864s] -- Install configuration: "Release"
[11.872s] -- Up-to-date: /workspaces/isaac_ros-dev/install/multisense_msgs/share/ament_index/resource_index/rosidl_interfaces/multisense_msgs
[11.874s] -- Up-to-date: /workspaces/isaac_ros-dev/install/multisense_msgs/include/multisense_msgs/multisense_msgs
[11.875s] -- Up-to-date: /workspaces/isaac_ros-dev/install/multisense_msgs/include/multisense_msgs/multisense_msgs/msg
[11.875s] -- Up-to-date: /workspaces/isaac_ros-dev/install/multisense_msgs/include/multisense_msgs/multisense_msgs/msg/rosidl_generator_c__visibility_control.h
[11.876s] -- Up-to-date: /workspaces/isaac_ros-dev/install/multisense_msgs/include/multisense_msgs/multisense_msgs/msg/stamped_pps.h
[11.876s] -- Up-to-date: /workspaces/isaac_ros-dev/install/multisense_msgs/include/multisense_msgs/multisense_msgs/msg/raw_lidar_data.h
[11.877s] -- Up-to-date: /workspaces/isaac_ros-dev/install/multisense_msgs/include/multisense_msgs/multisense_msgs/msg/raw_lidar_cal.h
[11.878s] -- Up-to-date: /workspaces/isaac_ros-dev/install/multisense_msgs/include/multisense_msgs/multisense_msgs/msg/raw_cam_data.h
[11.878s] -- Up-to-date: /workspaces/isaac_ros-dev/install/multisense_msgs/include/multisense_msgs/multisense_msgs/msg/raw_imu_data.h
[11.880s] -- Up-to-date: /workspaces/isaac_ros-dev/install/multisense_msgs/include/multisense_msgs/multisense_msgs/msg/detail
[11.889s] -- Up-to-date: /workspaces/isaac_ros-dev/install/multisense_msgs/include/multisense_msgs/multisense_msgs/msg/detail/raw_cam_data__functions.c
[11.900s] -- Up-to-date: /workspaces/isaac_ros-dev/install/multisense_msgs/include/multisense_msgs/multisense_msgs/msg/detail/raw_cam_config__struct.h
[11.900s] -- Up-to-date: /workspaces/isaac_ros-dev/install/multisense_msgs/include/multisense_msgs/multisense_msgs/msg/detail/stamped_pps__functions.c
[11.901s] -- Up-to-date: /workspaces/isaac_ros-dev/install/multisense_msgs/include/multisense_msgs/multisense_msgs/msg/detail/raw_imu_data__type_support.h
[11.910s] -- Up-to-date: /workspaces/isaac_ros-dev/install/multisense_msgs/include/multisense_msgs/multisense_msgs/msg/detail/raw_cam_config__functions.h
[11.913s] -- Up-to-date: /workspaces/isaac_ros-dev/install/multisense_msgs/include/multisense_msgs/multisense_msgs/msg/detail/raw_cam_cal__functions.c
[11.914s] -- Up-to-date: /workspaces/isaac_ros-dev/install/multisense_msgs/include/multisense_msgs/multisense_msgs/msg/detail/device_status__functions.c
[11.914s] -- Up-to-date: /workspaces/isaac_ros-dev/install/multisense_msgs/include/multisense_msgs/multisense_msgs/msg/detail/histogram__functions.h
[11.915s] -- Up-to-date: /workspaces/isaac_ros-dev/install/multisense_msgs/include/multisense_msgs/multisense_msgs/msg/detail/raw_cam_cal__type_support.h
[11.915s] -- Up-to-date: /workspaces/isaac_ros-dev/install/multisense_msgs/include/multisense_msgs/multisense_msgs/msg/detail/raw_lidar_data__functions.c
[11.917s] -- Up-to-date: /workspaces/isaac_ros-dev/install/multisense_msgs/include/multisense_msgs/multisense_msgs/msg/detail/raw_cam_data__struct.h
[11.918s] -- Up-to-date: /workspaces/isaac_ros-dev/install/multisense_msgs/include/multisense_msgs/multisense_msgs/msg/detail/raw_lidar_data__struct.h
[11.942s] -- Up-to-date: /workspaces/isaac_ros-dev/install/multisense_msgs/include/multisense_msgs/multisense_msgs/msg/detail/raw_cam_cal__functions.h
[11.949s] -- Up-to-date: /workspaces/isaac_ros-dev/install/multisense_msgs/include/multisense_msgs/multisense_msgs/msg/detail/raw_cam_cal__struct.h
[11.962s] -- Up-to-date: /workspaces/isaac_ros-dev/install/multisense_msgs/include/multisense_msgs/multisense_msgs/msg/detail/raw_lidar_data__functions.h
[11.977s] -- Up-to-date: /workspaces/isaac_ros-dev/install/multisense_msgs/include/multisense_msgs/multisense_msgs/msg/detail/device_status__functions.h
[11.978s] -- Up-to-date: /workspaces/isaac_ros-dev/install/multisense_msgs/include/multisense_msgs/multisense_msgs/msg/detail/histogram__type_support.h
[11.978s] -- Up-to-date: /workspaces/isaac_ros-dev/install/multisense_msgs/include/multisense_msgs/multisense_msgs/msg/detail/histogram__struct.h
[11.979s] -- Up-to-date: /workspaces/isaac_ros-dev/install/multisense_msgs/include/multisense_msgs/multisense_msgs/msg/detail/histogram__functions.c
[11.979s] -- Up-to-date: /workspaces/isaac_ros-dev/install/multisense_msgs/include/multisense_msgs/multisense_msgs/msg/detail/raw_cam_data__type_support.h
[11.979s] -- Up-to-date: /workspaces/isaac_ros-dev/install/multisense_msgs/include/multisense_msgs/multisense_msgs/msg/detail/device_info__struct.h
[11.980s] -- Up-to-date: /workspaces/isaac_ros-dev/install/multisense_msgs/include/multisense_msgs/multisense_msgs/msg/detail/raw_lidar_cal__type_support.h
[11.980s] -- Up-to-date: /workspaces/isaac_ros-dev/install/multisense_msgs/include/multisense_msgs/multisense_msgs/msg/detail/raw_cam_config__type_support.h
[11.981s] -- Up-to-date: /workspaces/isaac_ros-dev/install/multisense_msgs/include/multisense_msgs/multisense_msgs/msg/detail/raw_lidar_cal__functions.c
[11.998s] -- Up-to-date: /workspaces/isaac_ros-dev/install/multisense_msgs/include/multisense_msgs/multisense_msgs/msg/detail/raw_imu_data__functions.c
[12.006s] -- Up-to-date: /workspaces/isaac_ros-dev/install/multisense_msgs/include/multisense_msgs/multisense_msgs/msg/detail/stamped_pps__type_support.h
[12.006s] -- Up-to-date: /workspaces/isaac_ros-dev/install/multisense_msgs/include/multisense_msgs/multisense_msgs/msg/detail/device_status__type_support.h
[12.007s] -- Up-to-date: /workspaces/isaac_ros-dev/install/multisense_msgs/include/multisense_msgs/multisense_msgs/msg/detail/raw_imu_data__functions.h
[12.007s] -- Up-to-date: /workspaces/isaac_ros-dev/install/multisense_msgs/include/multisense_msgs/multisense_msgs/msg/detail/raw_lidar_cal__struct.h
[12.007s] -- Up-to-date: /workspaces/isaac_ros-dev/install/multisense_msgs/include/multisense_msgs/multisense_msgs/msg/detail/device_status__struct.h
[12.008s] -- Up-to-date: /workspaces/isaac_ros-dev/install/multisense_msgs/include/multisense_msgs/multisense_msgs/msg/detail/raw_lidar_data__type_support.h
[12.008s] -- Up-to-date: /workspaces/isaac_ros-dev/install/multisense_msgs/include/multisense_msgs/multisense_msgs/msg/detail/raw_cam_config__functions.c
[12.009s] -- Up-to-date: /workspaces/isaac_ros-dev/install/multisense_msgs/include/multisense_msgs/multisense_msgs/msg/detail/device_info__functions.c
[12.009s] -- Up-to-date: /workspaces/isaac_ros-dev/install/multisense_msgs/include/multisense_msgs/multisense_msgs/msg/detail/device_info__functions.h
[12.010s] -- Up-to-date: /workspaces/isaac_ros-dev/install/multisense_msgs/include/multisense_msgs/multisense_msgs/msg/detail/raw_imu_data__struct.h
[12.010s] -- Up-to-date: /workspaces/isaac_ros-dev/install/multisense_msgs/include/multisense_msgs/multisense_msgs/msg/detail/stamped_pps__functions.h
[12.010s] -- Up-to-date: /workspaces/isaac_ros-dev/install/multisense_msgs/include/multisense_msgs/multisense_msgs/msg/detail/raw_cam_data__functions.h
[12.011s] -- Up-to-date: /workspaces/isaac_ros-dev/install/multisense_msgs/include/multisense_msgs/multisense_msgs/msg/detail/device_info__type_support.h
[12.011s] -- Up-to-date: /workspaces/isaac_ros-dev/install/multisense_msgs/include/multisense_msgs/multisense_msgs/msg/detail/stamped_pps__struct.h
[12.012s] -- Up-to-date: /workspaces/isaac_ros-dev/install/multisense_msgs/include/multisense_msgs/multisense_msgs/msg/detail/raw_lidar_cal__functions.h
[12.012s] -- Up-to-date: /workspaces/isaac_ros-dev/install/multisense_msgs/include/multisense_msgs/multisense_msgs/msg/raw_cam_config.h
[12.012s] -- Up-to-date: /workspaces/isaac_ros-dev/install/multisense_msgs/include/multisense_msgs/multisense_msgs/msg/device_status.h
[12.013s] -- Up-to-date: /workspaces/isaac_ros-dev/install/multisense_msgs/include/multisense_msgs/multisense_msgs/msg/device_info.h
[12.013s] -- Up-to-date: /workspaces/isaac_ros-dev/install/multisense_msgs/include/multisense_msgs/multisense_msgs/msg/raw_cam_cal.h
[12.013s] -- Up-to-date: /workspaces/isaac_ros-dev/install/multisense_msgs/include/multisense_msgs/multisense_msgs/msg/histogram.h
[12.014s] -- Up-to-date: /workspaces/isaac_ros-dev/install/multisense_msgs/share/multisense_msgs/environment/library_path.sh
[12.014s] -- Up-to-date: /workspaces/isaac_ros-dev/install/multisense_msgs/share/multisense_msgs/environment/library_path.dsv
[12.014s] -- Up-to-date: /workspaces/isaac_ros-dev/install/multisense_msgs/lib/libmultisense_msgs__rosidl_generator_c.so
[12.015s] -- Up-to-date: /workspaces/isaac_ros-dev/install/multisense_msgs/include/multisense_msgs/multisense_msgs
[12.015s] -- Up-to-date: /workspaces/isaac_ros-dev/install/multisense_msgs/include/multisense_msgs/multisense_msgs/msg
[12.016s] -- Up-to-date: /workspaces/isaac_ros-dev/install/multisense_msgs/include/multisense_msgs/multisense_msgs/msg/rosidl_typesupport_fastrtps_c__visibility_control.h
[12.022s] -- Up-to-date: /workspaces/isaac_ros-dev/install/multisense_msgs/include/multisense_msgs/multisense_msgs/msg/detail
[12.032s] -- Up-to-date: /workspaces/isaac_ros-dev/install/multisense_msgs/include/multisense_msgs/multisense_msgs/msg/detail/raw_cam_cal__rosidl_typesupport_fastrtps_c.h
[12.033s] -- Up-to-date: /workspaces/isaac_ros-dev/install/multisense_msgs/include/multisense_msgs/multisense_msgs/msg/detail/device_info__rosidl_typesupport_fastrtps_c.h
[12.033s] -- Up-to-date: /workspaces/isaac_ros-dev/install/multisense_msgs/include/multisense_msgs/multisense_msgs/msg/detail/raw_lidar_data__rosidl_typesupport_fastrtps_c.h
[12.033s] -- Up-to-date: /workspaces/isaac_ros-dev/install/multisense_msgs/include/multisense_msgs/multisense_msgs/msg/detail/raw_cam_data__rosidl_typesupport_fastrtps_c.h
[12.035s] -- Up-to-date: /workspaces/isaac_ros-dev/install/multisense_msgs/include/multisense_msgs/multisense_msgs/msg/detail/histogram__rosidl_typesupport_fastrtps_c.h
[12.035s] -- Up-to-date: /workspaces/isaac_ros-dev/install/multisense_msgs/include/multisense_msgs/multisense_msgs/msg/detail/device_status__rosidl_typesupport_fastrtps_c.h
[12.036s] -- Up-to-date: /workspaces/isaac_ros-dev/install/multisense_msgs/include/multisense_msgs/multisense_msgs/msg/detail/raw_imu_data__rosidl_typesupport_fastrtps_c.h
[12.037s] -- Up-to-date: /workspaces/isaac_ros-dev/install/multisense_msgs/include/multisense_msgs/multisense_msgs/msg/detail/raw_cam_config__rosidl_typesupport_fastrtps_c.h
[12.038s] -- Up-to-date: /workspaces/isaac_ros-dev/install/multisense_msgs/include/multisense_msgs/multisense_msgs/msg/detail/stamped_pps__rosidl_typesupport_fastrtps_c.h
[12.039s] -- Up-to-date: /workspaces/isaac_ros-dev/install/multisense_msgs/include/multisense_msgs/multisense_msgs/msg/detail/raw_lidar_cal__rosidl_typesupport_fastrtps_c.h
[12.039s] -- Up-to-date: /workspaces/isaac_ros-dev/install/multisense_msgs/lib/libmultisense_msgs__rosidl_typesupport_fastrtps_c.so
[12.042s] -- Up-to-date: /workspaces/isaac_ros-dev/install/multisense_msgs/include/multisense_msgs/multisense_msgs
[12.043s] -- Up-to-date: /workspaces/isaac_ros-dev/install/multisense_msgs/include/multisense_msgs/multisense_msgs/msg
[12.044s] -- Up-to-date: /workspaces/isaac_ros-dev/install/multisense_msgs/include/multisense_msgs/multisense_msgs/msg/device_info.hpp
[12.056s] -- Up-to-date: /workspaces/isaac_ros-dev/install/multisense_msgs/include/multisense_msgs/multisense_msgs/msg/raw_cam_config.hpp
[12.057s] -- Up-to-date: /workspaces/isaac_ros-dev/install/multisense_msgs/include/multisense_msgs/multisense_msgs/msg/raw_imu_data.hpp
[12.058s] -- Up-to-date: /workspaces/isaac_ros-dev/install/multisense_msgs/include/multisense_msgs/multisense_msgs/msg/raw_lidar_cal.hpp
[12.059s] -- Up-to-date: /workspaces/isaac_ros-dev/install/multisense_msgs/include/multisense_msgs/multisense_msgs/msg/histogram.hpp
[12.059s] -- Up-to-date: /workspaces/isaac_ros-dev/install/multisense_msgs/include/multisense_msgs/multisense_msgs/msg/detail
[12.060s] -- Up-to-date: /workspaces/isaac_ros-dev/install/multisense_msgs/include/multisense_msgs/multisense_msgs/msg/detail/raw_cam_data__traits.hpp
[12.060s] -- Up-to-date: /workspaces/isaac_ros-dev/install/multisense_msgs/include/multisense_msgs/multisense_msgs/msg/detail/device_status__struct.hpp
[12.061s] -- Up-to-date: /workspaces/isaac_ros-dev/install/multisense_msgs/include/multisense_msgs/multisense_msgs/msg/detail/raw_lidar_cal__traits.hpp
[12.061s] -- Up-to-date: /workspaces/isaac_ros-dev/install/multisense_msgs/include/multisense_msgs/multisense_msgs/msg/detail/device_info__traits.hpp
[12.061s] -- Up-to-date: /workspaces/isaac_ros-dev/install/multisense_msgs/include/multisense_msgs/multisense_msgs/msg/detail/raw_imu_data__traits.hpp
[12.061s] -- Up-to-date: /workspaces/isaac_ros-dev/install/multisense_msgs/include/multisense_msgs/multisense_msgs/msg/detail/stamped_pps__struct.hpp
[12.062s] -- Up-to-date: /workspaces/isaac_ros-dev/install/multisense_msgs/include/multisense_msgs/multisense_msgs/msg/detail/raw_imu_data__struct.hpp
[12.063s] -- Up-to-date: /workspaces/isaac_ros-dev/install/multisense_msgs/include/multisense_msgs/multisense_msgs/msg/detail/raw_cam_config__builder.hpp
[12.063s] -- Up-to-date: /workspaces/isaac_ros-dev/install/multisense_msgs/include/multisense_msgs/multisense_msgs/msg/detail/raw_cam_cal__builder.hpp
[12.065s] -- Up-to-date: /workspaces/isaac_ros-dev/install/multisense_msgs/include/multisense_msgs/multisense_msgs/msg/detail/raw_imu_data__builder.hpp
[12.065s] -- Up-to-date: /workspaces/isaac_ros-dev/install/multisense_msgs/include/multisense_msgs/multisense_msgs/msg/detail/stamped_pps__traits.hpp
[12.066s] -- Up-to-date: /workspaces/isaac_ros-dev/install/multisense_msgs/include/multisense_msgs/multisense_msgs/msg/detail/histogram__traits.hpp
[12.066s] -- Up-to-date: /workspaces/isaac_ros-dev/install/multisense_msgs/include/multisense_msgs/multisense_msgs/msg/detail/raw_lidar_data__builder.hpp
[12.069s] -- Up-to-date: /workspaces/isaac_ros-dev/install/multisense_msgs/include/multisense_msgs/multisense_msgs/msg/detail/raw_lidar_cal__builder.hpp
[12.081s] -- Up-to-date: /workspaces/isaac_ros-dev/install/multisense_msgs/include/multisense_msgs/multisense_msgs/msg/detail/device_info__struct.hpp
[12.083s] -- Up-to-date: /workspaces/isaac_ros-dev/install/multisense_msgs/include/multisense_msgs/multisense_msgs/msg/detail/raw_cam_cal__struct.hpp
[12.083s] -- Up-to-date: /workspaces/isaac_ros-dev/install/multisense_msgs/include/multisense_msgs/multisense_msgs/msg/detail/stamped_pps__builder.hpp
[12.084s] -- Up-to-date: /workspaces/isaac_ros-dev/install/multisense_msgs/include/multisense_msgs/multisense_msgs/msg/detail/raw_lidar_data__struct.hpp
[12.085s] -- Up-to-date: /workspaces/isaac_ros-dev/install/multisense_msgs/include/multisense_msgs/multisense_msgs/msg/detail/raw_cam_data__builder.hpp
[12.085s] -- Up-to-date: /workspaces/isaac_ros-dev/install/multisense_msgs/include/multisense_msgs/multisense_msgs/msg/detail/raw_lidar_data__traits.hpp
[12.087s] -- Up-to-date: /workspaces/isaac_ros-dev/install/multisense_msgs/include/multisense_msgs/multisense_msgs/msg/detail/raw_cam_config__traits.hpp
[12.088s] -- Up-to-date: /workspaces/isaac_ros-dev/install/multisense_msgs/include/multisense_msgs/multisense_msgs/msg/detail/raw_cam_cal__traits.hpp
[12.089s] -- Up-to-date: /workspaces/isaac_ros-dev/install/multisense_msgs/include/multisense_msgs/multisense_msgs/msg/detail/raw_lidar_cal__struct.hpp
[12.089s] -- Up-to-date: /workspaces/isaac_ros-dev/install/multisense_msgs/include/multisense_msgs/multisense_msgs/msg/detail/histogram__builder.hpp
[12.090s] -- Up-to-date: /workspaces/isaac_ros-dev/install/multisense_msgs/include/multisense_msgs/multisense_msgs/msg/detail/device_status__builder.hpp
[12.090s] -- Up-to-date: /workspaces/isaac_ros-dev/install/multisense_msgs/include/multisense_msgs/multisense_msgs/msg/detail/device_info__builder.hpp
[12.091s] -- Up-to-date: /workspaces/isaac_ros-dev/install/multisense_msgs/include/multisense_msgs/multisense_msgs/msg/detail/raw_cam_data__struct.hpp
[12.097s] -- Up-to-date: /workspaces/isaac_ros-dev/install/multisense_msgs/include/multisense_msgs/multisense_msgs/msg/detail/device_status__traits.hpp
[12.104s] -- Up-to-date: /workspaces/isaac_ros-dev/install/multisense_msgs/include/multisense_msgs/multisense_msgs/msg/detail/raw_cam_config__struct.hpp
[12.105s] -- Up-to-date: /workspaces/isaac_ros-dev/install/multisense_msgs/include/multisense_msgs/multisense_msgs/msg/detail/histogram__struct.hpp
[12.107s] -- Up-to-date: /workspaces/isaac_ros-dev/install/multisense_msgs/include/multisense_msgs/multisense_msgs/msg/raw_lidar_data.hpp
[12.108s] -- Up-to-date: /workspaces/isaac_ros-dev/install/multisense_msgs/include/multisense_msgs/multisense_msgs/msg/raw_cam_data.hpp
[12.109s] -- Up-to-date: /workspaces/isaac_ros-dev/install/multisense_msgs/include/multisense_msgs/multisense_msgs/msg/stamped_pps.hpp
[12.110s] -- Up-to-date: /workspaces/isaac_ros-dev/install/multisense_msgs/include/multisense_msgs/multisense_msgs/msg/raw_cam_cal.hpp
[12.111s] -- Up-to-date: /workspaces/isaac_ros-dev/install/multisense_msgs/include/multisense_msgs/multisense_msgs/msg/device_status.hpp
[12.111s] -- Up-to-date: /workspaces/isaac_ros-dev/install/multisense_msgs/include/multisense_msgs/multisense_msgs
[12.112s] -- Up-to-date: /workspaces/isaac_ros-dev/install/multisense_msgs/include/multisense_msgs/multisense_msgs/msg
[12.112s] -- Up-to-date: /workspaces/isaac_ros-dev/install/multisense_msgs/include/multisense_msgs/multisense_msgs/msg/rosidl_typesupport_fastrtps_cpp__visibility_control.h
[12.115s] -- Up-to-date: /workspaces/isaac_ros-dev/install/multisense_msgs/include/multisense_msgs/multisense_msgs/msg/detail
[12.117s] -- Up-to-date: /workspaces/isaac_ros-dev/install/multisense_msgs/include/multisense_msgs/multisense_msgs/msg/detail/histogram__rosidl_typesupport_fastrtps_cpp.hpp
[12.119s] -- Up-to-date: /workspaces/isaac_ros-dev/install/multisense_msgs/include/multisense_msgs/multisense_msgs/msg/detail/stamped_pps__rosidl_typesupport_fastrtps_cpp.hpp
[12.120s] -- Up-to-date: /workspaces/isaac_ros-dev/install/multisense_msgs/include/multisense_msgs/multisense_msgs/msg/detail/raw_cam_cal__rosidl_typesupport_fastrtps_cpp.hpp
[12.121s] -- Up-to-date: /workspaces/isaac_ros-dev/install/multisense_msgs/include/multisense_msgs/multisense_msgs/msg/detail/raw_lidar_data__rosidl_typesupport_fastrtps_cpp.hpp
[12.124s] -- Up-to-date: /workspaces/isaac_ros-dev/install/multisense_msgs/include/multisense_msgs/multisense_msgs/msg/detail/raw_lidar_cal__rosidl_typesupport_fastrtps_cpp.hpp
[12.125s] -- Up-to-date: /workspaces/isaac_ros-dev/install/multisense_msgs/include/multisense_msgs/multisense_msgs/msg/detail/device_info__rosidl_typesupport_fastrtps_cpp.hpp
[12.127s] -- Up-to-date: /workspaces/isaac_ros-dev/install/multisense_msgs/include/multisense_msgs/multisense_msgs/msg/detail/dds_fastrtps
[12.128s] -- Up-to-date: /workspaces/isaac_ros-dev/install/multisense_msgs/include/multisense_msgs/multisense_msgs/msg/detail/raw_cam_config__rosidl_typesupport_fastrtps_cpp.hpp
[12.130s] -- Up-to-date: /workspaces/isaac_ros-dev/install/multisense_msgs/include/multisense_msgs/multisense_msgs/msg/detail/device_status__rosidl_typesupport_fastrtps_cpp.hpp
[12.131s] -- Up-to-date: /workspaces/isaac_ros-dev/install/multisense_msgs/include/multisense_msgs/multisense_msgs/msg/detail/raw_cam_data__rosidl_typesupport_fastrtps_cpp.hpp
[12.132s] -- Up-to-date: /workspaces/isaac_ros-dev/install/multisense_msgs/include/multisense_msgs/multisense_msgs/msg/detail/raw_imu_data__rosidl_typesupport_fastrtps_cpp.hpp
[12.155s] -- Up-to-date: /workspaces/isaac_ros-dev/install/multisense_msgs/lib/libmultisense_msgs__rosidl_typesupport_fastrtps_cpp.so
[12.159s] -- Up-to-date: /workspaces/isaac_ros-dev/install/multisense_msgs/include/multisense_msgs/multisense_msgs
[12.160s] -- Up-to-date: /workspaces/isaac_ros-dev/install/multisense_msgs/include/multisense_msgs/multisense_msgs/msg
[12.160s] -- Up-to-date: /workspaces/isaac_ros-dev/install/multisense_msgs/include/multisense_msgs/multisense_msgs/msg/detail
[12.161s] -- Up-to-date: /workspaces/isaac_ros-dev/install/multisense_msgs/include/multisense_msgs/multisense_msgs/msg/detail/stamped_pps__rosidl_typesupport_introspection_c.h
[12.161s] -- Up-to-date: /workspaces/isaac_ros-dev/install/multisense_msgs/include/multisense_msgs/multisense_msgs/msg/detail/raw_lidar_data__type_support.c
[12.162s] -- Up-to-date: /workspaces/isaac_ros-dev/install/multisense_msgs/include/multisense_msgs/multisense_msgs/msg/detail/raw_imu_data__type_support.c
[12.162s] -- Up-to-date: /workspaces/isaac_ros-dev/install/multisense_msgs/include/multisense_msgs/multisense_msgs/msg/detail/device_status__rosidl_typesupport_introspection_c.h
[12.163s] -- Up-to-date: /workspaces/isaac_ros-dev/install/multisense_msgs/include/multisense_msgs/multisense_msgs/msg/detail/device_info__rosidl_typesupport_introspection_c.h
[12.163s] -- Up-to-date: /workspaces/isaac_ros-dev/install/multisense_msgs/include/multisense_msgs/multisense_msgs/msg/detail/raw_cam_config__rosidl_typesupport_introspection_c.h
[12.164s] -- Up-to-date: /workspaces/isaac_ros-dev/install/multisense_msgs/include/multisense_msgs/multisense_msgs/msg/detail/device_info__type_support.c
[12.164s] -- Up-to-date: /workspaces/isaac_ros-dev/install/multisense_msgs/include/multisense_msgs/multisense_msgs/msg/detail/raw_cam_data__type_support.c
[12.165s] -- Up-to-date: /workspaces/isaac_ros-dev/install/multisense_msgs/include/multisense_msgs/multisense_msgs/msg/detail/stamped_pps__type_support.c
[12.165s] -- Up-to-date: /workspaces/isaac_ros-dev/install/multisense_msgs/include/multisense_msgs/multisense_msgs/msg/detail/raw_imu_data__rosidl_typesupport_introspection_c.h
[12.165s] -- Up-to-date: /workspaces/isaac_ros-dev/install/multisense_msgs/include/multisense_msgs/multisense_msgs/msg/detail/raw_lidar_cal__type_support.c
[12.166s] -- Up-to-date: /workspaces/isaac_ros-dev/install/multisense_msgs/include/multisense_msgs/multisense_msgs/msg/detail/raw_cam_config__type_support.c
[12.166s] -- Up-to-date: /workspaces/isaac_ros-dev/install/multisense_msgs/include/multisense_msgs/multisense_msgs/msg/detail/raw_lidar_data__rosidl_typesupport_introspection_c.h
[12.167s] -- Up-to-date: /workspaces/isaac_ros-dev/install/multisense_msgs/include/multisense_msgs/multisense_msgs/msg/detail/raw_cam_cal__type_support.c
[12.167s] -- Up-to-date: /workspaces/isaac_ros-dev/install/multisense_msgs/include/multisense_msgs/multisense_msgs/msg/detail/device_status__type_support.c
[12.168s] -- Up-to-date: /workspaces/isaac_ros-dev/install/multisense_msgs/include/multisense_msgs/multisense_msgs/msg/detail/raw_cam_data__rosidl_typesupport_introspection_c.h
[12.168s] -- Up-to-date: /workspaces/isaac_ros-dev/install/multisense_msgs/include/multisense_msgs/multisense_msgs/msg/detail/histogram__rosidl_typesupport_introspection_c.h
[12.169s] -- Up-to-date: /workspaces/isaac_ros-dev/install/multisense_msgs/include/multisense_msgs/multisense_msgs/msg/detail/raw_cam_cal__rosidl_typesupport_introspection_c.h
[12.169s] -- Up-to-date: /workspaces/isaac_ros-dev/install/multisense_msgs/include/multisense_msgs/multisense_msgs/msg/detail/raw_lidar_cal__rosidl_typesupport_introspection_c.h
[12.170s] -- Up-to-date: /workspaces/isaac_ros-dev/install/multisense_msgs/include/multisense_msgs/multisense_msgs/msg/detail/histogram__type_support.c
[12.170s] -- Up-to-date: /workspaces/isaac_ros-dev/install/multisense_msgs/include/multisense_msgs/multisense_msgs/msg/rosidl_typesupport_introspection_c__visibility_control.h
[12.170s] -- Up-to-date: /workspaces/isaac_ros-dev/install/multisense_msgs/lib/libmultisense_msgs__rosidl_typesupport_introspection_c.so
[12.171s] -- Up-to-date: /workspaces/isaac_ros-dev/install/multisense_msgs/lib/libmultisense_msgs__rosidl_typesupport_c.so
[12.171s] -- Up-to-date: /workspaces/isaac_ros-dev/install/multisense_msgs/include/multisense_msgs/multisense_msgs
[12.172s] -- Up-to-date: /workspaces/isaac_ros-dev/install/multisense_msgs/include/multisense_msgs/multisense_msgs/msg
[12.172s] -- Up-to-date: /workspaces/isaac_ros-dev/install/multisense_msgs/include/multisense_msgs/multisense_msgs/msg/detail
[12.173s] -- Up-to-date: /workspaces/isaac_ros-dev/install/multisense_msgs/include/multisense_msgs/multisense_msgs/msg/detail/raw_imu_data__rosidl_typesupport_introspection_cpp.hpp
[12.173s] -- Up-to-date: /workspaces/isaac_ros-dev/install/multisense_msgs/include/multisense_msgs/multisense_msgs/msg/detail/histogram__rosidl_typesupport_introspection_cpp.hpp
[12.174s] -- Up-to-date: /workspaces/isaac_ros-dev/install/multisense_msgs/include/multisense_msgs/multisense_msgs/msg/detail/histogram__type_support.cpp
[12.180s] -- Up-to-date: /workspaces/isaac_ros-dev/install/multisense_msgs/include/multisense_msgs/multisense_msgs/msg/detail/stamped_pps__type_support.cpp
[12.186s] -- Up-to-date: /workspaces/isaac_ros-dev/install/multisense_msgs/include/multisense_msgs/multisense_msgs/msg/detail/raw_cam_data__type_support.cpp
[12.187s] -- Up-to-date: /workspaces/isaac_ros-dev/install/multisense_msgs/include/multisense_msgs/multisense_msgs/msg/detail/device_info__rosidl_typesupport_introspection_cpp.hpp
[12.188s] -- Up-to-date: /workspaces/isaac_ros-dev/install/multisense_msgs/include/multisense_msgs/multisense_msgs/msg/detail/raw_imu_data__type_support.cpp
[12.188s] -- Up-to-date: /workspaces/isaac_ros-dev/install/multisense_msgs/include/multisense_msgs/multisense_msgs/msg/detail/raw_lidar_data__rosidl_typesupport_introspection_cpp.hpp
[12.189s] -- Up-to-date: /workspaces/isaac_ros-dev/install/multisense_msgs/include/multisense_msgs/multisense_msgs/msg/detail/device_status__type_support.cpp
[12.191s] -- Up-to-date: /workspaces/isaac_ros-dev/install/multisense_msgs/include/multisense_msgs/multisense_msgs/msg/detail/raw_cam_cal__rosidl_typesupport_introspection_cpp.hpp
[12.192s] -- Up-to-date: /workspaces/isaac_ros-dev/install/multisense_msgs/include/multisense_msgs/multisense_msgs/msg/detail/raw_lidar_cal__rosidl_typesupport_introspection_cpp.hpp
[12.193s] -- Up-to-date: /workspaces/isaac_ros-dev/install/multisense_msgs/include/multisense_msgs/multisense_msgs/msg/detail/device_status__rosidl_typesupport_introspection_cpp.hpp
[12.196s] -- Up-to-date: /workspaces/isaac_ros-dev/install/multisense_msgs/include/multisense_msgs/multisense_msgs/msg/detail/raw_cam_cal__type_support.cpp
[12.197s] -- Up-to-date: /workspaces/isaac_ros-dev/install/multisense_msgs/include/multisense_msgs/multisense_msgs/msg/detail/raw_cam_config__rosidl_typesupport_introspection_cpp.hpp
[12.198s] -- Up-to-date: /workspaces/isaac_ros-dev/install/multisense_msgs/include/multisense_msgs/multisense_msgs/msg/detail/raw_cam_config__type_support.cpp
[12.199s] -- Up-to-date: /workspaces/isaac_ros-dev/install/multisense_msgs/include/multisense_msgs/multisense_msgs/msg/detail/raw_lidar_data__type_support.cpp
[12.200s] -- Up-to-date: /workspaces/isaac_ros-dev/install/multisense_msgs/include/multisense_msgs/multisense_msgs/msg/detail/raw_lidar_cal__type_support.cpp
[12.211s] -- Up-to-date: /workspaces/isaac_ros-dev/install/multisense_msgs/include/multisense_msgs/multisense_msgs/msg/detail/raw_cam_data__rosidl_typesupport_introspection_cpp.hpp
[12.212s] -- Up-to-date: /workspaces/isaac_ros-dev/install/multisense_msgs/include/multisense_msgs/multisense_msgs/msg/detail/device_info__type_support.cpp
[12.213s] -- Up-to-date: /workspaces/isaac_ros-dev/install/multisense_msgs/include/multisense_msgs/multisense_msgs/msg/detail/stamped_pps__rosidl_typesupport_introspection_cpp.hpp
[12.213s] -- Up-to-date: /workspaces/isaac_ros-dev/install/multisense_msgs/lib/libmultisense_msgs__rosidl_typesupport_introspection_cpp.so
[12.214s] -- Up-to-date: /workspaces/isaac_ros-dev/install/multisense_msgs/lib/libmultisense_msgs__rosidl_typesupport_cpp.so
[12.215s] -- Up-to-date: /workspaces/isaac_ros-dev/install/multisense_msgs/share/multisense_msgs/environment/pythonpath.sh
[12.216s] -- Up-to-date: /workspaces/isaac_ros-dev/install/multisense_msgs/share/multisense_msgs/environment/pythonpath.dsv
[12.216s] -- Up-to-date: /workspaces/isaac_ros-dev/install/multisense_msgs/lib/python3.8/site-packages/multisense_msgs-1.0.0-py3.8.egg-info
[12.216s] -- Installing: /workspaces/isaac_ros-dev/install/multisense_msgs/lib/python3.8/site-packages/multisense_msgs-1.0.0-py3.8.egg-info/top_level.txt
[12.217s] -- Installing: /workspaces/isaac_ros-dev/install/multisense_msgs/lib/python3.8/site-packages/multisense_msgs-1.0.0-py3.8.egg-info/dependency_links.txt
[12.218s] -- Installing: /workspaces/isaac_ros-dev/install/multisense_msgs/lib/python3.8/site-packages/multisense_msgs-1.0.0-py3.8.egg-info/SOURCES.txt
[12.219s] -- Installing: /workspaces/isaac_ros-dev/install/multisense_msgs/lib/python3.8/site-packages/multisense_msgs-1.0.0-py3.8.egg-info/PKG-INFO
[12.219s] -- Up-to-date: /workspaces/isaac_ros-dev/install/multisense_msgs/lib/python3.8/site-packages/multisense_msgs
[12.220s] -- Up-to-date: /workspaces/isaac_ros-dev/install/multisense_msgs/lib/python3.8/site-packages/multisense_msgs/multisense_msgs_s__rosidl_typesupport_fastrtps_c.cpython-38-aarch64-linux-gnu.so
[12.221s] -- Up-to-date: /workspaces/isaac_ros-dev/install/multisense_msgs/lib/python3.8/site-packages/multisense_msgs/__init__.py
[12.222s] -- Up-to-date: /workspaces/isaac_ros-dev/install/multisense_msgs/lib/python3.8/site-packages/multisense_msgs/_multisense_msgs_s.ep.rosidl_typesupport_introspection_c.c
[12.234s] -- Up-to-date: /workspaces/isaac_ros-dev/install/multisense_msgs/lib/python3.8/site-packages/multisense_msgs/msg
[12.236s] -- Up-to-date: /workspaces/isaac_ros-dev/install/multisense_msgs/lib/python3.8/site-packages/multisense_msgs/msg/_raw_lidar_data.py
[12.238s] -- Up-to-date: /workspaces/isaac_ros-dev/install/multisense_msgs/lib/python3.8/site-packages/multisense_msgs/msg/__init__.py
[12.239s] -- Up-to-date: /workspaces/isaac_ros-dev/install/multisense_msgs/lib/python3.8/site-packages/multisense_msgs/msg/_raw_lidar_data_s.c
[12.240s] -- Up-to-date: /workspaces/isaac_ros-dev/install/multisense_msgs/lib/python3.8/site-packages/multisense_msgs/msg/_raw_imu_data_s.c
[12.240s] -- Up-to-date: /workspaces/isaac_ros-dev/install/multisense_msgs/lib/python3.8/site-packages/multisense_msgs/msg/_raw_cam_data.py
[12.242s] -- Up-to-date: /workspaces/isaac_ros-dev/install/multisense_msgs/lib/python3.8/site-packages/multisense_msgs/msg/_device_status_s.c
[12.243s] -- Up-to-date: /workspaces/isaac_ros-dev/install/multisense_msgs/lib/python3.8/site-packages/multisense_msgs/msg/_raw_lidar_cal.py
[12.244s] -- Up-to-date: /workspaces/isaac_ros-dev/install/multisense_msgs/lib/python3.8/site-packages/multisense_msgs/msg/_histogram.py
[12.244s] -- Up-to-date: /workspaces/isaac_ros-dev/install/multisense_msgs/lib/python3.8/site-packages/multisense_msgs/msg/_device_status.py
[12.245s] -- Up-to-date: /workspaces/isaac_ros-dev/install/multisense_msgs/lib/python3.8/site-packages/multisense_msgs/msg/_device_info.py
[12.246s] -- Up-to-date: /workspaces/isaac_ros-dev/install/multisense_msgs/lib/python3.8/site-packages/multisense_msgs/msg/_raw_imu_data.py
[12.246s] -- Up-to-date: /workspaces/isaac_ros-dev/install/multisense_msgs/lib/python3.8/site-packages/multisense_msgs/msg/_raw_cam_cal.py
[12.247s] -- Up-to-date: /workspaces/isaac_ros-dev/install/multisense_msgs/lib/python3.8/site-packages/multisense_msgs/msg/_raw_cam_config.py
[12.247s] -- Up-to-date: /workspaces/isaac_ros-dev/install/multisense_msgs/lib/python3.8/site-packages/multisense_msgs/msg/_device_info_s.c
[12.248s] -- Up-to-date: /workspaces/isaac_ros-dev/install/multisense_msgs/lib/python3.8/site-packages/multisense_msgs/msg/_stamped_pps_s.c
[12.249s] -- Up-to-date: /workspaces/isaac_ros-dev/install/multisense_msgs/lib/python3.8/site-packages/multisense_msgs/msg/_raw_cam_data_s.c
[12.250s] -- Up-to-date: /workspaces/isaac_ros-dev/install/multisense_msgs/lib/python3.8/site-packages/multisense_msgs/msg/_raw_cam_config_s.c
[12.250s] -- Up-to-date: /workspaces/isaac_ros-dev/install/multisense_msgs/lib/python3.8/site-packages/multisense_msgs/msg/_raw_cam_cal_s.c
[12.251s] -- Up-to-date: /workspaces/isaac_ros-dev/install/multisense_msgs/lib/python3.8/site-packages/multisense_msgs/msg/_raw_lidar_cal_s.c
[12.252s] -- Up-to-date: /workspaces/isaac_ros-dev/install/multisense_msgs/lib/python3.8/site-packages/multisense_msgs/msg/_histogram_s.c
[12.254s] -- Up-to-date: /workspaces/isaac_ros-dev/install/multisense_msgs/lib/python3.8/site-packages/multisense_msgs/msg/_stamped_pps.py
[12.255s] -- Up-to-date: /workspaces/isaac_ros-dev/install/multisense_msgs/lib/python3.8/site-packages/multisense_msgs/multisense_msgs_s__rosidl_typesupport_c.cpython-38-aarch64-linux-gnu.so
[12.258s] -- Up-to-date: /workspaces/isaac_ros-dev/install/multisense_msgs/lib/python3.8/site-packages/multisense_msgs/libmultisense_msgs__rosidl_generator_py.so
[12.264s] -- Up-to-date: /workspaces/isaac_ros-dev/install/multisense_msgs/lib/python3.8/site-packages/multisense_msgs/multisense_msgs_s__rosidl_typesupport_introspection_c.cpython-38-aarch64-linux-gnu.so
[12.272s] -- Up-to-date: /workspaces/isaac_ros-dev/install/multisense_msgs/lib/python3.8/site-packages/multisense_msgs/_multisense_msgs_s.ep.rosidl_typesupport_fastrtps_c.c
[12.285s] -- Up-to-date: /workspaces/isaac_ros-dev/install/multisense_msgs/lib/python3.8/site-packages/multisense_msgs/_multisense_msgs_s.ep.rosidl_typesupport_c.c
[12.306s] Listing '/workspaces/isaac_ros-dev/install/multisense_msgs/lib/python3.8/site-packages/multisense_msgs'...
[12.306s] Listing '/workspaces/isaac_ros-dev/install/multisense_msgs/lib/python3.8/site-packages/multisense_msgs/msg'...
[12.307s] -- Up-to-date: /workspaces/isaac_ros-dev/install/multisense_msgs/lib/python3.8/site-packages/multisense_msgs/multisense_msgs_s__rosidl_typesupport_fastrtps_c.cpython-38-aarch64-linux-gnu.so
[12.307s] -- Up-to-date: /workspaces/isaac_ros-dev/install/multisense_msgs/lib/python3.8/site-packages/multisense_msgs/multisense_msgs_s__rosidl_typesupport_introspection_c.cpython-38-aarch64-linux-gnu.so
[12.308s] -- Up-to-date: /workspaces/isaac_ros-dev/install/multisense_msgs/lib/python3.8/site-packages/multisense_msgs/multisense_msgs_s__rosidl_typesupport_c.cpython-38-aarch64-linux-gnu.so
[12.308s] -- Up-to-date: /workspaces/isaac_ros-dev/install/multisense_msgs/lib/libmultisense_msgs__rosidl_generator_py.so
[12.309s] -- Up-to-date: /workspaces/isaac_ros-dev/install/multisense_msgs/share/multisense_msgs/msg/DeviceInfo.idl
[12.309s] -- Up-to-date: /workspaces/isaac_ros-dev/install/multisense_msgs/share/multisense_msgs/msg/RawCamConfig.idl
[12.310s] -- Up-to-date: /workspaces/isaac_ros-dev/install/multisense_msgs/share/multisense_msgs/msg/RawImuData.idl
[12.310s] -- Up-to-date: /workspaces/isaac_ros-dev/install/multisense_msgs/share/multisense_msgs/msg/RawLidarData.idl
[12.311s] -- Up-to-date: /workspaces/isaac_ros-dev/install/multisense_msgs/share/multisense_msgs/msg/RawCamCal.idl
[12.311s] -- Up-to-date: /workspaces/isaac_ros-dev/install/multisense_msgs/share/multisense_msgs/msg/RawCamData.idl
[12.312s] -- Up-to-date: /workspaces/isaac_ros-dev/install/multisense_msgs/share/multisense_msgs/msg/RawLidarCal.idl
[12.312s] -- Up-to-date: /workspaces/isaac_ros-dev/install/multisense_msgs/share/multisense_msgs/msg/Histogram.idl
[12.313s] -- Up-to-date: /workspaces/isaac_ros-dev/install/multisense_msgs/share/multisense_msgs/msg/DeviceStatus.idl
[12.313s] -- Up-to-date: /workspaces/isaac_ros-dev/install/multisense_msgs/share/multisense_msgs/msg/StampedPps.idl
[12.313s] -- Up-to-date: /workspaces/isaac_ros-dev/install/multisense_msgs/share/multisense_msgs/msg/DeviceInfo.msg
[12.314s] -- Up-to-date: /workspaces/isaac_ros-dev/install/multisense_msgs/share/multisense_msgs/msg/RawCamConfig.msg
[12.314s] -- Up-to-date: /workspaces/isaac_ros-dev/install/multisense_msgs/share/multisense_msgs/msg/RawImuData.msg
[12.314s] -- Up-to-date: /workspaces/isaac_ros-dev/install/multisense_msgs/share/multisense_msgs/msg/RawLidarData.msg
[12.315s] -- Up-to-date: /workspaces/isaac_ros-dev/install/multisense_msgs/share/multisense_msgs/msg/RawCamCal.msg
[12.315s] -- Up-to-date: /workspaces/isaac_ros-dev/install/multisense_msgs/share/multisense_msgs/msg/RawCamData.msg
[12.315s] -- Up-to-date: /workspaces/isaac_ros-dev/install/multisense_msgs/share/multisense_msgs/msg/RawLidarCal.msg
[12.316s] -- Up-to-date: /workspaces/isaac_ros-dev/install/multisense_msgs/share/multisense_msgs/msg/Histogram.msg
[12.316s] -- Up-to-date: /workspaces/isaac_ros-dev/install/multisense_msgs/share/multisense_msgs/msg/DeviceStatus.msg
[12.316s] -- Up-to-date: /workspaces/isaac_ros-dev/install/multisense_msgs/share/multisense_msgs/msg/StampedPps.msg
[12.317s] -- Up-to-date: /workspaces/isaac_ros-dev/install/multisense_msgs/share/ament_index/resource_index/package_run_dependencies/multisense_msgs
[12.317s] -- Up-to-date: /workspaces/isaac_ros-dev/install/multisense_msgs/share/ament_index/resource_index/parent_prefix_path/multisense_msgs
[12.318s] -- Up-to-date: /workspaces/isaac_ros-dev/install/multisense_msgs/share/multisense_msgs/environment/ament_prefix_path.sh
[12.318s] -- Up-to-date: /workspaces/isaac_ros-dev/install/multisense_msgs/share/multisense_msgs/environment/ament_prefix_path.dsv
[12.319s] -- Up-to-date: /workspaces/isaac_ros-dev/install/multisense_msgs/share/multisense_msgs/environment/path.sh
[12.319s] -- Up-to-date: /workspaces/isaac_ros-dev/install/multisense_msgs/share/multisense_msgs/environment/path.dsv
[12.320s] -- Up-to-date: /workspaces/isaac_ros-dev/install/multisense_msgs/share/multisense_msgs/local_setup.bash
[12.320s] -- Up-to-date: /workspaces/isaac_ros-dev/install/multisense_msgs/share/multisense_msgs/local_setup.sh
[12.321s] -- Up-to-date: /workspaces/isaac_ros-dev/install/multisense_msgs/share/multisense_msgs/local_setup.zsh
[12.321s] -- Up-to-date: /workspaces/isaac_ros-dev/install/multisense_msgs/share/multisense_msgs/local_setup.dsv
[12.321s] -- Installing: /workspaces/isaac_ros-dev/install/multisense_msgs/share/multisense_msgs/package.dsv
[12.322s] -- Up-to-date: /workspaces/isaac_ros-dev/install/multisense_msgs/share/ament_index/resource_index/packages/multisense_msgs
[12.322s] -- Up-to-date: /workspaces/isaac_ros-dev/install/multisense_msgs/share/multisense_msgs/cmake/export_multisense_msgs__rosidl_generator_cExport.cmake
[12.323s] -- Up-to-date: /workspaces/isaac_ros-dev/install/multisense_msgs/share/multisense_msgs/cmake/export_multisense_msgs__rosidl_generator_cExport-release.cmake
[12.323s] -- Up-to-date: /workspaces/isaac_ros-dev/install/multisense_msgs/share/multisense_msgs/cmake/export_multisense_msgs__rosidl_typesupport_fastrtps_cExport.cmake
[12.324s] -- Up-to-date: /workspaces/isaac_ros-dev/install/multisense_msgs/share/multisense_msgs/cmake/export_multisense_msgs__rosidl_typesupport_fastrtps_cExport-release.cmake
[12.324s] -- Up-to-date: /workspaces/isaac_ros-dev/install/multisense_msgs/share/multisense_msgs/cmake/export_multisense_msgs__rosidl_generator_cppExport.cmake
[12.325s] -- Up-to-date: /workspaces/isaac_ros-dev/install/multisense_msgs/share/multisense_msgs/cmake/export_multisense_msgs__rosidl_typesupport_fastrtps_cppExport.cmake
[12.325s] -- Up-to-date: /workspaces/isaac_ros-dev/install/multisense_msgs/share/multisense_msgs/cmake/export_multisense_msgs__rosidl_typesupport_fastrtps_cppExport-release.cmake
[12.326s] -- Up-to-date: /workspaces/isaac_ros-dev/install/multisense_msgs/share/multisense_msgs/cmake/multisense_msgs__rosidl_typesupport_introspection_cExport.cmake
[12.330s] -- Up-to-date: /workspaces/isaac_ros-dev/install/multisense_msgs/share/multisense_msgs/cmake/multisense_msgs__rosidl_typesupport_introspection_cExport-release.cmake
[12.331s] -- Up-to-date: /workspaces/isaac_ros-dev/install/multisense_msgs/share/multisense_msgs/cmake/multisense_msgs__rosidl_typesupport_cExport.cmake
[12.331s] -- Up-to-date: /workspaces/isaac_ros-dev/install/multisense_msgs/share/multisense_msgs/cmake/multisense_msgs__rosidl_typesupport_cExport-release.cmake
[12.332s] -- Up-to-date: /workspaces/isaac_ros-dev/install/multisense_msgs/share/multisense_msgs/cmake/multisense_msgs__rosidl_typesupport_introspection_cppExport.cmake
[12.333s] -- Up-to-date: /workspaces/isaac_ros-dev/install/multisense_msgs/share/multisense_msgs/cmake/multisense_msgs__rosidl_typesupport_introspection_cppExport-release.cmake
[12.333s] -- Up-to-date: /workspaces/isaac_ros-dev/install/multisense_msgs/share/multisense_msgs/cmake/multisense_msgs__rosidl_typesupport_cppExport.cmake
[12.334s] -- Up-to-date: /workspaces/isaac_ros-dev/install/multisense_msgs/share/multisense_msgs/cmake/multisense_msgs__rosidl_typesupport_cppExport-release.cmake
[12.334s] -- Up-to-date: /workspaces/isaac_ros-dev/install/multisense_msgs/share/multisense_msgs/cmake/export_multisense_msgs__rosidl_generator_pyExport.cmake
[12.336s] -- Up-to-date: /workspaces/isaac_ros-dev/install/multisense_msgs/share/multisense_msgs/cmake/export_multisense_msgs__rosidl_generator_pyExport-release.cmake
[12.336s] -- Up-to-date: /workspaces/isaac_ros-dev/install/multisense_msgs/share/multisense_msgs/cmake/rosidl_cmake-extras.cmake
[12.337s] -- Up-to-date: /workspaces/isaac_ros-dev/install/multisense_msgs/share/multisense_msgs/cmake/ament_cmake_export_dependencies-extras.cmake
[12.337s] -- Up-to-date: /workspaces/isaac_ros-dev/install/multisense_msgs/share/multisense_msgs/cmake/ament_cmake_export_include_directories-extras.cmake
[12.338s] -- Up-to-date: /workspaces/isaac_ros-dev/install/multisense_msgs/share/multisense_msgs/cmake/ament_cmake_export_libraries-extras.cmake
[12.338s] -- Up-to-date: /workspaces/isaac_ros-dev/install/multisense_msgs/share/multisense_msgs/cmake/ament_cmake_export_targets-extras.cmake
[12.338s] -- Up-to-date: /workspaces/isaac_ros-dev/install/multisense_msgs/share/multisense_msgs/cmake/rosidl_cmake_export_typesupport_targets-extras.cmake
[12.340s] -- Up-to-date: /workspaces/isaac_ros-dev/install/multisense_msgs/share/multisense_msgs/cmake/rosidl_cmake_export_typesupport_libraries-extras.cmake
[12.341s] -- Up-to-date: /workspaces/isaac_ros-dev/install/multisense_msgs/share/multisense_msgs/cmake/multisense_msgsConfig.cmake
[12.341s] -- Up-to-date: /workspaces/isaac_ros-dev/install/multisense_msgs/share/multisense_msgs/cmake/multisense_msgsConfig-version.cmake
[12.342s] -- Up-to-date: /workspaces/isaac_ros-dev/install/multisense_msgs/share/multisense_msgs/package.xml
[12.527s] Invoked command in '/workspaces/isaac_ros-dev/build/multisense_msgs' returned '0': CMAKE_PREFIX_PATH=/workspaces/isaac_ros-dev/install/yolov8_bringup:/workspaces/isaac_ros-dev/install/multisense_ros:/workspaces/isaac_ros-dev/install/xacro:/workspaces/isaac_ros-dev/install/vision_msgs_rviz_plugins:/workspaces/isaac_ros-dev/install/vision_msgs:/workspaces/isaac_ros-dev/install/velodyne:/workspaces/isaac_ros-dev/install/velodyne_pointcloud:/workspaces/isaac_ros-dev/install/velodyne_driver:/workspaces/isaac_ros-dev/install/velodyne_msgs:/workspaces/isaac_ros-dev/install/velodyne_laserscan:/workspaces/isaac_ros-dev/install/vectornav:/workspaces/isaac_ros-dev/install/sdv_localization:/workspaces/isaac_ros-dev/install/vectornav_msgs:/workspaces/isaac_ros-dev/install/slam_toolbox:/workspaces/isaac_ros-dev/install/sdv_msg:/workspaces/isaac_ros-dev/install/sdv_localization_msgs:/workspaces/isaac_ros-dev/install/pointcloud_to_laserscan:/workspaces/isaac_ros-dev/install/my_package:/workspaces/isaac_ros-dev/install/multisense_msgs:/workspaces/isaac_ros-dev/install/multisense_lib:/workspaces/isaac_ros-dev/install/isaac_ros_visual_slam:/workspaces/isaac_ros-dev/install/isaac_ros_visual_slam_interfaces:/workspaces/isaac_ros-dev/install/isaac_ros_tensor_list_interfaces:/workspaces/isaac_ros-dev/install/isaac_ros_common:/workspaces/isaac_ros-dev/install/isaac_ros_bi3d_interfaces:/workspaces/isaac_ros-dev/install/isaac_ros_apriltag_interfaces:/workspaces/isaac_ros-dev/install/yolov8_ros:/workspaces/isaac_ros-dev/install/xbox_controller:/workspaces/isaac_ros-dev/install/panel:/workspaces/isaac_ros-dev/install/isaac_ros_test:/workspaces/isaac_ros-dev/install/encoder:/opt/ros/humble/install /usr/bin/cmake --install /workspaces/isaac_ros-dev/build/multisense_msgs
