[2.120s] Invoking command in '/workspaces/isaac_ros-dev/build/multisense_lib': CMAKE_PREFIX_PATH=/workspaces/isaac_ros-dev/install/yolov8_bringup:/workspaces/isaac_ros-dev/install/multisense_ros:/workspaces/isaac_ros-dev/install/xacro:/workspaces/isaac_ros-dev/install/vision_msgs_rviz_plugins:/workspaces/isaac_ros-dev/install/vision_msgs:/workspaces/isaac_ros-dev/install/velodyne:/workspaces/isaac_ros-dev/install/velodyne_pointcloud:/workspaces/isaac_ros-dev/install/velodyne_driver:/workspaces/isaac_ros-dev/install/velodyne_msgs:/workspaces/isaac_ros-dev/install/velodyne_laserscan:/workspaces/isaac_ros-dev/install/vectornav:/workspaces/isaac_ros-dev/install/sdv_localization:/workspaces/isaac_ros-dev/install/vectornav_msgs:/workspaces/isaac_ros-dev/install/slam_toolbox:/workspaces/isaac_ros-dev/install/sdv_msg:/workspaces/isaac_ros-dev/install/sdv_localization_msgs:/workspaces/isaac_ros-dev/install/pointcloud_to_laserscan:/workspaces/isaac_ros-dev/install/my_package:/workspaces/isaac_ros-dev/install/multisense_msgs:/workspaces/isaac_ros-dev/install/multisense_lib:/workspaces/isaac_ros-dev/install/isaac_ros_visual_slam:/workspaces/isaac_ros-dev/install/isaac_ros_visual_slam_interfaces:/workspaces/isaac_ros-dev/install/isaac_ros_tensor_list_interfaces:/workspaces/isaac_ros-dev/install/isaac_ros_common:/workspaces/isaac_ros-dev/install/isaac_ros_bi3d_interfaces:/workspaces/isaac_ros-dev/install/isaac_ros_apriltag_interfaces:/workspaces/isaac_ros-dev/install/yolov8_ros:/workspaces/isaac_ros-dev/install/xbox_controller:/workspaces/isaac_ros-dev/install/panel:/workspaces/isaac_ros-dev/install/isaac_ros_test:/workspaces/isaac_ros-dev/install/encoder:/opt/ros/humble/install /usr/bin/cmake --build /workspaces/isaac_ros-dev/build/multisense_lib -- -j8 -l8
[2.400s] [ 20%] Built target MultiSense
[2.661s] [ 25%] Built target ChangeFps
[2.763s] [ 30%] Built target ChangeIpUtility
[2.807s] [ 34%] Built target ChangeTransmitDelay
[2.812s] [ 39%] Built target DeviceInfoUtility
[2.825s] [ 44%] Built target ChangeResolution
[2.845s] [ 48%] Built target DirectedStreamsUtility
[2.877s] [ 53%] Built target FlashUtility
[2.891s] [ 58%] Built target ExternalCalUtility
[3.099s] [ 62%] Built target ImuTestUtility
[3.102s] [ 67%] Built target ImageCalUtility
[3.141s] [ 72%] Built target ImuConfigUtility
[3.159s] [ 76%] Built target ColorImageUtility
[3.174s] [ 81%] Built target LidarCalUtility
[3.180s] [ 86%] Built target PointCloudUtility
[3.188s] [ 90%] Built target SensorCalUtility
[3.192s] [ 95%] Built target SaveImageUtility
[3.273s] [100%] Built target VersionInfoUtility
[3.326s] Invoked command in '/workspaces/isaac_ros-dev/build/multisense_lib' returned '0': CMAKE_PREFIX_PATH=/workspaces/isaac_ros-dev/install/yolov8_bringup:/workspaces/isaac_ros-dev/install/multisense_ros:/workspaces/isaac_ros-dev/install/xacro:/workspaces/isaac_ros-dev/install/vision_msgs_rviz_plugins:/workspaces/isaac_ros-dev/install/vision_msgs:/workspaces/isaac_ros-dev/install/velodyne:/workspaces/isaac_ros-dev/install/velodyne_pointcloud:/workspaces/isaac_ros-dev/install/velodyne_driver:/workspaces/isaac_ros-dev/install/velodyne_msgs:/workspaces/isaac_ros-dev/install/velodyne_laserscan:/workspaces/isaac_ros-dev/install/vectornav:/workspaces/isaac_ros-dev/install/sdv_localization:/workspaces/isaac_ros-dev/install/vectornav_msgs:/workspaces/isaac_ros-dev/install/slam_toolbox:/workspaces/isaac_ros-dev/install/sdv_msg:/workspaces/isaac_ros-dev/install/sdv_localization_msgs:/workspaces/isaac_ros-dev/install/pointcloud_to_laserscan:/workspaces/isaac_ros-dev/install/my_package:/workspaces/isaac_ros-dev/install/multisense_msgs:/workspaces/isaac_ros-dev/install/multisense_lib:/workspaces/isaac_ros-dev/install/isaac_ros_visual_slam:/workspaces/isaac_ros-dev/install/isaac_ros_visual_slam_interfaces:/workspaces/isaac_ros-dev/install/isaac_ros_tensor_list_interfaces:/workspaces/isaac_ros-dev/install/isaac_ros_common:/workspaces/isaac_ros-dev/install/isaac_ros_bi3d_interfaces:/workspaces/isaac_ros-dev/install/isaac_ros_apriltag_interfaces:/workspaces/isaac_ros-dev/install/yolov8_ros:/workspaces/isaac_ros-dev/install/xbox_controller:/workspaces/isaac_ros-dev/install/panel:/workspaces/isaac_ros-dev/install/isaac_ros_test:/workspaces/isaac_ros-dev/install/encoder:/opt/ros/humble/install /usr/bin/cmake --build /workspaces/isaac_ros-dev/build/multisense_lib -- -j8 -l8
[3.981s] Invoking command in '/workspaces/isaac_ros-dev/build/multisense_lib': CMAKE_PREFIX_PATH=/workspaces/isaac_ros-dev/install/yolov8_bringup:/workspaces/isaac_ros-dev/install/multisense_ros:/workspaces/isaac_ros-dev/install/xacro:/workspaces/isaac_ros-dev/install/vision_msgs_rviz_plugins:/workspaces/isaac_ros-dev/install/vision_msgs:/workspaces/isaac_ros-dev/install/velodyne:/workspaces/isaac_ros-dev/install/velodyne_pointcloud:/workspaces/isaac_ros-dev/install/velodyne_driver:/workspaces/isaac_ros-dev/install/velodyne_msgs:/workspaces/isaac_ros-dev/install/velodyne_laserscan:/workspaces/isaac_ros-dev/install/vectornav:/workspaces/isaac_ros-dev/install/sdv_localization:/workspaces/isaac_ros-dev/install/vectornav_msgs:/workspaces/isaac_ros-dev/install/slam_toolbox:/workspaces/isaac_ros-dev/install/sdv_msg:/workspaces/isaac_ros-dev/install/sdv_localization_msgs:/workspaces/isaac_ros-dev/install/pointcloud_to_laserscan:/workspaces/isaac_ros-dev/install/my_package:/workspaces/isaac_ros-dev/install/multisense_msgs:/workspaces/isaac_ros-dev/install/multisense_lib:/workspaces/isaac_ros-dev/install/isaac_ros_visual_slam:/workspaces/isaac_ros-dev/install/isaac_ros_visual_slam_interfaces:/workspaces/isaac_ros-dev/install/isaac_ros_tensor_list_interfaces:/workspaces/isaac_ros-dev/install/isaac_ros_common:/workspaces/isaac_ros-dev/install/isaac_ros_bi3d_interfaces:/workspaces/isaac_ros-dev/install/isaac_ros_apriltag_interfaces:/workspaces/isaac_ros-dev/install/yolov8_ros:/workspaces/isaac_ros-dev/install/xbox_controller:/workspaces/isaac_ros-dev/install/panel:/workspaces/isaac_ros-dev/install/isaac_ros_test:/workspaces/isaac_ros-dev/install/encoder:/opt/ros/humble/install /usr/bin/cmake --install /workspaces/isaac_ros-dev/build/multisense_lib
[4.022s] -- Install configuration: "Release"
[4.026s] -- Up-to-date: /workspaces/isaac_ros-dev/install/multisense_lib/share/multisense_lib/environment/library_path.sh
[4.028s] -- Up-to-date: /workspaces/isaac_ros-dev/install/multisense_lib/share/multisense_lib/environment/library_path.dsv
[4.029s] -- Up-to-date: /workspaces/isaac_ros-dev/install/multisense_lib/share/ament_index/resource_index/package_run_dependencies/multisense_lib
[4.030s] -- Up-to-date: /workspaces/isaac_ros-dev/install/multisense_lib/share/ament_index/resource_index/parent_prefix_path/multisense_lib
[4.031s] -- Up-to-date: /workspaces/isaac_ros-dev/install/multisense_lib/share/multisense_lib/environment/ament_prefix_path.sh
[4.032s] -- Up-to-date: /workspaces/isaac_ros-dev/install/multisense_lib/share/multisense_lib/environment/ament_prefix_path.dsv
[4.033s] -- Up-to-date: /workspaces/isaac_ros-dev/install/multisense_lib/share/multisense_lib/environment/path.sh
[4.034s] -- Up-to-date: /workspaces/isaac_ros-dev/install/multisense_lib/share/multisense_lib/environment/path.dsv
[4.035s] -- Up-to-date: /workspaces/isaac_ros-dev/install/multisense_lib/share/multisense_lib/local_setup.bash
[4.040s] -- Up-to-date: /workspaces/isaac_ros-dev/install/multisense_lib/share/multisense_lib/local_setup.sh
[4.040s] -- Up-to-date: /workspaces/isaac_ros-dev/install/multisense_lib/share/multisense_lib/local_setup.zsh
[4.040s] -- Up-to-date: /workspaces/isaac_ros-dev/install/multisense_lib/share/multisense_lib/local_setup.dsv
[4.041s] -- Installing: /workspaces/isaac_ros-dev/install/multisense_lib/share/multisense_lib/package.dsv
[4.043s] -- Up-to-date: /workspaces/isaac_ros-dev/install/multisense_lib/share/ament_index/resource_index/packages/multisense_lib
[4.044s] -- Up-to-date: /workspaces/isaac_ros-dev/install/multisense_lib/share/multisense_lib/cmake/ament_cmake_export_include_directories-extras.cmake
[4.045s] -- Up-to-date: /workspaces/isaac_ros-dev/install/multisense_lib/share/multisense_lib/cmake/ament_cmake_export_libraries-extras.cmake
[4.045s] -- Up-to-date: /workspaces/isaac_ros-dev/install/multisense_lib/share/multisense_lib/cmake/multisense_libConfig.cmake
[4.046s] -- Up-to-date: /workspaces/isaac_ros-dev/install/multisense_lib/share/multisense_lib/cmake/multisense_libConfig-version.cmake
[4.047s] -- Up-to-date: /workspaces/isaac_ros-dev/install/multisense_lib/share/multisense_lib/package.xml
[4.051s] -- Up-to-date: /workspaces/isaac_ros-dev/install/multisense_lib/lib/libMultiSense.so.4.1.0
[4.053s] -- Up-to-date: /workspaces/isaac_ros-dev/install/multisense_lib/lib/libMultiSense.so
[4.054s] -- Up-to-date: /workspaces/isaac_ros-dev/install/multisense_lib/include/MultiSense/MultiSenseChannel.hh
[4.054s] -- Up-to-date: /workspaces/isaac_ros-dev/install/multisense_lib/include/MultiSense/MultiSenseTypes.hh
[4.054s] -- Up-to-date: /workspaces/isaac_ros-dev/install/multisense_lib/lib/cmake/MultiSense/MultiSenseTargets.cmake
[4.055s] -- Up-to-date: /workspaces/isaac_ros-dev/install/multisense_lib/lib/cmake/MultiSense/MultiSenseTargets-release.cmake
[4.055s] -- Up-to-date: /workspaces/isaac_ros-dev/install/multisense_lib/lib/cmake/MultiSense/MultiSenseConfig.cmake
[4.056s] -- Up-to-date: /workspaces/isaac_ros-dev/install/multisense_lib/lib/cmake/MultiSense/MultiSenseConfigVersion.cmake
[4.056s] -- Up-to-date: /workspaces/isaac_ros-dev/install/multisense_lib/include/MultiSense/MultiSenseChannel.hh
[4.056s] -- Up-to-date: /workspaces/isaac_ros-dev/install/multisense_lib/include/MultiSense/MultiSenseTypes.hh
[4.058s] -- Up-to-date: /workspaces/isaac_ros-dev/install/multisense_lib/bin/ChangeFps
[4.061s] -- Up-to-date: /workspaces/isaac_ros-dev/install/multisense_lib/bin/ChangeIpUtility
[4.064s] -- Up-to-date: /workspaces/isaac_ros-dev/install/multisense_lib/bin/ChangeResolution
[4.067s] -- Up-to-date: /workspaces/isaac_ros-dev/install/multisense_lib/bin/ChangeTransmitDelay
[4.070s] -- Up-to-date: /workspaces/isaac_ros-dev/install/multisense_lib/bin/DirectedStreamsUtility
[4.073s] -- Up-to-date: /workspaces/isaac_ros-dev/install/multisense_lib/bin/DeviceInfoUtility
[4.075s] -- Up-to-date: /workspaces/isaac_ros-dev/install/multisense_lib/bin/ExternalCalUtility
[4.077s] -- Up-to-date: /workspaces/isaac_ros-dev/install/multisense_lib/bin/MultiSenseUpdater
[4.078s] -- Up-to-date: /workspaces/isaac_ros-dev/install/multisense_lib/bin/FlashUtility
[4.082s] -- Up-to-date: /workspaces/isaac_ros-dev/install/multisense_lib/bin/ImageCalUtility
[4.085s] -- Up-to-date: /workspaces/isaac_ros-dev/install/multisense_lib/bin/ImuConfigUtility
[4.089s] -- Up-to-date: /workspaces/isaac_ros-dev/install/multisense_lib/bin/ImuTestUtility
[4.093s] -- Up-to-date: /workspaces/isaac_ros-dev/install/multisense_lib/bin/LidarCalUtility
[4.096s] -- Up-to-date: /workspaces/isaac_ros-dev/install/multisense_lib/bin/PointCloudUtility
[4.099s] -- Up-to-date: /workspaces/isaac_ros-dev/install/multisense_lib/bin/ColorImageUtility
[4.102s] -- Up-to-date: /workspaces/isaac_ros-dev/install/multisense_lib/bin/SaveImageUtility
[4.106s] -- Up-to-date: /workspaces/isaac_ros-dev/install/multisense_lib/bin/SensorCalUtility
[4.111s] -- Up-to-date: /workspaces/isaac_ros-dev/install/multisense_lib/bin/VersionInfoUtility
[4.123s] Invoked command in '/workspaces/isaac_ros-dev/build/multisense_lib' returned '0': CMAKE_PREFIX_PATH=/workspaces/isaac_ros-dev/install/yolov8_bringup:/workspaces/isaac_ros-dev/install/multisense_ros:/workspaces/isaac_ros-dev/install/xacro:/workspaces/isaac_ros-dev/install/vision_msgs_rviz_plugins:/workspaces/isaac_ros-dev/install/vision_msgs:/workspaces/isaac_ros-dev/install/velodyne:/workspaces/isaac_ros-dev/install/velodyne_pointcloud:/workspaces/isaac_ros-dev/install/velodyne_driver:/workspaces/isaac_ros-dev/install/velodyne_msgs:/workspaces/isaac_ros-dev/install/velodyne_laserscan:/workspaces/isaac_ros-dev/install/vectornav:/workspaces/isaac_ros-dev/install/sdv_localization:/workspaces/isaac_ros-dev/install/vectornav_msgs:/workspaces/isaac_ros-dev/install/slam_toolbox:/workspaces/isaac_ros-dev/install/sdv_msg:/workspaces/isaac_ros-dev/install/sdv_localization_msgs:/workspaces/isaac_ros-dev/install/pointcloud_to_laserscan:/workspaces/isaac_ros-dev/install/my_package:/workspaces/isaac_ros-dev/install/multisense_msgs:/workspaces/isaac_ros-dev/install/multisense_lib:/workspaces/isaac_ros-dev/install/isaac_ros_visual_slam:/workspaces/isaac_ros-dev/install/isaac_ros_visual_slam_interfaces:/workspaces/isaac_ros-dev/install/isaac_ros_tensor_list_interfaces:/workspaces/isaac_ros-dev/install/isaac_ros_common:/workspaces/isaac_ros-dev/install/isaac_ros_bi3d_interfaces:/workspaces/isaac_ros-dev/install/isaac_ros_apriltag_interfaces:/workspaces/isaac_ros-dev/install/yolov8_ros:/workspaces/isaac_ros-dev/install/xbox_controller:/workspaces/isaac_ros-dev/install/panel:/workspaces/isaac_ros-dev/install/isaac_ros_test:/workspaces/isaac_ros-dev/install/encoder:/opt/ros/humble/install /usr/bin/cmake --install /workspaces/isaac_ros-dev/build/multisense_lib
