[2.266s] Invoking command in '/workspaces/isaac_ros-dev/build/sdv_localization_msgs': CMAKE_PREFIX_PATH=/workspaces/isaac_ros-dev/install/yolov8_bringup:/workspaces/isaac_ros-dev/install/multisense_ros:/workspaces/isaac_ros-dev/install/xacro:/workspaces/isaac_ros-dev/install/vision_msgs_rviz_plugins:/workspaces/isaac_ros-dev/install/vision_msgs:/workspaces/isaac_ros-dev/install/velodyne:/workspaces/isaac_ros-dev/install/velodyne_pointcloud:/workspaces/isaac_ros-dev/install/velodyne_driver:/workspaces/isaac_ros-dev/install/velodyne_msgs:/workspaces/isaac_ros-dev/install/velodyne_laserscan:/workspaces/isaac_ros-dev/install/vectornav:/workspaces/isaac_ros-dev/install/sdv_localization:/workspaces/isaac_ros-dev/install/vectornav_msgs:/workspaces/isaac_ros-dev/install/slam_toolbox:/workspaces/isaac_ros-dev/install/sdv_msg:/workspaces/isaac_ros-dev/install/sdv_localization_msgs:/workspaces/isaac_ros-dev/install/pointcloud_to_laserscan:/workspaces/isaac_ros-dev/install/my_package:/workspaces/isaac_ros-dev/install/multisense_msgs:/workspaces/isaac_ros-dev/install/multisense_lib:/workspaces/isaac_ros-dev/install/isaac_ros_visual_slam:/workspaces/isaac_ros-dev/install/isaac_ros_visual_slam_interfaces:/workspaces/isaac_ros-dev/install/isaac_ros_tensor_list_interfaces:/workspaces/isaac_ros-dev/install/isaac_ros_common:/workspaces/isaac_ros-dev/install/isaac_ros_bi3d_interfaces:/workspaces/isaac_ros-dev/install/isaac_ros_apriltag_interfaces:/workspaces/isaac_ros-dev/install/yolov8_ros:/workspaces/isaac_ros-dev/install/xbox_controller:/workspaces/isaac_ros-dev/install/panel:/workspaces/isaac_ros-dev/install/isaac_ros_test:/workspaces/isaac_ros-dev/install/encoder:/opt/ros/humble/install /usr/bin/cmake --build /workspaces/isaac_ros-dev/build/sdv_localization_msgs -- -j8 -l8
[3.324s] [  2%] Built target sdv_localization_msgs__cpp
[3.334s] [ 12%] Built target sdv_localization_msgs__rosidl_generator_c
[3.335s] [ 12%] Built target ament_cmake_python_copy_sdv_localization_msgs
[3.335s] [ 23%] Built target sdv_localization_msgs__rosidl_typesupport_introspection_cpp
[3.336s] [ 33%] Built target sdv_localization_msgs__rosidl_typesupport_fastrtps_cpp
[3.336s] [ 43%] Built target sdv_localization_msgs__rosidl_typesupport_cpp
[3.336s] [ 53%] Built target sdv_localization_msgs__rosidl_typesupport_c
[3.336s] [ 64%] Built target sdv_localization_msgs__rosidl_typesupport_introspection_c
[3.337s] [ 74%] Built target sdv_localization_msgs__rosidl_typesupport_fastrtps_c
[3.427s] [ 74%] Built target sdv_localization_msgs
[3.590s] [ 76%] Built target sdv_localization_msgs__py
[3.773s] [ 84%] Built target sdv_localization_msgs__rosidl_generator_py
[3.964s] [ 89%] Built target sdv_localization_msgs__rosidl_typesupport_fastrtps_c__pyext
[3.974s] [ 94%] Built target sdv_localization_msgs__rosidl_typesupport_introspection_c__pyext
[3.980s] [100%] Built target sdv_localization_msgs__rosidl_typesupport_c__pyext
[5.071s] running egg_info
[5.166s] writing sdv_localization_msgs.egg-info/PKG-INFO
[5.167s] writing dependency_links to sdv_localization_msgs.egg-info/dependency_links.txt
[5.167s] writing top-level names to sdv_localization_msgs.egg-info/top_level.txt
[5.367s] reading manifest file 'sdv_localization_msgs.egg-info/SOURCES.txt'
[5.368s] writing manifest file 'sdv_localization_msgs.egg-info/SOURCES.txt'
[5.549s] [100%] Built target ament_cmake_python_build_sdv_localization_msgs_egg
[5.588s] Invoked command in '/workspaces/isaac_ros-dev/build/sdv_localization_msgs' returned '0': CMAKE_PREFIX_PATH=/workspaces/isaac_ros-dev/install/yolov8_bringup:/workspaces/isaac_ros-dev/install/multisense_ros:/workspaces/isaac_ros-dev/install/xacro:/workspaces/isaac_ros-dev/install/vision_msgs_rviz_plugins:/workspaces/isaac_ros-dev/install/vision_msgs:/workspaces/isaac_ros-dev/install/velodyne:/workspaces/isaac_ros-dev/install/velodyne_pointcloud:/workspaces/isaac_ros-dev/install/velodyne_driver:/workspaces/isaac_ros-dev/install/velodyne_msgs:/workspaces/isaac_ros-dev/install/velodyne_laserscan:/workspaces/isaac_ros-dev/install/vectornav:/workspaces/isaac_ros-dev/install/sdv_localization:/workspaces/isaac_ros-dev/install/vectornav_msgs:/workspaces/isaac_ros-dev/install/slam_toolbox:/workspaces/isaac_ros-dev/install/sdv_msg:/workspaces/isaac_ros-dev/install/sdv_localization_msgs:/workspaces/isaac_ros-dev/install/pointcloud_to_laserscan:/workspaces/isaac_ros-dev/install/my_package:/workspaces/isaac_ros-dev/install/multisense_msgs:/workspaces/isaac_ros-dev/install/multisense_lib:/workspaces/isaac_ros-dev/install/isaac_ros_visual_slam:/workspaces/isaac_ros-dev/install/isaac_ros_visual_slam_interfaces:/workspaces/isaac_ros-dev/install/isaac_ros_tensor_list_interfaces:/workspaces/isaac_ros-dev/install/isaac_ros_common:/workspaces/isaac_ros-dev/install/isaac_ros_bi3d_interfaces:/workspaces/isaac_ros-dev/install/isaac_ros_apriltag_interfaces:/workspaces/isaac_ros-dev/install/yolov8_ros:/workspaces/isaac_ros-dev/install/xbox_controller:/workspaces/isaac_ros-dev/install/panel:/workspaces/isaac_ros-dev/install/isaac_ros_test:/workspaces/isaac_ros-dev/install/encoder:/opt/ros/humble/install /usr/bin/cmake --build /workspaces/isaac_ros-dev/build/sdv_localization_msgs -- -j8 -l8
[6.840s] Invoking command in '/workspaces/isaac_ros-dev/build/sdv_localization_msgs': CMAKE_PREFIX_PATH=/workspaces/isaac_ros-dev/install/yolov8_bringup:/workspaces/isaac_ros-dev/install/multisense_ros:/workspaces/isaac_ros-dev/install/xacro:/workspaces/isaac_ros-dev/install/vision_msgs_rviz_plugins:/workspaces/isaac_ros-dev/install/vision_msgs:/workspaces/isaac_ros-dev/install/velodyne:/workspaces/isaac_ros-dev/install/velodyne_pointcloud:/workspaces/isaac_ros-dev/install/velodyne_driver:/workspaces/isaac_ros-dev/install/velodyne_msgs:/workspaces/isaac_ros-dev/install/velodyne_laserscan:/workspaces/isaac_ros-dev/install/vectornav:/workspaces/isaac_ros-dev/install/sdv_localization:/workspaces/isaac_ros-dev/install/vectornav_msgs:/workspaces/isaac_ros-dev/install/slam_toolbox:/workspaces/isaac_ros-dev/install/sdv_msg:/workspaces/isaac_ros-dev/install/sdv_localization_msgs:/workspaces/isaac_ros-dev/install/pointcloud_to_laserscan:/workspaces/isaac_ros-dev/install/my_package:/workspaces/isaac_ros-dev/install/multisense_msgs:/workspaces/isaac_ros-dev/install/multisense_lib:/workspaces/isaac_ros-dev/install/isaac_ros_visual_slam:/workspaces/isaac_ros-dev/install/isaac_ros_visual_slam_interfaces:/workspaces/isaac_ros-dev/install/isaac_ros_tensor_list_interfaces:/workspaces/isaac_ros-dev/install/isaac_ros_common:/workspaces/isaac_ros-dev/install/isaac_ros_bi3d_interfaces:/workspaces/isaac_ros-dev/install/isaac_ros_apriltag_interfaces:/workspaces/isaac_ros-dev/install/yolov8_ros:/workspaces/isaac_ros-dev/install/xbox_controller:/workspaces/isaac_ros-dev/install/panel:/workspaces/isaac_ros-dev/install/isaac_ros_test:/workspaces/isaac_ros-dev/install/encoder:/opt/ros/humble/install /usr/bin/cmake --install /workspaces/isaac_ros-dev/build/sdv_localization_msgs
[6.885s] -- Install configuration: ""
[6.886s] -- Up-to-date: /workspaces/isaac_ros-dev/install/sdv_localization_msgs/share/ament_index/resource_index/rosidl_interfaces/sdv_localization_msgs
[6.886s] -- Up-to-date: /workspaces/isaac_ros-dev/install/sdv_localization_msgs/include/sdv_localization_msgs/sdv_localization_msgs
[6.886s] -- Up-to-date: /workspaces/isaac_ros-dev/install/sdv_localization_msgs/include/sdv_localization_msgs/sdv_localization_msgs/msg
[6.887s] -- Up-to-date: /workspaces/isaac_ros-dev/install/sdv_localization_msgs/include/sdv_localization_msgs/sdv_localization_msgs/msg/rosidl_generator_c__visibility_control.h
[6.889s] -- Up-to-date: /workspaces/isaac_ros-dev/install/sdv_localization_msgs/include/sdv_localization_msgs/sdv_localization_msgs/msg/sensor_stat_array.h
[6.890s] -- Up-to-date: /workspaces/isaac_ros-dev/install/sdv_localization_msgs/include/sdv_localization_msgs/sdv_localization_msgs/msg/sensor_diag.h
[6.890s] -- Up-to-date: /workspaces/isaac_ros-dev/install/sdv_localization_msgs/include/sdv_localization_msgs/sdv_localization_msgs/msg/detail
[6.890s] -- Up-to-date: /workspaces/isaac_ros-dev/install/sdv_localization_msgs/include/sdv_localization_msgs/sdv_localization_msgs/msg/detail/sensor_diag__functions.c
[6.891s] -- Up-to-date: /workspaces/isaac_ros-dev/install/sdv_localization_msgs/include/sdv_localization_msgs/sdv_localization_msgs/msg/detail/sensor_diag__struct.h
[6.892s] -- Up-to-date: /workspaces/isaac_ros-dev/install/sdv_localization_msgs/include/sdv_localization_msgs/sdv_localization_msgs/msg/detail/sensor_stat_array__functions.h
[6.892s] -- Up-to-date: /workspaces/isaac_ros-dev/install/sdv_localization_msgs/include/sdv_localization_msgs/sdv_localization_msgs/msg/detail/sensor_diag__functions.h
[6.892s] -- Up-to-date: /workspaces/isaac_ros-dev/install/sdv_localization_msgs/include/sdv_localization_msgs/sdv_localization_msgs/msg/detail/sensor_diag__type_support.h
[6.893s] -- Up-to-date: /workspaces/isaac_ros-dev/install/sdv_localization_msgs/include/sdv_localization_msgs/sdv_localization_msgs/msg/detail/sensor_stat_array__struct.h
[6.893s] -- Up-to-date: /workspaces/isaac_ros-dev/install/sdv_localization_msgs/include/sdv_localization_msgs/sdv_localization_msgs/msg/detail/sensor_stat_array__type_support.h
[6.894s] -- Up-to-date: /workspaces/isaac_ros-dev/install/sdv_localization_msgs/include/sdv_localization_msgs/sdv_localization_msgs/msg/detail/sensor_stat_array__functions.c
[6.894s] -- Up-to-date: /workspaces/isaac_ros-dev/install/sdv_localization_msgs/share/sdv_localization_msgs/environment/library_path.sh
[6.896s] -- Up-to-date: /workspaces/isaac_ros-dev/install/sdv_localization_msgs/share/sdv_localization_msgs/environment/library_path.dsv
[6.900s] -- Up-to-date: /workspaces/isaac_ros-dev/install/sdv_localization_msgs/lib/libsdv_localization_msgs__rosidl_generator_c.so
[6.900s] -- Up-to-date: /workspaces/isaac_ros-dev/install/sdv_localization_msgs/include/sdv_localization_msgs/sdv_localization_msgs
[6.902s] -- Up-to-date: /workspaces/isaac_ros-dev/install/sdv_localization_msgs/include/sdv_localization_msgs/sdv_localization_msgs/msg
[6.904s] -- Up-to-date: /workspaces/isaac_ros-dev/install/sdv_localization_msgs/include/sdv_localization_msgs/sdv_localization_msgs/msg/rosidl_typesupport_fastrtps_c__visibility_control.h
[6.905s] -- Up-to-date: /workspaces/isaac_ros-dev/install/sdv_localization_msgs/include/sdv_localization_msgs/sdv_localization_msgs/msg/detail
[6.917s] -- Up-to-date: /workspaces/isaac_ros-dev/install/sdv_localization_msgs/include/sdv_localization_msgs/sdv_localization_msgs/msg/detail/sensor_diag__rosidl_typesupport_fastrtps_c.h
[6.918s] -- Up-to-date: /workspaces/isaac_ros-dev/install/sdv_localization_msgs/include/sdv_localization_msgs/sdv_localization_msgs/msg/detail/sensor_stat_array__rosidl_typesupport_fastrtps_c.h
[6.918s] -- Up-to-date: /workspaces/isaac_ros-dev/install/sdv_localization_msgs/lib/libsdv_localization_msgs__rosidl_typesupport_fastrtps_c.so
[6.919s] -- Up-to-date: /workspaces/isaac_ros-dev/install/sdv_localization_msgs/include/sdv_localization_msgs/sdv_localization_msgs
[6.919s] -- Up-to-date: /workspaces/isaac_ros-dev/install/sdv_localization_msgs/include/sdv_localization_msgs/sdv_localization_msgs/msg
[6.919s] -- Up-to-date: /workspaces/isaac_ros-dev/install/sdv_localization_msgs/include/sdv_localization_msgs/sdv_localization_msgs/msg/sensor_stat_array.hpp
[6.920s] -- Up-to-date: /workspaces/isaac_ros-dev/install/sdv_localization_msgs/include/sdv_localization_msgs/sdv_localization_msgs/msg/detail
[6.920s] -- Up-to-date: /workspaces/isaac_ros-dev/install/sdv_localization_msgs/include/sdv_localization_msgs/sdv_localization_msgs/msg/detail/sensor_stat_array__traits.hpp
[6.920s] -- Up-to-date: /workspaces/isaac_ros-dev/install/sdv_localization_msgs/include/sdv_localization_msgs/sdv_localization_msgs/msg/detail/sensor_diag__traits.hpp
[6.920s] -- Up-to-date: /workspaces/isaac_ros-dev/install/sdv_localization_msgs/include/sdv_localization_msgs/sdv_localization_msgs/msg/detail/sensor_diag__struct.hpp
[6.921s] -- Up-to-date: /workspaces/isaac_ros-dev/install/sdv_localization_msgs/include/sdv_localization_msgs/sdv_localization_msgs/msg/detail/sensor_stat_array__builder.hpp
[6.921s] -- Up-to-date: /workspaces/isaac_ros-dev/install/sdv_localization_msgs/include/sdv_localization_msgs/sdv_localization_msgs/msg/detail/sensor_stat_array__struct.hpp
[6.922s] -- Up-to-date: /workspaces/isaac_ros-dev/install/sdv_localization_msgs/include/sdv_localization_msgs/sdv_localization_msgs/msg/detail/sensor_diag__builder.hpp
[6.923s] -- Up-to-date: /workspaces/isaac_ros-dev/install/sdv_localization_msgs/include/sdv_localization_msgs/sdv_localization_msgs/msg/sensor_diag.hpp
[6.924s] -- Up-to-date: /workspaces/isaac_ros-dev/install/sdv_localization_msgs/include/sdv_localization_msgs/sdv_localization_msgs
[6.924s] -- Up-to-date: /workspaces/isaac_ros-dev/install/sdv_localization_msgs/include/sdv_localization_msgs/sdv_localization_msgs/msg
[6.925s] -- Up-to-date: /workspaces/isaac_ros-dev/install/sdv_localization_msgs/include/sdv_localization_msgs/sdv_localization_msgs/msg/rosidl_typesupport_fastrtps_cpp__visibility_control.h
[6.925s] -- Up-to-date: /workspaces/isaac_ros-dev/install/sdv_localization_msgs/include/sdv_localization_msgs/sdv_localization_msgs/msg/detail
[6.925s] -- Up-to-date: /workspaces/isaac_ros-dev/install/sdv_localization_msgs/include/sdv_localization_msgs/sdv_localization_msgs/msg/detail/dds_fastrtps
[6.926s] -- Up-to-date: /workspaces/isaac_ros-dev/install/sdv_localization_msgs/include/sdv_localization_msgs/sdv_localization_msgs/msg/detail/sensor_stat_array__rosidl_typesupport_fastrtps_cpp.hpp
[6.927s] -- Up-to-date: /workspaces/isaac_ros-dev/install/sdv_localization_msgs/include/sdv_localization_msgs/sdv_localization_msgs/msg/detail/sensor_diag__rosidl_typesupport_fastrtps_cpp.hpp
[6.928s] -- Up-to-date: /workspaces/isaac_ros-dev/install/sdv_localization_msgs/lib/libsdv_localization_msgs__rosidl_typesupport_fastrtps_cpp.so
[6.929s] -- Up-to-date: /workspaces/isaac_ros-dev/install/sdv_localization_msgs/include/sdv_localization_msgs/sdv_localization_msgs
[6.931s] -- Up-to-date: /workspaces/isaac_ros-dev/install/sdv_localization_msgs/include/sdv_localization_msgs/sdv_localization_msgs/msg
[6.932s] -- Up-to-date: /workspaces/isaac_ros-dev/install/sdv_localization_msgs/include/sdv_localization_msgs/sdv_localization_msgs/msg/detail
[6.934s] -- Up-to-date: /workspaces/isaac_ros-dev/install/sdv_localization_msgs/include/sdv_localization_msgs/sdv_localization_msgs/msg/detail/sensor_diag__rosidl_typesupport_introspection_c.h
[6.935s] -- Up-to-date: /workspaces/isaac_ros-dev/install/sdv_localization_msgs/include/sdv_localization_msgs/sdv_localization_msgs/msg/detail/sensor_diag__type_support.c
[6.936s] -- Up-to-date: /workspaces/isaac_ros-dev/install/sdv_localization_msgs/include/sdv_localization_msgs/sdv_localization_msgs/msg/detail/sensor_stat_array__type_support.c
[6.948s] -- Up-to-date: /workspaces/isaac_ros-dev/install/sdv_localization_msgs/include/sdv_localization_msgs/sdv_localization_msgs/msg/detail/sensor_stat_array__rosidl_typesupport_introspection_c.h
[6.948s] -- Up-to-date: /workspaces/isaac_ros-dev/install/sdv_localization_msgs/include/sdv_localization_msgs/sdv_localization_msgs/msg/rosidl_typesupport_introspection_c__visibility_control.h
[6.949s] -- Up-to-date: /workspaces/isaac_ros-dev/install/sdv_localization_msgs/lib/libsdv_localization_msgs__rosidl_typesupport_introspection_c.so
[6.949s] -- Up-to-date: /workspaces/isaac_ros-dev/install/sdv_localization_msgs/lib/libsdv_localization_msgs__rosidl_typesupport_c.so
[6.949s] -- Up-to-date: /workspaces/isaac_ros-dev/install/sdv_localization_msgs/include/sdv_localization_msgs/sdv_localization_msgs
[6.950s] -- Up-to-date: /workspaces/isaac_ros-dev/install/sdv_localization_msgs/include/sdv_localization_msgs/sdv_localization_msgs/msg
[6.950s] -- Up-to-date: /workspaces/isaac_ros-dev/install/sdv_localization_msgs/include/sdv_localization_msgs/sdv_localization_msgs/msg/detail
[6.951s] -- Up-to-date: /workspaces/isaac_ros-dev/install/sdv_localization_msgs/include/sdv_localization_msgs/sdv_localization_msgs/msg/detail/sensor_diag__type_support.cpp
[6.952s] -- Up-to-date: /workspaces/isaac_ros-dev/install/sdv_localization_msgs/include/sdv_localization_msgs/sdv_localization_msgs/msg/detail/sensor_stat_array__type_support.cpp
[6.952s] -- Up-to-date: /workspaces/isaac_ros-dev/install/sdv_localization_msgs/include/sdv_localization_msgs/sdv_localization_msgs/msg/detail/sensor_stat_array__rosidl_typesupport_introspection_cpp.hpp
[6.952s] -- Up-to-date: /workspaces/isaac_ros-dev/install/sdv_localization_msgs/include/sdv_localization_msgs/sdv_localization_msgs/msg/detail/sensor_diag__rosidl_typesupport_introspection_cpp.hpp
[6.953s] -- Up-to-date: /workspaces/isaac_ros-dev/install/sdv_localization_msgs/lib/libsdv_localization_msgs__rosidl_typesupport_introspection_cpp.so
[6.953s] -- Up-to-date: /workspaces/isaac_ros-dev/install/sdv_localization_msgs/lib/libsdv_localization_msgs__rosidl_typesupport_cpp.so
[6.953s] -- Up-to-date: /workspaces/isaac_ros-dev/install/sdv_localization_msgs/share/sdv_localization_msgs/environment/pythonpath.sh
[6.954s] -- Up-to-date: /workspaces/isaac_ros-dev/install/sdv_localization_msgs/share/sdv_localization_msgs/environment/pythonpath.dsv
[6.955s] -- Up-to-date: /workspaces/isaac_ros-dev/install/sdv_localization_msgs/lib/python3.8/site-packages/sdv_localization_msgs-3.0.0-py3.8.egg-info
[6.955s] -- Installing: /workspaces/isaac_ros-dev/install/sdv_localization_msgs/lib/python3.8/site-packages/sdv_localization_msgs-3.0.0-py3.8.egg-info/top_level.txt
[6.956s] -- Installing: /workspaces/isaac_ros-dev/install/sdv_localization_msgs/lib/python3.8/site-packages/sdv_localization_msgs-3.0.0-py3.8.egg-info/dependency_links.txt
[6.956s] -- Installing: /workspaces/isaac_ros-dev/install/sdv_localization_msgs/lib/python3.8/site-packages/sdv_localization_msgs-3.0.0-py3.8.egg-info/SOURCES.txt
[6.956s] -- Installing: /workspaces/isaac_ros-dev/install/sdv_localization_msgs/lib/python3.8/site-packages/sdv_localization_msgs-3.0.0-py3.8.egg-info/PKG-INFO
[6.957s] -- Up-to-date: /workspaces/isaac_ros-dev/install/sdv_localization_msgs/lib/python3.8/site-packages/sdv_localization_msgs
[6.957s] -- Up-to-date: /workspaces/isaac_ros-dev/install/sdv_localization_msgs/lib/python3.8/site-packages/sdv_localization_msgs/__init__.py
[6.958s] -- Up-to-date: /workspaces/isaac_ros-dev/install/sdv_localization_msgs/lib/python3.8/site-packages/sdv_localization_msgs/libsdv_localization_msgs__rosidl_generator_py.so
[6.959s] -- Up-to-date: /workspaces/isaac_ros-dev/install/sdv_localization_msgs/lib/python3.8/site-packages/sdv_localization_msgs/sdv_localization_msgs_s__rosidl_typesupport_fastrtps_c.cpython-38-aarch64-linux-gnu.so
[6.959s] -- Up-to-date: /workspaces/isaac_ros-dev/install/sdv_localization_msgs/lib/python3.8/site-packages/sdv_localization_msgs/msg
[6.961s] -- Up-to-date: /workspaces/isaac_ros-dev/install/sdv_localization_msgs/lib/python3.8/site-packages/sdv_localization_msgs/msg/__init__.py
[6.961s] -- Up-to-date: /workspaces/isaac_ros-dev/install/sdv_localization_msgs/lib/python3.8/site-packages/sdv_localization_msgs/msg/_sensor_stat_array.py
[6.964s] -- Up-to-date: /workspaces/isaac_ros-dev/install/sdv_localization_msgs/lib/python3.8/site-packages/sdv_localization_msgs/msg/_sensor_stat_array_s.c
[6.975s] -- Up-to-date: /workspaces/isaac_ros-dev/install/sdv_localization_msgs/lib/python3.8/site-packages/sdv_localization_msgs/msg/_sensor_diag_s.c
[6.976s] -- Up-to-date: /workspaces/isaac_ros-dev/install/sdv_localization_msgs/lib/python3.8/site-packages/sdv_localization_msgs/msg/_sensor_diag.py
[6.978s] -- Up-to-date: /workspaces/isaac_ros-dev/install/sdv_localization_msgs/lib/python3.8/site-packages/sdv_localization_msgs/_sdv_localization_msgs_s.ep.rosidl_typesupport_c.c
[6.979s] -- Up-to-date: /workspaces/isaac_ros-dev/install/sdv_localization_msgs/lib/python3.8/site-packages/sdv_localization_msgs/sdv_localization_msgs_s__rosidl_typesupport_c.cpython-38-aarch64-linux-gnu.so
[6.980s] -- Up-to-date: /workspaces/isaac_ros-dev/install/sdv_localization_msgs/lib/python3.8/site-packages/sdv_localization_msgs/_sdv_localization_msgs_s.ep.rosidl_typesupport_fastrtps_c.c
[6.982s] -- Up-to-date: /workspaces/isaac_ros-dev/install/sdv_localization_msgs/lib/python3.8/site-packages/sdv_localization_msgs/_sdv_localization_msgs_s.ep.rosidl_typesupport_introspection_c.c
[6.982s] -- Up-to-date: /workspaces/isaac_ros-dev/install/sdv_localization_msgs/lib/python3.8/site-packages/sdv_localization_msgs/sdv_localization_msgs_s__rosidl_typesupport_introspection_c.cpython-38-aarch64-linux-gnu.so
[7.085s] Listing '/workspaces/isaac_ros-dev/install/sdv_localization_msgs/lib/python3.8/site-packages/sdv_localization_msgs'...
[7.085s] Listing '/workspaces/isaac_ros-dev/install/sdv_localization_msgs/lib/python3.8/site-packages/sdv_localization_msgs/msg'...
[7.099s] -- Up-to-date: /workspaces/isaac_ros-dev/install/sdv_localization_msgs/lib/python3.8/site-packages/sdv_localization_msgs/sdv_localization_msgs_s__rosidl_typesupport_fastrtps_c.cpython-38-aarch64-linux-gnu.so
[7.101s] -- Up-to-date: /workspaces/isaac_ros-dev/install/sdv_localization_msgs/lib/python3.8/site-packages/sdv_localization_msgs/sdv_localization_msgs_s__rosidl_typesupport_introspection_c.cpython-38-aarch64-linux-gnu.so
[7.115s] -- Up-to-date: /workspaces/isaac_ros-dev/install/sdv_localization_msgs/lib/python3.8/site-packages/sdv_localization_msgs/sdv_localization_msgs_s__rosidl_typesupport_c.cpython-38-aarch64-linux-gnu.so
[7.116s] -- Up-to-date: /workspaces/isaac_ros-dev/install/sdv_localization_msgs/lib/libsdv_localization_msgs__rosidl_generator_py.so
[7.117s] -- Up-to-date: /workspaces/isaac_ros-dev/install/sdv_localization_msgs/share/sdv_localization_msgs/msg/SensorDiag.idl
[7.118s] -- Up-to-date: /workspaces/isaac_ros-dev/install/sdv_localization_msgs/share/sdv_localization_msgs/msg/SensorStatArray.idl
[7.118s] -- Up-to-date: /workspaces/isaac_ros-dev/install/sdv_localization_msgs/share/sdv_localization_msgs/msg/SensorDiag.msg
[7.120s] -- Up-to-date: /workspaces/isaac_ros-dev/install/sdv_localization_msgs/share/sdv_localization_msgs/msg/SensorStatArray.msg
[7.121s] -- Up-to-date: /workspaces/isaac_ros-dev/install/sdv_localization_msgs/share/ament_index/resource_index/package_run_dependencies/sdv_localization_msgs
[7.126s] -- Up-to-date: /workspaces/isaac_ros-dev/install/sdv_localization_msgs/share/ament_index/resource_index/parent_prefix_path/sdv_localization_msgs
[7.129s] -- Up-to-date: /workspaces/isaac_ros-dev/install/sdv_localization_msgs/share/sdv_localization_msgs/environment/ament_prefix_path.sh
[7.132s] -- Up-to-date: /workspaces/isaac_ros-dev/install/sdv_localization_msgs/share/sdv_localization_msgs/environment/ament_prefix_path.dsv
[7.133s] -- Up-to-date: /workspaces/isaac_ros-dev/install/sdv_localization_msgs/share/sdv_localization_msgs/environment/path.sh
[7.134s] -- Up-to-date: /workspaces/isaac_ros-dev/install/sdv_localization_msgs/share/sdv_localization_msgs/environment/path.dsv
[7.144s] -- Up-to-date: /workspaces/isaac_ros-dev/install/sdv_localization_msgs/share/sdv_localization_msgs/local_setup.bash
[7.145s] -- Up-to-date: /workspaces/isaac_ros-dev/install/sdv_localization_msgs/share/sdv_localization_msgs/local_setup.sh
[7.146s] -- Up-to-date: /workspaces/isaac_ros-dev/install/sdv_localization_msgs/share/sdv_localization_msgs/local_setup.zsh
[7.146s] -- Up-to-date: /workspaces/isaac_ros-dev/install/sdv_localization_msgs/share/sdv_localization_msgs/local_setup.dsv
[7.148s] -- Installing: /workspaces/isaac_ros-dev/install/sdv_localization_msgs/share/sdv_localization_msgs/package.dsv
[7.152s] -- Up-to-date: /workspaces/isaac_ros-dev/install/sdv_localization_msgs/share/ament_index/resource_index/packages/sdv_localization_msgs
[7.155s] -- Up-to-date: /workspaces/isaac_ros-dev/install/sdv_localization_msgs/share/sdv_localization_msgs/cmake/export_sdv_localization_msgs__rosidl_generator_cExport.cmake
[7.156s] -- Up-to-date: /workspaces/isaac_ros-dev/install/sdv_localization_msgs/share/sdv_localization_msgs/cmake/export_sdv_localization_msgs__rosidl_generator_cExport-noconfig.cmake
[7.156s] -- Up-to-date: /workspaces/isaac_ros-dev/install/sdv_localization_msgs/share/sdv_localization_msgs/cmake/export_sdv_localization_msgs__rosidl_typesupport_fastrtps_cExport.cmake
[7.157s] -- Up-to-date: /workspaces/isaac_ros-dev/install/sdv_localization_msgs/share/sdv_localization_msgs/cmake/export_sdv_localization_msgs__rosidl_typesupport_fastrtps_cExport-noconfig.cmake
[7.157s] -- Up-to-date: /workspaces/isaac_ros-dev/install/sdv_localization_msgs/share/sdv_localization_msgs/cmake/export_sdv_localization_msgs__rosidl_generator_cppExport.cmake
[7.157s] -- Up-to-date: /workspaces/isaac_ros-dev/install/sdv_localization_msgs/share/sdv_localization_msgs/cmake/export_sdv_localization_msgs__rosidl_typesupport_fastrtps_cppExport.cmake
[7.158s] -- Up-to-date: /workspaces/isaac_ros-dev/install/sdv_localization_msgs/share/sdv_localization_msgs/cmake/export_sdv_localization_msgs__rosidl_typesupport_fastrtps_cppExport-noconfig.cmake
[7.158s] -- Up-to-date: /workspaces/isaac_ros-dev/install/sdv_localization_msgs/share/sdv_localization_msgs/cmake/sdv_localization_msgs__rosidl_typesupport_introspection_cExport.cmake
[7.158s] -- Up-to-date: /workspaces/isaac_ros-dev/install/sdv_localization_msgs/share/sdv_localization_msgs/cmake/sdv_localization_msgs__rosidl_typesupport_introspection_cExport-noconfig.cmake
[7.159s] -- Up-to-date: /workspaces/isaac_ros-dev/install/sdv_localization_msgs/share/sdv_localization_msgs/cmake/sdv_localization_msgs__rosidl_typesupport_cExport.cmake
[7.162s] -- Up-to-date: /workspaces/isaac_ros-dev/install/sdv_localization_msgs/share/sdv_localization_msgs/cmake/sdv_localization_msgs__rosidl_typesupport_cExport-noconfig.cmake
[7.163s] -- Up-to-date: /workspaces/isaac_ros-dev/install/sdv_localization_msgs/share/sdv_localization_msgs/cmake/sdv_localization_msgs__rosidl_typesupport_introspection_cppExport.cmake
[7.166s] -- Up-to-date: /workspaces/isaac_ros-dev/install/sdv_localization_msgs/share/sdv_localization_msgs/cmake/sdv_localization_msgs__rosidl_typesupport_introspection_cppExport-noconfig.cmake
[7.167s] -- Up-to-date: /workspaces/isaac_ros-dev/install/sdv_localization_msgs/share/sdv_localization_msgs/cmake/sdv_localization_msgs__rosidl_typesupport_cppExport.cmake
[7.167s] -- Up-to-date: /workspaces/isaac_ros-dev/install/sdv_localization_msgs/share/sdv_localization_msgs/cmake/sdv_localization_msgs__rosidl_typesupport_cppExport-noconfig.cmake
[7.167s] -- Up-to-date: /workspaces/isaac_ros-dev/install/sdv_localization_msgs/share/sdv_localization_msgs/cmake/export_sdv_localization_msgs__rosidl_generator_pyExport.cmake
[7.168s] -- Up-to-date: /workspaces/isaac_ros-dev/install/sdv_localization_msgs/share/sdv_localization_msgs/cmake/export_sdv_localization_msgs__rosidl_generator_pyExport-noconfig.cmake
[7.168s] -- Up-to-date: /workspaces/isaac_ros-dev/install/sdv_localization_msgs/share/sdv_localization_msgs/cmake/rosidl_cmake-extras.cmake
[7.168s] -- Up-to-date: /workspaces/isaac_ros-dev/install/sdv_localization_msgs/share/sdv_localization_msgs/cmake/ament_cmake_export_dependencies-extras.cmake
[7.168s] -- Up-to-date: /workspaces/isaac_ros-dev/install/sdv_localization_msgs/share/sdv_localization_msgs/cmake/ament_cmake_export_include_directories-extras.cmake
[7.169s] -- Up-to-date: /workspaces/isaac_ros-dev/install/sdv_localization_msgs/share/sdv_localization_msgs/cmake/ament_cmake_export_libraries-extras.cmake
[7.169s] -- Up-to-date: /workspaces/isaac_ros-dev/install/sdv_localization_msgs/share/sdv_localization_msgs/cmake/ament_cmake_export_targets-extras.cmake
[7.169s] -- Up-to-date: /workspaces/isaac_ros-dev/install/sdv_localization_msgs/share/sdv_localization_msgs/cmake/rosidl_cmake_export_typesupport_targets-extras.cmake
[7.169s] -- Up-to-date: /workspaces/isaac_ros-dev/install/sdv_localization_msgs/share/sdv_localization_msgs/cmake/rosidl_cmake_export_typesupport_libraries-extras.cmake
[7.170s] -- Up-to-date: /workspaces/isaac_ros-dev/install/sdv_localization_msgs/share/sdv_localization_msgs/cmake/sdv_localization_msgsConfig.cmake
[7.170s] -- Up-to-date: /workspaces/isaac_ros-dev/install/sdv_localization_msgs/share/sdv_localization_msgs/cmake/sdv_localization_msgsConfig-version.cmake
[7.170s] -- Up-to-date: /workspaces/isaac_ros-dev/install/sdv_localization_msgs/share/sdv_localization_msgs/package.xml
[7.263s] Invoked command in '/workspaces/isaac_ros-dev/build/sdv_localization_msgs' returned '0': CMAKE_PREFIX_PATH=/workspaces/isaac_ros-dev/install/yolov8_bringup:/workspaces/isaac_ros-dev/install/multisense_ros:/workspaces/isaac_ros-dev/install/xacro:/workspaces/isaac_ros-dev/install/vision_msgs_rviz_plugins:/workspaces/isaac_ros-dev/install/vision_msgs:/workspaces/isaac_ros-dev/install/velodyne:/workspaces/isaac_ros-dev/install/velodyne_pointcloud:/workspaces/isaac_ros-dev/install/velodyne_driver:/workspaces/isaac_ros-dev/install/velodyne_msgs:/workspaces/isaac_ros-dev/install/velodyne_laserscan:/workspaces/isaac_ros-dev/install/vectornav:/workspaces/isaac_ros-dev/install/sdv_localization:/workspaces/isaac_ros-dev/install/vectornav_msgs:/workspaces/isaac_ros-dev/install/slam_toolbox:/workspaces/isaac_ros-dev/install/sdv_msg:/workspaces/isaac_ros-dev/install/sdv_localization_msgs:/workspaces/isaac_ros-dev/install/pointcloud_to_laserscan:/workspaces/isaac_ros-dev/install/my_package:/workspaces/isaac_ros-dev/install/multisense_msgs:/workspaces/isaac_ros-dev/install/multisense_lib:/workspaces/isaac_ros-dev/install/isaac_ros_visual_slam:/workspaces/isaac_ros-dev/install/isaac_ros_visual_slam_interfaces:/workspaces/isaac_ros-dev/install/isaac_ros_tensor_list_interfaces:/workspaces/isaac_ros-dev/install/isaac_ros_common:/workspaces/isaac_ros-dev/install/isaac_ros_bi3d_interfaces:/workspaces/isaac_ros-dev/install/isaac_ros_apriltag_interfaces:/workspaces/isaac_ros-dev/install/yolov8_ros:/workspaces/isaac_ros-dev/install/xbox_controller:/workspaces/isaac_ros-dev/install/panel:/workspaces/isaac_ros-dev/install/isaac_ros_test:/workspaces/isaac_ros-dev/install/encoder:/opt/ros/humble/install /usr/bin/cmake --install /workspaces/isaac_ros-dev/build/sdv_localization_msgs
