[0.757s] Invoking command in '/workspaces/isaac_ros-dev/build/velodyne_msgs': CMAKE_PREFIX_PATH=/workspaces/isaac_ros-dev/install/yolov8_bringup:/workspaces/isaac_ros-dev/install/multisense_ros:/workspaces/isaac_ros-dev/install/xacro:/workspaces/isaac_ros-dev/install/vision_msgs_rviz_plugins:/workspaces/isaac_ros-dev/install/vision_msgs:/workspaces/isaac_ros-dev/install/velodyne:/workspaces/isaac_ros-dev/install/velodyne_pointcloud:/workspaces/isaac_ros-dev/install/velodyne_driver:/workspaces/isaac_ros-dev/install/velodyne_msgs:/workspaces/isaac_ros-dev/install/velodyne_laserscan:/workspaces/isaac_ros-dev/install/vectornav:/workspaces/isaac_ros-dev/install/sdv_localization:/workspaces/isaac_ros-dev/install/vectornav_msgs:/workspaces/isaac_ros-dev/install/slam_toolbox:/workspaces/isaac_ros-dev/install/sdv_msg:/workspaces/isaac_ros-dev/install/sdv_localization_msgs:/workspaces/isaac_ros-dev/install/pointcloud_to_laserscan:/workspaces/isaac_ros-dev/install/my_package:/workspaces/isaac_ros-dev/install/multisense_msgs:/workspaces/isaac_ros-dev/install/multisense_lib:/workspaces/isaac_ros-dev/install/isaac_ros_visual_slam:/workspaces/isaac_ros-dev/install/isaac_ros_visual_slam_interfaces:/workspaces/isaac_ros-dev/install/isaac_ros_tensor_list_interfaces:/workspaces/isaac_ros-dev/install/isaac_ros_common:/workspaces/isaac_ros-dev/install/isaac_ros_bi3d_interfaces:/workspaces/isaac_ros-dev/install/isaac_ros_apriltag_interfaces:/workspaces/isaac_ros-dev/install/yolov8_ros:/workspaces/isaac_ros-dev/install/xbox_controller:/workspaces/isaac_ros-dev/install/panel:/workspaces/isaac_ros-dev/install/isaac_ros_test:/workspaces/isaac_ros-dev/install/encoder:/opt/ros/humble/install /usr/bin/cmake --build /workspaces/isaac_ros-dev/build/velodyne_msgs -- -j8 -l8
[3.423s] [  2%] Built target velodyne_msgs__cpp
[3.424s] [ 12%] Built target velodyne_msgs__rosidl_generator_c
[3.425s] [ 12%] Built target ament_cmake_python_copy_velodyne_msgs
[3.426s] [ 23%] Built target velodyne_msgs__rosidl_typesupport_cpp
[3.426s] [ 33%] Built target velodyne_msgs__rosidl_typesupport_introspection_cpp
[3.427s] [ 43%] Built target velodyne_msgs__rosidl_typesupport_c
[3.427s] [ 53%] Built target velodyne_msgs__rosidl_typesupport_fastrtps_cpp
[3.427s] [ 64%] Built target velodyne_msgs__rosidl_typesupport_fastrtps_c
[3.428s] [ 74%] Built target velodyne_msgs__rosidl_typesupport_introspection_c
[3.428s] [ 74%] Built target velodyne_msgs
[3.428s] [ 76%] Built target velodyne_msgs__py
[3.428s] [ 84%] Built target velodyne_msgs__rosidl_generator_py
[3.429s] [ 89%] Built target velodyne_msgs__rosidl_typesupport_c__pyext
[3.430s] [ 94%] Built target velodyne_msgs__rosidl_typesupport_fastrtps_c__pyext
[3.430s] [100%] Built target velodyne_msgs__rosidl_typesupport_introspection_c__pyext
[3.431s] running egg_info
[3.457s] writing velodyne_msgs.egg-info/PKG-INFO
[3.462s] writing dependency_links to velodyne_msgs.egg-info/dependency_links.txt
[3.463s] writing top-level names to velodyne_msgs.egg-info/top_level.txt
[3.916s] reading manifest file 'velodyne_msgs.egg-info/SOURCES.txt'
[3.938s] writing manifest file 'velodyne_msgs.egg-info/SOURCES.txt'
[4.470s] [100%] Built target ament_cmake_python_build_velodyne_msgs_egg
[4.559s] Invoked command in '/workspaces/isaac_ros-dev/build/velodyne_msgs' returned '0': CMAKE_PREFIX_PATH=/workspaces/isaac_ros-dev/install/yolov8_bringup:/workspaces/isaac_ros-dev/install/multisense_ros:/workspaces/isaac_ros-dev/install/xacro:/workspaces/isaac_ros-dev/install/vision_msgs_rviz_plugins:/workspaces/isaac_ros-dev/install/vision_msgs:/workspaces/isaac_ros-dev/install/velodyne:/workspaces/isaac_ros-dev/install/velodyne_pointcloud:/workspaces/isaac_ros-dev/install/velodyne_driver:/workspaces/isaac_ros-dev/install/velodyne_msgs:/workspaces/isaac_ros-dev/install/velodyne_laserscan:/workspaces/isaac_ros-dev/install/vectornav:/workspaces/isaac_ros-dev/install/sdv_localization:/workspaces/isaac_ros-dev/install/vectornav_msgs:/workspaces/isaac_ros-dev/install/slam_toolbox:/workspaces/isaac_ros-dev/install/sdv_msg:/workspaces/isaac_ros-dev/install/sdv_localization_msgs:/workspaces/isaac_ros-dev/install/pointcloud_to_laserscan:/workspaces/isaac_ros-dev/install/my_package:/workspaces/isaac_ros-dev/install/multisense_msgs:/workspaces/isaac_ros-dev/install/multisense_lib:/workspaces/isaac_ros-dev/install/isaac_ros_visual_slam:/workspaces/isaac_ros-dev/install/isaac_ros_visual_slam_interfaces:/workspaces/isaac_ros-dev/install/isaac_ros_tensor_list_interfaces:/workspaces/isaac_ros-dev/install/isaac_ros_common:/workspaces/isaac_ros-dev/install/isaac_ros_bi3d_interfaces:/workspaces/isaac_ros-dev/install/isaac_ros_apriltag_interfaces:/workspaces/isaac_ros-dev/install/yolov8_ros:/workspaces/isaac_ros-dev/install/xbox_controller:/workspaces/isaac_ros-dev/install/panel:/workspaces/isaac_ros-dev/install/isaac_ros_test:/workspaces/isaac_ros-dev/install/encoder:/opt/ros/humble/install /usr/bin/cmake --build /workspaces/isaac_ros-dev/build/velodyne_msgs -- -j8 -l8
[6.335s] Invoking command in '/workspaces/isaac_ros-dev/build/velodyne_msgs': CMAKE_PREFIX_PATH=/workspaces/isaac_ros-dev/install/yolov8_bringup:/workspaces/isaac_ros-dev/install/multisense_ros:/workspaces/isaac_ros-dev/install/xacro:/workspaces/isaac_ros-dev/install/vision_msgs_rviz_plugins:/workspaces/isaac_ros-dev/install/vision_msgs:/workspaces/isaac_ros-dev/install/velodyne:/workspaces/isaac_ros-dev/install/velodyne_pointcloud:/workspaces/isaac_ros-dev/install/velodyne_driver:/workspaces/isaac_ros-dev/install/velodyne_msgs:/workspaces/isaac_ros-dev/install/velodyne_laserscan:/workspaces/isaac_ros-dev/install/vectornav:/workspaces/isaac_ros-dev/install/sdv_localization:/workspaces/isaac_ros-dev/install/vectornav_msgs:/workspaces/isaac_ros-dev/install/slam_toolbox:/workspaces/isaac_ros-dev/install/sdv_msg:/workspaces/isaac_ros-dev/install/sdv_localization_msgs:/workspaces/isaac_ros-dev/install/pointcloud_to_laserscan:/workspaces/isaac_ros-dev/install/my_package:/workspaces/isaac_ros-dev/install/multisense_msgs:/workspaces/isaac_ros-dev/install/multisense_lib:/workspaces/isaac_ros-dev/install/isaac_ros_visual_slam:/workspaces/isaac_ros-dev/install/isaac_ros_visual_slam_interfaces:/workspaces/isaac_ros-dev/install/isaac_ros_tensor_list_interfaces:/workspaces/isaac_ros-dev/install/isaac_ros_common:/workspaces/isaac_ros-dev/install/isaac_ros_bi3d_interfaces:/workspaces/isaac_ros-dev/install/isaac_ros_apriltag_interfaces:/workspaces/isaac_ros-dev/install/yolov8_ros:/workspaces/isaac_ros-dev/install/xbox_controller:/workspaces/isaac_ros-dev/install/panel:/workspaces/isaac_ros-dev/install/isaac_ros_test:/workspaces/isaac_ros-dev/install/encoder:/opt/ros/humble/install /usr/bin/cmake --install /workspaces/isaac_ros-dev/build/velodyne_msgs
[6.376s] -- Install configuration: ""
[6.378s] -- Up-to-date: /workspaces/isaac_ros-dev/install/velodyne_msgs/share/ament_index/resource_index/rosidl_interfaces/velodyne_msgs
[6.379s] -- Up-to-date: /workspaces/isaac_ros-dev/install/velodyne_msgs/include/velodyne_msgs/velodyne_msgs
[6.381s] -- Up-to-date: /workspaces/isaac_ros-dev/install/velodyne_msgs/include/velodyne_msgs/velodyne_msgs/msg
[6.385s] -- Up-to-date: /workspaces/isaac_ros-dev/install/velodyne_msgs/include/velodyne_msgs/velodyne_msgs/msg/rosidl_generator_c__visibility_control.h
[6.386s] -- Up-to-date: /workspaces/isaac_ros-dev/install/velodyne_msgs/include/velodyne_msgs/velodyne_msgs/msg/velodyne_packet.h
[6.386s] -- Up-to-date: /workspaces/isaac_ros-dev/install/velodyne_msgs/include/velodyne_msgs/velodyne_msgs/msg/detail
[6.388s] -- Up-to-date: /workspaces/isaac_ros-dev/install/velodyne_msgs/include/velodyne_msgs/velodyne_msgs/msg/detail/velodyne_packet__type_support.h
[6.389s] -- Up-to-date: /workspaces/isaac_ros-dev/install/velodyne_msgs/include/velodyne_msgs/velodyne_msgs/msg/detail/velodyne_scan__functions.h
[6.389s] -- Up-to-date: /workspaces/isaac_ros-dev/install/velodyne_msgs/include/velodyne_msgs/velodyne_msgs/msg/detail/velodyne_packet__functions.c
[6.390s] -- Up-to-date: /workspaces/isaac_ros-dev/install/velodyne_msgs/include/velodyne_msgs/velodyne_msgs/msg/detail/velodyne_scan__type_support.h
[6.391s] -- Up-to-date: /workspaces/isaac_ros-dev/install/velodyne_msgs/include/velodyne_msgs/velodyne_msgs/msg/detail/velodyne_scan__functions.c
[6.391s] -- Up-to-date: /workspaces/isaac_ros-dev/install/velodyne_msgs/include/velodyne_msgs/velodyne_msgs/msg/detail/velodyne_scan__struct.h
[6.394s] -- Up-to-date: /workspaces/isaac_ros-dev/install/velodyne_msgs/include/velodyne_msgs/velodyne_msgs/msg/detail/velodyne_packet__struct.h
[6.395s] -- Up-to-date: /workspaces/isaac_ros-dev/install/velodyne_msgs/include/velodyne_msgs/velodyne_msgs/msg/detail/velodyne_packet__functions.h
[6.395s] -- Up-to-date: /workspaces/isaac_ros-dev/install/velodyne_msgs/include/velodyne_msgs/velodyne_msgs/msg/velodyne_scan.h
[6.396s] -- Up-to-date: /workspaces/isaac_ros-dev/install/velodyne_msgs/share/velodyne_msgs/environment/library_path.sh
[6.397s] -- Up-to-date: /workspaces/isaac_ros-dev/install/velodyne_msgs/share/velodyne_msgs/environment/library_path.dsv
[6.397s] -- Up-to-date: /workspaces/isaac_ros-dev/install/velodyne_msgs/lib/libvelodyne_msgs__rosidl_generator_c.so
[6.397s] -- Up-to-date: /workspaces/isaac_ros-dev/install/velodyne_msgs/include/velodyne_msgs/velodyne_msgs
[6.398s] -- Up-to-date: /workspaces/isaac_ros-dev/install/velodyne_msgs/include/velodyne_msgs/velodyne_msgs/msg
[6.400s] -- Up-to-date: /workspaces/isaac_ros-dev/install/velodyne_msgs/include/velodyne_msgs/velodyne_msgs/msg/rosidl_typesupport_fastrtps_c__visibility_control.h
[6.400s] -- Up-to-date: /workspaces/isaac_ros-dev/install/velodyne_msgs/include/velodyne_msgs/velodyne_msgs/msg/detail
[6.403s] -- Up-to-date: /workspaces/isaac_ros-dev/install/velodyne_msgs/include/velodyne_msgs/velodyne_msgs/msg/detail/velodyne_scan__rosidl_typesupport_fastrtps_c.h
[6.407s] -- Up-to-date: /workspaces/isaac_ros-dev/install/velodyne_msgs/include/velodyne_msgs/velodyne_msgs/msg/detail/velodyne_packet__rosidl_typesupport_fastrtps_c.h
[6.407s] -- Up-to-date: /workspaces/isaac_ros-dev/install/velodyne_msgs/lib/libvelodyne_msgs__rosidl_typesupport_fastrtps_c.so
[6.407s] -- Up-to-date: /workspaces/isaac_ros-dev/install/velodyne_msgs/include/velodyne_msgs/velodyne_msgs
[6.411s] -- Up-to-date: /workspaces/isaac_ros-dev/install/velodyne_msgs/include/velodyne_msgs/velodyne_msgs/msg
[6.412s] -- Up-to-date: /workspaces/isaac_ros-dev/install/velodyne_msgs/include/velodyne_msgs/velodyne_msgs/msg/velodyne_packet.hpp
[6.414s] -- Up-to-date: /workspaces/isaac_ros-dev/install/velodyne_msgs/include/velodyne_msgs/velodyne_msgs/msg/detail
[6.416s] -- Up-to-date: /workspaces/isaac_ros-dev/install/velodyne_msgs/include/velodyne_msgs/velodyne_msgs/msg/detail/velodyne_scan__builder.hpp
[6.418s] -- Up-to-date: /workspaces/isaac_ros-dev/install/velodyne_msgs/include/velodyne_msgs/velodyne_msgs/msg/detail/velodyne_packet__traits.hpp
[6.418s] -- Up-to-date: /workspaces/isaac_ros-dev/install/velodyne_msgs/include/velodyne_msgs/velodyne_msgs/msg/detail/velodyne_packet__struct.hpp
[6.419s] -- Up-to-date: /workspaces/isaac_ros-dev/install/velodyne_msgs/include/velodyne_msgs/velodyne_msgs/msg/detail/velodyne_scan__struct.hpp
[6.422s] -- Up-to-date: /workspaces/isaac_ros-dev/install/velodyne_msgs/include/velodyne_msgs/velodyne_msgs/msg/detail/velodyne_scan__traits.hpp
[6.422s] -- Up-to-date: /workspaces/isaac_ros-dev/install/velodyne_msgs/include/velodyne_msgs/velodyne_msgs/msg/detail/velodyne_packet__builder.hpp
[6.423s] -- Up-to-date: /workspaces/isaac_ros-dev/install/velodyne_msgs/include/velodyne_msgs/velodyne_msgs/msg/velodyne_scan.hpp
[6.425s] -- Up-to-date: /workspaces/isaac_ros-dev/install/velodyne_msgs/include/velodyne_msgs/velodyne_msgs
[6.426s] -- Up-to-date: /workspaces/isaac_ros-dev/install/velodyne_msgs/include/velodyne_msgs/velodyne_msgs/msg
[6.428s] -- Up-to-date: /workspaces/isaac_ros-dev/install/velodyne_msgs/include/velodyne_msgs/velodyne_msgs/msg/rosidl_typesupport_fastrtps_cpp__visibility_control.h
[6.431s] -- Up-to-date: /workspaces/isaac_ros-dev/install/velodyne_msgs/include/velodyne_msgs/velodyne_msgs/msg/detail
[6.432s] -- Up-to-date: /workspaces/isaac_ros-dev/install/velodyne_msgs/include/velodyne_msgs/velodyne_msgs/msg/detail/velodyne_scan__rosidl_typesupport_fastrtps_cpp.hpp
[6.433s] -- Up-to-date: /workspaces/isaac_ros-dev/install/velodyne_msgs/include/velodyne_msgs/velodyne_msgs/msg/detail/velodyne_packet__rosidl_typesupport_fastrtps_cpp.hpp
[6.434s] -- Up-to-date: /workspaces/isaac_ros-dev/install/velodyne_msgs/include/velodyne_msgs/velodyne_msgs/msg/detail/dds_fastrtps
[6.435s] -- Up-to-date: /workspaces/isaac_ros-dev/install/velodyne_msgs/lib/libvelodyne_msgs__rosidl_typesupport_fastrtps_cpp.so
[6.436s] -- Up-to-date: /workspaces/isaac_ros-dev/install/velodyne_msgs/include/velodyne_msgs/velodyne_msgs
[6.436s] -- Up-to-date: /workspaces/isaac_ros-dev/install/velodyne_msgs/include/velodyne_msgs/velodyne_msgs/msg
[6.436s] -- Up-to-date: /workspaces/isaac_ros-dev/install/velodyne_msgs/include/velodyne_msgs/velodyne_msgs/msg/detail
[6.438s] -- Up-to-date: /workspaces/isaac_ros-dev/install/velodyne_msgs/include/velodyne_msgs/velodyne_msgs/msg/detail/velodyne_packet__type_support.c
[6.439s] -- Up-to-date: /workspaces/isaac_ros-dev/install/velodyne_msgs/include/velodyne_msgs/velodyne_msgs/msg/detail/velodyne_scan__type_support.c
[6.440s] -- Up-to-date: /workspaces/isaac_ros-dev/install/velodyne_msgs/include/velodyne_msgs/velodyne_msgs/msg/detail/velodyne_scan__rosidl_typesupport_introspection_c.h
[6.440s] -- Up-to-date: /workspaces/isaac_ros-dev/install/velodyne_msgs/include/velodyne_msgs/velodyne_msgs/msg/detail/velodyne_packet__rosidl_typesupport_introspection_c.h
[6.440s] -- Up-to-date: /workspaces/isaac_ros-dev/install/velodyne_msgs/include/velodyne_msgs/velodyne_msgs/msg/rosidl_typesupport_introspection_c__visibility_control.h
[6.440s] -- Up-to-date: /workspaces/isaac_ros-dev/install/velodyne_msgs/lib/libvelodyne_msgs__rosidl_typesupport_introspection_c.so
[6.441s] -- Up-to-date: /workspaces/isaac_ros-dev/install/velodyne_msgs/lib/libvelodyne_msgs__rosidl_typesupport_c.so
[6.442s] -- Up-to-date: /workspaces/isaac_ros-dev/install/velodyne_msgs/include/velodyne_msgs/velodyne_msgs
[6.443s] -- Up-to-date: /workspaces/isaac_ros-dev/install/velodyne_msgs/include/velodyne_msgs/velodyne_msgs/msg
[6.443s] -- Up-to-date: /workspaces/isaac_ros-dev/install/velodyne_msgs/include/velodyne_msgs/velodyne_msgs/msg/detail
[6.443s] -- Up-to-date: /workspaces/isaac_ros-dev/install/velodyne_msgs/include/velodyne_msgs/velodyne_msgs/msg/detail/velodyne_packet__rosidl_typesupport_introspection_cpp.hpp
[6.444s] -- Up-to-date: /workspaces/isaac_ros-dev/install/velodyne_msgs/include/velodyne_msgs/velodyne_msgs/msg/detail/velodyne_scan__type_support.cpp
[6.444s] -- Up-to-date: /workspaces/isaac_ros-dev/install/velodyne_msgs/include/velodyne_msgs/velodyne_msgs/msg/detail/velodyne_packet__type_support.cpp
[6.445s] -- Up-to-date: /workspaces/isaac_ros-dev/install/velodyne_msgs/include/velodyne_msgs/velodyne_msgs/msg/detail/velodyne_scan__rosidl_typesupport_introspection_cpp.hpp
[6.445s] -- Up-to-date: /workspaces/isaac_ros-dev/install/velodyne_msgs/lib/libvelodyne_msgs__rosidl_typesupport_introspection_cpp.so
[6.446s] -- Up-to-date: /workspaces/isaac_ros-dev/install/velodyne_msgs/lib/libvelodyne_msgs__rosidl_typesupport_cpp.so
[6.446s] -- Up-to-date: /workspaces/isaac_ros-dev/install/velodyne_msgs/share/velodyne_msgs/environment/pythonpath.sh
[6.447s] -- Up-to-date: /workspaces/isaac_ros-dev/install/velodyne_msgs/share/velodyne_msgs/environment/pythonpath.dsv
[6.447s] -- Up-to-date: /workspaces/isaac_ros-dev/install/velodyne_msgs/lib/python3.8/site-packages/velodyne_msgs-2.3.0-py3.8.egg-info
[6.447s] -- Installing: /workspaces/isaac_ros-dev/install/velodyne_msgs/lib/python3.8/site-packages/velodyne_msgs-2.3.0-py3.8.egg-info/top_level.txt
[6.448s] -- Installing: /workspaces/isaac_ros-dev/install/velodyne_msgs/lib/python3.8/site-packages/velodyne_msgs-2.3.0-py3.8.egg-info/dependency_links.txt
[6.448s] -- Installing: /workspaces/isaac_ros-dev/install/velodyne_msgs/lib/python3.8/site-packages/velodyne_msgs-2.3.0-py3.8.egg-info/SOURCES.txt
[6.448s] -- Installing: /workspaces/isaac_ros-dev/install/velodyne_msgs/lib/python3.8/site-packages/velodyne_msgs-2.3.0-py3.8.egg-info/PKG-INFO
[6.449s] -- Up-to-date: /workspaces/isaac_ros-dev/install/velodyne_msgs/lib/python3.8/site-packages/velodyne_msgs
[6.450s] -- Up-to-date: /workspaces/isaac_ros-dev/install/velodyne_msgs/lib/python3.8/site-packages/velodyne_msgs/__init__.py
[6.450s] -- Up-to-date: /workspaces/isaac_ros-dev/install/velodyne_msgs/lib/python3.8/site-packages/velodyne_msgs/msg
[6.450s] -- Up-to-date: /workspaces/isaac_ros-dev/install/velodyne_msgs/lib/python3.8/site-packages/velodyne_msgs/msg/_velodyne_scan.py
[6.451s] -- Up-to-date: /workspaces/isaac_ros-dev/install/velodyne_msgs/lib/python3.8/site-packages/velodyne_msgs/msg/__init__.py
[6.451s] -- Up-to-date: /workspaces/isaac_ros-dev/install/velodyne_msgs/lib/python3.8/site-packages/velodyne_msgs/msg/_velodyne_packet_s.c
[6.453s] -- Up-to-date: /workspaces/isaac_ros-dev/install/velodyne_msgs/lib/python3.8/site-packages/velodyne_msgs/msg/_velodyne_scan_s.c
[6.453s] -- Up-to-date: /workspaces/isaac_ros-dev/install/velodyne_msgs/lib/python3.8/site-packages/velodyne_msgs/msg/_velodyne_packet.py
[6.454s] -- Up-to-date: /workspaces/isaac_ros-dev/install/velodyne_msgs/lib/python3.8/site-packages/velodyne_msgs/_velodyne_msgs_s.ep.rosidl_typesupport_fastrtps_c.c
[6.454s] -- Up-to-date: /workspaces/isaac_ros-dev/install/velodyne_msgs/lib/python3.8/site-packages/velodyne_msgs/_velodyne_msgs_s.ep.rosidl_typesupport_c.c
[6.455s] -- Up-to-date: /workspaces/isaac_ros-dev/install/velodyne_msgs/lib/python3.8/site-packages/velodyne_msgs/libvelodyne_msgs__rosidl_generator_py.so
[6.455s] -- Up-to-date: /workspaces/isaac_ros-dev/install/velodyne_msgs/lib/python3.8/site-packages/velodyne_msgs/_velodyne_msgs_s.ep.rosidl_typesupport_introspection_c.c
[6.456s] -- Up-to-date: /workspaces/isaac_ros-dev/install/velodyne_msgs/lib/python3.8/site-packages/velodyne_msgs/velodyne_msgs_s__rosidl_typesupport_fastrtps_c.cpython-38-aarch64-linux-gnu.so
[6.456s] -- Up-to-date: /workspaces/isaac_ros-dev/install/velodyne_msgs/lib/python3.8/site-packages/velodyne_msgs/velodyne_msgs_s__rosidl_typesupport_introspection_c.cpython-38-aarch64-linux-gnu.so
[6.456s] -- Up-to-date: /workspaces/isaac_ros-dev/install/velodyne_msgs/lib/python3.8/site-packages/velodyne_msgs/velodyne_msgs_s__rosidl_typesupport_c.cpython-38-aarch64-linux-gnu.so
[6.667s] Listing '/workspaces/isaac_ros-dev/install/velodyne_msgs/lib/python3.8/site-packages/velodyne_msgs'...
[6.667s] Listing '/workspaces/isaac_ros-dev/install/velodyne_msgs/lib/python3.8/site-packages/velodyne_msgs/msg'...
[6.683s] -- Up-to-date: /workspaces/isaac_ros-dev/install/velodyne_msgs/lib/python3.8/site-packages/velodyne_msgs/velodyne_msgs_s__rosidl_typesupport_fastrtps_c.cpython-38-aarch64-linux-gnu.so
[6.686s] -- Up-to-date: /workspaces/isaac_ros-dev/install/velodyne_msgs/lib/python3.8/site-packages/velodyne_msgs/velodyne_msgs_s__rosidl_typesupport_introspection_c.cpython-38-aarch64-linux-gnu.so
[6.688s] -- Up-to-date: /workspaces/isaac_ros-dev/install/velodyne_msgs/lib/python3.8/site-packages/velodyne_msgs/velodyne_msgs_s__rosidl_typesupport_c.cpython-38-aarch64-linux-gnu.so
[6.690s] -- Up-to-date: /workspaces/isaac_ros-dev/install/velodyne_msgs/lib/libvelodyne_msgs__rosidl_generator_py.so
[6.695s] -- Up-to-date: /workspaces/isaac_ros-dev/install/velodyne_msgs/share/velodyne_msgs/msg/VelodynePacket.idl
[6.697s] -- Up-to-date: /workspaces/isaac_ros-dev/install/velodyne_msgs/share/velodyne_msgs/msg/VelodyneScan.idl
[6.698s] -- Up-to-date: /workspaces/isaac_ros-dev/install/velodyne_msgs/share/velodyne_msgs/msg/VelodynePacket.msg
[6.701s] -- Up-to-date: /workspaces/isaac_ros-dev/install/velodyne_msgs/share/velodyne_msgs/msg/VelodyneScan.msg
[6.703s] -- Up-to-date: /workspaces/isaac_ros-dev/install/velodyne_msgs/share/ament_index/resource_index/package_run_dependencies/velodyne_msgs
[6.703s] -- Up-to-date: /workspaces/isaac_ros-dev/install/velodyne_msgs/share/ament_index/resource_index/parent_prefix_path/velodyne_msgs
[6.704s] -- Up-to-date: /workspaces/isaac_ros-dev/install/velodyne_msgs/share/velodyne_msgs/environment/ament_prefix_path.sh
[6.705s] -- Up-to-date: /workspaces/isaac_ros-dev/install/velodyne_msgs/share/velodyne_msgs/environment/ament_prefix_path.dsv
[6.706s] -- Up-to-date: /workspaces/isaac_ros-dev/install/velodyne_msgs/share/velodyne_msgs/environment/path.sh
[6.706s] -- Up-to-date: /workspaces/isaac_ros-dev/install/velodyne_msgs/share/velodyne_msgs/environment/path.dsv
[6.707s] -- Up-to-date: /workspaces/isaac_ros-dev/install/velodyne_msgs/share/velodyne_msgs/local_setup.bash
[6.708s] -- Up-to-date: /workspaces/isaac_ros-dev/install/velodyne_msgs/share/velodyne_msgs/local_setup.sh
[6.708s] -- Up-to-date: /workspaces/isaac_ros-dev/install/velodyne_msgs/share/velodyne_msgs/local_setup.zsh
[6.708s] -- Up-to-date: /workspaces/isaac_ros-dev/install/velodyne_msgs/share/velodyne_msgs/local_setup.dsv
[6.709s] -- Installing: /workspaces/isaac_ros-dev/install/velodyne_msgs/share/velodyne_msgs/package.dsv
[6.710s] -- Up-to-date: /workspaces/isaac_ros-dev/install/velodyne_msgs/share/ament_index/resource_index/packages/velodyne_msgs
[6.710s] -- Up-to-date: /workspaces/isaac_ros-dev/install/velodyne_msgs/share/velodyne_msgs/cmake/export_velodyne_msgs__rosidl_generator_cExport.cmake
[6.711s] -- Up-to-date: /workspaces/isaac_ros-dev/install/velodyne_msgs/share/velodyne_msgs/cmake/export_velodyne_msgs__rosidl_generator_cExport-noconfig.cmake
[6.714s] -- Up-to-date: /workspaces/isaac_ros-dev/install/velodyne_msgs/share/velodyne_msgs/cmake/export_velodyne_msgs__rosidl_typesupport_fastrtps_cExport.cmake
[6.715s] -- Up-to-date: /workspaces/isaac_ros-dev/install/velodyne_msgs/share/velodyne_msgs/cmake/export_velodyne_msgs__rosidl_typesupport_fastrtps_cExport-noconfig.cmake
[6.715s] -- Up-to-date: /workspaces/isaac_ros-dev/install/velodyne_msgs/share/velodyne_msgs/cmake/export_velodyne_msgs__rosidl_generator_cppExport.cmake
[6.717s] -- Up-to-date: /workspaces/isaac_ros-dev/install/velodyne_msgs/share/velodyne_msgs/cmake/export_velodyne_msgs__rosidl_typesupport_fastrtps_cppExport.cmake
[6.718s] -- Up-to-date: /workspaces/isaac_ros-dev/install/velodyne_msgs/share/velodyne_msgs/cmake/export_velodyne_msgs__rosidl_typesupport_fastrtps_cppExport-noconfig.cmake
[6.720s] -- Up-to-date: /workspaces/isaac_ros-dev/install/velodyne_msgs/share/velodyne_msgs/cmake/velodyne_msgs__rosidl_typesupport_introspection_cExport.cmake
[6.720s] -- Up-to-date: /workspaces/isaac_ros-dev/install/velodyne_msgs/share/velodyne_msgs/cmake/velodyne_msgs__rosidl_typesupport_introspection_cExport-noconfig.cmake
[6.721s] -- Up-to-date: /workspaces/isaac_ros-dev/install/velodyne_msgs/share/velodyne_msgs/cmake/velodyne_msgs__rosidl_typesupport_cExport.cmake
[6.721s] -- Up-to-date: /workspaces/isaac_ros-dev/install/velodyne_msgs/share/velodyne_msgs/cmake/velodyne_msgs__rosidl_typesupport_cExport-noconfig.cmake
[6.722s] -- Up-to-date: /workspaces/isaac_ros-dev/install/velodyne_msgs/share/velodyne_msgs/cmake/velodyne_msgs__rosidl_typesupport_introspection_cppExport.cmake
[6.723s] -- Up-to-date: /workspaces/isaac_ros-dev/install/velodyne_msgs/share/velodyne_msgs/cmake/velodyne_msgs__rosidl_typesupport_introspection_cppExport-noconfig.cmake
[6.723s] -- Up-to-date: /workspaces/isaac_ros-dev/install/velodyne_msgs/share/velodyne_msgs/cmake/velodyne_msgs__rosidl_typesupport_cppExport.cmake
[6.723s] -- Up-to-date: /workspaces/isaac_ros-dev/install/velodyne_msgs/share/velodyne_msgs/cmake/velodyne_msgs__rosidl_typesupport_cppExport-noconfig.cmake
[6.724s] -- Up-to-date: /workspaces/isaac_ros-dev/install/velodyne_msgs/share/velodyne_msgs/cmake/export_velodyne_msgs__rosidl_generator_pyExport.cmake
[6.726s] -- Up-to-date: /workspaces/isaac_ros-dev/install/velodyne_msgs/share/velodyne_msgs/cmake/export_velodyne_msgs__rosidl_generator_pyExport-noconfig.cmake
[6.727s] -- Up-to-date: /workspaces/isaac_ros-dev/install/velodyne_msgs/share/velodyne_msgs/cmake/rosidl_cmake-extras.cmake
[6.727s] -- Up-to-date: /workspaces/isaac_ros-dev/install/velodyne_msgs/share/velodyne_msgs/cmake/ament_cmake_export_dependencies-extras.cmake
[6.728s] -- Up-to-date: /workspaces/isaac_ros-dev/install/velodyne_msgs/share/velodyne_msgs/cmake/ament_cmake_export_include_directories-extras.cmake
[6.728s] -- Up-to-date: /workspaces/isaac_ros-dev/install/velodyne_msgs/share/velodyne_msgs/cmake/ament_cmake_export_libraries-extras.cmake
[6.729s] -- Up-to-date: /workspaces/isaac_ros-dev/install/velodyne_msgs/share/velodyne_msgs/cmake/ament_cmake_export_targets-extras.cmake
[6.729s] -- Up-to-date: /workspaces/isaac_ros-dev/install/velodyne_msgs/share/velodyne_msgs/cmake/rosidl_cmake_export_typesupport_targets-extras.cmake
[6.729s] -- Up-to-date: /workspaces/isaac_ros-dev/install/velodyne_msgs/share/velodyne_msgs/cmake/rosidl_cmake_export_typesupport_libraries-extras.cmake
[6.730s] -- Up-to-date: /workspaces/isaac_ros-dev/install/velodyne_msgs/share/velodyne_msgs/cmake/velodyne_msgsConfig.cmake
[6.731s] -- Up-to-date: /workspaces/isaac_ros-dev/install/velodyne_msgs/share/velodyne_msgs/cmake/velodyne_msgsConfig-version.cmake
[6.732s] -- Up-to-date: /workspaces/isaac_ros-dev/install/velodyne_msgs/share/velodyne_msgs/package.xml
[6.755s] Invoked command in '/workspaces/isaac_ros-dev/build/velodyne_msgs' returned '0': CMAKE_PREFIX_PATH=/workspaces/isaac_ros-dev/install/yolov8_bringup:/workspaces/isaac_ros-dev/install/multisense_ros:/workspaces/isaac_ros-dev/install/xacro:/workspaces/isaac_ros-dev/install/vision_msgs_rviz_plugins:/workspaces/isaac_ros-dev/install/vision_msgs:/workspaces/isaac_ros-dev/install/velodyne:/workspaces/isaac_ros-dev/install/velodyne_pointcloud:/workspaces/isaac_ros-dev/install/velodyne_driver:/workspaces/isaac_ros-dev/install/velodyne_msgs:/workspaces/isaac_ros-dev/install/velodyne_laserscan:/workspaces/isaac_ros-dev/install/vectornav:/workspaces/isaac_ros-dev/install/sdv_localization:/workspaces/isaac_ros-dev/install/vectornav_msgs:/workspaces/isaac_ros-dev/install/slam_toolbox:/workspaces/isaac_ros-dev/install/sdv_msg:/workspaces/isaac_ros-dev/install/sdv_localization_msgs:/workspaces/isaac_ros-dev/install/pointcloud_to_laserscan:/workspaces/isaac_ros-dev/install/my_package:/workspaces/isaac_ros-dev/install/multisense_msgs:/workspaces/isaac_ros-dev/install/multisense_lib:/workspaces/isaac_ros-dev/install/isaac_ros_visual_slam:/workspaces/isaac_ros-dev/install/isaac_ros_visual_slam_interfaces:/workspaces/isaac_ros-dev/install/isaac_ros_tensor_list_interfaces:/workspaces/isaac_ros-dev/install/isaac_ros_common:/workspaces/isaac_ros-dev/install/isaac_ros_bi3d_interfaces:/workspaces/isaac_ros-dev/install/isaac_ros_apriltag_interfaces:/workspaces/isaac_ros-dev/install/yolov8_ros:/workspaces/isaac_ros-dev/install/xbox_controller:/workspaces/isaac_ros-dev/install/panel:/workspaces/isaac_ros-dev/install/isaac_ros_test:/workspaces/isaac_ros-dev/install/encoder:/opt/ros/humble/install /usr/bin/cmake --install /workspaces/isaac_ros-dev/build/velodyne_msgs
