[2.075s] Invoking command in '/workspaces/isaac_ros-dev/build/multisense_msgs': CMAKE_PREFIX_PATH=/workspaces/isaac_ros-dev/install/yolov8_bringup:/workspaces/isaac_ros-dev/install/multisense_ros:/workspaces/isaac_ros-dev/install/xacro:/workspaces/isaac_ros-dev/install/vision_msgs_rviz_plugins:/workspaces/isaac_ros-dev/install/vision_msgs:/workspaces/isaac_ros-dev/install/velodyne:/workspaces/isaac_ros-dev/install/velodyne_pointcloud:/workspaces/isaac_ros-dev/install/velodyne_driver:/workspaces/isaac_ros-dev/install/velodyne_msgs:/workspaces/isaac_ros-dev/install/velodyne_laserscan:/workspaces/isaac_ros-dev/install/vectornav:/workspaces/isaac_ros-dev/install/sdv_localization:/workspaces/isaac_ros-dev/install/vectornav_msgs:/workspaces/isaac_ros-dev/install/slam_toolbox:/workspaces/isaac_ros-dev/install/sdv_msg:/workspaces/isaac_ros-dev/install/sdv_localization_msgs:/workspaces/isaac_ros-dev/install/pointcloud_to_laserscan:/workspaces/isaac_ros-dev/install/my_package:/workspaces/isaac_ros-dev/install/multisense_msgs:/workspaces/isaac_ros-dev/install/multisense_lib:/workspaces/isaac_ros-dev/install/isaac_ros_visual_slam:/workspaces/isaac_ros-dev/install/isaac_ros_visual_slam_interfaces:/workspaces/isaac_ros-dev/install/isaac_ros_tensor_list_interfaces:/workspaces/isaac_ros-dev/install/isaac_ros_common:/workspaces/isaac_ros-dev/install/isaac_ros_bi3d_interfaces:/workspaces/isaac_ros-dev/install/isaac_ros_apriltag_interfaces:/workspaces/isaac_ros-dev/install/yolov8_ros:/workspaces/isaac_ros-dev/install/xbox_controller:/workspaces/isaac_ros-dev/install/panel:/workspaces/isaac_ros-dev/install/isaac_ros_test:/workspaces/isaac_ros-dev/install/encoder:/opt/ros/humble/install /usr/bin/cmake --build /workspaces/isaac_ros-dev/build/multisense_msgs -- -j8 -l8
[2.425s] [  0%] Built target multisense_msgs__cpp
[2.461s] [ 12%] Built target multisense_msgs__rosidl_generator_c
[2.532s] [ 12%] Built target ament_cmake_python_copy_multisense_msgs
[2.762s] [ 24%] Built target multisense_msgs__rosidl_typesupport_cpp
[2.835s] [ 35%] Built target multisense_msgs__rosidl_typesupport_fastrtps_cpp
[2.887s] [ 47%] Built target multisense_msgs__rosidl_typesupport_fastrtps_c
[2.913s] [ 59%] Built target multisense_msgs__rosidl_typesupport_introspection_cpp
[2.960s] [ 71%] Built target multisense_msgs__rosidl_typesupport_introspection_c
[2.966s] [ 82%] Built target multisense_msgs__rosidl_typesupport_c
[3.150s] [ 82%] Built target multisense_msgs
[3.325s] [ 83%] Built target multisense_msgs__py
[3.540s] [ 94%] Built target multisense_msgs__rosidl_generator_py
[3.730s] [ 96%] Built target multisense_msgs__rosidl_typesupport_c__pyext
[3.738s] [ 98%] Built target multisense_msgs__rosidl_typesupport_fastrtps_c__pyext
[3.759s] [100%] Built target multisense_msgs__rosidl_typesupport_introspection_c__pyext
[4.764s] running egg_info
[4.835s] writing multisense_msgs.egg-info/PKG-INFO
[4.836s] writing dependency_links to multisense_msgs.egg-info/dependency_links.txt
[4.837s] writing top-level names to multisense_msgs.egg-info/top_level.txt
[5.035s] reading manifest file 'multisense_msgs.egg-info/SOURCES.txt'
[5.037s] writing manifest file 'multisense_msgs.egg-info/SOURCES.txt'
[5.206s] [100%] Built target ament_cmake_python_build_multisense_msgs_egg
[5.250s] Invoked command in '/workspaces/isaac_ros-dev/build/multisense_msgs' returned '0': CMAKE_PREFIX_PATH=/workspaces/isaac_ros-dev/install/yolov8_bringup:/workspaces/isaac_ros-dev/install/multisense_ros:/workspaces/isaac_ros-dev/install/xacro:/workspaces/isaac_ros-dev/install/vision_msgs_rviz_plugins:/workspaces/isaac_ros-dev/install/vision_msgs:/workspaces/isaac_ros-dev/install/velodyne:/workspaces/isaac_ros-dev/install/velodyne_pointcloud:/workspaces/isaac_ros-dev/install/velodyne_driver:/workspaces/isaac_ros-dev/install/velodyne_msgs:/workspaces/isaac_ros-dev/install/velodyne_laserscan:/workspaces/isaac_ros-dev/install/vectornav:/workspaces/isaac_ros-dev/install/sdv_localization:/workspaces/isaac_ros-dev/install/vectornav_msgs:/workspaces/isaac_ros-dev/install/slam_toolbox:/workspaces/isaac_ros-dev/install/sdv_msg:/workspaces/isaac_ros-dev/install/sdv_localization_msgs:/workspaces/isaac_ros-dev/install/pointcloud_to_laserscan:/workspaces/isaac_ros-dev/install/my_package:/workspaces/isaac_ros-dev/install/multisense_msgs:/workspaces/isaac_ros-dev/install/multisense_lib:/workspaces/isaac_ros-dev/install/isaac_ros_visual_slam:/workspaces/isaac_ros-dev/install/isaac_ros_visual_slam_interfaces:/workspaces/isaac_ros-dev/install/isaac_ros_tensor_list_interfaces:/workspaces/isaac_ros-dev/install/isaac_ros_common:/workspaces/isaac_ros-dev/install/isaac_ros_bi3d_interfaces:/workspaces/isaac_ros-dev/install/isaac_ros_apriltag_interfaces:/workspaces/isaac_ros-dev/install/yolov8_ros:/workspaces/isaac_ros-dev/install/xbox_controller:/workspaces/isaac_ros-dev/install/panel:/workspaces/isaac_ros-dev/install/isaac_ros_test:/workspaces/isaac_ros-dev/install/encoder:/opt/ros/humble/install /usr/bin/cmake --build /workspaces/isaac_ros-dev/build/multisense_msgs -- -j8 -l8
[9.127s] Invoking command in '/workspaces/isaac_ros-dev/build/multisense_msgs': CMAKE_PREFIX_PATH=/workspaces/isaac_ros-dev/install/yolov8_bringup:/workspaces/isaac_ros-dev/install/multisense_ros:/workspaces/isaac_ros-dev/install/xacro:/workspaces/isaac_ros-dev/install/vision_msgs_rviz_plugins:/workspaces/isaac_ros-dev/install/vision_msgs:/workspaces/isaac_ros-dev/install/velodyne:/workspaces/isaac_ros-dev/install/velodyne_pointcloud:/workspaces/isaac_ros-dev/install/velodyne_driver:/workspaces/isaac_ros-dev/install/velodyne_msgs:/workspaces/isaac_ros-dev/install/velodyne_laserscan:/workspaces/isaac_ros-dev/install/vectornav:/workspaces/isaac_ros-dev/install/sdv_localization:/workspaces/isaac_ros-dev/install/vectornav_msgs:/workspaces/isaac_ros-dev/install/slam_toolbox:/workspaces/isaac_ros-dev/install/sdv_msg:/workspaces/isaac_ros-dev/install/sdv_localization_msgs:/workspaces/isaac_ros-dev/install/pointcloud_to_laserscan:/workspaces/isaac_ros-dev/install/my_package:/workspaces/isaac_ros-dev/install/multisense_msgs:/workspaces/isaac_ros-dev/install/multisense_lib:/workspaces/isaac_ros-dev/install/isaac_ros_visual_slam:/workspaces/isaac_ros-dev/install/isaac_ros_visual_slam_interfaces:/workspaces/isaac_ros-dev/install/isaac_ros_tensor_list_interfaces:/workspaces/isaac_ros-dev/install/isaac_ros_common:/workspaces/isaac_ros-dev/install/isaac_ros_bi3d_interfaces:/workspaces/isaac_ros-dev/install/isaac_ros_apriltag_interfaces:/workspaces/isaac_ros-dev/install/yolov8_ros:/workspaces/isaac_ros-dev/install/xbox_controller:/workspaces/isaac_ros-dev/install/panel:/workspaces/isaac_ros-dev/install/isaac_ros_test:/workspaces/isaac_ros-dev/install/encoder:/opt/ros/humble/install /usr/bin/cmake --install /workspaces/isaac_ros-dev/build/multisense_msgs
[9.150s] -- Install configuration: "Release"
[9.150s] -- Up-to-date: /workspaces/isaac_ros-dev/install/multisense_msgs/share/ament_index/resource_index/rosidl_interfaces/multisense_msgs
[9.151s] -- Up-to-date: /workspaces/isaac_ros-dev/install/multisense_msgs/include/multisense_msgs/multisense_msgs
[9.151s] -- Up-to-date: /workspaces/isaac_ros-dev/install/multisense_msgs/include/multisense_msgs/multisense_msgs/msg
[9.151s] -- Up-to-date: /workspaces/isaac_ros-dev/install/multisense_msgs/include/multisense_msgs/multisense_msgs/msg/rosidl_generator_c__visibility_control.h
[9.152s] -- Up-to-date: /workspaces/isaac_ros-dev/install/multisense_msgs/include/multisense_msgs/multisense_msgs/msg/stamped_pps.h
[9.152s] -- Up-to-date: /workspaces/isaac_ros-dev/install/multisense_msgs/include/multisense_msgs/multisense_msgs/msg/raw_lidar_data.h
[9.152s] -- Up-to-date: /workspaces/isaac_ros-dev/install/multisense_msgs/include/multisense_msgs/multisense_msgs/msg/raw_lidar_cal.h
[9.153s] -- Up-to-date: /workspaces/isaac_ros-dev/install/multisense_msgs/include/multisense_msgs/multisense_msgs/msg/raw_cam_data.h
[9.154s] -- Up-to-date: /workspaces/isaac_ros-dev/install/multisense_msgs/include/multisense_msgs/multisense_msgs/msg/raw_imu_data.h
[9.155s] -- Up-to-date: /workspaces/isaac_ros-dev/install/multisense_msgs/include/multisense_msgs/multisense_msgs/msg/detail
[9.155s] -- Up-to-date: /workspaces/isaac_ros-dev/install/multisense_msgs/include/multisense_msgs/multisense_msgs/msg/detail/raw_cam_data__functions.c
[9.155s] -- Up-to-date: /workspaces/isaac_ros-dev/install/multisense_msgs/include/multisense_msgs/multisense_msgs/msg/detail/raw_cam_config__struct.h
[9.156s] -- Up-to-date: /workspaces/isaac_ros-dev/install/multisense_msgs/include/multisense_msgs/multisense_msgs/msg/detail/stamped_pps__functions.c
[9.156s] -- Up-to-date: /workspaces/isaac_ros-dev/install/multisense_msgs/include/multisense_msgs/multisense_msgs/msg/detail/raw_imu_data__type_support.h
[9.156s] -- Up-to-date: /workspaces/isaac_ros-dev/install/multisense_msgs/include/multisense_msgs/multisense_msgs/msg/detail/raw_cam_config__functions.h
[9.157s] -- Up-to-date: /workspaces/isaac_ros-dev/install/multisense_msgs/include/multisense_msgs/multisense_msgs/msg/detail/raw_cam_cal__functions.c
[9.157s] -- Up-to-date: /workspaces/isaac_ros-dev/install/multisense_msgs/include/multisense_msgs/multisense_msgs/msg/detail/device_status__functions.c
[9.157s] -- Up-to-date: /workspaces/isaac_ros-dev/install/multisense_msgs/include/multisense_msgs/multisense_msgs/msg/detail/histogram__functions.h
[9.157s] -- Up-to-date: /workspaces/isaac_ros-dev/install/multisense_msgs/include/multisense_msgs/multisense_msgs/msg/detail/raw_cam_cal__type_support.h
[9.158s] -- Up-to-date: /workspaces/isaac_ros-dev/install/multisense_msgs/include/multisense_msgs/multisense_msgs/msg/detail/raw_lidar_data__functions.c
[9.158s] -- Up-to-date: /workspaces/isaac_ros-dev/install/multisense_msgs/include/multisense_msgs/multisense_msgs/msg/detail/raw_cam_data__struct.h
[9.158s] -- Up-to-date: /workspaces/isaac_ros-dev/install/multisense_msgs/include/multisense_msgs/multisense_msgs/msg/detail/raw_lidar_data__struct.h
[9.158s] -- Up-to-date: /workspaces/isaac_ros-dev/install/multisense_msgs/include/multisense_msgs/multisense_msgs/msg/detail/raw_cam_cal__functions.h
[9.159s] -- Up-to-date: /workspaces/isaac_ros-dev/install/multisense_msgs/include/multisense_msgs/multisense_msgs/msg/detail/raw_cam_cal__struct.h
[9.160s] -- Up-to-date: /workspaces/isaac_ros-dev/install/multisense_msgs/include/multisense_msgs/multisense_msgs/msg/detail/raw_lidar_data__functions.h
[9.161s] -- Up-to-date: /workspaces/isaac_ros-dev/install/multisense_msgs/include/multisense_msgs/multisense_msgs/msg/detail/device_status__functions.h
[9.161s] -- Up-to-date: /workspaces/isaac_ros-dev/install/multisense_msgs/include/multisense_msgs/multisense_msgs/msg/detail/histogram__type_support.h
[9.162s] -- Up-to-date: /workspaces/isaac_ros-dev/install/multisense_msgs/include/multisense_msgs/multisense_msgs/msg/detail/histogram__struct.h
[9.163s] -- Up-to-date: /workspaces/isaac_ros-dev/install/multisense_msgs/include/multisense_msgs/multisense_msgs/msg/detail/histogram__functions.c
[9.163s] -- Up-to-date: /workspaces/isaac_ros-dev/install/multisense_msgs/include/multisense_msgs/multisense_msgs/msg/detail/raw_cam_data__type_support.h
[9.164s] -- Up-to-date: /workspaces/isaac_ros-dev/install/multisense_msgs/include/multisense_msgs/multisense_msgs/msg/detail/device_info__struct.h
[9.165s] -- Up-to-date: /workspaces/isaac_ros-dev/install/multisense_msgs/include/multisense_msgs/multisense_msgs/msg/detail/raw_lidar_cal__type_support.h
[9.166s] -- Up-to-date: /workspaces/isaac_ros-dev/install/multisense_msgs/include/multisense_msgs/multisense_msgs/msg/detail/raw_cam_config__type_support.h
[9.166s] -- Up-to-date: /workspaces/isaac_ros-dev/install/multisense_msgs/include/multisense_msgs/multisense_msgs/msg/detail/raw_lidar_cal__functions.c
[9.167s] -- Up-to-date: /workspaces/isaac_ros-dev/install/multisense_msgs/include/multisense_msgs/multisense_msgs/msg/detail/raw_imu_data__functions.c
[9.167s] -- Up-to-date: /workspaces/isaac_ros-dev/install/multisense_msgs/include/multisense_msgs/multisense_msgs/msg/detail/stamped_pps__type_support.h
[9.168s] -- Up-to-date: /workspaces/isaac_ros-dev/install/multisense_msgs/include/multisense_msgs/multisense_msgs/msg/detail/device_status__type_support.h
[9.172s] -- Up-to-date: /workspaces/isaac_ros-dev/install/multisense_msgs/include/multisense_msgs/multisense_msgs/msg/detail/raw_imu_data__functions.h
[9.172s] -- Up-to-date: /workspaces/isaac_ros-dev/install/multisense_msgs/include/multisense_msgs/multisense_msgs/msg/detail/raw_lidar_cal__struct.h
[9.172s] -- Up-to-date: /workspaces/isaac_ros-dev/install/multisense_msgs/include/multisense_msgs/multisense_msgs/msg/detail/device_status__struct.h
[9.173s] -- Up-to-date: /workspaces/isaac_ros-dev/install/multisense_msgs/include/multisense_msgs/multisense_msgs/msg/detail/raw_lidar_data__type_support.h
[9.180s] -- Up-to-date: /workspaces/isaac_ros-dev/install/multisense_msgs/include/multisense_msgs/multisense_msgs/msg/detail/raw_cam_config__functions.c
[9.184s] -- Up-to-date: /workspaces/isaac_ros-dev/install/multisense_msgs/include/multisense_msgs/multisense_msgs/msg/detail/device_info__functions.c
[9.185s] -- Up-to-date: /workspaces/isaac_ros-dev/install/multisense_msgs/include/multisense_msgs/multisense_msgs/msg/detail/device_info__functions.h
[9.189s] -- Up-to-date: /workspaces/isaac_ros-dev/install/multisense_msgs/include/multisense_msgs/multisense_msgs/msg/detail/raw_imu_data__struct.h
[9.194s] -- Up-to-date: /workspaces/isaac_ros-dev/install/multisense_msgs/include/multisense_msgs/multisense_msgs/msg/detail/stamped_pps__functions.h
[9.195s] -- Up-to-date: /workspaces/isaac_ros-dev/install/multisense_msgs/include/multisense_msgs/multisense_msgs/msg/detail/raw_cam_data__functions.h
[9.195s] -- Up-to-date: /workspaces/isaac_ros-dev/install/multisense_msgs/include/multisense_msgs/multisense_msgs/msg/detail/device_info__type_support.h
[9.196s] -- Up-to-date: /workspaces/isaac_ros-dev/install/multisense_msgs/include/multisense_msgs/multisense_msgs/msg/detail/stamped_pps__struct.h
[9.198s] -- Up-to-date: /workspaces/isaac_ros-dev/install/multisense_msgs/include/multisense_msgs/multisense_msgs/msg/detail/raw_lidar_cal__functions.h
[9.202s] -- Up-to-date: /workspaces/isaac_ros-dev/install/multisense_msgs/include/multisense_msgs/multisense_msgs/msg/raw_cam_config.h
[9.206s] -- Up-to-date: /workspaces/isaac_ros-dev/install/multisense_msgs/include/multisense_msgs/multisense_msgs/msg/device_status.h
[9.206s] -- Up-to-date: /workspaces/isaac_ros-dev/install/multisense_msgs/include/multisense_msgs/multisense_msgs/msg/device_info.h
[9.207s] -- Up-to-date: /workspaces/isaac_ros-dev/install/multisense_msgs/include/multisense_msgs/multisense_msgs/msg/raw_cam_cal.h
[9.209s] -- Up-to-date: /workspaces/isaac_ros-dev/install/multisense_msgs/include/multisense_msgs/multisense_msgs/msg/histogram.h
[9.210s] -- Up-to-date: /workspaces/isaac_ros-dev/install/multisense_msgs/share/multisense_msgs/environment/library_path.sh
[9.211s] -- Up-to-date: /workspaces/isaac_ros-dev/install/multisense_msgs/share/multisense_msgs/environment/library_path.dsv
[9.211s] -- Up-to-date: /workspaces/isaac_ros-dev/install/multisense_msgs/lib/libmultisense_msgs__rosidl_generator_c.so
[9.211s] -- Up-to-date: /workspaces/isaac_ros-dev/install/multisense_msgs/include/multisense_msgs/multisense_msgs
[9.213s] -- Up-to-date: /workspaces/isaac_ros-dev/install/multisense_msgs/include/multisense_msgs/multisense_msgs/msg
[9.220s] -- Up-to-date: /workspaces/isaac_ros-dev/install/multisense_msgs/include/multisense_msgs/multisense_msgs/msg/rosidl_typesupport_fastrtps_c__visibility_control.h
[9.220s] -- Up-to-date: /workspaces/isaac_ros-dev/install/multisense_msgs/include/multisense_msgs/multisense_msgs/msg/detail
[9.221s] -- Up-to-date: /workspaces/isaac_ros-dev/install/multisense_msgs/include/multisense_msgs/multisense_msgs/msg/detail/raw_cam_cal__rosidl_typesupport_fastrtps_c.h
[9.221s] -- Up-to-date: /workspaces/isaac_ros-dev/install/multisense_msgs/include/multisense_msgs/multisense_msgs/msg/detail/device_info__rosidl_typesupport_fastrtps_c.h
[9.221s] -- Up-to-date: /workspaces/isaac_ros-dev/install/multisense_msgs/include/multisense_msgs/multisense_msgs/msg/detail/raw_lidar_data__rosidl_typesupport_fastrtps_c.h
[9.221s] -- Up-to-date: /workspaces/isaac_ros-dev/install/multisense_msgs/include/multisense_msgs/multisense_msgs/msg/detail/raw_cam_data__rosidl_typesupport_fastrtps_c.h
[9.222s] -- Up-to-date: /workspaces/isaac_ros-dev/install/multisense_msgs/include/multisense_msgs/multisense_msgs/msg/detail/histogram__rosidl_typesupport_fastrtps_c.h
[9.222s] -- Up-to-date: /workspaces/isaac_ros-dev/install/multisense_msgs/include/multisense_msgs/multisense_msgs/msg/detail/device_status__rosidl_typesupport_fastrtps_c.h
[9.222s] -- Up-to-date: /workspaces/isaac_ros-dev/install/multisense_msgs/include/multisense_msgs/multisense_msgs/msg/detail/raw_imu_data__rosidl_typesupport_fastrtps_c.h
[9.222s] -- Up-to-date: /workspaces/isaac_ros-dev/install/multisense_msgs/include/multisense_msgs/multisense_msgs/msg/detail/raw_cam_config__rosidl_typesupport_fastrtps_c.h
[9.223s] -- Up-to-date: /workspaces/isaac_ros-dev/install/multisense_msgs/include/multisense_msgs/multisense_msgs/msg/detail/stamped_pps__rosidl_typesupport_fastrtps_c.h
[9.223s] -- Up-to-date: /workspaces/isaac_ros-dev/install/multisense_msgs/include/multisense_msgs/multisense_msgs/msg/detail/raw_lidar_cal__rosidl_typesupport_fastrtps_c.h
[9.231s] -- Up-to-date: /workspaces/isaac_ros-dev/install/multisense_msgs/lib/libmultisense_msgs__rosidl_typesupport_fastrtps_c.so
[9.234s] -- Up-to-date: /workspaces/isaac_ros-dev/install/multisense_msgs/include/multisense_msgs/multisense_msgs
[9.234s] -- Up-to-date: /workspaces/isaac_ros-dev/install/multisense_msgs/include/multisense_msgs/multisense_msgs/msg
[9.235s] -- Up-to-date: /workspaces/isaac_ros-dev/install/multisense_msgs/include/multisense_msgs/multisense_msgs/msg/device_info.hpp
[9.236s] -- Up-to-date: /workspaces/isaac_ros-dev/install/multisense_msgs/include/multisense_msgs/multisense_msgs/msg/raw_cam_config.hpp
[9.236s] -- Up-to-date: /workspaces/isaac_ros-dev/install/multisense_msgs/include/multisense_msgs/multisense_msgs/msg/raw_imu_data.hpp
[9.236s] -- Up-to-date: /workspaces/isaac_ros-dev/install/multisense_msgs/include/multisense_msgs/multisense_msgs/msg/raw_lidar_cal.hpp
[9.237s] -- Up-to-date: /workspaces/isaac_ros-dev/install/multisense_msgs/include/multisense_msgs/multisense_msgs/msg/histogram.hpp
[9.237s] -- Up-to-date: /workspaces/isaac_ros-dev/install/multisense_msgs/include/multisense_msgs/multisense_msgs/msg/detail
[9.237s] -- Up-to-date: /workspaces/isaac_ros-dev/install/multisense_msgs/include/multisense_msgs/multisense_msgs/msg/detail/raw_cam_data__traits.hpp
[9.237s] -- Up-to-date: /workspaces/isaac_ros-dev/install/multisense_msgs/include/multisense_msgs/multisense_msgs/msg/detail/device_status__struct.hpp
[9.238s] -- Up-to-date: /workspaces/isaac_ros-dev/install/multisense_msgs/include/multisense_msgs/multisense_msgs/msg/detail/raw_lidar_cal__traits.hpp
[9.238s] -- Up-to-date: /workspaces/isaac_ros-dev/install/multisense_msgs/include/multisense_msgs/multisense_msgs/msg/detail/device_info__traits.hpp
[9.238s] -- Up-to-date: /workspaces/isaac_ros-dev/install/multisense_msgs/include/multisense_msgs/multisense_msgs/msg/detail/raw_imu_data__traits.hpp
[9.239s] -- Up-to-date: /workspaces/isaac_ros-dev/install/multisense_msgs/include/multisense_msgs/multisense_msgs/msg/detail/stamped_pps__struct.hpp
[9.239s] -- Up-to-date: /workspaces/isaac_ros-dev/install/multisense_msgs/include/multisense_msgs/multisense_msgs/msg/detail/raw_imu_data__struct.hpp
[9.239s] -- Up-to-date: /workspaces/isaac_ros-dev/install/multisense_msgs/include/multisense_msgs/multisense_msgs/msg/detail/raw_cam_config__builder.hpp
[9.240s] -- Up-to-date: /workspaces/isaac_ros-dev/install/multisense_msgs/include/multisense_msgs/multisense_msgs/msg/detail/raw_cam_cal__builder.hpp
[9.240s] -- Up-to-date: /workspaces/isaac_ros-dev/install/multisense_msgs/include/multisense_msgs/multisense_msgs/msg/detail/raw_imu_data__builder.hpp
[9.240s] -- Up-to-date: /workspaces/isaac_ros-dev/install/multisense_msgs/include/multisense_msgs/multisense_msgs/msg/detail/stamped_pps__traits.hpp
[9.240s] -- Up-to-date: /workspaces/isaac_ros-dev/install/multisense_msgs/include/multisense_msgs/multisense_msgs/msg/detail/histogram__traits.hpp
[9.241s] -- Up-to-date: /workspaces/isaac_ros-dev/install/multisense_msgs/include/multisense_msgs/multisense_msgs/msg/detail/raw_lidar_data__builder.hpp
[9.241s] -- Up-to-date: /workspaces/isaac_ros-dev/install/multisense_msgs/include/multisense_msgs/multisense_msgs/msg/detail/raw_lidar_cal__builder.hpp
[9.241s] -- Up-to-date: /workspaces/isaac_ros-dev/install/multisense_msgs/include/multisense_msgs/multisense_msgs/msg/detail/device_info__struct.hpp
[9.242s] -- Up-to-date: /workspaces/isaac_ros-dev/install/multisense_msgs/include/multisense_msgs/multisense_msgs/msg/detail/raw_cam_cal__struct.hpp
[9.242s] -- Up-to-date: /workspaces/isaac_ros-dev/install/multisense_msgs/include/multisense_msgs/multisense_msgs/msg/detail/stamped_pps__builder.hpp
[9.242s] -- Up-to-date: /workspaces/isaac_ros-dev/install/multisense_msgs/include/multisense_msgs/multisense_msgs/msg/detail/raw_lidar_data__struct.hpp
[9.242s] -- Up-to-date: /workspaces/isaac_ros-dev/install/multisense_msgs/include/multisense_msgs/multisense_msgs/msg/detail/raw_cam_data__builder.hpp
[9.243s] -- Up-to-date: /workspaces/isaac_ros-dev/install/multisense_msgs/include/multisense_msgs/multisense_msgs/msg/detail/raw_lidar_data__traits.hpp
[9.244s] -- Up-to-date: /workspaces/isaac_ros-dev/install/multisense_msgs/include/multisense_msgs/multisense_msgs/msg/detail/raw_cam_config__traits.hpp
[9.245s] -- Up-to-date: /workspaces/isaac_ros-dev/install/multisense_msgs/include/multisense_msgs/multisense_msgs/msg/detail/raw_cam_cal__traits.hpp
[9.245s] -- Up-to-date: /workspaces/isaac_ros-dev/install/multisense_msgs/include/multisense_msgs/multisense_msgs/msg/detail/raw_lidar_cal__struct.hpp
[9.245s] -- Up-to-date: /workspaces/isaac_ros-dev/install/multisense_msgs/include/multisense_msgs/multisense_msgs/msg/detail/histogram__builder.hpp
[9.245s] -- Up-to-date: /workspaces/isaac_ros-dev/install/multisense_msgs/include/multisense_msgs/multisense_msgs/msg/detail/device_status__builder.hpp
[9.246s] -- Up-to-date: /workspaces/isaac_ros-dev/install/multisense_msgs/include/multisense_msgs/multisense_msgs/msg/detail/device_info__builder.hpp
[9.247s] -- Up-to-date: /workspaces/isaac_ros-dev/install/multisense_msgs/include/multisense_msgs/multisense_msgs/msg/detail/raw_cam_data__struct.hpp
[9.247s] -- Up-to-date: /workspaces/isaac_ros-dev/install/multisense_msgs/include/multisense_msgs/multisense_msgs/msg/detail/device_status__traits.hpp
[9.247s] -- Up-to-date: /workspaces/isaac_ros-dev/install/multisense_msgs/include/multisense_msgs/multisense_msgs/msg/detail/raw_cam_config__struct.hpp
[9.247s] -- Up-to-date: /workspaces/isaac_ros-dev/install/multisense_msgs/include/multisense_msgs/multisense_msgs/msg/detail/histogram__struct.hpp
[9.248s] -- Up-to-date: /workspaces/isaac_ros-dev/install/multisense_msgs/include/multisense_msgs/multisense_msgs/msg/raw_lidar_data.hpp
[9.248s] -- Up-to-date: /workspaces/isaac_ros-dev/install/multisense_msgs/include/multisense_msgs/multisense_msgs/msg/raw_cam_data.hpp
[9.249s] -- Up-to-date: /workspaces/isaac_ros-dev/install/multisense_msgs/include/multisense_msgs/multisense_msgs/msg/stamped_pps.hpp
[9.249s] -- Up-to-date: /workspaces/isaac_ros-dev/install/multisense_msgs/include/multisense_msgs/multisense_msgs/msg/raw_cam_cal.hpp
[9.249s] -- Up-to-date: /workspaces/isaac_ros-dev/install/multisense_msgs/include/multisense_msgs/multisense_msgs/msg/device_status.hpp
[9.249s] -- Up-to-date: /workspaces/isaac_ros-dev/install/multisense_msgs/include/multisense_msgs/multisense_msgs
[9.250s] -- Up-to-date: /workspaces/isaac_ros-dev/install/multisense_msgs/include/multisense_msgs/multisense_msgs/msg
[9.250s] -- Up-to-date: /workspaces/isaac_ros-dev/install/multisense_msgs/include/multisense_msgs/multisense_msgs/msg/rosidl_typesupport_fastrtps_cpp__visibility_control.h
[9.250s] -- Up-to-date: /workspaces/isaac_ros-dev/install/multisense_msgs/include/multisense_msgs/multisense_msgs/msg/detail
[9.250s] -- Up-to-date: /workspaces/isaac_ros-dev/install/multisense_msgs/include/multisense_msgs/multisense_msgs/msg/detail/histogram__rosidl_typesupport_fastrtps_cpp.hpp
[9.250s] -- Up-to-date: /workspaces/isaac_ros-dev/install/multisense_msgs/include/multisense_msgs/multisense_msgs/msg/detail/stamped_pps__rosidl_typesupport_fastrtps_cpp.hpp
[9.251s] -- Up-to-date: /workspaces/isaac_ros-dev/install/multisense_msgs/include/multisense_msgs/multisense_msgs/msg/detail/raw_cam_cal__rosidl_typesupport_fastrtps_cpp.hpp
[9.251s] -- Up-to-date: /workspaces/isaac_ros-dev/install/multisense_msgs/include/multisense_msgs/multisense_msgs/msg/detail/raw_lidar_data__rosidl_typesupport_fastrtps_cpp.hpp
[9.251s] -- Up-to-date: /workspaces/isaac_ros-dev/install/multisense_msgs/include/multisense_msgs/multisense_msgs/msg/detail/raw_lidar_cal__rosidl_typesupport_fastrtps_cpp.hpp
[9.252s] -- Up-to-date: /workspaces/isaac_ros-dev/install/multisense_msgs/include/multisense_msgs/multisense_msgs/msg/detail/device_info__rosidl_typesupport_fastrtps_cpp.hpp
[9.252s] -- Up-to-date: /workspaces/isaac_ros-dev/install/multisense_msgs/include/multisense_msgs/multisense_msgs/msg/detail/dds_fastrtps
[9.252s] -- Up-to-date: /workspaces/isaac_ros-dev/install/multisense_msgs/include/multisense_msgs/multisense_msgs/msg/detail/raw_cam_config__rosidl_typesupport_fastrtps_cpp.hpp
[9.252s] -- Up-to-date: /workspaces/isaac_ros-dev/install/multisense_msgs/include/multisense_msgs/multisense_msgs/msg/detail/device_status__rosidl_typesupport_fastrtps_cpp.hpp
[9.253s] -- Up-to-date: /workspaces/isaac_ros-dev/install/multisense_msgs/include/multisense_msgs/multisense_msgs/msg/detail/raw_cam_data__rosidl_typesupport_fastrtps_cpp.hpp
[9.253s] -- Up-to-date: /workspaces/isaac_ros-dev/install/multisense_msgs/include/multisense_msgs/multisense_msgs/msg/detail/raw_imu_data__rosidl_typesupport_fastrtps_cpp.hpp
[9.253s] -- Up-to-date: /workspaces/isaac_ros-dev/install/multisense_msgs/lib/libmultisense_msgs__rosidl_typesupport_fastrtps_cpp.so
[9.253s] -- Up-to-date: /workspaces/isaac_ros-dev/install/multisense_msgs/include/multisense_msgs/multisense_msgs
[9.254s] -- Up-to-date: /workspaces/isaac_ros-dev/install/multisense_msgs/include/multisense_msgs/multisense_msgs/msg
[9.254s] -- Up-to-date: /workspaces/isaac_ros-dev/install/multisense_msgs/include/multisense_msgs/multisense_msgs/msg/detail
[9.254s] -- Up-to-date: /workspaces/isaac_ros-dev/install/multisense_msgs/include/multisense_msgs/multisense_msgs/msg/detail/stamped_pps__rosidl_typesupport_introspection_c.h
[9.254s] -- Up-to-date: /workspaces/isaac_ros-dev/install/multisense_msgs/include/multisense_msgs/multisense_msgs/msg/detail/raw_lidar_data__type_support.c
[9.255s] -- Up-to-date: /workspaces/isaac_ros-dev/install/multisense_msgs/include/multisense_msgs/multisense_msgs/msg/detail/raw_imu_data__type_support.c
[9.255s] -- Up-to-date: /workspaces/isaac_ros-dev/install/multisense_msgs/include/multisense_msgs/multisense_msgs/msg/detail/device_status__rosidl_typesupport_introspection_c.h
[9.255s] -- Up-to-date: /workspaces/isaac_ros-dev/install/multisense_msgs/include/multisense_msgs/multisense_msgs/msg/detail/device_info__rosidl_typesupport_introspection_c.h
[9.256s] -- Up-to-date: /workspaces/isaac_ros-dev/install/multisense_msgs/include/multisense_msgs/multisense_msgs/msg/detail/raw_cam_config__rosidl_typesupport_introspection_c.h
[9.256s] -- Up-to-date: /workspaces/isaac_ros-dev/install/multisense_msgs/include/multisense_msgs/multisense_msgs/msg/detail/device_info__type_support.c
[9.256s] -- Up-to-date: /workspaces/isaac_ros-dev/install/multisense_msgs/include/multisense_msgs/multisense_msgs/msg/detail/raw_cam_data__type_support.c
[9.256s] -- Up-to-date: /workspaces/isaac_ros-dev/install/multisense_msgs/include/multisense_msgs/multisense_msgs/msg/detail/stamped_pps__type_support.c
[9.257s] -- Up-to-date: /workspaces/isaac_ros-dev/install/multisense_msgs/include/multisense_msgs/multisense_msgs/msg/detail/raw_imu_data__rosidl_typesupport_introspection_c.h
[9.257s] -- Up-to-date: /workspaces/isaac_ros-dev/install/multisense_msgs/include/multisense_msgs/multisense_msgs/msg/detail/raw_lidar_cal__type_support.c
[9.257s] -- Up-to-date: /workspaces/isaac_ros-dev/install/multisense_msgs/include/multisense_msgs/multisense_msgs/msg/detail/raw_cam_config__type_support.c
[9.257s] -- Up-to-date: /workspaces/isaac_ros-dev/install/multisense_msgs/include/multisense_msgs/multisense_msgs/msg/detail/raw_lidar_data__rosidl_typesupport_introspection_c.h
[9.258s] -- Up-to-date: /workspaces/isaac_ros-dev/install/multisense_msgs/include/multisense_msgs/multisense_msgs/msg/detail/raw_cam_cal__type_support.c
[9.258s] -- Up-to-date: /workspaces/isaac_ros-dev/install/multisense_msgs/include/multisense_msgs/multisense_msgs/msg/detail/device_status__type_support.c
[9.258s] -- Up-to-date: /workspaces/isaac_ros-dev/install/multisense_msgs/include/multisense_msgs/multisense_msgs/msg/detail/raw_cam_data__rosidl_typesupport_introspection_c.h
[9.258s] -- Up-to-date: /workspaces/isaac_ros-dev/install/multisense_msgs/include/multisense_msgs/multisense_msgs/msg/detail/histogram__rosidl_typesupport_introspection_c.h
[9.259s] -- Up-to-date: /workspaces/isaac_ros-dev/install/multisense_msgs/include/multisense_msgs/multisense_msgs/msg/detail/raw_cam_cal__rosidl_typesupport_introspection_c.h
[9.259s] -- Up-to-date: /workspaces/isaac_ros-dev/install/multisense_msgs/include/multisense_msgs/multisense_msgs/msg/detail/raw_lidar_cal__rosidl_typesupport_introspection_c.h
[9.259s] -- Up-to-date: /workspaces/isaac_ros-dev/install/multisense_msgs/include/multisense_msgs/multisense_msgs/msg/detail/histogram__type_support.c
[9.260s] -- Up-to-date: /workspaces/isaac_ros-dev/install/multisense_msgs/include/multisense_msgs/multisense_msgs/msg/rosidl_typesupport_introspection_c__visibility_control.h
[9.260s] -- Up-to-date: /workspaces/isaac_ros-dev/install/multisense_msgs/lib/libmultisense_msgs__rosidl_typesupport_introspection_c.so
[9.261s] -- Up-to-date: /workspaces/isaac_ros-dev/install/multisense_msgs/lib/libmultisense_msgs__rosidl_typesupport_c.so
[9.261s] -- Up-to-date: /workspaces/isaac_ros-dev/install/multisense_msgs/include/multisense_msgs/multisense_msgs
[9.261s] -- Up-to-date: /workspaces/isaac_ros-dev/install/multisense_msgs/include/multisense_msgs/multisense_msgs/msg
[9.261s] -- Up-to-date: /workspaces/isaac_ros-dev/install/multisense_msgs/include/multisense_msgs/multisense_msgs/msg/detail
[9.262s] -- Up-to-date: /workspaces/isaac_ros-dev/install/multisense_msgs/include/multisense_msgs/multisense_msgs/msg/detail/raw_imu_data__rosidl_typesupport_introspection_cpp.hpp
[9.262s] -- Up-to-date: /workspaces/isaac_ros-dev/install/multisense_msgs/include/multisense_msgs/multisense_msgs/msg/detail/histogram__rosidl_typesupport_introspection_cpp.hpp
[9.262s] -- Up-to-date: /workspaces/isaac_ros-dev/install/multisense_msgs/include/multisense_msgs/multisense_msgs/msg/detail/histogram__type_support.cpp
[9.262s] -- Up-to-date: /workspaces/isaac_ros-dev/install/multisense_msgs/include/multisense_msgs/multisense_msgs/msg/detail/stamped_pps__type_support.cpp
[9.263s] -- Up-to-date: /workspaces/isaac_ros-dev/install/multisense_msgs/include/multisense_msgs/multisense_msgs/msg/detail/raw_cam_data__type_support.cpp
[9.263s] -- Up-to-date: /workspaces/isaac_ros-dev/install/multisense_msgs/include/multisense_msgs/multisense_msgs/msg/detail/device_info__rosidl_typesupport_introspection_cpp.hpp
[9.263s] -- Up-to-date: /workspaces/isaac_ros-dev/install/multisense_msgs/include/multisense_msgs/multisense_msgs/msg/detail/raw_imu_data__type_support.cpp
[9.263s] -- Up-to-date: /workspaces/isaac_ros-dev/install/multisense_msgs/include/multisense_msgs/multisense_msgs/msg/detail/raw_lidar_data__rosidl_typesupport_introspection_cpp.hpp
[9.264s] -- Up-to-date: /workspaces/isaac_ros-dev/install/multisense_msgs/include/multisense_msgs/multisense_msgs/msg/detail/device_status__type_support.cpp
[9.264s] -- Up-to-date: /workspaces/isaac_ros-dev/install/multisense_msgs/include/multisense_msgs/multisense_msgs/msg/detail/raw_cam_cal__rosidl_typesupport_introspection_cpp.hpp
[9.264s] -- Up-to-date: /workspaces/isaac_ros-dev/install/multisense_msgs/include/multisense_msgs/multisense_msgs/msg/detail/raw_lidar_cal__rosidl_typesupport_introspection_cpp.hpp
[9.265s] -- Up-to-date: /workspaces/isaac_ros-dev/install/multisense_msgs/include/multisense_msgs/multisense_msgs/msg/detail/device_status__rosidl_typesupport_introspection_cpp.hpp
[9.265s] -- Up-to-date: /workspaces/isaac_ros-dev/install/multisense_msgs/include/multisense_msgs/multisense_msgs/msg/detail/raw_cam_cal__type_support.cpp
[9.265s] -- Up-to-date: /workspaces/isaac_ros-dev/install/multisense_msgs/include/multisense_msgs/multisense_msgs/msg/detail/raw_cam_config__rosidl_typesupport_introspection_cpp.hpp
[9.266s] -- Up-to-date: /workspaces/isaac_ros-dev/install/multisense_msgs/include/multisense_msgs/multisense_msgs/msg/detail/raw_cam_config__type_support.cpp
[9.266s] -- Up-to-date: /workspaces/isaac_ros-dev/install/multisense_msgs/include/multisense_msgs/multisense_msgs/msg/detail/raw_lidar_data__type_support.cpp
[9.266s] -- Up-to-date: /workspaces/isaac_ros-dev/install/multisense_msgs/include/multisense_msgs/multisense_msgs/msg/detail/raw_lidar_cal__type_support.cpp
[9.266s] -- Up-to-date: /workspaces/isaac_ros-dev/install/multisense_msgs/include/multisense_msgs/multisense_msgs/msg/detail/raw_cam_data__rosidl_typesupport_introspection_cpp.hpp
[9.267s] -- Up-to-date: /workspaces/isaac_ros-dev/install/multisense_msgs/include/multisense_msgs/multisense_msgs/msg/detail/device_info__type_support.cpp
[9.267s] -- Up-to-date: /workspaces/isaac_ros-dev/install/multisense_msgs/include/multisense_msgs/multisense_msgs/msg/detail/stamped_pps__rosidl_typesupport_introspection_cpp.hpp
[9.269s] -- Up-to-date: /workspaces/isaac_ros-dev/install/multisense_msgs/lib/libmultisense_msgs__rosidl_typesupport_introspection_cpp.so
[9.269s] -- Up-to-date: /workspaces/isaac_ros-dev/install/multisense_msgs/lib/libmultisense_msgs__rosidl_typesupport_cpp.so
[9.269s] -- Up-to-date: /workspaces/isaac_ros-dev/install/multisense_msgs/share/multisense_msgs/environment/pythonpath.sh
[9.270s] -- Up-to-date: /workspaces/isaac_ros-dev/install/multisense_msgs/share/multisense_msgs/environment/pythonpath.dsv
[9.270s] -- Up-to-date: /workspaces/isaac_ros-dev/install/multisense_msgs/lib/python3.8/site-packages/multisense_msgs-1.0.0-py3.8.egg-info
[9.270s] -- Installing: /workspaces/isaac_ros-dev/install/multisense_msgs/lib/python3.8/site-packages/multisense_msgs-1.0.0-py3.8.egg-info/top_level.txt
[9.271s] -- Installing: /workspaces/isaac_ros-dev/install/multisense_msgs/lib/python3.8/site-packages/multisense_msgs-1.0.0-py3.8.egg-info/dependency_links.txt
[9.271s] -- Installing: /workspaces/isaac_ros-dev/install/multisense_msgs/lib/python3.8/site-packages/multisense_msgs-1.0.0-py3.8.egg-info/SOURCES.txt
[9.271s] -- Installing: /workspaces/isaac_ros-dev/install/multisense_msgs/lib/python3.8/site-packages/multisense_msgs-1.0.0-py3.8.egg-info/PKG-INFO
[9.271s] -- Up-to-date: /workspaces/isaac_ros-dev/install/multisense_msgs/lib/python3.8/site-packages/multisense_msgs
[9.272s] -- Up-to-date: /workspaces/isaac_ros-dev/install/multisense_msgs/lib/python3.8/site-packages/multisense_msgs/multisense_msgs_s__rosidl_typesupport_fastrtps_c.cpython-38-aarch64-linux-gnu.so
[9.272s] -- Up-to-date: /workspaces/isaac_ros-dev/install/multisense_msgs/lib/python3.8/site-packages/multisense_msgs/__init__.py
[9.272s] -- Up-to-date: /workspaces/isaac_ros-dev/install/multisense_msgs/lib/python3.8/site-packages/multisense_msgs/_multisense_msgs_s.ep.rosidl_typesupport_introspection_c.c
[9.273s] -- Up-to-date: /workspaces/isaac_ros-dev/install/multisense_msgs/lib/python3.8/site-packages/multisense_msgs/msg
[9.273s] -- Up-to-date: /workspaces/isaac_ros-dev/install/multisense_msgs/lib/python3.8/site-packages/multisense_msgs/msg/_raw_lidar_data.py
[9.273s] -- Up-to-date: /workspaces/isaac_ros-dev/install/multisense_msgs/lib/python3.8/site-packages/multisense_msgs/msg/__init__.py
[9.273s] -- Up-to-date: /workspaces/isaac_ros-dev/install/multisense_msgs/lib/python3.8/site-packages/multisense_msgs/msg/_raw_lidar_data_s.c
[9.274s] -- Up-to-date: /workspaces/isaac_ros-dev/install/multisense_msgs/lib/python3.8/site-packages/multisense_msgs/msg/_raw_imu_data_s.c
[9.274s] -- Up-to-date: /workspaces/isaac_ros-dev/install/multisense_msgs/lib/python3.8/site-packages/multisense_msgs/msg/_raw_cam_data.py
[9.274s] -- Up-to-date: /workspaces/isaac_ros-dev/install/multisense_msgs/lib/python3.8/site-packages/multisense_msgs/msg/_device_status_s.c
[9.275s] -- Up-to-date: /workspaces/isaac_ros-dev/install/multisense_msgs/lib/python3.8/site-packages/multisense_msgs/msg/_raw_lidar_cal.py
[9.275s] -- Up-to-date: /workspaces/isaac_ros-dev/install/multisense_msgs/lib/python3.8/site-packages/multisense_msgs/msg/_histogram.py
[9.275s] -- Up-to-date: /workspaces/isaac_ros-dev/install/multisense_msgs/lib/python3.8/site-packages/multisense_msgs/msg/_device_status.py
[9.275s] -- Up-to-date: /workspaces/isaac_ros-dev/install/multisense_msgs/lib/python3.8/site-packages/multisense_msgs/msg/_device_info.py
[9.276s] -- Up-to-date: /workspaces/isaac_ros-dev/install/multisense_msgs/lib/python3.8/site-packages/multisense_msgs/msg/_raw_imu_data.py
[9.276s] -- Up-to-date: /workspaces/isaac_ros-dev/install/multisense_msgs/lib/python3.8/site-packages/multisense_msgs/msg/_raw_cam_cal.py
[9.276s] -- Up-to-date: /workspaces/isaac_ros-dev/install/multisense_msgs/lib/python3.8/site-packages/multisense_msgs/msg/_raw_cam_config.py
[9.276s] -- Up-to-date: /workspaces/isaac_ros-dev/install/multisense_msgs/lib/python3.8/site-packages/multisense_msgs/msg/_device_info_s.c
[9.277s] -- Up-to-date: /workspaces/isaac_ros-dev/install/multisense_msgs/lib/python3.8/site-packages/multisense_msgs/msg/_stamped_pps_s.c
[9.277s] -- Up-to-date: /workspaces/isaac_ros-dev/install/multisense_msgs/lib/python3.8/site-packages/multisense_msgs/msg/_raw_cam_data_s.c
[9.277s] -- Up-to-date: /workspaces/isaac_ros-dev/install/multisense_msgs/lib/python3.8/site-packages/multisense_msgs/msg/_raw_cam_config_s.c
[9.277s] -- Up-to-date: /workspaces/isaac_ros-dev/install/multisense_msgs/lib/python3.8/site-packages/multisense_msgs/msg/_raw_cam_cal_s.c
[9.278s] -- Up-to-date: /workspaces/isaac_ros-dev/install/multisense_msgs/lib/python3.8/site-packages/multisense_msgs/msg/_raw_lidar_cal_s.c
[9.278s] -- Up-to-date: /workspaces/isaac_ros-dev/install/multisense_msgs/lib/python3.8/site-packages/multisense_msgs/msg/_histogram_s.c
[9.278s] -- Up-to-date: /workspaces/isaac_ros-dev/install/multisense_msgs/lib/python3.8/site-packages/multisense_msgs/msg/_stamped_pps.py
[9.278s] -- Up-to-date: /workspaces/isaac_ros-dev/install/multisense_msgs/lib/python3.8/site-packages/multisense_msgs/multisense_msgs_s__rosidl_typesupport_c.cpython-38-aarch64-linux-gnu.so
[9.279s] -- Up-to-date: /workspaces/isaac_ros-dev/install/multisense_msgs/lib/python3.8/site-packages/multisense_msgs/libmultisense_msgs__rosidl_generator_py.so
[9.279s] -- Up-to-date: /workspaces/isaac_ros-dev/install/multisense_msgs/lib/python3.8/site-packages/multisense_msgs/multisense_msgs_s__rosidl_typesupport_introspection_c.cpython-38-aarch64-linux-gnu.so
[9.279s] -- Up-to-date: /workspaces/isaac_ros-dev/install/multisense_msgs/lib/python3.8/site-packages/multisense_msgs/_multisense_msgs_s.ep.rosidl_typesupport_fastrtps_c.c
[9.279s] -- Up-to-date: /workspaces/isaac_ros-dev/install/multisense_msgs/lib/python3.8/site-packages/multisense_msgs/_multisense_msgs_s.ep.rosidl_typesupport_c.c
[9.421s] Listing '/workspaces/isaac_ros-dev/install/multisense_msgs/lib/python3.8/site-packages/multisense_msgs'...
[9.421s] Listing '/workspaces/isaac_ros-dev/install/multisense_msgs/lib/python3.8/site-packages/multisense_msgs/msg'...
[9.437s] -- Up-to-date: /workspaces/isaac_ros-dev/install/multisense_msgs/lib/python3.8/site-packages/multisense_msgs/multisense_msgs_s__rosidl_typesupport_fastrtps_c.cpython-38-aarch64-linux-gnu.so
[9.438s] -- Up-to-date: /workspaces/isaac_ros-dev/install/multisense_msgs/lib/python3.8/site-packages/multisense_msgs/multisense_msgs_s__rosidl_typesupport_introspection_c.cpython-38-aarch64-linux-gnu.so
[9.439s] -- Up-to-date: /workspaces/isaac_ros-dev/install/multisense_msgs/lib/python3.8/site-packages/multisense_msgs/multisense_msgs_s__rosidl_typesupport_c.cpython-38-aarch64-linux-gnu.so
[9.442s] -- Up-to-date: /workspaces/isaac_ros-dev/install/multisense_msgs/lib/libmultisense_msgs__rosidl_generator_py.so
[9.443s] -- Up-to-date: /workspaces/isaac_ros-dev/install/multisense_msgs/share/multisense_msgs/msg/DeviceInfo.idl
[9.444s] -- Up-to-date: /workspaces/isaac_ros-dev/install/multisense_msgs/share/multisense_msgs/msg/RawCamConfig.idl
[9.444s] -- Up-to-date: /workspaces/isaac_ros-dev/install/multisense_msgs/share/multisense_msgs/msg/RawImuData.idl
[9.445s] -- Up-to-date: /workspaces/isaac_ros-dev/install/multisense_msgs/share/multisense_msgs/msg/RawLidarData.idl
[9.445s] -- Up-to-date: /workspaces/isaac_ros-dev/install/multisense_msgs/share/multisense_msgs/msg/RawCamCal.idl
[9.446s] -- Up-to-date: /workspaces/isaac_ros-dev/install/multisense_msgs/share/multisense_msgs/msg/RawCamData.idl
[9.446s] -- Up-to-date: /workspaces/isaac_ros-dev/install/multisense_msgs/share/multisense_msgs/msg/RawLidarCal.idl
[9.446s] -- Up-to-date: /workspaces/isaac_ros-dev/install/multisense_msgs/share/multisense_msgs/msg/Histogram.idl
[9.447s] -- Up-to-date: /workspaces/isaac_ros-dev/install/multisense_msgs/share/multisense_msgs/msg/DeviceStatus.idl
[9.448s] -- Up-to-date: /workspaces/isaac_ros-dev/install/multisense_msgs/share/multisense_msgs/msg/StampedPps.idl
[9.449s] -- Up-to-date: /workspaces/isaac_ros-dev/install/multisense_msgs/share/multisense_msgs/msg/DeviceInfo.msg
[9.449s] -- Up-to-date: /workspaces/isaac_ros-dev/install/multisense_msgs/share/multisense_msgs/msg/RawCamConfig.msg
[9.450s] -- Up-to-date: /workspaces/isaac_ros-dev/install/multisense_msgs/share/multisense_msgs/msg/RawImuData.msg
[9.450s] -- Up-to-date: /workspaces/isaac_ros-dev/install/multisense_msgs/share/multisense_msgs/msg/RawLidarData.msg
[9.450s] -- Up-to-date: /workspaces/isaac_ros-dev/install/multisense_msgs/share/multisense_msgs/msg/RawCamCal.msg
[9.450s] -- Up-to-date: /workspaces/isaac_ros-dev/install/multisense_msgs/share/multisense_msgs/msg/RawCamData.msg
[9.451s] -- Up-to-date: /workspaces/isaac_ros-dev/install/multisense_msgs/share/multisense_msgs/msg/RawLidarCal.msg
[9.452s] -- Up-to-date: /workspaces/isaac_ros-dev/install/multisense_msgs/share/multisense_msgs/msg/Histogram.msg
[9.452s] -- Up-to-date: /workspaces/isaac_ros-dev/install/multisense_msgs/share/multisense_msgs/msg/DeviceStatus.msg
[9.453s] -- Up-to-date: /workspaces/isaac_ros-dev/install/multisense_msgs/share/multisense_msgs/msg/StampedPps.msg
[9.454s] -- Up-to-date: /workspaces/isaac_ros-dev/install/multisense_msgs/share/ament_index/resource_index/package_run_dependencies/multisense_msgs
[9.458s] -- Up-to-date: /workspaces/isaac_ros-dev/install/multisense_msgs/share/ament_index/resource_index/parent_prefix_path/multisense_msgs
[9.459s] -- Up-to-date: /workspaces/isaac_ros-dev/install/multisense_msgs/share/multisense_msgs/environment/ament_prefix_path.sh
[9.459s] -- Up-to-date: /workspaces/isaac_ros-dev/install/multisense_msgs/share/multisense_msgs/environment/ament_prefix_path.dsv
[9.460s] -- Up-to-date: /workspaces/isaac_ros-dev/install/multisense_msgs/share/multisense_msgs/environment/path.sh
[9.460s] -- Up-to-date: /workspaces/isaac_ros-dev/install/multisense_msgs/share/multisense_msgs/environment/path.dsv
[9.460s] -- Up-to-date: /workspaces/isaac_ros-dev/install/multisense_msgs/share/multisense_msgs/local_setup.bash
[9.461s] -- Up-to-date: /workspaces/isaac_ros-dev/install/multisense_msgs/share/multisense_msgs/local_setup.sh
[9.461s] -- Up-to-date: /workspaces/isaac_ros-dev/install/multisense_msgs/share/multisense_msgs/local_setup.zsh
[9.461s] -- Up-to-date: /workspaces/isaac_ros-dev/install/multisense_msgs/share/multisense_msgs/local_setup.dsv
[9.462s] -- Installing: /workspaces/isaac_ros-dev/install/multisense_msgs/share/multisense_msgs/package.dsv
[9.462s] -- Up-to-date: /workspaces/isaac_ros-dev/install/multisense_msgs/share/ament_index/resource_index/packages/multisense_msgs
[9.464s] -- Up-to-date: /workspaces/isaac_ros-dev/install/multisense_msgs/share/multisense_msgs/cmake/export_multisense_msgs__rosidl_generator_cExport.cmake
[9.465s] -- Up-to-date: /workspaces/isaac_ros-dev/install/multisense_msgs/share/multisense_msgs/cmake/export_multisense_msgs__rosidl_generator_cExport-release.cmake
[9.467s] -- Up-to-date: /workspaces/isaac_ros-dev/install/multisense_msgs/share/multisense_msgs/cmake/export_multisense_msgs__rosidl_typesupport_fastrtps_cExport.cmake
[9.468s] -- Up-to-date: /workspaces/isaac_ros-dev/install/multisense_msgs/share/multisense_msgs/cmake/export_multisense_msgs__rosidl_typesupport_fastrtps_cExport-release.cmake
[9.469s] -- Up-to-date: /workspaces/isaac_ros-dev/install/multisense_msgs/share/multisense_msgs/cmake/export_multisense_msgs__rosidl_generator_cppExport.cmake
[9.470s] -- Up-to-date: /workspaces/isaac_ros-dev/install/multisense_msgs/share/multisense_msgs/cmake/export_multisense_msgs__rosidl_typesupport_fastrtps_cppExport.cmake
[9.471s] -- Up-to-date: /workspaces/isaac_ros-dev/install/multisense_msgs/share/multisense_msgs/cmake/export_multisense_msgs__rosidl_typesupport_fastrtps_cppExport-release.cmake
[9.472s] -- Up-to-date: /workspaces/isaac_ros-dev/install/multisense_msgs/share/multisense_msgs/cmake/multisense_msgs__rosidl_typesupport_introspection_cExport.cmake
[9.473s] -- Up-to-date: /workspaces/isaac_ros-dev/install/multisense_msgs/share/multisense_msgs/cmake/multisense_msgs__rosidl_typesupport_introspection_cExport-release.cmake
[9.475s] -- Up-to-date: /workspaces/isaac_ros-dev/install/multisense_msgs/share/multisense_msgs/cmake/multisense_msgs__rosidl_typesupport_cExport.cmake
[9.476s] -- Up-to-date: /workspaces/isaac_ros-dev/install/multisense_msgs/share/multisense_msgs/cmake/multisense_msgs__rosidl_typesupport_cExport-release.cmake
[9.477s] -- Up-to-date: /workspaces/isaac_ros-dev/install/multisense_msgs/share/multisense_msgs/cmake/multisense_msgs__rosidl_typesupport_introspection_cppExport.cmake
[9.478s] -- Up-to-date: /workspaces/isaac_ros-dev/install/multisense_msgs/share/multisense_msgs/cmake/multisense_msgs__rosidl_typesupport_introspection_cppExport-release.cmake
[9.479s] -- Up-to-date: /workspaces/isaac_ros-dev/install/multisense_msgs/share/multisense_msgs/cmake/multisense_msgs__rosidl_typesupport_cppExport.cmake
[9.480s] -- Up-to-date: /workspaces/isaac_ros-dev/install/multisense_msgs/share/multisense_msgs/cmake/multisense_msgs__rosidl_typesupport_cppExport-release.cmake
[9.482s] -- Up-to-date: /workspaces/isaac_ros-dev/install/multisense_msgs/share/multisense_msgs/cmake/export_multisense_msgs__rosidl_generator_pyExport.cmake
[9.483s] -- Up-to-date: /workspaces/isaac_ros-dev/install/multisense_msgs/share/multisense_msgs/cmake/export_multisense_msgs__rosidl_generator_pyExport-release.cmake
[9.484s] -- Up-to-date: /workspaces/isaac_ros-dev/install/multisense_msgs/share/multisense_msgs/cmake/rosidl_cmake-extras.cmake
[9.485s] -- Up-to-date: /workspaces/isaac_ros-dev/install/multisense_msgs/share/multisense_msgs/cmake/ament_cmake_export_dependencies-extras.cmake
[9.485s] -- Up-to-date: /workspaces/isaac_ros-dev/install/multisense_msgs/share/multisense_msgs/cmake/ament_cmake_export_include_directories-extras.cmake
[9.486s] -- Up-to-date: /workspaces/isaac_ros-dev/install/multisense_msgs/share/multisense_msgs/cmake/ament_cmake_export_libraries-extras.cmake
[9.486s] -- Up-to-date: /workspaces/isaac_ros-dev/install/multisense_msgs/share/multisense_msgs/cmake/ament_cmake_export_targets-extras.cmake
[9.487s] -- Up-to-date: /workspaces/isaac_ros-dev/install/multisense_msgs/share/multisense_msgs/cmake/rosidl_cmake_export_typesupport_targets-extras.cmake
[9.487s] -- Up-to-date: /workspaces/isaac_ros-dev/install/multisense_msgs/share/multisense_msgs/cmake/rosidl_cmake_export_typesupport_libraries-extras.cmake
[9.487s] -- Up-to-date: /workspaces/isaac_ros-dev/install/multisense_msgs/share/multisense_msgs/cmake/multisense_msgsConfig.cmake
[9.488s] -- Up-to-date: /workspaces/isaac_ros-dev/install/multisense_msgs/share/multisense_msgs/cmake/multisense_msgsConfig-version.cmake
[9.488s] -- Up-to-date: /workspaces/isaac_ros-dev/install/multisense_msgs/share/multisense_msgs/package.xml
[11.056s] Invoked command in '/workspaces/isaac_ros-dev/build/multisense_msgs' returned '0': CMAKE_PREFIX_PATH=/workspaces/isaac_ros-dev/install/yolov8_bringup:/workspaces/isaac_ros-dev/install/multisense_ros:/workspaces/isaac_ros-dev/install/xacro:/workspaces/isaac_ros-dev/install/vision_msgs_rviz_plugins:/workspaces/isaac_ros-dev/install/vision_msgs:/workspaces/isaac_ros-dev/install/velodyne:/workspaces/isaac_ros-dev/install/velodyne_pointcloud:/workspaces/isaac_ros-dev/install/velodyne_driver:/workspaces/isaac_ros-dev/install/velodyne_msgs:/workspaces/isaac_ros-dev/install/velodyne_laserscan:/workspaces/isaac_ros-dev/install/vectornav:/workspaces/isaac_ros-dev/install/sdv_localization:/workspaces/isaac_ros-dev/install/vectornav_msgs:/workspaces/isaac_ros-dev/install/slam_toolbox:/workspaces/isaac_ros-dev/install/sdv_msg:/workspaces/isaac_ros-dev/install/sdv_localization_msgs:/workspaces/isaac_ros-dev/install/pointcloud_to_laserscan:/workspaces/isaac_ros-dev/install/my_package:/workspaces/isaac_ros-dev/install/multisense_msgs:/workspaces/isaac_ros-dev/install/multisense_lib:/workspaces/isaac_ros-dev/install/isaac_ros_visual_slam:/workspaces/isaac_ros-dev/install/isaac_ros_visual_slam_interfaces:/workspaces/isaac_ros-dev/install/isaac_ros_tensor_list_interfaces:/workspaces/isaac_ros-dev/install/isaac_ros_common:/workspaces/isaac_ros-dev/install/isaac_ros_bi3d_interfaces:/workspaces/isaac_ros-dev/install/isaac_ros_apriltag_interfaces:/workspaces/isaac_ros-dev/install/yolov8_ros:/workspaces/isaac_ros-dev/install/xbox_controller:/workspaces/isaac_ros-dev/install/panel:/workspaces/isaac_ros-dev/install/isaac_ros_test:/workspaces/isaac_ros-dev/install/encoder:/opt/ros/humble/install /usr/bin/cmake --install /workspaces/isaac_ros-dev/build/multisense_msgs
