-- The C compiler identification is GNU 9.4.0
-- The CXX compiler identification is GNU 9.4.0
-- Detecting C compiler ABI info
-- Detecting C compiler ABI info - done
-- Check for working C compiler: /usr/bin/cc - skipped
-- Detecting C compile features
-- Detecting C compile features - done
-- Detecting CXX compiler ABI info
-- Detecting CXX compiler ABI info - done
-- Check for working CXX compiler: /usr/bin/c++ - skipped
-- Detecting CXX compile features
-- Detecting CXX compile features - done
-- Selecting default build type: Release
-- Found ament_cmake: 1.3.2 (/opt/ros/humble/install/share/ament_cmake/cmake)
-- Found Python3: /usr/bin/python3.8 (found version "3.8.10") found components: Interpreter 
-- Performing Test HAVE_CONSTEXPR
-- Performing Test HAVE_CONSTEXPR - Success
-- Looking for vasprintf
-- Looking for vasprintf - found
-- Looking for getopt
-- Looking for getopt - found
-- Configuring done
-- Generating done
-- Build files have been written to: /workspaces/isaac_ros-dev/build/multisense_lib
[  2%] [32mBuilding CXX object LibMultiSense/source/LibMultiSense/CMakeFiles/MultiSense.dir/details/public.cc.o[0m
[  4%] [32mBuilding CXX object LibMultiSense/source/LibMultiSense/CMakeFiles/MultiSense.dir/details/channel.cc.o[0m
[  6%] [32mBuilding CXX object LibMultiSense/source/LibMultiSense/CMakeFiles/MultiSense.dir/details/flash.cc.o[0m
[  9%] [32mBuilding CXX object LibMultiSense/source/LibMultiSense/CMakeFiles/MultiSense.dir/details/dispatch.cc.o[0m
[ 11%] [32mBuilding CXX object LibMultiSense/source/LibMultiSense/CMakeFiles/MultiSense.dir/details/utility/Constants.cc.o[0m
[ 13%] [32mBuilding CXX object LibMultiSense/source/LibMultiSense/CMakeFiles/MultiSense.dir/details/constants.cc.o[0m
[ 16%] [32mBuilding CXX object LibMultiSense/source/LibMultiSense/CMakeFiles/MultiSense.dir/details/utility/TimeStamp.cc.o[0m
[ 18%] [32mBuilding CXX object LibMultiSense/source/LibMultiSense/CMakeFiles/MultiSense.dir/details/utility/Exception.cc.o[0m
[ 20%] [32m[1mLinking CXX shared library libMultiSense.so[0m
[ 20%] Built target MultiSense
[ 23%] [32mBuilding CXX object LibMultiSense/source/Utilities/ChangeFps/CMakeFiles/ChangeFps.dir/ChangeFps.cc.o[0m
[ 25%] [32m[1mLinking CXX executable ChangeFps[0m
[ 25%] Built target ChangeFps
[ 27%] [32mBuilding CXX object LibMultiSense/source/Utilities/FlashUtility/CMakeFiles/FlashUtility.dir/FlashUtility.cc.o[0m
[ 30%] [32m[1mLinking CXX executable FlashUtility[0m
[ 30%] Built target FlashUtility
[ 32%] [32mBuilding CXX object LibMultiSense/source/Utilities/ImageCalUtility/CMakeFiles/ImageCalUtility.dir/ImageCalUtility.cc.o[0m
[ 34%] [32m[1mLinking CXX executable ImageCalUtility[0m
[ 34%] Built target ImageCalUtility
[ 37%] [32mBuilding CXX object LibMultiSense/source/Utilities/ImuConfigUtility/CMakeFiles/ImuConfigUtility.dir/ImuConfigUtility.cc.o[0m
[ 39%] [32m[1mLinking CXX executable ImuConfigUtility[0m
[ 39%] Built target ImuConfigUtility
[ 41%] [32mBuilding CXX object LibMultiSense/source/Utilities/ImuTestUtility/CMakeFiles/ImuTestUtility.dir/ImuTestUtility.cc.o[0m
[ 44%] [32m[1mLinking CXX executable ImuTestUtility[0m
[ 44%] Built target ImuTestUtility
[ 46%] [32mBuilding CXX object LibMultiSense/source/Utilities/LidarCalUtility/CMakeFiles/LidarCalUtility.dir/LidarCalUtility.cc.o[0m
[ 48%] [32m[1mLinking CXX executable LidarCalUtility[0m
[ 48%] Built target LidarCalUtility
[ 51%] [32mBuilding CXX object LibMultiSense/source/Utilities/PointCloudUtility/CMakeFiles/PointCloudUtility.dir/PointCloudUtility.cc.o[0m
[ 53%] [32m[1mLinking CXX executable PointCloudUtility[0m
[ 53%] Built target PointCloudUtility
[ 55%] [32mBuilding CXX object LibMultiSense/source/Utilities/ColorImageUtility/CMakeFiles/ColorImageUtility.dir/ColorImage.cc.o[0m
[ 58%] [32m[1mLinking CXX executable ColorImageUtility[0m
[ 58%] Built target ColorImageUtility
[ 60%] [32mBuilding CXX object LibMultiSense/source/Utilities/SaveImageUtility/CMakeFiles/SaveImageUtility.dir/SaveImageUtility.cc.o[0m
[ 62%] [32m[1mLinking CXX executable SaveImageUtility[0m
[ 62%] Built target SaveImageUtility
[ 65%] [32mBuilding CXX object LibMultiSense/source/Utilities/SensorCalUtility/CMakeFiles/SensorCalUtility.dir/SensorCalUtility.cc.o[0m
[ 67%] [32m[1mLinking CXX executable SensorCalUtility[0m
[ 67%] Built target SensorCalUtility
[ 69%] [32mBuilding CXX object LibMultiSense/source/Utilities/VersionInfoUtility/CMakeFiles/VersionInfoUtility.dir/VersionInfoUtility.cc.o[0m
[ 72%] [32m[1mLinking CXX executable VersionInfoUtility[0m
[ 72%] Built target VersionInfoUtility
[ 74%] [32mBuilding CXX object LibMultiSense/source/Utilities/ExternalCalUtility/CMakeFiles/ExternalCalUtility.dir/ExternalCalUtility.cc.o[0m
[ 76%] [32m[1mLinking CXX executable ExternalCalUtility[0m
[ 76%] Built target ExternalCalUtility
[ 79%] [32mBuilding CXX object LibMultiSense/source/Utilities/DeviceInfoUtility/CMakeFiles/DeviceInfoUtility.dir/DeviceInfoUtility.cc.o[0m
[ 81%] [32m[1mLinking CXX executable DeviceInfoUtility[0m
[ 81%] Built target DeviceInfoUtility
[ 83%] [32mBuilding CXX object LibMultiSense/source/Utilities/DirectedStreamsUtility/CMakeFiles/DirectedStreamsUtility.dir/DirectedStreamsUtility.cc.o[0m
[ 86%] [32m[1mLinking CXX executable DirectedStreamsUtility[0m
[ 86%] Built target DirectedStreamsUtility
[ 88%] [32mBuilding CXX object LibMultiSense/source/Utilities/ChangeTransmitDelay/CMakeFiles/ChangeTransmitDelay.dir/ChangeTransmitDelay.cc.o[0m
[ 90%] [32m[1mLinking CXX executable ChangeTransmitDelay[0m
[ 90%] Built target ChangeTransmitDelay
[ 93%] [32mBuilding CXX object LibMultiSense/source/Utilities/ChangeResolution/CMakeFiles/ChangeResolution.dir/ChangeResolution.cc.o[0m
[ 95%] [32m[1mLinking CXX executable ChangeResolution[0m
[ 95%] Built target ChangeResolution
[ 97%] [32mBuilding CXX object LibMultiSense/source/Utilities/ChangeIpUtility/CMakeFiles/ChangeIpUtility.dir/ChangeIpUtility.cc.o[0m
[100%] [32m[1mLinking CXX executable ChangeIpUtility[0m
[100%] Built target ChangeIpUtility
-- Install configuration: "Release"
-- Installing: /workspaces/isaac_ros-dev/install/multisense_lib/share/multisense_lib/environment/library_path.sh
-- Installing: /workspaces/isaac_ros-dev/install/multisense_lib/share/multisense_lib/environment/library_path.dsv
-- Installing: /workspaces/isaac_ros-dev/install/multisense_lib/share/ament_index/resource_index/package_run_dependencies/multisense_lib
-- Installing: /workspaces/isaac_ros-dev/install/multisense_lib/share/ament_index/resource_index/parent_prefix_path/multisense_lib
-- Installing: /workspaces/isaac_ros-dev/install/multisense_lib/share/multisense_lib/environment/ament_prefix_path.sh
-- Installing: /workspaces/isaac_ros-dev/install/multisense_lib/share/multisense_lib/environment/ament_prefix_path.dsv
-- Installing: /workspaces/isaac_ros-dev/install/multisense_lib/share/multisense_lib/environment/path.sh
-- Installing: /workspaces/isaac_ros-dev/install/multisense_lib/share/multisense_lib/environment/path.dsv
-- Installing: /workspaces/isaac_ros-dev/install/multisense_lib/share/multisense_lib/local_setup.bash
-- Installing: /workspaces/isaac_ros-dev/install/multisense_lib/share/multisense_lib/local_setup.sh
-- Installing: /workspaces/isaac_ros-dev/install/multisense_lib/share/multisense_lib/local_setup.zsh
-- Installing: /workspaces/isaac_ros-dev/install/multisense_lib/share/multisense_lib/local_setup.dsv
-- Installing: /workspaces/isaac_ros-dev/install/multisense_lib/share/multisense_lib/package.dsv
-- Installing: /workspaces/isaac_ros-dev/install/multisense_lib/share/ament_index/resource_index/packages/multisense_lib
-- Installing: /workspaces/isaac_ros-dev/install/multisense_lib/share/multisense_lib/cmake/ament_cmake_export_include_directories-extras.cmake
-- Installing: /workspaces/isaac_ros-dev/install/multisense_lib/share/multisense_lib/cmake/ament_cmake_export_libraries-extras.cmake
-- Installing: /workspaces/isaac_ros-dev/install/multisense_lib/share/multisense_lib/cmake/multisense_libConfig.cmake
-- Installing: /workspaces/isaac_ros-dev/install/multisense_lib/share/multisense_lib/cmake/multisense_libConfig-version.cmake
-- Installing: /workspaces/isaac_ros-dev/install/multisense_lib/share/multisense_lib/package.xml
-- Installing: /workspaces/isaac_ros-dev/install/multisense_lib/lib/libMultiSense.so.4.1.0
-- Set runtime path of "/workspaces/isaac_ros-dev/install/multisense_lib/lib/libMultiSense.so.4.1.0" to "/workspaces/isaac_ros-dev/install/multisense_lib/lib"
-- Installing: /workspaces/isaac_ros-dev/install/multisense_lib/lib/libMultiSense.so
-- Installing: /workspaces/isaac_ros-dev/install/multisense_lib/include/MultiSense/MultiSenseChannel.hh
-- Installing: /workspaces/isaac_ros-dev/install/multisense_lib/include/MultiSense/MultiSenseTypes.hh
-- Installing: /workspaces/isaac_ros-dev/install/multisense_lib/lib/cmake/MultiSense/MultiSenseTargets.cmake
-- Installing: /workspaces/isaac_ros-dev/install/multisense_lib/lib/cmake/MultiSense/MultiSenseTargets-release.cmake
-- Installing: /workspaces/isaac_ros-dev/install/multisense_lib/lib/cmake/MultiSense/MultiSenseConfig.cmake
-- Installing: /workspaces/isaac_ros-dev/install/multisense_lib/lib/cmake/MultiSense/MultiSenseConfigVersion.cmake
-- Up-to-date: /workspaces/isaac_ros-dev/install/multisense_lib/include/MultiSense/MultiSenseChannel.hh
-- Up-to-date: /workspaces/isaac_ros-dev/install/multisense_lib/include/MultiSense/MultiSenseTypes.hh
-- Installing: /workspaces/isaac_ros-dev/install/multisense_lib/bin/ChangeFps
-- Set runtime path of "/workspaces/isaac_ros-dev/install/multisense_lib/bin/ChangeFps" to "/workspaces/isaac_ros-dev/install/multisense_lib/lib"
-- Installing: /workspaces/isaac_ros-dev/install/multisense_lib/bin/ChangeIpUtility
-- Set runtime path of "/workspaces/isaac_ros-dev/install/multisense_lib/bin/ChangeIpUtility" to "/workspaces/isaac_ros-dev/install/multisense_lib/lib"
-- Installing: /workspaces/isaac_ros-dev/install/multisense_lib/bin/ChangeResolution
-- Set runtime path of "/workspaces/isaac_ros-dev/install/multisense_lib/bin/ChangeResolution" to "/workspaces/isaac_ros-dev/install/multisense_lib/lib"
-- Installing: /workspaces/isaac_ros-dev/install/multisense_lib/bin/ChangeTransmitDelay
-- Set runtime path of "/workspaces/isaac_ros-dev/install/multisense_lib/bin/ChangeTransmitDelay" to "/workspaces/isaac_ros-dev/install/multisense_lib/lib"
-- Installing: /workspaces/isaac_ros-dev/install/multisense_lib/bin/DirectedStreamsUtility
-- Set runtime path of "/workspaces/isaac_ros-dev/install/multisense_lib/bin/DirectedStreamsUtility" to "/workspaces/isaac_ros-dev/install/multisense_lib/lib"
-- Installing: /workspaces/isaac_ros-dev/install/multisense_lib/bin/DeviceInfoUtility
-- Set runtime path of "/workspaces/isaac_ros-dev/install/multisense_lib/bin/DeviceInfoUtility" to "/workspaces/isaac_ros-dev/install/multisense_lib/lib"
-- Installing: /workspaces/isaac_ros-dev/install/multisense_lib/bin/ExternalCalUtility
-- Set runtime path of "/workspaces/isaac_ros-dev/install/multisense_lib/bin/ExternalCalUtility" to "/workspaces/isaac_ros-dev/install/multisense_lib/lib"
-- Installing: /workspaces/isaac_ros-dev/install/multisense_lib/bin/MultiSenseUpdater
-- Installing: /workspaces/isaac_ros-dev/install/multisense_lib/bin/FlashUtility
-- Set runtime path of "/workspaces/isaac_ros-dev/install/multisense_lib/bin/FlashUtility" to "/workspaces/isaac_ros-dev/install/multisense_lib/lib"
-- Installing: /workspaces/isaac_ros-dev/install/multisense_lib/bin/ImageCalUtility
-- Set runtime path of "/workspaces/isaac_ros-dev/install/multisense_lib/bin/ImageCalUtility" to "/workspaces/isaac_ros-dev/install/multisense_lib/lib"
-- Installing: /workspaces/isaac_ros-dev/install/multisense_lib/bin/ImuConfigUtility
-- Set runtime path of "/workspaces/isaac_ros-dev/install/multisense_lib/bin/ImuConfigUtility" to "/workspaces/isaac_ros-dev/install/multisense_lib/lib"
-- Installing: /workspaces/isaac_ros-dev/install/multisense_lib/bin/ImuTestUtility
-- Set runtime path of "/workspaces/isaac_ros-dev/install/multisense_lib/bin/ImuTestUtility" to "/workspaces/isaac_ros-dev/install/multisense_lib/lib"
-- Installing: /workspaces/isaac_ros-dev/install/multisense_lib/bin/LidarCalUtility
-- Set runtime path of "/workspaces/isaac_ros-dev/install/multisense_lib/bin/LidarCalUtility" to "/workspaces/isaac_ros-dev/install/multisense_lib/lib"
-- Installing: /workspaces/isaac_ros-dev/install/multisense_lib/bin/PointCloudUtility
-- Set runtime path of "/workspaces/isaac_ros-dev/install/multisense_lib/bin/PointCloudUtility" to "/workspaces/isaac_ros-dev/install/multisense_lib/lib"
-- Installing: /workspaces/isaac_ros-dev/install/multisense_lib/bin/ColorImageUtility
-- Set runtime path of "/workspaces/isaac_ros-dev/install/multisense_lib/bin/ColorImageUtility" to "/workspaces/isaac_ros-dev/install/multisense_lib/lib"
-- Installing: /workspaces/isaac_ros-dev/install/multisense_lib/bin/SaveImageUtility
-- Set runtime path of "/workspaces/isaac_ros-dev/install/multisense_lib/bin/SaveImageUtility" to "/workspaces/isaac_ros-dev/install/multisense_lib/lib"
-- Installing: /workspaces/isaac_ros-dev/install/multisense_lib/bin/SensorCalUtility
-- Set runtime path of "/workspaces/isaac_ros-dev/install/multisense_lib/bin/SensorCalUtility" to "/workspaces/isaac_ros-dev/install/multisense_lib/lib"
-- Installing: /workspaces/isaac_ros-dev/install/multisense_lib/bin/VersionInfoUtility
-- Set runtime path of "/workspaces/isaac_ros-dev/install/multisense_lib/bin/VersionInfoUtility" to "/workspaces/isaac_ros-dev/install/multisense_lib/lib"
