[2.493s] Invoking command in '/workspaces/isaac_ros-dev/build/isaac_ros_visual_slam_interfaces': CMAKE_PREFIX_PATH=/workspaces/isaac_ros-dev/install/yolov8_bringup:/workspaces/isaac_ros-dev/install/multisense_ros:/workspaces/isaac_ros-dev/install/xacro:/workspaces/isaac_ros-dev/install/vision_msgs_rviz_plugins:/workspaces/isaac_ros-dev/install/vision_msgs:/workspaces/isaac_ros-dev/install/velodyne:/workspaces/isaac_ros-dev/install/velodyne_pointcloud:/workspaces/isaac_ros-dev/install/velodyne_driver:/workspaces/isaac_ros-dev/install/velodyne_msgs:/workspaces/isaac_ros-dev/install/velodyne_laserscan:/workspaces/isaac_ros-dev/install/vectornav:/workspaces/isaac_ros-dev/install/sdv_localization:/workspaces/isaac_ros-dev/install/vectornav_msgs:/workspaces/isaac_ros-dev/install/slam_toolbox:/workspaces/isaac_ros-dev/install/sdv_msg:/workspaces/isaac_ros-dev/install/sdv_localization_msgs:/workspaces/isaac_ros-dev/install/pointcloud_to_laserscan:/workspaces/isaac_ros-dev/install/my_package:/workspaces/isaac_ros-dev/install/multisense_msgs:/workspaces/isaac_ros-dev/install/multisense_lib:/workspaces/isaac_ros-dev/install/isaac_ros_visual_slam:/workspaces/isaac_ros-dev/install/isaac_ros_visual_slam_interfaces:/workspaces/isaac_ros-dev/install/isaac_ros_tensor_list_interfaces:/workspaces/isaac_ros-dev/install/isaac_ros_common:/workspaces/isaac_ros-dev/install/isaac_ros_bi3d_interfaces:/workspaces/isaac_ros-dev/install/isaac_ros_apriltag_interfaces:/workspaces/isaac_ros-dev/install/yolov8_ros:/workspaces/isaac_ros-dev/install/xbox_controller:/workspaces/isaac_ros-dev/install/panel:/workspaces/isaac_ros-dev/install/isaac_ros_test:/workspaces/isaac_ros-dev/install/encoder:/opt/ros/humble/install /usr/bin/cmake --build /workspaces/isaac_ros-dev/build/isaac_ros_visual_slam_interfaces -- -j8 -l8
[2.795s] [ 11%] Built target isaac_ros_visual_slam_interfaces__rosidl_generator_c
[2.829s] [ 12%] Built target isaac_ros_visual_slam_interfaces__cpp
[2.863s] [ 12%] Built target ament_cmake_python_copy_isaac_ros_visual_slam_interfaces
[3.203s] [ 23%] Built target isaac_ros_visual_slam_interfaces__rosidl_typesupport_introspection_c
[3.218s] [ 35%] Built target isaac_ros_visual_slam_interfaces__rosidl_typesupport_fastrtps_c
[3.283s] [ 46%] Built target isaac_ros_visual_slam_interfaces__rosidl_typesupport_c
[3.329s] [ 57%] Built target isaac_ros_visual_slam_interfaces__rosidl_typesupport_fastrtps_cpp
[3.345s] [ 69%] Built target isaac_ros_visual_slam_interfaces__rosidl_typesupport_cpp
[3.349s] [ 80%] Built target isaac_ros_visual_slam_interfaces__rosidl_typesupport_introspection_cpp
[3.666s] [ 80%] Built target isaac_ros_visual_slam_interfaces
[3.910s] [ 81%] Built target isaac_ros_visual_slam_interfaces__py
[4.111s] [ 91%] Built target isaac_ros_visual_slam_interfaces__rosidl_generator_py
[4.328s] [ 94%] Built target isaac_ros_visual_slam_interfaces__rosidl_typesupport_fastrtps_c__pyext
[4.352s] [ 97%] Built target isaac_ros_visual_slam_interfaces__rosidl_typesupport_introspection_c__pyext
[4.437s] [100%] Built target isaac_ros_visual_slam_interfaces__rosidl_typesupport_c__pyext
[5.403s] running egg_info
[5.539s] writing isaac_ros_visual_slam_interfaces.egg-info/PKG-INFO
[5.539s] writing dependency_links to isaac_ros_visual_slam_interfaces.egg-info/dependency_links.txt
[5.540s] writing top-level names to isaac_ros_visual_slam_interfaces.egg-info/top_level.txt
[5.740s] reading manifest file 'isaac_ros_visual_slam_interfaces.egg-info/SOURCES.txt'
[5.750s] writing manifest file 'isaac_ros_visual_slam_interfaces.egg-info/SOURCES.txt'
[5.984s] [100%] Built target ament_cmake_python_build_isaac_ros_visual_slam_interfaces_egg
[6.141s] Invoked command in '/workspaces/isaac_ros-dev/build/isaac_ros_visual_slam_interfaces' returned '0': CMAKE_PREFIX_PATH=/workspaces/isaac_ros-dev/install/yolov8_bringup:/workspaces/isaac_ros-dev/install/multisense_ros:/workspaces/isaac_ros-dev/install/xacro:/workspaces/isaac_ros-dev/install/vision_msgs_rviz_plugins:/workspaces/isaac_ros-dev/install/vision_msgs:/workspaces/isaac_ros-dev/install/velodyne:/workspaces/isaac_ros-dev/install/velodyne_pointcloud:/workspaces/isaac_ros-dev/install/velodyne_driver:/workspaces/isaac_ros-dev/install/velodyne_msgs:/workspaces/isaac_ros-dev/install/velodyne_laserscan:/workspaces/isaac_ros-dev/install/vectornav:/workspaces/isaac_ros-dev/install/sdv_localization:/workspaces/isaac_ros-dev/install/vectornav_msgs:/workspaces/isaac_ros-dev/install/slam_toolbox:/workspaces/isaac_ros-dev/install/sdv_msg:/workspaces/isaac_ros-dev/install/sdv_localization_msgs:/workspaces/isaac_ros-dev/install/pointcloud_to_laserscan:/workspaces/isaac_ros-dev/install/my_package:/workspaces/isaac_ros-dev/install/multisense_msgs:/workspaces/isaac_ros-dev/install/multisense_lib:/workspaces/isaac_ros-dev/install/isaac_ros_visual_slam:/workspaces/isaac_ros-dev/install/isaac_ros_visual_slam_interfaces:/workspaces/isaac_ros-dev/install/isaac_ros_tensor_list_interfaces:/workspaces/isaac_ros-dev/install/isaac_ros_common:/workspaces/isaac_ros-dev/install/isaac_ros_bi3d_interfaces:/workspaces/isaac_ros-dev/install/isaac_ros_apriltag_interfaces:/workspaces/isaac_ros-dev/install/yolov8_ros:/workspaces/isaac_ros-dev/install/xbox_controller:/workspaces/isaac_ros-dev/install/panel:/workspaces/isaac_ros-dev/install/isaac_ros_test:/workspaces/isaac_ros-dev/install/encoder:/opt/ros/humble/install /usr/bin/cmake --build /workspaces/isaac_ros-dev/build/isaac_ros_visual_slam_interfaces -- -j8 -l8
[8.742s] Invoking command in '/workspaces/isaac_ros-dev/build/isaac_ros_visual_slam_interfaces': CMAKE_PREFIX_PATH=/workspaces/isaac_ros-dev/install/yolov8_bringup:/workspaces/isaac_ros-dev/install/multisense_ros:/workspaces/isaac_ros-dev/install/xacro:/workspaces/isaac_ros-dev/install/vision_msgs_rviz_plugins:/workspaces/isaac_ros-dev/install/vision_msgs:/workspaces/isaac_ros-dev/install/velodyne:/workspaces/isaac_ros-dev/install/velodyne_pointcloud:/workspaces/isaac_ros-dev/install/velodyne_driver:/workspaces/isaac_ros-dev/install/velodyne_msgs:/workspaces/isaac_ros-dev/install/velodyne_laserscan:/workspaces/isaac_ros-dev/install/vectornav:/workspaces/isaac_ros-dev/install/sdv_localization:/workspaces/isaac_ros-dev/install/vectornav_msgs:/workspaces/isaac_ros-dev/install/slam_toolbox:/workspaces/isaac_ros-dev/install/sdv_msg:/workspaces/isaac_ros-dev/install/sdv_localization_msgs:/workspaces/isaac_ros-dev/install/pointcloud_to_laserscan:/workspaces/isaac_ros-dev/install/my_package:/workspaces/isaac_ros-dev/install/multisense_msgs:/workspaces/isaac_ros-dev/install/multisense_lib:/workspaces/isaac_ros-dev/install/isaac_ros_visual_slam:/workspaces/isaac_ros-dev/install/isaac_ros_visual_slam_interfaces:/workspaces/isaac_ros-dev/install/isaac_ros_tensor_list_interfaces:/workspaces/isaac_ros-dev/install/isaac_ros_common:/workspaces/isaac_ros-dev/install/isaac_ros_bi3d_interfaces:/workspaces/isaac_ros-dev/install/isaac_ros_apriltag_interfaces:/workspaces/isaac_ros-dev/install/yolov8_ros:/workspaces/isaac_ros-dev/install/xbox_controller:/workspaces/isaac_ros-dev/install/panel:/workspaces/isaac_ros-dev/install/isaac_ros_test:/workspaces/isaac_ros-dev/install/encoder:/opt/ros/humble/install /usr/bin/cmake --install /workspaces/isaac_ros-dev/build/isaac_ros_visual_slam_interfaces
[8.776s] -- Install configuration: "Release"
[8.777s] -- Up-to-date: /workspaces/isaac_ros-dev/install/isaac_ros_visual_slam_interfaces/share/ament_index/resource_index/rosidl_interfaces/isaac_ros_visual_slam_interfaces
[8.777s] -- Up-to-date: /workspaces/isaac_ros-dev/install/isaac_ros_visual_slam_interfaces/include/isaac_ros_visual_slam_interfaces/isaac_ros_visual_slam_interfaces
[8.778s] -- Up-to-date: /workspaces/isaac_ros-dev/install/isaac_ros_visual_slam_interfaces/include/isaac_ros_visual_slam_interfaces/isaac_ros_visual_slam_interfaces/action
[8.778s] -- Up-to-date: /workspaces/isaac_ros-dev/install/isaac_ros_visual_slam_interfaces/include/isaac_ros_visual_slam_interfaces/isaac_ros_visual_slam_interfaces/action/save_map.h
[8.779s] -- Up-to-date: /workspaces/isaac_ros-dev/install/isaac_ros_visual_slam_interfaces/include/isaac_ros_visual_slam_interfaces/isaac_ros_visual_slam_interfaces/action/detail
[8.779s] -- Up-to-date: /workspaces/isaac_ros-dev/install/isaac_ros_visual_slam_interfaces/include/isaac_ros_visual_slam_interfaces/isaac_ros_visual_slam_interfaces/action/detail/load_map_and_localize__struct.h
[8.780s] -- Up-to-date: /workspaces/isaac_ros-dev/install/isaac_ros_visual_slam_interfaces/include/isaac_ros_visual_slam_interfaces/isaac_ros_visual_slam_interfaces/action/detail/save_map__struct.h
[8.780s] -- Up-to-date: /workspaces/isaac_ros-dev/install/isaac_ros_visual_slam_interfaces/include/isaac_ros_visual_slam_interfaces/isaac_ros_visual_slam_interfaces/action/detail/load_map_and_localize__type_support.h
[8.780s] -- Up-to-date: /workspaces/isaac_ros-dev/install/isaac_ros_visual_slam_interfaces/include/isaac_ros_visual_slam_interfaces/isaac_ros_visual_slam_interfaces/action/detail/save_map__functions.c
[8.781s] -- Up-to-date: /workspaces/isaac_ros-dev/install/isaac_ros_visual_slam_interfaces/include/isaac_ros_visual_slam_interfaces/isaac_ros_visual_slam_interfaces/action/detail/save_map__type_support.h
[8.781s] -- Up-to-date: /workspaces/isaac_ros-dev/install/isaac_ros_visual_slam_interfaces/include/isaac_ros_visual_slam_interfaces/isaac_ros_visual_slam_interfaces/action/detail/load_map_and_localize__functions.c
[8.781s] -- Up-to-date: /workspaces/isaac_ros-dev/install/isaac_ros_visual_slam_interfaces/include/isaac_ros_visual_slam_interfaces/isaac_ros_visual_slam_interfaces/action/detail/load_map_and_localize__functions.h
[8.782s] -- Up-to-date: /workspaces/isaac_ros-dev/install/isaac_ros_visual_slam_interfaces/include/isaac_ros_visual_slam_interfaces/isaac_ros_visual_slam_interfaces/action/detail/save_map__functions.h
[8.782s] -- Up-to-date: /workspaces/isaac_ros-dev/install/isaac_ros_visual_slam_interfaces/include/isaac_ros_visual_slam_interfaces/isaac_ros_visual_slam_interfaces/action/load_map_and_localize.h
[8.782s] -- Up-to-date: /workspaces/isaac_ros-dev/install/isaac_ros_visual_slam_interfaces/include/isaac_ros_visual_slam_interfaces/isaac_ros_visual_slam_interfaces/srv
[8.783s] -- Up-to-date: /workspaces/isaac_ros-dev/install/isaac_ros_visual_slam_interfaces/include/isaac_ros_visual_slam_interfaces/isaac_ros_visual_slam_interfaces/srv/get_all_poses.h
[8.784s] -- Up-to-date: /workspaces/isaac_ros-dev/install/isaac_ros_visual_slam_interfaces/include/isaac_ros_visual_slam_interfaces/isaac_ros_visual_slam_interfaces/srv/set_odometry_pose.h
[8.784s] -- Up-to-date: /workspaces/isaac_ros-dev/install/isaac_ros_visual_slam_interfaces/include/isaac_ros_visual_slam_interfaces/isaac_ros_visual_slam_interfaces/srv/detail
[8.785s] -- Up-to-date: /workspaces/isaac_ros-dev/install/isaac_ros_visual_slam_interfaces/include/isaac_ros_visual_slam_interfaces/isaac_ros_visual_slam_interfaces/srv/detail/set_odometry_pose__functions.h
[8.785s] -- Up-to-date: /workspaces/isaac_ros-dev/install/isaac_ros_visual_slam_interfaces/include/isaac_ros_visual_slam_interfaces/isaac_ros_visual_slam_interfaces/srv/detail/get_all_poses__type_support.h
[8.785s] -- Up-to-date: /workspaces/isaac_ros-dev/install/isaac_ros_visual_slam_interfaces/include/isaac_ros_visual_slam_interfaces/isaac_ros_visual_slam_interfaces/srv/detail/get_all_poses__functions.c
[8.785s] -- Up-to-date: /workspaces/isaac_ros-dev/install/isaac_ros_visual_slam_interfaces/include/isaac_ros_visual_slam_interfaces/isaac_ros_visual_slam_interfaces/srv/detail/reset__functions.c
[8.787s] -- Up-to-date: /workspaces/isaac_ros-dev/install/isaac_ros_visual_slam_interfaces/include/isaac_ros_visual_slam_interfaces/isaac_ros_visual_slam_interfaces/srv/detail/reset__type_support.h
[8.787s] -- Up-to-date: /workspaces/isaac_ros-dev/install/isaac_ros_visual_slam_interfaces/include/isaac_ros_visual_slam_interfaces/isaac_ros_visual_slam_interfaces/srv/detail/reset__struct.h
[8.787s] -- Up-to-date: /workspaces/isaac_ros-dev/install/isaac_ros_visual_slam_interfaces/include/isaac_ros_visual_slam_interfaces/isaac_ros_visual_slam_interfaces/srv/detail/set_odometry_pose__functions.c
[8.788s] -- Up-to-date: /workspaces/isaac_ros-dev/install/isaac_ros_visual_slam_interfaces/include/isaac_ros_visual_slam_interfaces/isaac_ros_visual_slam_interfaces/srv/detail/get_all_poses__struct.h
[8.788s] -- Up-to-date: /workspaces/isaac_ros-dev/install/isaac_ros_visual_slam_interfaces/include/isaac_ros_visual_slam_interfaces/isaac_ros_visual_slam_interfaces/srv/detail/set_odometry_pose__type_support.h
[8.788s] -- Up-to-date: /workspaces/isaac_ros-dev/install/isaac_ros_visual_slam_interfaces/include/isaac_ros_visual_slam_interfaces/isaac_ros_visual_slam_interfaces/srv/detail/get_all_poses__functions.h
[8.789s] -- Up-to-date: /workspaces/isaac_ros-dev/install/isaac_ros_visual_slam_interfaces/include/isaac_ros_visual_slam_interfaces/isaac_ros_visual_slam_interfaces/srv/detail/reset__functions.h
[8.789s] -- Up-to-date: /workspaces/isaac_ros-dev/install/isaac_ros_visual_slam_interfaces/include/isaac_ros_visual_slam_interfaces/isaac_ros_visual_slam_interfaces/srv/detail/set_odometry_pose__struct.h
[8.789s] -- Up-to-date: /workspaces/isaac_ros-dev/install/isaac_ros_visual_slam_interfaces/include/isaac_ros_visual_slam_interfaces/isaac_ros_visual_slam_interfaces/srv/reset.h
[8.789s] -- Up-to-date: /workspaces/isaac_ros-dev/install/isaac_ros_visual_slam_interfaces/include/isaac_ros_visual_slam_interfaces/isaac_ros_visual_slam_interfaces/msg
[8.789s] -- Up-to-date: /workspaces/isaac_ros-dev/install/isaac_ros_visual_slam_interfaces/include/isaac_ros_visual_slam_interfaces/isaac_ros_visual_slam_interfaces/msg/rosidl_generator_c__visibility_control.h
[8.790s] -- Up-to-date: /workspaces/isaac_ros-dev/install/isaac_ros_visual_slam_interfaces/include/isaac_ros_visual_slam_interfaces/isaac_ros_visual_slam_interfaces/msg/visual_slam_status.h
[8.792s] -- Up-to-date: /workspaces/isaac_ros-dev/install/isaac_ros_visual_slam_interfaces/include/isaac_ros_visual_slam_interfaces/isaac_ros_visual_slam_interfaces/msg/detail
[8.792s] -- Up-to-date: /workspaces/isaac_ros-dev/install/isaac_ros_visual_slam_interfaces/include/isaac_ros_visual_slam_interfaces/isaac_ros_visual_slam_interfaces/msg/detail/visual_slam_status__functions.c
[8.793s] -- Up-to-date: /workspaces/isaac_ros-dev/install/isaac_ros_visual_slam_interfaces/include/isaac_ros_visual_slam_interfaces/isaac_ros_visual_slam_interfaces/msg/detail/visual_slam_status__type_support.h
[8.793s] -- Up-to-date: /workspaces/isaac_ros-dev/install/isaac_ros_visual_slam_interfaces/include/isaac_ros_visual_slam_interfaces/isaac_ros_visual_slam_interfaces/msg/detail/visual_slam_status__struct.h
[8.799s] -- Up-to-date: /workspaces/isaac_ros-dev/install/isaac_ros_visual_slam_interfaces/include/isaac_ros_visual_slam_interfaces/isaac_ros_visual_slam_interfaces/msg/detail/visual_slam_status__functions.h
[8.799s] -- Up-to-date: /workspaces/isaac_ros-dev/install/isaac_ros_visual_slam_interfaces/share/isaac_ros_visual_slam_interfaces/environment/library_path.sh
[8.800s] -- Up-to-date: /workspaces/isaac_ros-dev/install/isaac_ros_visual_slam_interfaces/share/isaac_ros_visual_slam_interfaces/environment/library_path.dsv
[8.800s] -- Up-to-date: /workspaces/isaac_ros-dev/install/isaac_ros_visual_slam_interfaces/lib/libisaac_ros_visual_slam_interfaces__rosidl_generator_c.so
[8.800s] -- Up-to-date: /workspaces/isaac_ros-dev/install/isaac_ros_visual_slam_interfaces/include/isaac_ros_visual_slam_interfaces/isaac_ros_visual_slam_interfaces
[8.801s] -- Up-to-date: /workspaces/isaac_ros-dev/install/isaac_ros_visual_slam_interfaces/include/isaac_ros_visual_slam_interfaces/isaac_ros_visual_slam_interfaces/action
[8.801s] -- Up-to-date: /workspaces/isaac_ros-dev/install/isaac_ros_visual_slam_interfaces/include/isaac_ros_visual_slam_interfaces/isaac_ros_visual_slam_interfaces/action/detail
[8.801s] -- Up-to-date: /workspaces/isaac_ros-dev/install/isaac_ros_visual_slam_interfaces/include/isaac_ros_visual_slam_interfaces/isaac_ros_visual_slam_interfaces/action/detail/load_map_and_localize__rosidl_typesupport_fastrtps_c.h
[8.802s] -- Up-to-date: /workspaces/isaac_ros-dev/install/isaac_ros_visual_slam_interfaces/include/isaac_ros_visual_slam_interfaces/isaac_ros_visual_slam_interfaces/action/detail/save_map__rosidl_typesupport_fastrtps_c.h
[8.802s] -- Up-to-date: /workspaces/isaac_ros-dev/install/isaac_ros_visual_slam_interfaces/include/isaac_ros_visual_slam_interfaces/isaac_ros_visual_slam_interfaces/srv
[8.803s] -- Up-to-date: /workspaces/isaac_ros-dev/install/isaac_ros_visual_slam_interfaces/include/isaac_ros_visual_slam_interfaces/isaac_ros_visual_slam_interfaces/srv/detail
[8.803s] -- Up-to-date: /workspaces/isaac_ros-dev/install/isaac_ros_visual_slam_interfaces/include/isaac_ros_visual_slam_interfaces/isaac_ros_visual_slam_interfaces/srv/detail/set_odometry_pose__rosidl_typesupport_fastrtps_c.h
[8.803s] -- Up-to-date: /workspaces/isaac_ros-dev/install/isaac_ros_visual_slam_interfaces/include/isaac_ros_visual_slam_interfaces/isaac_ros_visual_slam_interfaces/srv/detail/reset__rosidl_typesupport_fastrtps_c.h
[8.803s] -- Up-to-date: /workspaces/isaac_ros-dev/install/isaac_ros_visual_slam_interfaces/include/isaac_ros_visual_slam_interfaces/isaac_ros_visual_slam_interfaces/srv/detail/get_all_poses__rosidl_typesupport_fastrtps_c.h
[8.804s] -- Up-to-date: /workspaces/isaac_ros-dev/install/isaac_ros_visual_slam_interfaces/include/isaac_ros_visual_slam_interfaces/isaac_ros_visual_slam_interfaces/msg
[8.804s] -- Up-to-date: /workspaces/isaac_ros-dev/install/isaac_ros_visual_slam_interfaces/include/isaac_ros_visual_slam_interfaces/isaac_ros_visual_slam_interfaces/msg/rosidl_typesupport_fastrtps_c__visibility_control.h
[8.804s] -- Up-to-date: /workspaces/isaac_ros-dev/install/isaac_ros_visual_slam_interfaces/include/isaac_ros_visual_slam_interfaces/isaac_ros_visual_slam_interfaces/msg/detail
[8.805s] -- Up-to-date: /workspaces/isaac_ros-dev/install/isaac_ros_visual_slam_interfaces/include/isaac_ros_visual_slam_interfaces/isaac_ros_visual_slam_interfaces/msg/detail/visual_slam_status__rosidl_typesupport_fastrtps_c.h
[8.807s] -- Up-to-date: /workspaces/isaac_ros-dev/install/isaac_ros_visual_slam_interfaces/lib/libisaac_ros_visual_slam_interfaces__rosidl_typesupport_fastrtps_c.so
[8.808s] -- Up-to-date: /workspaces/isaac_ros-dev/install/isaac_ros_visual_slam_interfaces/include/isaac_ros_visual_slam_interfaces/isaac_ros_visual_slam_interfaces
[8.809s] -- Up-to-date: /workspaces/isaac_ros-dev/install/isaac_ros_visual_slam_interfaces/include/isaac_ros_visual_slam_interfaces/isaac_ros_visual_slam_interfaces/action
[8.811s] -- Up-to-date: /workspaces/isaac_ros-dev/install/isaac_ros_visual_slam_interfaces/include/isaac_ros_visual_slam_interfaces/isaac_ros_visual_slam_interfaces/action/detail
[8.813s] -- Up-to-date: /workspaces/isaac_ros-dev/install/isaac_ros_visual_slam_interfaces/include/isaac_ros_visual_slam_interfaces/isaac_ros_visual_slam_interfaces/action/detail/load_map_and_localize__rosidl_typesupport_introspection_c.h
[8.813s] -- Up-to-date: /workspaces/isaac_ros-dev/install/isaac_ros_visual_slam_interfaces/include/isaac_ros_visual_slam_interfaces/isaac_ros_visual_slam_interfaces/action/detail/save_map__rosidl_typesupport_introspection_c.h
[8.814s] -- Up-to-date: /workspaces/isaac_ros-dev/install/isaac_ros_visual_slam_interfaces/include/isaac_ros_visual_slam_interfaces/isaac_ros_visual_slam_interfaces/action/detail/save_map__type_support.c
[8.815s] -- Up-to-date: /workspaces/isaac_ros-dev/install/isaac_ros_visual_slam_interfaces/include/isaac_ros_visual_slam_interfaces/isaac_ros_visual_slam_interfaces/action/detail/load_map_and_localize__type_support.c
[8.815s] -- Up-to-date: /workspaces/isaac_ros-dev/install/isaac_ros_visual_slam_interfaces/include/isaac_ros_visual_slam_interfaces/isaac_ros_visual_slam_interfaces/srv
[8.816s] -- Up-to-date: /workspaces/isaac_ros-dev/install/isaac_ros_visual_slam_interfaces/include/isaac_ros_visual_slam_interfaces/isaac_ros_visual_slam_interfaces/srv/detail
[8.817s] -- Up-to-date: /workspaces/isaac_ros-dev/install/isaac_ros_visual_slam_interfaces/include/isaac_ros_visual_slam_interfaces/isaac_ros_visual_slam_interfaces/srv/detail/reset__rosidl_typesupport_introspection_c.h
[8.817s] -- Up-to-date: /workspaces/isaac_ros-dev/install/isaac_ros_visual_slam_interfaces/include/isaac_ros_visual_slam_interfaces/isaac_ros_visual_slam_interfaces/srv/detail/set_odometry_pose__type_support.c
[8.817s] -- Up-to-date: /workspaces/isaac_ros-dev/install/isaac_ros_visual_slam_interfaces/include/isaac_ros_visual_slam_interfaces/isaac_ros_visual_slam_interfaces/srv/detail/get_all_poses__rosidl_typesupport_introspection_c.h
[8.818s] -- Up-to-date: /workspaces/isaac_ros-dev/install/isaac_ros_visual_slam_interfaces/include/isaac_ros_visual_slam_interfaces/isaac_ros_visual_slam_interfaces/srv/detail/set_odometry_pose__rosidl_typesupport_introspection_c.h
[8.818s] -- Up-to-date: /workspaces/isaac_ros-dev/install/isaac_ros_visual_slam_interfaces/include/isaac_ros_visual_slam_interfaces/isaac_ros_visual_slam_interfaces/srv/detail/get_all_poses__type_support.c
[8.818s] -- Up-to-date: /workspaces/isaac_ros-dev/install/isaac_ros_visual_slam_interfaces/include/isaac_ros_visual_slam_interfaces/isaac_ros_visual_slam_interfaces/srv/detail/reset__type_support.c
[8.819s] -- Up-to-date: /workspaces/isaac_ros-dev/install/isaac_ros_visual_slam_interfaces/include/isaac_ros_visual_slam_interfaces/isaac_ros_visual_slam_interfaces/msg
[8.819s] -- Up-to-date: /workspaces/isaac_ros-dev/install/isaac_ros_visual_slam_interfaces/include/isaac_ros_visual_slam_interfaces/isaac_ros_visual_slam_interfaces/msg/detail
[8.819s] -- Up-to-date: /workspaces/isaac_ros-dev/install/isaac_ros_visual_slam_interfaces/include/isaac_ros_visual_slam_interfaces/isaac_ros_visual_slam_interfaces/msg/detail/visual_slam_status__type_support.c
[8.820s] -- Up-to-date: /workspaces/isaac_ros-dev/install/isaac_ros_visual_slam_interfaces/include/isaac_ros_visual_slam_interfaces/isaac_ros_visual_slam_interfaces/msg/detail/visual_slam_status__rosidl_typesupport_introspection_c.h
[8.820s] -- Up-to-date: /workspaces/isaac_ros-dev/install/isaac_ros_visual_slam_interfaces/include/isaac_ros_visual_slam_interfaces/isaac_ros_visual_slam_interfaces/msg/rosidl_typesupport_introspection_c__visibility_control.h
[8.820s] -- Up-to-date: /workspaces/isaac_ros-dev/install/isaac_ros_visual_slam_interfaces/lib/libisaac_ros_visual_slam_interfaces__rosidl_typesupport_introspection_c.so
[8.821s] -- Up-to-date: /workspaces/isaac_ros-dev/install/isaac_ros_visual_slam_interfaces/lib/libisaac_ros_visual_slam_interfaces__rosidl_typesupport_c.so
[8.821s] -- Up-to-date: /workspaces/isaac_ros-dev/install/isaac_ros_visual_slam_interfaces/include/isaac_ros_visual_slam_interfaces/isaac_ros_visual_slam_interfaces
[8.821s] -- Up-to-date: /workspaces/isaac_ros-dev/install/isaac_ros_visual_slam_interfaces/include/isaac_ros_visual_slam_interfaces/isaac_ros_visual_slam_interfaces/action
[8.822s] -- Up-to-date: /workspaces/isaac_ros-dev/install/isaac_ros_visual_slam_interfaces/include/isaac_ros_visual_slam_interfaces/isaac_ros_visual_slam_interfaces/action/detail
[8.823s] -- Up-to-date: /workspaces/isaac_ros-dev/install/isaac_ros_visual_slam_interfaces/include/isaac_ros_visual_slam_interfaces/isaac_ros_visual_slam_interfaces/action/detail/load_map_and_localize__struct.hpp
[8.824s] -- Up-to-date: /workspaces/isaac_ros-dev/install/isaac_ros_visual_slam_interfaces/include/isaac_ros_visual_slam_interfaces/isaac_ros_visual_slam_interfaces/action/detail/save_map__builder.hpp
[8.824s] -- Up-to-date: /workspaces/isaac_ros-dev/install/isaac_ros_visual_slam_interfaces/include/isaac_ros_visual_slam_interfaces/isaac_ros_visual_slam_interfaces/action/detail/save_map__traits.hpp
[8.825s] -- Up-to-date: /workspaces/isaac_ros-dev/install/isaac_ros_visual_slam_interfaces/include/isaac_ros_visual_slam_interfaces/isaac_ros_visual_slam_interfaces/action/detail/load_map_and_localize__builder.hpp
[8.827s] -- Up-to-date: /workspaces/isaac_ros-dev/install/isaac_ros_visual_slam_interfaces/include/isaac_ros_visual_slam_interfaces/isaac_ros_visual_slam_interfaces/action/detail/save_map__struct.hpp
[8.827s] -- Up-to-date: /workspaces/isaac_ros-dev/install/isaac_ros_visual_slam_interfaces/include/isaac_ros_visual_slam_interfaces/isaac_ros_visual_slam_interfaces/action/detail/load_map_and_localize__traits.hpp
[8.828s] -- Up-to-date: /workspaces/isaac_ros-dev/install/isaac_ros_visual_slam_interfaces/include/isaac_ros_visual_slam_interfaces/isaac_ros_visual_slam_interfaces/action/load_map_and_localize.hpp
[8.828s] -- Up-to-date: /workspaces/isaac_ros-dev/install/isaac_ros_visual_slam_interfaces/include/isaac_ros_visual_slam_interfaces/isaac_ros_visual_slam_interfaces/action/save_map.hpp
[8.828s] -- Up-to-date: /workspaces/isaac_ros-dev/install/isaac_ros_visual_slam_interfaces/include/isaac_ros_visual_slam_interfaces/isaac_ros_visual_slam_interfaces/srv
[8.829s] -- Up-to-date: /workspaces/isaac_ros-dev/install/isaac_ros_visual_slam_interfaces/include/isaac_ros_visual_slam_interfaces/isaac_ros_visual_slam_interfaces/srv/reset.hpp
[8.829s] -- Up-to-date: /workspaces/isaac_ros-dev/install/isaac_ros_visual_slam_interfaces/include/isaac_ros_visual_slam_interfaces/isaac_ros_visual_slam_interfaces/srv/set_odometry_pose.hpp
[8.829s] -- Up-to-date: /workspaces/isaac_ros-dev/install/isaac_ros_visual_slam_interfaces/include/isaac_ros_visual_slam_interfaces/isaac_ros_visual_slam_interfaces/srv/detail
[8.829s] -- Up-to-date: /workspaces/isaac_ros-dev/install/isaac_ros_visual_slam_interfaces/include/isaac_ros_visual_slam_interfaces/isaac_ros_visual_slam_interfaces/srv/detail/reset__traits.hpp
[8.830s] -- Up-to-date: /workspaces/isaac_ros-dev/install/isaac_ros_visual_slam_interfaces/include/isaac_ros_visual_slam_interfaces/isaac_ros_visual_slam_interfaces/srv/detail/get_all_poses__traits.hpp
[8.830s] -- Up-to-date: /workspaces/isaac_ros-dev/install/isaac_ros_visual_slam_interfaces/include/isaac_ros_visual_slam_interfaces/isaac_ros_visual_slam_interfaces/srv/detail/set_odometry_pose__builder.hpp
[8.831s] -- Up-to-date: /workspaces/isaac_ros-dev/install/isaac_ros_visual_slam_interfaces/include/isaac_ros_visual_slam_interfaces/isaac_ros_visual_slam_interfaces/srv/detail/get_all_poses__builder.hpp
[8.831s] -- Up-to-date: /workspaces/isaac_ros-dev/install/isaac_ros_visual_slam_interfaces/include/isaac_ros_visual_slam_interfaces/isaac_ros_visual_slam_interfaces/srv/detail/reset__struct.hpp
[8.832s] -- Up-to-date: /workspaces/isaac_ros-dev/install/isaac_ros_visual_slam_interfaces/include/isaac_ros_visual_slam_interfaces/isaac_ros_visual_slam_interfaces/srv/detail/get_all_poses__struct.hpp
[8.833s] -- Up-to-date: /workspaces/isaac_ros-dev/install/isaac_ros_visual_slam_interfaces/include/isaac_ros_visual_slam_interfaces/isaac_ros_visual_slam_interfaces/srv/detail/reset__builder.hpp
[8.834s] -- Up-to-date: /workspaces/isaac_ros-dev/install/isaac_ros_visual_slam_interfaces/include/isaac_ros_visual_slam_interfaces/isaac_ros_visual_slam_interfaces/srv/detail/set_odometry_pose__traits.hpp
[8.834s] -- Up-to-date: /workspaces/isaac_ros-dev/install/isaac_ros_visual_slam_interfaces/include/isaac_ros_visual_slam_interfaces/isaac_ros_visual_slam_interfaces/srv/detail/set_odometry_pose__struct.hpp
[8.834s] -- Up-to-date: /workspaces/isaac_ros-dev/install/isaac_ros_visual_slam_interfaces/include/isaac_ros_visual_slam_interfaces/isaac_ros_visual_slam_interfaces/srv/get_all_poses.hpp
[8.834s] -- Up-to-date: /workspaces/isaac_ros-dev/install/isaac_ros_visual_slam_interfaces/include/isaac_ros_visual_slam_interfaces/isaac_ros_visual_slam_interfaces/msg
[8.835s] -- Up-to-date: /workspaces/isaac_ros-dev/install/isaac_ros_visual_slam_interfaces/include/isaac_ros_visual_slam_interfaces/isaac_ros_visual_slam_interfaces/msg/visual_slam_status.hpp
[8.835s] -- Up-to-date: /workspaces/isaac_ros-dev/install/isaac_ros_visual_slam_interfaces/include/isaac_ros_visual_slam_interfaces/isaac_ros_visual_slam_interfaces/msg/detail
[8.835s] -- Up-to-date: /workspaces/isaac_ros-dev/install/isaac_ros_visual_slam_interfaces/include/isaac_ros_visual_slam_interfaces/isaac_ros_visual_slam_interfaces/msg/detail/visual_slam_status__traits.hpp
[8.835s] -- Up-to-date: /workspaces/isaac_ros-dev/install/isaac_ros_visual_slam_interfaces/include/isaac_ros_visual_slam_interfaces/isaac_ros_visual_slam_interfaces/msg/detail/visual_slam_status__struct.hpp
[8.836s] -- Up-to-date: /workspaces/isaac_ros-dev/install/isaac_ros_visual_slam_interfaces/include/isaac_ros_visual_slam_interfaces/isaac_ros_visual_slam_interfaces/msg/detail/visual_slam_status__builder.hpp
[8.846s] -- Up-to-date: /workspaces/isaac_ros-dev/install/isaac_ros_visual_slam_interfaces/include/isaac_ros_visual_slam_interfaces/isaac_ros_visual_slam_interfaces
[8.849s] -- Up-to-date: /workspaces/isaac_ros-dev/install/isaac_ros_visual_slam_interfaces/include/isaac_ros_visual_slam_interfaces/isaac_ros_visual_slam_interfaces/action
[8.849s] -- Up-to-date: /workspaces/isaac_ros-dev/install/isaac_ros_visual_slam_interfaces/include/isaac_ros_visual_slam_interfaces/isaac_ros_visual_slam_interfaces/action/detail
[8.850s] -- Up-to-date: /workspaces/isaac_ros-dev/install/isaac_ros_visual_slam_interfaces/include/isaac_ros_visual_slam_interfaces/isaac_ros_visual_slam_interfaces/action/detail/load_map_and_localize__rosidl_typesupport_fastrtps_cpp.hpp
[8.850s] -- Up-to-date: /workspaces/isaac_ros-dev/install/isaac_ros_visual_slam_interfaces/include/isaac_ros_visual_slam_interfaces/isaac_ros_visual_slam_interfaces/action/detail/save_map__rosidl_typesupport_fastrtps_cpp.hpp
[8.851s] -- Up-to-date: /workspaces/isaac_ros-dev/install/isaac_ros_visual_slam_interfaces/include/isaac_ros_visual_slam_interfaces/isaac_ros_visual_slam_interfaces/action/detail/dds_fastrtps
[8.851s] -- Up-to-date: /workspaces/isaac_ros-dev/install/isaac_ros_visual_slam_interfaces/include/isaac_ros_visual_slam_interfaces/isaac_ros_visual_slam_interfaces/srv
[8.852s] -- Up-to-date: /workspaces/isaac_ros-dev/install/isaac_ros_visual_slam_interfaces/include/isaac_ros_visual_slam_interfaces/isaac_ros_visual_slam_interfaces/srv/detail
[8.852s] -- Up-to-date: /workspaces/isaac_ros-dev/install/isaac_ros_visual_slam_interfaces/include/isaac_ros_visual_slam_interfaces/isaac_ros_visual_slam_interfaces/srv/detail/reset__rosidl_typesupport_fastrtps_cpp.hpp
[8.852s] -- Up-to-date: /workspaces/isaac_ros-dev/install/isaac_ros_visual_slam_interfaces/include/isaac_ros_visual_slam_interfaces/isaac_ros_visual_slam_interfaces/srv/detail/set_odometry_pose__rosidl_typesupport_fastrtps_cpp.hpp
[8.852s] -- Up-to-date: /workspaces/isaac_ros-dev/install/isaac_ros_visual_slam_interfaces/include/isaac_ros_visual_slam_interfaces/isaac_ros_visual_slam_interfaces/srv/detail/dds_fastrtps
[8.853s] -- Up-to-date: /workspaces/isaac_ros-dev/install/isaac_ros_visual_slam_interfaces/include/isaac_ros_visual_slam_interfaces/isaac_ros_visual_slam_interfaces/srv/detail/get_all_poses__rosidl_typesupport_fastrtps_cpp.hpp
[8.853s] -- Up-to-date: /workspaces/isaac_ros-dev/install/isaac_ros_visual_slam_interfaces/include/isaac_ros_visual_slam_interfaces/isaac_ros_visual_slam_interfaces/msg
[8.853s] -- Up-to-date: /workspaces/isaac_ros-dev/install/isaac_ros_visual_slam_interfaces/include/isaac_ros_visual_slam_interfaces/isaac_ros_visual_slam_interfaces/msg/rosidl_typesupport_fastrtps_cpp__visibility_control.h
[8.853s] -- Up-to-date: /workspaces/isaac_ros-dev/install/isaac_ros_visual_slam_interfaces/include/isaac_ros_visual_slam_interfaces/isaac_ros_visual_slam_interfaces/msg/detail
[8.854s] -- Up-to-date: /workspaces/isaac_ros-dev/install/isaac_ros_visual_slam_interfaces/include/isaac_ros_visual_slam_interfaces/isaac_ros_visual_slam_interfaces/msg/detail/visual_slam_status__rosidl_typesupport_fastrtps_cpp.hpp
[8.854s] -- Up-to-date: /workspaces/isaac_ros-dev/install/isaac_ros_visual_slam_interfaces/include/isaac_ros_visual_slam_interfaces/isaac_ros_visual_slam_interfaces/msg/detail/dds_fastrtps
[8.854s] -- Up-to-date: /workspaces/isaac_ros-dev/install/isaac_ros_visual_slam_interfaces/lib/libisaac_ros_visual_slam_interfaces__rosidl_typesupport_fastrtps_cpp.so
[8.855s] -- Up-to-date: /workspaces/isaac_ros-dev/install/isaac_ros_visual_slam_interfaces/include/isaac_ros_visual_slam_interfaces/isaac_ros_visual_slam_interfaces
[8.855s] -- Up-to-date: /workspaces/isaac_ros-dev/install/isaac_ros_visual_slam_interfaces/include/isaac_ros_visual_slam_interfaces/isaac_ros_visual_slam_interfaces/action
[8.855s] -- Up-to-date: /workspaces/isaac_ros-dev/install/isaac_ros_visual_slam_interfaces/include/isaac_ros_visual_slam_interfaces/isaac_ros_visual_slam_interfaces/action/detail
[8.856s] -- Up-to-date: /workspaces/isaac_ros-dev/install/isaac_ros_visual_slam_interfaces/include/isaac_ros_visual_slam_interfaces/isaac_ros_visual_slam_interfaces/action/detail/load_map_and_localize__rosidl_typesupport_introspection_cpp.hpp
[8.856s] -- Up-to-date: /workspaces/isaac_ros-dev/install/isaac_ros_visual_slam_interfaces/include/isaac_ros_visual_slam_interfaces/isaac_ros_visual_slam_interfaces/action/detail/save_map__rosidl_typesupport_introspection_cpp.hpp
[8.856s] -- Up-to-date: /workspaces/isaac_ros-dev/install/isaac_ros_visual_slam_interfaces/include/isaac_ros_visual_slam_interfaces/isaac_ros_visual_slam_interfaces/action/detail/save_map__type_support.cpp
[8.856s] -- Up-to-date: /workspaces/isaac_ros-dev/install/isaac_ros_visual_slam_interfaces/include/isaac_ros_visual_slam_interfaces/isaac_ros_visual_slam_interfaces/action/detail/load_map_and_localize__type_support.cpp
[8.857s] -- Up-to-date: /workspaces/isaac_ros-dev/install/isaac_ros_visual_slam_interfaces/include/isaac_ros_visual_slam_interfaces/isaac_ros_visual_slam_interfaces/srv
[8.857s] -- Up-to-date: /workspaces/isaac_ros-dev/install/isaac_ros_visual_slam_interfaces/include/isaac_ros_visual_slam_interfaces/isaac_ros_visual_slam_interfaces/srv/detail
[8.858s] -- Up-to-date: /workspaces/isaac_ros-dev/install/isaac_ros_visual_slam_interfaces/include/isaac_ros_visual_slam_interfaces/isaac_ros_visual_slam_interfaces/srv/detail/set_odometry_pose__type_support.cpp
[8.858s] -- Up-to-date: /workspaces/isaac_ros-dev/install/isaac_ros_visual_slam_interfaces/include/isaac_ros_visual_slam_interfaces/isaac_ros_visual_slam_interfaces/srv/detail/reset__type_support.cpp
[8.858s] -- Up-to-date: /workspaces/isaac_ros-dev/install/isaac_ros_visual_slam_interfaces/include/isaac_ros_visual_slam_interfaces/isaac_ros_visual_slam_interfaces/srv/detail/get_all_poses__rosidl_typesupport_introspection_cpp.hpp
[8.858s] -- Up-to-date: /workspaces/isaac_ros-dev/install/isaac_ros_visual_slam_interfaces/include/isaac_ros_visual_slam_interfaces/isaac_ros_visual_slam_interfaces/srv/detail/get_all_poses__type_support.cpp
[8.859s] -- Up-to-date: /workspaces/isaac_ros-dev/install/isaac_ros_visual_slam_interfaces/include/isaac_ros_visual_slam_interfaces/isaac_ros_visual_slam_interfaces/srv/detail/reset__rosidl_typesupport_introspection_cpp.hpp
[8.859s] -- Up-to-date: /workspaces/isaac_ros-dev/install/isaac_ros_visual_slam_interfaces/include/isaac_ros_visual_slam_interfaces/isaac_ros_visual_slam_interfaces/srv/detail/set_odometry_pose__rosidl_typesupport_introspection_cpp.hpp
[8.859s] -- Up-to-date: /workspaces/isaac_ros-dev/install/isaac_ros_visual_slam_interfaces/include/isaac_ros_visual_slam_interfaces/isaac_ros_visual_slam_interfaces/msg
[8.859s] -- Up-to-date: /workspaces/isaac_ros-dev/install/isaac_ros_visual_slam_interfaces/include/isaac_ros_visual_slam_interfaces/isaac_ros_visual_slam_interfaces/msg/detail
[8.860s] -- Up-to-date: /workspaces/isaac_ros-dev/install/isaac_ros_visual_slam_interfaces/include/isaac_ros_visual_slam_interfaces/isaac_ros_visual_slam_interfaces/msg/detail/visual_slam_status__type_support.cpp
[8.860s] -- Up-to-date: /workspaces/isaac_ros-dev/install/isaac_ros_visual_slam_interfaces/include/isaac_ros_visual_slam_interfaces/isaac_ros_visual_slam_interfaces/msg/detail/visual_slam_status__rosidl_typesupport_introspection_cpp.hpp
[8.860s] -- Up-to-date: /workspaces/isaac_ros-dev/install/isaac_ros_visual_slam_interfaces/lib/libisaac_ros_visual_slam_interfaces__rosidl_typesupport_introspection_cpp.so
[8.861s] -- Up-to-date: /workspaces/isaac_ros-dev/install/isaac_ros_visual_slam_interfaces/lib/libisaac_ros_visual_slam_interfaces__rosidl_typesupport_cpp.so
[8.862s] -- Up-to-date: /workspaces/isaac_ros-dev/install/isaac_ros_visual_slam_interfaces/share/isaac_ros_visual_slam_interfaces/environment/pythonpath.sh
[8.862s] -- Up-to-date: /workspaces/isaac_ros-dev/install/isaac_ros_visual_slam_interfaces/share/isaac_ros_visual_slam_interfaces/environment/pythonpath.dsv
[8.862s] -- Up-to-date: /workspaces/isaac_ros-dev/install/isaac_ros_visual_slam_interfaces/lib/python3.8/site-packages/isaac_ros_visual_slam_interfaces-0.11.0-py3.8.egg-info
[8.863s] -- Installing: /workspaces/isaac_ros-dev/install/isaac_ros_visual_slam_interfaces/lib/python3.8/site-packages/isaac_ros_visual_slam_interfaces-0.11.0-py3.8.egg-info/top_level.txt
[8.863s] -- Installing: /workspaces/isaac_ros-dev/install/isaac_ros_visual_slam_interfaces/lib/python3.8/site-packages/isaac_ros_visual_slam_interfaces-0.11.0-py3.8.egg-info/dependency_links.txt
[8.863s] -- Installing: /workspaces/isaac_ros-dev/install/isaac_ros_visual_slam_interfaces/lib/python3.8/site-packages/isaac_ros_visual_slam_interfaces-0.11.0-py3.8.egg-info/SOURCES.txt
[8.863s] -- Installing: /workspaces/isaac_ros-dev/install/isaac_ros_visual_slam_interfaces/lib/python3.8/site-packages/isaac_ros_visual_slam_interfaces-0.11.0-py3.8.egg-info/PKG-INFO
[8.864s] -- Up-to-date: /workspaces/isaac_ros-dev/install/isaac_ros_visual_slam_interfaces/lib/python3.8/site-packages/isaac_ros_visual_slam_interfaces
[8.864s] -- Up-to-date: /workspaces/isaac_ros-dev/install/isaac_ros_visual_slam_interfaces/lib/python3.8/site-packages/isaac_ros_visual_slam_interfaces/action
[8.864s] -- Up-to-date: /workspaces/isaac_ros-dev/install/isaac_ros_visual_slam_interfaces/lib/python3.8/site-packages/isaac_ros_visual_slam_interfaces/action/_load_map_and_localize.py
[8.864s] -- Up-to-date: /workspaces/isaac_ros-dev/install/isaac_ros_visual_slam_interfaces/lib/python3.8/site-packages/isaac_ros_visual_slam_interfaces/action/__init__.py
[8.865s] -- Up-to-date: /workspaces/isaac_ros-dev/install/isaac_ros_visual_slam_interfaces/lib/python3.8/site-packages/isaac_ros_visual_slam_interfaces/action/_load_map_and_localize_s.c
[8.865s] -- Up-to-date: /workspaces/isaac_ros-dev/install/isaac_ros_visual_slam_interfaces/lib/python3.8/site-packages/isaac_ros_visual_slam_interfaces/action/_save_map.py
[8.865s] -- Up-to-date: /workspaces/isaac_ros-dev/install/isaac_ros_visual_slam_interfaces/lib/python3.8/site-packages/isaac_ros_visual_slam_interfaces/action/_save_map_s.c
[8.866s] -- Up-to-date: /workspaces/isaac_ros-dev/install/isaac_ros_visual_slam_interfaces/lib/python3.8/site-packages/isaac_ros_visual_slam_interfaces/__init__.py
[8.867s] -- Up-to-date: /workspaces/isaac_ros-dev/install/isaac_ros_visual_slam_interfaces/lib/python3.8/site-packages/isaac_ros_visual_slam_interfaces/isaac_ros_visual_slam_interfaces_s__rosidl_typesupport_fastrtps_c.cpython-38-aarch64-linux-gnu.so
[8.867s] -- Up-to-date: /workspaces/isaac_ros-dev/install/isaac_ros_visual_slam_interfaces/lib/python3.8/site-packages/isaac_ros_visual_slam_interfaces/isaac_ros_visual_slam_interfaces_s__rosidl_typesupport_c.cpython-38-aarch64-linux-gnu.so
[8.868s] -- Up-to-date: /workspaces/isaac_ros-dev/install/isaac_ros_visual_slam_interfaces/lib/python3.8/site-packages/isaac_ros_visual_slam_interfaces/_isaac_ros_visual_slam_interfaces_s.ep.rosidl_typesupport_introspection_c.c
[8.868s] -- Up-to-date: /workspaces/isaac_ros-dev/install/isaac_ros_visual_slam_interfaces/lib/python3.8/site-packages/isaac_ros_visual_slam_interfaces/srv
[8.869s] -- Up-to-date: /workspaces/isaac_ros-dev/install/isaac_ros_visual_slam_interfaces/lib/python3.8/site-packages/isaac_ros_visual_slam_interfaces/srv/__init__.py
[8.869s] -- Up-to-date: /workspaces/isaac_ros-dev/install/isaac_ros_visual_slam_interfaces/lib/python3.8/site-packages/isaac_ros_visual_slam_interfaces/srv/_get_all_poses_s.c
[8.869s] -- Up-to-date: /workspaces/isaac_ros-dev/install/isaac_ros_visual_slam_interfaces/lib/python3.8/site-packages/isaac_ros_visual_slam_interfaces/srv/_reset.py
[8.869s] -- Up-to-date: /workspaces/isaac_ros-dev/install/isaac_ros_visual_slam_interfaces/lib/python3.8/site-packages/isaac_ros_visual_slam_interfaces/srv/_set_odometry_pose_s.c
[8.870s] -- Up-to-date: /workspaces/isaac_ros-dev/install/isaac_ros_visual_slam_interfaces/lib/python3.8/site-packages/isaac_ros_visual_slam_interfaces/srv/_reset_s.c
[8.870s] -- Up-to-date: /workspaces/isaac_ros-dev/install/isaac_ros_visual_slam_interfaces/lib/python3.8/site-packages/isaac_ros_visual_slam_interfaces/srv/_set_odometry_pose.py
[8.870s] -- Up-to-date: /workspaces/isaac_ros-dev/install/isaac_ros_visual_slam_interfaces/lib/python3.8/site-packages/isaac_ros_visual_slam_interfaces/srv/_get_all_poses.py
[8.871s] -- Up-to-date: /workspaces/isaac_ros-dev/install/isaac_ros_visual_slam_interfaces/lib/python3.8/site-packages/isaac_ros_visual_slam_interfaces/msg
[8.871s] -- Up-to-date: /workspaces/isaac_ros-dev/install/isaac_ros_visual_slam_interfaces/lib/python3.8/site-packages/isaac_ros_visual_slam_interfaces/msg/__init__.py
[8.871s] -- Up-to-date: /workspaces/isaac_ros-dev/install/isaac_ros_visual_slam_interfaces/lib/python3.8/site-packages/isaac_ros_visual_slam_interfaces/msg/_visual_slam_status_s.c
[8.871s] -- Up-to-date: /workspaces/isaac_ros-dev/install/isaac_ros_visual_slam_interfaces/lib/python3.8/site-packages/isaac_ros_visual_slam_interfaces/msg/_visual_slam_status.py
[8.872s] -- Up-to-date: /workspaces/isaac_ros-dev/install/isaac_ros_visual_slam_interfaces/lib/python3.8/site-packages/isaac_ros_visual_slam_interfaces/_isaac_ros_visual_slam_interfaces_s.ep.rosidl_typesupport_fastrtps_c.c
[8.872s] -- Up-to-date: /workspaces/isaac_ros-dev/install/isaac_ros_visual_slam_interfaces/lib/python3.8/site-packages/isaac_ros_visual_slam_interfaces/_isaac_ros_visual_slam_interfaces_s.ep.rosidl_typesupport_c.c
[8.872s] -- Up-to-date: /workspaces/isaac_ros-dev/install/isaac_ros_visual_slam_interfaces/lib/python3.8/site-packages/isaac_ros_visual_slam_interfaces/isaac_ros_visual_slam_interfaces_s__rosidl_typesupport_introspection_c.cpython-38-aarch64-linux-gnu.so
[8.873s] -- Up-to-date: /workspaces/isaac_ros-dev/install/isaac_ros_visual_slam_interfaces/lib/python3.8/site-packages/isaac_ros_visual_slam_interfaces/libisaac_ros_visual_slam_interfaces__rosidl_generator_py.so
[9.052s] Listing '/workspaces/isaac_ros-dev/install/isaac_ros_visual_slam_interfaces/lib/python3.8/site-packages/isaac_ros_visual_slam_interfaces'...
[9.053s] Listing '/workspaces/isaac_ros-dev/install/isaac_ros_visual_slam_interfaces/lib/python3.8/site-packages/isaac_ros_visual_slam_interfaces/action'...
[9.053s] Listing '/workspaces/isaac_ros-dev/install/isaac_ros_visual_slam_interfaces/lib/python3.8/site-packages/isaac_ros_visual_slam_interfaces/msg'...
[9.053s] Listing '/workspaces/isaac_ros-dev/install/isaac_ros_visual_slam_interfaces/lib/python3.8/site-packages/isaac_ros_visual_slam_interfaces/srv'...
[9.076s] -- Up-to-date: /workspaces/isaac_ros-dev/install/isaac_ros_visual_slam_interfaces/lib/python3.8/site-packages/isaac_ros_visual_slam_interfaces/isaac_ros_visual_slam_interfaces_s__rosidl_typesupport_fastrtps_c.cpython-38-aarch64-linux-gnu.so
[9.080s] -- Up-to-date: /workspaces/isaac_ros-dev/install/isaac_ros_visual_slam_interfaces/lib/python3.8/site-packages/isaac_ros_visual_slam_interfaces/isaac_ros_visual_slam_interfaces_s__rosidl_typesupport_introspection_c.cpython-38-aarch64-linux-gnu.so
[9.083s] -- Up-to-date: /workspaces/isaac_ros-dev/install/isaac_ros_visual_slam_interfaces/lib/python3.8/site-packages/isaac_ros_visual_slam_interfaces/isaac_ros_visual_slam_interfaces_s__rosidl_typesupport_c.cpython-38-aarch64-linux-gnu.so
[9.086s] -- Up-to-date: /workspaces/isaac_ros-dev/install/isaac_ros_visual_slam_interfaces/lib/libisaac_ros_visual_slam_interfaces__rosidl_generator_py.so
[9.088s] -- Up-to-date: /workspaces/isaac_ros-dev/install/isaac_ros_visual_slam_interfaces/share/isaac_ros_visual_slam_interfaces/msg/VisualSlamStatus.idl
[9.089s] -- Up-to-date: /workspaces/isaac_ros-dev/install/isaac_ros_visual_slam_interfaces/share/isaac_ros_visual_slam_interfaces/srv/GetAllPoses.idl
[9.091s] -- Up-to-date: /workspaces/isaac_ros-dev/install/isaac_ros_visual_slam_interfaces/share/isaac_ros_visual_slam_interfaces/srv/Reset.idl
[9.091s] -- Up-to-date: /workspaces/isaac_ros-dev/install/isaac_ros_visual_slam_interfaces/share/isaac_ros_visual_slam_interfaces/srv/SetOdometryPose.idl
[9.093s] -- Up-to-date: /workspaces/isaac_ros-dev/install/isaac_ros_visual_slam_interfaces/share/isaac_ros_visual_slam_interfaces/action/LoadMapAndLocalize.idl
[9.093s] -- Up-to-date: /workspaces/isaac_ros-dev/install/isaac_ros_visual_slam_interfaces/share/isaac_ros_visual_slam_interfaces/action/SaveMap.idl
[9.094s] -- Up-to-date: /workspaces/isaac_ros-dev/install/isaac_ros_visual_slam_interfaces/share/isaac_ros_visual_slam_interfaces/msg/VisualSlamStatus.msg
[9.095s] -- Up-to-date: /workspaces/isaac_ros-dev/install/isaac_ros_visual_slam_interfaces/share/isaac_ros_visual_slam_interfaces/srv/GetAllPoses.srv
[9.095s] -- Up-to-date: /workspaces/isaac_ros-dev/install/isaac_ros_visual_slam_interfaces/share/isaac_ros_visual_slam_interfaces/srv/GetAllPoses_Request.msg
[9.096s] -- Up-to-date: /workspaces/isaac_ros-dev/install/isaac_ros_visual_slam_interfaces/share/isaac_ros_visual_slam_interfaces/srv/GetAllPoses_Response.msg
[9.096s] -- Up-to-date: /workspaces/isaac_ros-dev/install/isaac_ros_visual_slam_interfaces/share/isaac_ros_visual_slam_interfaces/srv/Reset.srv
[9.096s] -- Up-to-date: /workspaces/isaac_ros-dev/install/isaac_ros_visual_slam_interfaces/share/isaac_ros_visual_slam_interfaces/srv/Reset_Request.msg
[9.097s] -- Up-to-date: /workspaces/isaac_ros-dev/install/isaac_ros_visual_slam_interfaces/share/isaac_ros_visual_slam_interfaces/srv/Reset_Response.msg
[9.097s] -- Up-to-date: /workspaces/isaac_ros-dev/install/isaac_ros_visual_slam_interfaces/share/isaac_ros_visual_slam_interfaces/srv/SetOdometryPose.srv
[9.097s] -- Up-to-date: /workspaces/isaac_ros-dev/install/isaac_ros_visual_slam_interfaces/share/isaac_ros_visual_slam_interfaces/srv/SetOdometryPose_Request.msg
[9.098s] -- Up-to-date: /workspaces/isaac_ros-dev/install/isaac_ros_visual_slam_interfaces/share/isaac_ros_visual_slam_interfaces/srv/SetOdometryPose_Response.msg
[9.098s] -- Up-to-date: /workspaces/isaac_ros-dev/install/isaac_ros_visual_slam_interfaces/share/isaac_ros_visual_slam_interfaces/action/LoadMapAndLocalize.action
[9.098s] -- Up-to-date: /workspaces/isaac_ros-dev/install/isaac_ros_visual_slam_interfaces/share/isaac_ros_visual_slam_interfaces/action/SaveMap.action
[9.099s] -- Up-to-date: /workspaces/isaac_ros-dev/install/isaac_ros_visual_slam_interfaces/share/ament_index/resource_index/package_run_dependencies/isaac_ros_visual_slam_interfaces
[9.099s] -- Up-to-date: /workspaces/isaac_ros-dev/install/isaac_ros_visual_slam_interfaces/share/ament_index/resource_index/parent_prefix_path/isaac_ros_visual_slam_interfaces
[9.099s] -- Up-to-date: /workspaces/isaac_ros-dev/install/isaac_ros_visual_slam_interfaces/share/isaac_ros_visual_slam_interfaces/environment/ament_prefix_path.sh
[9.099s] -- Up-to-date: /workspaces/isaac_ros-dev/install/isaac_ros_visual_slam_interfaces/share/isaac_ros_visual_slam_interfaces/environment/ament_prefix_path.dsv
[9.100s] -- Up-to-date: /workspaces/isaac_ros-dev/install/isaac_ros_visual_slam_interfaces/share/isaac_ros_visual_slam_interfaces/environment/path.sh
[9.100s] -- Up-to-date: /workspaces/isaac_ros-dev/install/isaac_ros_visual_slam_interfaces/share/isaac_ros_visual_slam_interfaces/environment/path.dsv
[9.100s] -- Up-to-date: /workspaces/isaac_ros-dev/install/isaac_ros_visual_slam_interfaces/share/isaac_ros_visual_slam_interfaces/local_setup.bash
[9.101s] -- Up-to-date: /workspaces/isaac_ros-dev/install/isaac_ros_visual_slam_interfaces/share/isaac_ros_visual_slam_interfaces/local_setup.sh
[9.102s] -- Up-to-date: /workspaces/isaac_ros-dev/install/isaac_ros_visual_slam_interfaces/share/isaac_ros_visual_slam_interfaces/local_setup.zsh
[9.102s] -- Up-to-date: /workspaces/isaac_ros-dev/install/isaac_ros_visual_slam_interfaces/share/isaac_ros_visual_slam_interfaces/local_setup.dsv
[9.103s] -- Installing: /workspaces/isaac_ros-dev/install/isaac_ros_visual_slam_interfaces/share/isaac_ros_visual_slam_interfaces/package.dsv
[9.108s] -- Up-to-date: /workspaces/isaac_ros-dev/install/isaac_ros_visual_slam_interfaces/share/ament_index/resource_index/packages/isaac_ros_visual_slam_interfaces
[9.111s] -- Up-to-date: /workspaces/isaac_ros-dev/install/isaac_ros_visual_slam_interfaces/share/isaac_ros_visual_slam_interfaces/cmake/export_isaac_ros_visual_slam_interfaces__rosidl_generator_cExport.cmake
[9.112s] -- Up-to-date: /workspaces/isaac_ros-dev/install/isaac_ros_visual_slam_interfaces/share/isaac_ros_visual_slam_interfaces/cmake/export_isaac_ros_visual_slam_interfaces__rosidl_generator_cExport-release.cmake
[9.113s] -- Up-to-date: /workspaces/isaac_ros-dev/install/isaac_ros_visual_slam_interfaces/share/isaac_ros_visual_slam_interfaces/cmake/export_isaac_ros_visual_slam_interfaces__rosidl_typesupport_fastrtps_cExport.cmake
[9.113s] -- Up-to-date: /workspaces/isaac_ros-dev/install/isaac_ros_visual_slam_interfaces/share/isaac_ros_visual_slam_interfaces/cmake/export_isaac_ros_visual_slam_interfaces__rosidl_typesupport_fastrtps_cExport-release.cmake
[9.114s] -- Up-to-date: /workspaces/isaac_ros-dev/install/isaac_ros_visual_slam_interfaces/share/isaac_ros_visual_slam_interfaces/cmake/isaac_ros_visual_slam_interfaces__rosidl_typesupport_introspection_cExport.cmake
[9.114s] -- Up-to-date: /workspaces/isaac_ros-dev/install/isaac_ros_visual_slam_interfaces/share/isaac_ros_visual_slam_interfaces/cmake/isaac_ros_visual_slam_interfaces__rosidl_typesupport_introspection_cExport-release.cmake
[9.116s] -- Up-to-date: /workspaces/isaac_ros-dev/install/isaac_ros_visual_slam_interfaces/share/isaac_ros_visual_slam_interfaces/cmake/isaac_ros_visual_slam_interfaces__rosidl_typesupport_cExport.cmake
[9.117s] -- Up-to-date: /workspaces/isaac_ros-dev/install/isaac_ros_visual_slam_interfaces/share/isaac_ros_visual_slam_interfaces/cmake/isaac_ros_visual_slam_interfaces__rosidl_typesupport_cExport-release.cmake
[9.119s] -- Up-to-date: /workspaces/isaac_ros-dev/install/isaac_ros_visual_slam_interfaces/share/isaac_ros_visual_slam_interfaces/cmake/export_isaac_ros_visual_slam_interfaces__rosidl_generator_cppExport.cmake
[9.119s] -- Up-to-date: /workspaces/isaac_ros-dev/install/isaac_ros_visual_slam_interfaces/share/isaac_ros_visual_slam_interfaces/cmake/export_isaac_ros_visual_slam_interfaces__rosidl_typesupport_fastrtps_cppExport.cmake
[9.120s] -- Up-to-date: /workspaces/isaac_ros-dev/install/isaac_ros_visual_slam_interfaces/share/isaac_ros_visual_slam_interfaces/cmake/export_isaac_ros_visual_slam_interfaces__rosidl_typesupport_fastrtps_cppExport-release.cmake
[9.121s] -- Up-to-date: /workspaces/isaac_ros-dev/install/isaac_ros_visual_slam_interfaces/share/isaac_ros_visual_slam_interfaces/cmake/isaac_ros_visual_slam_interfaces__rosidl_typesupport_introspection_cppExport.cmake
[9.122s] -- Up-to-date: /workspaces/isaac_ros-dev/install/isaac_ros_visual_slam_interfaces/share/isaac_ros_visual_slam_interfaces/cmake/isaac_ros_visual_slam_interfaces__rosidl_typesupport_introspection_cppExport-release.cmake
[9.123s] -- Up-to-date: /workspaces/isaac_ros-dev/install/isaac_ros_visual_slam_interfaces/share/isaac_ros_visual_slam_interfaces/cmake/isaac_ros_visual_slam_interfaces__rosidl_typesupport_cppExport.cmake
[9.124s] -- Up-to-date: /workspaces/isaac_ros-dev/install/isaac_ros_visual_slam_interfaces/share/isaac_ros_visual_slam_interfaces/cmake/isaac_ros_visual_slam_interfaces__rosidl_typesupport_cppExport-release.cmake
[9.125s] -- Up-to-date: /workspaces/isaac_ros-dev/install/isaac_ros_visual_slam_interfaces/share/isaac_ros_visual_slam_interfaces/cmake/export_isaac_ros_visual_slam_interfaces__rosidl_generator_pyExport.cmake
[9.126s] -- Up-to-date: /workspaces/isaac_ros-dev/install/isaac_ros_visual_slam_interfaces/share/isaac_ros_visual_slam_interfaces/cmake/export_isaac_ros_visual_slam_interfaces__rosidl_generator_pyExport-release.cmake
[9.126s] -- Up-to-date: /workspaces/isaac_ros-dev/install/isaac_ros_visual_slam_interfaces/share/isaac_ros_visual_slam_interfaces/cmake/rosidl_cmake-extras.cmake
[9.127s] -- Up-to-date: /workspaces/isaac_ros-dev/install/isaac_ros_visual_slam_interfaces/share/isaac_ros_visual_slam_interfaces/cmake/ament_cmake_export_dependencies-extras.cmake
[9.128s] -- Up-to-date: /workspaces/isaac_ros-dev/install/isaac_ros_visual_slam_interfaces/share/isaac_ros_visual_slam_interfaces/cmake/ament_cmake_export_include_directories-extras.cmake
[9.129s] -- Up-to-date: /workspaces/isaac_ros-dev/install/isaac_ros_visual_slam_interfaces/share/isaac_ros_visual_slam_interfaces/cmake/ament_cmake_export_libraries-extras.cmake
[9.130s] -- Up-to-date: /workspaces/isaac_ros-dev/install/isaac_ros_visual_slam_interfaces/share/isaac_ros_visual_slam_interfaces/cmake/ament_cmake_export_targets-extras.cmake
[9.132s] -- Up-to-date: /workspaces/isaac_ros-dev/install/isaac_ros_visual_slam_interfaces/share/isaac_ros_visual_slam_interfaces/cmake/rosidl_cmake_export_typesupport_targets-extras.cmake
[9.133s] -- Up-to-date: /workspaces/isaac_ros-dev/install/isaac_ros_visual_slam_interfaces/share/isaac_ros_visual_slam_interfaces/cmake/rosidl_cmake_export_typesupport_libraries-extras.cmake
[9.134s] -- Up-to-date: /workspaces/isaac_ros-dev/install/isaac_ros_visual_slam_interfaces/share/isaac_ros_visual_slam_interfaces/cmake/isaac_ros_visual_slam_interfacesConfig.cmake
[9.134s] -- Up-to-date: /workspaces/isaac_ros-dev/install/isaac_ros_visual_slam_interfaces/share/isaac_ros_visual_slam_interfaces/cmake/isaac_ros_visual_slam_interfacesConfig-version.cmake
[9.134s] -- Up-to-date: /workspaces/isaac_ros-dev/install/isaac_ros_visual_slam_interfaces/share/isaac_ros_visual_slam_interfaces/package.xml
[9.151s] Invoked command in '/workspaces/isaac_ros-dev/build/isaac_ros_visual_slam_interfaces' returned '0': CMAKE_PREFIX_PATH=/workspaces/isaac_ros-dev/install/yolov8_bringup:/workspaces/isaac_ros-dev/install/multisense_ros:/workspaces/isaac_ros-dev/install/xacro:/workspaces/isaac_ros-dev/install/vision_msgs_rviz_plugins:/workspaces/isaac_ros-dev/install/vision_msgs:/workspaces/isaac_ros-dev/install/velodyne:/workspaces/isaac_ros-dev/install/velodyne_pointcloud:/workspaces/isaac_ros-dev/install/velodyne_driver:/workspaces/isaac_ros-dev/install/velodyne_msgs:/workspaces/isaac_ros-dev/install/velodyne_laserscan:/workspaces/isaac_ros-dev/install/vectornav:/workspaces/isaac_ros-dev/install/sdv_localization:/workspaces/isaac_ros-dev/install/vectornav_msgs:/workspaces/isaac_ros-dev/install/slam_toolbox:/workspaces/isaac_ros-dev/install/sdv_msg:/workspaces/isaac_ros-dev/install/sdv_localization_msgs:/workspaces/isaac_ros-dev/install/pointcloud_to_laserscan:/workspaces/isaac_ros-dev/install/my_package:/workspaces/isaac_ros-dev/install/multisense_msgs:/workspaces/isaac_ros-dev/install/multisense_lib:/workspaces/isaac_ros-dev/install/isaac_ros_visual_slam:/workspaces/isaac_ros-dev/install/isaac_ros_visual_slam_interfaces:/workspaces/isaac_ros-dev/install/isaac_ros_tensor_list_interfaces:/workspaces/isaac_ros-dev/install/isaac_ros_common:/workspaces/isaac_ros-dev/install/isaac_ros_bi3d_interfaces:/workspaces/isaac_ros-dev/install/isaac_ros_apriltag_interfaces:/workspaces/isaac_ros-dev/install/yolov8_ros:/workspaces/isaac_ros-dev/install/xbox_controller:/workspaces/isaac_ros-dev/install/panel:/workspaces/isaac_ros-dev/install/isaac_ros_test:/workspaces/isaac_ros-dev/install/encoder:/opt/ros/humble/install /usr/bin/cmake --install /workspaces/isaac_ros-dev/build/isaac_ros_visual_slam_interfaces
