[0.637s] Invoking command in '/workspaces/isaac_ros-dev/build/isaac_ros_bi3d_interfaces': CMAKE_PREFIX_PATH=/workspaces/isaac_ros-dev/install/yolov8_bringup:/workspaces/isaac_ros-dev/install/xacro:/workspaces/isaac_ros-dev/install/vision_msgs:/workspaces/isaac_ros-dev/install/velodyne_driver:/workspaces/isaac_ros-dev/install/velodyne_msgs:/workspaces/isaac_ros-dev/install/velodyne_laserscan:/workspaces/isaac_ros-dev/install/vectornav_msgs:/workspaces/isaac_ros-dev/install/sdv_msg:/workspaces/isaac_ros-dev/install/sdv_localization_msgs:/workspaces/isaac_ros-dev/install/my_package:/workspaces/isaac_ros-dev/install/multisense_msgs:/workspaces/isaac_ros-dev/install/multisense_lib:/workspaces/isaac_ros-dev/install/isaac_ros_visual_slam_interfaces:/workspaces/isaac_ros-dev/install/isaac_ros_tensor_list_interfaces:/workspaces/isaac_ros-dev/install/isaac_ros_common:/workspaces/isaac_ros-dev/install/isaac_ros_bi3d_interfaces:/workspaces/isaac_ros-dev/install/isaac_ros_apriltag_interfaces:/workspaces/isaac_ros-dev/install/yolov8_ros:/workspaces/isaac_ros-dev/install/panel:/workspaces/isaac_ros-dev/install/isaac_ros_test:/workspaces/isaac_ros-dev/install/encoder:/opt/ros/humble/install /usr/bin/cmake --build /workspaces/isaac_ros-dev/build/isaac_ros_bi3d_interfaces -- -j8 -l8
[0.798s] [35m[1mConsolidate compiler generated dependencies of target isaac_ros_bi3d_interfaces__rosidl_generator_c[0m
[0.829s] [  3%] Built target isaac_ros_bi3d_interfaces__cpp
[0.848s] [  3%] Built target ament_cmake_python_copy_isaac_ros_bi3d_interfaces
[0.853s] [ 12%] Built target isaac_ros_bi3d_interfaces__rosidl_generator_c
[0.869s] [35m[1mConsolidate compiler generated dependencies of target isaac_ros_bi3d_interfaces__rosidl_typesupport_fastrtps_cpp[0m
[0.900s] [35m[1mConsolidate compiler generated dependencies of target isaac_ros_bi3d_interfaces__rosidl_typesupport_cpp[0m
[0.910s] [35m[1mConsolidate compiler generated dependencies of target isaac_ros_bi3d_interfaces__rosidl_typesupport_introspection_cpp[0m
[0.928s] [ 22%] Built target isaac_ros_bi3d_interfaces__rosidl_typesupport_fastrtps_cpp
[0.966s] [ 32%] Built target isaac_ros_bi3d_interfaces__rosidl_typesupport_cpp
[0.981s] [ 41%] Built target isaac_ros_bi3d_interfaces__rosidl_typesupport_introspection_cpp
[0.983s] [35m[1mConsolidate compiler generated dependencies of target isaac_ros_bi3d_interfaces__rosidl_typesupport_fastrtps_c[0m
[1.012s] [35m[1mConsolidate compiler generated dependencies of target isaac_ros_bi3d_interfaces__rosidl_typesupport_introspection_c[0m
[1.013s] [35m[1mConsolidate compiler generated dependencies of target isaac_ros_bi3d_interfaces__rosidl_typesupport_c[0m
[1.178s] [ 51%] Built target isaac_ros_bi3d_interfaces__rosidl_typesupport_fastrtps_c
[1.178s] [ 61%] Built target isaac_ros_bi3d_interfaces__rosidl_typesupport_c
[1.235s] [ 70%] Built target isaac_ros_bi3d_interfaces__rosidl_typesupport_introspection_c
[1.255s] [ 70%] Built target isaac_ros_bi3d_interfaces
[1.368s] [ 74%] Built target isaac_ros_bi3d_interfaces__py
[1.431s] [35m[1mConsolidate compiler generated dependencies of target isaac_ros_bi3d_interfaces__rosidl_generator_py[0m
[1.489s] [ 80%] Built target isaac_ros_bi3d_interfaces__rosidl_generator_py
[1.542s] [35m[1mConsolidate compiler generated dependencies of target isaac_ros_bi3d_interfaces__rosidl_typesupport_fastrtps_c__pyext[0m
[1.553s] [35m[1mConsolidate compiler generated dependencies of target isaac_ros_bi3d_interfaces__rosidl_typesupport_introspection_c__pyext[0m
[1.570s] [35m[1mConsolidate compiler generated dependencies of target isaac_ros_bi3d_interfaces__rosidl_typesupport_c__pyext[0m
[1.601s] [ 87%] Built target isaac_ros_bi3d_interfaces__rosidl_typesupport_fastrtps_c__pyext
[1.637s] [ 93%] Built target isaac_ros_bi3d_interfaces__rosidl_typesupport_introspection_c__pyext
[1.656s] [100%] Built target isaac_ros_bi3d_interfaces__rosidl_typesupport_c__pyext
[2.664s] running egg_info
[2.727s] writing isaac_ros_bi3d_interfaces.egg-info/PKG-INFO
[2.729s] writing dependency_links to isaac_ros_bi3d_interfaces.egg-info/dependency_links.txt
[2.730s] writing top-level names to isaac_ros_bi3d_interfaces.egg-info/top_level.txt
[2.934s] reading manifest file 'isaac_ros_bi3d_interfaces.egg-info/SOURCES.txt'
[2.935s] writing manifest file 'isaac_ros_bi3d_interfaces.egg-info/SOURCES.txt'
[3.107s] [100%] Built target ament_cmake_python_build_isaac_ros_bi3d_interfaces_egg
[3.196s] Invoked command in '/workspaces/isaac_ros-dev/build/isaac_ros_bi3d_interfaces' returned '0': CMAKE_PREFIX_PATH=/workspaces/isaac_ros-dev/install/yolov8_bringup:/workspaces/isaac_ros-dev/install/xacro:/workspaces/isaac_ros-dev/install/vision_msgs:/workspaces/isaac_ros-dev/install/velodyne_driver:/workspaces/isaac_ros-dev/install/velodyne_msgs:/workspaces/isaac_ros-dev/install/velodyne_laserscan:/workspaces/isaac_ros-dev/install/vectornav_msgs:/workspaces/isaac_ros-dev/install/sdv_msg:/workspaces/isaac_ros-dev/install/sdv_localization_msgs:/workspaces/isaac_ros-dev/install/my_package:/workspaces/isaac_ros-dev/install/multisense_msgs:/workspaces/isaac_ros-dev/install/multisense_lib:/workspaces/isaac_ros-dev/install/isaac_ros_visual_slam_interfaces:/workspaces/isaac_ros-dev/install/isaac_ros_tensor_list_interfaces:/workspaces/isaac_ros-dev/install/isaac_ros_common:/workspaces/isaac_ros-dev/install/isaac_ros_bi3d_interfaces:/workspaces/isaac_ros-dev/install/isaac_ros_apriltag_interfaces:/workspaces/isaac_ros-dev/install/yolov8_ros:/workspaces/isaac_ros-dev/install/panel:/workspaces/isaac_ros-dev/install/isaac_ros_test:/workspaces/isaac_ros-dev/install/encoder:/opt/ros/humble/install /usr/bin/cmake --build /workspaces/isaac_ros-dev/build/isaac_ros_bi3d_interfaces -- -j8 -l8
[6.055s] Invoking command in '/workspaces/isaac_ros-dev/build/isaac_ros_bi3d_interfaces': CMAKE_PREFIX_PATH=/workspaces/isaac_ros-dev/install/yolov8_bringup:/workspaces/isaac_ros-dev/install/xacro:/workspaces/isaac_ros-dev/install/vision_msgs:/workspaces/isaac_ros-dev/install/velodyne_driver:/workspaces/isaac_ros-dev/install/velodyne_msgs:/workspaces/isaac_ros-dev/install/velodyne_laserscan:/workspaces/isaac_ros-dev/install/vectornav_msgs:/workspaces/isaac_ros-dev/install/sdv_msg:/workspaces/isaac_ros-dev/install/sdv_localization_msgs:/workspaces/isaac_ros-dev/install/my_package:/workspaces/isaac_ros-dev/install/multisense_msgs:/workspaces/isaac_ros-dev/install/multisense_lib:/workspaces/isaac_ros-dev/install/isaac_ros_visual_slam_interfaces:/workspaces/isaac_ros-dev/install/isaac_ros_tensor_list_interfaces:/workspaces/isaac_ros-dev/install/isaac_ros_common:/workspaces/isaac_ros-dev/install/isaac_ros_bi3d_interfaces:/workspaces/isaac_ros-dev/install/isaac_ros_apriltag_interfaces:/workspaces/isaac_ros-dev/install/yolov8_ros:/workspaces/isaac_ros-dev/install/panel:/workspaces/isaac_ros-dev/install/isaac_ros_test:/workspaces/isaac_ros-dev/install/encoder:/opt/ros/humble/install /usr/bin/cmake --install /workspaces/isaac_ros-dev/build/isaac_ros_bi3d_interfaces
[6.078s] -- Install configuration: "Release"
[6.097s] -- Up-to-date: /workspaces/isaac_ros-dev/install/isaac_ros_bi3d_interfaces/share/ament_index/resource_index/rosidl_interfaces/isaac_ros_bi3d_interfaces
[6.104s] -- Up-to-date: /workspaces/isaac_ros-dev/install/isaac_ros_bi3d_interfaces/include/isaac_ros_bi3d_interfaces/isaac_ros_bi3d_interfaces
[6.104s] -- Up-to-date: /workspaces/isaac_ros-dev/install/isaac_ros_bi3d_interfaces/include/isaac_ros_bi3d_interfaces/isaac_ros_bi3d_interfaces/msg
[6.105s] -- Up-to-date: /workspaces/isaac_ros-dev/install/isaac_ros_bi3d_interfaces/include/isaac_ros_bi3d_interfaces/isaac_ros_bi3d_interfaces/msg/rosidl_generator_c__visibility_control.h
[6.105s] -- Up-to-date: /workspaces/isaac_ros-dev/install/isaac_ros_bi3d_interfaces/include/isaac_ros_bi3d_interfaces/isaac_ros_bi3d_interfaces/msg/detail
[6.106s] -- Up-to-date: /workspaces/isaac_ros-dev/install/isaac_ros_bi3d_interfaces/include/isaac_ros_bi3d_interfaces/isaac_ros_bi3d_interfaces/msg/detail/bi3_d_inference_parameters_array__functions.h
[6.106s] -- Up-to-date: /workspaces/isaac_ros-dev/install/isaac_ros_bi3d_interfaces/include/isaac_ros_bi3d_interfaces/isaac_ros_bi3d_interfaces/msg/detail/bi3_d_inference_parameters_array__struct.h
[6.107s] -- Up-to-date: /workspaces/isaac_ros-dev/install/isaac_ros_bi3d_interfaces/include/isaac_ros_bi3d_interfaces/isaac_ros_bi3d_interfaces/msg/detail/bi3_d_inference_parameters_array__functions.c
[6.107s] -- Up-to-date: /workspaces/isaac_ros-dev/install/isaac_ros_bi3d_interfaces/include/isaac_ros_bi3d_interfaces/isaac_ros_bi3d_interfaces/msg/detail/bi3_d_inference_parameters_array__type_support.h
[6.108s] -- Up-to-date: /workspaces/isaac_ros-dev/install/isaac_ros_bi3d_interfaces/include/isaac_ros_bi3d_interfaces/isaac_ros_bi3d_interfaces/msg/bi3_d_inference_parameters_array.h
[6.109s] -- Up-to-date: /workspaces/isaac_ros-dev/install/isaac_ros_bi3d_interfaces/share/isaac_ros_bi3d_interfaces/environment/library_path.sh
[6.109s] -- Up-to-date: /workspaces/isaac_ros-dev/install/isaac_ros_bi3d_interfaces/share/isaac_ros_bi3d_interfaces/environment/library_path.dsv
[6.109s] -- Up-to-date: /workspaces/isaac_ros-dev/install/isaac_ros_bi3d_interfaces/lib/libisaac_ros_bi3d_interfaces__rosidl_generator_c.so
[6.110s] -- Up-to-date: /workspaces/isaac_ros-dev/install/isaac_ros_bi3d_interfaces/include/isaac_ros_bi3d_interfaces/isaac_ros_bi3d_interfaces
[6.112s] -- Up-to-date: /workspaces/isaac_ros-dev/install/isaac_ros_bi3d_interfaces/include/isaac_ros_bi3d_interfaces/isaac_ros_bi3d_interfaces/msg
[6.112s] -- Up-to-date: /workspaces/isaac_ros-dev/install/isaac_ros_bi3d_interfaces/include/isaac_ros_bi3d_interfaces/isaac_ros_bi3d_interfaces/msg/rosidl_typesupport_fastrtps_c__visibility_control.h
[6.113s] -- Up-to-date: /workspaces/isaac_ros-dev/install/isaac_ros_bi3d_interfaces/include/isaac_ros_bi3d_interfaces/isaac_ros_bi3d_interfaces/msg/detail
[6.113s] -- Up-to-date: /workspaces/isaac_ros-dev/install/isaac_ros_bi3d_interfaces/include/isaac_ros_bi3d_interfaces/isaac_ros_bi3d_interfaces/msg/detail/bi3_d_inference_parameters_array__rosidl_typesupport_fastrtps_c.h
[6.114s] -- Up-to-date: /workspaces/isaac_ros-dev/install/isaac_ros_bi3d_interfaces/lib/libisaac_ros_bi3d_interfaces__rosidl_typesupport_fastrtps_c.so
[6.114s] -- Up-to-date: /workspaces/isaac_ros-dev/install/isaac_ros_bi3d_interfaces/include/isaac_ros_bi3d_interfaces/isaac_ros_bi3d_interfaces
[6.114s] -- Up-to-date: /workspaces/isaac_ros-dev/install/isaac_ros_bi3d_interfaces/include/isaac_ros_bi3d_interfaces/isaac_ros_bi3d_interfaces/msg
[6.115s] -- Up-to-date: /workspaces/isaac_ros-dev/install/isaac_ros_bi3d_interfaces/include/isaac_ros_bi3d_interfaces/isaac_ros_bi3d_interfaces/msg/detail
[6.115s] -- Up-to-date: /workspaces/isaac_ros-dev/install/isaac_ros_bi3d_interfaces/include/isaac_ros_bi3d_interfaces/isaac_ros_bi3d_interfaces/msg/detail/bi3_d_inference_parameters_array__rosidl_typesupport_introspection_c.h
[6.116s] -- Up-to-date: /workspaces/isaac_ros-dev/install/isaac_ros_bi3d_interfaces/include/isaac_ros_bi3d_interfaces/isaac_ros_bi3d_interfaces/msg/detail/bi3_d_inference_parameters_array__type_support.c
[6.116s] -- Up-to-date: /workspaces/isaac_ros-dev/install/isaac_ros_bi3d_interfaces/include/isaac_ros_bi3d_interfaces/isaac_ros_bi3d_interfaces/msg/rosidl_typesupport_introspection_c__visibility_control.h
[6.116s] -- Up-to-date: /workspaces/isaac_ros-dev/install/isaac_ros_bi3d_interfaces/lib/libisaac_ros_bi3d_interfaces__rosidl_typesupport_introspection_c.so
[6.117s] -- Up-to-date: /workspaces/isaac_ros-dev/install/isaac_ros_bi3d_interfaces/lib/libisaac_ros_bi3d_interfaces__rosidl_typesupport_c.so
[6.117s] -- Up-to-date: /workspaces/isaac_ros-dev/install/isaac_ros_bi3d_interfaces/include/isaac_ros_bi3d_interfaces/isaac_ros_bi3d_interfaces
[6.117s] -- Up-to-date: /workspaces/isaac_ros-dev/install/isaac_ros_bi3d_interfaces/include/isaac_ros_bi3d_interfaces/isaac_ros_bi3d_interfaces/msg
[6.118s] -- Up-to-date: /workspaces/isaac_ros-dev/install/isaac_ros_bi3d_interfaces/include/isaac_ros_bi3d_interfaces/isaac_ros_bi3d_interfaces/msg/bi3_d_inference_parameters_array.hpp
[6.118s] -- Up-to-date: /workspaces/isaac_ros-dev/install/isaac_ros_bi3d_interfaces/include/isaac_ros_bi3d_interfaces/isaac_ros_bi3d_interfaces/msg/detail
[6.120s] -- Up-to-date: /workspaces/isaac_ros-dev/install/isaac_ros_bi3d_interfaces/include/isaac_ros_bi3d_interfaces/isaac_ros_bi3d_interfaces/msg/detail/bi3_d_inference_parameters_array__struct.hpp
[6.121s] -- Up-to-date: /workspaces/isaac_ros-dev/install/isaac_ros_bi3d_interfaces/include/isaac_ros_bi3d_interfaces/isaac_ros_bi3d_interfaces/msg/detail/bi3_d_inference_parameters_array__traits.hpp
[6.121s] -- Up-to-date: /workspaces/isaac_ros-dev/install/isaac_ros_bi3d_interfaces/include/isaac_ros_bi3d_interfaces/isaac_ros_bi3d_interfaces/msg/detail/bi3_d_inference_parameters_array__builder.hpp
[6.123s] -- Up-to-date: /workspaces/isaac_ros-dev/install/isaac_ros_bi3d_interfaces/include/isaac_ros_bi3d_interfaces/isaac_ros_bi3d_interfaces
[6.135s] -- Up-to-date: /workspaces/isaac_ros-dev/install/isaac_ros_bi3d_interfaces/include/isaac_ros_bi3d_interfaces/isaac_ros_bi3d_interfaces/msg
[6.136s] -- Up-to-date: /workspaces/isaac_ros-dev/install/isaac_ros_bi3d_interfaces/include/isaac_ros_bi3d_interfaces/isaac_ros_bi3d_interfaces/msg/rosidl_typesupport_fastrtps_cpp__visibility_control.h
[6.138s] -- Up-to-date: /workspaces/isaac_ros-dev/install/isaac_ros_bi3d_interfaces/include/isaac_ros_bi3d_interfaces/isaac_ros_bi3d_interfaces/msg/detail
[6.138s] -- Up-to-date: /workspaces/isaac_ros-dev/install/isaac_ros_bi3d_interfaces/include/isaac_ros_bi3d_interfaces/isaac_ros_bi3d_interfaces/msg/detail/bi3_d_inference_parameters_array__rosidl_typesupport_fastrtps_cpp.hpp
[6.138s] -- Up-to-date: /workspaces/isaac_ros-dev/install/isaac_ros_bi3d_interfaces/include/isaac_ros_bi3d_interfaces/isaac_ros_bi3d_interfaces/msg/detail/dds_fastrtps
[6.139s] -- Up-to-date: /workspaces/isaac_ros-dev/install/isaac_ros_bi3d_interfaces/lib/libisaac_ros_bi3d_interfaces__rosidl_typesupport_fastrtps_cpp.so
[6.140s] -- Up-to-date: /workspaces/isaac_ros-dev/install/isaac_ros_bi3d_interfaces/include/isaac_ros_bi3d_interfaces/isaac_ros_bi3d_interfaces
[6.141s] -- Up-to-date: /workspaces/isaac_ros-dev/install/isaac_ros_bi3d_interfaces/include/isaac_ros_bi3d_interfaces/isaac_ros_bi3d_interfaces/msg
[6.142s] -- Up-to-date: /workspaces/isaac_ros-dev/install/isaac_ros_bi3d_interfaces/include/isaac_ros_bi3d_interfaces/isaac_ros_bi3d_interfaces/msg/detail
[6.142s] -- Up-to-date: /workspaces/isaac_ros-dev/install/isaac_ros_bi3d_interfaces/include/isaac_ros_bi3d_interfaces/isaac_ros_bi3d_interfaces/msg/detail/bi3_d_inference_parameters_array__type_support.cpp
[6.143s] -- Up-to-date: /workspaces/isaac_ros-dev/install/isaac_ros_bi3d_interfaces/include/isaac_ros_bi3d_interfaces/isaac_ros_bi3d_interfaces/msg/detail/bi3_d_inference_parameters_array__rosidl_typesupport_introspection_cpp.hpp
[6.144s] -- Up-to-date: /workspaces/isaac_ros-dev/install/isaac_ros_bi3d_interfaces/lib/libisaac_ros_bi3d_interfaces__rosidl_typesupport_introspection_cpp.so
[6.144s] -- Up-to-date: /workspaces/isaac_ros-dev/install/isaac_ros_bi3d_interfaces/lib/libisaac_ros_bi3d_interfaces__rosidl_typesupport_cpp.so
[6.145s] -- Up-to-date: /workspaces/isaac_ros-dev/install/isaac_ros_bi3d_interfaces/share/isaac_ros_bi3d_interfaces/environment/pythonpath.sh
[6.146s] -- Up-to-date: /workspaces/isaac_ros-dev/install/isaac_ros_bi3d_interfaces/share/isaac_ros_bi3d_interfaces/environment/pythonpath.dsv
[6.157s] -- Up-to-date: /workspaces/isaac_ros-dev/install/isaac_ros_bi3d_interfaces/lib/python3.8/site-packages/isaac_ros_bi3d_interfaces-0.11.0-py3.8.egg-info
[6.158s] -- Installing: /workspaces/isaac_ros-dev/install/isaac_ros_bi3d_interfaces/lib/python3.8/site-packages/isaac_ros_bi3d_interfaces-0.11.0-py3.8.egg-info/top_level.txt
[6.159s] -- Installing: /workspaces/isaac_ros-dev/install/isaac_ros_bi3d_interfaces/lib/python3.8/site-packages/isaac_ros_bi3d_interfaces-0.11.0-py3.8.egg-info/dependency_links.txt
[6.160s] -- Installing: /workspaces/isaac_ros-dev/install/isaac_ros_bi3d_interfaces/lib/python3.8/site-packages/isaac_ros_bi3d_interfaces-0.11.0-py3.8.egg-info/SOURCES.txt
[6.160s] -- Installing: /workspaces/isaac_ros-dev/install/isaac_ros_bi3d_interfaces/lib/python3.8/site-packages/isaac_ros_bi3d_interfaces-0.11.0-py3.8.egg-info/PKG-INFO
[6.161s] -- Up-to-date: /workspaces/isaac_ros-dev/install/isaac_ros_bi3d_interfaces/lib/python3.8/site-packages/isaac_ros_bi3d_interfaces
[6.162s] -- Up-to-date: /workspaces/isaac_ros-dev/install/isaac_ros_bi3d_interfaces/lib/python3.8/site-packages/isaac_ros_bi3d_interfaces/__init__.py
[6.163s] -- Up-to-date: /workspaces/isaac_ros-dev/install/isaac_ros_bi3d_interfaces/lib/python3.8/site-packages/isaac_ros_bi3d_interfaces/_isaac_ros_bi3d_interfaces_s.ep.rosidl_typesupport_c.c
[6.163s] -- Up-to-date: /workspaces/isaac_ros-dev/install/isaac_ros_bi3d_interfaces/lib/python3.8/site-packages/isaac_ros_bi3d_interfaces/_isaac_ros_bi3d_interfaces_s.ep.rosidl_typesupport_introspection_c.c
[6.164s] -- Up-to-date: /workspaces/isaac_ros-dev/install/isaac_ros_bi3d_interfaces/lib/python3.8/site-packages/isaac_ros_bi3d_interfaces/msg
[6.165s] -- Up-to-date: /workspaces/isaac_ros-dev/install/isaac_ros_bi3d_interfaces/lib/python3.8/site-packages/isaac_ros_bi3d_interfaces/msg/__init__.py
[6.166s] -- Up-to-date: /workspaces/isaac_ros-dev/install/isaac_ros_bi3d_interfaces/lib/python3.8/site-packages/isaac_ros_bi3d_interfaces/msg/_bi3_d_inference_parameters_array.py
[6.166s] -- Up-to-date: /workspaces/isaac_ros-dev/install/isaac_ros_bi3d_interfaces/lib/python3.8/site-packages/isaac_ros_bi3d_interfaces/msg/_bi3_d_inference_parameters_array_s.c
[6.167s] -- Up-to-date: /workspaces/isaac_ros-dev/install/isaac_ros_bi3d_interfaces/lib/python3.8/site-packages/isaac_ros_bi3d_interfaces/_isaac_ros_bi3d_interfaces_s.ep.rosidl_typesupport_fastrtps_c.c
[6.168s] -- Up-to-date: /workspaces/isaac_ros-dev/install/isaac_ros_bi3d_interfaces/lib/python3.8/site-packages/isaac_ros_bi3d_interfaces/isaac_ros_bi3d_interfaces_s__rosidl_typesupport_introspection_c.cpython-38-aarch64-linux-gnu.so
[6.168s] -- Up-to-date: /workspaces/isaac_ros-dev/install/isaac_ros_bi3d_interfaces/lib/python3.8/site-packages/isaac_ros_bi3d_interfaces/isaac_ros_bi3d_interfaces_s__rosidl_typesupport_fastrtps_c.cpython-38-aarch64-linux-gnu.so
[6.169s] -- Up-to-date: /workspaces/isaac_ros-dev/install/isaac_ros_bi3d_interfaces/lib/python3.8/site-packages/isaac_ros_bi3d_interfaces/isaac_ros_bi3d_interfaces_s__rosidl_typesupport_c.cpython-38-aarch64-linux-gnu.so
[6.169s] -- Up-to-date: /workspaces/isaac_ros-dev/install/isaac_ros_bi3d_interfaces/lib/python3.8/site-packages/isaac_ros_bi3d_interfaces/libisaac_ros_bi3d_interfaces__rosidl_generator_py.so
[6.254s] Listing '/workspaces/isaac_ros-dev/install/isaac_ros_bi3d_interfaces/lib/python3.8/site-packages/isaac_ros_bi3d_interfaces'...
[6.255s] Listing '/workspaces/isaac_ros-dev/install/isaac_ros_bi3d_interfaces/lib/python3.8/site-packages/isaac_ros_bi3d_interfaces/msg'...
[6.272s] -- Up-to-date: /workspaces/isaac_ros-dev/install/isaac_ros_bi3d_interfaces/lib/python3.8/site-packages/isaac_ros_bi3d_interfaces/isaac_ros_bi3d_interfaces_s__rosidl_typesupport_fastrtps_c.cpython-38-aarch64-linux-gnu.so
[6.274s] -- Up-to-date: /workspaces/isaac_ros-dev/install/isaac_ros_bi3d_interfaces/lib/python3.8/site-packages/isaac_ros_bi3d_interfaces/isaac_ros_bi3d_interfaces_s__rosidl_typesupport_introspection_c.cpython-38-aarch64-linux-gnu.so
[6.276s] -- Up-to-date: /workspaces/isaac_ros-dev/install/isaac_ros_bi3d_interfaces/lib/python3.8/site-packages/isaac_ros_bi3d_interfaces/isaac_ros_bi3d_interfaces_s__rosidl_typesupport_c.cpython-38-aarch64-linux-gnu.so
[6.276s] -- Up-to-date: /workspaces/isaac_ros-dev/install/isaac_ros_bi3d_interfaces/lib/libisaac_ros_bi3d_interfaces__rosidl_generator_py.so
[6.278s] -- Up-to-date: /workspaces/isaac_ros-dev/install/isaac_ros_bi3d_interfaces/share/isaac_ros_bi3d_interfaces/msg/Bi3DInferenceParametersArray.idl
[6.278s] -- Up-to-date: /workspaces/isaac_ros-dev/install/isaac_ros_bi3d_interfaces/share/isaac_ros_bi3d_interfaces/msg/Bi3DInferenceParametersArray.msg
[6.280s] -- Up-to-date: /workspaces/isaac_ros-dev/install/isaac_ros_bi3d_interfaces/share/ament_index/resource_index/package_run_dependencies/isaac_ros_bi3d_interfaces
[6.280s] -- Up-to-date: /workspaces/isaac_ros-dev/install/isaac_ros_bi3d_interfaces/share/ament_index/resource_index/parent_prefix_path/isaac_ros_bi3d_interfaces
[6.282s] -- Up-to-date: /workspaces/isaac_ros-dev/install/isaac_ros_bi3d_interfaces/share/isaac_ros_bi3d_interfaces/environment/ament_prefix_path.sh
[6.283s] -- Up-to-date: /workspaces/isaac_ros-dev/install/isaac_ros_bi3d_interfaces/share/isaac_ros_bi3d_interfaces/environment/ament_prefix_path.dsv
[6.285s] -- Up-to-date: /workspaces/isaac_ros-dev/install/isaac_ros_bi3d_interfaces/share/isaac_ros_bi3d_interfaces/environment/path.sh
[6.285s] -- Up-to-date: /workspaces/isaac_ros-dev/install/isaac_ros_bi3d_interfaces/share/isaac_ros_bi3d_interfaces/environment/path.dsv
[6.286s] -- Up-to-date: /workspaces/isaac_ros-dev/install/isaac_ros_bi3d_interfaces/share/isaac_ros_bi3d_interfaces/local_setup.bash
[6.287s] -- Up-to-date: /workspaces/isaac_ros-dev/install/isaac_ros_bi3d_interfaces/share/isaac_ros_bi3d_interfaces/local_setup.sh
[6.288s] -- Up-to-date: /workspaces/isaac_ros-dev/install/isaac_ros_bi3d_interfaces/share/isaac_ros_bi3d_interfaces/local_setup.zsh
[6.294s] -- Up-to-date: /workspaces/isaac_ros-dev/install/isaac_ros_bi3d_interfaces/share/isaac_ros_bi3d_interfaces/local_setup.dsv
[6.301s] -- Installing: /workspaces/isaac_ros-dev/install/isaac_ros_bi3d_interfaces/share/isaac_ros_bi3d_interfaces/package.dsv
[6.302s] -- Up-to-date: /workspaces/isaac_ros-dev/install/isaac_ros_bi3d_interfaces/share/ament_index/resource_index/packages/isaac_ros_bi3d_interfaces
[6.303s] -- Up-to-date: /workspaces/isaac_ros-dev/install/isaac_ros_bi3d_interfaces/share/isaac_ros_bi3d_interfaces/cmake/export_isaac_ros_bi3d_interfaces__rosidl_generator_cExport.cmake
[6.304s] -- Up-to-date: /workspaces/isaac_ros-dev/install/isaac_ros_bi3d_interfaces/share/isaac_ros_bi3d_interfaces/cmake/export_isaac_ros_bi3d_interfaces__rosidl_generator_cExport-release.cmake
[6.304s] -- Up-to-date: /workspaces/isaac_ros-dev/install/isaac_ros_bi3d_interfaces/share/isaac_ros_bi3d_interfaces/cmake/export_isaac_ros_bi3d_interfaces__rosidl_typesupport_fastrtps_cExport.cmake
[6.305s] -- Up-to-date: /workspaces/isaac_ros-dev/install/isaac_ros_bi3d_interfaces/share/isaac_ros_bi3d_interfaces/cmake/export_isaac_ros_bi3d_interfaces__rosidl_typesupport_fastrtps_cExport-release.cmake
[6.306s] -- Up-to-date: /workspaces/isaac_ros-dev/install/isaac_ros_bi3d_interfaces/share/isaac_ros_bi3d_interfaces/cmake/isaac_ros_bi3d_interfaces__rosidl_typesupport_introspection_cExport.cmake
[6.306s] -- Up-to-date: /workspaces/isaac_ros-dev/install/isaac_ros_bi3d_interfaces/share/isaac_ros_bi3d_interfaces/cmake/isaac_ros_bi3d_interfaces__rosidl_typesupport_introspection_cExport-release.cmake
[6.306s] -- Up-to-date: /workspaces/isaac_ros-dev/install/isaac_ros_bi3d_interfaces/share/isaac_ros_bi3d_interfaces/cmake/isaac_ros_bi3d_interfaces__rosidl_typesupport_cExport.cmake
[6.307s] -- Up-to-date: /workspaces/isaac_ros-dev/install/isaac_ros_bi3d_interfaces/share/isaac_ros_bi3d_interfaces/cmake/isaac_ros_bi3d_interfaces__rosidl_typesupport_cExport-release.cmake
[6.308s] -- Up-to-date: /workspaces/isaac_ros-dev/install/isaac_ros_bi3d_interfaces/share/isaac_ros_bi3d_interfaces/cmake/export_isaac_ros_bi3d_interfaces__rosidl_generator_cppExport.cmake
[6.309s] -- Up-to-date: /workspaces/isaac_ros-dev/install/isaac_ros_bi3d_interfaces/share/isaac_ros_bi3d_interfaces/cmake/export_isaac_ros_bi3d_interfaces__rosidl_typesupport_fastrtps_cppExport.cmake
[6.310s] -- Up-to-date: /workspaces/isaac_ros-dev/install/isaac_ros_bi3d_interfaces/share/isaac_ros_bi3d_interfaces/cmake/export_isaac_ros_bi3d_interfaces__rosidl_typesupport_fastrtps_cppExport-release.cmake
[6.311s] -- Up-to-date: /workspaces/isaac_ros-dev/install/isaac_ros_bi3d_interfaces/share/isaac_ros_bi3d_interfaces/cmake/isaac_ros_bi3d_interfaces__rosidl_typesupport_introspection_cppExport.cmake
[6.324s] -- Up-to-date: /workspaces/isaac_ros-dev/install/isaac_ros_bi3d_interfaces/share/isaac_ros_bi3d_interfaces/cmake/isaac_ros_bi3d_interfaces__rosidl_typesupport_introspection_cppExport-release.cmake
[6.325s] -- Up-to-date: /workspaces/isaac_ros-dev/install/isaac_ros_bi3d_interfaces/share/isaac_ros_bi3d_interfaces/cmake/isaac_ros_bi3d_interfaces__rosidl_typesupport_cppExport.cmake
[6.326s] -- Up-to-date: /workspaces/isaac_ros-dev/install/isaac_ros_bi3d_interfaces/share/isaac_ros_bi3d_interfaces/cmake/isaac_ros_bi3d_interfaces__rosidl_typesupport_cppExport-release.cmake
[6.326s] -- Up-to-date: /workspaces/isaac_ros-dev/install/isaac_ros_bi3d_interfaces/share/isaac_ros_bi3d_interfaces/cmake/export_isaac_ros_bi3d_interfaces__rosidl_generator_pyExport.cmake
[6.326s] -- Up-to-date: /workspaces/isaac_ros-dev/install/isaac_ros_bi3d_interfaces/share/isaac_ros_bi3d_interfaces/cmake/export_isaac_ros_bi3d_interfaces__rosidl_generator_pyExport-release.cmake
[6.327s] -- Up-to-date: /workspaces/isaac_ros-dev/install/isaac_ros_bi3d_interfaces/share/isaac_ros_bi3d_interfaces/cmake/rosidl_cmake-extras.cmake
[6.328s] -- Up-to-date: /workspaces/isaac_ros-dev/install/isaac_ros_bi3d_interfaces/share/isaac_ros_bi3d_interfaces/cmake/ament_cmake_export_dependencies-extras.cmake
[6.328s] -- Up-to-date: /workspaces/isaac_ros-dev/install/isaac_ros_bi3d_interfaces/share/isaac_ros_bi3d_interfaces/cmake/ament_cmake_export_include_directories-extras.cmake
[6.329s] -- Up-to-date: /workspaces/isaac_ros-dev/install/isaac_ros_bi3d_interfaces/share/isaac_ros_bi3d_interfaces/cmake/ament_cmake_export_libraries-extras.cmake
[6.330s] -- Up-to-date: /workspaces/isaac_ros-dev/install/isaac_ros_bi3d_interfaces/share/isaac_ros_bi3d_interfaces/cmake/ament_cmake_export_targets-extras.cmake
[6.330s] -- Up-to-date: /workspaces/isaac_ros-dev/install/isaac_ros_bi3d_interfaces/share/isaac_ros_bi3d_interfaces/cmake/rosidl_cmake_export_typesupport_targets-extras.cmake
[6.331s] -- Up-to-date: /workspaces/isaac_ros-dev/install/isaac_ros_bi3d_interfaces/share/isaac_ros_bi3d_interfaces/cmake/rosidl_cmake_export_typesupport_libraries-extras.cmake
[6.332s] -- Up-to-date: /workspaces/isaac_ros-dev/install/isaac_ros_bi3d_interfaces/share/isaac_ros_bi3d_interfaces/cmake/isaac_ros_bi3d_interfacesConfig.cmake
[6.333s] -- Up-to-date: /workspaces/isaac_ros-dev/install/isaac_ros_bi3d_interfaces/share/isaac_ros_bi3d_interfaces/cmake/isaac_ros_bi3d_interfacesConfig-version.cmake
[6.333s] -- Up-to-date: /workspaces/isaac_ros-dev/install/isaac_ros_bi3d_interfaces/share/isaac_ros_bi3d_interfaces/package.xml
[6.773s] Invoked command in '/workspaces/isaac_ros-dev/build/isaac_ros_bi3d_interfaces' returned '0': CMAKE_PREFIX_PATH=/workspaces/isaac_ros-dev/install/yolov8_bringup:/workspaces/isaac_ros-dev/install/xacro:/workspaces/isaac_ros-dev/install/vision_msgs:/workspaces/isaac_ros-dev/install/velodyne_driver:/workspaces/isaac_ros-dev/install/velodyne_msgs:/workspaces/isaac_ros-dev/install/velodyne_laserscan:/workspaces/isaac_ros-dev/install/vectornav_msgs:/workspaces/isaac_ros-dev/install/sdv_msg:/workspaces/isaac_ros-dev/install/sdv_localization_msgs:/workspaces/isaac_ros-dev/install/my_package:/workspaces/isaac_ros-dev/install/multisense_msgs:/workspaces/isaac_ros-dev/install/multisense_lib:/workspaces/isaac_ros-dev/install/isaac_ros_visual_slam_interfaces:/workspaces/isaac_ros-dev/install/isaac_ros_tensor_list_interfaces:/workspaces/isaac_ros-dev/install/isaac_ros_common:/workspaces/isaac_ros-dev/install/isaac_ros_bi3d_interfaces:/workspaces/isaac_ros-dev/install/isaac_ros_apriltag_interfaces:/workspaces/isaac_ros-dev/install/yolov8_ros:/workspaces/isaac_ros-dev/install/panel:/workspaces/isaac_ros-dev/install/isaac_ros_test:/workspaces/isaac_ros-dev/install/encoder:/opt/ros/humble/install /usr/bin/cmake --install /workspaces/isaac_ros-dev/build/isaac_ros_bi3d_interfaces
