[1.985s] Invoking command in '/workspaces/isaac_ros-dev/build/isaac_ros_apriltag_interfaces': CMAKE_PREFIX_PATH=/workspaces/isaac_ros-dev/install/yolov8_bringup:/workspaces/isaac_ros-dev/install/multisense_ros:/workspaces/isaac_ros-dev/install/xacro:/workspaces/isaac_ros-dev/install/vision_msgs_rviz_plugins:/workspaces/isaac_ros-dev/install/vision_msgs:/workspaces/isaac_ros-dev/install/velodyne:/workspaces/isaac_ros-dev/install/velodyne_pointcloud:/workspaces/isaac_ros-dev/install/velodyne_driver:/workspaces/isaac_ros-dev/install/velodyne_msgs:/workspaces/isaac_ros-dev/install/velodyne_laserscan:/workspaces/isaac_ros-dev/install/vectornav:/workspaces/isaac_ros-dev/install/sdv_localization:/workspaces/isaac_ros-dev/install/vectornav_msgs:/workspaces/isaac_ros-dev/install/slam_toolbox:/workspaces/isaac_ros-dev/install/sdv_msg:/workspaces/isaac_ros-dev/install/sdv_localization_msgs:/workspaces/isaac_ros-dev/install/pointcloud_to_laserscan:/workspaces/isaac_ros-dev/install/my_package:/workspaces/isaac_ros-dev/install/multisense_msgs:/workspaces/isaac_ros-dev/install/multisense_lib:/workspaces/isaac_ros-dev/install/isaac_ros_visual_slam:/workspaces/isaac_ros-dev/install/isaac_ros_visual_slam_interfaces:/workspaces/isaac_ros-dev/install/isaac_ros_tensor_list_interfaces:/workspaces/isaac_ros-dev/install/isaac_ros_common:/workspaces/isaac_ros-dev/install/isaac_ros_bi3d_interfaces:/workspaces/isaac_ros-dev/install/isaac_ros_apriltag_interfaces:/workspaces/isaac_ros-dev/install/yolov8_ros:/workspaces/isaac_ros-dev/install/xbox_controller:/workspaces/isaac_ros-dev/install/panel:/workspaces/isaac_ros-dev/install/isaac_ros_test:/workspaces/isaac_ros-dev/install/encoder:/opt/ros/humble/install /usr/bin/cmake --build /workspaces/isaac_ros-dev/build/isaac_ros_apriltag_interfaces -- -j8 -l8
[2.230s] [  2%] Built target isaac_ros_apriltag_interfaces__cpp
[2.230s] [ 12%] Built target isaac_ros_apriltag_interfaces__rosidl_generator_c
[2.252s] [ 12%] Built target ament_cmake_python_copy_isaac_ros_apriltag_interfaces
[2.338s] [ 23%] Built target isaac_ros_apriltag_interfaces__rosidl_typesupport_cpp
[2.366s] [ 33%] Built target isaac_ros_apriltag_interfaces__rosidl_typesupport_c
[2.375s] [ 43%] Built target isaac_ros_apriltag_interfaces__rosidl_typesupport_fastrtps_cpp
[2.382s] [ 64%] Built target isaac_ros_apriltag_interfaces__rosidl_typesupport_introspection_cpp
[2.382s] [ 64%] Built target isaac_ros_apriltag_interfaces__rosidl_typesupport_introspection_c
[2.403s] [ 74%] Built target isaac_ros_apriltag_interfaces__rosidl_typesupport_fastrtps_c
[2.508s] [ 74%] Built target isaac_ros_apriltag_interfaces
[2.729s] [ 76%] Built target isaac_ros_apriltag_interfaces__py
[2.853s] [ 84%] Built target isaac_ros_apriltag_interfaces__rosidl_generator_py
[3.058s] [ 89%] Built target isaac_ros_apriltag_interfaces__rosidl_typesupport_c__pyext
[3.064s] [ 94%] Built target isaac_ros_apriltag_interfaces__rosidl_typesupport_introspection_c__pyext
[3.076s] [100%] Built target isaac_ros_apriltag_interfaces__rosidl_typesupport_fastrtps_c__pyext
[4.085s] running egg_info
[4.153s] writing isaac_ros_apriltag_interfaces.egg-info/PKG-INFO
[4.155s] writing dependency_links to isaac_ros_apriltag_interfaces.egg-info/dependency_links.txt
[4.157s] writing top-level names to isaac_ros_apriltag_interfaces.egg-info/top_level.txt
[4.366s] reading manifest file 'isaac_ros_apriltag_interfaces.egg-info/SOURCES.txt'
[4.368s] writing manifest file 'isaac_ros_apriltag_interfaces.egg-info/SOURCES.txt'
[4.569s] [100%] Built target ament_cmake_python_build_isaac_ros_apriltag_interfaces_egg
[4.647s] Invoked command in '/workspaces/isaac_ros-dev/build/isaac_ros_apriltag_interfaces' returned '0': CMAKE_PREFIX_PATH=/workspaces/isaac_ros-dev/install/yolov8_bringup:/workspaces/isaac_ros-dev/install/multisense_ros:/workspaces/isaac_ros-dev/install/xacro:/workspaces/isaac_ros-dev/install/vision_msgs_rviz_plugins:/workspaces/isaac_ros-dev/install/vision_msgs:/workspaces/isaac_ros-dev/install/velodyne:/workspaces/isaac_ros-dev/install/velodyne_pointcloud:/workspaces/isaac_ros-dev/install/velodyne_driver:/workspaces/isaac_ros-dev/install/velodyne_msgs:/workspaces/isaac_ros-dev/install/velodyne_laserscan:/workspaces/isaac_ros-dev/install/vectornav:/workspaces/isaac_ros-dev/install/sdv_localization:/workspaces/isaac_ros-dev/install/vectornav_msgs:/workspaces/isaac_ros-dev/install/slam_toolbox:/workspaces/isaac_ros-dev/install/sdv_msg:/workspaces/isaac_ros-dev/install/sdv_localization_msgs:/workspaces/isaac_ros-dev/install/pointcloud_to_laserscan:/workspaces/isaac_ros-dev/install/my_package:/workspaces/isaac_ros-dev/install/multisense_msgs:/workspaces/isaac_ros-dev/install/multisense_lib:/workspaces/isaac_ros-dev/install/isaac_ros_visual_slam:/workspaces/isaac_ros-dev/install/isaac_ros_visual_slam_interfaces:/workspaces/isaac_ros-dev/install/isaac_ros_tensor_list_interfaces:/workspaces/isaac_ros-dev/install/isaac_ros_common:/workspaces/isaac_ros-dev/install/isaac_ros_bi3d_interfaces:/workspaces/isaac_ros-dev/install/isaac_ros_apriltag_interfaces:/workspaces/isaac_ros-dev/install/yolov8_ros:/workspaces/isaac_ros-dev/install/xbox_controller:/workspaces/isaac_ros-dev/install/panel:/workspaces/isaac_ros-dev/install/isaac_ros_test:/workspaces/isaac_ros-dev/install/encoder:/opt/ros/humble/install /usr/bin/cmake --build /workspaces/isaac_ros-dev/build/isaac_ros_apriltag_interfaces -- -j8 -l8
[6.215s] Invoking command in '/workspaces/isaac_ros-dev/build/isaac_ros_apriltag_interfaces': CMAKE_PREFIX_PATH=/workspaces/isaac_ros-dev/install/yolov8_bringup:/workspaces/isaac_ros-dev/install/multisense_ros:/workspaces/isaac_ros-dev/install/xacro:/workspaces/isaac_ros-dev/install/vision_msgs_rviz_plugins:/workspaces/isaac_ros-dev/install/vision_msgs:/workspaces/isaac_ros-dev/install/velodyne:/workspaces/isaac_ros-dev/install/velodyne_pointcloud:/workspaces/isaac_ros-dev/install/velodyne_driver:/workspaces/isaac_ros-dev/install/velodyne_msgs:/workspaces/isaac_ros-dev/install/velodyne_laserscan:/workspaces/isaac_ros-dev/install/vectornav:/workspaces/isaac_ros-dev/install/sdv_localization:/workspaces/isaac_ros-dev/install/vectornav_msgs:/workspaces/isaac_ros-dev/install/slam_toolbox:/workspaces/isaac_ros-dev/install/sdv_msg:/workspaces/isaac_ros-dev/install/sdv_localization_msgs:/workspaces/isaac_ros-dev/install/pointcloud_to_laserscan:/workspaces/isaac_ros-dev/install/my_package:/workspaces/isaac_ros-dev/install/multisense_msgs:/workspaces/isaac_ros-dev/install/multisense_lib:/workspaces/isaac_ros-dev/install/isaac_ros_visual_slam:/workspaces/isaac_ros-dev/install/isaac_ros_visual_slam_interfaces:/workspaces/isaac_ros-dev/install/isaac_ros_tensor_list_interfaces:/workspaces/isaac_ros-dev/install/isaac_ros_common:/workspaces/isaac_ros-dev/install/isaac_ros_bi3d_interfaces:/workspaces/isaac_ros-dev/install/isaac_ros_apriltag_interfaces:/workspaces/isaac_ros-dev/install/yolov8_ros:/workspaces/isaac_ros-dev/install/xbox_controller:/workspaces/isaac_ros-dev/install/panel:/workspaces/isaac_ros-dev/install/isaac_ros_test:/workspaces/isaac_ros-dev/install/encoder:/opt/ros/humble/install /usr/bin/cmake --install /workspaces/isaac_ros-dev/build/isaac_ros_apriltag_interfaces
[6.414s] -- Install configuration: "Release"
[6.414s] -- Up-to-date: /workspaces/isaac_ros-dev/install/isaac_ros_apriltag_interfaces/share/ament_index/resource_index/rosidl_interfaces/isaac_ros_apriltag_interfaces
[6.415s] -- Up-to-date: /workspaces/isaac_ros-dev/install/isaac_ros_apriltag_interfaces/include/isaac_ros_apriltag_interfaces/isaac_ros_apriltag_interfaces
[6.415s] -- Up-to-date: /workspaces/isaac_ros-dev/install/isaac_ros_apriltag_interfaces/include/isaac_ros_apriltag_interfaces/isaac_ros_apriltag_interfaces/msg
[6.416s] -- Up-to-date: /workspaces/isaac_ros-dev/install/isaac_ros_apriltag_interfaces/include/isaac_ros_apriltag_interfaces/isaac_ros_apriltag_interfaces/msg/rosidl_generator_c__visibility_control.h
[6.418s] -- Up-to-date: /workspaces/isaac_ros-dev/install/isaac_ros_apriltag_interfaces/include/isaac_ros_apriltag_interfaces/isaac_ros_apriltag_interfaces/msg/april_tag_detection_array.h
[6.418s] -- Up-to-date: /workspaces/isaac_ros-dev/install/isaac_ros_apriltag_interfaces/include/isaac_ros_apriltag_interfaces/isaac_ros_apriltag_interfaces/msg/detail
[6.418s] -- Up-to-date: /workspaces/isaac_ros-dev/install/isaac_ros_apriltag_interfaces/include/isaac_ros_apriltag_interfaces/isaac_ros_apriltag_interfaces/msg/detail/april_tag_detection_array__type_support.h
[6.419s] -- Up-to-date: /workspaces/isaac_ros-dev/install/isaac_ros_apriltag_interfaces/include/isaac_ros_apriltag_interfaces/isaac_ros_apriltag_interfaces/msg/detail/april_tag_detection_array__functions.c
[6.419s] -- Up-to-date: /workspaces/isaac_ros-dev/install/isaac_ros_apriltag_interfaces/include/isaac_ros_apriltag_interfaces/isaac_ros_apriltag_interfaces/msg/detail/april_tag_detection__functions.c
[6.420s] -- Up-to-date: /workspaces/isaac_ros-dev/install/isaac_ros_apriltag_interfaces/include/isaac_ros_apriltag_interfaces/isaac_ros_apriltag_interfaces/msg/detail/april_tag_detection__type_support.h
[6.420s] -- Up-to-date: /workspaces/isaac_ros-dev/install/isaac_ros_apriltag_interfaces/include/isaac_ros_apriltag_interfaces/isaac_ros_apriltag_interfaces/msg/detail/april_tag_detection_array__struct.h
[6.421s] -- Up-to-date: /workspaces/isaac_ros-dev/install/isaac_ros_apriltag_interfaces/include/isaac_ros_apriltag_interfaces/isaac_ros_apriltag_interfaces/msg/detail/april_tag_detection__functions.h
[6.421s] -- Up-to-date: /workspaces/isaac_ros-dev/install/isaac_ros_apriltag_interfaces/include/isaac_ros_apriltag_interfaces/isaac_ros_apriltag_interfaces/msg/detail/april_tag_detection_array__functions.h
[6.422s] -- Up-to-date: /workspaces/isaac_ros-dev/install/isaac_ros_apriltag_interfaces/include/isaac_ros_apriltag_interfaces/isaac_ros_apriltag_interfaces/msg/detail/april_tag_detection__struct.h
[6.422s] -- Up-to-date: /workspaces/isaac_ros-dev/install/isaac_ros_apriltag_interfaces/include/isaac_ros_apriltag_interfaces/isaac_ros_apriltag_interfaces/msg/april_tag_detection.h
[6.423s] -- Up-to-date: /workspaces/isaac_ros-dev/install/isaac_ros_apriltag_interfaces/share/isaac_ros_apriltag_interfaces/environment/library_path.sh
[6.423s] -- Up-to-date: /workspaces/isaac_ros-dev/install/isaac_ros_apriltag_interfaces/share/isaac_ros_apriltag_interfaces/environment/library_path.dsv
[6.423s] -- Up-to-date: /workspaces/isaac_ros-dev/install/isaac_ros_apriltag_interfaces/lib/libisaac_ros_apriltag_interfaces__rosidl_generator_c.so
[6.424s] -- Up-to-date: /workspaces/isaac_ros-dev/install/isaac_ros_apriltag_interfaces/include/isaac_ros_apriltag_interfaces/isaac_ros_apriltag_interfaces
[6.424s] -- Up-to-date: /workspaces/isaac_ros-dev/install/isaac_ros_apriltag_interfaces/include/isaac_ros_apriltag_interfaces/isaac_ros_apriltag_interfaces/msg
[6.424s] -- Up-to-date: /workspaces/isaac_ros-dev/install/isaac_ros_apriltag_interfaces/include/isaac_ros_apriltag_interfaces/isaac_ros_apriltag_interfaces/msg/rosidl_typesupport_fastrtps_c__visibility_control.h
[6.427s] -- Up-to-date: /workspaces/isaac_ros-dev/install/isaac_ros_apriltag_interfaces/include/isaac_ros_apriltag_interfaces/isaac_ros_apriltag_interfaces/msg/detail
[6.427s] -- Up-to-date: /workspaces/isaac_ros-dev/install/isaac_ros_apriltag_interfaces/include/isaac_ros_apriltag_interfaces/isaac_ros_apriltag_interfaces/msg/detail/april_tag_detection_array__rosidl_typesupport_fastrtps_c.h
[6.428s] -- Up-to-date: /workspaces/isaac_ros-dev/install/isaac_ros_apriltag_interfaces/include/isaac_ros_apriltag_interfaces/isaac_ros_apriltag_interfaces/msg/detail/april_tag_detection__rosidl_typesupport_fastrtps_c.h
[6.428s] -- Up-to-date: /workspaces/isaac_ros-dev/install/isaac_ros_apriltag_interfaces/lib/libisaac_ros_apriltag_interfaces__rosidl_typesupport_fastrtps_c.so
[6.428s] -- Up-to-date: /workspaces/isaac_ros-dev/install/isaac_ros_apriltag_interfaces/include/isaac_ros_apriltag_interfaces/isaac_ros_apriltag_interfaces
[6.428s] -- Up-to-date: /workspaces/isaac_ros-dev/install/isaac_ros_apriltag_interfaces/include/isaac_ros_apriltag_interfaces/isaac_ros_apriltag_interfaces/msg
[6.430s] -- Up-to-date: /workspaces/isaac_ros-dev/install/isaac_ros_apriltag_interfaces/include/isaac_ros_apriltag_interfaces/isaac_ros_apriltag_interfaces/msg/detail
[6.430s] -- Up-to-date: /workspaces/isaac_ros-dev/install/isaac_ros_apriltag_interfaces/include/isaac_ros_apriltag_interfaces/isaac_ros_apriltag_interfaces/msg/detail/april_tag_detection__rosidl_typesupport_introspection_c.h
[6.431s] -- Up-to-date: /workspaces/isaac_ros-dev/install/isaac_ros_apriltag_interfaces/include/isaac_ros_apriltag_interfaces/isaac_ros_apriltag_interfaces/msg/detail/april_tag_detection_array__rosidl_typesupport_introspection_c.h
[6.431s] -- Up-to-date: /workspaces/isaac_ros-dev/install/isaac_ros_apriltag_interfaces/include/isaac_ros_apriltag_interfaces/isaac_ros_apriltag_interfaces/msg/detail/april_tag_detection_array__type_support.c
[6.431s] -- Up-to-date: /workspaces/isaac_ros-dev/install/isaac_ros_apriltag_interfaces/include/isaac_ros_apriltag_interfaces/isaac_ros_apriltag_interfaces/msg/detail/april_tag_detection__type_support.c
[6.432s] -- Up-to-date: /workspaces/isaac_ros-dev/install/isaac_ros_apriltag_interfaces/include/isaac_ros_apriltag_interfaces/isaac_ros_apriltag_interfaces/msg/rosidl_typesupport_introspection_c__visibility_control.h
[6.432s] -- Up-to-date: /workspaces/isaac_ros-dev/install/isaac_ros_apriltag_interfaces/lib/libisaac_ros_apriltag_interfaces__rosidl_typesupport_introspection_c.so
[6.432s] -- Up-to-date: /workspaces/isaac_ros-dev/install/isaac_ros_apriltag_interfaces/lib/libisaac_ros_apriltag_interfaces__rosidl_typesupport_c.so
[6.432s] -- Up-to-date: /workspaces/isaac_ros-dev/install/isaac_ros_apriltag_interfaces/include/isaac_ros_apriltag_interfaces/isaac_ros_apriltag_interfaces
[6.433s] -- Up-to-date: /workspaces/isaac_ros-dev/install/isaac_ros_apriltag_interfaces/include/isaac_ros_apriltag_interfaces/isaac_ros_apriltag_interfaces/msg
[6.433s] -- Up-to-date: /workspaces/isaac_ros-dev/install/isaac_ros_apriltag_interfaces/include/isaac_ros_apriltag_interfaces/isaac_ros_apriltag_interfaces/msg/april_tag_detection_array.hpp
[6.433s] -- Up-to-date: /workspaces/isaac_ros-dev/install/isaac_ros_apriltag_interfaces/include/isaac_ros_apriltag_interfaces/isaac_ros_apriltag_interfaces/msg/detail
[6.434s] -- Up-to-date: /workspaces/isaac_ros-dev/install/isaac_ros_apriltag_interfaces/include/isaac_ros_apriltag_interfaces/isaac_ros_apriltag_interfaces/msg/detail/april_tag_detection_array__builder.hpp
[6.434s] -- Up-to-date: /workspaces/isaac_ros-dev/install/isaac_ros_apriltag_interfaces/include/isaac_ros_apriltag_interfaces/isaac_ros_apriltag_interfaces/msg/detail/april_tag_detection__builder.hpp
[6.434s] -- Up-to-date: /workspaces/isaac_ros-dev/install/isaac_ros_apriltag_interfaces/include/isaac_ros_apriltag_interfaces/isaac_ros_apriltag_interfaces/msg/detail/april_tag_detection__struct.hpp
[6.445s] -- Up-to-date: /workspaces/isaac_ros-dev/install/isaac_ros_apriltag_interfaces/include/isaac_ros_apriltag_interfaces/isaac_ros_apriltag_interfaces/msg/detail/april_tag_detection_array__struct.hpp
[6.446s] -- Up-to-date: /workspaces/isaac_ros-dev/install/isaac_ros_apriltag_interfaces/include/isaac_ros_apriltag_interfaces/isaac_ros_apriltag_interfaces/msg/detail/april_tag_detection__traits.hpp
[6.446s] -- Up-to-date: /workspaces/isaac_ros-dev/install/isaac_ros_apriltag_interfaces/include/isaac_ros_apriltag_interfaces/isaac_ros_apriltag_interfaces/msg/detail/april_tag_detection_array__traits.hpp
[6.446s] -- Up-to-date: /workspaces/isaac_ros-dev/install/isaac_ros_apriltag_interfaces/include/isaac_ros_apriltag_interfaces/isaac_ros_apriltag_interfaces/msg/april_tag_detection.hpp
[6.446s] -- Up-to-date: /workspaces/isaac_ros-dev/install/isaac_ros_apriltag_interfaces/include/isaac_ros_apriltag_interfaces/isaac_ros_apriltag_interfaces
[6.447s] -- Up-to-date: /workspaces/isaac_ros-dev/install/isaac_ros_apriltag_interfaces/include/isaac_ros_apriltag_interfaces/isaac_ros_apriltag_interfaces/msg
[6.447s] -- Up-to-date: /workspaces/isaac_ros-dev/install/isaac_ros_apriltag_interfaces/include/isaac_ros_apriltag_interfaces/isaac_ros_apriltag_interfaces/msg/rosidl_typesupport_fastrtps_cpp__visibility_control.h
[6.447s] -- Up-to-date: /workspaces/isaac_ros-dev/install/isaac_ros_apriltag_interfaces/include/isaac_ros_apriltag_interfaces/isaac_ros_apriltag_interfaces/msg/detail
[6.448s] -- Up-to-date: /workspaces/isaac_ros-dev/install/isaac_ros_apriltag_interfaces/include/isaac_ros_apriltag_interfaces/isaac_ros_apriltag_interfaces/msg/detail/dds_fastrtps
[6.448s] -- Up-to-date: /workspaces/isaac_ros-dev/install/isaac_ros_apriltag_interfaces/include/isaac_ros_apriltag_interfaces/isaac_ros_apriltag_interfaces/msg/detail/april_tag_detection_array__rosidl_typesupport_fastrtps_cpp.hpp
[6.448s] -- Up-to-date: /workspaces/isaac_ros-dev/install/isaac_ros_apriltag_interfaces/include/isaac_ros_apriltag_interfaces/isaac_ros_apriltag_interfaces/msg/detail/april_tag_detection__rosidl_typesupport_fastrtps_cpp.hpp
[6.449s] -- Up-to-date: /workspaces/isaac_ros-dev/install/isaac_ros_apriltag_interfaces/lib/libisaac_ros_apriltag_interfaces__rosidl_typesupport_fastrtps_cpp.so
[6.449s] -- Up-to-date: /workspaces/isaac_ros-dev/install/isaac_ros_apriltag_interfaces/include/isaac_ros_apriltag_interfaces/isaac_ros_apriltag_interfaces
[6.449s] -- Up-to-date: /workspaces/isaac_ros-dev/install/isaac_ros_apriltag_interfaces/include/isaac_ros_apriltag_interfaces/isaac_ros_apriltag_interfaces/msg
[6.449s] -- Up-to-date: /workspaces/isaac_ros-dev/install/isaac_ros_apriltag_interfaces/include/isaac_ros_apriltag_interfaces/isaac_ros_apriltag_interfaces/msg/detail
[6.450s] -- Up-to-date: /workspaces/isaac_ros-dev/install/isaac_ros_apriltag_interfaces/include/isaac_ros_apriltag_interfaces/isaac_ros_apriltag_interfaces/msg/detail/april_tag_detection_array__rosidl_typesupport_introspection_cpp.hpp
[6.450s] -- Up-to-date: /workspaces/isaac_ros-dev/install/isaac_ros_apriltag_interfaces/include/isaac_ros_apriltag_interfaces/isaac_ros_apriltag_interfaces/msg/detail/april_tag_detection__rosidl_typesupport_introspection_cpp.hpp
[6.450s] -- Up-to-date: /workspaces/isaac_ros-dev/install/isaac_ros_apriltag_interfaces/include/isaac_ros_apriltag_interfaces/isaac_ros_apriltag_interfaces/msg/detail/april_tag_detection__type_support.cpp
[6.451s] -- Up-to-date: /workspaces/isaac_ros-dev/install/isaac_ros_apriltag_interfaces/include/isaac_ros_apriltag_interfaces/isaac_ros_apriltag_interfaces/msg/detail/april_tag_detection_array__type_support.cpp
[6.451s] -- Up-to-date: /workspaces/isaac_ros-dev/install/isaac_ros_apriltag_interfaces/lib/libisaac_ros_apriltag_interfaces__rosidl_typesupport_introspection_cpp.so
[6.451s] -- Up-to-date: /workspaces/isaac_ros-dev/install/isaac_ros_apriltag_interfaces/lib/libisaac_ros_apriltag_interfaces__rosidl_typesupport_cpp.so
[6.451s] -- Up-to-date: /workspaces/isaac_ros-dev/install/isaac_ros_apriltag_interfaces/share/isaac_ros_apriltag_interfaces/environment/pythonpath.sh
[6.452s] -- Up-to-date: /workspaces/isaac_ros-dev/install/isaac_ros_apriltag_interfaces/share/isaac_ros_apriltag_interfaces/environment/pythonpath.dsv
[6.452s] -- Up-to-date: /workspaces/isaac_ros-dev/install/isaac_ros_apriltag_interfaces/lib/python3.8/site-packages/isaac_ros_apriltag_interfaces-0.11.0-py3.8.egg-info
[6.452s] -- Installing: /workspaces/isaac_ros-dev/install/isaac_ros_apriltag_interfaces/lib/python3.8/site-packages/isaac_ros_apriltag_interfaces-0.11.0-py3.8.egg-info/top_level.txt
[6.452s] -- Installing: /workspaces/isaac_ros-dev/install/isaac_ros_apriltag_interfaces/lib/python3.8/site-packages/isaac_ros_apriltag_interfaces-0.11.0-py3.8.egg-info/dependency_links.txt
[6.453s] -- Installing: /workspaces/isaac_ros-dev/install/isaac_ros_apriltag_interfaces/lib/python3.8/site-packages/isaac_ros_apriltag_interfaces-0.11.0-py3.8.egg-info/SOURCES.txt
[6.453s] -- Installing: /workspaces/isaac_ros-dev/install/isaac_ros_apriltag_interfaces/lib/python3.8/site-packages/isaac_ros_apriltag_interfaces-0.11.0-py3.8.egg-info/PKG-INFO
[6.453s] -- Up-to-date: /workspaces/isaac_ros-dev/install/isaac_ros_apriltag_interfaces/lib/python3.8/site-packages/isaac_ros_apriltag_interfaces
[6.453s] -- Up-to-date: /workspaces/isaac_ros-dev/install/isaac_ros_apriltag_interfaces/lib/python3.8/site-packages/isaac_ros_apriltag_interfaces/isaac_ros_apriltag_interfaces_s__rosidl_typesupport_fastrtps_c.cpython-38-aarch64-linux-gnu.so
[6.454s] -- Up-to-date: /workspaces/isaac_ros-dev/install/isaac_ros_apriltag_interfaces/lib/python3.8/site-packages/isaac_ros_apriltag_interfaces/_isaac_ros_apriltag_interfaces_s.ep.rosidl_typesupport_c.c
[6.454s] -- Up-to-date: /workspaces/isaac_ros-dev/install/isaac_ros_apriltag_interfaces/lib/python3.8/site-packages/isaac_ros_apriltag_interfaces/__init__.py
[6.454s] -- Up-to-date: /workspaces/isaac_ros-dev/install/isaac_ros_apriltag_interfaces/lib/python3.8/site-packages/isaac_ros_apriltag_interfaces/isaac_ros_apriltag_interfaces_s__rosidl_typesupport_introspection_c.cpython-38-aarch64-linux-gnu.so
[6.454s] -- Up-to-date: /workspaces/isaac_ros-dev/install/isaac_ros_apriltag_interfaces/lib/python3.8/site-packages/isaac_ros_apriltag_interfaces/msg
[6.455s] -- Up-to-date: /workspaces/isaac_ros-dev/install/isaac_ros_apriltag_interfaces/lib/python3.8/site-packages/isaac_ros_apriltag_interfaces/msg/__init__.py
[6.456s] -- Up-to-date: /workspaces/isaac_ros-dev/install/isaac_ros_apriltag_interfaces/lib/python3.8/site-packages/isaac_ros_apriltag_interfaces/msg/_april_tag_detection_array_s.c
[6.474s] -- Up-to-date: /workspaces/isaac_ros-dev/install/isaac_ros_apriltag_interfaces/lib/python3.8/site-packages/isaac_ros_apriltag_interfaces/msg/_april_tag_detection_s.c
[6.478s] -- Up-to-date: /workspaces/isaac_ros-dev/install/isaac_ros_apriltag_interfaces/lib/python3.8/site-packages/isaac_ros_apriltag_interfaces/msg/_april_tag_detection.py
[6.479s] -- Up-to-date: /workspaces/isaac_ros-dev/install/isaac_ros_apriltag_interfaces/lib/python3.8/site-packages/isaac_ros_apriltag_interfaces/msg/_april_tag_detection_array.py
[6.479s] -- Up-to-date: /workspaces/isaac_ros-dev/install/isaac_ros_apriltag_interfaces/lib/python3.8/site-packages/isaac_ros_apriltag_interfaces/_isaac_ros_apriltag_interfaces_s.ep.rosidl_typesupport_fastrtps_c.c
[6.480s] -- Up-to-date: /workspaces/isaac_ros-dev/install/isaac_ros_apriltag_interfaces/lib/python3.8/site-packages/isaac_ros_apriltag_interfaces/isaac_ros_apriltag_interfaces_s__rosidl_typesupport_c.cpython-38-aarch64-linux-gnu.so
[6.480s] -- Up-to-date: /workspaces/isaac_ros-dev/install/isaac_ros_apriltag_interfaces/lib/python3.8/site-packages/isaac_ros_apriltag_interfaces/_isaac_ros_apriltag_interfaces_s.ep.rosidl_typesupport_introspection_c.c
[6.481s] -- Up-to-date: /workspaces/isaac_ros-dev/install/isaac_ros_apriltag_interfaces/lib/python3.8/site-packages/isaac_ros_apriltag_interfaces/libisaac_ros_apriltag_interfaces__rosidl_generator_py.so
[6.644s] Listing '/workspaces/isaac_ros-dev/install/isaac_ros_apriltag_interfaces/lib/python3.8/site-packages/isaac_ros_apriltag_interfaces'...
[6.646s] Listing '/workspaces/isaac_ros-dev/install/isaac_ros_apriltag_interfaces/lib/python3.8/site-packages/isaac_ros_apriltag_interfaces/msg'...
[6.666s] -- Up-to-date: /workspaces/isaac_ros-dev/install/isaac_ros_apriltag_interfaces/lib/python3.8/site-packages/isaac_ros_apriltag_interfaces/isaac_ros_apriltag_interfaces_s__rosidl_typesupport_fastrtps_c.cpython-38-aarch64-linux-gnu.so
[6.669s] -- Up-to-date: /workspaces/isaac_ros-dev/install/isaac_ros_apriltag_interfaces/lib/python3.8/site-packages/isaac_ros_apriltag_interfaces/isaac_ros_apriltag_interfaces_s__rosidl_typesupport_introspection_c.cpython-38-aarch64-linux-gnu.so
[6.671s] -- Up-to-date: /workspaces/isaac_ros-dev/install/isaac_ros_apriltag_interfaces/lib/python3.8/site-packages/isaac_ros_apriltag_interfaces/isaac_ros_apriltag_interfaces_s__rosidl_typesupport_c.cpython-38-aarch64-linux-gnu.so
[6.675s] -- Up-to-date: /workspaces/isaac_ros-dev/install/isaac_ros_apriltag_interfaces/lib/libisaac_ros_apriltag_interfaces__rosidl_generator_py.so
[6.677s] -- Up-to-date: /workspaces/isaac_ros-dev/install/isaac_ros_apriltag_interfaces/share/isaac_ros_apriltag_interfaces/msg/AprilTagDetection.idl
[6.678s] -- Up-to-date: /workspaces/isaac_ros-dev/install/isaac_ros_apriltag_interfaces/share/isaac_ros_apriltag_interfaces/msg/AprilTagDetectionArray.idl
[6.680s] -- Up-to-date: /workspaces/isaac_ros-dev/install/isaac_ros_apriltag_interfaces/share/isaac_ros_apriltag_interfaces/msg/AprilTagDetection.msg
[6.680s] -- Up-to-date: /workspaces/isaac_ros-dev/install/isaac_ros_apriltag_interfaces/share/isaac_ros_apriltag_interfaces/msg/AprilTagDetectionArray.msg
[6.680s] -- Up-to-date: /workspaces/isaac_ros-dev/install/isaac_ros_apriltag_interfaces/share/ament_index/resource_index/package_run_dependencies/isaac_ros_apriltag_interfaces
[6.681s] -- Up-to-date: /workspaces/isaac_ros-dev/install/isaac_ros_apriltag_interfaces/share/ament_index/resource_index/parent_prefix_path/isaac_ros_apriltag_interfaces
[6.681s] -- Up-to-date: /workspaces/isaac_ros-dev/install/isaac_ros_apriltag_interfaces/share/isaac_ros_apriltag_interfaces/environment/ament_prefix_path.sh
[6.682s] -- Up-to-date: /workspaces/isaac_ros-dev/install/isaac_ros_apriltag_interfaces/share/isaac_ros_apriltag_interfaces/environment/ament_prefix_path.dsv
[6.682s] -- Up-to-date: /workspaces/isaac_ros-dev/install/isaac_ros_apriltag_interfaces/share/isaac_ros_apriltag_interfaces/environment/path.sh
[6.683s] -- Up-to-date: /workspaces/isaac_ros-dev/install/isaac_ros_apriltag_interfaces/share/isaac_ros_apriltag_interfaces/environment/path.dsv
[6.683s] -- Up-to-date: /workspaces/isaac_ros-dev/install/isaac_ros_apriltag_interfaces/share/isaac_ros_apriltag_interfaces/local_setup.bash
[6.689s] -- Up-to-date: /workspaces/isaac_ros-dev/install/isaac_ros_apriltag_interfaces/share/isaac_ros_apriltag_interfaces/local_setup.sh
[6.690s] -- Up-to-date: /workspaces/isaac_ros-dev/install/isaac_ros_apriltag_interfaces/share/isaac_ros_apriltag_interfaces/local_setup.zsh
[6.690s] -- Up-to-date: /workspaces/isaac_ros-dev/install/isaac_ros_apriltag_interfaces/share/isaac_ros_apriltag_interfaces/local_setup.dsv
[6.692s] -- Installing: /workspaces/isaac_ros-dev/install/isaac_ros_apriltag_interfaces/share/isaac_ros_apriltag_interfaces/package.dsv
[6.694s] -- Up-to-date: /workspaces/isaac_ros-dev/install/isaac_ros_apriltag_interfaces/share/ament_index/resource_index/packages/isaac_ros_apriltag_interfaces
[6.699s] -- Up-to-date: /workspaces/isaac_ros-dev/install/isaac_ros_apriltag_interfaces/share/isaac_ros_apriltag_interfaces/cmake/export_isaac_ros_apriltag_interfaces__rosidl_generator_cExport.cmake
[6.700s] -- Up-to-date: /workspaces/isaac_ros-dev/install/isaac_ros_apriltag_interfaces/share/isaac_ros_apriltag_interfaces/cmake/export_isaac_ros_apriltag_interfaces__rosidl_generator_cExport-release.cmake
[6.702s] -- Up-to-date: /workspaces/isaac_ros-dev/install/isaac_ros_apriltag_interfaces/share/isaac_ros_apriltag_interfaces/cmake/export_isaac_ros_apriltag_interfaces__rosidl_typesupport_fastrtps_cExport.cmake
[6.702s] -- Up-to-date: /workspaces/isaac_ros-dev/install/isaac_ros_apriltag_interfaces/share/isaac_ros_apriltag_interfaces/cmake/export_isaac_ros_apriltag_interfaces__rosidl_typesupport_fastrtps_cExport-release.cmake
[6.710s] -- Up-to-date: /workspaces/isaac_ros-dev/install/isaac_ros_apriltag_interfaces/share/isaac_ros_apriltag_interfaces/cmake/isaac_ros_apriltag_interfaces__rosidl_typesupport_introspection_cExport.cmake
[6.710s] -- Up-to-date: /workspaces/isaac_ros-dev/install/isaac_ros_apriltag_interfaces/share/isaac_ros_apriltag_interfaces/cmake/isaac_ros_apriltag_interfaces__rosidl_typesupport_introspection_cExport-release.cmake
[6.712s] -- Up-to-date: /workspaces/isaac_ros-dev/install/isaac_ros_apriltag_interfaces/share/isaac_ros_apriltag_interfaces/cmake/isaac_ros_apriltag_interfaces__rosidl_typesupport_cExport.cmake
[6.714s] -- Up-to-date: /workspaces/isaac_ros-dev/install/isaac_ros_apriltag_interfaces/share/isaac_ros_apriltag_interfaces/cmake/isaac_ros_apriltag_interfaces__rosidl_typesupport_cExport-release.cmake
[6.714s] -- Up-to-date: /workspaces/isaac_ros-dev/install/isaac_ros_apriltag_interfaces/share/isaac_ros_apriltag_interfaces/cmake/export_isaac_ros_apriltag_interfaces__rosidl_generator_cppExport.cmake
[6.715s] -- Up-to-date: /workspaces/isaac_ros-dev/install/isaac_ros_apriltag_interfaces/share/isaac_ros_apriltag_interfaces/cmake/export_isaac_ros_apriltag_interfaces__rosidl_typesupport_fastrtps_cppExport.cmake
[6.716s] -- Up-to-date: /workspaces/isaac_ros-dev/install/isaac_ros_apriltag_interfaces/share/isaac_ros_apriltag_interfaces/cmake/export_isaac_ros_apriltag_interfaces__rosidl_typesupport_fastrtps_cppExport-release.cmake
[6.718s] -- Up-to-date: /workspaces/isaac_ros-dev/install/isaac_ros_apriltag_interfaces/share/isaac_ros_apriltag_interfaces/cmake/isaac_ros_apriltag_interfaces__rosidl_typesupport_introspection_cppExport.cmake
[6.718s] -- Up-to-date: /workspaces/isaac_ros-dev/install/isaac_ros_apriltag_interfaces/share/isaac_ros_apriltag_interfaces/cmake/isaac_ros_apriltag_interfaces__rosidl_typesupport_introspection_cppExport-release.cmake
[6.726s] -- Up-to-date: /workspaces/isaac_ros-dev/install/isaac_ros_apriltag_interfaces/share/isaac_ros_apriltag_interfaces/cmake/isaac_ros_apriltag_interfaces__rosidl_typesupport_cppExport.cmake
[6.728s] -- Up-to-date: /workspaces/isaac_ros-dev/install/isaac_ros_apriltag_interfaces/share/isaac_ros_apriltag_interfaces/cmake/isaac_ros_apriltag_interfaces__rosidl_typesupport_cppExport-release.cmake
[6.730s] -- Up-to-date: /workspaces/isaac_ros-dev/install/isaac_ros_apriltag_interfaces/share/isaac_ros_apriltag_interfaces/cmake/export_isaac_ros_apriltag_interfaces__rosidl_generator_pyExport.cmake
[6.731s] -- Up-to-date: /workspaces/isaac_ros-dev/install/isaac_ros_apriltag_interfaces/share/isaac_ros_apriltag_interfaces/cmake/export_isaac_ros_apriltag_interfaces__rosidl_generator_pyExport-release.cmake
[6.732s] -- Up-to-date: /workspaces/isaac_ros-dev/install/isaac_ros_apriltag_interfaces/share/isaac_ros_apriltag_interfaces/cmake/rosidl_cmake-extras.cmake
[6.733s] -- Up-to-date: /workspaces/isaac_ros-dev/install/isaac_ros_apriltag_interfaces/share/isaac_ros_apriltag_interfaces/cmake/ament_cmake_export_dependencies-extras.cmake
[6.733s] -- Up-to-date: /workspaces/isaac_ros-dev/install/isaac_ros_apriltag_interfaces/share/isaac_ros_apriltag_interfaces/cmake/ament_cmake_export_include_directories-extras.cmake
[6.734s] -- Up-to-date: /workspaces/isaac_ros-dev/install/isaac_ros_apriltag_interfaces/share/isaac_ros_apriltag_interfaces/cmake/ament_cmake_export_libraries-extras.cmake
[6.734s] -- Up-to-date: /workspaces/isaac_ros-dev/install/isaac_ros_apriltag_interfaces/share/isaac_ros_apriltag_interfaces/cmake/ament_cmake_export_targets-extras.cmake
[6.735s] -- Up-to-date: /workspaces/isaac_ros-dev/install/isaac_ros_apriltag_interfaces/share/isaac_ros_apriltag_interfaces/cmake/rosidl_cmake_export_typesupport_targets-extras.cmake
[6.735s] -- Up-to-date: /workspaces/isaac_ros-dev/install/isaac_ros_apriltag_interfaces/share/isaac_ros_apriltag_interfaces/cmake/rosidl_cmake_export_typesupport_libraries-extras.cmake
[6.735s] -- Up-to-date: /workspaces/isaac_ros-dev/install/isaac_ros_apriltag_interfaces/share/isaac_ros_apriltag_interfaces/cmake/isaac_ros_apriltag_interfacesConfig.cmake
[6.736s] -- Up-to-date: /workspaces/isaac_ros-dev/install/isaac_ros_apriltag_interfaces/share/isaac_ros_apriltag_interfaces/cmake/isaac_ros_apriltag_interfacesConfig-version.cmake
[6.736s] -- Up-to-date: /workspaces/isaac_ros-dev/install/isaac_ros_apriltag_interfaces/share/isaac_ros_apriltag_interfaces/package.xml
[6.755s] Invoked command in '/workspaces/isaac_ros-dev/build/isaac_ros_apriltag_interfaces' returned '0': CMAKE_PREFIX_PATH=/workspaces/isaac_ros-dev/install/yolov8_bringup:/workspaces/isaac_ros-dev/install/multisense_ros:/workspaces/isaac_ros-dev/install/xacro:/workspaces/isaac_ros-dev/install/vision_msgs_rviz_plugins:/workspaces/isaac_ros-dev/install/vision_msgs:/workspaces/isaac_ros-dev/install/velodyne:/workspaces/isaac_ros-dev/install/velodyne_pointcloud:/workspaces/isaac_ros-dev/install/velodyne_driver:/workspaces/isaac_ros-dev/install/velodyne_msgs:/workspaces/isaac_ros-dev/install/velodyne_laserscan:/workspaces/isaac_ros-dev/install/vectornav:/workspaces/isaac_ros-dev/install/sdv_localization:/workspaces/isaac_ros-dev/install/vectornav_msgs:/workspaces/isaac_ros-dev/install/slam_toolbox:/workspaces/isaac_ros-dev/install/sdv_msg:/workspaces/isaac_ros-dev/install/sdv_localization_msgs:/workspaces/isaac_ros-dev/install/pointcloud_to_laserscan:/workspaces/isaac_ros-dev/install/my_package:/workspaces/isaac_ros-dev/install/multisense_msgs:/workspaces/isaac_ros-dev/install/multisense_lib:/workspaces/isaac_ros-dev/install/isaac_ros_visual_slam:/workspaces/isaac_ros-dev/install/isaac_ros_visual_slam_interfaces:/workspaces/isaac_ros-dev/install/isaac_ros_tensor_list_interfaces:/workspaces/isaac_ros-dev/install/isaac_ros_common:/workspaces/isaac_ros-dev/install/isaac_ros_bi3d_interfaces:/workspaces/isaac_ros-dev/install/isaac_ros_apriltag_interfaces:/workspaces/isaac_ros-dev/install/yolov8_ros:/workspaces/isaac_ros-dev/install/xbox_controller:/workspaces/isaac_ros-dev/install/panel:/workspaces/isaac_ros-dev/install/isaac_ros_test:/workspaces/isaac_ros-dev/install/encoder:/opt/ros/humble/install /usr/bin/cmake --install /workspaces/isaac_ros-dev/build/isaac_ros_apriltag_interfaces
