[0.732s] Invoking command in '/workspaces/isaac_ros-dev/build/isaac_ros_apriltag_interfaces': CMAKE_PREFIX_PATH=/workspaces/isaac_ros-dev/install/yolov8_bringup:/workspaces/isaac_ros-dev/install/multisense_ros:/workspaces/isaac_ros-dev/install/xacro:/workspaces/isaac_ros-dev/install/vision_msgs_rviz_plugins:/workspaces/isaac_ros-dev/install/vision_msgs:/workspaces/isaac_ros-dev/install/velodyne:/workspaces/isaac_ros-dev/install/velodyne_pointcloud:/workspaces/isaac_ros-dev/install/velodyne_driver:/workspaces/isaac_ros-dev/install/velodyne_msgs:/workspaces/isaac_ros-dev/install/velodyne_laserscan:/workspaces/isaac_ros-dev/install/vectornav:/workspaces/isaac_ros-dev/install/sdv_localization:/workspaces/isaac_ros-dev/install/vectornav_msgs:/workspaces/isaac_ros-dev/install/slam_toolbox:/workspaces/isaac_ros-dev/install/sdv_msg:/workspaces/isaac_ros-dev/install/sdv_localization_msgs:/workspaces/isaac_ros-dev/install/pointcloud_to_laserscan:/workspaces/isaac_ros-dev/install/my_package:/workspaces/isaac_ros-dev/install/multisense_msgs:/workspaces/isaac_ros-dev/install/multisense_lib:/workspaces/isaac_ros-dev/install/isaac_ros_visual_slam:/workspaces/isaac_ros-dev/install/isaac_ros_visual_slam_interfaces:/workspaces/isaac_ros-dev/install/isaac_ros_tensor_list_interfaces:/workspaces/isaac_ros-dev/install/isaac_ros_common:/workspaces/isaac_ros-dev/install/isaac_ros_bi3d_interfaces:/workspaces/isaac_ros-dev/install/isaac_ros_apriltag_interfaces:/workspaces/isaac_ros-dev/install/yolov8_ros:/workspaces/isaac_ros-dev/install/xbox_controller:/workspaces/isaac_ros-dev/install/panel:/workspaces/isaac_ros-dev/install/isaac_ros_test:/workspaces/isaac_ros-dev/install/encoder:/opt/ros/humble/install /usr/bin/cmake --build /workspaces/isaac_ros-dev/build/isaac_ros_apriltag_interfaces -- -j8 -l8
[0.892s] [ 10%] Built target isaac_ros_apriltag_interfaces__rosidl_generator_c
[0.900s] [ 12%] Built target isaac_ros_apriltag_interfaces__cpp
[0.928s] [ 12%] Built target ament_cmake_python_copy_isaac_ros_apriltag_interfaces
[1.108s] [ 23%] Built target isaac_ros_apriltag_interfaces__rosidl_typesupport_fastrtps_c
[1.124s] [ 33%] Built target isaac_ros_apriltag_interfaces__rosidl_typesupport_introspection_cpp
[1.124s] [ 43%] Built target isaac_ros_apriltag_interfaces__rosidl_typesupport_introspection_c
[1.142s] [ 53%] Built target isaac_ros_apriltag_interfaces__rosidl_typesupport_fastrtps_cpp
[1.173s] [ 64%] Built target isaac_ros_apriltag_interfaces__rosidl_typesupport_c
[1.320s] [ 74%] Built target isaac_ros_apriltag_interfaces__rosidl_typesupport_cpp
[1.454s] [ 74%] Built target isaac_ros_apriltag_interfaces
[1.599s] [ 76%] Built target isaac_ros_apriltag_interfaces__py
[1.722s] [ 84%] Built target isaac_ros_apriltag_interfaces__rosidl_generator_py
[1.883s] [ 89%] Built target isaac_ros_apriltag_interfaces__rosidl_typesupport_introspection_c__pyext
[1.932s] [ 94%] Built target isaac_ros_apriltag_interfaces__rosidl_typesupport_c__pyext
[1.950s] [100%] Built target isaac_ros_apriltag_interfaces__rosidl_typesupport_fastrtps_c__pyext
[3.018s] running egg_info
[3.286s] writing isaac_ros_apriltag_interfaces.egg-info/PKG-INFO
[3.286s] writing dependency_links to isaac_ros_apriltag_interfaces.egg-info/dependency_links.txt
[3.286s] writing top-level names to isaac_ros_apriltag_interfaces.egg-info/top_level.txt
[3.329s] reading manifest file 'isaac_ros_apriltag_interfaces.egg-info/SOURCES.txt'
[3.331s] writing manifest file 'isaac_ros_apriltag_interfaces.egg-info/SOURCES.txt'
[3.574s] [100%] Built target ament_cmake_python_build_isaac_ros_apriltag_interfaces_egg
[3.863s] Invoked command in '/workspaces/isaac_ros-dev/build/isaac_ros_apriltag_interfaces' returned '0': CMAKE_PREFIX_PATH=/workspaces/isaac_ros-dev/install/yolov8_bringup:/workspaces/isaac_ros-dev/install/multisense_ros:/workspaces/isaac_ros-dev/install/xacro:/workspaces/isaac_ros-dev/install/vision_msgs_rviz_plugins:/workspaces/isaac_ros-dev/install/vision_msgs:/workspaces/isaac_ros-dev/install/velodyne:/workspaces/isaac_ros-dev/install/velodyne_pointcloud:/workspaces/isaac_ros-dev/install/velodyne_driver:/workspaces/isaac_ros-dev/install/velodyne_msgs:/workspaces/isaac_ros-dev/install/velodyne_laserscan:/workspaces/isaac_ros-dev/install/vectornav:/workspaces/isaac_ros-dev/install/sdv_localization:/workspaces/isaac_ros-dev/install/vectornav_msgs:/workspaces/isaac_ros-dev/install/slam_toolbox:/workspaces/isaac_ros-dev/install/sdv_msg:/workspaces/isaac_ros-dev/install/sdv_localization_msgs:/workspaces/isaac_ros-dev/install/pointcloud_to_laserscan:/workspaces/isaac_ros-dev/install/my_package:/workspaces/isaac_ros-dev/install/multisense_msgs:/workspaces/isaac_ros-dev/install/multisense_lib:/workspaces/isaac_ros-dev/install/isaac_ros_visual_slam:/workspaces/isaac_ros-dev/install/isaac_ros_visual_slam_interfaces:/workspaces/isaac_ros-dev/install/isaac_ros_tensor_list_interfaces:/workspaces/isaac_ros-dev/install/isaac_ros_common:/workspaces/isaac_ros-dev/install/isaac_ros_bi3d_interfaces:/workspaces/isaac_ros-dev/install/isaac_ros_apriltag_interfaces:/workspaces/isaac_ros-dev/install/yolov8_ros:/workspaces/isaac_ros-dev/install/xbox_controller:/workspaces/isaac_ros-dev/install/panel:/workspaces/isaac_ros-dev/install/isaac_ros_test:/workspaces/isaac_ros-dev/install/encoder:/opt/ros/humble/install /usr/bin/cmake --build /workspaces/isaac_ros-dev/build/isaac_ros_apriltag_interfaces -- -j8 -l8
[5.869s] Invoking command in '/workspaces/isaac_ros-dev/build/isaac_ros_apriltag_interfaces': CMAKE_PREFIX_PATH=/workspaces/isaac_ros-dev/install/yolov8_bringup:/workspaces/isaac_ros-dev/install/multisense_ros:/workspaces/isaac_ros-dev/install/xacro:/workspaces/isaac_ros-dev/install/vision_msgs_rviz_plugins:/workspaces/isaac_ros-dev/install/vision_msgs:/workspaces/isaac_ros-dev/install/velodyne:/workspaces/isaac_ros-dev/install/velodyne_pointcloud:/workspaces/isaac_ros-dev/install/velodyne_driver:/workspaces/isaac_ros-dev/install/velodyne_msgs:/workspaces/isaac_ros-dev/install/velodyne_laserscan:/workspaces/isaac_ros-dev/install/vectornav:/workspaces/isaac_ros-dev/install/sdv_localization:/workspaces/isaac_ros-dev/install/vectornav_msgs:/workspaces/isaac_ros-dev/install/slam_toolbox:/workspaces/isaac_ros-dev/install/sdv_msg:/workspaces/isaac_ros-dev/install/sdv_localization_msgs:/workspaces/isaac_ros-dev/install/pointcloud_to_laserscan:/workspaces/isaac_ros-dev/install/my_package:/workspaces/isaac_ros-dev/install/multisense_msgs:/workspaces/isaac_ros-dev/install/multisense_lib:/workspaces/isaac_ros-dev/install/isaac_ros_visual_slam:/workspaces/isaac_ros-dev/install/isaac_ros_visual_slam_interfaces:/workspaces/isaac_ros-dev/install/isaac_ros_tensor_list_interfaces:/workspaces/isaac_ros-dev/install/isaac_ros_common:/workspaces/isaac_ros-dev/install/isaac_ros_bi3d_interfaces:/workspaces/isaac_ros-dev/install/isaac_ros_apriltag_interfaces:/workspaces/isaac_ros-dev/install/yolov8_ros:/workspaces/isaac_ros-dev/install/xbox_controller:/workspaces/isaac_ros-dev/install/panel:/workspaces/isaac_ros-dev/install/isaac_ros_test:/workspaces/isaac_ros-dev/install/encoder:/opt/ros/humble/install /usr/bin/cmake --install /workspaces/isaac_ros-dev/build/isaac_ros_apriltag_interfaces
[6.014s] -- Install configuration: "Release"
[6.015s] -- Up-to-date: /workspaces/isaac_ros-dev/install/isaac_ros_apriltag_interfaces/share/ament_index/resource_index/rosidl_interfaces/isaac_ros_apriltag_interfaces
[6.015s] -- Up-to-date: /workspaces/isaac_ros-dev/install/isaac_ros_apriltag_interfaces/include/isaac_ros_apriltag_interfaces/isaac_ros_apriltag_interfaces
[6.015s] -- Up-to-date: /workspaces/isaac_ros-dev/install/isaac_ros_apriltag_interfaces/include/isaac_ros_apriltag_interfaces/isaac_ros_apriltag_interfaces/msg
[6.017s] -- Up-to-date: /workspaces/isaac_ros-dev/install/isaac_ros_apriltag_interfaces/include/isaac_ros_apriltag_interfaces/isaac_ros_apriltag_interfaces/msg/rosidl_generator_c__visibility_control.h
[6.018s] -- Up-to-date: /workspaces/isaac_ros-dev/install/isaac_ros_apriltag_interfaces/include/isaac_ros_apriltag_interfaces/isaac_ros_apriltag_interfaces/msg/april_tag_detection_array.h
[6.029s] -- Up-to-date: /workspaces/isaac_ros-dev/install/isaac_ros_apriltag_interfaces/include/isaac_ros_apriltag_interfaces/isaac_ros_apriltag_interfaces/msg/detail
[6.030s] -- Up-to-date: /workspaces/isaac_ros-dev/install/isaac_ros_apriltag_interfaces/include/isaac_ros_apriltag_interfaces/isaac_ros_apriltag_interfaces/msg/detail/april_tag_detection_array__type_support.h
[6.030s] -- Up-to-date: /workspaces/isaac_ros-dev/install/isaac_ros_apriltag_interfaces/include/isaac_ros_apriltag_interfaces/isaac_ros_apriltag_interfaces/msg/detail/april_tag_detection_array__functions.c
[6.030s] -- Up-to-date: /workspaces/isaac_ros-dev/install/isaac_ros_apriltag_interfaces/include/isaac_ros_apriltag_interfaces/isaac_ros_apriltag_interfaces/msg/detail/april_tag_detection__functions.c
[6.030s] -- Up-to-date: /workspaces/isaac_ros-dev/install/isaac_ros_apriltag_interfaces/include/isaac_ros_apriltag_interfaces/isaac_ros_apriltag_interfaces/msg/detail/april_tag_detection__type_support.h
[6.032s] -- Up-to-date: /workspaces/isaac_ros-dev/install/isaac_ros_apriltag_interfaces/include/isaac_ros_apriltag_interfaces/isaac_ros_apriltag_interfaces/msg/detail/april_tag_detection_array__struct.h
[6.032s] -- Up-to-date: /workspaces/isaac_ros-dev/install/isaac_ros_apriltag_interfaces/include/isaac_ros_apriltag_interfaces/isaac_ros_apriltag_interfaces/msg/detail/april_tag_detection__functions.h
[6.033s] -- Up-to-date: /workspaces/isaac_ros-dev/install/isaac_ros_apriltag_interfaces/include/isaac_ros_apriltag_interfaces/isaac_ros_apriltag_interfaces/msg/detail/april_tag_detection_array__functions.h
[6.034s] -- Up-to-date: /workspaces/isaac_ros-dev/install/isaac_ros_apriltag_interfaces/include/isaac_ros_apriltag_interfaces/isaac_ros_apriltag_interfaces/msg/detail/april_tag_detection__struct.h
[6.034s] -- Up-to-date: /workspaces/isaac_ros-dev/install/isaac_ros_apriltag_interfaces/include/isaac_ros_apriltag_interfaces/isaac_ros_apriltag_interfaces/msg/april_tag_detection.h
[6.035s] -- Up-to-date: /workspaces/isaac_ros-dev/install/isaac_ros_apriltag_interfaces/share/isaac_ros_apriltag_interfaces/environment/library_path.sh
[6.035s] -- Up-to-date: /workspaces/isaac_ros-dev/install/isaac_ros_apriltag_interfaces/share/isaac_ros_apriltag_interfaces/environment/library_path.dsv
[6.035s] -- Up-to-date: /workspaces/isaac_ros-dev/install/isaac_ros_apriltag_interfaces/lib/libisaac_ros_apriltag_interfaces__rosidl_generator_c.so
[6.036s] -- Up-to-date: /workspaces/isaac_ros-dev/install/isaac_ros_apriltag_interfaces/include/isaac_ros_apriltag_interfaces/isaac_ros_apriltag_interfaces
[6.036s] -- Up-to-date: /workspaces/isaac_ros-dev/install/isaac_ros_apriltag_interfaces/include/isaac_ros_apriltag_interfaces/isaac_ros_apriltag_interfaces/msg
[6.036s] -- Up-to-date: /workspaces/isaac_ros-dev/install/isaac_ros_apriltag_interfaces/include/isaac_ros_apriltag_interfaces/isaac_ros_apriltag_interfaces/msg/rosidl_typesupport_fastrtps_c__visibility_control.h
[6.036s] -- Up-to-date: /workspaces/isaac_ros-dev/install/isaac_ros_apriltag_interfaces/include/isaac_ros_apriltag_interfaces/isaac_ros_apriltag_interfaces/msg/detail
[6.037s] -- Up-to-date: /workspaces/isaac_ros-dev/install/isaac_ros_apriltag_interfaces/include/isaac_ros_apriltag_interfaces/isaac_ros_apriltag_interfaces/msg/detail/april_tag_detection_array__rosidl_typesupport_fastrtps_c.h
[6.037s] -- Up-to-date: /workspaces/isaac_ros-dev/install/isaac_ros_apriltag_interfaces/include/isaac_ros_apriltag_interfaces/isaac_ros_apriltag_interfaces/msg/detail/april_tag_detection__rosidl_typesupport_fastrtps_c.h
[6.037s] -- Up-to-date: /workspaces/isaac_ros-dev/install/isaac_ros_apriltag_interfaces/lib/libisaac_ros_apriltag_interfaces__rosidl_typesupport_fastrtps_c.so
[6.037s] -- Up-to-date: /workspaces/isaac_ros-dev/install/isaac_ros_apriltag_interfaces/include/isaac_ros_apriltag_interfaces/isaac_ros_apriltag_interfaces
[6.038s] -- Up-to-date: /workspaces/isaac_ros-dev/install/isaac_ros_apriltag_interfaces/include/isaac_ros_apriltag_interfaces/isaac_ros_apriltag_interfaces/msg
[6.038s] -- Up-to-date: /workspaces/isaac_ros-dev/install/isaac_ros_apriltag_interfaces/include/isaac_ros_apriltag_interfaces/isaac_ros_apriltag_interfaces/msg/detail
[6.038s] -- Up-to-date: /workspaces/isaac_ros-dev/install/isaac_ros_apriltag_interfaces/include/isaac_ros_apriltag_interfaces/isaac_ros_apriltag_interfaces/msg/detail/april_tag_detection__rosidl_typesupport_introspection_c.h
[6.038s] -- Up-to-date: /workspaces/isaac_ros-dev/install/isaac_ros_apriltag_interfaces/include/isaac_ros_apriltag_interfaces/isaac_ros_apriltag_interfaces/msg/detail/april_tag_detection_array__rosidl_typesupport_introspection_c.h
[6.039s] -- Up-to-date: /workspaces/isaac_ros-dev/install/isaac_ros_apriltag_interfaces/include/isaac_ros_apriltag_interfaces/isaac_ros_apriltag_interfaces/msg/detail/april_tag_detection_array__type_support.c
[6.039s] -- Up-to-date: /workspaces/isaac_ros-dev/install/isaac_ros_apriltag_interfaces/include/isaac_ros_apriltag_interfaces/isaac_ros_apriltag_interfaces/msg/detail/april_tag_detection__type_support.c
[6.039s] -- Up-to-date: /workspaces/isaac_ros-dev/install/isaac_ros_apriltag_interfaces/include/isaac_ros_apriltag_interfaces/isaac_ros_apriltag_interfaces/msg/rosidl_typesupport_introspection_c__visibility_control.h
[6.039s] -- Up-to-date: /workspaces/isaac_ros-dev/install/isaac_ros_apriltag_interfaces/lib/libisaac_ros_apriltag_interfaces__rosidl_typesupport_introspection_c.so
[6.040s] -- Up-to-date: /workspaces/isaac_ros-dev/install/isaac_ros_apriltag_interfaces/lib/libisaac_ros_apriltag_interfaces__rosidl_typesupport_c.so
[6.040s] -- Up-to-date: /workspaces/isaac_ros-dev/install/isaac_ros_apriltag_interfaces/include/isaac_ros_apriltag_interfaces/isaac_ros_apriltag_interfaces
[6.040s] -- Up-to-date: /workspaces/isaac_ros-dev/install/isaac_ros_apriltag_interfaces/include/isaac_ros_apriltag_interfaces/isaac_ros_apriltag_interfaces/msg
[6.041s] -- Up-to-date: /workspaces/isaac_ros-dev/install/isaac_ros_apriltag_interfaces/include/isaac_ros_apriltag_interfaces/isaac_ros_apriltag_interfaces/msg/april_tag_detection_array.hpp
[6.041s] -- Up-to-date: /workspaces/isaac_ros-dev/install/isaac_ros_apriltag_interfaces/include/isaac_ros_apriltag_interfaces/isaac_ros_apriltag_interfaces/msg/detail
[6.041s] -- Up-to-date: /workspaces/isaac_ros-dev/install/isaac_ros_apriltag_interfaces/include/isaac_ros_apriltag_interfaces/isaac_ros_apriltag_interfaces/msg/detail/april_tag_detection_array__builder.hpp
[6.041s] -- Up-to-date: /workspaces/isaac_ros-dev/install/isaac_ros_apriltag_interfaces/include/isaac_ros_apriltag_interfaces/isaac_ros_apriltag_interfaces/msg/detail/april_tag_detection__builder.hpp
[6.042s] -- Up-to-date: /workspaces/isaac_ros-dev/install/isaac_ros_apriltag_interfaces/include/isaac_ros_apriltag_interfaces/isaac_ros_apriltag_interfaces/msg/detail/april_tag_detection__struct.hpp
[6.045s] -- Up-to-date: /workspaces/isaac_ros-dev/install/isaac_ros_apriltag_interfaces/include/isaac_ros_apriltag_interfaces/isaac_ros_apriltag_interfaces/msg/detail/april_tag_detection_array__struct.hpp
[6.045s] -- Up-to-date: /workspaces/isaac_ros-dev/install/isaac_ros_apriltag_interfaces/include/isaac_ros_apriltag_interfaces/isaac_ros_apriltag_interfaces/msg/detail/april_tag_detection__traits.hpp
[6.045s] -- Up-to-date: /workspaces/isaac_ros-dev/install/isaac_ros_apriltag_interfaces/include/isaac_ros_apriltag_interfaces/isaac_ros_apriltag_interfaces/msg/detail/april_tag_detection_array__traits.hpp
[6.046s] -- Up-to-date: /workspaces/isaac_ros-dev/install/isaac_ros_apriltag_interfaces/include/isaac_ros_apriltag_interfaces/isaac_ros_apriltag_interfaces/msg/april_tag_detection.hpp
[6.046s] -- Up-to-date: /workspaces/isaac_ros-dev/install/isaac_ros_apriltag_interfaces/include/isaac_ros_apriltag_interfaces/isaac_ros_apriltag_interfaces
[6.046s] -- Up-to-date: /workspaces/isaac_ros-dev/install/isaac_ros_apriltag_interfaces/include/isaac_ros_apriltag_interfaces/isaac_ros_apriltag_interfaces/msg
[6.047s] -- Up-to-date: /workspaces/isaac_ros-dev/install/isaac_ros_apriltag_interfaces/include/isaac_ros_apriltag_interfaces/isaac_ros_apriltag_interfaces/msg/rosidl_typesupport_fastrtps_cpp__visibility_control.h
[6.047s] -- Up-to-date: /workspaces/isaac_ros-dev/install/isaac_ros_apriltag_interfaces/include/isaac_ros_apriltag_interfaces/isaac_ros_apriltag_interfaces/msg/detail
[6.047s] -- Up-to-date: /workspaces/isaac_ros-dev/install/isaac_ros_apriltag_interfaces/include/isaac_ros_apriltag_interfaces/isaac_ros_apriltag_interfaces/msg/detail/dds_fastrtps
[6.047s] -- Up-to-date: /workspaces/isaac_ros-dev/install/isaac_ros_apriltag_interfaces/include/isaac_ros_apriltag_interfaces/isaac_ros_apriltag_interfaces/msg/detail/april_tag_detection_array__rosidl_typesupport_fastrtps_cpp.hpp
[6.048s] -- Up-to-date: /workspaces/isaac_ros-dev/install/isaac_ros_apriltag_interfaces/include/isaac_ros_apriltag_interfaces/isaac_ros_apriltag_interfaces/msg/detail/april_tag_detection__rosidl_typesupport_fastrtps_cpp.hpp
[6.048s] -- Up-to-date: /workspaces/isaac_ros-dev/install/isaac_ros_apriltag_interfaces/lib/libisaac_ros_apriltag_interfaces__rosidl_typesupport_fastrtps_cpp.so
[6.048s] -- Up-to-date: /workspaces/isaac_ros-dev/install/isaac_ros_apriltag_interfaces/include/isaac_ros_apriltag_interfaces/isaac_ros_apriltag_interfaces
[6.048s] -- Up-to-date: /workspaces/isaac_ros-dev/install/isaac_ros_apriltag_interfaces/include/isaac_ros_apriltag_interfaces/isaac_ros_apriltag_interfaces/msg
[6.049s] -- Up-to-date: /workspaces/isaac_ros-dev/install/isaac_ros_apriltag_interfaces/include/isaac_ros_apriltag_interfaces/isaac_ros_apriltag_interfaces/msg/detail
[6.049s] -- Up-to-date: /workspaces/isaac_ros-dev/install/isaac_ros_apriltag_interfaces/include/isaac_ros_apriltag_interfaces/isaac_ros_apriltag_interfaces/msg/detail/april_tag_detection_array__rosidl_typesupport_introspection_cpp.hpp
[6.049s] -- Up-to-date: /workspaces/isaac_ros-dev/install/isaac_ros_apriltag_interfaces/include/isaac_ros_apriltag_interfaces/isaac_ros_apriltag_interfaces/msg/detail/april_tag_detection__rosidl_typesupport_introspection_cpp.hpp
[6.050s] -- Up-to-date: /workspaces/isaac_ros-dev/install/isaac_ros_apriltag_interfaces/include/isaac_ros_apriltag_interfaces/isaac_ros_apriltag_interfaces/msg/detail/april_tag_detection__type_support.cpp
[6.050s] -- Up-to-date: /workspaces/isaac_ros-dev/install/isaac_ros_apriltag_interfaces/include/isaac_ros_apriltag_interfaces/isaac_ros_apriltag_interfaces/msg/detail/april_tag_detection_array__type_support.cpp
[6.050s] -- Up-to-date: /workspaces/isaac_ros-dev/install/isaac_ros_apriltag_interfaces/lib/libisaac_ros_apriltag_interfaces__rosidl_typesupport_introspection_cpp.so
[6.050s] -- Up-to-date: /workspaces/isaac_ros-dev/install/isaac_ros_apriltag_interfaces/lib/libisaac_ros_apriltag_interfaces__rosidl_typesupport_cpp.so
[6.051s] -- Up-to-date: /workspaces/isaac_ros-dev/install/isaac_ros_apriltag_interfaces/share/isaac_ros_apriltag_interfaces/environment/pythonpath.sh
[6.051s] -- Up-to-date: /workspaces/isaac_ros-dev/install/isaac_ros_apriltag_interfaces/share/isaac_ros_apriltag_interfaces/environment/pythonpath.dsv
[6.051s] -- Up-to-date: /workspaces/isaac_ros-dev/install/isaac_ros_apriltag_interfaces/lib/python3.8/site-packages/isaac_ros_apriltag_interfaces-0.11.0-py3.8.egg-info
[6.051s] -- Installing: /workspaces/isaac_ros-dev/install/isaac_ros_apriltag_interfaces/lib/python3.8/site-packages/isaac_ros_apriltag_interfaces-0.11.0-py3.8.egg-info/top_level.txt
[6.069s] -- Installing: /workspaces/isaac_ros-dev/install/isaac_ros_apriltag_interfaces/lib/python3.8/site-packages/isaac_ros_apriltag_interfaces-0.11.0-py3.8.egg-info/dependency_links.txt
[6.074s] -- Installing: /workspaces/isaac_ros-dev/install/isaac_ros_apriltag_interfaces/lib/python3.8/site-packages/isaac_ros_apriltag_interfaces-0.11.0-py3.8.egg-info/SOURCES.txt
[6.075s] -- Installing: /workspaces/isaac_ros-dev/install/isaac_ros_apriltag_interfaces/lib/python3.8/site-packages/isaac_ros_apriltag_interfaces-0.11.0-py3.8.egg-info/PKG-INFO
[6.075s] -- Up-to-date: /workspaces/isaac_ros-dev/install/isaac_ros_apriltag_interfaces/lib/python3.8/site-packages/isaac_ros_apriltag_interfaces
[6.076s] -- Up-to-date: /workspaces/isaac_ros-dev/install/isaac_ros_apriltag_interfaces/lib/python3.8/site-packages/isaac_ros_apriltag_interfaces/isaac_ros_apriltag_interfaces_s__rosidl_typesupport_fastrtps_c.cpython-38-aarch64-linux-gnu.so
[6.077s] -- Up-to-date: /workspaces/isaac_ros-dev/install/isaac_ros_apriltag_interfaces/lib/python3.8/site-packages/isaac_ros_apriltag_interfaces/_isaac_ros_apriltag_interfaces_s.ep.rosidl_typesupport_c.c
[6.077s] -- Up-to-date: /workspaces/isaac_ros-dev/install/isaac_ros_apriltag_interfaces/lib/python3.8/site-packages/isaac_ros_apriltag_interfaces/__init__.py
[6.077s] -- Up-to-date: /workspaces/isaac_ros-dev/install/isaac_ros_apriltag_interfaces/lib/python3.8/site-packages/isaac_ros_apriltag_interfaces/isaac_ros_apriltag_interfaces_s__rosidl_typesupport_introspection_c.cpython-38-aarch64-linux-gnu.so
[6.078s] -- Up-to-date: /workspaces/isaac_ros-dev/install/isaac_ros_apriltag_interfaces/lib/python3.8/site-packages/isaac_ros_apriltag_interfaces/msg
[6.078s] -- Up-to-date: /workspaces/isaac_ros-dev/install/isaac_ros_apriltag_interfaces/lib/python3.8/site-packages/isaac_ros_apriltag_interfaces/msg/__init__.py
[6.078s] -- Up-to-date: /workspaces/isaac_ros-dev/install/isaac_ros_apriltag_interfaces/lib/python3.8/site-packages/isaac_ros_apriltag_interfaces/msg/_april_tag_detection_array_s.c
[6.078s] -- Up-to-date: /workspaces/isaac_ros-dev/install/isaac_ros_apriltag_interfaces/lib/python3.8/site-packages/isaac_ros_apriltag_interfaces/msg/_april_tag_detection_s.c
[6.079s] -- Up-to-date: /workspaces/isaac_ros-dev/install/isaac_ros_apriltag_interfaces/lib/python3.8/site-packages/isaac_ros_apriltag_interfaces/msg/_april_tag_detection.py
[6.079s] -- Up-to-date: /workspaces/isaac_ros-dev/install/isaac_ros_apriltag_interfaces/lib/python3.8/site-packages/isaac_ros_apriltag_interfaces/msg/_april_tag_detection_array.py
[6.080s] -- Up-to-date: /workspaces/isaac_ros-dev/install/isaac_ros_apriltag_interfaces/lib/python3.8/site-packages/isaac_ros_apriltag_interfaces/_isaac_ros_apriltag_interfaces_s.ep.rosidl_typesupport_fastrtps_c.c
[6.080s] -- Up-to-date: /workspaces/isaac_ros-dev/install/isaac_ros_apriltag_interfaces/lib/python3.8/site-packages/isaac_ros_apriltag_interfaces/isaac_ros_apriltag_interfaces_s__rosidl_typesupport_c.cpython-38-aarch64-linux-gnu.so
[6.080s] -- Up-to-date: /workspaces/isaac_ros-dev/install/isaac_ros_apriltag_interfaces/lib/python3.8/site-packages/isaac_ros_apriltag_interfaces/_isaac_ros_apriltag_interfaces_s.ep.rosidl_typesupport_introspection_c.c
[6.080s] -- Up-to-date: /workspaces/isaac_ros-dev/install/isaac_ros_apriltag_interfaces/lib/python3.8/site-packages/isaac_ros_apriltag_interfaces/libisaac_ros_apriltag_interfaces__rosidl_generator_py.so
[6.126s] Listing '/workspaces/isaac_ros-dev/install/isaac_ros_apriltag_interfaces/lib/python3.8/site-packages/isaac_ros_apriltag_interfaces'...
[6.126s] Listing '/workspaces/isaac_ros-dev/install/isaac_ros_apriltag_interfaces/lib/python3.8/site-packages/isaac_ros_apriltag_interfaces/msg'...
[6.140s] -- Up-to-date: /workspaces/isaac_ros-dev/install/isaac_ros_apriltag_interfaces/lib/python3.8/site-packages/isaac_ros_apriltag_interfaces/isaac_ros_apriltag_interfaces_s__rosidl_typesupport_fastrtps_c.cpython-38-aarch64-linux-gnu.so
[6.142s] -- Up-to-date: /workspaces/isaac_ros-dev/install/isaac_ros_apriltag_interfaces/lib/python3.8/site-packages/isaac_ros_apriltag_interfaces/isaac_ros_apriltag_interfaces_s__rosidl_typesupport_introspection_c.cpython-38-aarch64-linux-gnu.so
[6.144s] -- Up-to-date: /workspaces/isaac_ros-dev/install/isaac_ros_apriltag_interfaces/lib/python3.8/site-packages/isaac_ros_apriltag_interfaces/isaac_ros_apriltag_interfaces_s__rosidl_typesupport_c.cpython-38-aarch64-linux-gnu.so
[6.146s] -- Up-to-date: /workspaces/isaac_ros-dev/install/isaac_ros_apriltag_interfaces/lib/libisaac_ros_apriltag_interfaces__rosidl_generator_py.so
[6.147s] -- Up-to-date: /workspaces/isaac_ros-dev/install/isaac_ros_apriltag_interfaces/share/isaac_ros_apriltag_interfaces/msg/AprilTagDetection.idl
[6.148s] -- Up-to-date: /workspaces/isaac_ros-dev/install/isaac_ros_apriltag_interfaces/share/isaac_ros_apriltag_interfaces/msg/AprilTagDetectionArray.idl
[6.148s] -- Up-to-date: /workspaces/isaac_ros-dev/install/isaac_ros_apriltag_interfaces/share/isaac_ros_apriltag_interfaces/msg/AprilTagDetection.msg
[6.149s] -- Up-to-date: /workspaces/isaac_ros-dev/install/isaac_ros_apriltag_interfaces/share/isaac_ros_apriltag_interfaces/msg/AprilTagDetectionArray.msg
[6.149s] -- Up-to-date: /workspaces/isaac_ros-dev/install/isaac_ros_apriltag_interfaces/share/ament_index/resource_index/package_run_dependencies/isaac_ros_apriltag_interfaces
[6.150s] -- Up-to-date: /workspaces/isaac_ros-dev/install/isaac_ros_apriltag_interfaces/share/ament_index/resource_index/parent_prefix_path/isaac_ros_apriltag_interfaces
[6.150s] -- Up-to-date: /workspaces/isaac_ros-dev/install/isaac_ros_apriltag_interfaces/share/isaac_ros_apriltag_interfaces/environment/ament_prefix_path.sh
[6.151s] -- Up-to-date: /workspaces/isaac_ros-dev/install/isaac_ros_apriltag_interfaces/share/isaac_ros_apriltag_interfaces/environment/ament_prefix_path.dsv
[6.151s] -- Up-to-date: /workspaces/isaac_ros-dev/install/isaac_ros_apriltag_interfaces/share/isaac_ros_apriltag_interfaces/environment/path.sh
[6.151s] -- Up-to-date: /workspaces/isaac_ros-dev/install/isaac_ros_apriltag_interfaces/share/isaac_ros_apriltag_interfaces/environment/path.dsv
[6.152s] -- Up-to-date: /workspaces/isaac_ros-dev/install/isaac_ros_apriltag_interfaces/share/isaac_ros_apriltag_interfaces/local_setup.bash
[6.152s] -- Up-to-date: /workspaces/isaac_ros-dev/install/isaac_ros_apriltag_interfaces/share/isaac_ros_apriltag_interfaces/local_setup.sh
[6.153s] -- Up-to-date: /workspaces/isaac_ros-dev/install/isaac_ros_apriltag_interfaces/share/isaac_ros_apriltag_interfaces/local_setup.zsh
[6.153s] -- Up-to-date: /workspaces/isaac_ros-dev/install/isaac_ros_apriltag_interfaces/share/isaac_ros_apriltag_interfaces/local_setup.dsv
[6.154s] -- Installing: /workspaces/isaac_ros-dev/install/isaac_ros_apriltag_interfaces/share/isaac_ros_apriltag_interfaces/package.dsv
[6.154s] -- Up-to-date: /workspaces/isaac_ros-dev/install/isaac_ros_apriltag_interfaces/share/ament_index/resource_index/packages/isaac_ros_apriltag_interfaces
[6.155s] -- Up-to-date: /workspaces/isaac_ros-dev/install/isaac_ros_apriltag_interfaces/share/isaac_ros_apriltag_interfaces/cmake/export_isaac_ros_apriltag_interfaces__rosidl_generator_cExport.cmake
[6.155s] -- Up-to-date: /workspaces/isaac_ros-dev/install/isaac_ros_apriltag_interfaces/share/isaac_ros_apriltag_interfaces/cmake/export_isaac_ros_apriltag_interfaces__rosidl_generator_cExport-release.cmake
[6.156s] -- Up-to-date: /workspaces/isaac_ros-dev/install/isaac_ros_apriltag_interfaces/share/isaac_ros_apriltag_interfaces/cmake/export_isaac_ros_apriltag_interfaces__rosidl_typesupport_fastrtps_cExport.cmake
[6.156s] -- Up-to-date: /workspaces/isaac_ros-dev/install/isaac_ros_apriltag_interfaces/share/isaac_ros_apriltag_interfaces/cmake/export_isaac_ros_apriltag_interfaces__rosidl_typesupport_fastrtps_cExport-release.cmake
[6.156s] -- Up-to-date: /workspaces/isaac_ros-dev/install/isaac_ros_apriltag_interfaces/share/isaac_ros_apriltag_interfaces/cmake/isaac_ros_apriltag_interfaces__rosidl_typesupport_introspection_cExport.cmake
[6.157s] -- Up-to-date: /workspaces/isaac_ros-dev/install/isaac_ros_apriltag_interfaces/share/isaac_ros_apriltag_interfaces/cmake/isaac_ros_apriltag_interfaces__rosidl_typesupport_introspection_cExport-release.cmake
[6.157s] -- Up-to-date: /workspaces/isaac_ros-dev/install/isaac_ros_apriltag_interfaces/share/isaac_ros_apriltag_interfaces/cmake/isaac_ros_apriltag_interfaces__rosidl_typesupport_cExport.cmake
[6.158s] -- Up-to-date: /workspaces/isaac_ros-dev/install/isaac_ros_apriltag_interfaces/share/isaac_ros_apriltag_interfaces/cmake/isaac_ros_apriltag_interfaces__rosidl_typesupport_cExport-release.cmake
[6.158s] -- Up-to-date: /workspaces/isaac_ros-dev/install/isaac_ros_apriltag_interfaces/share/isaac_ros_apriltag_interfaces/cmake/export_isaac_ros_apriltag_interfaces__rosidl_generator_cppExport.cmake
[6.160s] -- Up-to-date: /workspaces/isaac_ros-dev/install/isaac_ros_apriltag_interfaces/share/isaac_ros_apriltag_interfaces/cmake/export_isaac_ros_apriltag_interfaces__rosidl_typesupport_fastrtps_cppExport.cmake
[6.162s] -- Up-to-date: /workspaces/isaac_ros-dev/install/isaac_ros_apriltag_interfaces/share/isaac_ros_apriltag_interfaces/cmake/export_isaac_ros_apriltag_interfaces__rosidl_typesupport_fastrtps_cppExport-release.cmake
[6.163s] -- Up-to-date: /workspaces/isaac_ros-dev/install/isaac_ros_apriltag_interfaces/share/isaac_ros_apriltag_interfaces/cmake/isaac_ros_apriltag_interfaces__rosidl_typesupport_introspection_cppExport.cmake
[6.163s] -- Up-to-date: /workspaces/isaac_ros-dev/install/isaac_ros_apriltag_interfaces/share/isaac_ros_apriltag_interfaces/cmake/isaac_ros_apriltag_interfaces__rosidl_typesupport_introspection_cppExport-release.cmake
[6.164s] -- Up-to-date: /workspaces/isaac_ros-dev/install/isaac_ros_apriltag_interfaces/share/isaac_ros_apriltag_interfaces/cmake/isaac_ros_apriltag_interfaces__rosidl_typesupport_cppExport.cmake
[6.165s] -- Up-to-date: /workspaces/isaac_ros-dev/install/isaac_ros_apriltag_interfaces/share/isaac_ros_apriltag_interfaces/cmake/isaac_ros_apriltag_interfaces__rosidl_typesupport_cppExport-release.cmake
[6.165s] -- Up-to-date: /workspaces/isaac_ros-dev/install/isaac_ros_apriltag_interfaces/share/isaac_ros_apriltag_interfaces/cmake/export_isaac_ros_apriltag_interfaces__rosidl_generator_pyExport.cmake
[6.166s] -- Up-to-date: /workspaces/isaac_ros-dev/install/isaac_ros_apriltag_interfaces/share/isaac_ros_apriltag_interfaces/cmake/export_isaac_ros_apriltag_interfaces__rosidl_generator_pyExport-release.cmake
[6.166s] -- Up-to-date: /workspaces/isaac_ros-dev/install/isaac_ros_apriltag_interfaces/share/isaac_ros_apriltag_interfaces/cmake/rosidl_cmake-extras.cmake
[6.167s] -- Up-to-date: /workspaces/isaac_ros-dev/install/isaac_ros_apriltag_interfaces/share/isaac_ros_apriltag_interfaces/cmake/ament_cmake_export_dependencies-extras.cmake
[6.167s] -- Up-to-date: /workspaces/isaac_ros-dev/install/isaac_ros_apriltag_interfaces/share/isaac_ros_apriltag_interfaces/cmake/ament_cmake_export_include_directories-extras.cmake
[6.168s] -- Up-to-date: /workspaces/isaac_ros-dev/install/isaac_ros_apriltag_interfaces/share/isaac_ros_apriltag_interfaces/cmake/ament_cmake_export_libraries-extras.cmake
[6.169s] -- Up-to-date: /workspaces/isaac_ros-dev/install/isaac_ros_apriltag_interfaces/share/isaac_ros_apriltag_interfaces/cmake/ament_cmake_export_targets-extras.cmake
[6.169s] -- Up-to-date: /workspaces/isaac_ros-dev/install/isaac_ros_apriltag_interfaces/share/isaac_ros_apriltag_interfaces/cmake/rosidl_cmake_export_typesupport_targets-extras.cmake
[6.170s] -- Up-to-date: /workspaces/isaac_ros-dev/install/isaac_ros_apriltag_interfaces/share/isaac_ros_apriltag_interfaces/cmake/rosidl_cmake_export_typesupport_libraries-extras.cmake
[6.170s] -- Up-to-date: /workspaces/isaac_ros-dev/install/isaac_ros_apriltag_interfaces/share/isaac_ros_apriltag_interfaces/cmake/isaac_ros_apriltag_interfacesConfig.cmake
[6.170s] -- Up-to-date: /workspaces/isaac_ros-dev/install/isaac_ros_apriltag_interfaces/share/isaac_ros_apriltag_interfaces/cmake/isaac_ros_apriltag_interfacesConfig-version.cmake
[6.171s] -- Up-to-date: /workspaces/isaac_ros-dev/install/isaac_ros_apriltag_interfaces/share/isaac_ros_apriltag_interfaces/package.xml
[6.230s] Invoked command in '/workspaces/isaac_ros-dev/build/isaac_ros_apriltag_interfaces' returned '0': CMAKE_PREFIX_PATH=/workspaces/isaac_ros-dev/install/yolov8_bringup:/workspaces/isaac_ros-dev/install/multisense_ros:/workspaces/isaac_ros-dev/install/xacro:/workspaces/isaac_ros-dev/install/vision_msgs_rviz_plugins:/workspaces/isaac_ros-dev/install/vision_msgs:/workspaces/isaac_ros-dev/install/velodyne:/workspaces/isaac_ros-dev/install/velodyne_pointcloud:/workspaces/isaac_ros-dev/install/velodyne_driver:/workspaces/isaac_ros-dev/install/velodyne_msgs:/workspaces/isaac_ros-dev/install/velodyne_laserscan:/workspaces/isaac_ros-dev/install/vectornav:/workspaces/isaac_ros-dev/install/sdv_localization:/workspaces/isaac_ros-dev/install/vectornav_msgs:/workspaces/isaac_ros-dev/install/slam_toolbox:/workspaces/isaac_ros-dev/install/sdv_msg:/workspaces/isaac_ros-dev/install/sdv_localization_msgs:/workspaces/isaac_ros-dev/install/pointcloud_to_laserscan:/workspaces/isaac_ros-dev/install/my_package:/workspaces/isaac_ros-dev/install/multisense_msgs:/workspaces/isaac_ros-dev/install/multisense_lib:/workspaces/isaac_ros-dev/install/isaac_ros_visual_slam:/workspaces/isaac_ros-dev/install/isaac_ros_visual_slam_interfaces:/workspaces/isaac_ros-dev/install/isaac_ros_tensor_list_interfaces:/workspaces/isaac_ros-dev/install/isaac_ros_common:/workspaces/isaac_ros-dev/install/isaac_ros_bi3d_interfaces:/workspaces/isaac_ros-dev/install/isaac_ros_apriltag_interfaces:/workspaces/isaac_ros-dev/install/yolov8_ros:/workspaces/isaac_ros-dev/install/xbox_controller:/workspaces/isaac_ros-dev/install/panel:/workspaces/isaac_ros-dev/install/isaac_ros_test:/workspaces/isaac_ros-dev/install/encoder:/opt/ros/humble/install /usr/bin/cmake --install /workspaces/isaac_ros-dev/build/isaac_ros_apriltag_interfaces
