[2.143s] Invoking command in '/workspaces/isaac_ros-dev/build/multisense_msgs': CMAKE_PREFIX_PATH=/workspaces/isaac_ros-dev/install/yolov8_bringup:/workspaces/isaac_ros-dev/install/xacro:/workspaces/isaac_ros-dev/install/vision_msgs:/workspaces/isaac_ros-dev/install/velodyne_driver:/workspaces/isaac_ros-dev/install/velodyne_msgs:/workspaces/isaac_ros-dev/install/velodyne_laserscan:/workspaces/isaac_ros-dev/install/vectornav_msgs:/workspaces/isaac_ros-dev/install/sdv_msg:/workspaces/isaac_ros-dev/install/sdv_localization_msgs:/workspaces/isaac_ros-dev/install/my_package:/workspaces/isaac_ros-dev/install/multisense_msgs:/workspaces/isaac_ros-dev/install/multisense_lib:/workspaces/isaac_ros-dev/install/isaac_ros_visual_slam_interfaces:/workspaces/isaac_ros-dev/install/isaac_ros_tensor_list_interfaces:/workspaces/isaac_ros-dev/install/isaac_ros_common:/workspaces/isaac_ros-dev/install/isaac_ros_bi3d_interfaces:/workspaces/isaac_ros-dev/install/isaac_ros_apriltag_interfaces:/workspaces/isaac_ros-dev/install/yolov8_ros:/workspaces/isaac_ros-dev/install/panel:/workspaces/isaac_ros-dev/install/isaac_ros_test:/workspaces/isaac_ros-dev/install/encoder:/opt/ros/humble/install /usr/bin/cmake --build /workspaces/isaac_ros-dev/build/multisense_msgs -- -j8 -l8
[2.356s] [35m[1mConsolidate compiler generated dependencies of target multisense_msgs__rosidl_generator_c[0m
[2.405s] [  0%] Built target multisense_msgs__cpp
[2.497s] [ 12%] Built target multisense_msgs__rosidl_generator_c
[2.505s] [35m[1mConsolidate compiler generated dependencies of target multisense_msgs__rosidl_typesupport_cpp[0m
[2.507s] [ 12%] Built target ament_cmake_python_copy_multisense_msgs
[2.551s] [35m[1mConsolidate compiler generated dependencies of target multisense_msgs__rosidl_typesupport_introspection_cpp[0m
[2.609s] [35m[1mConsolidate compiler generated dependencies of target multisense_msgs__rosidl_typesupport_fastrtps_cpp[0m
[2.640s] [35m[1mConsolidate compiler generated dependencies of target multisense_msgs__rosidl_typesupport_introspection_c[0m
[2.673s] [35m[1mConsolidate compiler generated dependencies of target multisense_msgs__rosidl_typesupport_c[0m
[2.701s] [35m[1mConsolidate compiler generated dependencies of target multisense_msgs__rosidl_typesupport_fastrtps_c[0m
[2.822s] [ 24%] Built target multisense_msgs__rosidl_typesupport_cpp
[2.852s] [ 36%] Built target multisense_msgs__rosidl_typesupport_introspection_c
[2.858s] [ 48%] Built target multisense_msgs__rosidl_typesupport_introspection_cpp
[2.888s] [ 59%] Built target multisense_msgs__rosidl_typesupport_c
[2.926s] [ 70%] Built target multisense_msgs__rosidl_typesupport_fastrtps_cpp
[2.972s] [ 82%] Built target multisense_msgs__rosidl_typesupport_fastrtps_c
[3.105s] [ 82%] Built target multisense_msgs
[3.298s] [ 83%] Built target multisense_msgs__py
[3.342s] [35m[1mConsolidate compiler generated dependencies of target multisense_msgs__rosidl_generator_py[0m
[3.481s] [ 94%] Built target multisense_msgs__rosidl_generator_py
[3.586s] [35m[1mConsolidate compiler generated dependencies of target multisense_msgs__rosidl_typesupport_fastrtps_c__pyext[0m
[3.589s] [35m[1mConsolidate compiler generated dependencies of target multisense_msgs__rosidl_typesupport_introspection_c__pyext[0m
[3.602s] [35m[1mConsolidate compiler generated dependencies of target multisense_msgs__rosidl_typesupport_c__pyext[0m
[3.681s] [ 96%] Built target multisense_msgs__rosidl_typesupport_introspection_c__pyext
[3.705s] [ 98%] Built target multisense_msgs__rosidl_typesupport_fastrtps_c__pyext
[3.740s] [100%] Built target multisense_msgs__rosidl_typesupport_c__pyext
[4.782s] running egg_info
[4.855s] writing multisense_msgs.egg-info/PKG-INFO
[4.855s] writing dependency_links to multisense_msgs.egg-info/dependency_links.txt
[4.856s] writing top-level names to multisense_msgs.egg-info/top_level.txt
[5.062s] reading manifest file 'multisense_msgs.egg-info/SOURCES.txt'
[5.076s] writing manifest file 'multisense_msgs.egg-info/SOURCES.txt'
[5.249s] [100%] Built target ament_cmake_python_build_multisense_msgs_egg
[5.296s] Invoked command in '/workspaces/isaac_ros-dev/build/multisense_msgs' returned '0': CMAKE_PREFIX_PATH=/workspaces/isaac_ros-dev/install/yolov8_bringup:/workspaces/isaac_ros-dev/install/xacro:/workspaces/isaac_ros-dev/install/vision_msgs:/workspaces/isaac_ros-dev/install/velodyne_driver:/workspaces/isaac_ros-dev/install/velodyne_msgs:/workspaces/isaac_ros-dev/install/velodyne_laserscan:/workspaces/isaac_ros-dev/install/vectornav_msgs:/workspaces/isaac_ros-dev/install/sdv_msg:/workspaces/isaac_ros-dev/install/sdv_localization_msgs:/workspaces/isaac_ros-dev/install/my_package:/workspaces/isaac_ros-dev/install/multisense_msgs:/workspaces/isaac_ros-dev/install/multisense_lib:/workspaces/isaac_ros-dev/install/isaac_ros_visual_slam_interfaces:/workspaces/isaac_ros-dev/install/isaac_ros_tensor_list_interfaces:/workspaces/isaac_ros-dev/install/isaac_ros_common:/workspaces/isaac_ros-dev/install/isaac_ros_bi3d_interfaces:/workspaces/isaac_ros-dev/install/isaac_ros_apriltag_interfaces:/workspaces/isaac_ros-dev/install/yolov8_ros:/workspaces/isaac_ros-dev/install/panel:/workspaces/isaac_ros-dev/install/isaac_ros_test:/workspaces/isaac_ros-dev/install/encoder:/opt/ros/humble/install /usr/bin/cmake --build /workspaces/isaac_ros-dev/build/multisense_msgs -- -j8 -l8
[8.989s] Invoking command in '/workspaces/isaac_ros-dev/build/multisense_msgs': CMAKE_PREFIX_PATH=/workspaces/isaac_ros-dev/install/yolov8_bringup:/workspaces/isaac_ros-dev/install/xacro:/workspaces/isaac_ros-dev/install/vision_msgs:/workspaces/isaac_ros-dev/install/velodyne_driver:/workspaces/isaac_ros-dev/install/velodyne_msgs:/workspaces/isaac_ros-dev/install/velodyne_laserscan:/workspaces/isaac_ros-dev/install/vectornav_msgs:/workspaces/isaac_ros-dev/install/sdv_msg:/workspaces/isaac_ros-dev/install/sdv_localization_msgs:/workspaces/isaac_ros-dev/install/my_package:/workspaces/isaac_ros-dev/install/multisense_msgs:/workspaces/isaac_ros-dev/install/multisense_lib:/workspaces/isaac_ros-dev/install/isaac_ros_visual_slam_interfaces:/workspaces/isaac_ros-dev/install/isaac_ros_tensor_list_interfaces:/workspaces/isaac_ros-dev/install/isaac_ros_common:/workspaces/isaac_ros-dev/install/isaac_ros_bi3d_interfaces:/workspaces/isaac_ros-dev/install/isaac_ros_apriltag_interfaces:/workspaces/isaac_ros-dev/install/yolov8_ros:/workspaces/isaac_ros-dev/install/panel:/workspaces/isaac_ros-dev/install/isaac_ros_test:/workspaces/isaac_ros-dev/install/encoder:/opt/ros/humble/install /usr/bin/cmake --install /workspaces/isaac_ros-dev/build/multisense_msgs
[9.047s] -- Install configuration: "Release"
[9.049s] -- Up-to-date: /workspaces/isaac_ros-dev/install/multisense_msgs/share/ament_index/resource_index/rosidl_interfaces/multisense_msgs
[9.049s] -- Up-to-date: /workspaces/isaac_ros-dev/install/multisense_msgs/include/multisense_msgs/multisense_msgs
[9.050s] -- Up-to-date: /workspaces/isaac_ros-dev/install/multisense_msgs/include/multisense_msgs/multisense_msgs/msg
[9.059s] -- Up-to-date: /workspaces/isaac_ros-dev/install/multisense_msgs/include/multisense_msgs/multisense_msgs/msg/rosidl_generator_c__visibility_control.h
[9.060s] -- Up-to-date: /workspaces/isaac_ros-dev/install/multisense_msgs/include/multisense_msgs/multisense_msgs/msg/stamped_pps.h
[9.060s] -- Up-to-date: /workspaces/isaac_ros-dev/install/multisense_msgs/include/multisense_msgs/multisense_msgs/msg/raw_lidar_data.h
[9.061s] -- Up-to-date: /workspaces/isaac_ros-dev/install/multisense_msgs/include/multisense_msgs/multisense_msgs/msg/raw_lidar_cal.h
[9.061s] -- Up-to-date: /workspaces/isaac_ros-dev/install/multisense_msgs/include/multisense_msgs/multisense_msgs/msg/raw_cam_data.h
[9.062s] -- Up-to-date: /workspaces/isaac_ros-dev/install/multisense_msgs/include/multisense_msgs/multisense_msgs/msg/raw_imu_data.h
[9.063s] -- Up-to-date: /workspaces/isaac_ros-dev/install/multisense_msgs/include/multisense_msgs/multisense_msgs/msg/detail
[9.063s] -- Up-to-date: /workspaces/isaac_ros-dev/install/multisense_msgs/include/multisense_msgs/multisense_msgs/msg/detail/raw_cam_data__functions.c
[9.063s] -- Up-to-date: /workspaces/isaac_ros-dev/install/multisense_msgs/include/multisense_msgs/multisense_msgs/msg/detail/raw_cam_config__struct.h
[9.064s] -- Up-to-date: /workspaces/isaac_ros-dev/install/multisense_msgs/include/multisense_msgs/multisense_msgs/msg/detail/stamped_pps__functions.c
[9.065s] -- Up-to-date: /workspaces/isaac_ros-dev/install/multisense_msgs/include/multisense_msgs/multisense_msgs/msg/detail/raw_imu_data__type_support.h
[9.065s] -- Up-to-date: /workspaces/isaac_ros-dev/install/multisense_msgs/include/multisense_msgs/multisense_msgs/msg/detail/raw_cam_config__functions.h
[9.065s] -- Up-to-date: /workspaces/isaac_ros-dev/install/multisense_msgs/include/multisense_msgs/multisense_msgs/msg/detail/raw_cam_cal__functions.c
[9.066s] -- Up-to-date: /workspaces/isaac_ros-dev/install/multisense_msgs/include/multisense_msgs/multisense_msgs/msg/detail/device_status__functions.c
[9.066s] -- Up-to-date: /workspaces/isaac_ros-dev/install/multisense_msgs/include/multisense_msgs/multisense_msgs/msg/detail/histogram__functions.h
[9.067s] -- Up-to-date: /workspaces/isaac_ros-dev/install/multisense_msgs/include/multisense_msgs/multisense_msgs/msg/detail/raw_cam_cal__type_support.h
[9.068s] -- Up-to-date: /workspaces/isaac_ros-dev/install/multisense_msgs/include/multisense_msgs/multisense_msgs/msg/detail/raw_lidar_data__functions.c
[9.068s] -- Up-to-date: /workspaces/isaac_ros-dev/install/multisense_msgs/include/multisense_msgs/multisense_msgs/msg/detail/raw_cam_data__struct.h
[9.068s] -- Up-to-date: /workspaces/isaac_ros-dev/install/multisense_msgs/include/multisense_msgs/multisense_msgs/msg/detail/raw_lidar_data__struct.h
[9.069s] -- Up-to-date: /workspaces/isaac_ros-dev/install/multisense_msgs/include/multisense_msgs/multisense_msgs/msg/detail/raw_cam_cal__functions.h
[9.070s] -- Up-to-date: /workspaces/isaac_ros-dev/install/multisense_msgs/include/multisense_msgs/multisense_msgs/msg/detail/raw_cam_cal__struct.h
[9.070s] -- Up-to-date: /workspaces/isaac_ros-dev/install/multisense_msgs/include/multisense_msgs/multisense_msgs/msg/detail/raw_lidar_data__functions.h
[9.070s] -- Up-to-date: /workspaces/isaac_ros-dev/install/multisense_msgs/include/multisense_msgs/multisense_msgs/msg/detail/device_status__functions.h
[9.071s] -- Up-to-date: /workspaces/isaac_ros-dev/install/multisense_msgs/include/multisense_msgs/multisense_msgs/msg/detail/histogram__type_support.h
[9.071s] -- Up-to-date: /workspaces/isaac_ros-dev/install/multisense_msgs/include/multisense_msgs/multisense_msgs/msg/detail/histogram__struct.h
[9.071s] -- Up-to-date: /workspaces/isaac_ros-dev/install/multisense_msgs/include/multisense_msgs/multisense_msgs/msg/detail/histogram__functions.c
[9.072s] -- Up-to-date: /workspaces/isaac_ros-dev/install/multisense_msgs/include/multisense_msgs/multisense_msgs/msg/detail/raw_cam_data__type_support.h
[9.072s] -- Up-to-date: /workspaces/isaac_ros-dev/install/multisense_msgs/include/multisense_msgs/multisense_msgs/msg/detail/device_info__struct.h
[9.072s] -- Up-to-date: /workspaces/isaac_ros-dev/install/multisense_msgs/include/multisense_msgs/multisense_msgs/msg/detail/raw_lidar_cal__type_support.h
[9.072s] -- Up-to-date: /workspaces/isaac_ros-dev/install/multisense_msgs/include/multisense_msgs/multisense_msgs/msg/detail/raw_cam_config__type_support.h
[9.073s] -- Up-to-date: /workspaces/isaac_ros-dev/install/multisense_msgs/include/multisense_msgs/multisense_msgs/msg/detail/raw_lidar_cal__functions.c
[9.073s] -- Up-to-date: /workspaces/isaac_ros-dev/install/multisense_msgs/include/multisense_msgs/multisense_msgs/msg/detail/raw_imu_data__functions.c
[9.073s] -- Up-to-date: /workspaces/isaac_ros-dev/install/multisense_msgs/include/multisense_msgs/multisense_msgs/msg/detail/stamped_pps__type_support.h
[9.074s] -- Up-to-date: /workspaces/isaac_ros-dev/install/multisense_msgs/include/multisense_msgs/multisense_msgs/msg/detail/device_status__type_support.h
[9.074s] -- Up-to-date: /workspaces/isaac_ros-dev/install/multisense_msgs/include/multisense_msgs/multisense_msgs/msg/detail/raw_imu_data__functions.h
[9.074s] -- Up-to-date: /workspaces/isaac_ros-dev/install/multisense_msgs/include/multisense_msgs/multisense_msgs/msg/detail/raw_lidar_cal__struct.h
[9.079s] -- Up-to-date: /workspaces/isaac_ros-dev/install/multisense_msgs/include/multisense_msgs/multisense_msgs/msg/detail/device_status__struct.h
[9.079s] -- Up-to-date: /workspaces/isaac_ros-dev/install/multisense_msgs/include/multisense_msgs/multisense_msgs/msg/detail/raw_lidar_data__type_support.h
[9.080s] -- Up-to-date: /workspaces/isaac_ros-dev/install/multisense_msgs/include/multisense_msgs/multisense_msgs/msg/detail/raw_cam_config__functions.c
[9.081s] -- Up-to-date: /workspaces/isaac_ros-dev/install/multisense_msgs/include/multisense_msgs/multisense_msgs/msg/detail/device_info__functions.c
[9.081s] -- Up-to-date: /workspaces/isaac_ros-dev/install/multisense_msgs/include/multisense_msgs/multisense_msgs/msg/detail/device_info__functions.h
[9.081s] -- Up-to-date: /workspaces/isaac_ros-dev/install/multisense_msgs/include/multisense_msgs/multisense_msgs/msg/detail/raw_imu_data__struct.h
[9.082s] -- Up-to-date: /workspaces/isaac_ros-dev/install/multisense_msgs/include/multisense_msgs/multisense_msgs/msg/detail/stamped_pps__functions.h
[9.082s] -- Up-to-date: /workspaces/isaac_ros-dev/install/multisense_msgs/include/multisense_msgs/multisense_msgs/msg/detail/raw_cam_data__functions.h
[9.082s] -- Up-to-date: /workspaces/isaac_ros-dev/install/multisense_msgs/include/multisense_msgs/multisense_msgs/msg/detail/device_info__type_support.h
[9.082s] -- Up-to-date: /workspaces/isaac_ros-dev/install/multisense_msgs/include/multisense_msgs/multisense_msgs/msg/detail/stamped_pps__struct.h
[9.083s] -- Up-to-date: /workspaces/isaac_ros-dev/install/multisense_msgs/include/multisense_msgs/multisense_msgs/msg/detail/raw_lidar_cal__functions.h
[9.083s] -- Up-to-date: /workspaces/isaac_ros-dev/install/multisense_msgs/include/multisense_msgs/multisense_msgs/msg/raw_cam_config.h
[9.083s] -- Up-to-date: /workspaces/isaac_ros-dev/install/multisense_msgs/include/multisense_msgs/multisense_msgs/msg/device_status.h
[9.083s] -- Up-to-date: /workspaces/isaac_ros-dev/install/multisense_msgs/include/multisense_msgs/multisense_msgs/msg/device_info.h
[9.084s] -- Up-to-date: /workspaces/isaac_ros-dev/install/multisense_msgs/include/multisense_msgs/multisense_msgs/msg/raw_cam_cal.h
[9.084s] -- Up-to-date: /workspaces/isaac_ros-dev/install/multisense_msgs/include/multisense_msgs/multisense_msgs/msg/histogram.h
[9.084s] -- Up-to-date: /workspaces/isaac_ros-dev/install/multisense_msgs/share/multisense_msgs/environment/library_path.sh
[9.084s] -- Up-to-date: /workspaces/isaac_ros-dev/install/multisense_msgs/share/multisense_msgs/environment/library_path.dsv
[9.085s] -- Up-to-date: /workspaces/isaac_ros-dev/install/multisense_msgs/lib/libmultisense_msgs__rosidl_generator_c.so
[9.085s] -- Up-to-date: /workspaces/isaac_ros-dev/install/multisense_msgs/include/multisense_msgs/multisense_msgs
[9.085s] -- Up-to-date: /workspaces/isaac_ros-dev/install/multisense_msgs/include/multisense_msgs/multisense_msgs/msg
[9.085s] -- Up-to-date: /workspaces/isaac_ros-dev/install/multisense_msgs/include/multisense_msgs/multisense_msgs/msg/rosidl_typesupport_fastrtps_c__visibility_control.h
[9.086s] -- Up-to-date: /workspaces/isaac_ros-dev/install/multisense_msgs/include/multisense_msgs/multisense_msgs/msg/detail
[9.086s] -- Up-to-date: /workspaces/isaac_ros-dev/install/multisense_msgs/include/multisense_msgs/multisense_msgs/msg/detail/raw_cam_cal__rosidl_typesupport_fastrtps_c.h
[9.086s] -- Up-to-date: /workspaces/isaac_ros-dev/install/multisense_msgs/include/multisense_msgs/multisense_msgs/msg/detail/device_info__rosidl_typesupport_fastrtps_c.h
[9.086s] -- Up-to-date: /workspaces/isaac_ros-dev/install/multisense_msgs/include/multisense_msgs/multisense_msgs/msg/detail/raw_lidar_data__rosidl_typesupport_fastrtps_c.h
[9.087s] -- Up-to-date: /workspaces/isaac_ros-dev/install/multisense_msgs/include/multisense_msgs/multisense_msgs/msg/detail/raw_cam_data__rosidl_typesupport_fastrtps_c.h
[9.087s] -- Up-to-date: /workspaces/isaac_ros-dev/install/multisense_msgs/include/multisense_msgs/multisense_msgs/msg/detail/histogram__rosidl_typesupport_fastrtps_c.h
[9.087s] -- Up-to-date: /workspaces/isaac_ros-dev/install/multisense_msgs/include/multisense_msgs/multisense_msgs/msg/detail/device_status__rosidl_typesupport_fastrtps_c.h
[9.087s] -- Up-to-date: /workspaces/isaac_ros-dev/install/multisense_msgs/include/multisense_msgs/multisense_msgs/msg/detail/raw_imu_data__rosidl_typesupport_fastrtps_c.h
[9.087s] -- Up-to-date: /workspaces/isaac_ros-dev/install/multisense_msgs/include/multisense_msgs/multisense_msgs/msg/detail/raw_cam_config__rosidl_typesupport_fastrtps_c.h
[9.088s] -- Up-to-date: /workspaces/isaac_ros-dev/install/multisense_msgs/include/multisense_msgs/multisense_msgs/msg/detail/stamped_pps__rosidl_typesupport_fastrtps_c.h
[9.088s] -- Up-to-date: /workspaces/isaac_ros-dev/install/multisense_msgs/include/multisense_msgs/multisense_msgs/msg/detail/raw_lidar_cal__rosidl_typesupport_fastrtps_c.h
[9.088s] -- Up-to-date: /workspaces/isaac_ros-dev/install/multisense_msgs/lib/libmultisense_msgs__rosidl_typesupport_fastrtps_c.so
[9.088s] -- Up-to-date: /workspaces/isaac_ros-dev/install/multisense_msgs/include/multisense_msgs/multisense_msgs
[9.089s] -- Up-to-date: /workspaces/isaac_ros-dev/install/multisense_msgs/include/multisense_msgs/multisense_msgs/msg
[9.089s] -- Up-to-date: /workspaces/isaac_ros-dev/install/multisense_msgs/include/multisense_msgs/multisense_msgs/msg/device_info.hpp
[9.089s] -- Up-to-date: /workspaces/isaac_ros-dev/install/multisense_msgs/include/multisense_msgs/multisense_msgs/msg/raw_cam_config.hpp
[9.089s] -- Up-to-date: /workspaces/isaac_ros-dev/install/multisense_msgs/include/multisense_msgs/multisense_msgs/msg/raw_imu_data.hpp
[9.091s] -- Up-to-date: /workspaces/isaac_ros-dev/install/multisense_msgs/include/multisense_msgs/multisense_msgs/msg/raw_lidar_cal.hpp
[9.091s] -- Up-to-date: /workspaces/isaac_ros-dev/install/multisense_msgs/include/multisense_msgs/multisense_msgs/msg/histogram.hpp
[9.091s] -- Up-to-date: /workspaces/isaac_ros-dev/install/multisense_msgs/include/multisense_msgs/multisense_msgs/msg/detail
[9.092s] -- Up-to-date: /workspaces/isaac_ros-dev/install/multisense_msgs/include/multisense_msgs/multisense_msgs/msg/detail/raw_cam_data__traits.hpp
[9.092s] -- Up-to-date: /workspaces/isaac_ros-dev/install/multisense_msgs/include/multisense_msgs/multisense_msgs/msg/detail/device_status__struct.hpp
[9.092s] -- Up-to-date: /workspaces/isaac_ros-dev/install/multisense_msgs/include/multisense_msgs/multisense_msgs/msg/detail/raw_lidar_cal__traits.hpp
[9.092s] -- Up-to-date: /workspaces/isaac_ros-dev/install/multisense_msgs/include/multisense_msgs/multisense_msgs/msg/detail/device_info__traits.hpp
[9.093s] -- Up-to-date: /workspaces/isaac_ros-dev/install/multisense_msgs/include/multisense_msgs/multisense_msgs/msg/detail/raw_imu_data__traits.hpp
[9.093s] -- Up-to-date: /workspaces/isaac_ros-dev/install/multisense_msgs/include/multisense_msgs/multisense_msgs/msg/detail/stamped_pps__struct.hpp
[9.109s] -- Up-to-date: /workspaces/isaac_ros-dev/install/multisense_msgs/include/multisense_msgs/multisense_msgs/msg/detail/raw_imu_data__struct.hpp
[9.110s] -- Up-to-date: /workspaces/isaac_ros-dev/install/multisense_msgs/include/multisense_msgs/multisense_msgs/msg/detail/raw_cam_config__builder.hpp
[9.112s] -- Up-to-date: /workspaces/isaac_ros-dev/install/multisense_msgs/include/multisense_msgs/multisense_msgs/msg/detail/raw_cam_cal__builder.hpp
[9.112s] -- Up-to-date: /workspaces/isaac_ros-dev/install/multisense_msgs/include/multisense_msgs/multisense_msgs/msg/detail/raw_imu_data__builder.hpp
[9.112s] -- Up-to-date: /workspaces/isaac_ros-dev/install/multisense_msgs/include/multisense_msgs/multisense_msgs/msg/detail/stamped_pps__traits.hpp
[9.113s] -- Up-to-date: /workspaces/isaac_ros-dev/install/multisense_msgs/include/multisense_msgs/multisense_msgs/msg/detail/histogram__traits.hpp
[9.113s] -- Up-to-date: /workspaces/isaac_ros-dev/install/multisense_msgs/include/multisense_msgs/multisense_msgs/msg/detail/raw_lidar_data__builder.hpp
[9.113s] -- Up-to-date: /workspaces/isaac_ros-dev/install/multisense_msgs/include/multisense_msgs/multisense_msgs/msg/detail/raw_lidar_cal__builder.hpp
[9.114s] -- Up-to-date: /workspaces/isaac_ros-dev/install/multisense_msgs/include/multisense_msgs/multisense_msgs/msg/detail/device_info__struct.hpp
[9.114s] -- Up-to-date: /workspaces/isaac_ros-dev/install/multisense_msgs/include/multisense_msgs/multisense_msgs/msg/detail/raw_cam_cal__struct.hpp
[9.114s] -- Up-to-date: /workspaces/isaac_ros-dev/install/multisense_msgs/include/multisense_msgs/multisense_msgs/msg/detail/stamped_pps__builder.hpp
[9.115s] -- Up-to-date: /workspaces/isaac_ros-dev/install/multisense_msgs/include/multisense_msgs/multisense_msgs/msg/detail/raw_lidar_data__struct.hpp
[9.115s] -- Up-to-date: /workspaces/isaac_ros-dev/install/multisense_msgs/include/multisense_msgs/multisense_msgs/msg/detail/raw_cam_data__builder.hpp
[9.115s] -- Up-to-date: /workspaces/isaac_ros-dev/install/multisense_msgs/include/multisense_msgs/multisense_msgs/msg/detail/raw_lidar_data__traits.hpp
[9.116s] -- Up-to-date: /workspaces/isaac_ros-dev/install/multisense_msgs/include/multisense_msgs/multisense_msgs/msg/detail/raw_cam_config__traits.hpp
[9.116s] -- Up-to-date: /workspaces/isaac_ros-dev/install/multisense_msgs/include/multisense_msgs/multisense_msgs/msg/detail/raw_cam_cal__traits.hpp
[9.117s] -- Up-to-date: /workspaces/isaac_ros-dev/install/multisense_msgs/include/multisense_msgs/multisense_msgs/msg/detail/raw_lidar_cal__struct.hpp
[9.117s] -- Up-to-date: /workspaces/isaac_ros-dev/install/multisense_msgs/include/multisense_msgs/multisense_msgs/msg/detail/histogram__builder.hpp
[9.117s] -- Up-to-date: /workspaces/isaac_ros-dev/install/multisense_msgs/include/multisense_msgs/multisense_msgs/msg/detail/device_status__builder.hpp
[9.117s] -- Up-to-date: /workspaces/isaac_ros-dev/install/multisense_msgs/include/multisense_msgs/multisense_msgs/msg/detail/device_info__builder.hpp
[9.118s] -- Up-to-date: /workspaces/isaac_ros-dev/install/multisense_msgs/include/multisense_msgs/multisense_msgs/msg/detail/raw_cam_data__struct.hpp
[9.118s] -- Up-to-date: /workspaces/isaac_ros-dev/install/multisense_msgs/include/multisense_msgs/multisense_msgs/msg/detail/device_status__traits.hpp
[9.118s] -- Up-to-date: /workspaces/isaac_ros-dev/install/multisense_msgs/include/multisense_msgs/multisense_msgs/msg/detail/raw_cam_config__struct.hpp
[9.118s] -- Up-to-date: /workspaces/isaac_ros-dev/install/multisense_msgs/include/multisense_msgs/multisense_msgs/msg/detail/histogram__struct.hpp
[9.119s] -- Up-to-date: /workspaces/isaac_ros-dev/install/multisense_msgs/include/multisense_msgs/multisense_msgs/msg/raw_lidar_data.hpp
[9.119s] -- Up-to-date: /workspaces/isaac_ros-dev/install/multisense_msgs/include/multisense_msgs/multisense_msgs/msg/raw_cam_data.hpp
[9.119s] -- Up-to-date: /workspaces/isaac_ros-dev/install/multisense_msgs/include/multisense_msgs/multisense_msgs/msg/stamped_pps.hpp
[9.119s] -- Up-to-date: /workspaces/isaac_ros-dev/install/multisense_msgs/include/multisense_msgs/multisense_msgs/msg/raw_cam_cal.hpp
[9.120s] -- Up-to-date: /workspaces/isaac_ros-dev/install/multisense_msgs/include/multisense_msgs/multisense_msgs/msg/device_status.hpp
[9.120s] -- Up-to-date: /workspaces/isaac_ros-dev/install/multisense_msgs/include/multisense_msgs/multisense_msgs
[9.120s] -- Up-to-date: /workspaces/isaac_ros-dev/install/multisense_msgs/include/multisense_msgs/multisense_msgs/msg
[9.120s] -- Up-to-date: /workspaces/isaac_ros-dev/install/multisense_msgs/include/multisense_msgs/multisense_msgs/msg/rosidl_typesupport_fastrtps_cpp__visibility_control.h
[9.122s] -- Up-to-date: /workspaces/isaac_ros-dev/install/multisense_msgs/include/multisense_msgs/multisense_msgs/msg/detail
[9.122s] -- Up-to-date: /workspaces/isaac_ros-dev/install/multisense_msgs/include/multisense_msgs/multisense_msgs/msg/detail/histogram__rosidl_typesupport_fastrtps_cpp.hpp
[9.122s] -- Up-to-date: /workspaces/isaac_ros-dev/install/multisense_msgs/include/multisense_msgs/multisense_msgs/msg/detail/stamped_pps__rosidl_typesupport_fastrtps_cpp.hpp
[9.122s] -- Up-to-date: /workspaces/isaac_ros-dev/install/multisense_msgs/include/multisense_msgs/multisense_msgs/msg/detail/raw_cam_cal__rosidl_typesupport_fastrtps_cpp.hpp
[9.123s] -- Up-to-date: /workspaces/isaac_ros-dev/install/multisense_msgs/include/multisense_msgs/multisense_msgs/msg/detail/raw_lidar_data__rosidl_typesupport_fastrtps_cpp.hpp
[9.123s] -- Up-to-date: /workspaces/isaac_ros-dev/install/multisense_msgs/include/multisense_msgs/multisense_msgs/msg/detail/raw_lidar_cal__rosidl_typesupport_fastrtps_cpp.hpp
[9.123s] -- Up-to-date: /workspaces/isaac_ros-dev/install/multisense_msgs/include/multisense_msgs/multisense_msgs/msg/detail/device_info__rosidl_typesupport_fastrtps_cpp.hpp
[9.123s] -- Up-to-date: /workspaces/isaac_ros-dev/install/multisense_msgs/include/multisense_msgs/multisense_msgs/msg/detail/dds_fastrtps
[9.124s] -- Up-to-date: /workspaces/isaac_ros-dev/install/multisense_msgs/include/multisense_msgs/multisense_msgs/msg/detail/raw_cam_config__rosidl_typesupport_fastrtps_cpp.hpp
[9.124s] -- Up-to-date: /workspaces/isaac_ros-dev/install/multisense_msgs/include/multisense_msgs/multisense_msgs/msg/detail/device_status__rosidl_typesupport_fastrtps_cpp.hpp
[9.128s] -- Up-to-date: /workspaces/isaac_ros-dev/install/multisense_msgs/include/multisense_msgs/multisense_msgs/msg/detail/raw_cam_data__rosidl_typesupport_fastrtps_cpp.hpp
[9.128s] -- Up-to-date: /workspaces/isaac_ros-dev/install/multisense_msgs/include/multisense_msgs/multisense_msgs/msg/detail/raw_imu_data__rosidl_typesupport_fastrtps_cpp.hpp
[9.129s] -- Up-to-date: /workspaces/isaac_ros-dev/install/multisense_msgs/lib/libmultisense_msgs__rosidl_typesupport_fastrtps_cpp.so
[9.129s] -- Up-to-date: /workspaces/isaac_ros-dev/install/multisense_msgs/include/multisense_msgs/multisense_msgs
[9.129s] -- Up-to-date: /workspaces/isaac_ros-dev/install/multisense_msgs/include/multisense_msgs/multisense_msgs/msg
[9.130s] -- Up-to-date: /workspaces/isaac_ros-dev/install/multisense_msgs/include/multisense_msgs/multisense_msgs/msg/detail
[9.130s] -- Up-to-date: /workspaces/isaac_ros-dev/install/multisense_msgs/include/multisense_msgs/multisense_msgs/msg/detail/stamped_pps__rosidl_typesupport_introspection_c.h
[9.130s] -- Up-to-date: /workspaces/isaac_ros-dev/install/multisense_msgs/include/multisense_msgs/multisense_msgs/msg/detail/raw_lidar_data__type_support.c
[9.131s] -- Up-to-date: /workspaces/isaac_ros-dev/install/multisense_msgs/include/multisense_msgs/multisense_msgs/msg/detail/raw_imu_data__type_support.c
[9.131s] -- Up-to-date: /workspaces/isaac_ros-dev/install/multisense_msgs/include/multisense_msgs/multisense_msgs/msg/detail/device_status__rosidl_typesupport_introspection_c.h
[9.131s] -- Up-to-date: /workspaces/isaac_ros-dev/install/multisense_msgs/include/multisense_msgs/multisense_msgs/msg/detail/device_info__rosidl_typesupport_introspection_c.h
[9.131s] -- Up-to-date: /workspaces/isaac_ros-dev/install/multisense_msgs/include/multisense_msgs/multisense_msgs/msg/detail/raw_cam_config__rosidl_typesupport_introspection_c.h
[9.132s] -- Up-to-date: /workspaces/isaac_ros-dev/install/multisense_msgs/include/multisense_msgs/multisense_msgs/msg/detail/device_info__type_support.c
[9.132s] -- Up-to-date: /workspaces/isaac_ros-dev/install/multisense_msgs/include/multisense_msgs/multisense_msgs/msg/detail/raw_cam_data__type_support.c
[9.134s] -- Up-to-date: /workspaces/isaac_ros-dev/install/multisense_msgs/include/multisense_msgs/multisense_msgs/msg/detail/stamped_pps__type_support.c
[9.134s] -- Up-to-date: /workspaces/isaac_ros-dev/install/multisense_msgs/include/multisense_msgs/multisense_msgs/msg/detail/raw_imu_data__rosidl_typesupport_introspection_c.h
[9.134s] -- Up-to-date: /workspaces/isaac_ros-dev/install/multisense_msgs/include/multisense_msgs/multisense_msgs/msg/detail/raw_lidar_cal__type_support.c
[9.135s] -- Up-to-date: /workspaces/isaac_ros-dev/install/multisense_msgs/include/multisense_msgs/multisense_msgs/msg/detail/raw_cam_config__type_support.c
[9.135s] -- Up-to-date: /workspaces/isaac_ros-dev/install/multisense_msgs/include/multisense_msgs/multisense_msgs/msg/detail/raw_lidar_data__rosidl_typesupport_introspection_c.h
[9.136s] -- Up-to-date: /workspaces/isaac_ros-dev/install/multisense_msgs/include/multisense_msgs/multisense_msgs/msg/detail/raw_cam_cal__type_support.c
[9.151s] -- Up-to-date: /workspaces/isaac_ros-dev/install/multisense_msgs/include/multisense_msgs/multisense_msgs/msg/detail/device_status__type_support.c
[9.152s] -- Up-to-date: /workspaces/isaac_ros-dev/install/multisense_msgs/include/multisense_msgs/multisense_msgs/msg/detail/raw_cam_data__rosidl_typesupport_introspection_c.h
[9.153s] -- Up-to-date: /workspaces/isaac_ros-dev/install/multisense_msgs/include/multisense_msgs/multisense_msgs/msg/detail/histogram__rosidl_typesupport_introspection_c.h
[9.153s] -- Up-to-date: /workspaces/isaac_ros-dev/install/multisense_msgs/include/multisense_msgs/multisense_msgs/msg/detail/raw_cam_cal__rosidl_typesupport_introspection_c.h
[9.153s] -- Up-to-date: /workspaces/isaac_ros-dev/install/multisense_msgs/include/multisense_msgs/multisense_msgs/msg/detail/raw_lidar_cal__rosidl_typesupport_introspection_c.h
[9.154s] -- Up-to-date: /workspaces/isaac_ros-dev/install/multisense_msgs/include/multisense_msgs/multisense_msgs/msg/detail/histogram__type_support.c
[9.154s] -- Up-to-date: /workspaces/isaac_ros-dev/install/multisense_msgs/include/multisense_msgs/multisense_msgs/msg/rosidl_typesupport_introspection_c__visibility_control.h
[9.155s] -- Up-to-date: /workspaces/isaac_ros-dev/install/multisense_msgs/lib/libmultisense_msgs__rosidl_typesupport_introspection_c.so
[9.156s] -- Up-to-date: /workspaces/isaac_ros-dev/install/multisense_msgs/lib/libmultisense_msgs__rosidl_typesupport_c.so
[9.156s] -- Up-to-date: /workspaces/isaac_ros-dev/install/multisense_msgs/include/multisense_msgs/multisense_msgs
[9.156s] -- Up-to-date: /workspaces/isaac_ros-dev/install/multisense_msgs/include/multisense_msgs/multisense_msgs/msg
[9.157s] -- Up-to-date: /workspaces/isaac_ros-dev/install/multisense_msgs/include/multisense_msgs/multisense_msgs/msg/detail
[9.157s] -- Up-to-date: /workspaces/isaac_ros-dev/install/multisense_msgs/include/multisense_msgs/multisense_msgs/msg/detail/raw_imu_data__rosidl_typesupport_introspection_cpp.hpp
[9.157s] -- Up-to-date: /workspaces/isaac_ros-dev/install/multisense_msgs/include/multisense_msgs/multisense_msgs/msg/detail/histogram__rosidl_typesupport_introspection_cpp.hpp
[9.158s] -- Up-to-date: /workspaces/isaac_ros-dev/install/multisense_msgs/include/multisense_msgs/multisense_msgs/msg/detail/histogram__type_support.cpp
[9.158s] -- Up-to-date: /workspaces/isaac_ros-dev/install/multisense_msgs/include/multisense_msgs/multisense_msgs/msg/detail/stamped_pps__type_support.cpp
[9.159s] -- Up-to-date: /workspaces/isaac_ros-dev/install/multisense_msgs/include/multisense_msgs/multisense_msgs/msg/detail/raw_cam_data__type_support.cpp
[9.159s] -- Up-to-date: /workspaces/isaac_ros-dev/install/multisense_msgs/include/multisense_msgs/multisense_msgs/msg/detail/device_info__rosidl_typesupport_introspection_cpp.hpp
[9.159s] -- Up-to-date: /workspaces/isaac_ros-dev/install/multisense_msgs/include/multisense_msgs/multisense_msgs/msg/detail/raw_imu_data__type_support.cpp
[9.160s] -- Up-to-date: /workspaces/isaac_ros-dev/install/multisense_msgs/include/multisense_msgs/multisense_msgs/msg/detail/raw_lidar_data__rosidl_typesupport_introspection_cpp.hpp
[9.160s] -- Up-to-date: /workspaces/isaac_ros-dev/install/multisense_msgs/include/multisense_msgs/multisense_msgs/msg/detail/device_status__type_support.cpp
[9.160s] -- Up-to-date: /workspaces/isaac_ros-dev/install/multisense_msgs/include/multisense_msgs/multisense_msgs/msg/detail/raw_cam_cal__rosidl_typesupport_introspection_cpp.hpp
[9.161s] -- Up-to-date: /workspaces/isaac_ros-dev/install/multisense_msgs/include/multisense_msgs/multisense_msgs/msg/detail/raw_lidar_cal__rosidl_typesupport_introspection_cpp.hpp
[9.161s] -- Up-to-date: /workspaces/isaac_ros-dev/install/multisense_msgs/include/multisense_msgs/multisense_msgs/msg/detail/device_status__rosidl_typesupport_introspection_cpp.hpp
[9.161s] -- Up-to-date: /workspaces/isaac_ros-dev/install/multisense_msgs/include/multisense_msgs/multisense_msgs/msg/detail/raw_cam_cal__type_support.cpp
[9.162s] -- Up-to-date: /workspaces/isaac_ros-dev/install/multisense_msgs/include/multisense_msgs/multisense_msgs/msg/detail/raw_cam_config__rosidl_typesupport_introspection_cpp.hpp
[9.162s] -- Up-to-date: /workspaces/isaac_ros-dev/install/multisense_msgs/include/multisense_msgs/multisense_msgs/msg/detail/raw_cam_config__type_support.cpp
[9.162s] -- Up-to-date: /workspaces/isaac_ros-dev/install/multisense_msgs/include/multisense_msgs/multisense_msgs/msg/detail/raw_lidar_data__type_support.cpp
[9.162s] -- Up-to-date: /workspaces/isaac_ros-dev/install/multisense_msgs/include/multisense_msgs/multisense_msgs/msg/detail/raw_lidar_cal__type_support.cpp
[9.162s] -- Up-to-date: /workspaces/isaac_ros-dev/install/multisense_msgs/include/multisense_msgs/multisense_msgs/msg/detail/raw_cam_data__rosidl_typesupport_introspection_cpp.hpp
[9.163s] -- Up-to-date: /workspaces/isaac_ros-dev/install/multisense_msgs/include/multisense_msgs/multisense_msgs/msg/detail/device_info__type_support.cpp
[9.163s] -- Up-to-date: /workspaces/isaac_ros-dev/install/multisense_msgs/include/multisense_msgs/multisense_msgs/msg/detail/stamped_pps__rosidl_typesupport_introspection_cpp.hpp
[9.163s] -- Up-to-date: /workspaces/isaac_ros-dev/install/multisense_msgs/lib/libmultisense_msgs__rosidl_typesupport_introspection_cpp.so
[9.163s] -- Up-to-date: /workspaces/isaac_ros-dev/install/multisense_msgs/lib/libmultisense_msgs__rosidl_typesupport_cpp.so
[9.164s] -- Up-to-date: /workspaces/isaac_ros-dev/install/multisense_msgs/share/multisense_msgs/environment/pythonpath.sh
[9.164s] -- Up-to-date: /workspaces/isaac_ros-dev/install/multisense_msgs/share/multisense_msgs/environment/pythonpath.dsv
[9.165s] -- Up-to-date: /workspaces/isaac_ros-dev/install/multisense_msgs/lib/python3.8/site-packages/multisense_msgs-1.0.0-py3.8.egg-info
[9.166s] -- Installing: /workspaces/isaac_ros-dev/install/multisense_msgs/lib/python3.8/site-packages/multisense_msgs-1.0.0-py3.8.egg-info/top_level.txt
[9.166s] -- Installing: /workspaces/isaac_ros-dev/install/multisense_msgs/lib/python3.8/site-packages/multisense_msgs-1.0.0-py3.8.egg-info/dependency_links.txt
[9.167s] -- Installing: /workspaces/isaac_ros-dev/install/multisense_msgs/lib/python3.8/site-packages/multisense_msgs-1.0.0-py3.8.egg-info/SOURCES.txt
[9.168s] -- Installing: /workspaces/isaac_ros-dev/install/multisense_msgs/lib/python3.8/site-packages/multisense_msgs-1.0.0-py3.8.egg-info/PKG-INFO
[9.169s] -- Up-to-date: /workspaces/isaac_ros-dev/install/multisense_msgs/lib/python3.8/site-packages/multisense_msgs
[9.169s] -- Up-to-date: /workspaces/isaac_ros-dev/install/multisense_msgs/lib/python3.8/site-packages/multisense_msgs/multisense_msgs_s__rosidl_typesupport_fastrtps_c.cpython-38-aarch64-linux-gnu.so
[9.169s] -- Up-to-date: /workspaces/isaac_ros-dev/install/multisense_msgs/lib/python3.8/site-packages/multisense_msgs/__init__.py
[9.169s] -- Up-to-date: /workspaces/isaac_ros-dev/install/multisense_msgs/lib/python3.8/site-packages/multisense_msgs/_multisense_msgs_s.ep.rosidl_typesupport_introspection_c.c
[9.170s] -- Up-to-date: /workspaces/isaac_ros-dev/install/multisense_msgs/lib/python3.8/site-packages/multisense_msgs/msg
[9.170s] -- Up-to-date: /workspaces/isaac_ros-dev/install/multisense_msgs/lib/python3.8/site-packages/multisense_msgs/msg/_raw_lidar_data.py
[9.170s] -- Up-to-date: /workspaces/isaac_ros-dev/install/multisense_msgs/lib/python3.8/site-packages/multisense_msgs/msg/__init__.py
[9.170s] -- Up-to-date: /workspaces/isaac_ros-dev/install/multisense_msgs/lib/python3.8/site-packages/multisense_msgs/msg/_raw_lidar_data_s.c
[9.171s] -- Up-to-date: /workspaces/isaac_ros-dev/install/multisense_msgs/lib/python3.8/site-packages/multisense_msgs/msg/_raw_imu_data_s.c
[9.171s] -- Up-to-date: /workspaces/isaac_ros-dev/install/multisense_msgs/lib/python3.8/site-packages/multisense_msgs/msg/_raw_cam_data.py
[9.171s] -- Up-to-date: /workspaces/isaac_ros-dev/install/multisense_msgs/lib/python3.8/site-packages/multisense_msgs/msg/_device_status_s.c
[9.171s] -- Up-to-date: /workspaces/isaac_ros-dev/install/multisense_msgs/lib/python3.8/site-packages/multisense_msgs/msg/_raw_lidar_cal.py
[9.172s] -- Up-to-date: /workspaces/isaac_ros-dev/install/multisense_msgs/lib/python3.8/site-packages/multisense_msgs/msg/_histogram.py
[9.172s] -- Up-to-date: /workspaces/isaac_ros-dev/install/multisense_msgs/lib/python3.8/site-packages/multisense_msgs/msg/_device_status.py
[9.172s] -- Up-to-date: /workspaces/isaac_ros-dev/install/multisense_msgs/lib/python3.8/site-packages/multisense_msgs/msg/_device_info.py
[9.174s] -- Up-to-date: /workspaces/isaac_ros-dev/install/multisense_msgs/lib/python3.8/site-packages/multisense_msgs/msg/_raw_imu_data.py
[9.174s] -- Up-to-date: /workspaces/isaac_ros-dev/install/multisense_msgs/lib/python3.8/site-packages/multisense_msgs/msg/_raw_cam_cal.py
[9.174s] -- Up-to-date: /workspaces/isaac_ros-dev/install/multisense_msgs/lib/python3.8/site-packages/multisense_msgs/msg/_raw_cam_config.py
[9.175s] -- Up-to-date: /workspaces/isaac_ros-dev/install/multisense_msgs/lib/python3.8/site-packages/multisense_msgs/msg/_device_info_s.c
[9.175s] -- Up-to-date: /workspaces/isaac_ros-dev/install/multisense_msgs/lib/python3.8/site-packages/multisense_msgs/msg/_stamped_pps_s.c
[9.176s] -- Up-to-date: /workspaces/isaac_ros-dev/install/multisense_msgs/lib/python3.8/site-packages/multisense_msgs/msg/_raw_cam_data_s.c
[9.176s] -- Up-to-date: /workspaces/isaac_ros-dev/install/multisense_msgs/lib/python3.8/site-packages/multisense_msgs/msg/_raw_cam_config_s.c
[9.176s] -- Up-to-date: /workspaces/isaac_ros-dev/install/multisense_msgs/lib/python3.8/site-packages/multisense_msgs/msg/_raw_cam_cal_s.c
[9.177s] -- Up-to-date: /workspaces/isaac_ros-dev/install/multisense_msgs/lib/python3.8/site-packages/multisense_msgs/msg/_raw_lidar_cal_s.c
[9.178s] -- Up-to-date: /workspaces/isaac_ros-dev/install/multisense_msgs/lib/python3.8/site-packages/multisense_msgs/msg/_histogram_s.c
[9.178s] -- Up-to-date: /workspaces/isaac_ros-dev/install/multisense_msgs/lib/python3.8/site-packages/multisense_msgs/msg/_stamped_pps.py
[9.179s] -- Up-to-date: /workspaces/isaac_ros-dev/install/multisense_msgs/lib/python3.8/site-packages/multisense_msgs/multisense_msgs_s__rosidl_typesupport_c.cpython-38-aarch64-linux-gnu.so
[9.180s] -- Up-to-date: /workspaces/isaac_ros-dev/install/multisense_msgs/lib/python3.8/site-packages/multisense_msgs/libmultisense_msgs__rosidl_generator_py.so
[9.185s] -- Up-to-date: /workspaces/isaac_ros-dev/install/multisense_msgs/lib/python3.8/site-packages/multisense_msgs/multisense_msgs_s__rosidl_typesupport_introspection_c.cpython-38-aarch64-linux-gnu.so
[9.189s] -- Up-to-date: /workspaces/isaac_ros-dev/install/multisense_msgs/lib/python3.8/site-packages/multisense_msgs/_multisense_msgs_s.ep.rosidl_typesupport_fastrtps_c.c
[9.190s] -- Up-to-date: /workspaces/isaac_ros-dev/install/multisense_msgs/lib/python3.8/site-packages/multisense_msgs/_multisense_msgs_s.ep.rosidl_typesupport_c.c
[9.249s] Listing '/workspaces/isaac_ros-dev/install/multisense_msgs/lib/python3.8/site-packages/multisense_msgs'...
[9.249s] Listing '/workspaces/isaac_ros-dev/install/multisense_msgs/lib/python3.8/site-packages/multisense_msgs/msg'...
[9.265s] -- Up-to-date: /workspaces/isaac_ros-dev/install/multisense_msgs/lib/python3.8/site-packages/multisense_msgs/multisense_msgs_s__rosidl_typesupport_fastrtps_c.cpython-38-aarch64-linux-gnu.so
[9.266s] -- Up-to-date: /workspaces/isaac_ros-dev/install/multisense_msgs/lib/python3.8/site-packages/multisense_msgs/multisense_msgs_s__rosidl_typesupport_introspection_c.cpython-38-aarch64-linux-gnu.so
[9.268s] -- Up-to-date: /workspaces/isaac_ros-dev/install/multisense_msgs/lib/python3.8/site-packages/multisense_msgs/multisense_msgs_s__rosidl_typesupport_c.cpython-38-aarch64-linux-gnu.so
[9.270s] -- Up-to-date: /workspaces/isaac_ros-dev/install/multisense_msgs/lib/libmultisense_msgs__rosidl_generator_py.so
[9.271s] -- Up-to-date: /workspaces/isaac_ros-dev/install/multisense_msgs/share/multisense_msgs/msg/DeviceInfo.idl
[9.272s] -- Up-to-date: /workspaces/isaac_ros-dev/install/multisense_msgs/share/multisense_msgs/msg/RawCamConfig.idl
[9.273s] -- Up-to-date: /workspaces/isaac_ros-dev/install/multisense_msgs/share/multisense_msgs/msg/RawImuData.idl
[9.274s] -- Up-to-date: /workspaces/isaac_ros-dev/install/multisense_msgs/share/multisense_msgs/msg/RawLidarData.idl
[9.274s] -- Up-to-date: /workspaces/isaac_ros-dev/install/multisense_msgs/share/multisense_msgs/msg/RawCamCal.idl
[9.275s] -- Up-to-date: /workspaces/isaac_ros-dev/install/multisense_msgs/share/multisense_msgs/msg/RawCamData.idl
[9.276s] -- Up-to-date: /workspaces/isaac_ros-dev/install/multisense_msgs/share/multisense_msgs/msg/RawLidarCal.idl
[9.276s] -- Up-to-date: /workspaces/isaac_ros-dev/install/multisense_msgs/share/multisense_msgs/msg/Histogram.idl
[9.278s] -- Up-to-date: /workspaces/isaac_ros-dev/install/multisense_msgs/share/multisense_msgs/msg/DeviceStatus.idl
[9.278s] -- Up-to-date: /workspaces/isaac_ros-dev/install/multisense_msgs/share/multisense_msgs/msg/StampedPps.idl
[9.279s] -- Up-to-date: /workspaces/isaac_ros-dev/install/multisense_msgs/share/multisense_msgs/msg/DeviceInfo.msg
[9.279s] -- Up-to-date: /workspaces/isaac_ros-dev/install/multisense_msgs/share/multisense_msgs/msg/RawCamConfig.msg
[9.280s] -- Up-to-date: /workspaces/isaac_ros-dev/install/multisense_msgs/share/multisense_msgs/msg/RawImuData.msg
[9.280s] -- Up-to-date: /workspaces/isaac_ros-dev/install/multisense_msgs/share/multisense_msgs/msg/RawLidarData.msg
[9.281s] -- Up-to-date: /workspaces/isaac_ros-dev/install/multisense_msgs/share/multisense_msgs/msg/RawCamCal.msg
[9.281s] -- Up-to-date: /workspaces/isaac_ros-dev/install/multisense_msgs/share/multisense_msgs/msg/RawCamData.msg
[9.286s] -- Up-to-date: /workspaces/isaac_ros-dev/install/multisense_msgs/share/multisense_msgs/msg/RawLidarCal.msg
[9.287s] -- Up-to-date: /workspaces/isaac_ros-dev/install/multisense_msgs/share/multisense_msgs/msg/Histogram.msg
[9.288s] -- Up-to-date: /workspaces/isaac_ros-dev/install/multisense_msgs/share/multisense_msgs/msg/DeviceStatus.msg
[9.289s] -- Up-to-date: /workspaces/isaac_ros-dev/install/multisense_msgs/share/multisense_msgs/msg/StampedPps.msg
[9.290s] -- Up-to-date: /workspaces/isaac_ros-dev/install/multisense_msgs/share/ament_index/resource_index/package_run_dependencies/multisense_msgs
[9.291s] -- Up-to-date: /workspaces/isaac_ros-dev/install/multisense_msgs/share/ament_index/resource_index/parent_prefix_path/multisense_msgs
[9.293s] -- Up-to-date: /workspaces/isaac_ros-dev/install/multisense_msgs/share/multisense_msgs/environment/ament_prefix_path.sh
[9.294s] -- Up-to-date: /workspaces/isaac_ros-dev/install/multisense_msgs/share/multisense_msgs/environment/ament_prefix_path.dsv
[9.294s] -- Up-to-date: /workspaces/isaac_ros-dev/install/multisense_msgs/share/multisense_msgs/environment/path.sh
[9.295s] -- Up-to-date: /workspaces/isaac_ros-dev/install/multisense_msgs/share/multisense_msgs/environment/path.dsv
[9.295s] -- Up-to-date: /workspaces/isaac_ros-dev/install/multisense_msgs/share/multisense_msgs/local_setup.bash
[9.295s] -- Up-to-date: /workspaces/isaac_ros-dev/install/multisense_msgs/share/multisense_msgs/local_setup.sh
[9.295s] -- Up-to-date: /workspaces/isaac_ros-dev/install/multisense_msgs/share/multisense_msgs/local_setup.zsh
[9.296s] -- Up-to-date: /workspaces/isaac_ros-dev/install/multisense_msgs/share/multisense_msgs/local_setup.dsv
[9.296s] -- Installing: /workspaces/isaac_ros-dev/install/multisense_msgs/share/multisense_msgs/package.dsv
[9.296s] -- Up-to-date: /workspaces/isaac_ros-dev/install/multisense_msgs/share/ament_index/resource_index/packages/multisense_msgs
[9.297s] -- Up-to-date: /workspaces/isaac_ros-dev/install/multisense_msgs/share/multisense_msgs/cmake/export_multisense_msgs__rosidl_generator_cExport.cmake
[9.297s] -- Up-to-date: /workspaces/isaac_ros-dev/install/multisense_msgs/share/multisense_msgs/cmake/export_multisense_msgs__rosidl_generator_cExport-release.cmake
[9.297s] -- Up-to-date: /workspaces/isaac_ros-dev/install/multisense_msgs/share/multisense_msgs/cmake/export_multisense_msgs__rosidl_typesupport_fastrtps_cExport.cmake
[9.298s] -- Up-to-date: /workspaces/isaac_ros-dev/install/multisense_msgs/share/multisense_msgs/cmake/export_multisense_msgs__rosidl_typesupport_fastrtps_cExport-release.cmake
[9.298s] -- Up-to-date: /workspaces/isaac_ros-dev/install/multisense_msgs/share/multisense_msgs/cmake/export_multisense_msgs__rosidl_generator_cppExport.cmake
[9.298s] -- Up-to-date: /workspaces/isaac_ros-dev/install/multisense_msgs/share/multisense_msgs/cmake/export_multisense_msgs__rosidl_typesupport_fastrtps_cppExport.cmake
[9.299s] -- Up-to-date: /workspaces/isaac_ros-dev/install/multisense_msgs/share/multisense_msgs/cmake/export_multisense_msgs__rosidl_typesupport_fastrtps_cppExport-release.cmake
[9.300s] -- Up-to-date: /workspaces/isaac_ros-dev/install/multisense_msgs/share/multisense_msgs/cmake/multisense_msgs__rosidl_typesupport_introspection_cExport.cmake
[9.301s] -- Up-to-date: /workspaces/isaac_ros-dev/install/multisense_msgs/share/multisense_msgs/cmake/multisense_msgs__rosidl_typesupport_introspection_cExport-release.cmake
[9.301s] -- Up-to-date: /workspaces/isaac_ros-dev/install/multisense_msgs/share/multisense_msgs/cmake/multisense_msgs__rosidl_typesupport_cExport.cmake
[9.302s] -- Up-to-date: /workspaces/isaac_ros-dev/install/multisense_msgs/share/multisense_msgs/cmake/multisense_msgs__rosidl_typesupport_cExport-release.cmake
[9.302s] -- Up-to-date: /workspaces/isaac_ros-dev/install/multisense_msgs/share/multisense_msgs/cmake/multisense_msgs__rosidl_typesupport_introspection_cppExport.cmake
[9.303s] -- Up-to-date: /workspaces/isaac_ros-dev/install/multisense_msgs/share/multisense_msgs/cmake/multisense_msgs__rosidl_typesupport_introspection_cppExport-release.cmake
[9.303s] -- Up-to-date: /workspaces/isaac_ros-dev/install/multisense_msgs/share/multisense_msgs/cmake/multisense_msgs__rosidl_typesupport_cppExport.cmake
[9.303s] -- Up-to-date: /workspaces/isaac_ros-dev/install/multisense_msgs/share/multisense_msgs/cmake/multisense_msgs__rosidl_typesupport_cppExport-release.cmake
[9.304s] -- Up-to-date: /workspaces/isaac_ros-dev/install/multisense_msgs/share/multisense_msgs/cmake/export_multisense_msgs__rosidl_generator_pyExport.cmake
[9.304s] -- Up-to-date: /workspaces/isaac_ros-dev/install/multisense_msgs/share/multisense_msgs/cmake/export_multisense_msgs__rosidl_generator_pyExport-release.cmake
[9.305s] -- Up-to-date: /workspaces/isaac_ros-dev/install/multisense_msgs/share/multisense_msgs/cmake/rosidl_cmake-extras.cmake
[9.307s] -- Up-to-date: /workspaces/isaac_ros-dev/install/multisense_msgs/share/multisense_msgs/cmake/ament_cmake_export_dependencies-extras.cmake
[9.307s] -- Up-to-date: /workspaces/isaac_ros-dev/install/multisense_msgs/share/multisense_msgs/cmake/ament_cmake_export_include_directories-extras.cmake
[9.307s] -- Up-to-date: /workspaces/isaac_ros-dev/install/multisense_msgs/share/multisense_msgs/cmake/ament_cmake_export_libraries-extras.cmake
[9.308s] -- Up-to-date: /workspaces/isaac_ros-dev/install/multisense_msgs/share/multisense_msgs/cmake/ament_cmake_export_targets-extras.cmake
[9.309s] -- Up-to-date: /workspaces/isaac_ros-dev/install/multisense_msgs/share/multisense_msgs/cmake/rosidl_cmake_export_typesupport_targets-extras.cmake
[9.309s] -- Up-to-date: /workspaces/isaac_ros-dev/install/multisense_msgs/share/multisense_msgs/cmake/rosidl_cmake_export_typesupport_libraries-extras.cmake
[9.309s] -- Up-to-date: /workspaces/isaac_ros-dev/install/multisense_msgs/share/multisense_msgs/cmake/multisense_msgsConfig.cmake
[9.310s] -- Up-to-date: /workspaces/isaac_ros-dev/install/multisense_msgs/share/multisense_msgs/cmake/multisense_msgsConfig-version.cmake
[9.310s] -- Up-to-date: /workspaces/isaac_ros-dev/install/multisense_msgs/share/multisense_msgs/package.xml
[9.371s] Invoked command in '/workspaces/isaac_ros-dev/build/multisense_msgs' returned '0': CMAKE_PREFIX_PATH=/workspaces/isaac_ros-dev/install/yolov8_bringup:/workspaces/isaac_ros-dev/install/xacro:/workspaces/isaac_ros-dev/install/vision_msgs:/workspaces/isaac_ros-dev/install/velodyne_driver:/workspaces/isaac_ros-dev/install/velodyne_msgs:/workspaces/isaac_ros-dev/install/velodyne_laserscan:/workspaces/isaac_ros-dev/install/vectornav_msgs:/workspaces/isaac_ros-dev/install/sdv_msg:/workspaces/isaac_ros-dev/install/sdv_localization_msgs:/workspaces/isaac_ros-dev/install/my_package:/workspaces/isaac_ros-dev/install/multisense_msgs:/workspaces/isaac_ros-dev/install/multisense_lib:/workspaces/isaac_ros-dev/install/isaac_ros_visual_slam_interfaces:/workspaces/isaac_ros-dev/install/isaac_ros_tensor_list_interfaces:/workspaces/isaac_ros-dev/install/isaac_ros_common:/workspaces/isaac_ros-dev/install/isaac_ros_bi3d_interfaces:/workspaces/isaac_ros-dev/install/isaac_ros_apriltag_interfaces:/workspaces/isaac_ros-dev/install/yolov8_ros:/workspaces/isaac_ros-dev/install/panel:/workspaces/isaac_ros-dev/install/isaac_ros_test:/workspaces/isaac_ros-dev/install/encoder:/opt/ros/humble/install /usr/bin/cmake --install /workspaces/isaac_ros-dev/build/multisense_msgs
