[0.497s] Invoking command in '/workspaces/isaac_ros-dev/build/vision_msgs': CMAKE_PREFIX_PATH=/workspaces/isaac_ros-dev/install/yolov8_bringup:/workspaces/isaac_ros-dev/install/multisense_ros:/workspaces/isaac_ros-dev/install/xacro:/workspaces/isaac_ros-dev/install/vision_msgs_rviz_plugins:/workspaces/isaac_ros-dev/install/vision_msgs:/workspaces/isaac_ros-dev/install/velodyne:/workspaces/isaac_ros-dev/install/velodyne_pointcloud:/workspaces/isaac_ros-dev/install/velodyne_driver:/workspaces/isaac_ros-dev/install/velodyne_msgs:/workspaces/isaac_ros-dev/install/velodyne_laserscan:/workspaces/isaac_ros-dev/install/vectornav:/workspaces/isaac_ros-dev/install/sdv_localization:/workspaces/isaac_ros-dev/install/vectornav_msgs:/workspaces/isaac_ros-dev/install/slam_toolbox:/workspaces/isaac_ros-dev/install/sdv_msg:/workspaces/isaac_ros-dev/install/sdv_localization_msgs:/workspaces/isaac_ros-dev/install/pointcloud_to_laserscan:/workspaces/isaac_ros-dev/install/my_package:/workspaces/isaac_ros-dev/install/multisense_msgs:/workspaces/isaac_ros-dev/install/multisense_lib:/workspaces/isaac_ros-dev/install/isaac_ros_visual_slam:/workspaces/isaac_ros-dev/install/isaac_ros_visual_slam_interfaces:/workspaces/isaac_ros-dev/install/isaac_ros_tensor_list_interfaces:/workspaces/isaac_ros-dev/install/isaac_ros_common:/workspaces/isaac_ros-dev/install/isaac_ros_bi3d_interfaces:/workspaces/isaac_ros-dev/install/isaac_ros_apriltag_interfaces:/workspaces/isaac_ros-dev/install/yolov8_ros:/workspaces/isaac_ros-dev/install/xbox_controller:/workspaces/isaac_ros-dev/install/panel:/workspaces/isaac_ros-dev/install/isaac_ros_test:/workspaces/isaac_ros-dev/install/encoder:/opt/ros/humble/install /usr/bin/cmake --build /workspaces/isaac_ros-dev/build/vision_msgs -- -j8 -l8
[0.717s] [  1%] Built target gtest_main
[0.717s] [  2%] Built target gtest
[0.781s] [ 14%] Built target vision_msgs__rosidl_generator_c
[0.854s] [ 15%] Built target ament_cmake_python_copy_vision_msgs
[0.856s] [ 15%] Built target vision_msgs__cpp
[0.956s] [ 26%] Built target vision_msgs__rosidl_typesupport_introspection_c
[0.966s] [ 38%] Built target vision_msgs__rosidl_typesupport_cpp
[0.969s] [ 49%] Built target vision_msgs__rosidl_typesupport_fastrtps_cpp
[0.977s] [ 60%] Built target vision_msgs__rosidl_typesupport_fastrtps_c
[1.005s] [ 71%] Built target vision_msgs__rosidl_typesupport_introspection_cpp
[1.031s] [ 82%] Built target vision_msgs__rosidl_typesupport_c
[1.162s] [ 82%] Built target vision_msgs
[1.331s] [ 84%] Built target vision_msgs_test
[1.338s] [ 84%] Built target vision_msgs__py
[1.535s] [ 95%] Built target vision_msgs__rosidl_generator_py
[1.742s] [ 97%] Built target vision_msgs__rosidl_typesupport_introspection_c__pyext
[1.773s] [ 99%] Built target vision_msgs__rosidl_typesupport_fastrtps_c__pyext
[1.809s] [100%] Built target vision_msgs__rosidl_typesupport_c__pyext
[2.623s] running egg_info
[2.696s] writing vision_msgs.egg-info/PKG-INFO
[2.698s] writing dependency_links to vision_msgs.egg-info/dependency_links.txt
[2.698s] writing top-level names to vision_msgs.egg-info/top_level.txt
[2.871s] reading manifest file 'vision_msgs.egg-info/SOURCES.txt'
[2.872s] writing manifest file 'vision_msgs.egg-info/SOURCES.txt'
[3.069s] [100%] Built target ament_cmake_python_build_vision_msgs_egg
[4.808s] Invoked command in '/workspaces/isaac_ros-dev/build/vision_msgs' returned '0': CMAKE_PREFIX_PATH=/workspaces/isaac_ros-dev/install/yolov8_bringup:/workspaces/isaac_ros-dev/install/multisense_ros:/workspaces/isaac_ros-dev/install/xacro:/workspaces/isaac_ros-dev/install/vision_msgs_rviz_plugins:/workspaces/isaac_ros-dev/install/vision_msgs:/workspaces/isaac_ros-dev/install/velodyne:/workspaces/isaac_ros-dev/install/velodyne_pointcloud:/workspaces/isaac_ros-dev/install/velodyne_driver:/workspaces/isaac_ros-dev/install/velodyne_msgs:/workspaces/isaac_ros-dev/install/velodyne_laserscan:/workspaces/isaac_ros-dev/install/vectornav:/workspaces/isaac_ros-dev/install/sdv_localization:/workspaces/isaac_ros-dev/install/vectornav_msgs:/workspaces/isaac_ros-dev/install/slam_toolbox:/workspaces/isaac_ros-dev/install/sdv_msg:/workspaces/isaac_ros-dev/install/sdv_localization_msgs:/workspaces/isaac_ros-dev/install/pointcloud_to_laserscan:/workspaces/isaac_ros-dev/install/my_package:/workspaces/isaac_ros-dev/install/multisense_msgs:/workspaces/isaac_ros-dev/install/multisense_lib:/workspaces/isaac_ros-dev/install/isaac_ros_visual_slam:/workspaces/isaac_ros-dev/install/isaac_ros_visual_slam_interfaces:/workspaces/isaac_ros-dev/install/isaac_ros_tensor_list_interfaces:/workspaces/isaac_ros-dev/install/isaac_ros_common:/workspaces/isaac_ros-dev/install/isaac_ros_bi3d_interfaces:/workspaces/isaac_ros-dev/install/isaac_ros_apriltag_interfaces:/workspaces/isaac_ros-dev/install/yolov8_ros:/workspaces/isaac_ros-dev/install/xbox_controller:/workspaces/isaac_ros-dev/install/panel:/workspaces/isaac_ros-dev/install/isaac_ros_test:/workspaces/isaac_ros-dev/install/encoder:/opt/ros/humble/install /usr/bin/cmake --build /workspaces/isaac_ros-dev/build/vision_msgs -- -j8 -l8
[12.191s] Invoking command in '/workspaces/isaac_ros-dev/build/vision_msgs': CMAKE_PREFIX_PATH=/workspaces/isaac_ros-dev/install/yolov8_bringup:/workspaces/isaac_ros-dev/install/multisense_ros:/workspaces/isaac_ros-dev/install/xacro:/workspaces/isaac_ros-dev/install/vision_msgs_rviz_plugins:/workspaces/isaac_ros-dev/install/vision_msgs:/workspaces/isaac_ros-dev/install/velodyne:/workspaces/isaac_ros-dev/install/velodyne_pointcloud:/workspaces/isaac_ros-dev/install/velodyne_driver:/workspaces/isaac_ros-dev/install/velodyne_msgs:/workspaces/isaac_ros-dev/install/velodyne_laserscan:/workspaces/isaac_ros-dev/install/vectornav:/workspaces/isaac_ros-dev/install/sdv_localization:/workspaces/isaac_ros-dev/install/vectornav_msgs:/workspaces/isaac_ros-dev/install/slam_toolbox:/workspaces/isaac_ros-dev/install/sdv_msg:/workspaces/isaac_ros-dev/install/sdv_localization_msgs:/workspaces/isaac_ros-dev/install/pointcloud_to_laserscan:/workspaces/isaac_ros-dev/install/my_package:/workspaces/isaac_ros-dev/install/multisense_msgs:/workspaces/isaac_ros-dev/install/multisense_lib:/workspaces/isaac_ros-dev/install/isaac_ros_visual_slam:/workspaces/isaac_ros-dev/install/isaac_ros_visual_slam_interfaces:/workspaces/isaac_ros-dev/install/isaac_ros_tensor_list_interfaces:/workspaces/isaac_ros-dev/install/isaac_ros_common:/workspaces/isaac_ros-dev/install/isaac_ros_bi3d_interfaces:/workspaces/isaac_ros-dev/install/isaac_ros_apriltag_interfaces:/workspaces/isaac_ros-dev/install/yolov8_ros:/workspaces/isaac_ros-dev/install/xbox_controller:/workspaces/isaac_ros-dev/install/panel:/workspaces/isaac_ros-dev/install/isaac_ros_test:/workspaces/isaac_ros-dev/install/encoder:/opt/ros/humble/install /usr/bin/cmake --install /workspaces/isaac_ros-dev/build/vision_msgs
[12.230s] -- Install configuration: ""
[12.231s] -- Up-to-date: /workspaces/isaac_ros-dev/install/vision_msgs/share/ament_index/resource_index/rosidl_interfaces/vision_msgs
[12.238s] -- Up-to-date: /workspaces/isaac_ros-dev/install/vision_msgs/include/vision_msgs/vision_msgs
[12.253s] -- Up-to-date: /workspaces/isaac_ros-dev/install/vision_msgs/include/vision_msgs/vision_msgs/msg
[12.266s] -- Up-to-date: /workspaces/isaac_ros-dev/install/vision_msgs/include/vision_msgs/vision_msgs/msg/bounding_box2_d.h
[12.267s] -- Up-to-date: /workspaces/isaac_ros-dev/install/vision_msgs/include/vision_msgs/vision_msgs/msg/rosidl_generator_c__visibility_control.h
[12.267s] -- Up-to-date: /workspaces/isaac_ros-dev/install/vision_msgs/include/vision_msgs/vision_msgs/msg/bounding_box3_d_array.h
[12.268s] -- Up-to-date: /workspaces/isaac_ros-dev/install/vision_msgs/include/vision_msgs/vision_msgs/msg/detection3_d_array.h
[12.269s] -- Up-to-date: /workspaces/isaac_ros-dev/install/vision_msgs/include/vision_msgs/vision_msgs/msg/vision_info.h
[12.269s] -- Up-to-date: /workspaces/isaac_ros-dev/install/vision_msgs/include/vision_msgs/vision_msgs/msg/detection2_d_array.h
[12.270s] -- Up-to-date: /workspaces/isaac_ros-dev/install/vision_msgs/include/vision_msgs/vision_msgs/msg/detection3_d.h
[12.270s] -- Up-to-date: /workspaces/isaac_ros-dev/install/vision_msgs/include/vision_msgs/vision_msgs/msg/detection2_d.h
[12.272s] -- Up-to-date: /workspaces/isaac_ros-dev/install/vision_msgs/include/vision_msgs/vision_msgs/msg/bounding_box3_d.h
[12.273s] -- Up-to-date: /workspaces/isaac_ros-dev/install/vision_msgs/include/vision_msgs/vision_msgs/msg/pose2_d.h
[12.274s] -- Up-to-date: /workspaces/isaac_ros-dev/install/vision_msgs/include/vision_msgs/vision_msgs/msg/label_info.h
[12.275s] -- Up-to-date: /workspaces/isaac_ros-dev/install/vision_msgs/include/vision_msgs/vision_msgs/msg/vision_class.h
[12.276s] -- Up-to-date: /workspaces/isaac_ros-dev/install/vision_msgs/include/vision_msgs/vision_msgs/msg/detail
[12.276s] -- Up-to-date: /workspaces/isaac_ros-dev/install/vision_msgs/include/vision_msgs/vision_msgs/msg/detail/detection3_d_array__struct.h
[12.276s] -- Up-to-date: /workspaces/isaac_ros-dev/install/vision_msgs/include/vision_msgs/vision_msgs/msg/detail/detection3_d__type_support.h
[12.277s] -- Up-to-date: /workspaces/isaac_ros-dev/install/vision_msgs/include/vision_msgs/vision_msgs/msg/detail/classification__type_support.h
[12.277s] -- Up-to-date: /workspaces/isaac_ros-dev/install/vision_msgs/include/vision_msgs/vision_msgs/msg/detail/vision_class__type_support.h
[12.278s] -- Up-to-date: /workspaces/isaac_ros-dev/install/vision_msgs/include/vision_msgs/vision_msgs/msg/detail/vision_info__functions.h
[12.278s] -- Up-to-date: /workspaces/isaac_ros-dev/install/vision_msgs/include/vision_msgs/vision_msgs/msg/detail/bounding_box2_d_array__type_support.h
[12.279s] -- Up-to-date: /workspaces/isaac_ros-dev/install/vision_msgs/include/vision_msgs/vision_msgs/msg/detail/classification__struct.h
[12.279s] -- Up-to-date: /workspaces/isaac_ros-dev/install/vision_msgs/include/vision_msgs/vision_msgs/msg/detail/detection2_d__type_support.h
[12.279s] -- Up-to-date: /workspaces/isaac_ros-dev/install/vision_msgs/include/vision_msgs/vision_msgs/msg/detail/object_hypothesis_with_pose__functions.c
[12.280s] -- Up-to-date: /workspaces/isaac_ros-dev/install/vision_msgs/include/vision_msgs/vision_msgs/msg/detail/detection2_d__functions.h
[12.280s] -- Up-to-date: /workspaces/isaac_ros-dev/install/vision_msgs/include/vision_msgs/vision_msgs/msg/detail/bounding_box2_d_array__functions.c
[12.284s] -- Up-to-date: /workspaces/isaac_ros-dev/install/vision_msgs/include/vision_msgs/vision_msgs/msg/detail/detection2_d__functions.c
[12.285s] -- Up-to-date: /workspaces/isaac_ros-dev/install/vision_msgs/include/vision_msgs/vision_msgs/msg/detail/bounding_box3_d_array__struct.h
[12.286s] -- Up-to-date: /workspaces/isaac_ros-dev/install/vision_msgs/include/vision_msgs/vision_msgs/msg/detail/detection3_d_array__functions.h
[12.288s] -- Up-to-date: /workspaces/isaac_ros-dev/install/vision_msgs/include/vision_msgs/vision_msgs/msg/detail/point2_d__struct.h
[12.300s] -- Up-to-date: /workspaces/isaac_ros-dev/install/vision_msgs/include/vision_msgs/vision_msgs/msg/detail/label_info__functions.h
[12.301s] -- Up-to-date: /workspaces/isaac_ros-dev/install/vision_msgs/include/vision_msgs/vision_msgs/msg/detail/label_info__struct.h
[12.302s] -- Up-to-date: /workspaces/isaac_ros-dev/install/vision_msgs/include/vision_msgs/vision_msgs/msg/detail/label_info__type_support.h
[12.303s] -- Up-to-date: /workspaces/isaac_ros-dev/install/vision_msgs/include/vision_msgs/vision_msgs/msg/detail/bounding_box2_d__functions.h
[12.303s] -- Up-to-date: /workspaces/isaac_ros-dev/install/vision_msgs/include/vision_msgs/vision_msgs/msg/detail/detection2_d_array__struct.h
[12.304s] -- Up-to-date: /workspaces/isaac_ros-dev/install/vision_msgs/include/vision_msgs/vision_msgs/msg/detail/point2_d__functions.h
[12.305s] -- Up-to-date: /workspaces/isaac_ros-dev/install/vision_msgs/include/vision_msgs/vision_msgs/msg/detail/point2_d__type_support.h
[12.306s] -- Up-to-date: /workspaces/isaac_ros-dev/install/vision_msgs/include/vision_msgs/vision_msgs/msg/detail/object_hypothesis__functions.c
[12.307s] -- Up-to-date: /workspaces/isaac_ros-dev/install/vision_msgs/include/vision_msgs/vision_msgs/msg/detail/object_hypothesis__functions.h
[12.307s] -- Up-to-date: /workspaces/isaac_ros-dev/install/vision_msgs/include/vision_msgs/vision_msgs/msg/detail/bounding_box2_d__struct.h
[12.308s] -- Up-to-date: /workspaces/isaac_ros-dev/install/vision_msgs/include/vision_msgs/vision_msgs/msg/detail/vision_info__functions.c
[12.309s] -- Up-to-date: /workspaces/isaac_ros-dev/install/vision_msgs/include/vision_msgs/vision_msgs/msg/detail/detection3_d_array__functions.c
[12.322s] -- Up-to-date: /workspaces/isaac_ros-dev/install/vision_msgs/include/vision_msgs/vision_msgs/msg/detail/vision_info__type_support.h
[12.323s] -- Up-to-date: /workspaces/isaac_ros-dev/install/vision_msgs/include/vision_msgs/vision_msgs/msg/detail/detection2_d_array__functions.h
[12.323s] -- Up-to-date: /workspaces/isaac_ros-dev/install/vision_msgs/include/vision_msgs/vision_msgs/msg/detail/classification__functions.h
[12.325s] -- Up-to-date: /workspaces/isaac_ros-dev/install/vision_msgs/include/vision_msgs/vision_msgs/msg/detail/classification__functions.c
[12.326s] -- Up-to-date: /workspaces/isaac_ros-dev/install/vision_msgs/include/vision_msgs/vision_msgs/msg/detail/detection3_d_array__type_support.h
[12.327s] -- Up-to-date: /workspaces/isaac_ros-dev/install/vision_msgs/include/vision_msgs/vision_msgs/msg/detail/detection3_d__functions.c
[12.328s] -- Up-to-date: /workspaces/isaac_ros-dev/install/vision_msgs/include/vision_msgs/vision_msgs/msg/detail/object_hypothesis_with_pose__type_support.h
[12.329s] -- Up-to-date: /workspaces/isaac_ros-dev/install/vision_msgs/include/vision_msgs/vision_msgs/msg/detail/pose2_d__struct.h
[12.329s] -- Up-to-date: /workspaces/isaac_ros-dev/install/vision_msgs/include/vision_msgs/vision_msgs/msg/detail/bounding_box2_d_array__functions.h
[12.330s] -- Up-to-date: /workspaces/isaac_ros-dev/install/vision_msgs/include/vision_msgs/vision_msgs/msg/detail/vision_class__functions.h
[12.331s] -- Up-to-date: /workspaces/isaac_ros-dev/install/vision_msgs/include/vision_msgs/vision_msgs/msg/detail/pose2_d__functions.c
[12.332s] -- Up-to-date: /workspaces/isaac_ros-dev/install/vision_msgs/include/vision_msgs/vision_msgs/msg/detail/bounding_box2_d_array__struct.h
[12.333s] -- Up-to-date: /workspaces/isaac_ros-dev/install/vision_msgs/include/vision_msgs/vision_msgs/msg/detail/pose2_d__functions.h
[12.334s] -- Up-to-date: /workspaces/isaac_ros-dev/install/vision_msgs/include/vision_msgs/vision_msgs/msg/detail/object_hypothesis_with_pose__struct.h
[12.334s] -- Up-to-date: /workspaces/isaac_ros-dev/install/vision_msgs/include/vision_msgs/vision_msgs/msg/detail/object_hypothesis__struct.h
[12.335s] -- Up-to-date: /workspaces/isaac_ros-dev/install/vision_msgs/include/vision_msgs/vision_msgs/msg/detail/detection2_d_array__functions.c
[12.336s] -- Up-to-date: /workspaces/isaac_ros-dev/install/vision_msgs/include/vision_msgs/vision_msgs/msg/detail/bounding_box3_d_array__functions.h
[12.336s] -- Up-to-date: /workspaces/isaac_ros-dev/install/vision_msgs/include/vision_msgs/vision_msgs/msg/detail/bounding_box3_d__functions.h
[12.337s] -- Up-to-date: /workspaces/isaac_ros-dev/install/vision_msgs/include/vision_msgs/vision_msgs/msg/detail/vision_class__struct.h
[12.338s] -- Up-to-date: /workspaces/isaac_ros-dev/install/vision_msgs/include/vision_msgs/vision_msgs/msg/detail/bounding_box3_d__functions.c
[12.344s] -- Up-to-date: /workspaces/isaac_ros-dev/install/vision_msgs/include/vision_msgs/vision_msgs/msg/detail/bounding_box3_d_array__type_support.h
[12.351s] -- Up-to-date: /workspaces/isaac_ros-dev/install/vision_msgs/include/vision_msgs/vision_msgs/msg/detail/bounding_box3_d__type_support.h
[12.352s] -- Up-to-date: /workspaces/isaac_ros-dev/install/vision_msgs/include/vision_msgs/vision_msgs/msg/detail/bounding_box2_d__functions.c
[12.352s] -- Up-to-date: /workspaces/isaac_ros-dev/install/vision_msgs/include/vision_msgs/vision_msgs/msg/detail/detection2_d_array__type_support.h
[12.352s] -- Up-to-date: /workspaces/isaac_ros-dev/install/vision_msgs/include/vision_msgs/vision_msgs/msg/detail/point2_d__functions.c
[12.353s] -- Up-to-date: /workspaces/isaac_ros-dev/install/vision_msgs/include/vision_msgs/vision_msgs/msg/detail/label_info__functions.c
[12.353s] -- Up-to-date: /workspaces/isaac_ros-dev/install/vision_msgs/include/vision_msgs/vision_msgs/msg/detail/pose2_d__type_support.h
[12.353s] -- Up-to-date: /workspaces/isaac_ros-dev/install/vision_msgs/include/vision_msgs/vision_msgs/msg/detail/bounding_box3_d__struct.h
[12.353s] -- Up-to-date: /workspaces/isaac_ros-dev/install/vision_msgs/include/vision_msgs/vision_msgs/msg/detail/vision_info__struct.h
[12.354s] -- Up-to-date: /workspaces/isaac_ros-dev/install/vision_msgs/include/vision_msgs/vision_msgs/msg/detail/detection2_d__struct.h
[12.354s] -- Up-to-date: /workspaces/isaac_ros-dev/install/vision_msgs/include/vision_msgs/vision_msgs/msg/detail/detection3_d__struct.h
[12.354s] -- Up-to-date: /workspaces/isaac_ros-dev/install/vision_msgs/include/vision_msgs/vision_msgs/msg/detail/vision_class__functions.c
[12.354s] -- Up-to-date: /workspaces/isaac_ros-dev/install/vision_msgs/include/vision_msgs/vision_msgs/msg/detail/bounding_box3_d_array__functions.c
[12.355s] -- Up-to-date: /workspaces/isaac_ros-dev/install/vision_msgs/include/vision_msgs/vision_msgs/msg/detail/bounding_box2_d__type_support.h
[12.355s] -- Up-to-date: /workspaces/isaac_ros-dev/install/vision_msgs/include/vision_msgs/vision_msgs/msg/detail/object_hypothesis__type_support.h
[12.355s] -- Up-to-date: /workspaces/isaac_ros-dev/install/vision_msgs/include/vision_msgs/vision_msgs/msg/detail/detection3_d__functions.h
[12.356s] -- Up-to-date: /workspaces/isaac_ros-dev/install/vision_msgs/include/vision_msgs/vision_msgs/msg/detail/object_hypothesis_with_pose__functions.h
[12.356s] -- Up-to-date: /workspaces/isaac_ros-dev/install/vision_msgs/include/vision_msgs/vision_msgs/msg/object_hypothesis.h
[12.356s] -- Up-to-date: /workspaces/isaac_ros-dev/install/vision_msgs/include/vision_msgs/vision_msgs/msg/object_hypothesis_with_pose.h
[12.356s] -- Up-to-date: /workspaces/isaac_ros-dev/install/vision_msgs/include/vision_msgs/vision_msgs/msg/point2_d.h
[12.357s] -- Up-to-date: /workspaces/isaac_ros-dev/install/vision_msgs/include/vision_msgs/vision_msgs/msg/bounding_box2_d_array.h
[12.357s] -- Up-to-date: /workspaces/isaac_ros-dev/install/vision_msgs/include/vision_msgs/vision_msgs/msg/classification.h
[12.359s] -- Up-to-date: /workspaces/isaac_ros-dev/install/vision_msgs/share/vision_msgs/environment/library_path.sh
[12.360s] -- Up-to-date: /workspaces/isaac_ros-dev/install/vision_msgs/share/vision_msgs/environment/library_path.dsv
[12.360s] -- Up-to-date: /workspaces/isaac_ros-dev/install/vision_msgs/lib/libvision_msgs__rosidl_generator_c.so
[12.378s] -- Up-to-date: /workspaces/isaac_ros-dev/install/vision_msgs/include/vision_msgs/vision_msgs
[12.398s] -- Up-to-date: /workspaces/isaac_ros-dev/install/vision_msgs/include/vision_msgs/vision_msgs/msg
[12.399s] -- Up-to-date: /workspaces/isaac_ros-dev/install/vision_msgs/include/vision_msgs/vision_msgs/msg/rosidl_typesupport_fastrtps_c__visibility_control.h
[12.400s] -- Up-to-date: /workspaces/isaac_ros-dev/install/vision_msgs/include/vision_msgs/vision_msgs/msg/detail
[12.400s] -- Up-to-date: /workspaces/isaac_ros-dev/install/vision_msgs/include/vision_msgs/vision_msgs/msg/detail/detection3_d__rosidl_typesupport_fastrtps_c.h
[12.401s] -- Up-to-date: /workspaces/isaac_ros-dev/install/vision_msgs/include/vision_msgs/vision_msgs/msg/detail/detection2_d_array__rosidl_typesupport_fastrtps_c.h
[12.401s] -- Up-to-date: /workspaces/isaac_ros-dev/install/vision_msgs/include/vision_msgs/vision_msgs/msg/detail/object_hypothesis_with_pose__rosidl_typesupport_fastrtps_c.h
[12.401s] -- Up-to-date: /workspaces/isaac_ros-dev/install/vision_msgs/include/vision_msgs/vision_msgs/msg/detail/detection2_d__rosidl_typesupport_fastrtps_c.h
[12.402s] -- Up-to-date: /workspaces/isaac_ros-dev/install/vision_msgs/include/vision_msgs/vision_msgs/msg/detail/bounding_box2_d_array__rosidl_typesupport_fastrtps_c.h
[12.402s] -- Up-to-date: /workspaces/isaac_ros-dev/install/vision_msgs/include/vision_msgs/vision_msgs/msg/detail/classification__rosidl_typesupport_fastrtps_c.h
[12.403s] -- Up-to-date: /workspaces/isaac_ros-dev/install/vision_msgs/include/vision_msgs/vision_msgs/msg/detail/bounding_box3_d_array__rosidl_typesupport_fastrtps_c.h
[12.403s] -- Up-to-date: /workspaces/isaac_ros-dev/install/vision_msgs/include/vision_msgs/vision_msgs/msg/detail/label_info__rosidl_typesupport_fastrtps_c.h
[12.404s] -- Up-to-date: /workspaces/isaac_ros-dev/install/vision_msgs/include/vision_msgs/vision_msgs/msg/detail/bounding_box2_d__rosidl_typesupport_fastrtps_c.h
[12.405s] -- Up-to-date: /workspaces/isaac_ros-dev/install/vision_msgs/include/vision_msgs/vision_msgs/msg/detail/point2_d__rosidl_typesupport_fastrtps_c.h
[12.406s] -- Up-to-date: /workspaces/isaac_ros-dev/install/vision_msgs/include/vision_msgs/vision_msgs/msg/detail/pose2_d__rosidl_typesupport_fastrtps_c.h
[12.406s] -- Up-to-date: /workspaces/isaac_ros-dev/install/vision_msgs/include/vision_msgs/vision_msgs/msg/detail/bounding_box3_d__rosidl_typesupport_fastrtps_c.h
[12.407s] -- Up-to-date: /workspaces/isaac_ros-dev/install/vision_msgs/include/vision_msgs/vision_msgs/msg/detail/vision_info__rosidl_typesupport_fastrtps_c.h
[12.407s] -- Up-to-date: /workspaces/isaac_ros-dev/install/vision_msgs/include/vision_msgs/vision_msgs/msg/detail/vision_class__rosidl_typesupport_fastrtps_c.h
[12.408s] -- Up-to-date: /workspaces/isaac_ros-dev/install/vision_msgs/include/vision_msgs/vision_msgs/msg/detail/detection3_d_array__rosidl_typesupport_fastrtps_c.h
[12.408s] -- Up-to-date: /workspaces/isaac_ros-dev/install/vision_msgs/include/vision_msgs/vision_msgs/msg/detail/object_hypothesis__rosidl_typesupport_fastrtps_c.h
[12.409s] -- Up-to-date: /workspaces/isaac_ros-dev/install/vision_msgs/lib/libvision_msgs__rosidl_typesupport_fastrtps_c.so
[12.409s] -- Up-to-date: /workspaces/isaac_ros-dev/install/vision_msgs/include/vision_msgs/vision_msgs
[12.410s] -- Up-to-date: /workspaces/isaac_ros-dev/install/vision_msgs/include/vision_msgs/vision_msgs/msg
[12.411s] -- Up-to-date: /workspaces/isaac_ros-dev/install/vision_msgs/include/vision_msgs/vision_msgs/msg/label_info.hpp
[12.411s] -- Up-to-date: /workspaces/isaac_ros-dev/install/vision_msgs/include/vision_msgs/vision_msgs/msg/bounding_box3_d.hpp
[12.412s] -- Up-to-date: /workspaces/isaac_ros-dev/install/vision_msgs/include/vision_msgs/vision_msgs/msg/bounding_box2_d.hpp
[12.412s] -- Up-to-date: /workspaces/isaac_ros-dev/install/vision_msgs/include/vision_msgs/vision_msgs/msg/vision_info.hpp
[12.413s] -- Up-to-date: /workspaces/isaac_ros-dev/install/vision_msgs/include/vision_msgs/vision_msgs/msg/detection3_d.hpp
[12.413s] -- Up-to-date: /workspaces/isaac_ros-dev/install/vision_msgs/include/vision_msgs/vision_msgs/msg/object_hypothesis_with_pose.hpp
[12.414s] -- Up-to-date: /workspaces/isaac_ros-dev/install/vision_msgs/include/vision_msgs/vision_msgs/msg/detection3_d_array.hpp
[12.414s] -- Up-to-date: /workspaces/isaac_ros-dev/install/vision_msgs/include/vision_msgs/vision_msgs/msg/pose2_d.hpp
[12.414s] -- Up-to-date: /workspaces/isaac_ros-dev/install/vision_msgs/include/vision_msgs/vision_msgs/msg/bounding_box3_d_array.hpp
[12.415s] -- Up-to-date: /workspaces/isaac_ros-dev/install/vision_msgs/include/vision_msgs/vision_msgs/msg/object_hypothesis.hpp
[12.415s] -- Up-to-date: /workspaces/isaac_ros-dev/install/vision_msgs/include/vision_msgs/vision_msgs/msg/detail
[12.416s] -- Up-to-date: /workspaces/isaac_ros-dev/install/vision_msgs/include/vision_msgs/vision_msgs/msg/detail/detection2_d_array__traits.hpp
[12.427s] -- Up-to-date: /workspaces/isaac_ros-dev/install/vision_msgs/include/vision_msgs/vision_msgs/msg/detail/pose2_d__traits.hpp
[12.428s] -- Up-to-date: /workspaces/isaac_ros-dev/install/vision_msgs/include/vision_msgs/vision_msgs/msg/detail/point2_d__struct.hpp
[12.430s] -- Up-to-date: /workspaces/isaac_ros-dev/install/vision_msgs/include/vision_msgs/vision_msgs/msg/detail/pose2_d__struct.hpp
[12.430s] -- Up-to-date: /workspaces/isaac_ros-dev/install/vision_msgs/include/vision_msgs/vision_msgs/msg/detail/bounding_box2_d_array__traits.hpp
[12.431s] -- Up-to-date: /workspaces/isaac_ros-dev/install/vision_msgs/include/vision_msgs/vision_msgs/msg/detail/vision_info__struct.hpp
[12.432s] -- Up-to-date: /workspaces/isaac_ros-dev/install/vision_msgs/include/vision_msgs/vision_msgs/msg/detail/detection3_d_array__traits.hpp
[12.433s] -- Up-to-date: /workspaces/isaac_ros-dev/install/vision_msgs/include/vision_msgs/vision_msgs/msg/detail/object_hypothesis_with_pose__builder.hpp
[12.433s] -- Up-to-date: /workspaces/isaac_ros-dev/install/vision_msgs/include/vision_msgs/vision_msgs/msg/detail/pose2_d__builder.hpp
[12.434s] -- Up-to-date: /workspaces/isaac_ros-dev/install/vision_msgs/include/vision_msgs/vision_msgs/msg/detail/bounding_box3_d_array__builder.hpp
[12.434s] -- Up-to-date: /workspaces/isaac_ros-dev/install/vision_msgs/include/vision_msgs/vision_msgs/msg/detail/label_info__struct.hpp
[12.435s] -- Up-to-date: /workspaces/isaac_ros-dev/install/vision_msgs/include/vision_msgs/vision_msgs/msg/detail/detection2_d__struct.hpp
[12.436s] -- Up-to-date: /workspaces/isaac_ros-dev/install/vision_msgs/include/vision_msgs/vision_msgs/msg/detail/classification__builder.hpp
[12.437s] -- Up-to-date: /workspaces/isaac_ros-dev/install/vision_msgs/include/vision_msgs/vision_msgs/msg/detail/bounding_box3_d__struct.hpp
[12.437s] -- Up-to-date: /workspaces/isaac_ros-dev/install/vision_msgs/include/vision_msgs/vision_msgs/msg/detail/bounding_box2_d_array__builder.hpp
[12.438s] -- Up-to-date: /workspaces/isaac_ros-dev/install/vision_msgs/include/vision_msgs/vision_msgs/msg/detail/detection3_d_array__struct.hpp
[12.438s] -- Up-to-date: /workspaces/isaac_ros-dev/install/vision_msgs/include/vision_msgs/vision_msgs/msg/detail/label_info__traits.hpp
[12.439s] -- Up-to-date: /workspaces/isaac_ros-dev/install/vision_msgs/include/vision_msgs/vision_msgs/msg/detail/vision_class__builder.hpp
[12.440s] -- Up-to-date: /workspaces/isaac_ros-dev/install/vision_msgs/include/vision_msgs/vision_msgs/msg/detail/label_info__builder.hpp
[12.450s] -- Up-to-date: /workspaces/isaac_ros-dev/install/vision_msgs/include/vision_msgs/vision_msgs/msg/detail/detection3_d__traits.hpp
[12.451s] -- Up-to-date: /workspaces/isaac_ros-dev/install/vision_msgs/include/vision_msgs/vision_msgs/msg/detail/detection2_d__traits.hpp
[12.452s] -- Up-to-date: /workspaces/isaac_ros-dev/install/vision_msgs/include/vision_msgs/vision_msgs/msg/detail/vision_info__builder.hpp
[12.452s] -- Up-to-date: /workspaces/isaac_ros-dev/install/vision_msgs/include/vision_msgs/vision_msgs/msg/detail/bounding_box2_d_array__struct.hpp
[12.453s] -- Up-to-date: /workspaces/isaac_ros-dev/install/vision_msgs/include/vision_msgs/vision_msgs/msg/detail/object_hypothesis_with_pose__traits.hpp
[12.454s] -- Up-to-date: /workspaces/isaac_ros-dev/install/vision_msgs/include/vision_msgs/vision_msgs/msg/detail/bounding_box3_d__builder.hpp
[12.454s] -- Up-to-date: /workspaces/isaac_ros-dev/install/vision_msgs/include/vision_msgs/vision_msgs/msg/detail/point2_d__builder.hpp
[12.455s] -- Up-to-date: /workspaces/isaac_ros-dev/install/vision_msgs/include/vision_msgs/vision_msgs/msg/detail/point2_d__traits.hpp
[12.456s] -- Up-to-date: /workspaces/isaac_ros-dev/install/vision_msgs/include/vision_msgs/vision_msgs/msg/detail/vision_class__traits.hpp
[12.457s] -- Up-to-date: /workspaces/isaac_ros-dev/install/vision_msgs/include/vision_msgs/vision_msgs/msg/detail/detection3_d__struct.hpp
[12.457s] -- Up-to-date: /workspaces/isaac_ros-dev/install/vision_msgs/include/vision_msgs/vision_msgs/msg/detail/object_hypothesis__struct.hpp
[12.458s] -- Up-to-date: /workspaces/isaac_ros-dev/install/vision_msgs/include/vision_msgs/vision_msgs/msg/detail/bounding_box3_d_array__traits.hpp
[12.459s] -- Up-to-date: /workspaces/isaac_ros-dev/install/vision_msgs/include/vision_msgs/vision_msgs/msg/detail/vision_info__traits.hpp
[12.459s] -- Up-to-date: /workspaces/isaac_ros-dev/install/vision_msgs/include/vision_msgs/vision_msgs/msg/detail/detection2_d_array__struct.hpp
[12.461s] -- Up-to-date: /workspaces/isaac_ros-dev/install/vision_msgs/include/vision_msgs/vision_msgs/msg/detail/bounding_box2_d__struct.hpp
[12.476s] -- Up-to-date: /workspaces/isaac_ros-dev/install/vision_msgs/include/vision_msgs/vision_msgs/msg/detail/classification__struct.hpp
[12.479s] -- Up-to-date: /workspaces/isaac_ros-dev/install/vision_msgs/include/vision_msgs/vision_msgs/msg/detail/detection3_d_array__builder.hpp
[12.480s] -- Up-to-date: /workspaces/isaac_ros-dev/install/vision_msgs/include/vision_msgs/vision_msgs/msg/detail/classification__traits.hpp
[12.480s] -- Up-to-date: /workspaces/isaac_ros-dev/install/vision_msgs/include/vision_msgs/vision_msgs/msg/detail/detection3_d__builder.hpp
[12.481s] -- Up-to-date: /workspaces/isaac_ros-dev/install/vision_msgs/include/vision_msgs/vision_msgs/msg/detail/object_hypothesis__builder.hpp
[12.481s] -- Up-to-date: /workspaces/isaac_ros-dev/install/vision_msgs/include/vision_msgs/vision_msgs/msg/detail/bounding_box2_d__traits.hpp
[12.482s] -- Up-to-date: /workspaces/isaac_ros-dev/install/vision_msgs/include/vision_msgs/vision_msgs/msg/detail/object_hypothesis__traits.hpp
[12.482s] -- Up-to-date: /workspaces/isaac_ros-dev/install/vision_msgs/include/vision_msgs/vision_msgs/msg/detail/bounding_box2_d__builder.hpp
[12.483s] -- Up-to-date: /workspaces/isaac_ros-dev/install/vision_msgs/include/vision_msgs/vision_msgs/msg/detail/detection2_d_array__builder.hpp
[12.484s] -- Up-to-date: /workspaces/isaac_ros-dev/install/vision_msgs/include/vision_msgs/vision_msgs/msg/detail/vision_class__struct.hpp
[12.486s] -- Up-to-date: /workspaces/isaac_ros-dev/install/vision_msgs/include/vision_msgs/vision_msgs/msg/detail/object_hypothesis_with_pose__struct.hpp
[12.500s] -- Up-to-date: /workspaces/isaac_ros-dev/install/vision_msgs/include/vision_msgs/vision_msgs/msg/detail/bounding_box3_d__traits.hpp
[12.501s] -- Up-to-date: /workspaces/isaac_ros-dev/install/vision_msgs/include/vision_msgs/vision_msgs/msg/detail/bounding_box3_d_array__struct.hpp
[12.503s] -- Up-to-date: /workspaces/isaac_ros-dev/install/vision_msgs/include/vision_msgs/vision_msgs/msg/detail/detection2_d__builder.hpp
[12.504s] -- Up-to-date: /workspaces/isaac_ros-dev/install/vision_msgs/include/vision_msgs/vision_msgs/msg/bounding_box2_d_array.hpp
[12.505s] -- Up-to-date: /workspaces/isaac_ros-dev/install/vision_msgs/include/vision_msgs/vision_msgs/msg/classification.hpp
[12.506s] -- Up-to-date: /workspaces/isaac_ros-dev/install/vision_msgs/include/vision_msgs/vision_msgs/msg/vision_class.hpp
[12.507s] -- Up-to-date: /workspaces/isaac_ros-dev/install/vision_msgs/include/vision_msgs/vision_msgs/msg/detection2_d_array.hpp
[12.507s] -- Up-to-date: /workspaces/isaac_ros-dev/install/vision_msgs/include/vision_msgs/vision_msgs/msg/point2_d.hpp
[12.508s] -- Up-to-date: /workspaces/isaac_ros-dev/install/vision_msgs/include/vision_msgs/vision_msgs/msg/detection2_d.hpp
[12.508s] -- Up-to-date: /workspaces/isaac_ros-dev/install/vision_msgs/include/vision_msgs/vision_msgs
[12.510s] -- Up-to-date: /workspaces/isaac_ros-dev/install/vision_msgs/include/vision_msgs/vision_msgs/msg
[12.511s] -- Up-to-date: /workspaces/isaac_ros-dev/install/vision_msgs/include/vision_msgs/vision_msgs/msg/rosidl_typesupport_fastrtps_cpp__visibility_control.h
[12.512s] -- Up-to-date: /workspaces/isaac_ros-dev/install/vision_msgs/include/vision_msgs/vision_msgs/msg/detail
[12.514s] -- Up-to-date: /workspaces/isaac_ros-dev/install/vision_msgs/include/vision_msgs/vision_msgs/msg/detail/label_info__rosidl_typesupport_fastrtps_cpp.hpp
[12.514s] -- Up-to-date: /workspaces/isaac_ros-dev/install/vision_msgs/include/vision_msgs/vision_msgs/msg/detail/pose2_d__rosidl_typesupport_fastrtps_cpp.hpp
[12.515s] -- Up-to-date: /workspaces/isaac_ros-dev/install/vision_msgs/include/vision_msgs/vision_msgs/msg/detail/detection2_d__rosidl_typesupport_fastrtps_cpp.hpp
[12.516s] -- Up-to-date: /workspaces/isaac_ros-dev/install/vision_msgs/include/vision_msgs/vision_msgs/msg/detail/bounding_box3_d__rosidl_typesupport_fastrtps_cpp.hpp
[12.517s] -- Up-to-date: /workspaces/isaac_ros-dev/install/vision_msgs/include/vision_msgs/vision_msgs/msg/detail/bounding_box2_d_array__rosidl_typesupport_fastrtps_cpp.hpp
[12.517s] -- Up-to-date: /workspaces/isaac_ros-dev/install/vision_msgs/include/vision_msgs/vision_msgs/msg/detail/detection2_d_array__rosidl_typesupport_fastrtps_cpp.hpp
[12.518s] -- Up-to-date: /workspaces/isaac_ros-dev/install/vision_msgs/include/vision_msgs/vision_msgs/msg/detail/bounding_box2_d__rosidl_typesupport_fastrtps_cpp.hpp
[12.518s] -- Up-to-date: /workspaces/isaac_ros-dev/install/vision_msgs/include/vision_msgs/vision_msgs/msg/detail/object_hypothesis__rosidl_typesupport_fastrtps_cpp.hpp
[12.519s] -- Up-to-date: /workspaces/isaac_ros-dev/install/vision_msgs/include/vision_msgs/vision_msgs/msg/detail/dds_fastrtps
[12.530s] -- Up-to-date: /workspaces/isaac_ros-dev/install/vision_msgs/include/vision_msgs/vision_msgs/msg/detail/vision_info__rosidl_typesupport_fastrtps_cpp.hpp
[12.545s] -- Up-to-date: /workspaces/isaac_ros-dev/install/vision_msgs/include/vision_msgs/vision_msgs/msg/detail/point2_d__rosidl_typesupport_fastrtps_cpp.hpp
[12.545s] -- Up-to-date: /workspaces/isaac_ros-dev/install/vision_msgs/include/vision_msgs/vision_msgs/msg/detail/vision_class__rosidl_typesupport_fastrtps_cpp.hpp
[12.546s] -- Up-to-date: /workspaces/isaac_ros-dev/install/vision_msgs/include/vision_msgs/vision_msgs/msg/detail/detection3_d_array__rosidl_typesupport_fastrtps_cpp.hpp
[12.547s] -- Up-to-date: /workspaces/isaac_ros-dev/install/vision_msgs/include/vision_msgs/vision_msgs/msg/detail/bounding_box3_d_array__rosidl_typesupport_fastrtps_cpp.hpp
[12.548s] -- Up-to-date: /workspaces/isaac_ros-dev/install/vision_msgs/include/vision_msgs/vision_msgs/msg/detail/object_hypothesis_with_pose__rosidl_typesupport_fastrtps_cpp.hpp
[12.549s] -- Up-to-date: /workspaces/isaac_ros-dev/install/vision_msgs/include/vision_msgs/vision_msgs/msg/detail/classification__rosidl_typesupport_fastrtps_cpp.hpp
[12.550s] -- Up-to-date: /workspaces/isaac_ros-dev/install/vision_msgs/include/vision_msgs/vision_msgs/msg/detail/detection3_d__rosidl_typesupport_fastrtps_cpp.hpp
[12.550s] -- Up-to-date: /workspaces/isaac_ros-dev/install/vision_msgs/lib/libvision_msgs__rosidl_typesupport_fastrtps_cpp.so
[12.551s] -- Up-to-date: /workspaces/isaac_ros-dev/install/vision_msgs/include/vision_msgs/vision_msgs
[12.551s] -- Up-to-date: /workspaces/isaac_ros-dev/install/vision_msgs/include/vision_msgs/vision_msgs/msg
[12.552s] -- Up-to-date: /workspaces/isaac_ros-dev/install/vision_msgs/include/vision_msgs/vision_msgs/msg/detail
[12.552s] -- Up-to-date: /workspaces/isaac_ros-dev/install/vision_msgs/include/vision_msgs/vision_msgs/msg/detail/vision_class__type_support.c
[12.553s] -- Up-to-date: /workspaces/isaac_ros-dev/install/vision_msgs/include/vision_msgs/vision_msgs/msg/detail/detection2_d_array__rosidl_typesupport_introspection_c.h
[12.553s] -- Up-to-date: /workspaces/isaac_ros-dev/install/vision_msgs/include/vision_msgs/vision_msgs/msg/detail/classification__type_support.c
[12.554s] -- Up-to-date: /workspaces/isaac_ros-dev/install/vision_msgs/include/vision_msgs/vision_msgs/msg/detail/object_hypothesis_with_pose__rosidl_typesupport_introspection_c.h
[12.554s] -- Up-to-date: /workspaces/isaac_ros-dev/install/vision_msgs/include/vision_msgs/vision_msgs/msg/detail/pose2_d__type_support.c
[12.554s] -- Up-to-date: /workspaces/isaac_ros-dev/install/vision_msgs/include/vision_msgs/vision_msgs/msg/detail/bounding_box3_d_array__type_support.c
[12.555s] -- Up-to-date: /workspaces/isaac_ros-dev/install/vision_msgs/include/vision_msgs/vision_msgs/msg/detail/detection2_d__type_support.c
[12.555s] -- Up-to-date: /workspaces/isaac_ros-dev/install/vision_msgs/include/vision_msgs/vision_msgs/msg/detail/detection3_d__type_support.c
[12.556s] -- Up-to-date: /workspaces/isaac_ros-dev/install/vision_msgs/include/vision_msgs/vision_msgs/msg/detail/vision_class__rosidl_typesupport_introspection_c.h
[12.556s] -- Up-to-date: /workspaces/isaac_ros-dev/install/vision_msgs/include/vision_msgs/vision_msgs/msg/detail/bounding_box2_d__rosidl_typesupport_introspection_c.h
[12.557s] -- Up-to-date: /workspaces/isaac_ros-dev/install/vision_msgs/include/vision_msgs/vision_msgs/msg/detail/bounding_box2_d__type_support.c
[12.557s] -- Up-to-date: /workspaces/isaac_ros-dev/install/vision_msgs/include/vision_msgs/vision_msgs/msg/detail/bounding_box3_d_array__rosidl_typesupport_introspection_c.h
[12.558s] -- Up-to-date: /workspaces/isaac_ros-dev/install/vision_msgs/include/vision_msgs/vision_msgs/msg/detail/pose2_d__rosidl_typesupport_introspection_c.h
[12.558s] -- Up-to-date: /workspaces/isaac_ros-dev/install/vision_msgs/include/vision_msgs/vision_msgs/msg/detail/vision_info__type_support.c
[12.559s] -- Up-to-date: /workspaces/isaac_ros-dev/install/vision_msgs/include/vision_msgs/vision_msgs/msg/detail/detection3_d_array__rosidl_typesupport_introspection_c.h
[12.559s] -- Up-to-date: /workspaces/isaac_ros-dev/install/vision_msgs/include/vision_msgs/vision_msgs/msg/detail/bounding_box2_d_array__type_support.c
[12.569s] -- Up-to-date: /workspaces/isaac_ros-dev/install/vision_msgs/include/vision_msgs/vision_msgs/msg/detail/bounding_box2_d_array__rosidl_typesupport_introspection_c.h
[12.570s] -- Up-to-date: /workspaces/isaac_ros-dev/install/vision_msgs/include/vision_msgs/vision_msgs/msg/detail/detection2_d_array__type_support.c
[12.571s] -- Up-to-date: /workspaces/isaac_ros-dev/install/vision_msgs/include/vision_msgs/vision_msgs/msg/detail/detection3_d__rosidl_typesupport_introspection_c.h
[12.572s] -- Up-to-date: /workspaces/isaac_ros-dev/install/vision_msgs/include/vision_msgs/vision_msgs/msg/detail/detection2_d__rosidl_typesupport_introspection_c.h
[12.573s] -- Up-to-date: /workspaces/isaac_ros-dev/install/vision_msgs/include/vision_msgs/vision_msgs/msg/detail/object_hypothesis__type_support.c
[12.573s] -- Up-to-date: /workspaces/isaac_ros-dev/install/vision_msgs/include/vision_msgs/vision_msgs/msg/detail/bounding_box3_d__rosidl_typesupport_introspection_c.h
[12.574s] -- Up-to-date: /workspaces/isaac_ros-dev/install/vision_msgs/include/vision_msgs/vision_msgs/msg/detail/vision_info__rosidl_typesupport_introspection_c.h
[12.575s] -- Up-to-date: /workspaces/isaac_ros-dev/install/vision_msgs/include/vision_msgs/vision_msgs/msg/detail/point2_d__rosidl_typesupport_introspection_c.h
[12.576s] -- Up-to-date: /workspaces/isaac_ros-dev/install/vision_msgs/include/vision_msgs/vision_msgs/msg/detail/label_info__rosidl_typesupport_introspection_c.h
[12.576s] -- Up-to-date: /workspaces/isaac_ros-dev/install/vision_msgs/include/vision_msgs/vision_msgs/msg/detail/detection3_d_array__type_support.c
[12.577s] -- Up-to-date: /workspaces/isaac_ros-dev/install/vision_msgs/include/vision_msgs/vision_msgs/msg/detail/classification__rosidl_typesupport_introspection_c.h
[12.578s] -- Up-to-date: /workspaces/isaac_ros-dev/install/vision_msgs/include/vision_msgs/vision_msgs/msg/detail/label_info__type_support.c
[12.579s] -- Up-to-date: /workspaces/isaac_ros-dev/install/vision_msgs/include/vision_msgs/vision_msgs/msg/detail/object_hypothesis__rosidl_typesupport_introspection_c.h
[12.579s] -- Up-to-date: /workspaces/isaac_ros-dev/install/vision_msgs/include/vision_msgs/vision_msgs/msg/detail/bounding_box3_d__type_support.c
[12.579s] -- Up-to-date: /workspaces/isaac_ros-dev/install/vision_msgs/include/vision_msgs/vision_msgs/msg/detail/object_hypothesis_with_pose__type_support.c
[12.590s] -- Up-to-date: /workspaces/isaac_ros-dev/install/vision_msgs/include/vision_msgs/vision_msgs/msg/detail/point2_d__type_support.c
[12.592s] -- Up-to-date: /workspaces/isaac_ros-dev/install/vision_msgs/include/vision_msgs/vision_msgs/msg/rosidl_typesupport_introspection_c__visibility_control.h
[12.592s] -- Up-to-date: /workspaces/isaac_ros-dev/install/vision_msgs/lib/libvision_msgs__rosidl_typesupport_introspection_c.so
[12.593s] -- Up-to-date: /workspaces/isaac_ros-dev/install/vision_msgs/lib/libvision_msgs__rosidl_typesupport_c.so
[12.594s] -- Up-to-date: /workspaces/isaac_ros-dev/install/vision_msgs/include/vision_msgs/vision_msgs
[12.595s] -- Up-to-date: /workspaces/isaac_ros-dev/install/vision_msgs/include/vision_msgs/vision_msgs/msg
[12.595s] -- Up-to-date: /workspaces/isaac_ros-dev/install/vision_msgs/include/vision_msgs/vision_msgs/msg/detail
[12.596s] -- Up-to-date: /workspaces/isaac_ros-dev/install/vision_msgs/include/vision_msgs/vision_msgs/msg/detail/vision_class__type_support.cpp
[12.597s] -- Up-to-date: /workspaces/isaac_ros-dev/install/vision_msgs/include/vision_msgs/vision_msgs/msg/detail/vision_info__rosidl_typesupport_introspection_cpp.hpp
[12.597s] -- Up-to-date: /workspaces/isaac_ros-dev/install/vision_msgs/include/vision_msgs/vision_msgs/msg/detail/point2_d__rosidl_typesupport_introspection_cpp.hpp
[12.598s] -- Up-to-date: /workspaces/isaac_ros-dev/install/vision_msgs/include/vision_msgs/vision_msgs/msg/detail/bounding_box2_d__rosidl_typesupport_introspection_cpp.hpp
[12.599s] -- Up-to-date: /workspaces/isaac_ros-dev/install/vision_msgs/include/vision_msgs/vision_msgs/msg/detail/object_hypothesis__type_support.cpp
[12.606s] -- Up-to-date: /workspaces/isaac_ros-dev/install/vision_msgs/include/vision_msgs/vision_msgs/msg/detail/detection3_d_array__type_support.cpp
[12.613s] -- Up-to-date: /workspaces/isaac_ros-dev/install/vision_msgs/include/vision_msgs/vision_msgs/msg/detail/object_hypothesis_with_pose__rosidl_typesupport_introspection_cpp.hpp
[12.613s] -- Up-to-date: /workspaces/isaac_ros-dev/install/vision_msgs/include/vision_msgs/vision_msgs/msg/detail/label_info__type_support.cpp
[12.614s] -- Up-to-date: /workspaces/isaac_ros-dev/install/vision_msgs/include/vision_msgs/vision_msgs/msg/detail/bounding_box2_d_array__type_support.cpp
[12.615s] -- Up-to-date: /workspaces/isaac_ros-dev/install/vision_msgs/include/vision_msgs/vision_msgs/msg/detail/classification__type_support.cpp
[12.615s] -- Up-to-date: /workspaces/isaac_ros-dev/install/vision_msgs/include/vision_msgs/vision_msgs/msg/detail/detection2_d__rosidl_typesupport_introspection_cpp.hpp
[12.616s] -- Up-to-date: /workspaces/isaac_ros-dev/install/vision_msgs/include/vision_msgs/vision_msgs/msg/detail/detection2_d_array__type_support.cpp
[12.617s] -- Up-to-date: /workspaces/isaac_ros-dev/install/vision_msgs/include/vision_msgs/vision_msgs/msg/detail/detection2_d__type_support.cpp
[12.617s] -- Up-to-date: /workspaces/isaac_ros-dev/install/vision_msgs/include/vision_msgs/vision_msgs/msg/detail/detection3_d_array__rosidl_typesupport_introspection_cpp.hpp
[12.618s] -- Up-to-date: /workspaces/isaac_ros-dev/install/vision_msgs/include/vision_msgs/vision_msgs/msg/detail/object_hypothesis__rosidl_typesupport_introspection_cpp.hpp
[12.631s] -- Up-to-date: /workspaces/isaac_ros-dev/install/vision_msgs/include/vision_msgs/vision_msgs/msg/detail/bounding_box2_d_array__rosidl_typesupport_introspection_cpp.hpp
[12.632s] -- Up-to-date: /workspaces/isaac_ros-dev/install/vision_msgs/include/vision_msgs/vision_msgs/msg/detail/pose2_d__rosidl_typesupport_introspection_cpp.hpp
[12.634s] -- Up-to-date: /workspaces/isaac_ros-dev/install/vision_msgs/include/vision_msgs/vision_msgs/msg/detail/pose2_d__type_support.cpp
[12.635s] -- Up-to-date: /workspaces/isaac_ros-dev/install/vision_msgs/include/vision_msgs/vision_msgs/msg/detail/object_hypothesis_with_pose__type_support.cpp
[12.636s] -- Up-to-date: /workspaces/isaac_ros-dev/install/vision_msgs/include/vision_msgs/vision_msgs/msg/detail/bounding_box3_d__type_support.cpp
[12.637s] -- Up-to-date: /workspaces/isaac_ros-dev/install/vision_msgs/include/vision_msgs/vision_msgs/msg/detail/detection3_d__type_support.cpp
[12.637s] -- Up-to-date: /workspaces/isaac_ros-dev/install/vision_msgs/include/vision_msgs/vision_msgs/msg/detail/classification__rosidl_typesupport_introspection_cpp.hpp
[12.638s] -- Up-to-date: /workspaces/isaac_ros-dev/install/vision_msgs/include/vision_msgs/vision_msgs/msg/detail/detection3_d__rosidl_typesupport_introspection_cpp.hpp
[12.639s] -- Up-to-date: /workspaces/isaac_ros-dev/install/vision_msgs/include/vision_msgs/vision_msgs/msg/detail/vision_info__type_support.cpp
[12.640s] -- Up-to-date: /workspaces/isaac_ros-dev/install/vision_msgs/include/vision_msgs/vision_msgs/msg/detail/bounding_box3_d__rosidl_typesupport_introspection_cpp.hpp
[12.641s] -- Up-to-date: /workspaces/isaac_ros-dev/install/vision_msgs/include/vision_msgs/vision_msgs/msg/detail/label_info__rosidl_typesupport_introspection_cpp.hpp
[12.641s] -- Up-to-date: /workspaces/isaac_ros-dev/install/vision_msgs/include/vision_msgs/vision_msgs/msg/detail/vision_class__rosidl_typesupport_introspection_cpp.hpp
[12.643s] -- Up-to-date: /workspaces/isaac_ros-dev/install/vision_msgs/include/vision_msgs/vision_msgs/msg/detail/bounding_box3_d_array__rosidl_typesupport_introspection_cpp.hpp
[12.643s] -- Up-to-date: /workspaces/isaac_ros-dev/install/vision_msgs/include/vision_msgs/vision_msgs/msg/detail/detection2_d_array__rosidl_typesupport_introspection_cpp.hpp
[12.644s] -- Up-to-date: /workspaces/isaac_ros-dev/install/vision_msgs/include/vision_msgs/vision_msgs/msg/detail/bounding_box3_d_array__type_support.cpp
[12.644s] -- Up-to-date: /workspaces/isaac_ros-dev/install/vision_msgs/include/vision_msgs/vision_msgs/msg/detail/bounding_box2_d__type_support.cpp
[12.645s] -- Up-to-date: /workspaces/isaac_ros-dev/install/vision_msgs/include/vision_msgs/vision_msgs/msg/detail/point2_d__type_support.cpp
[12.646s] -- Up-to-date: /workspaces/isaac_ros-dev/install/vision_msgs/lib/libvision_msgs__rosidl_typesupport_introspection_cpp.so
[12.646s] -- Up-to-date: /workspaces/isaac_ros-dev/install/vision_msgs/lib/libvision_msgs__rosidl_typesupport_cpp.so
[12.647s] -- Up-to-date: /workspaces/isaac_ros-dev/install/vision_msgs/share/vision_msgs/environment/pythonpath.sh
[12.647s] -- Up-to-date: /workspaces/isaac_ros-dev/install/vision_msgs/share/vision_msgs/environment/pythonpath.dsv
[12.659s] -- Up-to-date: /workspaces/isaac_ros-dev/install/vision_msgs/lib/python3.8/site-packages/vision_msgs-4.1.0-py3.8.egg-info
[12.660s] -- Installing: /workspaces/isaac_ros-dev/install/vision_msgs/lib/python3.8/site-packages/vision_msgs-4.1.0-py3.8.egg-info/top_level.txt
[12.663s] -- Installing: /workspaces/isaac_ros-dev/install/vision_msgs/lib/python3.8/site-packages/vision_msgs-4.1.0-py3.8.egg-info/dependency_links.txt
[12.663s] -- Installing: /workspaces/isaac_ros-dev/install/vision_msgs/lib/python3.8/site-packages/vision_msgs-4.1.0-py3.8.egg-info/SOURCES.txt
[12.664s] -- Installing: /workspaces/isaac_ros-dev/install/vision_msgs/lib/python3.8/site-packages/vision_msgs-4.1.0-py3.8.egg-info/PKG-INFO
[12.664s] -- Up-to-date: /workspaces/isaac_ros-dev/install/vision_msgs/lib/python3.8/site-packages/vision_msgs
[12.665s] -- Up-to-date: /workspaces/isaac_ros-dev/install/vision_msgs/lib/python3.8/site-packages/vision_msgs/__init__.py
[12.665s] -- Up-to-date: /workspaces/isaac_ros-dev/install/vision_msgs/lib/python3.8/site-packages/vision_msgs/vision_msgs_s__rosidl_typesupport_fastrtps_c.cpython-38-aarch64-linux-gnu.so
[12.666s] -- Up-to-date: /workspaces/isaac_ros-dev/install/vision_msgs/lib/python3.8/site-packages/vision_msgs/vision_msgs_s__rosidl_typesupport_introspection_c.cpython-38-aarch64-linux-gnu.so
[12.666s] -- Up-to-date: /workspaces/isaac_ros-dev/install/vision_msgs/lib/python3.8/site-packages/vision_msgs/vision_msgs_s__rosidl_typesupport_c.cpython-38-aarch64-linux-gnu.so
[12.667s] -- Up-to-date: /workspaces/isaac_ros-dev/install/vision_msgs/lib/python3.8/site-packages/vision_msgs/msg
[12.667s] -- Up-to-date: /workspaces/isaac_ros-dev/install/vision_msgs/lib/python3.8/site-packages/vision_msgs/msg/_bounding_box2_d_array.py
[12.668s] -- Up-to-date: /workspaces/isaac_ros-dev/install/vision_msgs/lib/python3.8/site-packages/vision_msgs/msg/__init__.py
[12.668s] -- Up-to-date: /workspaces/isaac_ros-dev/install/vision_msgs/lib/python3.8/site-packages/vision_msgs/msg/_object_hypothesis_with_pose.py
[12.668s] -- Up-to-date: /workspaces/isaac_ros-dev/install/vision_msgs/lib/python3.8/site-packages/vision_msgs/msg/_label_info.py
[12.669s] -- Up-to-date: /workspaces/isaac_ros-dev/install/vision_msgs/lib/python3.8/site-packages/vision_msgs/msg/_vision_class.py
[12.669s] -- Up-to-date: /workspaces/isaac_ros-dev/install/vision_msgs/lib/python3.8/site-packages/vision_msgs/msg/_vision_class_s.c
[12.670s] -- Up-to-date: /workspaces/isaac_ros-dev/install/vision_msgs/lib/python3.8/site-packages/vision_msgs/msg/_bounding_box2_d.py
[12.670s] -- Up-to-date: /workspaces/isaac_ros-dev/install/vision_msgs/lib/python3.8/site-packages/vision_msgs/msg/_object_hypothesis_s.c
[12.671s] -- Up-to-date: /workspaces/isaac_ros-dev/install/vision_msgs/lib/python3.8/site-packages/vision_msgs/msg/_bounding_box2_d_s.c
[12.671s] -- Up-to-date: /workspaces/isaac_ros-dev/install/vision_msgs/lib/python3.8/site-packages/vision_msgs/msg/_pose2_d_s.c
[12.672s] -- Up-to-date: /workspaces/isaac_ros-dev/install/vision_msgs/lib/python3.8/site-packages/vision_msgs/msg/_bounding_box3_d_s.c
[12.672s] -- Up-to-date: /workspaces/isaac_ros-dev/install/vision_msgs/lib/python3.8/site-packages/vision_msgs/msg/_vision_info.py
[12.672s] -- Up-to-date: /workspaces/isaac_ros-dev/install/vision_msgs/lib/python3.8/site-packages/vision_msgs/msg/_label_info_s.c
[12.673s] -- Up-to-date: /workspaces/isaac_ros-dev/install/vision_msgs/lib/python3.8/site-packages/vision_msgs/msg/_detection2_d_array.py
[12.673s] -- Up-to-date: /workspaces/isaac_ros-dev/install/vision_msgs/lib/python3.8/site-packages/vision_msgs/msg/_bounding_box2_d_array_s.c
[12.674s] -- Up-to-date: /workspaces/isaac_ros-dev/install/vision_msgs/lib/python3.8/site-packages/vision_msgs/msg/_object_hypothesis_with_pose_s.c
[12.674s] -- Up-to-date: /workspaces/isaac_ros-dev/install/vision_msgs/lib/python3.8/site-packages/vision_msgs/msg/_detection3_d_array_s.c
[12.675s] -- Up-to-date: /workspaces/isaac_ros-dev/install/vision_msgs/lib/python3.8/site-packages/vision_msgs/msg/_detection3_d_s.c
[12.675s] -- Up-to-date: /workspaces/isaac_ros-dev/install/vision_msgs/lib/python3.8/site-packages/vision_msgs/msg/_detection3_d.py
[12.676s] -- Up-to-date: /workspaces/isaac_ros-dev/install/vision_msgs/lib/python3.8/site-packages/vision_msgs/msg/_bounding_box3_d_array_s.c
[12.676s] -- Up-to-date: /workspaces/isaac_ros-dev/install/vision_msgs/lib/python3.8/site-packages/vision_msgs/msg/_classification_s.c
[12.677s] -- Up-to-date: /workspaces/isaac_ros-dev/install/vision_msgs/lib/python3.8/site-packages/vision_msgs/msg/_vision_info_s.c
[12.677s] -- Up-to-date: /workspaces/isaac_ros-dev/install/vision_msgs/lib/python3.8/site-packages/vision_msgs/msg/_detection2_d_array_s.c
[12.678s] -- Up-to-date: /workspaces/isaac_ros-dev/install/vision_msgs/lib/python3.8/site-packages/vision_msgs/msg/_object_hypothesis.py
[12.678s] -- Up-to-date: /workspaces/isaac_ros-dev/install/vision_msgs/lib/python3.8/site-packages/vision_msgs/msg/_bounding_box3_d.py
[12.678s] -- Up-to-date: /workspaces/isaac_ros-dev/install/vision_msgs/lib/python3.8/site-packages/vision_msgs/msg/_detection2_d_s.c
[12.679s] -- Up-to-date: /workspaces/isaac_ros-dev/install/vision_msgs/lib/python3.8/site-packages/vision_msgs/msg/_detection2_d.py
[12.679s] -- Up-to-date: /workspaces/isaac_ros-dev/install/vision_msgs/lib/python3.8/site-packages/vision_msgs/msg/_classification.py
[12.680s] -- Up-to-date: /workspaces/isaac_ros-dev/install/vision_msgs/lib/python3.8/site-packages/vision_msgs/msg/_pose2_d.py
[12.680s] -- Up-to-date: /workspaces/isaac_ros-dev/install/vision_msgs/lib/python3.8/site-packages/vision_msgs/msg/_detection3_d_array.py
[12.681s] -- Up-to-date: /workspaces/isaac_ros-dev/install/vision_msgs/lib/python3.8/site-packages/vision_msgs/msg/_point2_d.py
[12.681s] -- Up-to-date: /workspaces/isaac_ros-dev/install/vision_msgs/lib/python3.8/site-packages/vision_msgs/msg/_point2_d_s.c
[12.682s] -- Up-to-date: /workspaces/isaac_ros-dev/install/vision_msgs/lib/python3.8/site-packages/vision_msgs/msg/_bounding_box3_d_array.py
[12.682s] -- Up-to-date: /workspaces/isaac_ros-dev/install/vision_msgs/lib/python3.8/site-packages/vision_msgs/_vision_msgs_s.ep.rosidl_typesupport_c.c
[12.683s] -- Up-to-date: /workspaces/isaac_ros-dev/install/vision_msgs/lib/python3.8/site-packages/vision_msgs/_vision_msgs_s.ep.rosidl_typesupport_introspection_c.c
[12.683s] -- Up-to-date: /workspaces/isaac_ros-dev/install/vision_msgs/lib/python3.8/site-packages/vision_msgs/_vision_msgs_s.ep.rosidl_typesupport_fastrtps_c.c
[12.684s] -- Up-to-date: /workspaces/isaac_ros-dev/install/vision_msgs/lib/python3.8/site-packages/vision_msgs/libvision_msgs__rosidl_generator_py.so
[12.689s] Listing '/workspaces/isaac_ros-dev/install/vision_msgs/lib/python3.8/site-packages/vision_msgs'...
[12.690s] Listing '/workspaces/isaac_ros-dev/install/vision_msgs/lib/python3.8/site-packages/vision_msgs/msg'...
[12.690s] -- Up-to-date: /workspaces/isaac_ros-dev/install/vision_msgs/lib/python3.8/site-packages/vision_msgs/vision_msgs_s__rosidl_typesupport_fastrtps_c.cpython-38-aarch64-linux-gnu.so
[12.691s] -- Up-to-date: /workspaces/isaac_ros-dev/install/vision_msgs/lib/python3.8/site-packages/vision_msgs/vision_msgs_s__rosidl_typesupport_introspection_c.cpython-38-aarch64-linux-gnu.so
[12.691s] -- Up-to-date: /workspaces/isaac_ros-dev/install/vision_msgs/lib/python3.8/site-packages/vision_msgs/vision_msgs_s__rosidl_typesupport_c.cpython-38-aarch64-linux-gnu.so
[12.692s] -- Up-to-date: /workspaces/isaac_ros-dev/install/vision_msgs/lib/libvision_msgs__rosidl_generator_py.so
[12.692s] -- Up-to-date: /workspaces/isaac_ros-dev/install/vision_msgs/share/vision_msgs/msg/BoundingBox2D.idl
[12.693s] -- Up-to-date: /workspaces/isaac_ros-dev/install/vision_msgs/share/vision_msgs/msg/BoundingBox2DArray.idl
[12.693s] -- Up-to-date: /workspaces/isaac_ros-dev/install/vision_msgs/share/vision_msgs/msg/BoundingBox3D.idl
[12.694s] -- Up-to-date: /workspaces/isaac_ros-dev/install/vision_msgs/share/vision_msgs/msg/BoundingBox3DArray.idl
[12.694s] -- Up-to-date: /workspaces/isaac_ros-dev/install/vision_msgs/share/vision_msgs/msg/Classification.idl
[12.695s] -- Up-to-date: /workspaces/isaac_ros-dev/install/vision_msgs/share/vision_msgs/msg/Detection2DArray.idl
[12.695s] -- Up-to-date: /workspaces/isaac_ros-dev/install/vision_msgs/share/vision_msgs/msg/Detection2D.idl
[12.695s] -- Up-to-date: /workspaces/isaac_ros-dev/install/vision_msgs/share/vision_msgs/msg/Detection3DArray.idl
[12.696s] -- Up-to-date: /workspaces/isaac_ros-dev/install/vision_msgs/share/vision_msgs/msg/Detection3D.idl
[12.696s] -- Up-to-date: /workspaces/isaac_ros-dev/install/vision_msgs/share/vision_msgs/msg/LabelInfo.idl
[12.697s] -- Up-to-date: /workspaces/isaac_ros-dev/install/vision_msgs/share/vision_msgs/msg/ObjectHypothesis.idl
[12.697s] -- Up-to-date: /workspaces/isaac_ros-dev/install/vision_msgs/share/vision_msgs/msg/ObjectHypothesisWithPose.idl
[12.698s] -- Up-to-date: /workspaces/isaac_ros-dev/install/vision_msgs/share/vision_msgs/msg/VisionClass.idl
[12.698s] -- Up-to-date: /workspaces/isaac_ros-dev/install/vision_msgs/share/vision_msgs/msg/Point2D.idl
[12.699s] -- Up-to-date: /workspaces/isaac_ros-dev/install/vision_msgs/share/vision_msgs/msg/Pose2D.idl
[12.700s] -- Up-to-date: /workspaces/isaac_ros-dev/install/vision_msgs/share/vision_msgs/msg/VisionInfo.idl
[12.700s] -- Up-to-date: /workspaces/isaac_ros-dev/install/vision_msgs/share/vision_msgs/msg/BoundingBox2D.msg
[12.700s] -- Up-to-date: /workspaces/isaac_ros-dev/install/vision_msgs/share/vision_msgs/msg/BoundingBox2DArray.msg
[12.705s] -- Up-to-date: /workspaces/isaac_ros-dev/install/vision_msgs/share/vision_msgs/msg/BoundingBox3D.msg
[12.706s] -- Up-to-date: /workspaces/isaac_ros-dev/install/vision_msgs/share/vision_msgs/msg/BoundingBox3DArray.msg
[12.706s] -- Up-to-date: /workspaces/isaac_ros-dev/install/vision_msgs/share/vision_msgs/msg/Classification.msg
[12.706s] -- Up-to-date: /workspaces/isaac_ros-dev/install/vision_msgs/share/vision_msgs/msg/Detection2DArray.msg
[12.707s] -- Up-to-date: /workspaces/isaac_ros-dev/install/vision_msgs/share/vision_msgs/msg/Detection2D.msg
[12.707s] -- Up-to-date: /workspaces/isaac_ros-dev/install/vision_msgs/share/vision_msgs/msg/Detection3DArray.msg
[12.709s] -- Up-to-date: /workspaces/isaac_ros-dev/install/vision_msgs/share/vision_msgs/msg/Detection3D.msg
[12.709s] -- Up-to-date: /workspaces/isaac_ros-dev/install/vision_msgs/share/vision_msgs/msg/LabelInfo.msg
[12.710s] -- Up-to-date: /workspaces/isaac_ros-dev/install/vision_msgs/share/vision_msgs/msg/ObjectHypothesis.msg
[12.710s] -- Up-to-date: /workspaces/isaac_ros-dev/install/vision_msgs/share/vision_msgs/msg/ObjectHypothesisWithPose.msg
[12.711s] -- Up-to-date: /workspaces/isaac_ros-dev/install/vision_msgs/share/vision_msgs/msg/VisionClass.msg
[12.711s] -- Up-to-date: /workspaces/isaac_ros-dev/install/vision_msgs/share/vision_msgs/msg/Point2D.msg
[12.712s] -- Up-to-date: /workspaces/isaac_ros-dev/install/vision_msgs/share/vision_msgs/msg/Pose2D.msg
[12.712s] -- Up-to-date: /workspaces/isaac_ros-dev/install/vision_msgs/share/vision_msgs/msg/VisionInfo.msg
[12.712s] -- Up-to-date: /workspaces/isaac_ros-dev/install/vision_msgs/include/vision_msgs
[12.713s] -- Up-to-date: /workspaces/isaac_ros-dev/install/vision_msgs/include/vision_msgs/create_aabb.hpp
[12.713s] -- Up-to-date: /workspaces/isaac_ros-dev/install/vision_msgs/share/ament_index/resource_index/package_run_dependencies/vision_msgs
[12.714s] -- Up-to-date: /workspaces/isaac_ros-dev/install/vision_msgs/share/ament_index/resource_index/parent_prefix_path/vision_msgs
[12.714s] -- Up-to-date: /workspaces/isaac_ros-dev/install/vision_msgs/share/vision_msgs/environment/ament_prefix_path.sh
[12.714s] -- Up-to-date: /workspaces/isaac_ros-dev/install/vision_msgs/share/vision_msgs/environment/ament_prefix_path.dsv
[12.715s] -- Up-to-date: /workspaces/isaac_ros-dev/install/vision_msgs/share/vision_msgs/environment/path.sh
[12.715s] -- Up-to-date: /workspaces/isaac_ros-dev/install/vision_msgs/share/vision_msgs/environment/path.dsv
[12.715s] -- Up-to-date: /workspaces/isaac_ros-dev/install/vision_msgs/share/vision_msgs/local_setup.bash
[12.716s] -- Up-to-date: /workspaces/isaac_ros-dev/install/vision_msgs/share/vision_msgs/local_setup.sh
[12.716s] -- Up-to-date: /workspaces/isaac_ros-dev/install/vision_msgs/share/vision_msgs/local_setup.zsh
[12.717s] -- Up-to-date: /workspaces/isaac_ros-dev/install/vision_msgs/share/vision_msgs/local_setup.dsv
[12.717s] -- Installing: /workspaces/isaac_ros-dev/install/vision_msgs/share/vision_msgs/package.dsv
[12.718s] -- Up-to-date: /workspaces/isaac_ros-dev/install/vision_msgs/share/ament_index/resource_index/packages/vision_msgs
[12.718s] -- Up-to-date: /workspaces/isaac_ros-dev/install/vision_msgs/share/vision_msgs/cmake/export_vision_msgs__rosidl_generator_cExport.cmake
[12.719s] -- Up-to-date: /workspaces/isaac_ros-dev/install/vision_msgs/share/vision_msgs/cmake/export_vision_msgs__rosidl_generator_cExport-noconfig.cmake
[12.719s] -- Up-to-date: /workspaces/isaac_ros-dev/install/vision_msgs/share/vision_msgs/cmake/export_vision_msgs__rosidl_typesupport_fastrtps_cExport.cmake
[12.720s] -- Up-to-date: /workspaces/isaac_ros-dev/install/vision_msgs/share/vision_msgs/cmake/export_vision_msgs__rosidl_typesupport_fastrtps_cExport-noconfig.cmake
[12.720s] -- Up-to-date: /workspaces/isaac_ros-dev/install/vision_msgs/share/vision_msgs/cmake/export_vision_msgs__rosidl_generator_cppExport.cmake
[12.721s] -- Up-to-date: /workspaces/isaac_ros-dev/install/vision_msgs/share/vision_msgs/cmake/export_vision_msgs__rosidl_typesupport_fastrtps_cppExport.cmake
[12.721s] -- Up-to-date: /workspaces/isaac_ros-dev/install/vision_msgs/share/vision_msgs/cmake/export_vision_msgs__rosidl_typesupport_fastrtps_cppExport-noconfig.cmake
[12.721s] -- Up-to-date: /workspaces/isaac_ros-dev/install/vision_msgs/share/vision_msgs/cmake/vision_msgs__rosidl_typesupport_introspection_cExport.cmake
[12.722s] -- Up-to-date: /workspaces/isaac_ros-dev/install/vision_msgs/share/vision_msgs/cmake/vision_msgs__rosidl_typesupport_introspection_cExport-noconfig.cmake
[12.722s] -- Up-to-date: /workspaces/isaac_ros-dev/install/vision_msgs/share/vision_msgs/cmake/vision_msgs__rosidl_typesupport_cExport.cmake
[12.723s] -- Up-to-date: /workspaces/isaac_ros-dev/install/vision_msgs/share/vision_msgs/cmake/vision_msgs__rosidl_typesupport_cExport-noconfig.cmake
[12.723s] -- Up-to-date: /workspaces/isaac_ros-dev/install/vision_msgs/share/vision_msgs/cmake/vision_msgs__rosidl_typesupport_introspection_cppExport.cmake
[12.723s] -- Up-to-date: /workspaces/isaac_ros-dev/install/vision_msgs/share/vision_msgs/cmake/vision_msgs__rosidl_typesupport_introspection_cppExport-noconfig.cmake
[12.724s] -- Up-to-date: /workspaces/isaac_ros-dev/install/vision_msgs/share/vision_msgs/cmake/vision_msgs__rosidl_typesupport_cppExport.cmake
[12.724s] -- Up-to-date: /workspaces/isaac_ros-dev/install/vision_msgs/share/vision_msgs/cmake/vision_msgs__rosidl_typesupport_cppExport-noconfig.cmake
[12.725s] -- Up-to-date: /workspaces/isaac_ros-dev/install/vision_msgs/share/vision_msgs/cmake/export_vision_msgs__rosidl_generator_pyExport.cmake
[12.725s] -- Up-to-date: /workspaces/isaac_ros-dev/install/vision_msgs/share/vision_msgs/cmake/export_vision_msgs__rosidl_generator_pyExport-noconfig.cmake
[12.726s] -- Up-to-date: /workspaces/isaac_ros-dev/install/vision_msgs/share/vision_msgs/cmake/rosidl_cmake-extras.cmake
[12.726s] -- Up-to-date: /workspaces/isaac_ros-dev/install/vision_msgs/share/vision_msgs/cmake/ament_cmake_export_dependencies-extras.cmake
[12.727s] -- Up-to-date: /workspaces/isaac_ros-dev/install/vision_msgs/share/vision_msgs/cmake/ament_cmake_export_include_directories-extras.cmake
[12.727s] -- Up-to-date: /workspaces/isaac_ros-dev/install/vision_msgs/share/vision_msgs/cmake/ament_cmake_export_libraries-extras.cmake
[12.727s] -- Up-to-date: /workspaces/isaac_ros-dev/install/vision_msgs/share/vision_msgs/cmake/ament_cmake_export_targets-extras.cmake
[12.728s] -- Up-to-date: /workspaces/isaac_ros-dev/install/vision_msgs/share/vision_msgs/cmake/rosidl_cmake_export_typesupport_targets-extras.cmake
[12.728s] -- Up-to-date: /workspaces/isaac_ros-dev/install/vision_msgs/share/vision_msgs/cmake/rosidl_cmake_export_typesupport_libraries-extras.cmake
[12.729s] -- Up-to-date: /workspaces/isaac_ros-dev/install/vision_msgs/share/vision_msgs/cmake/vision_msgsConfig.cmake
[12.729s] -- Up-to-date: /workspaces/isaac_ros-dev/install/vision_msgs/share/vision_msgs/cmake/vision_msgsConfig-version.cmake
[12.730s] -- Up-to-date: /workspaces/isaac_ros-dev/install/vision_msgs/share/vision_msgs/package.xml
[13.115s] Invoked command in '/workspaces/isaac_ros-dev/build/vision_msgs' returned '0': CMAKE_PREFIX_PATH=/workspaces/isaac_ros-dev/install/yolov8_bringup:/workspaces/isaac_ros-dev/install/multisense_ros:/workspaces/isaac_ros-dev/install/xacro:/workspaces/isaac_ros-dev/install/vision_msgs_rviz_plugins:/workspaces/isaac_ros-dev/install/vision_msgs:/workspaces/isaac_ros-dev/install/velodyne:/workspaces/isaac_ros-dev/install/velodyne_pointcloud:/workspaces/isaac_ros-dev/install/velodyne_driver:/workspaces/isaac_ros-dev/install/velodyne_msgs:/workspaces/isaac_ros-dev/install/velodyne_laserscan:/workspaces/isaac_ros-dev/install/vectornav:/workspaces/isaac_ros-dev/install/sdv_localization:/workspaces/isaac_ros-dev/install/vectornav_msgs:/workspaces/isaac_ros-dev/install/slam_toolbox:/workspaces/isaac_ros-dev/install/sdv_msg:/workspaces/isaac_ros-dev/install/sdv_localization_msgs:/workspaces/isaac_ros-dev/install/pointcloud_to_laserscan:/workspaces/isaac_ros-dev/install/my_package:/workspaces/isaac_ros-dev/install/multisense_msgs:/workspaces/isaac_ros-dev/install/multisense_lib:/workspaces/isaac_ros-dev/install/isaac_ros_visual_slam:/workspaces/isaac_ros-dev/install/isaac_ros_visual_slam_interfaces:/workspaces/isaac_ros-dev/install/isaac_ros_tensor_list_interfaces:/workspaces/isaac_ros-dev/install/isaac_ros_common:/workspaces/isaac_ros-dev/install/isaac_ros_bi3d_interfaces:/workspaces/isaac_ros-dev/install/isaac_ros_apriltag_interfaces:/workspaces/isaac_ros-dev/install/yolov8_ros:/workspaces/isaac_ros-dev/install/xbox_controller:/workspaces/isaac_ros-dev/install/panel:/workspaces/isaac_ros-dev/install/isaac_ros_test:/workspaces/isaac_ros-dev/install/encoder:/opt/ros/humble/install /usr/bin/cmake --install /workspaces/isaac_ros-dev/build/vision_msgs
