[2.199s] Invoking command in '/workspaces/isaac_ros-dev/build/isaac_ros_visual_slam_interfaces': CMAKE_PREFIX_PATH=/workspaces/isaac_ros-dev/install/yolov8_bringup:/workspaces/isaac_ros-dev/install/multisense_ros:/workspaces/isaac_ros-dev/install/xacro:/workspaces/isaac_ros-dev/install/vision_msgs_rviz_plugins:/workspaces/isaac_ros-dev/install/vision_msgs:/workspaces/isaac_ros-dev/install/velodyne:/workspaces/isaac_ros-dev/install/velodyne_pointcloud:/workspaces/isaac_ros-dev/install/velodyne_driver:/workspaces/isaac_ros-dev/install/velodyne_msgs:/workspaces/isaac_ros-dev/install/velodyne_laserscan:/workspaces/isaac_ros-dev/install/vectornav:/workspaces/isaac_ros-dev/install/sdv_localization:/workspaces/isaac_ros-dev/install/vectornav_msgs:/workspaces/isaac_ros-dev/install/slam_toolbox:/workspaces/isaac_ros-dev/install/sdv_msg:/workspaces/isaac_ros-dev/install/sdv_localization_msgs:/workspaces/isaac_ros-dev/install/pointcloud_to_laserscan:/workspaces/isaac_ros-dev/install/my_package:/workspaces/isaac_ros-dev/install/multisense_msgs:/workspaces/isaac_ros-dev/install/multisense_lib:/workspaces/isaac_ros-dev/install/isaac_ros_visual_slam:/workspaces/isaac_ros-dev/install/isaac_ros_visual_slam_interfaces:/workspaces/isaac_ros-dev/install/isaac_ros_tensor_list_interfaces:/workspaces/isaac_ros-dev/install/isaac_ros_common:/workspaces/isaac_ros-dev/install/isaac_ros_bi3d_interfaces:/workspaces/isaac_ros-dev/install/isaac_ros_apriltag_interfaces:/workspaces/isaac_ros-dev/install/yolov8_ros:/workspaces/isaac_ros-dev/install/xbox_controller:/workspaces/isaac_ros-dev/install/panel:/workspaces/isaac_ros-dev/install/isaac_ros_test:/workspaces/isaac_ros-dev/install/encoder:/opt/ros/humble/install /usr/bin/cmake --build /workspaces/isaac_ros-dev/build/isaac_ros_visual_slam_interfaces -- -j8 -l8
[2.448s] [  1%] Built target isaac_ros_visual_slam_interfaces__cpp
[2.462s] [ 12%] Built target isaac_ros_visual_slam_interfaces__rosidl_generator_c
[2.512s] [ 12%] Built target ament_cmake_python_copy_isaac_ros_visual_slam_interfaces
[2.725s] [ 23%] Built target isaac_ros_visual_slam_interfaces__rosidl_typesupport_cpp
[2.803s] [ 35%] Built target isaac_ros_visual_slam_interfaces__rosidl_typesupport_fastrtps_cpp
[2.850s] [ 46%] Built target isaac_ros_visual_slam_interfaces__rosidl_typesupport_introspection_cpp
[2.885s] [ 57%] Built target isaac_ros_visual_slam_interfaces__rosidl_typesupport_c
[2.888s] [ 69%] Built target isaac_ros_visual_slam_interfaces__rosidl_typesupport_introspection_c
[2.900s] [ 80%] Built target isaac_ros_visual_slam_interfaces__rosidl_typesupport_fastrtps_c
[3.140s] [ 80%] Built target isaac_ros_visual_slam_interfaces
[3.298s] [ 81%] Built target isaac_ros_visual_slam_interfaces__py
[3.453s] [ 91%] Built target isaac_ros_visual_slam_interfaces__rosidl_generator_py
[3.623s] [ 94%] Built target isaac_ros_visual_slam_interfaces__rosidl_typesupport_fastrtps_c__pyext
[3.641s] [ 97%] Built target isaac_ros_visual_slam_interfaces__rosidl_typesupport_c__pyext
[3.682s] [100%] Built target isaac_ros_visual_slam_interfaces__rosidl_typesupport_introspection_c__pyext
[4.876s] running egg_info
[4.935s] writing isaac_ros_visual_slam_interfaces.egg-info/PKG-INFO
[4.942s] writing dependency_links to isaac_ros_visual_slam_interfaces.egg-info/dependency_links.txt
[4.942s] writing top-level names to isaac_ros_visual_slam_interfaces.egg-info/top_level.txt
[5.136s] reading manifest file 'isaac_ros_visual_slam_interfaces.egg-info/SOURCES.txt'
[5.137s] writing manifest file 'isaac_ros_visual_slam_interfaces.egg-info/SOURCES.txt'
[5.301s] [100%] Built target ament_cmake_python_build_isaac_ros_visual_slam_interfaces_egg
[5.370s] Invoked command in '/workspaces/isaac_ros-dev/build/isaac_ros_visual_slam_interfaces' returned '0': CMAKE_PREFIX_PATH=/workspaces/isaac_ros-dev/install/yolov8_bringup:/workspaces/isaac_ros-dev/install/multisense_ros:/workspaces/isaac_ros-dev/install/xacro:/workspaces/isaac_ros-dev/install/vision_msgs_rviz_plugins:/workspaces/isaac_ros-dev/install/vision_msgs:/workspaces/isaac_ros-dev/install/velodyne:/workspaces/isaac_ros-dev/install/velodyne_pointcloud:/workspaces/isaac_ros-dev/install/velodyne_driver:/workspaces/isaac_ros-dev/install/velodyne_msgs:/workspaces/isaac_ros-dev/install/velodyne_laserscan:/workspaces/isaac_ros-dev/install/vectornav:/workspaces/isaac_ros-dev/install/sdv_localization:/workspaces/isaac_ros-dev/install/vectornav_msgs:/workspaces/isaac_ros-dev/install/slam_toolbox:/workspaces/isaac_ros-dev/install/sdv_msg:/workspaces/isaac_ros-dev/install/sdv_localization_msgs:/workspaces/isaac_ros-dev/install/pointcloud_to_laserscan:/workspaces/isaac_ros-dev/install/my_package:/workspaces/isaac_ros-dev/install/multisense_msgs:/workspaces/isaac_ros-dev/install/multisense_lib:/workspaces/isaac_ros-dev/install/isaac_ros_visual_slam:/workspaces/isaac_ros-dev/install/isaac_ros_visual_slam_interfaces:/workspaces/isaac_ros-dev/install/isaac_ros_tensor_list_interfaces:/workspaces/isaac_ros-dev/install/isaac_ros_common:/workspaces/isaac_ros-dev/install/isaac_ros_bi3d_interfaces:/workspaces/isaac_ros-dev/install/isaac_ros_apriltag_interfaces:/workspaces/isaac_ros-dev/install/yolov8_ros:/workspaces/isaac_ros-dev/install/xbox_controller:/workspaces/isaac_ros-dev/install/panel:/workspaces/isaac_ros-dev/install/isaac_ros_test:/workspaces/isaac_ros-dev/install/encoder:/opt/ros/humble/install /usr/bin/cmake --build /workspaces/isaac_ros-dev/build/isaac_ros_visual_slam_interfaces -- -j8 -l8
[7.675s] Invoking command in '/workspaces/isaac_ros-dev/build/isaac_ros_visual_slam_interfaces': CMAKE_PREFIX_PATH=/workspaces/isaac_ros-dev/install/yolov8_bringup:/workspaces/isaac_ros-dev/install/multisense_ros:/workspaces/isaac_ros-dev/install/xacro:/workspaces/isaac_ros-dev/install/vision_msgs_rviz_plugins:/workspaces/isaac_ros-dev/install/vision_msgs:/workspaces/isaac_ros-dev/install/velodyne:/workspaces/isaac_ros-dev/install/velodyne_pointcloud:/workspaces/isaac_ros-dev/install/velodyne_driver:/workspaces/isaac_ros-dev/install/velodyne_msgs:/workspaces/isaac_ros-dev/install/velodyne_laserscan:/workspaces/isaac_ros-dev/install/vectornav:/workspaces/isaac_ros-dev/install/sdv_localization:/workspaces/isaac_ros-dev/install/vectornav_msgs:/workspaces/isaac_ros-dev/install/slam_toolbox:/workspaces/isaac_ros-dev/install/sdv_msg:/workspaces/isaac_ros-dev/install/sdv_localization_msgs:/workspaces/isaac_ros-dev/install/pointcloud_to_laserscan:/workspaces/isaac_ros-dev/install/my_package:/workspaces/isaac_ros-dev/install/multisense_msgs:/workspaces/isaac_ros-dev/install/multisense_lib:/workspaces/isaac_ros-dev/install/isaac_ros_visual_slam:/workspaces/isaac_ros-dev/install/isaac_ros_visual_slam_interfaces:/workspaces/isaac_ros-dev/install/isaac_ros_tensor_list_interfaces:/workspaces/isaac_ros-dev/install/isaac_ros_common:/workspaces/isaac_ros-dev/install/isaac_ros_bi3d_interfaces:/workspaces/isaac_ros-dev/install/isaac_ros_apriltag_interfaces:/workspaces/isaac_ros-dev/install/yolov8_ros:/workspaces/isaac_ros-dev/install/xbox_controller:/workspaces/isaac_ros-dev/install/panel:/workspaces/isaac_ros-dev/install/isaac_ros_test:/workspaces/isaac_ros-dev/install/encoder:/opt/ros/humble/install /usr/bin/cmake --install /workspaces/isaac_ros-dev/build/isaac_ros_visual_slam_interfaces
[7.725s] -- Install configuration: "Release"
[7.736s] -- Up-to-date: /workspaces/isaac_ros-dev/install/isaac_ros_visual_slam_interfaces/share/ament_index/resource_index/rosidl_interfaces/isaac_ros_visual_slam_interfaces
[7.737s] -- Up-to-date: /workspaces/isaac_ros-dev/install/isaac_ros_visual_slam_interfaces/include/isaac_ros_visual_slam_interfaces/isaac_ros_visual_slam_interfaces
[7.737s] -- Up-to-date: /workspaces/isaac_ros-dev/install/isaac_ros_visual_slam_interfaces/include/isaac_ros_visual_slam_interfaces/isaac_ros_visual_slam_interfaces/action
[7.738s] -- Up-to-date: /workspaces/isaac_ros-dev/install/isaac_ros_visual_slam_interfaces/include/isaac_ros_visual_slam_interfaces/isaac_ros_visual_slam_interfaces/action/save_map.h
[7.738s] -- Up-to-date: /workspaces/isaac_ros-dev/install/isaac_ros_visual_slam_interfaces/include/isaac_ros_visual_slam_interfaces/isaac_ros_visual_slam_interfaces/action/detail
[7.739s] -- Up-to-date: /workspaces/isaac_ros-dev/install/isaac_ros_visual_slam_interfaces/include/isaac_ros_visual_slam_interfaces/isaac_ros_visual_slam_interfaces/action/detail/load_map_and_localize__struct.h
[7.740s] -- Up-to-date: /workspaces/isaac_ros-dev/install/isaac_ros_visual_slam_interfaces/include/isaac_ros_visual_slam_interfaces/isaac_ros_visual_slam_interfaces/action/detail/save_map__struct.h
[7.741s] -- Up-to-date: /workspaces/isaac_ros-dev/install/isaac_ros_visual_slam_interfaces/include/isaac_ros_visual_slam_interfaces/isaac_ros_visual_slam_interfaces/action/detail/load_map_and_localize__type_support.h
[7.741s] -- Up-to-date: /workspaces/isaac_ros-dev/install/isaac_ros_visual_slam_interfaces/include/isaac_ros_visual_slam_interfaces/isaac_ros_visual_slam_interfaces/action/detail/save_map__functions.c
[7.741s] -- Up-to-date: /workspaces/isaac_ros-dev/install/isaac_ros_visual_slam_interfaces/include/isaac_ros_visual_slam_interfaces/isaac_ros_visual_slam_interfaces/action/detail/save_map__type_support.h
[7.742s] -- Up-to-date: /workspaces/isaac_ros-dev/install/isaac_ros_visual_slam_interfaces/include/isaac_ros_visual_slam_interfaces/isaac_ros_visual_slam_interfaces/action/detail/load_map_and_localize__functions.c
[7.742s] -- Up-to-date: /workspaces/isaac_ros-dev/install/isaac_ros_visual_slam_interfaces/include/isaac_ros_visual_slam_interfaces/isaac_ros_visual_slam_interfaces/action/detail/load_map_and_localize__functions.h
[7.743s] -- Up-to-date: /workspaces/isaac_ros-dev/install/isaac_ros_visual_slam_interfaces/include/isaac_ros_visual_slam_interfaces/isaac_ros_visual_slam_interfaces/action/detail/save_map__functions.h
[7.743s] -- Up-to-date: /workspaces/isaac_ros-dev/install/isaac_ros_visual_slam_interfaces/include/isaac_ros_visual_slam_interfaces/isaac_ros_visual_slam_interfaces/action/load_map_and_localize.h
[7.744s] -- Up-to-date: /workspaces/isaac_ros-dev/install/isaac_ros_visual_slam_interfaces/include/isaac_ros_visual_slam_interfaces/isaac_ros_visual_slam_interfaces/srv
[7.744s] -- Up-to-date: /workspaces/isaac_ros-dev/install/isaac_ros_visual_slam_interfaces/include/isaac_ros_visual_slam_interfaces/isaac_ros_visual_slam_interfaces/srv/get_all_poses.h
[7.744s] -- Up-to-date: /workspaces/isaac_ros-dev/install/isaac_ros_visual_slam_interfaces/include/isaac_ros_visual_slam_interfaces/isaac_ros_visual_slam_interfaces/srv/set_odometry_pose.h
[7.745s] -- Up-to-date: /workspaces/isaac_ros-dev/install/isaac_ros_visual_slam_interfaces/include/isaac_ros_visual_slam_interfaces/isaac_ros_visual_slam_interfaces/srv/detail
[7.745s] -- Up-to-date: /workspaces/isaac_ros-dev/install/isaac_ros_visual_slam_interfaces/include/isaac_ros_visual_slam_interfaces/isaac_ros_visual_slam_interfaces/srv/detail/set_odometry_pose__functions.h
[7.746s] -- Up-to-date: /workspaces/isaac_ros-dev/install/isaac_ros_visual_slam_interfaces/include/isaac_ros_visual_slam_interfaces/isaac_ros_visual_slam_interfaces/srv/detail/get_all_poses__type_support.h
[7.747s] -- Up-to-date: /workspaces/isaac_ros-dev/install/isaac_ros_visual_slam_interfaces/include/isaac_ros_visual_slam_interfaces/isaac_ros_visual_slam_interfaces/srv/detail/get_all_poses__functions.c
[7.748s] -- Up-to-date: /workspaces/isaac_ros-dev/install/isaac_ros_visual_slam_interfaces/include/isaac_ros_visual_slam_interfaces/isaac_ros_visual_slam_interfaces/srv/detail/reset__functions.c
[7.748s] -- Up-to-date: /workspaces/isaac_ros-dev/install/isaac_ros_visual_slam_interfaces/include/isaac_ros_visual_slam_interfaces/isaac_ros_visual_slam_interfaces/srv/detail/reset__type_support.h
[7.748s] -- Up-to-date: /workspaces/isaac_ros-dev/install/isaac_ros_visual_slam_interfaces/include/isaac_ros_visual_slam_interfaces/isaac_ros_visual_slam_interfaces/srv/detail/reset__struct.h
[7.749s] -- Up-to-date: /workspaces/isaac_ros-dev/install/isaac_ros_visual_slam_interfaces/include/isaac_ros_visual_slam_interfaces/isaac_ros_visual_slam_interfaces/srv/detail/set_odometry_pose__functions.c
[7.750s] -- Up-to-date: /workspaces/isaac_ros-dev/install/isaac_ros_visual_slam_interfaces/include/isaac_ros_visual_slam_interfaces/isaac_ros_visual_slam_interfaces/srv/detail/get_all_poses__struct.h
[7.751s] -- Up-to-date: /workspaces/isaac_ros-dev/install/isaac_ros_visual_slam_interfaces/include/isaac_ros_visual_slam_interfaces/isaac_ros_visual_slam_interfaces/srv/detail/set_odometry_pose__type_support.h
[7.751s] -- Up-to-date: /workspaces/isaac_ros-dev/install/isaac_ros_visual_slam_interfaces/include/isaac_ros_visual_slam_interfaces/isaac_ros_visual_slam_interfaces/srv/detail/get_all_poses__functions.h
[7.751s] -- Up-to-date: /workspaces/isaac_ros-dev/install/isaac_ros_visual_slam_interfaces/include/isaac_ros_visual_slam_interfaces/isaac_ros_visual_slam_interfaces/srv/detail/reset__functions.h
[7.751s] -- Up-to-date: /workspaces/isaac_ros-dev/install/isaac_ros_visual_slam_interfaces/include/isaac_ros_visual_slam_interfaces/isaac_ros_visual_slam_interfaces/srv/detail/set_odometry_pose__struct.h
[7.753s] -- Up-to-date: /workspaces/isaac_ros-dev/install/isaac_ros_visual_slam_interfaces/include/isaac_ros_visual_slam_interfaces/isaac_ros_visual_slam_interfaces/srv/reset.h
[7.754s] -- Up-to-date: /workspaces/isaac_ros-dev/install/isaac_ros_visual_slam_interfaces/include/isaac_ros_visual_slam_interfaces/isaac_ros_visual_slam_interfaces/msg
[7.757s] -- Up-to-date: /workspaces/isaac_ros-dev/install/isaac_ros_visual_slam_interfaces/include/isaac_ros_visual_slam_interfaces/isaac_ros_visual_slam_interfaces/msg/rosidl_generator_c__visibility_control.h
[7.757s] -- Up-to-date: /workspaces/isaac_ros-dev/install/isaac_ros_visual_slam_interfaces/include/isaac_ros_visual_slam_interfaces/isaac_ros_visual_slam_interfaces/msg/visual_slam_status.h
[7.757s] -- Up-to-date: /workspaces/isaac_ros-dev/install/isaac_ros_visual_slam_interfaces/include/isaac_ros_visual_slam_interfaces/isaac_ros_visual_slam_interfaces/msg/detail
[7.759s] -- Up-to-date: /workspaces/isaac_ros-dev/install/isaac_ros_visual_slam_interfaces/include/isaac_ros_visual_slam_interfaces/isaac_ros_visual_slam_interfaces/msg/detail/visual_slam_status__functions.c
[7.759s] -- Up-to-date: /workspaces/isaac_ros-dev/install/isaac_ros_visual_slam_interfaces/include/isaac_ros_visual_slam_interfaces/isaac_ros_visual_slam_interfaces/msg/detail/visual_slam_status__type_support.h
[7.760s] -- Up-to-date: /workspaces/isaac_ros-dev/install/isaac_ros_visual_slam_interfaces/include/isaac_ros_visual_slam_interfaces/isaac_ros_visual_slam_interfaces/msg/detail/visual_slam_status__struct.h
[7.761s] -- Up-to-date: /workspaces/isaac_ros-dev/install/isaac_ros_visual_slam_interfaces/include/isaac_ros_visual_slam_interfaces/isaac_ros_visual_slam_interfaces/msg/detail/visual_slam_status__functions.h
[7.762s] -- Up-to-date: /workspaces/isaac_ros-dev/install/isaac_ros_visual_slam_interfaces/share/isaac_ros_visual_slam_interfaces/environment/library_path.sh
[7.764s] -- Up-to-date: /workspaces/isaac_ros-dev/install/isaac_ros_visual_slam_interfaces/share/isaac_ros_visual_slam_interfaces/environment/library_path.dsv
[7.766s] -- Up-to-date: /workspaces/isaac_ros-dev/install/isaac_ros_visual_slam_interfaces/lib/libisaac_ros_visual_slam_interfaces__rosidl_generator_c.so
[7.769s] -- Up-to-date: /workspaces/isaac_ros-dev/install/isaac_ros_visual_slam_interfaces/include/isaac_ros_visual_slam_interfaces/isaac_ros_visual_slam_interfaces
[7.770s] -- Up-to-date: /workspaces/isaac_ros-dev/install/isaac_ros_visual_slam_interfaces/include/isaac_ros_visual_slam_interfaces/isaac_ros_visual_slam_interfaces/action
[7.771s] -- Up-to-date: /workspaces/isaac_ros-dev/install/isaac_ros_visual_slam_interfaces/include/isaac_ros_visual_slam_interfaces/isaac_ros_visual_slam_interfaces/action/detail
[7.772s] -- Up-to-date: /workspaces/isaac_ros-dev/install/isaac_ros_visual_slam_interfaces/include/isaac_ros_visual_slam_interfaces/isaac_ros_visual_slam_interfaces/action/detail/load_map_and_localize__rosidl_typesupport_fastrtps_c.h
[7.773s] -- Up-to-date: /workspaces/isaac_ros-dev/install/isaac_ros_visual_slam_interfaces/include/isaac_ros_visual_slam_interfaces/isaac_ros_visual_slam_interfaces/action/detail/save_map__rosidl_typesupport_fastrtps_c.h
[7.774s] -- Up-to-date: /workspaces/isaac_ros-dev/install/isaac_ros_visual_slam_interfaces/include/isaac_ros_visual_slam_interfaces/isaac_ros_visual_slam_interfaces/srv
[7.775s] -- Up-to-date: /workspaces/isaac_ros-dev/install/isaac_ros_visual_slam_interfaces/include/isaac_ros_visual_slam_interfaces/isaac_ros_visual_slam_interfaces/srv/detail
[7.776s] -- Up-to-date: /workspaces/isaac_ros-dev/install/isaac_ros_visual_slam_interfaces/include/isaac_ros_visual_slam_interfaces/isaac_ros_visual_slam_interfaces/srv/detail/set_odometry_pose__rosidl_typesupport_fastrtps_c.h
[7.777s] -- Up-to-date: /workspaces/isaac_ros-dev/install/isaac_ros_visual_slam_interfaces/include/isaac_ros_visual_slam_interfaces/isaac_ros_visual_slam_interfaces/srv/detail/reset__rosidl_typesupport_fastrtps_c.h
[7.778s] -- Up-to-date: /workspaces/isaac_ros-dev/install/isaac_ros_visual_slam_interfaces/include/isaac_ros_visual_slam_interfaces/isaac_ros_visual_slam_interfaces/srv/detail/get_all_poses__rosidl_typesupport_fastrtps_c.h
[7.779s] -- Up-to-date: /workspaces/isaac_ros-dev/install/isaac_ros_visual_slam_interfaces/include/isaac_ros_visual_slam_interfaces/isaac_ros_visual_slam_interfaces/msg
[7.780s] -- Up-to-date: /workspaces/isaac_ros-dev/install/isaac_ros_visual_slam_interfaces/include/isaac_ros_visual_slam_interfaces/isaac_ros_visual_slam_interfaces/msg/rosidl_typesupport_fastrtps_c__visibility_control.h
[7.780s] -- Up-to-date: /workspaces/isaac_ros-dev/install/isaac_ros_visual_slam_interfaces/include/isaac_ros_visual_slam_interfaces/isaac_ros_visual_slam_interfaces/msg/detail
[7.781s] -- Up-to-date: /workspaces/isaac_ros-dev/install/isaac_ros_visual_slam_interfaces/include/isaac_ros_visual_slam_interfaces/isaac_ros_visual_slam_interfaces/msg/detail/visual_slam_status__rosidl_typesupport_fastrtps_c.h
[7.785s] -- Up-to-date: /workspaces/isaac_ros-dev/install/isaac_ros_visual_slam_interfaces/lib/libisaac_ros_visual_slam_interfaces__rosidl_typesupport_fastrtps_c.so
[7.788s] -- Up-to-date: /workspaces/isaac_ros-dev/install/isaac_ros_visual_slam_interfaces/include/isaac_ros_visual_slam_interfaces/isaac_ros_visual_slam_interfaces
[7.789s] -- Up-to-date: /workspaces/isaac_ros-dev/install/isaac_ros_visual_slam_interfaces/include/isaac_ros_visual_slam_interfaces/isaac_ros_visual_slam_interfaces/action
[7.790s] -- Up-to-date: /workspaces/isaac_ros-dev/install/isaac_ros_visual_slam_interfaces/include/isaac_ros_visual_slam_interfaces/isaac_ros_visual_slam_interfaces/action/detail
[7.791s] -- Up-to-date: /workspaces/isaac_ros-dev/install/isaac_ros_visual_slam_interfaces/include/isaac_ros_visual_slam_interfaces/isaac_ros_visual_slam_interfaces/action/detail/load_map_and_localize__rosidl_typesupport_introspection_c.h
[7.791s] -- Up-to-date: /workspaces/isaac_ros-dev/install/isaac_ros_visual_slam_interfaces/include/isaac_ros_visual_slam_interfaces/isaac_ros_visual_slam_interfaces/action/detail/save_map__rosidl_typesupport_introspection_c.h
[7.792s] -- Up-to-date: /workspaces/isaac_ros-dev/install/isaac_ros_visual_slam_interfaces/include/isaac_ros_visual_slam_interfaces/isaac_ros_visual_slam_interfaces/action/detail/save_map__type_support.c
[7.793s] -- Up-to-date: /workspaces/isaac_ros-dev/install/isaac_ros_visual_slam_interfaces/include/isaac_ros_visual_slam_interfaces/isaac_ros_visual_slam_interfaces/action/detail/load_map_and_localize__type_support.c
[7.794s] -- Up-to-date: /workspaces/isaac_ros-dev/install/isaac_ros_visual_slam_interfaces/include/isaac_ros_visual_slam_interfaces/isaac_ros_visual_slam_interfaces/srv
[7.795s] -- Up-to-date: /workspaces/isaac_ros-dev/install/isaac_ros_visual_slam_interfaces/include/isaac_ros_visual_slam_interfaces/isaac_ros_visual_slam_interfaces/srv/detail
[7.796s] -- Up-to-date: /workspaces/isaac_ros-dev/install/isaac_ros_visual_slam_interfaces/include/isaac_ros_visual_slam_interfaces/isaac_ros_visual_slam_interfaces/srv/detail/reset__rosidl_typesupport_introspection_c.h
[7.797s] -- Up-to-date: /workspaces/isaac_ros-dev/install/isaac_ros_visual_slam_interfaces/include/isaac_ros_visual_slam_interfaces/isaac_ros_visual_slam_interfaces/srv/detail/set_odometry_pose__type_support.c
[7.798s] -- Up-to-date: /workspaces/isaac_ros-dev/install/isaac_ros_visual_slam_interfaces/include/isaac_ros_visual_slam_interfaces/isaac_ros_visual_slam_interfaces/srv/detail/get_all_poses__rosidl_typesupport_introspection_c.h
[7.799s] -- Up-to-date: /workspaces/isaac_ros-dev/install/isaac_ros_visual_slam_interfaces/include/isaac_ros_visual_slam_interfaces/isaac_ros_visual_slam_interfaces/srv/detail/set_odometry_pose__rosidl_typesupport_introspection_c.h
[7.799s] -- Up-to-date: /workspaces/isaac_ros-dev/install/isaac_ros_visual_slam_interfaces/include/isaac_ros_visual_slam_interfaces/isaac_ros_visual_slam_interfaces/srv/detail/get_all_poses__type_support.c
[7.800s] -- Up-to-date: /workspaces/isaac_ros-dev/install/isaac_ros_visual_slam_interfaces/include/isaac_ros_visual_slam_interfaces/isaac_ros_visual_slam_interfaces/srv/detail/reset__type_support.c
[7.801s] -- Up-to-date: /workspaces/isaac_ros-dev/install/isaac_ros_visual_slam_interfaces/include/isaac_ros_visual_slam_interfaces/isaac_ros_visual_slam_interfaces/msg
[7.802s] -- Up-to-date: /workspaces/isaac_ros-dev/install/isaac_ros_visual_slam_interfaces/include/isaac_ros_visual_slam_interfaces/isaac_ros_visual_slam_interfaces/msg/detail
[7.802s] -- Up-to-date: /workspaces/isaac_ros-dev/install/isaac_ros_visual_slam_interfaces/include/isaac_ros_visual_slam_interfaces/isaac_ros_visual_slam_interfaces/msg/detail/visual_slam_status__type_support.c
[7.803s] -- Up-to-date: /workspaces/isaac_ros-dev/install/isaac_ros_visual_slam_interfaces/include/isaac_ros_visual_slam_interfaces/isaac_ros_visual_slam_interfaces/msg/detail/visual_slam_status__rosidl_typesupport_introspection_c.h
[7.804s] -- Up-to-date: /workspaces/isaac_ros-dev/install/isaac_ros_visual_slam_interfaces/include/isaac_ros_visual_slam_interfaces/isaac_ros_visual_slam_interfaces/msg/rosidl_typesupport_introspection_c__visibility_control.h
[7.809s] -- Up-to-date: /workspaces/isaac_ros-dev/install/isaac_ros_visual_slam_interfaces/lib/libisaac_ros_visual_slam_interfaces__rosidl_typesupport_introspection_c.so
[7.812s] -- Up-to-date: /workspaces/isaac_ros-dev/install/isaac_ros_visual_slam_interfaces/lib/libisaac_ros_visual_slam_interfaces__rosidl_typesupport_c.so
[7.814s] -- Up-to-date: /workspaces/isaac_ros-dev/install/isaac_ros_visual_slam_interfaces/include/isaac_ros_visual_slam_interfaces/isaac_ros_visual_slam_interfaces
[7.815s] -- Up-to-date: /workspaces/isaac_ros-dev/install/isaac_ros_visual_slam_interfaces/include/isaac_ros_visual_slam_interfaces/isaac_ros_visual_slam_interfaces/action
[7.816s] -- Up-to-date: /workspaces/isaac_ros-dev/install/isaac_ros_visual_slam_interfaces/include/isaac_ros_visual_slam_interfaces/isaac_ros_visual_slam_interfaces/action/detail
[7.817s] -- Up-to-date: /workspaces/isaac_ros-dev/install/isaac_ros_visual_slam_interfaces/include/isaac_ros_visual_slam_interfaces/isaac_ros_visual_slam_interfaces/action/detail/load_map_and_localize__struct.hpp
[7.817s] -- Up-to-date: /workspaces/isaac_ros-dev/install/isaac_ros_visual_slam_interfaces/include/isaac_ros_visual_slam_interfaces/isaac_ros_visual_slam_interfaces/action/detail/save_map__builder.hpp
[7.819s] -- Up-to-date: /workspaces/isaac_ros-dev/install/isaac_ros_visual_slam_interfaces/include/isaac_ros_visual_slam_interfaces/isaac_ros_visual_slam_interfaces/action/detail/save_map__traits.hpp
[7.819s] -- Up-to-date: /workspaces/isaac_ros-dev/install/isaac_ros_visual_slam_interfaces/include/isaac_ros_visual_slam_interfaces/isaac_ros_visual_slam_interfaces/action/detail/load_map_and_localize__builder.hpp
[7.820s] -- Up-to-date: /workspaces/isaac_ros-dev/install/isaac_ros_visual_slam_interfaces/include/isaac_ros_visual_slam_interfaces/isaac_ros_visual_slam_interfaces/action/detail/save_map__struct.hpp
[7.821s] -- Up-to-date: /workspaces/isaac_ros-dev/install/isaac_ros_visual_slam_interfaces/include/isaac_ros_visual_slam_interfaces/isaac_ros_visual_slam_interfaces/action/detail/load_map_and_localize__traits.hpp
[7.822s] -- Up-to-date: /workspaces/isaac_ros-dev/install/isaac_ros_visual_slam_interfaces/include/isaac_ros_visual_slam_interfaces/isaac_ros_visual_slam_interfaces/action/load_map_and_localize.hpp
[7.823s] -- Up-to-date: /workspaces/isaac_ros-dev/install/isaac_ros_visual_slam_interfaces/include/isaac_ros_visual_slam_interfaces/isaac_ros_visual_slam_interfaces/action/save_map.hpp
[7.824s] -- Up-to-date: /workspaces/isaac_ros-dev/install/isaac_ros_visual_slam_interfaces/include/isaac_ros_visual_slam_interfaces/isaac_ros_visual_slam_interfaces/srv
[7.825s] -- Up-to-date: /workspaces/isaac_ros-dev/install/isaac_ros_visual_slam_interfaces/include/isaac_ros_visual_slam_interfaces/isaac_ros_visual_slam_interfaces/srv/reset.hpp
[7.826s] -- Up-to-date: /workspaces/isaac_ros-dev/install/isaac_ros_visual_slam_interfaces/include/isaac_ros_visual_slam_interfaces/isaac_ros_visual_slam_interfaces/srv/set_odometry_pose.hpp
[7.826s] -- Up-to-date: /workspaces/isaac_ros-dev/install/isaac_ros_visual_slam_interfaces/include/isaac_ros_visual_slam_interfaces/isaac_ros_visual_slam_interfaces/srv/detail
[7.827s] -- Up-to-date: /workspaces/isaac_ros-dev/install/isaac_ros_visual_slam_interfaces/include/isaac_ros_visual_slam_interfaces/isaac_ros_visual_slam_interfaces/srv/detail/reset__traits.hpp
[7.828s] -- Up-to-date: /workspaces/isaac_ros-dev/install/isaac_ros_visual_slam_interfaces/include/isaac_ros_visual_slam_interfaces/isaac_ros_visual_slam_interfaces/srv/detail/get_all_poses__traits.hpp
[7.829s] -- Up-to-date: /workspaces/isaac_ros-dev/install/isaac_ros_visual_slam_interfaces/include/isaac_ros_visual_slam_interfaces/isaac_ros_visual_slam_interfaces/srv/detail/set_odometry_pose__builder.hpp
[7.829s] -- Up-to-date: /workspaces/isaac_ros-dev/install/isaac_ros_visual_slam_interfaces/include/isaac_ros_visual_slam_interfaces/isaac_ros_visual_slam_interfaces/srv/detail/get_all_poses__builder.hpp
[7.831s] -- Up-to-date: /workspaces/isaac_ros-dev/install/isaac_ros_visual_slam_interfaces/include/isaac_ros_visual_slam_interfaces/isaac_ros_visual_slam_interfaces/srv/detail/reset__struct.hpp
[7.832s] -- Up-to-date: /workspaces/isaac_ros-dev/install/isaac_ros_visual_slam_interfaces/include/isaac_ros_visual_slam_interfaces/isaac_ros_visual_slam_interfaces/srv/detail/get_all_poses__struct.hpp
[7.833s] -- Up-to-date: /workspaces/isaac_ros-dev/install/isaac_ros_visual_slam_interfaces/include/isaac_ros_visual_slam_interfaces/isaac_ros_visual_slam_interfaces/srv/detail/reset__builder.hpp
[7.833s] -- Up-to-date: /workspaces/isaac_ros-dev/install/isaac_ros_visual_slam_interfaces/include/isaac_ros_visual_slam_interfaces/isaac_ros_visual_slam_interfaces/srv/detail/set_odometry_pose__traits.hpp
[7.834s] -- Up-to-date: /workspaces/isaac_ros-dev/install/isaac_ros_visual_slam_interfaces/include/isaac_ros_visual_slam_interfaces/isaac_ros_visual_slam_interfaces/srv/detail/set_odometry_pose__struct.hpp
[7.835s] -- Up-to-date: /workspaces/isaac_ros-dev/install/isaac_ros_visual_slam_interfaces/include/isaac_ros_visual_slam_interfaces/isaac_ros_visual_slam_interfaces/srv/get_all_poses.hpp
[7.835s] -- Up-to-date: /workspaces/isaac_ros-dev/install/isaac_ros_visual_slam_interfaces/include/isaac_ros_visual_slam_interfaces/isaac_ros_visual_slam_interfaces/msg
[7.836s] -- Up-to-date: /workspaces/isaac_ros-dev/install/isaac_ros_visual_slam_interfaces/include/isaac_ros_visual_slam_interfaces/isaac_ros_visual_slam_interfaces/msg/visual_slam_status.hpp
[7.837s] -- Up-to-date: /workspaces/isaac_ros-dev/install/isaac_ros_visual_slam_interfaces/include/isaac_ros_visual_slam_interfaces/isaac_ros_visual_slam_interfaces/msg/detail
[7.838s] -- Up-to-date: /workspaces/isaac_ros-dev/install/isaac_ros_visual_slam_interfaces/include/isaac_ros_visual_slam_interfaces/isaac_ros_visual_slam_interfaces/msg/detail/visual_slam_status__traits.hpp
[7.838s] -- Up-to-date: /workspaces/isaac_ros-dev/install/isaac_ros_visual_slam_interfaces/include/isaac_ros_visual_slam_interfaces/isaac_ros_visual_slam_interfaces/msg/detail/visual_slam_status__struct.hpp
[7.839s] -- Up-to-date: /workspaces/isaac_ros-dev/install/isaac_ros_visual_slam_interfaces/include/isaac_ros_visual_slam_interfaces/isaac_ros_visual_slam_interfaces/msg/detail/visual_slam_status__builder.hpp
[7.841s] -- Up-to-date: /workspaces/isaac_ros-dev/install/isaac_ros_visual_slam_interfaces/include/isaac_ros_visual_slam_interfaces/isaac_ros_visual_slam_interfaces
[7.842s] -- Up-to-date: /workspaces/isaac_ros-dev/install/isaac_ros_visual_slam_interfaces/include/isaac_ros_visual_slam_interfaces/isaac_ros_visual_slam_interfaces/action
[7.843s] -- Up-to-date: /workspaces/isaac_ros-dev/install/isaac_ros_visual_slam_interfaces/include/isaac_ros_visual_slam_interfaces/isaac_ros_visual_slam_interfaces/action/detail
[7.846s] -- Up-to-date: /workspaces/isaac_ros-dev/install/isaac_ros_visual_slam_interfaces/include/isaac_ros_visual_slam_interfaces/isaac_ros_visual_slam_interfaces/action/detail/load_map_and_localize__rosidl_typesupport_fastrtps_cpp.hpp
[7.847s] -- Up-to-date: /workspaces/isaac_ros-dev/install/isaac_ros_visual_slam_interfaces/include/isaac_ros_visual_slam_interfaces/isaac_ros_visual_slam_interfaces/action/detail/save_map__rosidl_typesupport_fastrtps_cpp.hpp
[7.847s] -- Up-to-date: /workspaces/isaac_ros-dev/install/isaac_ros_visual_slam_interfaces/include/isaac_ros_visual_slam_interfaces/isaac_ros_visual_slam_interfaces/action/detail/dds_fastrtps
[7.849s] -- Up-to-date: /workspaces/isaac_ros-dev/install/isaac_ros_visual_slam_interfaces/include/isaac_ros_visual_slam_interfaces/isaac_ros_visual_slam_interfaces/srv
[7.849s] -- Up-to-date: /workspaces/isaac_ros-dev/install/isaac_ros_visual_slam_interfaces/include/isaac_ros_visual_slam_interfaces/isaac_ros_visual_slam_interfaces/srv/detail
[7.850s] -- Up-to-date: /workspaces/isaac_ros-dev/install/isaac_ros_visual_slam_interfaces/include/isaac_ros_visual_slam_interfaces/isaac_ros_visual_slam_interfaces/srv/detail/reset__rosidl_typesupport_fastrtps_cpp.hpp
[7.851s] -- Up-to-date: /workspaces/isaac_ros-dev/install/isaac_ros_visual_slam_interfaces/include/isaac_ros_visual_slam_interfaces/isaac_ros_visual_slam_interfaces/srv/detail/set_odometry_pose__rosidl_typesupport_fastrtps_cpp.hpp
[7.852s] -- Up-to-date: /workspaces/isaac_ros-dev/install/isaac_ros_visual_slam_interfaces/include/isaac_ros_visual_slam_interfaces/isaac_ros_visual_slam_interfaces/srv/detail/dds_fastrtps
[7.852s] -- Up-to-date: /workspaces/isaac_ros-dev/install/isaac_ros_visual_slam_interfaces/include/isaac_ros_visual_slam_interfaces/isaac_ros_visual_slam_interfaces/srv/detail/get_all_poses__rosidl_typesupport_fastrtps_cpp.hpp
[7.853s] -- Up-to-date: /workspaces/isaac_ros-dev/install/isaac_ros_visual_slam_interfaces/include/isaac_ros_visual_slam_interfaces/isaac_ros_visual_slam_interfaces/msg
[7.854s] -- Up-to-date: /workspaces/isaac_ros-dev/install/isaac_ros_visual_slam_interfaces/include/isaac_ros_visual_slam_interfaces/isaac_ros_visual_slam_interfaces/msg/rosidl_typesupport_fastrtps_cpp__visibility_control.h
[7.855s] -- Up-to-date: /workspaces/isaac_ros-dev/install/isaac_ros_visual_slam_interfaces/include/isaac_ros_visual_slam_interfaces/isaac_ros_visual_slam_interfaces/msg/detail
[7.858s] -- Up-to-date: /workspaces/isaac_ros-dev/install/isaac_ros_visual_slam_interfaces/include/isaac_ros_visual_slam_interfaces/isaac_ros_visual_slam_interfaces/msg/detail/visual_slam_status__rosidl_typesupport_fastrtps_cpp.hpp
[7.860s] -- Up-to-date: /workspaces/isaac_ros-dev/install/isaac_ros_visual_slam_interfaces/include/isaac_ros_visual_slam_interfaces/isaac_ros_visual_slam_interfaces/msg/detail/dds_fastrtps
[7.860s] -- Up-to-date: /workspaces/isaac_ros-dev/install/isaac_ros_visual_slam_interfaces/lib/libisaac_ros_visual_slam_interfaces__rosidl_typesupport_fastrtps_cpp.so
[7.862s] -- Up-to-date: /workspaces/isaac_ros-dev/install/isaac_ros_visual_slam_interfaces/include/isaac_ros_visual_slam_interfaces/isaac_ros_visual_slam_interfaces
[7.863s] -- Up-to-date: /workspaces/isaac_ros-dev/install/isaac_ros_visual_slam_interfaces/include/isaac_ros_visual_slam_interfaces/isaac_ros_visual_slam_interfaces/action
[7.864s] -- Up-to-date: /workspaces/isaac_ros-dev/install/isaac_ros_visual_slam_interfaces/include/isaac_ros_visual_slam_interfaces/isaac_ros_visual_slam_interfaces/action/detail
[7.865s] -- Up-to-date: /workspaces/isaac_ros-dev/install/isaac_ros_visual_slam_interfaces/include/isaac_ros_visual_slam_interfaces/isaac_ros_visual_slam_interfaces/action/detail/load_map_and_localize__rosidl_typesupport_introspection_cpp.hpp
[7.867s] -- Up-to-date: /workspaces/isaac_ros-dev/install/isaac_ros_visual_slam_interfaces/include/isaac_ros_visual_slam_interfaces/isaac_ros_visual_slam_interfaces/action/detail/save_map__rosidl_typesupport_introspection_cpp.hpp
[7.869s] -- Up-to-date: /workspaces/isaac_ros-dev/install/isaac_ros_visual_slam_interfaces/include/isaac_ros_visual_slam_interfaces/isaac_ros_visual_slam_interfaces/action/detail/save_map__type_support.cpp
[7.869s] -- Up-to-date: /workspaces/isaac_ros-dev/install/isaac_ros_visual_slam_interfaces/include/isaac_ros_visual_slam_interfaces/isaac_ros_visual_slam_interfaces/action/detail/load_map_and_localize__type_support.cpp
[7.869s] -- Up-to-date: /workspaces/isaac_ros-dev/install/isaac_ros_visual_slam_interfaces/include/isaac_ros_visual_slam_interfaces/isaac_ros_visual_slam_interfaces/srv
[7.870s] -- Up-to-date: /workspaces/isaac_ros-dev/install/isaac_ros_visual_slam_interfaces/include/isaac_ros_visual_slam_interfaces/isaac_ros_visual_slam_interfaces/srv/detail
[7.870s] -- Up-to-date: /workspaces/isaac_ros-dev/install/isaac_ros_visual_slam_interfaces/include/isaac_ros_visual_slam_interfaces/isaac_ros_visual_slam_interfaces/srv/detail/set_odometry_pose__type_support.cpp
[7.872s] -- Up-to-date: /workspaces/isaac_ros-dev/install/isaac_ros_visual_slam_interfaces/include/isaac_ros_visual_slam_interfaces/isaac_ros_visual_slam_interfaces/srv/detail/reset__type_support.cpp
[7.872s] -- Up-to-date: /workspaces/isaac_ros-dev/install/isaac_ros_visual_slam_interfaces/include/isaac_ros_visual_slam_interfaces/isaac_ros_visual_slam_interfaces/srv/detail/get_all_poses__rosidl_typesupport_introspection_cpp.hpp
[7.873s] -- Up-to-date: /workspaces/isaac_ros-dev/install/isaac_ros_visual_slam_interfaces/include/isaac_ros_visual_slam_interfaces/isaac_ros_visual_slam_interfaces/srv/detail/get_all_poses__type_support.cpp
[7.873s] -- Up-to-date: /workspaces/isaac_ros-dev/install/isaac_ros_visual_slam_interfaces/include/isaac_ros_visual_slam_interfaces/isaac_ros_visual_slam_interfaces/srv/detail/reset__rosidl_typesupport_introspection_cpp.hpp
[7.873s] -- Up-to-date: /workspaces/isaac_ros-dev/install/isaac_ros_visual_slam_interfaces/include/isaac_ros_visual_slam_interfaces/isaac_ros_visual_slam_interfaces/srv/detail/set_odometry_pose__rosidl_typesupport_introspection_cpp.hpp
[7.873s] -- Up-to-date: /workspaces/isaac_ros-dev/install/isaac_ros_visual_slam_interfaces/include/isaac_ros_visual_slam_interfaces/isaac_ros_visual_slam_interfaces/msg
[7.876s] -- Up-to-date: /workspaces/isaac_ros-dev/install/isaac_ros_visual_slam_interfaces/include/isaac_ros_visual_slam_interfaces/isaac_ros_visual_slam_interfaces/msg/detail
[7.883s] -- Up-to-date: /workspaces/isaac_ros-dev/install/isaac_ros_visual_slam_interfaces/include/isaac_ros_visual_slam_interfaces/isaac_ros_visual_slam_interfaces/msg/detail/visual_slam_status__type_support.cpp
[7.883s] -- Up-to-date: /workspaces/isaac_ros-dev/install/isaac_ros_visual_slam_interfaces/include/isaac_ros_visual_slam_interfaces/isaac_ros_visual_slam_interfaces/msg/detail/visual_slam_status__rosidl_typesupport_introspection_cpp.hpp
[7.883s] -- Up-to-date: /workspaces/isaac_ros-dev/install/isaac_ros_visual_slam_interfaces/lib/libisaac_ros_visual_slam_interfaces__rosidl_typesupport_introspection_cpp.so
[7.884s] -- Up-to-date: /workspaces/isaac_ros-dev/install/isaac_ros_visual_slam_interfaces/lib/libisaac_ros_visual_slam_interfaces__rosidl_typesupport_cpp.so
[7.884s] -- Up-to-date: /workspaces/isaac_ros-dev/install/isaac_ros_visual_slam_interfaces/share/isaac_ros_visual_slam_interfaces/environment/pythonpath.sh
[7.885s] -- Up-to-date: /workspaces/isaac_ros-dev/install/isaac_ros_visual_slam_interfaces/share/isaac_ros_visual_slam_interfaces/environment/pythonpath.dsv
[7.886s] -- Up-to-date: /workspaces/isaac_ros-dev/install/isaac_ros_visual_slam_interfaces/lib/python3.8/site-packages/isaac_ros_visual_slam_interfaces-0.11.0-py3.8.egg-info
[7.886s] -- Installing: /workspaces/isaac_ros-dev/install/isaac_ros_visual_slam_interfaces/lib/python3.8/site-packages/isaac_ros_visual_slam_interfaces-0.11.0-py3.8.egg-info/top_level.txt
[7.888s] -- Installing: /workspaces/isaac_ros-dev/install/isaac_ros_visual_slam_interfaces/lib/python3.8/site-packages/isaac_ros_visual_slam_interfaces-0.11.0-py3.8.egg-info/dependency_links.txt
[7.889s] -- Installing: /workspaces/isaac_ros-dev/install/isaac_ros_visual_slam_interfaces/lib/python3.8/site-packages/isaac_ros_visual_slam_interfaces-0.11.0-py3.8.egg-info/SOURCES.txt
[7.891s] -- Installing: /workspaces/isaac_ros-dev/install/isaac_ros_visual_slam_interfaces/lib/python3.8/site-packages/isaac_ros_visual_slam_interfaces-0.11.0-py3.8.egg-info/PKG-INFO
[7.894s] -- Up-to-date: /workspaces/isaac_ros-dev/install/isaac_ros_visual_slam_interfaces/lib/python3.8/site-packages/isaac_ros_visual_slam_interfaces
[7.894s] -- Up-to-date: /workspaces/isaac_ros-dev/install/isaac_ros_visual_slam_interfaces/lib/python3.8/site-packages/isaac_ros_visual_slam_interfaces/action
[7.894s] -- Up-to-date: /workspaces/isaac_ros-dev/install/isaac_ros_visual_slam_interfaces/lib/python3.8/site-packages/isaac_ros_visual_slam_interfaces/action/_load_map_and_localize.py
[7.895s] -- Up-to-date: /workspaces/isaac_ros-dev/install/isaac_ros_visual_slam_interfaces/lib/python3.8/site-packages/isaac_ros_visual_slam_interfaces/action/__init__.py
[7.896s] -- Up-to-date: /workspaces/isaac_ros-dev/install/isaac_ros_visual_slam_interfaces/lib/python3.8/site-packages/isaac_ros_visual_slam_interfaces/action/_load_map_and_localize_s.c
[7.896s] -- Up-to-date: /workspaces/isaac_ros-dev/install/isaac_ros_visual_slam_interfaces/lib/python3.8/site-packages/isaac_ros_visual_slam_interfaces/action/_save_map.py
[7.897s] -- Up-to-date: /workspaces/isaac_ros-dev/install/isaac_ros_visual_slam_interfaces/lib/python3.8/site-packages/isaac_ros_visual_slam_interfaces/action/_save_map_s.c
[7.898s] -- Up-to-date: /workspaces/isaac_ros-dev/install/isaac_ros_visual_slam_interfaces/lib/python3.8/site-packages/isaac_ros_visual_slam_interfaces/__init__.py
[7.898s] -- Up-to-date: /workspaces/isaac_ros-dev/install/isaac_ros_visual_slam_interfaces/lib/python3.8/site-packages/isaac_ros_visual_slam_interfaces/isaac_ros_visual_slam_interfaces_s__rosidl_typesupport_fastrtps_c.cpython-38-aarch64-linux-gnu.so
[7.900s] -- Up-to-date: /workspaces/isaac_ros-dev/install/isaac_ros_visual_slam_interfaces/lib/python3.8/site-packages/isaac_ros_visual_slam_interfaces/isaac_ros_visual_slam_interfaces_s__rosidl_typesupport_c.cpython-38-aarch64-linux-gnu.so
[7.901s] -- Up-to-date: /workspaces/isaac_ros-dev/install/isaac_ros_visual_slam_interfaces/lib/python3.8/site-packages/isaac_ros_visual_slam_interfaces/_isaac_ros_visual_slam_interfaces_s.ep.rosidl_typesupport_introspection_c.c
[7.902s] -- Up-to-date: /workspaces/isaac_ros-dev/install/isaac_ros_visual_slam_interfaces/lib/python3.8/site-packages/isaac_ros_visual_slam_interfaces/srv
[7.902s] -- Up-to-date: /workspaces/isaac_ros-dev/install/isaac_ros_visual_slam_interfaces/lib/python3.8/site-packages/isaac_ros_visual_slam_interfaces/srv/__init__.py
[7.903s] -- Up-to-date: /workspaces/isaac_ros-dev/install/isaac_ros_visual_slam_interfaces/lib/python3.8/site-packages/isaac_ros_visual_slam_interfaces/srv/_get_all_poses_s.c
[7.904s] -- Up-to-date: /workspaces/isaac_ros-dev/install/isaac_ros_visual_slam_interfaces/lib/python3.8/site-packages/isaac_ros_visual_slam_interfaces/srv/_reset.py
[7.905s] -- Up-to-date: /workspaces/isaac_ros-dev/install/isaac_ros_visual_slam_interfaces/lib/python3.8/site-packages/isaac_ros_visual_slam_interfaces/srv/_set_odometry_pose_s.c
[7.905s] -- Up-to-date: /workspaces/isaac_ros-dev/install/isaac_ros_visual_slam_interfaces/lib/python3.8/site-packages/isaac_ros_visual_slam_interfaces/srv/_reset_s.c
[7.906s] -- Up-to-date: /workspaces/isaac_ros-dev/install/isaac_ros_visual_slam_interfaces/lib/python3.8/site-packages/isaac_ros_visual_slam_interfaces/srv/_set_odometry_pose.py
[7.907s] -- Up-to-date: /workspaces/isaac_ros-dev/install/isaac_ros_visual_slam_interfaces/lib/python3.8/site-packages/isaac_ros_visual_slam_interfaces/srv/_get_all_poses.py
[7.908s] -- Up-to-date: /workspaces/isaac_ros-dev/install/isaac_ros_visual_slam_interfaces/lib/python3.8/site-packages/isaac_ros_visual_slam_interfaces/msg
[7.908s] -- Up-to-date: /workspaces/isaac_ros-dev/install/isaac_ros_visual_slam_interfaces/lib/python3.8/site-packages/isaac_ros_visual_slam_interfaces/msg/__init__.py
[7.909s] -- Up-to-date: /workspaces/isaac_ros-dev/install/isaac_ros_visual_slam_interfaces/lib/python3.8/site-packages/isaac_ros_visual_slam_interfaces/msg/_visual_slam_status_s.c
[7.912s] -- Up-to-date: /workspaces/isaac_ros-dev/install/isaac_ros_visual_slam_interfaces/lib/python3.8/site-packages/isaac_ros_visual_slam_interfaces/msg/_visual_slam_status.py
[7.912s] -- Up-to-date: /workspaces/isaac_ros-dev/install/isaac_ros_visual_slam_interfaces/lib/python3.8/site-packages/isaac_ros_visual_slam_interfaces/_isaac_ros_visual_slam_interfaces_s.ep.rosidl_typesupport_fastrtps_c.c
[7.913s] -- Up-to-date: /workspaces/isaac_ros-dev/install/isaac_ros_visual_slam_interfaces/lib/python3.8/site-packages/isaac_ros_visual_slam_interfaces/_isaac_ros_visual_slam_interfaces_s.ep.rosidl_typesupport_c.c
[7.913s] -- Up-to-date: /workspaces/isaac_ros-dev/install/isaac_ros_visual_slam_interfaces/lib/python3.8/site-packages/isaac_ros_visual_slam_interfaces/isaac_ros_visual_slam_interfaces_s__rosidl_typesupport_introspection_c.cpython-38-aarch64-linux-gnu.so
[7.913s] -- Up-to-date: /workspaces/isaac_ros-dev/install/isaac_ros_visual_slam_interfaces/lib/python3.8/site-packages/isaac_ros_visual_slam_interfaces/libisaac_ros_visual_slam_interfaces__rosidl_generator_py.so
[8.127s] Listing '/workspaces/isaac_ros-dev/install/isaac_ros_visual_slam_interfaces/lib/python3.8/site-packages/isaac_ros_visual_slam_interfaces'...
[8.127s] Listing '/workspaces/isaac_ros-dev/install/isaac_ros_visual_slam_interfaces/lib/python3.8/site-packages/isaac_ros_visual_slam_interfaces/action'...
[8.127s] Listing '/workspaces/isaac_ros-dev/install/isaac_ros_visual_slam_interfaces/lib/python3.8/site-packages/isaac_ros_visual_slam_interfaces/msg'...
[8.128s] Listing '/workspaces/isaac_ros-dev/install/isaac_ros_visual_slam_interfaces/lib/python3.8/site-packages/isaac_ros_visual_slam_interfaces/srv'...
[8.145s] -- Up-to-date: /workspaces/isaac_ros-dev/install/isaac_ros_visual_slam_interfaces/lib/python3.8/site-packages/isaac_ros_visual_slam_interfaces/isaac_ros_visual_slam_interfaces_s__rosidl_typesupport_fastrtps_c.cpython-38-aarch64-linux-gnu.so
[8.147s] -- Up-to-date: /workspaces/isaac_ros-dev/install/isaac_ros_visual_slam_interfaces/lib/python3.8/site-packages/isaac_ros_visual_slam_interfaces/isaac_ros_visual_slam_interfaces_s__rosidl_typesupport_introspection_c.cpython-38-aarch64-linux-gnu.so
[8.149s] -- Up-to-date: /workspaces/isaac_ros-dev/install/isaac_ros_visual_slam_interfaces/lib/python3.8/site-packages/isaac_ros_visual_slam_interfaces/isaac_ros_visual_slam_interfaces_s__rosidl_typesupport_c.cpython-38-aarch64-linux-gnu.so
[8.152s] -- Up-to-date: /workspaces/isaac_ros-dev/install/isaac_ros_visual_slam_interfaces/lib/libisaac_ros_visual_slam_interfaces__rosidl_generator_py.so
[8.153s] -- Up-to-date: /workspaces/isaac_ros-dev/install/isaac_ros_visual_slam_interfaces/share/isaac_ros_visual_slam_interfaces/msg/VisualSlamStatus.idl
[8.153s] -- Up-to-date: /workspaces/isaac_ros-dev/install/isaac_ros_visual_slam_interfaces/share/isaac_ros_visual_slam_interfaces/srv/GetAllPoses.idl
[8.154s] -- Up-to-date: /workspaces/isaac_ros-dev/install/isaac_ros_visual_slam_interfaces/share/isaac_ros_visual_slam_interfaces/srv/Reset.idl
[8.154s] -- Up-to-date: /workspaces/isaac_ros-dev/install/isaac_ros_visual_slam_interfaces/share/isaac_ros_visual_slam_interfaces/srv/SetOdometryPose.idl
[8.154s] -- Up-to-date: /workspaces/isaac_ros-dev/install/isaac_ros_visual_slam_interfaces/share/isaac_ros_visual_slam_interfaces/action/LoadMapAndLocalize.idl
[8.155s] -- Up-to-date: /workspaces/isaac_ros-dev/install/isaac_ros_visual_slam_interfaces/share/isaac_ros_visual_slam_interfaces/action/SaveMap.idl
[8.155s] -- Up-to-date: /workspaces/isaac_ros-dev/install/isaac_ros_visual_slam_interfaces/share/isaac_ros_visual_slam_interfaces/msg/VisualSlamStatus.msg
[8.156s] -- Up-to-date: /workspaces/isaac_ros-dev/install/isaac_ros_visual_slam_interfaces/share/isaac_ros_visual_slam_interfaces/srv/GetAllPoses.srv
[8.156s] -- Up-to-date: /workspaces/isaac_ros-dev/install/isaac_ros_visual_slam_interfaces/share/isaac_ros_visual_slam_interfaces/srv/GetAllPoses_Request.msg
[8.156s] -- Up-to-date: /workspaces/isaac_ros-dev/install/isaac_ros_visual_slam_interfaces/share/isaac_ros_visual_slam_interfaces/srv/GetAllPoses_Response.msg
[8.157s] -- Up-to-date: /workspaces/isaac_ros-dev/install/isaac_ros_visual_slam_interfaces/share/isaac_ros_visual_slam_interfaces/srv/Reset.srv
[8.157s] -- Up-to-date: /workspaces/isaac_ros-dev/install/isaac_ros_visual_slam_interfaces/share/isaac_ros_visual_slam_interfaces/srv/Reset_Request.msg
[8.158s] -- Up-to-date: /workspaces/isaac_ros-dev/install/isaac_ros_visual_slam_interfaces/share/isaac_ros_visual_slam_interfaces/srv/Reset_Response.msg
[8.158s] -- Up-to-date: /workspaces/isaac_ros-dev/install/isaac_ros_visual_slam_interfaces/share/isaac_ros_visual_slam_interfaces/srv/SetOdometryPose.srv
[8.158s] -- Up-to-date: /workspaces/isaac_ros-dev/install/isaac_ros_visual_slam_interfaces/share/isaac_ros_visual_slam_interfaces/srv/SetOdometryPose_Request.msg
[8.158s] -- Up-to-date: /workspaces/isaac_ros-dev/install/isaac_ros_visual_slam_interfaces/share/isaac_ros_visual_slam_interfaces/srv/SetOdometryPose_Response.msg
[8.159s] -- Up-to-date: /workspaces/isaac_ros-dev/install/isaac_ros_visual_slam_interfaces/share/isaac_ros_visual_slam_interfaces/action/LoadMapAndLocalize.action
[8.159s] -- Up-to-date: /workspaces/isaac_ros-dev/install/isaac_ros_visual_slam_interfaces/share/isaac_ros_visual_slam_interfaces/action/SaveMap.action
[8.160s] -- Up-to-date: /workspaces/isaac_ros-dev/install/isaac_ros_visual_slam_interfaces/share/ament_index/resource_index/package_run_dependencies/isaac_ros_visual_slam_interfaces
[8.161s] -- Up-to-date: /workspaces/isaac_ros-dev/install/isaac_ros_visual_slam_interfaces/share/ament_index/resource_index/parent_prefix_path/isaac_ros_visual_slam_interfaces
[8.161s] -- Up-to-date: /workspaces/isaac_ros-dev/install/isaac_ros_visual_slam_interfaces/share/isaac_ros_visual_slam_interfaces/environment/ament_prefix_path.sh
[8.161s] -- Up-to-date: /workspaces/isaac_ros-dev/install/isaac_ros_visual_slam_interfaces/share/isaac_ros_visual_slam_interfaces/environment/ament_prefix_path.dsv
[8.162s] -- Up-to-date: /workspaces/isaac_ros-dev/install/isaac_ros_visual_slam_interfaces/share/isaac_ros_visual_slam_interfaces/environment/path.sh
[8.162s] -- Up-to-date: /workspaces/isaac_ros-dev/install/isaac_ros_visual_slam_interfaces/share/isaac_ros_visual_slam_interfaces/environment/path.dsv
[8.162s] -- Up-to-date: /workspaces/isaac_ros-dev/install/isaac_ros_visual_slam_interfaces/share/isaac_ros_visual_slam_interfaces/local_setup.bash
[8.163s] -- Up-to-date: /workspaces/isaac_ros-dev/install/isaac_ros_visual_slam_interfaces/share/isaac_ros_visual_slam_interfaces/local_setup.sh
[8.163s] -- Up-to-date: /workspaces/isaac_ros-dev/install/isaac_ros_visual_slam_interfaces/share/isaac_ros_visual_slam_interfaces/local_setup.zsh
[8.164s] -- Up-to-date: /workspaces/isaac_ros-dev/install/isaac_ros_visual_slam_interfaces/share/isaac_ros_visual_slam_interfaces/local_setup.dsv
[8.164s] -- Installing: /workspaces/isaac_ros-dev/install/isaac_ros_visual_slam_interfaces/share/isaac_ros_visual_slam_interfaces/package.dsv
[8.165s] -- Up-to-date: /workspaces/isaac_ros-dev/install/isaac_ros_visual_slam_interfaces/share/ament_index/resource_index/packages/isaac_ros_visual_slam_interfaces
[8.166s] -- Up-to-date: /workspaces/isaac_ros-dev/install/isaac_ros_visual_slam_interfaces/share/isaac_ros_visual_slam_interfaces/cmake/export_isaac_ros_visual_slam_interfaces__rosidl_generator_cExport.cmake
[8.166s] -- Up-to-date: /workspaces/isaac_ros-dev/install/isaac_ros_visual_slam_interfaces/share/isaac_ros_visual_slam_interfaces/cmake/export_isaac_ros_visual_slam_interfaces__rosidl_generator_cExport-release.cmake
[8.167s] -- Up-to-date: /workspaces/isaac_ros-dev/install/isaac_ros_visual_slam_interfaces/share/isaac_ros_visual_slam_interfaces/cmake/export_isaac_ros_visual_slam_interfaces__rosidl_typesupport_fastrtps_cExport.cmake
[8.167s] -- Up-to-date: /workspaces/isaac_ros-dev/install/isaac_ros_visual_slam_interfaces/share/isaac_ros_visual_slam_interfaces/cmake/export_isaac_ros_visual_slam_interfaces__rosidl_typesupport_fastrtps_cExport-release.cmake
[8.168s] -- Up-to-date: /workspaces/isaac_ros-dev/install/isaac_ros_visual_slam_interfaces/share/isaac_ros_visual_slam_interfaces/cmake/isaac_ros_visual_slam_interfaces__rosidl_typesupport_introspection_cExport.cmake
[8.168s] -- Up-to-date: /workspaces/isaac_ros-dev/install/isaac_ros_visual_slam_interfaces/share/isaac_ros_visual_slam_interfaces/cmake/isaac_ros_visual_slam_interfaces__rosidl_typesupport_introspection_cExport-release.cmake
[8.168s] -- Up-to-date: /workspaces/isaac_ros-dev/install/isaac_ros_visual_slam_interfaces/share/isaac_ros_visual_slam_interfaces/cmake/isaac_ros_visual_slam_interfaces__rosidl_typesupport_cExport.cmake
[8.169s] -- Up-to-date: /workspaces/isaac_ros-dev/install/isaac_ros_visual_slam_interfaces/share/isaac_ros_visual_slam_interfaces/cmake/isaac_ros_visual_slam_interfaces__rosidl_typesupport_cExport-release.cmake
[8.205s] -- Up-to-date: /workspaces/isaac_ros-dev/install/isaac_ros_visual_slam_interfaces/share/isaac_ros_visual_slam_interfaces/cmake/export_isaac_ros_visual_slam_interfaces__rosidl_generator_cppExport.cmake
[8.205s] -- Up-to-date: /workspaces/isaac_ros-dev/install/isaac_ros_visual_slam_interfaces/share/isaac_ros_visual_slam_interfaces/cmake/export_isaac_ros_visual_slam_interfaces__rosidl_typesupport_fastrtps_cppExport.cmake
[8.206s] -- Up-to-date: /workspaces/isaac_ros-dev/install/isaac_ros_visual_slam_interfaces/share/isaac_ros_visual_slam_interfaces/cmake/export_isaac_ros_visual_slam_interfaces__rosidl_typesupport_fastrtps_cppExport-release.cmake
[8.206s] -- Up-to-date: /workspaces/isaac_ros-dev/install/isaac_ros_visual_slam_interfaces/share/isaac_ros_visual_slam_interfaces/cmake/isaac_ros_visual_slam_interfaces__rosidl_typesupport_introspection_cppExport.cmake
[8.206s] -- Up-to-date: /workspaces/isaac_ros-dev/install/isaac_ros_visual_slam_interfaces/share/isaac_ros_visual_slam_interfaces/cmake/isaac_ros_visual_slam_interfaces__rosidl_typesupport_introspection_cppExport-release.cmake
[8.207s] -- Up-to-date: /workspaces/isaac_ros-dev/install/isaac_ros_visual_slam_interfaces/share/isaac_ros_visual_slam_interfaces/cmake/isaac_ros_visual_slam_interfaces__rosidl_typesupport_cppExport.cmake
[8.207s] -- Up-to-date: /workspaces/isaac_ros-dev/install/isaac_ros_visual_slam_interfaces/share/isaac_ros_visual_slam_interfaces/cmake/isaac_ros_visual_slam_interfaces__rosidl_typesupport_cppExport-release.cmake
[8.207s] -- Up-to-date: /workspaces/isaac_ros-dev/install/isaac_ros_visual_slam_interfaces/share/isaac_ros_visual_slam_interfaces/cmake/export_isaac_ros_visual_slam_interfaces__rosidl_generator_pyExport.cmake
[8.208s] -- Up-to-date: /workspaces/isaac_ros-dev/install/isaac_ros_visual_slam_interfaces/share/isaac_ros_visual_slam_interfaces/cmake/export_isaac_ros_visual_slam_interfaces__rosidl_generator_pyExport-release.cmake
[8.208s] -- Up-to-date: /workspaces/isaac_ros-dev/install/isaac_ros_visual_slam_interfaces/share/isaac_ros_visual_slam_interfaces/cmake/rosidl_cmake-extras.cmake
[8.208s] -- Up-to-date: /workspaces/isaac_ros-dev/install/isaac_ros_visual_slam_interfaces/share/isaac_ros_visual_slam_interfaces/cmake/ament_cmake_export_dependencies-extras.cmake
[8.208s] -- Up-to-date: /workspaces/isaac_ros-dev/install/isaac_ros_visual_slam_interfaces/share/isaac_ros_visual_slam_interfaces/cmake/ament_cmake_export_include_directories-extras.cmake
[8.209s] -- Up-to-date: /workspaces/isaac_ros-dev/install/isaac_ros_visual_slam_interfaces/share/isaac_ros_visual_slam_interfaces/cmake/ament_cmake_export_libraries-extras.cmake
[8.209s] -- Up-to-date: /workspaces/isaac_ros-dev/install/isaac_ros_visual_slam_interfaces/share/isaac_ros_visual_slam_interfaces/cmake/ament_cmake_export_targets-extras.cmake
[8.210s] -- Up-to-date: /workspaces/isaac_ros-dev/install/isaac_ros_visual_slam_interfaces/share/isaac_ros_visual_slam_interfaces/cmake/rosidl_cmake_export_typesupport_targets-extras.cmake
[8.210s] -- Up-to-date: /workspaces/isaac_ros-dev/install/isaac_ros_visual_slam_interfaces/share/isaac_ros_visual_slam_interfaces/cmake/rosidl_cmake_export_typesupport_libraries-extras.cmake
[8.210s] -- Up-to-date: /workspaces/isaac_ros-dev/install/isaac_ros_visual_slam_interfaces/share/isaac_ros_visual_slam_interfaces/cmake/isaac_ros_visual_slam_interfacesConfig.cmake
[8.216s] -- Up-to-date: /workspaces/isaac_ros-dev/install/isaac_ros_visual_slam_interfaces/share/isaac_ros_visual_slam_interfaces/cmake/isaac_ros_visual_slam_interfacesConfig-version.cmake
[8.216s] -- Up-to-date: /workspaces/isaac_ros-dev/install/isaac_ros_visual_slam_interfaces/share/isaac_ros_visual_slam_interfaces/package.xml
[8.217s] Invoked command in '/workspaces/isaac_ros-dev/build/isaac_ros_visual_slam_interfaces' returned '0': CMAKE_PREFIX_PATH=/workspaces/isaac_ros-dev/install/yolov8_bringup:/workspaces/isaac_ros-dev/install/multisense_ros:/workspaces/isaac_ros-dev/install/xacro:/workspaces/isaac_ros-dev/install/vision_msgs_rviz_plugins:/workspaces/isaac_ros-dev/install/vision_msgs:/workspaces/isaac_ros-dev/install/velodyne:/workspaces/isaac_ros-dev/install/velodyne_pointcloud:/workspaces/isaac_ros-dev/install/velodyne_driver:/workspaces/isaac_ros-dev/install/velodyne_msgs:/workspaces/isaac_ros-dev/install/velodyne_laserscan:/workspaces/isaac_ros-dev/install/vectornav:/workspaces/isaac_ros-dev/install/sdv_localization:/workspaces/isaac_ros-dev/install/vectornav_msgs:/workspaces/isaac_ros-dev/install/slam_toolbox:/workspaces/isaac_ros-dev/install/sdv_msg:/workspaces/isaac_ros-dev/install/sdv_localization_msgs:/workspaces/isaac_ros-dev/install/pointcloud_to_laserscan:/workspaces/isaac_ros-dev/install/my_package:/workspaces/isaac_ros-dev/install/multisense_msgs:/workspaces/isaac_ros-dev/install/multisense_lib:/workspaces/isaac_ros-dev/install/isaac_ros_visual_slam:/workspaces/isaac_ros-dev/install/isaac_ros_visual_slam_interfaces:/workspaces/isaac_ros-dev/install/isaac_ros_tensor_list_interfaces:/workspaces/isaac_ros-dev/install/isaac_ros_common:/workspaces/isaac_ros-dev/install/isaac_ros_bi3d_interfaces:/workspaces/isaac_ros-dev/install/isaac_ros_apriltag_interfaces:/workspaces/isaac_ros-dev/install/yolov8_ros:/workspaces/isaac_ros-dev/install/xbox_controller:/workspaces/isaac_ros-dev/install/panel:/workspaces/isaac_ros-dev/install/isaac_ros_test:/workspaces/isaac_ros-dev/install/encoder:/opt/ros/humble/install /usr/bin/cmake --install /workspaces/isaac_ros-dev/build/isaac_ros_visual_slam_interfaces
