[0.198s] Invoking command in '/workspaces/isaac_ros-dev/build/sdv_localization': CMAKE_PREFIX_PATH=/workspaces/isaac_ros-dev/install/vectornav_msgs:/workspaces/isaac_ros-dev/install/sdv_localization_msgs:/workspaces/isaac_ros-dev/install/yolov8_bringup:/workspaces/isaac_ros-dev/install/multisense_ros:/workspaces/isaac_ros-dev/install/xacro:/workspaces/isaac_ros-dev/install/vision_msgs_rviz_plugins:/workspaces/isaac_ros-dev/install/vision_msgs:/workspaces/isaac_ros-dev/install/velodyne:/workspaces/isaac_ros-dev/install/velodyne_pointcloud:/workspaces/isaac_ros-dev/install/velodyne_driver:/workspaces/isaac_ros-dev/install/velodyne_msgs:/workspaces/isaac_ros-dev/install/velodyne_laserscan:/workspaces/isaac_ros-dev/install/vectornav:/workspaces/isaac_ros-dev/install/sdv_localization:/workspaces/isaac_ros-dev/install/slam_toolbox:/workspaces/isaac_ros-dev/install/sdv_msg:/workspaces/isaac_ros-dev/install/pointcloud_to_laserscan:/workspaces/isaac_ros-dev/install/my_package:/workspaces/isaac_ros-dev/install/multisense_msgs:/workspaces/isaac_ros-dev/install/multisense_lib:/workspaces/isaac_ros-dev/install/isaac_ros_visual_slam:/workspaces/isaac_ros-dev/install/isaac_ros_visual_slam_interfaces:/workspaces/isaac_ros-dev/install/isaac_ros_tensor_list_interfaces:/workspaces/isaac_ros-dev/install/isaac_ros_common:/workspaces/isaac_ros-dev/install/isaac_ros_bi3d_interfaces:/workspaces/isaac_ros-dev/install/isaac_ros_apriltag_interfaces:/workspaces/isaac_ros-dev/install/yolov8_ros:/workspaces/isaac_ros-dev/install/xbox_controller:/workspaces/isaac_ros-dev/install/panel:/workspaces/isaac_ros-dev/install/isaac_ros_test:/workspaces/isaac_ros-dev/install/encoder:/opt/ros/humble/install LD_LIBRARY_PATH=/workspaces/isaac_ros-dev/install/vectornav_msgs/lib:/workspaces/isaac_ros-dev/install/sdv_localization_msgs/lib:/workspaces/isaac_ros-dev/install/vision_msgs_rviz_plugins/lib:/workspaces/isaac_ros-dev/install/vision_msgs/lib:/workspaces/isaac_ros-dev/install/velodyne_pointcloud/lib:/workspaces/isaac_ros-dev/install/velodyne_driver/lib:/workspaces/isaac_ros-dev/install/velodyne_msgs/lib:/workspaces/isaac_ros-dev/install/velodyne_laserscan/lib:/workspaces/isaac_ros-dev/install/vectornav/lib:/workspaces/isaac_ros-dev/install/sdv_localization/lib:/workspaces/isaac_ros-dev/install/slam_toolbox/lib:/workspaces/isaac_ros-dev/install/sdv_msg/lib:/workspaces/isaac_ros-dev/install/pointcloud_to_laserscan/lib:/workspaces/isaac_ros-dev/install/multisense_msgs/lib:/workspaces/isaac_ros-dev/install/multisense_lib/lib:/workspaces/isaac_ros-dev/install/isaac_ros_visual_slam/lib:/workspaces/isaac_ros-dev/install/isaac_ros_visual_slam_interfaces/lib:/workspaces/isaac_ros-dev/install/isaac_ros_tensor_list_interfaces/lib:/workspaces/isaac_ros-dev/install/isaac_ros_common/lib:/workspaces/isaac_ros-dev/install/isaac_ros_bi3d_interfaces/lib:/workspaces/isaac_ros-dev/install/isaac_ros_apriltag_interfaces/lib:/opt/ros/humble/install/opt/rviz_ogre_vendor/lib:/opt/ros/humble/install/lib:/usr/lib/aarch64-linux-gnu/tegra-egl:/usr/local/cuda-11.4/targets/aarch64-linux/lib:/usr/lib/aarch64-linux-gnu/tegra:/opt/nvidia/vpi2/lib64:/usr/lib/aarch64-linux-gnu-host:/opt/tritonserver/lib PYTHONPATH=/workspaces/isaac_ros-dev/install/vectornav_msgs/lib/python3.8/site-packages:/workspaces/isaac_ros-dev/install/sdv_localization_msgs/lib/python3.8/site-packages:/workspaces/isaac_ros-dev/install/yolov8_ros/lib/python3.8/site-packages:/workspaces/isaac_ros-dev/install/xbox_controller/lib/python3.8/site-packages:/workspaces/isaac_ros-dev/install/xacro/lib/python3.8/site-packages:/workspaces/isaac_ros-dev/install/vision_msgs/lib/python3.8/site-packages:/workspaces/isaac_ros-dev/install/velodyne_msgs/lib/python3.8/site-packages:/workspaces/isaac_ros-dev/install/slam_toolbox/lib/python3.8/site-packages:/workspaces/isaac_ros-dev/install/sdv_msg/lib/python3.8/site-packages:/workspaces/isaac_ros-dev/install/panel/lib/python3.8/site-packages:/workspaces/isaac_ros-dev/install/multisense_msgs/lib/python3.8/site-packages:/workspaces/isaac_ros-dev/install/isaac_ros_visual_slam_interfaces/lib/python3.8/site-packages:/workspaces/isaac_ros-dev/install/isaac_ros_test/lib/python3.8/site-packages:/workspaces/isaac_ros-dev/install/isaac_ros_tensor_list_interfaces/lib/python3.8/site-packages:/workspaces/isaac_ros-dev/install/isaac_ros_bi3d_interfaces/lib/python3.8/site-packages:/workspaces/isaac_ros-dev/install/isaac_ros_apriltag_interfaces/lib/python3.8/site-packages:/workspaces/isaac_ros-dev/install/encoder/lib/python3.8/site-packages:/opt/ros/humble/install/lib/python3.8/site-packages /usr/bin/cmake --build /workspaces/isaac_ros-dev/build/sdv_localization -- -j8 -l8
[0.529s] [ 80%] Built target vncxx
[0.530s] [ 86%] Built target isaac_awake
[0.591s] [ 93%] Built target vn_gps_pose
[0.608s] [100%] Built target diagnostics
[0.726s] Invoked command in '/workspaces/isaac_ros-dev/build/sdv_localization' returned '0': CMAKE_PREFIX_PATH=/workspaces/isaac_ros-dev/install/vectornav_msgs:/workspaces/isaac_ros-dev/install/sdv_localization_msgs:/workspaces/isaac_ros-dev/install/yolov8_bringup:/workspaces/isaac_ros-dev/install/multisense_ros:/workspaces/isaac_ros-dev/install/xacro:/workspaces/isaac_ros-dev/install/vision_msgs_rviz_plugins:/workspaces/isaac_ros-dev/install/vision_msgs:/workspaces/isaac_ros-dev/install/velodyne:/workspaces/isaac_ros-dev/install/velodyne_pointcloud:/workspaces/isaac_ros-dev/install/velodyne_driver:/workspaces/isaac_ros-dev/install/velodyne_msgs:/workspaces/isaac_ros-dev/install/velodyne_laserscan:/workspaces/isaac_ros-dev/install/vectornav:/workspaces/isaac_ros-dev/install/sdv_localization:/workspaces/isaac_ros-dev/install/slam_toolbox:/workspaces/isaac_ros-dev/install/sdv_msg:/workspaces/isaac_ros-dev/install/pointcloud_to_laserscan:/workspaces/isaac_ros-dev/install/my_package:/workspaces/isaac_ros-dev/install/multisense_msgs:/workspaces/isaac_ros-dev/install/multisense_lib:/workspaces/isaac_ros-dev/install/isaac_ros_visual_slam:/workspaces/isaac_ros-dev/install/isaac_ros_visual_slam_interfaces:/workspaces/isaac_ros-dev/install/isaac_ros_tensor_list_interfaces:/workspaces/isaac_ros-dev/install/isaac_ros_common:/workspaces/isaac_ros-dev/install/isaac_ros_bi3d_interfaces:/workspaces/isaac_ros-dev/install/isaac_ros_apriltag_interfaces:/workspaces/isaac_ros-dev/install/yolov8_ros:/workspaces/isaac_ros-dev/install/xbox_controller:/workspaces/isaac_ros-dev/install/panel:/workspaces/isaac_ros-dev/install/isaac_ros_test:/workspaces/isaac_ros-dev/install/encoder:/opt/ros/humble/install LD_LIBRARY_PATH=/workspaces/isaac_ros-dev/install/vectornav_msgs/lib:/workspaces/isaac_ros-dev/install/sdv_localization_msgs/lib:/workspaces/isaac_ros-dev/install/vision_msgs_rviz_plugins/lib:/workspaces/isaac_ros-dev/install/vision_msgs/lib:/workspaces/isaac_ros-dev/install/velodyne_pointcloud/lib:/workspaces/isaac_ros-dev/install/velodyne_driver/lib:/workspaces/isaac_ros-dev/install/velodyne_msgs/lib:/workspaces/isaac_ros-dev/install/velodyne_laserscan/lib:/workspaces/isaac_ros-dev/install/vectornav/lib:/workspaces/isaac_ros-dev/install/sdv_localization/lib:/workspaces/isaac_ros-dev/install/slam_toolbox/lib:/workspaces/isaac_ros-dev/install/sdv_msg/lib:/workspaces/isaac_ros-dev/install/pointcloud_to_laserscan/lib:/workspaces/isaac_ros-dev/install/multisense_msgs/lib:/workspaces/isaac_ros-dev/install/multisense_lib/lib:/workspaces/isaac_ros-dev/install/isaac_ros_visual_slam/lib:/workspaces/isaac_ros-dev/install/isaac_ros_visual_slam_interfaces/lib:/workspaces/isaac_ros-dev/install/isaac_ros_tensor_list_interfaces/lib:/workspaces/isaac_ros-dev/install/isaac_ros_common/lib:/workspaces/isaac_ros-dev/install/isaac_ros_bi3d_interfaces/lib:/workspaces/isaac_ros-dev/install/isaac_ros_apriltag_interfaces/lib:/opt/ros/humble/install/opt/rviz_ogre_vendor/lib:/opt/ros/humble/install/lib:/usr/lib/aarch64-linux-gnu/tegra-egl:/usr/local/cuda-11.4/targets/aarch64-linux/lib:/usr/lib/aarch64-linux-gnu/tegra:/opt/nvidia/vpi2/lib64:/usr/lib/aarch64-linux-gnu-host:/opt/tritonserver/lib PYTHONPATH=/workspaces/isaac_ros-dev/install/vectornav_msgs/lib/python3.8/site-packages:/workspaces/isaac_ros-dev/install/sdv_localization_msgs/lib/python3.8/site-packages:/workspaces/isaac_ros-dev/install/yolov8_ros/lib/python3.8/site-packages:/workspaces/isaac_ros-dev/install/xbox_controller/lib/python3.8/site-packages:/workspaces/isaac_ros-dev/install/xacro/lib/python3.8/site-packages:/workspaces/isaac_ros-dev/install/vision_msgs/lib/python3.8/site-packages:/workspaces/isaac_ros-dev/install/velodyne_msgs/lib/python3.8/site-packages:/workspaces/isaac_ros-dev/install/slam_toolbox/lib/python3.8/site-packages:/workspaces/isaac_ros-dev/install/sdv_msg/lib/python3.8/site-packages:/workspaces/isaac_ros-dev/install/panel/lib/python3.8/site-packages:/workspaces/isaac_ros-dev/install/multisense_msgs/lib/python3.8/site-packages:/workspaces/isaac_ros-dev/install/isaac_ros_visual_slam_interfaces/lib/python3.8/site-packages:/workspaces/isaac_ros-dev/install/isaac_ros_test/lib/python3.8/site-packages:/workspaces/isaac_ros-dev/install/isaac_ros_tensor_list_interfaces/lib/python3.8/site-packages:/workspaces/isaac_ros-dev/install/isaac_ros_bi3d_interfaces/lib/python3.8/site-packages:/workspaces/isaac_ros-dev/install/isaac_ros_apriltag_interfaces/lib/python3.8/site-packages:/workspaces/isaac_ros-dev/install/encoder/lib/python3.8/site-packages:/opt/ros/humble/install/lib/python3.8/site-packages /usr/bin/cmake --build /workspaces/isaac_ros-dev/build/sdv_localization -- -j8 -l8
[1.316s] Invoking command in '/workspaces/isaac_ros-dev/build/sdv_localization': CMAKE_PREFIX_PATH=/workspaces/isaac_ros-dev/install/vectornav_msgs:/workspaces/isaac_ros-dev/install/sdv_localization_msgs:/workspaces/isaac_ros-dev/install/yolov8_bringup:/workspaces/isaac_ros-dev/install/multisense_ros:/workspaces/isaac_ros-dev/install/xacro:/workspaces/isaac_ros-dev/install/vision_msgs_rviz_plugins:/workspaces/isaac_ros-dev/install/vision_msgs:/workspaces/isaac_ros-dev/install/velodyne:/workspaces/isaac_ros-dev/install/velodyne_pointcloud:/workspaces/isaac_ros-dev/install/velodyne_driver:/workspaces/isaac_ros-dev/install/velodyne_msgs:/workspaces/isaac_ros-dev/install/velodyne_laserscan:/workspaces/isaac_ros-dev/install/vectornav:/workspaces/isaac_ros-dev/install/sdv_localization:/workspaces/isaac_ros-dev/install/slam_toolbox:/workspaces/isaac_ros-dev/install/sdv_msg:/workspaces/isaac_ros-dev/install/pointcloud_to_laserscan:/workspaces/isaac_ros-dev/install/my_package:/workspaces/isaac_ros-dev/install/multisense_msgs:/workspaces/isaac_ros-dev/install/multisense_lib:/workspaces/isaac_ros-dev/install/isaac_ros_visual_slam:/workspaces/isaac_ros-dev/install/isaac_ros_visual_slam_interfaces:/workspaces/isaac_ros-dev/install/isaac_ros_tensor_list_interfaces:/workspaces/isaac_ros-dev/install/isaac_ros_common:/workspaces/isaac_ros-dev/install/isaac_ros_bi3d_interfaces:/workspaces/isaac_ros-dev/install/isaac_ros_apriltag_interfaces:/workspaces/isaac_ros-dev/install/yolov8_ros:/workspaces/isaac_ros-dev/install/xbox_controller:/workspaces/isaac_ros-dev/install/panel:/workspaces/isaac_ros-dev/install/isaac_ros_test:/workspaces/isaac_ros-dev/install/encoder:/opt/ros/humble/install LD_LIBRARY_PATH=/workspaces/isaac_ros-dev/install/vectornav_msgs/lib:/workspaces/isaac_ros-dev/install/sdv_localization_msgs/lib:/workspaces/isaac_ros-dev/install/vision_msgs_rviz_plugins/lib:/workspaces/isaac_ros-dev/install/vision_msgs/lib:/workspaces/isaac_ros-dev/install/velodyne_pointcloud/lib:/workspaces/isaac_ros-dev/install/velodyne_driver/lib:/workspaces/isaac_ros-dev/install/velodyne_msgs/lib:/workspaces/isaac_ros-dev/install/velodyne_laserscan/lib:/workspaces/isaac_ros-dev/install/vectornav/lib:/workspaces/isaac_ros-dev/install/sdv_localization/lib:/workspaces/isaac_ros-dev/install/slam_toolbox/lib:/workspaces/isaac_ros-dev/install/sdv_msg/lib:/workspaces/isaac_ros-dev/install/pointcloud_to_laserscan/lib:/workspaces/isaac_ros-dev/install/multisense_msgs/lib:/workspaces/isaac_ros-dev/install/multisense_lib/lib:/workspaces/isaac_ros-dev/install/isaac_ros_visual_slam/lib:/workspaces/isaac_ros-dev/install/isaac_ros_visual_slam_interfaces/lib:/workspaces/isaac_ros-dev/install/isaac_ros_tensor_list_interfaces/lib:/workspaces/isaac_ros-dev/install/isaac_ros_common/lib:/workspaces/isaac_ros-dev/install/isaac_ros_bi3d_interfaces/lib:/workspaces/isaac_ros-dev/install/isaac_ros_apriltag_interfaces/lib:/opt/ros/humble/install/opt/rviz_ogre_vendor/lib:/opt/ros/humble/install/lib:/usr/lib/aarch64-linux-gnu/tegra-egl:/usr/local/cuda-11.4/targets/aarch64-linux/lib:/usr/lib/aarch64-linux-gnu/tegra:/opt/nvidia/vpi2/lib64:/usr/lib/aarch64-linux-gnu-host:/opt/tritonserver/lib PYTHONPATH=/workspaces/isaac_ros-dev/install/vectornav_msgs/lib/python3.8/site-packages:/workspaces/isaac_ros-dev/install/sdv_localization_msgs/lib/python3.8/site-packages:/workspaces/isaac_ros-dev/install/yolov8_ros/lib/python3.8/site-packages:/workspaces/isaac_ros-dev/install/xbox_controller/lib/python3.8/site-packages:/workspaces/isaac_ros-dev/install/xacro/lib/python3.8/site-packages:/workspaces/isaac_ros-dev/install/vision_msgs/lib/python3.8/site-packages:/workspaces/isaac_ros-dev/install/velodyne_msgs/lib/python3.8/site-packages:/workspaces/isaac_ros-dev/install/slam_toolbox/lib/python3.8/site-packages:/workspaces/isaac_ros-dev/install/sdv_msg/lib/python3.8/site-packages:/workspaces/isaac_ros-dev/install/panel/lib/python3.8/site-packages:/workspaces/isaac_ros-dev/install/multisense_msgs/lib/python3.8/site-packages:/workspaces/isaac_ros-dev/install/isaac_ros_visual_slam_interfaces/lib/python3.8/site-packages:/workspaces/isaac_ros-dev/install/isaac_ros_test/lib/python3.8/site-packages:/workspaces/isaac_ros-dev/install/isaac_ros_tensor_list_interfaces/lib/python3.8/site-packages:/workspaces/isaac_ros-dev/install/isaac_ros_bi3d_interfaces/lib/python3.8/site-packages:/workspaces/isaac_ros-dev/install/isaac_ros_apriltag_interfaces/lib/python3.8/site-packages:/workspaces/isaac_ros-dev/install/encoder/lib/python3.8/site-packages:/opt/ros/humble/install/lib/python3.8/site-packages /usr/bin/cmake --install /workspaces/isaac_ros-dev/build/sdv_localization
[1.479s] -- Install configuration: ""
[1.483s] -- Up-to-date: /workspaces/isaac_ros-dev/install/sdv_localization/lib/sdv_localization/vn_gps_pose
[1.484s] -- Up-to-date: /workspaces/isaac_ros-dev/install/sdv_localization/lib/sdv_localization/diagnostics
[1.484s] -- Up-to-date: /workspaces/isaac_ros-dev/install/sdv_localization/lib/sdv_localization/isaac_awake
[1.485s] -- Up-to-date: /workspaces/isaac_ros-dev/install/sdv_localization/share/sdv_localization//launch
[1.485s] -- Up-to-date: /workspaces/isaac_ros-dev/install/sdv_localization/share/sdv_localization//launch/.test_car_tf.launch.py.swp
[1.486s] -- Up-to-date: /workspaces/isaac_ros-dev/install/sdv_localization/share/sdv_localization//launch/rosbag_mapping.launch.py
[1.486s] -- Up-to-date: /workspaces/isaac_ros-dev/install/sdv_localization/share/sdv_localization//launch/multisense_launch.py
[1.487s] -- Up-to-date: /workspaces/isaac_ros-dev/install/sdv_localization/share/sdv_localization//launch/test_car_tf.launch.py
[1.487s] -- Up-to-date: /workspaces/isaac_ros-dev/install/sdv_localization/share/sdv_localization//launch/odom.launch.py
[1.488s] -- Up-to-date: /workspaces/isaac_ros-dev/install/sdv_localization/share/sdv_localization//launch/velodyne.launch.py
[1.488s] -- Up-to-date: /workspaces/isaac_ros-dev/install/sdv_localization/share/sdv_localization//launch/sdv_tf.launch.py
[1.489s] -- Up-to-date: /workspaces/isaac_ros-dev/install/sdv_localization/share/sdv_localization//launch/test_filtered_laserscan.launch.py
[1.489s] -- Up-to-date: /workspaces/isaac_ros-dev/install/sdv_localization/share/sdv_localization//launch/real_time_sdv_mapping.launch.py
[1.489s] -- Up-to-date: /workspaces/isaac_ros-dev/install/sdv_localization/share/sdv_localization//launch/.isaac_ros_visual_slam.launch.py.swp
[1.490s] -- Up-to-date: /workspaces/isaac_ros-dev/install/sdv_localization/share/sdv_localization//launch/filtered_laserscan.launch.py
[1.490s] -- Up-to-date: /workspaces/isaac_ros-dev/install/sdv_localization/share/sdv_localization//launch/__pycache__
[1.491s] -- Up-to-date: /workspaces/isaac_ros-dev/install/sdv_localization/share/sdv_localization//launch/__pycache__/test_car_tf.launch.cpython-38.pyc
[1.491s] -- Up-to-date: /workspaces/isaac_ros-dev/install/sdv_localization/share/sdv_localization//launch/__pycache__/odom.launch.cpython-38.pyc
[1.491s] -- Up-to-date: /workspaces/isaac_ros-dev/install/sdv_localization/share/sdv_localization//launch/__pycache__/rosbag_tf.launch.cpython-38.pyc
[1.492s] -- Up-to-date: /workspaces/isaac_ros-dev/install/sdv_localization/share/sdv_localization//launch/__pycache__/sdv_tf.launch.cpython-38.pyc
[1.492s] -- Up-to-date: /workspaces/isaac_ros-dev/install/sdv_localization/share/sdv_localization//launch/__pycache__/sdvenu_tf.launch.cpython-38.pyc
[1.493s] -- Up-to-date: /workspaces/isaac_ros-dev/install/sdv_localization/share/sdv_localization//launch/sdvenu_tf.launch.py
[1.493s] -- Up-to-date: /workspaces/isaac_ros-dev/install/sdv_localization/share/sdv_localization//launch/map_broadcaster.launch.py
[1.494s] -- Up-to-date: /workspaces/isaac_ros-dev/install/sdv_localization/share/sdv_localization//launch/rosbag_tf.launch.py
[1.494s] -- Up-to-date: /workspaces/isaac_ros-dev/install/sdv_localization/share/sdv_localization//launch/isaac_ros_visual_slam.launch.py
[1.494s] -- Up-to-date: /workspaces/isaac_ros-dev/install/sdv_localization/share/sdv_localization//config
[1.495s] -- Up-to-date: /workspaces/isaac_ros-dev/install/sdv_localization/share/sdv_localization//config/tf_base_link_to_velodyne.yaml
[1.495s] -- Up-to-date: /workspaces/isaac_ros-dev/install/sdv_localization/share/sdv_localization//config/VnNedPoseNode.yaml
[1.496s] -- Up-to-date: /workspaces/isaac_ros-dev/install/sdv_localization/share/sdv_localization//config/mapper_params_offline.yaml
[1.496s] -- Up-to-date: /workspaces/isaac_ros-dev/install/sdv_localization/share/sdv_localization//config/VLP32C-velodyne_driver_node-params.yaml
[1.497s] -- Up-to-date: /workspaces/isaac_ros-dev/install/sdv_localization/share/sdv_localization//config/tf_odom_to_base_link.yaml
[1.497s] -- Up-to-date: /workspaces/isaac_ros-dev/install/sdv_localization/share/sdv_localization//config/mapper_params_online_async.yaml
[1.498s] -- Up-to-date: /workspaces/isaac_ros-dev/install/sdv_localization/share/sdv_localization//config/default-velodyne_laserscan_node-params.yaml
[1.498s] -- Up-to-date: /workspaces/isaac_ros-dev/install/sdv_localization/share/sdv_localization//config/32db.yaml
[1.509s] -- Up-to-date: /workspaces/isaac_ros-dev/install/sdv_localization/share/sdv_localization//config/VLP32C-velodyne_transform_node-params.yaml
[1.510s] -- Up-to-date: /workspaces/isaac_ros-dev/install/sdv_localization/share/ament_index/resource_index/package_run_dependencies/sdv_localization
[1.510s] -- Up-to-date: /workspaces/isaac_ros-dev/install/sdv_localization/share/ament_index/resource_index/parent_prefix_path/sdv_localization
[1.512s] -- Up-to-date: /workspaces/isaac_ros-dev/install/sdv_localization/share/sdv_localization/environment/ament_prefix_path.sh
[1.512s] -- Up-to-date: /workspaces/isaac_ros-dev/install/sdv_localization/share/sdv_localization/environment/ament_prefix_path.dsv
[1.513s] -- Up-to-date: /workspaces/isaac_ros-dev/install/sdv_localization/share/sdv_localization/environment/path.sh
[1.514s] -- Up-to-date: /workspaces/isaac_ros-dev/install/sdv_localization/share/sdv_localization/environment/path.dsv
[1.517s] -- Up-to-date: /workspaces/isaac_ros-dev/install/sdv_localization/share/sdv_localization/local_setup.bash
[1.519s] -- Up-to-date: /workspaces/isaac_ros-dev/install/sdv_localization/share/sdv_localization/local_setup.sh
[1.519s] -- Up-to-date: /workspaces/isaac_ros-dev/install/sdv_localization/share/sdv_localization/local_setup.zsh
[1.521s] -- Up-to-date: /workspaces/isaac_ros-dev/install/sdv_localization/share/sdv_localization/local_setup.dsv
[1.523s] -- Installing: /workspaces/isaac_ros-dev/install/sdv_localization/share/sdv_localization/package.dsv
[1.528s] -- Up-to-date: /workspaces/isaac_ros-dev/install/sdv_localization/share/ament_index/resource_index/packages/sdv_localization
[1.535s] -- Up-to-date: /workspaces/isaac_ros-dev/install/sdv_localization/share/sdv_localization/cmake/ament_cmake_export_dependencies-extras.cmake
[1.535s] -- Up-to-date: /workspaces/isaac_ros-dev/install/sdv_localization/share/sdv_localization/cmake/sdv_localizationConfig.cmake
[1.537s] -- Up-to-date: /workspaces/isaac_ros-dev/install/sdv_localization/share/sdv_localization/cmake/sdv_localizationConfig-version.cmake
[1.538s] -- Up-to-date: /workspaces/isaac_ros-dev/install/sdv_localization/share/sdv_localization/package.xml
[1.539s] -- Up-to-date: /workspaces/isaac_ros-dev/install/sdv_localization/lib/libvncxx.so
[1.541s] -- Up-to-date: /workspaces/isaac_ros-dev/install/sdv_localization/include/vn
[1.542s] -- Up-to-date: /workspaces/isaac_ros-dev/install/sdv_localization/include/vn/memoryport.h
[1.553s] -- Up-to-date: /workspaces/isaac_ros-dev/install/sdv_localization/include/vn/mock.h
[1.554s] -- Up-to-date: /workspaces/isaac_ros-dev/install/sdv_localization/include/vn/exceptions.h
[1.555s] -- Up-to-date: /workspaces/isaac_ros-dev/install/sdv_localization/include/vn/rtcmlistener.h
[1.555s] -- Up-to-date: /workspaces/isaac_ros-dev/install/sdv_localization/include/vn/thread.h
[1.555s] -- Up-to-date: /workspaces/isaac_ros-dev/install/sdv_localization/include/vn/boostpython.h
[1.556s] -- Up-to-date: /workspaces/isaac_ros-dev/install/sdv_localization/include/vn/event.h
[1.557s] -- Up-to-date: /workspaces/isaac_ros-dev/install/sdv_localization/include/vn/ezasyncdata.h
[1.557s] -- Up-to-date: /workspaces/isaac_ros-dev/install/sdv_localization/include/vn/conversions.h
[1.558s] -- Up-to-date: /workspaces/isaac_ros-dev/install/sdv_localization/include/vn/error_detection.h
[1.558s] -- Up-to-date: /workspaces/isaac_ros-dev/install/sdv_localization/include/vn/export.h
[1.559s] -- Up-to-date: /workspaces/isaac_ros-dev/install/sdv_localization/include/vn/nocopy.h
[1.560s] -- Up-to-date: /workspaces/isaac_ros-dev/install/sdv_localization/include/vn/packetfinder.h
[1.561s] -- Up-to-date: /workspaces/isaac_ros-dev/install/sdv_localization/include/vn/compiler.h
[1.561s] -- Up-to-date: /workspaces/isaac_ros-dev/install/sdv_localization/include/vn/dllvalidator.h
[1.564s] -- Up-to-date: /workspaces/isaac_ros-dev/install/sdv_localization/include/vn/searcher.h
[1.565s] -- Up-to-date: /workspaces/isaac_ros-dev/install/sdv_localization/include/vn/criticalsection.h
[1.577s] -- Up-to-date: /workspaces/isaac_ros-dev/install/sdv_localization/include/vn/util.h
[1.579s] -- Up-to-date: /workspaces/isaac_ros-dev/install/sdv_localization/include/vn/vntime.h
[1.580s] -- Up-to-date: /workspaces/isaac_ros-dev/install/sdv_localization/include/vn/types.h
[1.581s] -- Up-to-date: /workspaces/isaac_ros-dev/install/sdv_localization/include/vn/matrix.h
[1.581s] -- Up-to-date: /workspaces/isaac_ros-dev/install/sdv_localization/include/vn/int.h
[1.582s] -- Up-to-date: /workspaces/isaac_ros-dev/install/sdv_localization/include/vn/rtcmmessage.h
[1.582s] -- Up-to-date: /workspaces/isaac_ros-dev/install/sdv_localization/include/vn/packet.h
[1.582s] -- Up-to-date: /workspaces/isaac_ros-dev/install/sdv_localization/include/vn/utilities.h
[1.582s] -- Up-to-date: /workspaces/isaac_ros-dev/install/sdv_localization/include/vn/attitude.h
[1.583s] -- Up-to-date: /workspaces/isaac_ros-dev/install/sdv_localization/include/vn/sensors.h
[1.583s] -- Up-to-date: /workspaces/isaac_ros-dev/install/sdv_localization/include/vn/consts.h
[1.583s] -- Up-to-date: /workspaces/isaac_ros-dev/install/sdv_localization/include/vn/vector.h
[1.583s] -- Up-to-date: /workspaces/isaac_ros-dev/install/sdv_localization/include/vn/position.h
[1.584s] -- Up-to-date: /workspaces/isaac_ros-dev/install/sdv_localization/include/vn/registers.h
[1.584s] -- Up-to-date: /workspaces/isaac_ros-dev/install/sdv_localization/include/vn/compositedata.h
[1.584s] -- Up-to-date: /workspaces/isaac_ros-dev/install/sdv_localization/include/vn/signal.h
[1.585s] -- Up-to-date: /workspaces/isaac_ros-dev/install/sdv_localization/include/vn/port.h
[1.586s] -- Up-to-date: /workspaces/isaac_ros-dev/install/sdv_localization/include/vn/serialport.h
[1.904s] Invoked command in '/workspaces/isaac_ros-dev/build/sdv_localization' returned '0': CMAKE_PREFIX_PATH=/workspaces/isaac_ros-dev/install/vectornav_msgs:/workspaces/isaac_ros-dev/install/sdv_localization_msgs:/workspaces/isaac_ros-dev/install/yolov8_bringup:/workspaces/isaac_ros-dev/install/multisense_ros:/workspaces/isaac_ros-dev/install/xacro:/workspaces/isaac_ros-dev/install/vision_msgs_rviz_plugins:/workspaces/isaac_ros-dev/install/vision_msgs:/workspaces/isaac_ros-dev/install/velodyne:/workspaces/isaac_ros-dev/install/velodyne_pointcloud:/workspaces/isaac_ros-dev/install/velodyne_driver:/workspaces/isaac_ros-dev/install/velodyne_msgs:/workspaces/isaac_ros-dev/install/velodyne_laserscan:/workspaces/isaac_ros-dev/install/vectornav:/workspaces/isaac_ros-dev/install/sdv_localization:/workspaces/isaac_ros-dev/install/slam_toolbox:/workspaces/isaac_ros-dev/install/sdv_msg:/workspaces/isaac_ros-dev/install/pointcloud_to_laserscan:/workspaces/isaac_ros-dev/install/my_package:/workspaces/isaac_ros-dev/install/multisense_msgs:/workspaces/isaac_ros-dev/install/multisense_lib:/workspaces/isaac_ros-dev/install/isaac_ros_visual_slam:/workspaces/isaac_ros-dev/install/isaac_ros_visual_slam_interfaces:/workspaces/isaac_ros-dev/install/isaac_ros_tensor_list_interfaces:/workspaces/isaac_ros-dev/install/isaac_ros_common:/workspaces/isaac_ros-dev/install/isaac_ros_bi3d_interfaces:/workspaces/isaac_ros-dev/install/isaac_ros_apriltag_interfaces:/workspaces/isaac_ros-dev/install/yolov8_ros:/workspaces/isaac_ros-dev/install/xbox_controller:/workspaces/isaac_ros-dev/install/panel:/workspaces/isaac_ros-dev/install/isaac_ros_test:/workspaces/isaac_ros-dev/install/encoder:/opt/ros/humble/install LD_LIBRARY_PATH=/workspaces/isaac_ros-dev/install/vectornav_msgs/lib:/workspaces/isaac_ros-dev/install/sdv_localization_msgs/lib:/workspaces/isaac_ros-dev/install/vision_msgs_rviz_plugins/lib:/workspaces/isaac_ros-dev/install/vision_msgs/lib:/workspaces/isaac_ros-dev/install/velodyne_pointcloud/lib:/workspaces/isaac_ros-dev/install/velodyne_driver/lib:/workspaces/isaac_ros-dev/install/velodyne_msgs/lib:/workspaces/isaac_ros-dev/install/velodyne_laserscan/lib:/workspaces/isaac_ros-dev/install/vectornav/lib:/workspaces/isaac_ros-dev/install/sdv_localization/lib:/workspaces/isaac_ros-dev/install/slam_toolbox/lib:/workspaces/isaac_ros-dev/install/sdv_msg/lib:/workspaces/isaac_ros-dev/install/pointcloud_to_laserscan/lib:/workspaces/isaac_ros-dev/install/multisense_msgs/lib:/workspaces/isaac_ros-dev/install/multisense_lib/lib:/workspaces/isaac_ros-dev/install/isaac_ros_visual_slam/lib:/workspaces/isaac_ros-dev/install/isaac_ros_visual_slam_interfaces/lib:/workspaces/isaac_ros-dev/install/isaac_ros_tensor_list_interfaces/lib:/workspaces/isaac_ros-dev/install/isaac_ros_common/lib:/workspaces/isaac_ros-dev/install/isaac_ros_bi3d_interfaces/lib:/workspaces/isaac_ros-dev/install/isaac_ros_apriltag_interfaces/lib:/opt/ros/humble/install/opt/rviz_ogre_vendor/lib:/opt/ros/humble/install/lib:/usr/lib/aarch64-linux-gnu/tegra-egl:/usr/local/cuda-11.4/targets/aarch64-linux/lib:/usr/lib/aarch64-linux-gnu/tegra:/opt/nvidia/vpi2/lib64:/usr/lib/aarch64-linux-gnu-host:/opt/tritonserver/lib PYTHONPATH=/workspaces/isaac_ros-dev/install/vectornav_msgs/lib/python3.8/site-packages:/workspaces/isaac_ros-dev/install/sdv_localization_msgs/lib/python3.8/site-packages:/workspaces/isaac_ros-dev/install/yolov8_ros/lib/python3.8/site-packages:/workspaces/isaac_ros-dev/install/xbox_controller/lib/python3.8/site-packages:/workspaces/isaac_ros-dev/install/xacro/lib/python3.8/site-packages:/workspaces/isaac_ros-dev/install/vision_msgs/lib/python3.8/site-packages:/workspaces/isaac_ros-dev/install/velodyne_msgs/lib/python3.8/site-packages:/workspaces/isaac_ros-dev/install/slam_toolbox/lib/python3.8/site-packages:/workspaces/isaac_ros-dev/install/sdv_msg/lib/python3.8/site-packages:/workspaces/isaac_ros-dev/install/panel/lib/python3.8/site-packages:/workspaces/isaac_ros-dev/install/multisense_msgs/lib/python3.8/site-packages:/workspaces/isaac_ros-dev/install/isaac_ros_visual_slam_interfaces/lib/python3.8/site-packages:/workspaces/isaac_ros-dev/install/isaac_ros_test/lib/python3.8/site-packages:/workspaces/isaac_ros-dev/install/isaac_ros_tensor_list_interfaces/lib/python3.8/site-packages:/workspaces/isaac_ros-dev/install/isaac_ros_bi3d_interfaces/lib/python3.8/site-packages:/workspaces/isaac_ros-dev/install/isaac_ros_apriltag_interfaces/lib/python3.8/site-packages:/workspaces/isaac_ros-dev/install/encoder/lib/python3.8/site-packages:/opt/ros/humble/install/lib/python3.8/site-packages /usr/bin/cmake --install /workspaces/isaac_ros-dev/build/sdv_localization
