[0.224s] Invoking command in '/workspaces/isaac_ros-dev/build/vectornav': CMAKE_PREFIX_PATH=/workspaces/isaac_ros-dev/install/vectornav_msgs:/workspaces/isaac_ros-dev/install/yolov8_bringup:/workspaces/isaac_ros-dev/install/xacro:/workspaces/isaac_ros-dev/install/vision_msgs:/workspaces/isaac_ros-dev/install/velodyne_driver:/workspaces/isaac_ros-dev/install/velodyne_msgs:/workspaces/isaac_ros-dev/install/velodyne_laserscan:/workspaces/isaac_ros-dev/install/sdv_msg:/workspaces/isaac_ros-dev/install/sdv_localization_msgs:/workspaces/isaac_ros-dev/install/my_package:/workspaces/isaac_ros-dev/install/multisense_msgs:/workspaces/isaac_ros-dev/install/multisense_lib:/workspaces/isaac_ros-dev/install/isaac_ros_visual_slam_interfaces:/workspaces/isaac_ros-dev/install/isaac_ros_tensor_list_interfaces:/workspaces/isaac_ros-dev/install/isaac_ros_common:/workspaces/isaac_ros-dev/install/isaac_ros_bi3d_interfaces:/workspaces/isaac_ros-dev/install/isaac_ros_apriltag_interfaces:/workspaces/isaac_ros-dev/install/yolov8_ros:/workspaces/isaac_ros-dev/install/panel:/workspaces/isaac_ros-dev/install/isaac_ros_test:/workspaces/isaac_ros-dev/install/encoder:/opt/ros/humble/install LD_LIBRARY_PATH=/workspaces/isaac_ros-dev/install/vectornav_msgs/lib:/workspaces/isaac_ros-dev/install/vision_msgs/lib:/workspaces/isaac_ros-dev/install/velodyne_driver/lib:/workspaces/isaac_ros-dev/install/velodyne_msgs/lib:/workspaces/isaac_ros-dev/install/velodyne_laserscan/lib:/workspaces/isaac_ros-dev/install/sdv_msg/lib:/workspaces/isaac_ros-dev/install/sdv_localization_msgs/lib:/workspaces/isaac_ros-dev/install/multisense_msgs/lib:/workspaces/isaac_ros-dev/install/multisense_lib/lib:/workspaces/isaac_ros-dev/install/isaac_ros_visual_slam_interfaces/lib:/workspaces/isaac_ros-dev/install/isaac_ros_tensor_list_interfaces/lib:/workspaces/isaac_ros-dev/install/isaac_ros_common/lib:/workspaces/isaac_ros-dev/install/isaac_ros_bi3d_interfaces/lib:/workspaces/isaac_ros-dev/install/isaac_ros_apriltag_interfaces/lib:/opt/ros/humble/install/opt/rviz_ogre_vendor/lib:/opt/ros/humble/install/lib:/usr/lib/aarch64-linux-gnu/tegra-egl:/usr/local/cuda-11.4/targets/aarch64-linux/lib:/usr/lib/aarch64-linux-gnu/tegra:/opt/nvidia/vpi2/lib64:/usr/lib/aarch64-linux-gnu-host:/opt/tritonserver/lib PYTHONPATH=/workspaces/isaac_ros-dev/install/vectornav_msgs/lib/python3.8/site-packages:/workspaces/isaac_ros-dev/install/yolov8_ros/lib/python3.8/site-packages:/workspaces/isaac_ros-dev/install/xacro/lib/python3.8/site-packages:/workspaces/isaac_ros-dev/install/vision_msgs/lib/python3.8/site-packages:/workspaces/isaac_ros-dev/install/velodyne_msgs/lib/python3.8/site-packages:/workspaces/isaac_ros-dev/install/sdv_msg/lib/python3.8/site-packages:/workspaces/isaac_ros-dev/install/sdv_localization_msgs/lib/python3.8/site-packages:/workspaces/isaac_ros-dev/install/panel/lib/python3.8/site-packages:/workspaces/isaac_ros-dev/install/multisense_msgs/lib/python3.8/site-packages:/workspaces/isaac_ros-dev/install/isaac_ros_visual_slam_interfaces/lib/python3.8/site-packages:/workspaces/isaac_ros-dev/install/isaac_ros_test/lib/python3.8/site-packages:/workspaces/isaac_ros-dev/install/isaac_ros_tensor_list_interfaces/lib/python3.8/site-packages:/workspaces/isaac_ros-dev/install/isaac_ros_bi3d_interfaces/lib/python3.8/site-packages:/workspaces/isaac_ros-dev/install/isaac_ros_apriltag_interfaces/lib/python3.8/site-packages:/workspaces/isaac_ros-dev/install/encoder/lib/python3.8/site-packages:/opt/ros/humble/install/lib/python3.8/site-packages /usr/bin/cmake /workspaces/isaac_ros-dev/src/sdv_localization/vectornav/vectornav -DCMAKE_INSTALL_PREFIX=/workspaces/isaac_ros-dev/install/vectornav
[13.154s] -- The C compiler identification is GNU 9.4.0
[13.154s] -- The CXX compiler identification is GNU 9.4.0
[13.155s] -- Detecting C compiler ABI info
[13.155s] -- Detecting C compiler ABI info - done
[13.156s] -- Check for working C compiler: /usr/bin/cc - skipped
[13.156s] -- Detecting C compile features
[13.156s] -- Detecting C compile features - done
[13.156s] -- Detecting CXX compiler ABI info
[13.157s] -- Detecting CXX compiler ABI info - done
[13.157s] -- Check for working CXX compiler: /usr/bin/c++ - skipped
[13.157s] -- Detecting CXX compile features
[13.158s] -- Detecting CXX compile features - done
[13.158s] -- Found ament_cmake: 1.3.2 (/opt/ros/humble/install/share/ament_cmake/cmake)
[13.158s] -- Found Python3: /usr/bin/python3.8 (found version "3.8.10") found components: Interpreter 
[13.158s] -- Found rclcpp: 16.0.1 (/opt/ros/humble/install/share/rclcpp/cmake)
[13.159s] -- Found rosidl_generator_c: 3.1.3 (/opt/ros/humble/install/share/rosidl_generator_c/cmake)
[13.159s] -- Found rosidl_adapter: 3.1.3 (/opt/ros/humble/install/share/rosidl_adapter/cmake)
[13.159s] -- Found rosidl_generator_cpp: 3.1.3 (/opt/ros/humble/install/share/rosidl_generator_cpp/cmake)
[13.160s] -- Using all available rosidl_typesupport_c: rosidl_typesupport_fastrtps_c;rosidl_typesupport_introspection_c
[13.160s] -- Using all available rosidl_typesupport_cpp: rosidl_typesupport_fastrtps_cpp;rosidl_typesupport_introspection_cpp
[13.160s] -- Found rmw_implementation_cmake: 6.1.0 (/opt/ros/humble/install/share/rmw_implementation_cmake/cmake)
[13.161s] -- Found rmw_fastrtps_cpp: 6.2.1 (/opt/ros/humble/install/share/rmw_fastrtps_cpp/cmake)
[13.172s] -- Found OpenSSL: /usr/lib/aarch64-linux-gnu/libcrypto.so (found version "1.1.1f")  
[13.175s] -- Found FastRTPS: /opt/ros/humble/install/include  
[13.176s] -- Using RMW implementation 'rmw_fastrtps_cpp' as default
[13.177s] -- Found sensor_msgs: 4.2.2 (/opt/ros/humble/install/share/sensor_msgs/cmake)
[13.177s] -- Found vectornav_msgs: 3.0.0 (/workspaces/isaac_ros-dev/install/vectornav_msgs/share/vectornav_msgs/cmake)
[13.178s] -- Found tf2_geometry_msgs: 0.25.1 (/opt/ros/humble/install/share/tf2_geometry_msgs/cmake)
[13.178s] -- Found eigen3_cmake_module: 0.1.1 (/opt/ros/humble/install/share/eigen3_cmake_module/cmake)
[13.178s] -- Found Eigen3: TRUE (found version "3.3.7") 
[13.178s] -- Ensuring Eigen3 include directory is part of orocos-kdl CMake target
[13.179s] -- Found ament_lint_auto: 0.12.4 (/opt/ros/humble/install/share/ament_lint_auto/cmake)
[13.730s] -- Added test 'cppcheck' to perform static code analysis on C / C++ code
[13.730s] -- Configured cppcheck include dirs: 
[13.731s] -- Configured cppcheck exclude dirs and/or files: 
[13.760s] -- Added test 'cpplint' to check C / C++ code against the Google style
[13.760s] -- Configured cpplint exclude dirs and/or files: 
[13.769s] -- Added test 'flake8' to check Python code syntax and style conventions
[13.780s] -- Added test 'lint_cmake' to check CMake code style
[13.791s] -- Added test 'pep257' to check Python code against some of the docstring style conventions in PEP 257
[13.823s] -- Added test 'uncrustify' to check C / C++ code style
[13.823s] -- Configured uncrustify additional arguments: 
[13.839s] -- Added test 'xmllint' to check XML markup files
[13.857s] -- Configuring done
[14.030s] -- Generating done
[14.044s] -- Build files have been written to: /workspaces/isaac_ros-dev/build/vectornav
[14.268s] Invoked command in '/workspaces/isaac_ros-dev/build/vectornav' returned '0': CMAKE_PREFIX_PATH=/workspaces/isaac_ros-dev/install/vectornav_msgs:/workspaces/isaac_ros-dev/install/yolov8_bringup:/workspaces/isaac_ros-dev/install/xacro:/workspaces/isaac_ros-dev/install/vision_msgs:/workspaces/isaac_ros-dev/install/velodyne_driver:/workspaces/isaac_ros-dev/install/velodyne_msgs:/workspaces/isaac_ros-dev/install/velodyne_laserscan:/workspaces/isaac_ros-dev/install/sdv_msg:/workspaces/isaac_ros-dev/install/sdv_localization_msgs:/workspaces/isaac_ros-dev/install/my_package:/workspaces/isaac_ros-dev/install/multisense_msgs:/workspaces/isaac_ros-dev/install/multisense_lib:/workspaces/isaac_ros-dev/install/isaac_ros_visual_slam_interfaces:/workspaces/isaac_ros-dev/install/isaac_ros_tensor_list_interfaces:/workspaces/isaac_ros-dev/install/isaac_ros_common:/workspaces/isaac_ros-dev/install/isaac_ros_bi3d_interfaces:/workspaces/isaac_ros-dev/install/isaac_ros_apriltag_interfaces:/workspaces/isaac_ros-dev/install/yolov8_ros:/workspaces/isaac_ros-dev/install/panel:/workspaces/isaac_ros-dev/install/isaac_ros_test:/workspaces/isaac_ros-dev/install/encoder:/opt/ros/humble/install LD_LIBRARY_PATH=/workspaces/isaac_ros-dev/install/vectornav_msgs/lib:/workspaces/isaac_ros-dev/install/vision_msgs/lib:/workspaces/isaac_ros-dev/install/velodyne_driver/lib:/workspaces/isaac_ros-dev/install/velodyne_msgs/lib:/workspaces/isaac_ros-dev/install/velodyne_laserscan/lib:/workspaces/isaac_ros-dev/install/sdv_msg/lib:/workspaces/isaac_ros-dev/install/sdv_localization_msgs/lib:/workspaces/isaac_ros-dev/install/multisense_msgs/lib:/workspaces/isaac_ros-dev/install/multisense_lib/lib:/workspaces/isaac_ros-dev/install/isaac_ros_visual_slam_interfaces/lib:/workspaces/isaac_ros-dev/install/isaac_ros_tensor_list_interfaces/lib:/workspaces/isaac_ros-dev/install/isaac_ros_common/lib:/workspaces/isaac_ros-dev/install/isaac_ros_bi3d_interfaces/lib:/workspaces/isaac_ros-dev/install/isaac_ros_apriltag_interfaces/lib:/opt/ros/humble/install/opt/rviz_ogre_vendor/lib:/opt/ros/humble/install/lib:/usr/lib/aarch64-linux-gnu/tegra-egl:/usr/local/cuda-11.4/targets/aarch64-linux/lib:/usr/lib/aarch64-linux-gnu/tegra:/opt/nvidia/vpi2/lib64:/usr/lib/aarch64-linux-gnu-host:/opt/tritonserver/lib PYTHONPATH=/workspaces/isaac_ros-dev/install/vectornav_msgs/lib/python3.8/site-packages:/workspaces/isaac_ros-dev/install/yolov8_ros/lib/python3.8/site-packages:/workspaces/isaac_ros-dev/install/xacro/lib/python3.8/site-packages:/workspaces/isaac_ros-dev/install/vision_msgs/lib/python3.8/site-packages:/workspaces/isaac_ros-dev/install/velodyne_msgs/lib/python3.8/site-packages:/workspaces/isaac_ros-dev/install/sdv_msg/lib/python3.8/site-packages:/workspaces/isaac_ros-dev/install/sdv_localization_msgs/lib/python3.8/site-packages:/workspaces/isaac_ros-dev/install/panel/lib/python3.8/site-packages:/workspaces/isaac_ros-dev/install/multisense_msgs/lib/python3.8/site-packages:/workspaces/isaac_ros-dev/install/isaac_ros_visual_slam_interfaces/lib/python3.8/site-packages:/workspaces/isaac_ros-dev/install/isaac_ros_test/lib/python3.8/site-packages:/workspaces/isaac_ros-dev/install/isaac_ros_tensor_list_interfaces/lib/python3.8/site-packages:/workspaces/isaac_ros-dev/install/isaac_ros_bi3d_interfaces/lib/python3.8/site-packages:/workspaces/isaac_ros-dev/install/isaac_ros_apriltag_interfaces/lib/python3.8/site-packages:/workspaces/isaac_ros-dev/install/encoder/lib/python3.8/site-packages:/opt/ros/humble/install/lib/python3.8/site-packages /usr/bin/cmake /workspaces/isaac_ros-dev/src/sdv_localization/vectornav/vectornav -DCMAKE_INSTALL_PREFIX=/workspaces/isaac_ros-dev/install/vectornav
[14.271s] Invoking command in '/workspaces/isaac_ros-dev/build/vectornav': CMAKE_PREFIX_PATH=/workspaces/isaac_ros-dev/install/vectornav_msgs:/workspaces/isaac_ros-dev/install/yolov8_bringup:/workspaces/isaac_ros-dev/install/xacro:/workspaces/isaac_ros-dev/install/vision_msgs:/workspaces/isaac_ros-dev/install/velodyne_driver:/workspaces/isaac_ros-dev/install/velodyne_msgs:/workspaces/isaac_ros-dev/install/velodyne_laserscan:/workspaces/isaac_ros-dev/install/sdv_msg:/workspaces/isaac_ros-dev/install/sdv_localization_msgs:/workspaces/isaac_ros-dev/install/my_package:/workspaces/isaac_ros-dev/install/multisense_msgs:/workspaces/isaac_ros-dev/install/multisense_lib:/workspaces/isaac_ros-dev/install/isaac_ros_visual_slam_interfaces:/workspaces/isaac_ros-dev/install/isaac_ros_tensor_list_interfaces:/workspaces/isaac_ros-dev/install/isaac_ros_common:/workspaces/isaac_ros-dev/install/isaac_ros_bi3d_interfaces:/workspaces/isaac_ros-dev/install/isaac_ros_apriltag_interfaces:/workspaces/isaac_ros-dev/install/yolov8_ros:/workspaces/isaac_ros-dev/install/panel:/workspaces/isaac_ros-dev/install/isaac_ros_test:/workspaces/isaac_ros-dev/install/encoder:/opt/ros/humble/install LD_LIBRARY_PATH=/workspaces/isaac_ros-dev/install/vectornav_msgs/lib:/workspaces/isaac_ros-dev/install/vision_msgs/lib:/workspaces/isaac_ros-dev/install/velodyne_driver/lib:/workspaces/isaac_ros-dev/install/velodyne_msgs/lib:/workspaces/isaac_ros-dev/install/velodyne_laserscan/lib:/workspaces/isaac_ros-dev/install/sdv_msg/lib:/workspaces/isaac_ros-dev/install/sdv_localization_msgs/lib:/workspaces/isaac_ros-dev/install/multisense_msgs/lib:/workspaces/isaac_ros-dev/install/multisense_lib/lib:/workspaces/isaac_ros-dev/install/isaac_ros_visual_slam_interfaces/lib:/workspaces/isaac_ros-dev/install/isaac_ros_tensor_list_interfaces/lib:/workspaces/isaac_ros-dev/install/isaac_ros_common/lib:/workspaces/isaac_ros-dev/install/isaac_ros_bi3d_interfaces/lib:/workspaces/isaac_ros-dev/install/isaac_ros_apriltag_interfaces/lib:/opt/ros/humble/install/opt/rviz_ogre_vendor/lib:/opt/ros/humble/install/lib:/usr/lib/aarch64-linux-gnu/tegra-egl:/usr/local/cuda-11.4/targets/aarch64-linux/lib:/usr/lib/aarch64-linux-gnu/tegra:/opt/nvidia/vpi2/lib64:/usr/lib/aarch64-linux-gnu-host:/opt/tritonserver/lib PYTHONPATH=/workspaces/isaac_ros-dev/install/vectornav_msgs/lib/python3.8/site-packages:/workspaces/isaac_ros-dev/install/yolov8_ros/lib/python3.8/site-packages:/workspaces/isaac_ros-dev/install/xacro/lib/python3.8/site-packages:/workspaces/isaac_ros-dev/install/vision_msgs/lib/python3.8/site-packages:/workspaces/isaac_ros-dev/install/velodyne_msgs/lib/python3.8/site-packages:/workspaces/isaac_ros-dev/install/sdv_msg/lib/python3.8/site-packages:/workspaces/isaac_ros-dev/install/sdv_localization_msgs/lib/python3.8/site-packages:/workspaces/isaac_ros-dev/install/panel/lib/python3.8/site-packages:/workspaces/isaac_ros-dev/install/multisense_msgs/lib/python3.8/site-packages:/workspaces/isaac_ros-dev/install/isaac_ros_visual_slam_interfaces/lib/python3.8/site-packages:/workspaces/isaac_ros-dev/install/isaac_ros_test/lib/python3.8/site-packages:/workspaces/isaac_ros-dev/install/isaac_ros_tensor_list_interfaces/lib/python3.8/site-packages:/workspaces/isaac_ros-dev/install/isaac_ros_bi3d_interfaces/lib/python3.8/site-packages:/workspaces/isaac_ros-dev/install/isaac_ros_apriltag_interfaces/lib/python3.8/site-packages:/workspaces/isaac_ros-dev/install/encoder/lib/python3.8/site-packages:/opt/ros/humble/install/lib/python3.8/site-packages /usr/bin/cmake --build /workspaces/isaac_ros-dev/build/vectornav -- -j8 -l8
[39.513s] [  3%] [32mBuilding CXX object vnproglib-1.2.0.0/cpp/CMakeFiles/vncxx.dir/src/attitude.cpp.o[0m
[39.513s] [  7%] [32mBuilding CXX object vnproglib-1.2.0.0/cpp/CMakeFiles/vncxx.dir/src/event.cpp.o[0m
[39.514s] [ 10%] [32mBuilding CXX object vnproglib-1.2.0.0/cpp/CMakeFiles/vncxx.dir/src/ezasyncdata.cpp.o[0m
[39.514s] [ 14%] [32mBuilding CXX object vnproglib-1.2.0.0/cpp/CMakeFiles/vncxx.dir/src/memoryport.cpp.o[0m
[39.514s] [ 17%] [32mBuilding CXX object vnproglib-1.2.0.0/cpp/CMakeFiles/vncxx.dir/src/packet.cpp.o[0m
[39.515s] [ 21%] [32mBuilding CXX object vnproglib-1.2.0.0/cpp/CMakeFiles/vncxx.dir/src/packetfinder.cpp.o[0m
[39.515s] [ 25%] [32mBuilding CXX object vnproglib-1.2.0.0/cpp/CMakeFiles/vncxx.dir/src/port.cpp.o[0m
[39.515s] [ 28%] [32mBuilding CXX object vnproglib-1.2.0.0/cpp/CMakeFiles/vncxx.dir/src/position.cpp.o[0m
[39.516s] [ 32%] [32mBuilding CXX object vnproglib-1.2.0.0/cpp/CMakeFiles/vncxx.dir/src/rtcmlistener.cpp.o[0m
[39.516s] [ 35%] [32mBuilding CXX object vnproglib-1.2.0.0/cpp/CMakeFiles/vncxx.dir/src/rtcmmessage.cpp.o[0m
[39.516s] [ 39%] [32mBuilding CXX object vnproglib-1.2.0.0/cpp/CMakeFiles/vncxx.dir/src/searcher.cpp.o[0m
[39.517s] [ 42%] [32mBuilding CXX object vnproglib-1.2.0.0/cpp/CMakeFiles/vncxx.dir/src/sensors.cpp.o[0m
[39.517s] [ 46%] [32mBuilding CXX object vnproglib-1.2.0.0/cpp/CMakeFiles/vncxx.dir/src/serialport.cpp.o[0m
[39.517s] [ 50%] [32mBuilding CXX object vnproglib-1.2.0.0/cpp/CMakeFiles/vncxx.dir/src/thread.cpp.o[0m
[39.518s] [ 53%] [32mBuilding CXX object vnproglib-1.2.0.0/cpp/CMakeFiles/vncxx.dir/src/types.cpp.o[0m
[39.518s] [ 57%] [32mBuilding CXX object vnproglib-1.2.0.0/cpp/CMakeFiles/vncxx.dir/src/util.cpp.o[0m
[39.538s] [ 60%] [32mBuilding CXX object vnproglib-1.2.0.0/cpp/CMakeFiles/vncxx.dir/src/utilities.cpp.o[0m
[40.816s] [ 64%] [32mBuilding CXX object vnproglib-1.2.0.0/cpp/CMakeFiles/vncxx.dir/src/vntime.cpp.o[0m
[41.610s] [ 67%] [32mBuilding CXX object vnproglib-1.2.0.0/cpp/CMakeFiles/vncxx.dir/src/error_detection.cpp.o[0m
[42.644s] [ 71%] [32mBuilding CXX object vnproglib-1.2.0.0/cpp/CMakeFiles/vncxx.dir/src/dllvalidator.cpp.o[0m
[42.772s] [ 75%] [32mBuilding CXX object vnproglib-1.2.0.0/cpp/CMakeFiles/vncxx.dir/src/criticalsection.cpp.o[0m
[43.554s] [ 78%] [32mBuilding CXX object vnproglib-1.2.0.0/cpp/CMakeFiles/vncxx.dir/src/conversions.cpp.o[0m
[44.843s] [ 82%] [32mBuilding CXX object vnproglib-1.2.0.0/cpp/CMakeFiles/vncxx.dir/src/compositedata.cpp.o[0m
[47.461s] [ 85%] [32m[1mLinking CXX shared library libvncxx.so[0m
[47.938s] [ 85%] Built target vncxx
[48.035s] [ 89%] [32mBuilding CXX object CMakeFiles/vn_sensor_msgs.dir/src/vn_sensor_msgs.cc.o[0m
[49.942s] In file included from [01m[K/workspaces/isaac_ros-dev/src/sdv_localization/vectornav/vectornav/src/vn_sensor_msgs.cc:24[m[K:
[49.942s] [01m[K/opt/ros/humble/install/include/tf2_geometry_msgs/tf2_geometry_msgs/tf2_geometry_msgs.h:35:2:[m[K [01;35m[Kwarning: [m[K#warning This header is obsolete, please include tf2_geometry_msgs/tf2_geometry_msgs.hpp instead [[01;35m[K-Wcpp[m[K]
[49.944s]    35 | #[01;35m[Kwarning[m[K This header is obsolete, please include tf2_geometry_msgs/tf2_geometry_msgs.hpp instead
[49.945s]       |  [01;35m[K^~~~~~~[m[K
[155.913s] [ 92%] [32m[1mLinking CXX executable vn_sensor_msgs[0m
[161.347s] [ 92%] Built target vn_sensor_msgs
[161.418s] [ 96%] [32mBuilding CXX object CMakeFiles/vectornav.dir/src/vectornav.cc.o[0m
[188.790s] [100%] [32m[1mLinking CXX executable vectornav[0m
[189.829s] [100%] Built target vectornav
[189.916s] Invoked command in '/workspaces/isaac_ros-dev/build/vectornav' returned '0': CMAKE_PREFIX_PATH=/workspaces/isaac_ros-dev/install/vectornav_msgs:/workspaces/isaac_ros-dev/install/yolov8_bringup:/workspaces/isaac_ros-dev/install/xacro:/workspaces/isaac_ros-dev/install/vision_msgs:/workspaces/isaac_ros-dev/install/velodyne_driver:/workspaces/isaac_ros-dev/install/velodyne_msgs:/workspaces/isaac_ros-dev/install/velodyne_laserscan:/workspaces/isaac_ros-dev/install/sdv_msg:/workspaces/isaac_ros-dev/install/sdv_localization_msgs:/workspaces/isaac_ros-dev/install/my_package:/workspaces/isaac_ros-dev/install/multisense_msgs:/workspaces/isaac_ros-dev/install/multisense_lib:/workspaces/isaac_ros-dev/install/isaac_ros_visual_slam_interfaces:/workspaces/isaac_ros-dev/install/isaac_ros_tensor_list_interfaces:/workspaces/isaac_ros-dev/install/isaac_ros_common:/workspaces/isaac_ros-dev/install/isaac_ros_bi3d_interfaces:/workspaces/isaac_ros-dev/install/isaac_ros_apriltag_interfaces:/workspaces/isaac_ros-dev/install/yolov8_ros:/workspaces/isaac_ros-dev/install/panel:/workspaces/isaac_ros-dev/install/isaac_ros_test:/workspaces/isaac_ros-dev/install/encoder:/opt/ros/humble/install LD_LIBRARY_PATH=/workspaces/isaac_ros-dev/install/vectornav_msgs/lib:/workspaces/isaac_ros-dev/install/vision_msgs/lib:/workspaces/isaac_ros-dev/install/velodyne_driver/lib:/workspaces/isaac_ros-dev/install/velodyne_msgs/lib:/workspaces/isaac_ros-dev/install/velodyne_laserscan/lib:/workspaces/isaac_ros-dev/install/sdv_msg/lib:/workspaces/isaac_ros-dev/install/sdv_localization_msgs/lib:/workspaces/isaac_ros-dev/install/multisense_msgs/lib:/workspaces/isaac_ros-dev/install/multisense_lib/lib:/workspaces/isaac_ros-dev/install/isaac_ros_visual_slam_interfaces/lib:/workspaces/isaac_ros-dev/install/isaac_ros_tensor_list_interfaces/lib:/workspaces/isaac_ros-dev/install/isaac_ros_common/lib:/workspaces/isaac_ros-dev/install/isaac_ros_bi3d_interfaces/lib:/workspaces/isaac_ros-dev/install/isaac_ros_apriltag_interfaces/lib:/opt/ros/humble/install/opt/rviz_ogre_vendor/lib:/opt/ros/humble/install/lib:/usr/lib/aarch64-linux-gnu/tegra-egl:/usr/local/cuda-11.4/targets/aarch64-linux/lib:/usr/lib/aarch64-linux-gnu/tegra:/opt/nvidia/vpi2/lib64:/usr/lib/aarch64-linux-gnu-host:/opt/tritonserver/lib PYTHONPATH=/workspaces/isaac_ros-dev/install/vectornav_msgs/lib/python3.8/site-packages:/workspaces/isaac_ros-dev/install/yolov8_ros/lib/python3.8/site-packages:/workspaces/isaac_ros-dev/install/xacro/lib/python3.8/site-packages:/workspaces/isaac_ros-dev/install/vision_msgs/lib/python3.8/site-packages:/workspaces/isaac_ros-dev/install/velodyne_msgs/lib/python3.8/site-packages:/workspaces/isaac_ros-dev/install/sdv_msg/lib/python3.8/site-packages:/workspaces/isaac_ros-dev/install/sdv_localization_msgs/lib/python3.8/site-packages:/workspaces/isaac_ros-dev/install/panel/lib/python3.8/site-packages:/workspaces/isaac_ros-dev/install/multisense_msgs/lib/python3.8/site-packages:/workspaces/isaac_ros-dev/install/isaac_ros_visual_slam_interfaces/lib/python3.8/site-packages:/workspaces/isaac_ros-dev/install/isaac_ros_test/lib/python3.8/site-packages:/workspaces/isaac_ros-dev/install/isaac_ros_tensor_list_interfaces/lib/python3.8/site-packages:/workspaces/isaac_ros-dev/install/isaac_ros_bi3d_interfaces/lib/python3.8/site-packages:/workspaces/isaac_ros-dev/install/isaac_ros_apriltag_interfaces/lib/python3.8/site-packages:/workspaces/isaac_ros-dev/install/encoder/lib/python3.8/site-packages:/opt/ros/humble/install/lib/python3.8/site-packages /usr/bin/cmake --build /workspaces/isaac_ros-dev/build/vectornav -- -j8 -l8
[190.179s] Invoking command in '/workspaces/isaac_ros-dev/build/vectornav': CMAKE_PREFIX_PATH=/workspaces/isaac_ros-dev/install/vectornav_msgs:/workspaces/isaac_ros-dev/install/yolov8_bringup:/workspaces/isaac_ros-dev/install/xacro:/workspaces/isaac_ros-dev/install/vision_msgs:/workspaces/isaac_ros-dev/install/velodyne_driver:/workspaces/isaac_ros-dev/install/velodyne_msgs:/workspaces/isaac_ros-dev/install/velodyne_laserscan:/workspaces/isaac_ros-dev/install/sdv_msg:/workspaces/isaac_ros-dev/install/sdv_localization_msgs:/workspaces/isaac_ros-dev/install/my_package:/workspaces/isaac_ros-dev/install/multisense_msgs:/workspaces/isaac_ros-dev/install/multisense_lib:/workspaces/isaac_ros-dev/install/isaac_ros_visual_slam_interfaces:/workspaces/isaac_ros-dev/install/isaac_ros_tensor_list_interfaces:/workspaces/isaac_ros-dev/install/isaac_ros_common:/workspaces/isaac_ros-dev/install/isaac_ros_bi3d_interfaces:/workspaces/isaac_ros-dev/install/isaac_ros_apriltag_interfaces:/workspaces/isaac_ros-dev/install/yolov8_ros:/workspaces/isaac_ros-dev/install/panel:/workspaces/isaac_ros-dev/install/isaac_ros_test:/workspaces/isaac_ros-dev/install/encoder:/opt/ros/humble/install LD_LIBRARY_PATH=/workspaces/isaac_ros-dev/install/vectornav_msgs/lib:/workspaces/isaac_ros-dev/install/vision_msgs/lib:/workspaces/isaac_ros-dev/install/velodyne_driver/lib:/workspaces/isaac_ros-dev/install/velodyne_msgs/lib:/workspaces/isaac_ros-dev/install/velodyne_laserscan/lib:/workspaces/isaac_ros-dev/install/sdv_msg/lib:/workspaces/isaac_ros-dev/install/sdv_localization_msgs/lib:/workspaces/isaac_ros-dev/install/multisense_msgs/lib:/workspaces/isaac_ros-dev/install/multisense_lib/lib:/workspaces/isaac_ros-dev/install/isaac_ros_visual_slam_interfaces/lib:/workspaces/isaac_ros-dev/install/isaac_ros_tensor_list_interfaces/lib:/workspaces/isaac_ros-dev/install/isaac_ros_common/lib:/workspaces/isaac_ros-dev/install/isaac_ros_bi3d_interfaces/lib:/workspaces/isaac_ros-dev/install/isaac_ros_apriltag_interfaces/lib:/opt/ros/humble/install/opt/rviz_ogre_vendor/lib:/opt/ros/humble/install/lib:/usr/lib/aarch64-linux-gnu/tegra-egl:/usr/local/cuda-11.4/targets/aarch64-linux/lib:/usr/lib/aarch64-linux-gnu/tegra:/opt/nvidia/vpi2/lib64:/usr/lib/aarch64-linux-gnu-host:/opt/tritonserver/lib PYTHONPATH=/workspaces/isaac_ros-dev/install/vectornav_msgs/lib/python3.8/site-packages:/workspaces/isaac_ros-dev/install/yolov8_ros/lib/python3.8/site-packages:/workspaces/isaac_ros-dev/install/xacro/lib/python3.8/site-packages:/workspaces/isaac_ros-dev/install/vision_msgs/lib/python3.8/site-packages:/workspaces/isaac_ros-dev/install/velodyne_msgs/lib/python3.8/site-packages:/workspaces/isaac_ros-dev/install/sdv_msg/lib/python3.8/site-packages:/workspaces/isaac_ros-dev/install/sdv_localization_msgs/lib/python3.8/site-packages:/workspaces/isaac_ros-dev/install/panel/lib/python3.8/site-packages:/workspaces/isaac_ros-dev/install/multisense_msgs/lib/python3.8/site-packages:/workspaces/isaac_ros-dev/install/isaac_ros_visual_slam_interfaces/lib/python3.8/site-packages:/workspaces/isaac_ros-dev/install/isaac_ros_test/lib/python3.8/site-packages:/workspaces/isaac_ros-dev/install/isaac_ros_tensor_list_interfaces/lib/python3.8/site-packages:/workspaces/isaac_ros-dev/install/isaac_ros_bi3d_interfaces/lib/python3.8/site-packages:/workspaces/isaac_ros-dev/install/isaac_ros_apriltag_interfaces/lib/python3.8/site-packages:/workspaces/isaac_ros-dev/install/encoder/lib/python3.8/site-packages:/opt/ros/humble/install/lib/python3.8/site-packages /usr/bin/cmake --install /workspaces/isaac_ros-dev/build/vectornav
[190.216s] -- Install configuration: ""
[190.220s] -- Installing: /workspaces/isaac_ros-dev/install/vectornav/lib/vectornav/vectornav
[190.238s] -- Set runtime path of "/workspaces/isaac_ros-dev/install/vectornav/lib/vectornav/vectornav" to ""
[190.239s] -- Installing: /workspaces/isaac_ros-dev/install/vectornav/lib/vectornav/vn_sensor_msgs
[190.353s] -- Set runtime path of "/workspaces/isaac_ros-dev/install/vectornav/lib/vectornav/vn_sensor_msgs" to ""
[190.356s] -- Installing: /workspaces/isaac_ros-dev/install/vectornav/share/vectornav//config
[190.358s] -- Installing: /workspaces/isaac_ros-dev/install/vectornav/share/vectornav//config/vectornav.yaml
[190.361s] -- Installing: /workspaces/isaac_ros-dev/install/vectornav/share/vectornav//config/vn_100_800hz.yaml
[190.363s] -- Installing: /workspaces/isaac_ros-dev/install/vectornav/share/vectornav//launch
[190.365s] -- Installing: /workspaces/isaac_ros-dev/install/vectornav/share/vectornav//launch/vectornav.launch.py
[190.367s] -- Installing: /workspaces/isaac_ros-dev/install/vectornav/share/vectornav//launch/__pycache__
[190.368s] -- Installing: /workspaces/isaac_ros-dev/install/vectornav/share/vectornav//launch/__pycache__/vectornav.launch.cpython-38.pyc
[190.371s] -- Installing: /workspaces/isaac_ros-dev/install/vectornav/share/ament_index/resource_index/package_run_dependencies/vectornav
[190.373s] -- Installing: /workspaces/isaac_ros-dev/install/vectornav/share/ament_index/resource_index/parent_prefix_path/vectornav
[190.376s] -- Installing: /workspaces/isaac_ros-dev/install/vectornav/share/vectornav/environment/ament_prefix_path.sh
[190.377s] -- Installing: /workspaces/isaac_ros-dev/install/vectornav/share/vectornav/environment/ament_prefix_path.dsv
[190.380s] -- Installing: /workspaces/isaac_ros-dev/install/vectornav/share/vectornav/environment/path.sh
[190.382s] -- Installing: /workspaces/isaac_ros-dev/install/vectornav/share/vectornav/environment/path.dsv
[190.384s] -- Installing: /workspaces/isaac_ros-dev/install/vectornav/share/vectornav/local_setup.bash
[190.386s] -- Installing: /workspaces/isaac_ros-dev/install/vectornav/share/vectornav/local_setup.sh
[190.388s] -- Installing: /workspaces/isaac_ros-dev/install/vectornav/share/vectornav/local_setup.zsh
[190.390s] -- Installing: /workspaces/isaac_ros-dev/install/vectornav/share/vectornav/local_setup.dsv
[190.392s] -- Installing: /workspaces/isaac_ros-dev/install/vectornav/share/vectornav/package.dsv
[190.393s] -- Installing: /workspaces/isaac_ros-dev/install/vectornav/share/ament_index/resource_index/packages/vectornav
[190.396s] -- Installing: /workspaces/isaac_ros-dev/install/vectornav/share/vectornav/cmake/ament_cmake_export_dependencies-extras.cmake
[190.398s] -- Installing: /workspaces/isaac_ros-dev/install/vectornav/share/vectornav/cmake/vectornavConfig.cmake
[190.400s] -- Installing: /workspaces/isaac_ros-dev/install/vectornav/share/vectornav/cmake/vectornavConfig-version.cmake
[190.402s] -- Installing: /workspaces/isaac_ros-dev/install/vectornav/share/vectornav/package.xml
[190.404s] -- Installing: /workspaces/isaac_ros-dev/install/vectornav/lib/libvncxx.so
[190.412s] -- Installing: /workspaces/isaac_ros-dev/install/vectornav/include/vn
[190.414s] -- Installing: /workspaces/isaac_ros-dev/install/vectornav/include/vn/memoryport.h
[190.415s] -- Installing: /workspaces/isaac_ros-dev/install/vectornav/include/vn/mock.h
[190.417s] -- Installing: /workspaces/isaac_ros-dev/install/vectornav/include/vn/exceptions.h
[190.420s] -- Installing: /workspaces/isaac_ros-dev/install/vectornav/include/vn/rtcmlistener.h
[190.421s] -- Installing: /workspaces/isaac_ros-dev/install/vectornav/include/vn/thread.h
[190.423s] -- Installing: /workspaces/isaac_ros-dev/install/vectornav/include/vn/boostpython.h
[190.425s] -- Installing: /workspaces/isaac_ros-dev/install/vectornav/include/vn/event.h
[190.426s] -- Installing: /workspaces/isaac_ros-dev/install/vectornav/include/vn/ezasyncdata.h
[190.428s] -- Installing: /workspaces/isaac_ros-dev/install/vectornav/include/vn/conversions.h
[190.430s] -- Installing: /workspaces/isaac_ros-dev/install/vectornav/include/vn/error_detection.h
[190.431s] -- Installing: /workspaces/isaac_ros-dev/install/vectornav/include/vn/export.h
[190.433s] -- Installing: /workspaces/isaac_ros-dev/install/vectornav/include/vn/nocopy.h
[190.434s] -- Installing: /workspaces/isaac_ros-dev/install/vectornav/include/vn/packetfinder.h
[190.436s] -- Installing: /workspaces/isaac_ros-dev/install/vectornav/include/vn/compiler.h
[190.438s] -- Installing: /workspaces/isaac_ros-dev/install/vectornav/include/vn/dllvalidator.h
[190.440s] -- Installing: /workspaces/isaac_ros-dev/install/vectornav/include/vn/searcher.h
[190.442s] -- Installing: /workspaces/isaac_ros-dev/install/vectornav/include/vn/criticalsection.h
[190.443s] -- Installing: /workspaces/isaac_ros-dev/install/vectornav/include/vn/util.h
[190.445s] -- Installing: /workspaces/isaac_ros-dev/install/vectornav/include/vn/vntime.h
[190.446s] -- Installing: /workspaces/isaac_ros-dev/install/vectornav/include/vn/types.h
[190.448s] -- Installing: /workspaces/isaac_ros-dev/install/vectornav/include/vn/matrix.h
[190.450s] -- Installing: /workspaces/isaac_ros-dev/install/vectornav/include/vn/int.h
[190.451s] -- Installing: /workspaces/isaac_ros-dev/install/vectornav/include/vn/rtcmmessage.h
[190.453s] -- Installing: /workspaces/isaac_ros-dev/install/vectornav/include/vn/packet.h
[190.455s] -- Installing: /workspaces/isaac_ros-dev/install/vectornav/include/vn/utilities.h
[190.457s] -- Installing: /workspaces/isaac_ros-dev/install/vectornav/include/vn/attitude.h
[190.458s] -- Installing: /workspaces/isaac_ros-dev/install/vectornav/include/vn/sensors.h
[190.461s] -- Installing: /workspaces/isaac_ros-dev/install/vectornav/include/vn/consts.h
[190.463s] -- Installing: /workspaces/isaac_ros-dev/install/vectornav/include/vn/vector.h
[190.465s] -- Installing: /workspaces/isaac_ros-dev/install/vectornav/include/vn/position.h
[190.467s] -- Installing: /workspaces/isaac_ros-dev/install/vectornav/include/vn/registers.h
[190.468s] -- Installing: /workspaces/isaac_ros-dev/install/vectornav/include/vn/compositedata.h
[190.470s] -- Installing: /workspaces/isaac_ros-dev/install/vectornav/include/vn/signal.h
[190.473s] -- Installing: /workspaces/isaac_ros-dev/install/vectornav/include/vn/port.h
[190.474s] -- Installing: /workspaces/isaac_ros-dev/install/vectornav/include/vn/serialport.h
[190.493s] Invoked command in '/workspaces/isaac_ros-dev/build/vectornav' returned '0': CMAKE_PREFIX_PATH=/workspaces/isaac_ros-dev/install/vectornav_msgs:/workspaces/isaac_ros-dev/install/yolov8_bringup:/workspaces/isaac_ros-dev/install/xacro:/workspaces/isaac_ros-dev/install/vision_msgs:/workspaces/isaac_ros-dev/install/velodyne_driver:/workspaces/isaac_ros-dev/install/velodyne_msgs:/workspaces/isaac_ros-dev/install/velodyne_laserscan:/workspaces/isaac_ros-dev/install/sdv_msg:/workspaces/isaac_ros-dev/install/sdv_localization_msgs:/workspaces/isaac_ros-dev/install/my_package:/workspaces/isaac_ros-dev/install/multisense_msgs:/workspaces/isaac_ros-dev/install/multisense_lib:/workspaces/isaac_ros-dev/install/isaac_ros_visual_slam_interfaces:/workspaces/isaac_ros-dev/install/isaac_ros_tensor_list_interfaces:/workspaces/isaac_ros-dev/install/isaac_ros_common:/workspaces/isaac_ros-dev/install/isaac_ros_bi3d_interfaces:/workspaces/isaac_ros-dev/install/isaac_ros_apriltag_interfaces:/workspaces/isaac_ros-dev/install/yolov8_ros:/workspaces/isaac_ros-dev/install/panel:/workspaces/isaac_ros-dev/install/isaac_ros_test:/workspaces/isaac_ros-dev/install/encoder:/opt/ros/humble/install LD_LIBRARY_PATH=/workspaces/isaac_ros-dev/install/vectornav_msgs/lib:/workspaces/isaac_ros-dev/install/vision_msgs/lib:/workspaces/isaac_ros-dev/install/velodyne_driver/lib:/workspaces/isaac_ros-dev/install/velodyne_msgs/lib:/workspaces/isaac_ros-dev/install/velodyne_laserscan/lib:/workspaces/isaac_ros-dev/install/sdv_msg/lib:/workspaces/isaac_ros-dev/install/sdv_localization_msgs/lib:/workspaces/isaac_ros-dev/install/multisense_msgs/lib:/workspaces/isaac_ros-dev/install/multisense_lib/lib:/workspaces/isaac_ros-dev/install/isaac_ros_visual_slam_interfaces/lib:/workspaces/isaac_ros-dev/install/isaac_ros_tensor_list_interfaces/lib:/workspaces/isaac_ros-dev/install/isaac_ros_common/lib:/workspaces/isaac_ros-dev/install/isaac_ros_bi3d_interfaces/lib:/workspaces/isaac_ros-dev/install/isaac_ros_apriltag_interfaces/lib:/opt/ros/humble/install/opt/rviz_ogre_vendor/lib:/opt/ros/humble/install/lib:/usr/lib/aarch64-linux-gnu/tegra-egl:/usr/local/cuda-11.4/targets/aarch64-linux/lib:/usr/lib/aarch64-linux-gnu/tegra:/opt/nvidia/vpi2/lib64:/usr/lib/aarch64-linux-gnu-host:/opt/tritonserver/lib PYTHONPATH=/workspaces/isaac_ros-dev/install/vectornav_msgs/lib/python3.8/site-packages:/workspaces/isaac_ros-dev/install/yolov8_ros/lib/python3.8/site-packages:/workspaces/isaac_ros-dev/install/xacro/lib/python3.8/site-packages:/workspaces/isaac_ros-dev/install/vision_msgs/lib/python3.8/site-packages:/workspaces/isaac_ros-dev/install/velodyne_msgs/lib/python3.8/site-packages:/workspaces/isaac_ros-dev/install/sdv_msg/lib/python3.8/site-packages:/workspaces/isaac_ros-dev/install/sdv_localization_msgs/lib/python3.8/site-packages:/workspaces/isaac_ros-dev/install/panel/lib/python3.8/site-packages:/workspaces/isaac_ros-dev/install/multisense_msgs/lib/python3.8/site-packages:/workspaces/isaac_ros-dev/install/isaac_ros_visual_slam_interfaces/lib/python3.8/site-packages:/workspaces/isaac_ros-dev/install/isaac_ros_test/lib/python3.8/site-packages:/workspaces/isaac_ros-dev/install/isaac_ros_tensor_list_interfaces/lib/python3.8/site-packages:/workspaces/isaac_ros-dev/install/isaac_ros_bi3d_interfaces/lib/python3.8/site-packages:/workspaces/isaac_ros-dev/install/isaac_ros_apriltag_interfaces/lib/python3.8/site-packages:/workspaces/isaac_ros-dev/install/encoder/lib/python3.8/site-packages:/opt/ros/humble/install/lib/python3.8/site-packages /usr/bin/cmake --install /workspaces/isaac_ros-dev/build/vectornav
