[0.569s] Invoking command in '/workspaces/isaac_ros-dev/build/vectornav_msgs': CMAKE_PREFIX_PATH=/workspaces/isaac_ros-dev/install/yolov8_bringup:/workspaces/isaac_ros-dev/install/multisense_ros:/workspaces/isaac_ros-dev/install/xacro:/workspaces/isaac_ros-dev/install/vision_msgs_rviz_plugins:/workspaces/isaac_ros-dev/install/vision_msgs:/workspaces/isaac_ros-dev/install/velodyne:/workspaces/isaac_ros-dev/install/velodyne_pointcloud:/workspaces/isaac_ros-dev/install/velodyne_driver:/workspaces/isaac_ros-dev/install/velodyne_msgs:/workspaces/isaac_ros-dev/install/velodyne_laserscan:/workspaces/isaac_ros-dev/install/vectornav:/workspaces/isaac_ros-dev/install/sdv_localization:/workspaces/isaac_ros-dev/install/vectornav_msgs:/workspaces/isaac_ros-dev/install/slam_toolbox:/workspaces/isaac_ros-dev/install/sdv_msg:/workspaces/isaac_ros-dev/install/sdv_localization_msgs:/workspaces/isaac_ros-dev/install/pointcloud_to_laserscan:/workspaces/isaac_ros-dev/install/my_package:/workspaces/isaac_ros-dev/install/multisense_msgs:/workspaces/isaac_ros-dev/install/multisense_lib:/workspaces/isaac_ros-dev/install/isaac_ros_visual_slam:/workspaces/isaac_ros-dev/install/isaac_ros_visual_slam_interfaces:/workspaces/isaac_ros-dev/install/isaac_ros_tensor_list_interfaces:/workspaces/isaac_ros-dev/install/isaac_ros_common:/workspaces/isaac_ros-dev/install/isaac_ros_bi3d_interfaces:/workspaces/isaac_ros-dev/install/isaac_ros_apriltag_interfaces:/workspaces/isaac_ros-dev/install/yolov8_ros:/workspaces/isaac_ros-dev/install/xbox_controller:/workspaces/isaac_ros-dev/install/panel:/workspaces/isaac_ros-dev/install/isaac_ros_test:/workspaces/isaac_ros-dev/install/encoder:/opt/ros/humble/install /usr/bin/cmake --build /workspaces/isaac_ros-dev/build/vectornav_msgs -- -j8 -l8
[2.429s] [  0%] Built target vectornav_msgs__cpp
[2.429s] [ 12%] Built target vectornav_msgs__rosidl_generator_c
[2.430s] [ 12%] Built target ament_cmake_python_copy_vectornav_msgs
[2.430s] [ 23%] Built target vectornav_msgs__rosidl_typesupport_fastrtps_cpp
[2.430s] [ 35%] Built target vectornav_msgs__rosidl_typesupport_c
[2.430s] [ 47%] Built target vectornav_msgs__rosidl_typesupport_cpp
[2.431s] [ 68%] Built target vectornav_msgs__rosidl_typesupport_fastrtps_c
[2.431s] [ 71%] Built target vectornav_msgs__rosidl_typesupport_introspection_cpp
[2.431s] [ 83%] Built target vectornav_msgs__rosidl_typesupport_introspection_c
[2.431s] [ 83%] Built target vectornav_msgs
[2.432s] [ 84%] Built target vectornav_msgs__py
[2.434s] [ 95%] Built target vectornav_msgs__rosidl_generator_py
[2.434s] [ 97%] Built target vectornav_msgs__rosidl_typesupport_introspection_c__pyext
[2.435s] [ 99%] Built target vectornav_msgs__rosidl_typesupport_fastrtps_c__pyext
[2.435s] [100%] Built target vectornav_msgs__rosidl_typesupport_c__pyext
[2.517s] running egg_info
[2.586s] writing vectornav_msgs.egg-info/PKG-INFO
[2.587s] writing dependency_links to vectornav_msgs.egg-info/dependency_links.txt
[2.591s] writing top-level names to vectornav_msgs.egg-info/top_level.txt
[3.013s] reading manifest file 'vectornav_msgs.egg-info/SOURCES.txt'
[3.022s] writing manifest file 'vectornav_msgs.egg-info/SOURCES.txt'
[3.476s] [100%] Built target ament_cmake_python_build_vectornav_msgs_egg
[3.543s] Invoked command in '/workspaces/isaac_ros-dev/build/vectornav_msgs' returned '0': CMAKE_PREFIX_PATH=/workspaces/isaac_ros-dev/install/yolov8_bringup:/workspaces/isaac_ros-dev/install/multisense_ros:/workspaces/isaac_ros-dev/install/xacro:/workspaces/isaac_ros-dev/install/vision_msgs_rviz_plugins:/workspaces/isaac_ros-dev/install/vision_msgs:/workspaces/isaac_ros-dev/install/velodyne:/workspaces/isaac_ros-dev/install/velodyne_pointcloud:/workspaces/isaac_ros-dev/install/velodyne_driver:/workspaces/isaac_ros-dev/install/velodyne_msgs:/workspaces/isaac_ros-dev/install/velodyne_laserscan:/workspaces/isaac_ros-dev/install/vectornav:/workspaces/isaac_ros-dev/install/sdv_localization:/workspaces/isaac_ros-dev/install/vectornav_msgs:/workspaces/isaac_ros-dev/install/slam_toolbox:/workspaces/isaac_ros-dev/install/sdv_msg:/workspaces/isaac_ros-dev/install/sdv_localization_msgs:/workspaces/isaac_ros-dev/install/pointcloud_to_laserscan:/workspaces/isaac_ros-dev/install/my_package:/workspaces/isaac_ros-dev/install/multisense_msgs:/workspaces/isaac_ros-dev/install/multisense_lib:/workspaces/isaac_ros-dev/install/isaac_ros_visual_slam:/workspaces/isaac_ros-dev/install/isaac_ros_visual_slam_interfaces:/workspaces/isaac_ros-dev/install/isaac_ros_tensor_list_interfaces:/workspaces/isaac_ros-dev/install/isaac_ros_common:/workspaces/isaac_ros-dev/install/isaac_ros_bi3d_interfaces:/workspaces/isaac_ros-dev/install/isaac_ros_apriltag_interfaces:/workspaces/isaac_ros-dev/install/yolov8_ros:/workspaces/isaac_ros-dev/install/xbox_controller:/workspaces/isaac_ros-dev/install/panel:/workspaces/isaac_ros-dev/install/isaac_ros_test:/workspaces/isaac_ros-dev/install/encoder:/opt/ros/humble/install /usr/bin/cmake --build /workspaces/isaac_ros-dev/build/vectornav_msgs -- -j8 -l8
[7.101s] Invoking command in '/workspaces/isaac_ros-dev/build/vectornav_msgs': CMAKE_PREFIX_PATH=/workspaces/isaac_ros-dev/install/yolov8_bringup:/workspaces/isaac_ros-dev/install/multisense_ros:/workspaces/isaac_ros-dev/install/xacro:/workspaces/isaac_ros-dev/install/vision_msgs_rviz_plugins:/workspaces/isaac_ros-dev/install/vision_msgs:/workspaces/isaac_ros-dev/install/velodyne:/workspaces/isaac_ros-dev/install/velodyne_pointcloud:/workspaces/isaac_ros-dev/install/velodyne_driver:/workspaces/isaac_ros-dev/install/velodyne_msgs:/workspaces/isaac_ros-dev/install/velodyne_laserscan:/workspaces/isaac_ros-dev/install/vectornav:/workspaces/isaac_ros-dev/install/sdv_localization:/workspaces/isaac_ros-dev/install/vectornav_msgs:/workspaces/isaac_ros-dev/install/slam_toolbox:/workspaces/isaac_ros-dev/install/sdv_msg:/workspaces/isaac_ros-dev/install/sdv_localization_msgs:/workspaces/isaac_ros-dev/install/pointcloud_to_laserscan:/workspaces/isaac_ros-dev/install/my_package:/workspaces/isaac_ros-dev/install/multisense_msgs:/workspaces/isaac_ros-dev/install/multisense_lib:/workspaces/isaac_ros-dev/install/isaac_ros_visual_slam:/workspaces/isaac_ros-dev/install/isaac_ros_visual_slam_interfaces:/workspaces/isaac_ros-dev/install/isaac_ros_tensor_list_interfaces:/workspaces/isaac_ros-dev/install/isaac_ros_common:/workspaces/isaac_ros-dev/install/isaac_ros_bi3d_interfaces:/workspaces/isaac_ros-dev/install/isaac_ros_apriltag_interfaces:/workspaces/isaac_ros-dev/install/yolov8_ros:/workspaces/isaac_ros-dev/install/xbox_controller:/workspaces/isaac_ros-dev/install/panel:/workspaces/isaac_ros-dev/install/isaac_ros_test:/workspaces/isaac_ros-dev/install/encoder:/opt/ros/humble/install /usr/bin/cmake --install /workspaces/isaac_ros-dev/build/vectornav_msgs
[7.210s] -- Install configuration: ""
[7.210s] -- Up-to-date: /workspaces/isaac_ros-dev/install/vectornav_msgs/share/ament_index/resource_index/rosidl_interfaces/vectornav_msgs
[7.211s] -- Up-to-date: /workspaces/isaac_ros-dev/install/vectornav_msgs/include/vectornav_msgs/vectornav_msgs
[7.211s] -- Up-to-date: /workspaces/isaac_ros-dev/install/vectornav_msgs/include/vectornav_msgs/vectornav_msgs/msg
[7.211s] -- Up-to-date: /workspaces/isaac_ros-dev/install/vectornav_msgs/include/vectornav_msgs/vectornav_msgs/msg/rosidl_generator_c__visibility_control.h
[7.217s] -- Up-to-date: /workspaces/isaac_ros-dev/install/vectornav_msgs/include/vectornav_msgs/vectornav_msgs/msg/vpe_status.h
[7.217s] -- Up-to-date: /workspaces/isaac_ros-dev/install/vectornav_msgs/include/vectornav_msgs/vectornav_msgs/msg/ins_status.h
[7.218s] -- Up-to-date: /workspaces/isaac_ros-dev/install/vectornav_msgs/include/vectornav_msgs/vectornav_msgs/msg/dop.h
[7.218s] -- Up-to-date: /workspaces/isaac_ros-dev/install/vectornav_msgs/include/vectornav_msgs/vectornav_msgs/msg/gps_group.h
[7.225s] -- Up-to-date: /workspaces/isaac_ros-dev/install/vectornav_msgs/include/vectornav_msgs/vectornav_msgs/msg/common_group.h
[7.226s] -- Up-to-date: /workspaces/isaac_ros-dev/install/vectornav_msgs/include/vectornav_msgs/vectornav_msgs/msg/imu_group.h
[7.226s] -- Up-to-date: /workspaces/isaac_ros-dev/install/vectornav_msgs/include/vectornav_msgs/vectornav_msgs/msg/detail
[7.226s] -- Up-to-date: /workspaces/isaac_ros-dev/install/vectornav_msgs/include/vectornav_msgs/vectornav_msgs/msg/detail/time_utc__functions.h
[7.227s] -- Up-to-date: /workspaces/isaac_ros-dev/install/vectornav_msgs/include/vectornav_msgs/vectornav_msgs/msg/detail/time_utc__type_support.h
[7.227s] -- Up-to-date: /workspaces/isaac_ros-dev/install/vectornav_msgs/include/vectornav_msgs/vectornav_msgs/msg/detail/time_status__functions.h
[7.227s] -- Up-to-date: /workspaces/isaac_ros-dev/install/vectornav_msgs/include/vectornav_msgs/vectornav_msgs/msg/detail/ins_group__struct.h
[7.227s] -- Up-to-date: /workspaces/isaac_ros-dev/install/vectornav_msgs/include/vectornav_msgs/vectornav_msgs/msg/detail/dop__type_support.h
[7.228s] -- Up-to-date: /workspaces/isaac_ros-dev/install/vectornav_msgs/include/vectornav_msgs/vectornav_msgs/msg/detail/gps_group__functions.h
[7.228s] -- Up-to-date: /workspaces/isaac_ros-dev/install/vectornav_msgs/include/vectornav_msgs/vectornav_msgs/msg/detail/time_group__type_support.h
[7.228s] -- Up-to-date: /workspaces/isaac_ros-dev/install/vectornav_msgs/include/vectornav_msgs/vectornav_msgs/msg/detail/time_utc__functions.c
[7.229s] -- Up-to-date: /workspaces/isaac_ros-dev/install/vectornav_msgs/include/vectornav_msgs/vectornav_msgs/msg/detail/vpe_status__functions.h
[7.230s] -- Up-to-date: /workspaces/isaac_ros-dev/install/vectornav_msgs/include/vectornav_msgs/vectornav_msgs/msg/detail/time_status__struct.h
[7.231s] -- Up-to-date: /workspaces/isaac_ros-dev/install/vectornav_msgs/include/vectornav_msgs/vectornav_msgs/msg/detail/imu_group__struct.h
[7.231s] -- Up-to-date: /workspaces/isaac_ros-dev/install/vectornav_msgs/include/vectornav_msgs/vectornav_msgs/msg/detail/ins_status__struct.h
[7.231s] -- Up-to-date: /workspaces/isaac_ros-dev/install/vectornav_msgs/include/vectornav_msgs/vectornav_msgs/msg/detail/attitude_group__functions.h
[7.231s] -- Up-to-date: /workspaces/isaac_ros-dev/install/vectornav_msgs/include/vectornav_msgs/vectornav_msgs/msg/detail/imu_group__functions.h
[7.232s] -- Up-to-date: /workspaces/isaac_ros-dev/install/vectornav_msgs/include/vectornav_msgs/vectornav_msgs/msg/detail/common_group__type_support.h
[7.232s] -- Up-to-date: /workspaces/isaac_ros-dev/install/vectornav_msgs/include/vectornav_msgs/vectornav_msgs/msg/detail/attitude_group__struct.h
[7.232s] -- Up-to-date: /workspaces/isaac_ros-dev/install/vectornav_msgs/include/vectornav_msgs/vectornav_msgs/msg/detail/vpe_status__functions.c
[7.233s] -- Up-to-date: /workspaces/isaac_ros-dev/install/vectornav_msgs/include/vectornav_msgs/vectornav_msgs/msg/detail/imu_group__functions.c
[7.233s] -- Up-to-date: /workspaces/isaac_ros-dev/install/vectornav_msgs/include/vectornav_msgs/vectornav_msgs/msg/detail/dop__functions.c
[7.233s] -- Up-to-date: /workspaces/isaac_ros-dev/install/vectornav_msgs/include/vectornav_msgs/vectornav_msgs/msg/detail/dop__struct.h
[7.239s] -- Up-to-date: /workspaces/isaac_ros-dev/install/vectornav_msgs/include/vectornav_msgs/vectornav_msgs/msg/detail/gps_group__functions.c
[7.247s] -- Up-to-date: /workspaces/isaac_ros-dev/install/vectornav_msgs/include/vectornav_msgs/vectornav_msgs/msg/detail/ins_status__functions.h
[7.247s] -- Up-to-date: /workspaces/isaac_ros-dev/install/vectornav_msgs/include/vectornav_msgs/vectornav_msgs/msg/detail/gps_group__type_support.h
[7.247s] -- Up-to-date: /workspaces/isaac_ros-dev/install/vectornav_msgs/include/vectornav_msgs/vectornav_msgs/msg/detail/time_utc__struct.h
[7.248s] -- Up-to-date: /workspaces/isaac_ros-dev/install/vectornav_msgs/include/vectornav_msgs/vectornav_msgs/msg/detail/ins_status__type_support.h
[7.248s] -- Up-to-date: /workspaces/isaac_ros-dev/install/vectornav_msgs/include/vectornav_msgs/vectornav_msgs/msg/detail/ins_group__functions.c
[7.248s] -- Up-to-date: /workspaces/isaac_ros-dev/install/vectornav_msgs/include/vectornav_msgs/vectornav_msgs/msg/detail/common_group__functions.h
[7.249s] -- Up-to-date: /workspaces/isaac_ros-dev/install/vectornav_msgs/include/vectornav_msgs/vectornav_msgs/msg/detail/time_status__functions.c
[7.249s] -- Up-to-date: /workspaces/isaac_ros-dev/install/vectornav_msgs/include/vectornav_msgs/vectornav_msgs/msg/detail/common_group__functions.c
[7.249s] -- Up-to-date: /workspaces/isaac_ros-dev/install/vectornav_msgs/include/vectornav_msgs/vectornav_msgs/msg/detail/imu_group__type_support.h
[7.249s] -- Up-to-date: /workspaces/isaac_ros-dev/install/vectornav_msgs/include/vectornav_msgs/vectornav_msgs/msg/detail/time_group__functions.c
[7.250s] -- Up-to-date: /workspaces/isaac_ros-dev/install/vectornav_msgs/include/vectornav_msgs/vectornav_msgs/msg/detail/time_status__type_support.h
[7.250s] -- Up-to-date: /workspaces/isaac_ros-dev/install/vectornav_msgs/include/vectornav_msgs/vectornav_msgs/msg/detail/time_group__functions.h
[7.250s] -- Up-to-date: /workspaces/isaac_ros-dev/install/vectornav_msgs/include/vectornav_msgs/vectornav_msgs/msg/detail/dop__functions.h
[7.250s] -- Up-to-date: /workspaces/isaac_ros-dev/install/vectornav_msgs/include/vectornav_msgs/vectornav_msgs/msg/detail/attitude_group__functions.c
[7.251s] -- Up-to-date: /workspaces/isaac_ros-dev/install/vectornav_msgs/include/vectornav_msgs/vectornav_msgs/msg/detail/gps_group__struct.h
[7.251s] -- Up-to-date: /workspaces/isaac_ros-dev/install/vectornav_msgs/include/vectornav_msgs/vectornav_msgs/msg/detail/attitude_group__type_support.h
[7.251s] -- Up-to-date: /workspaces/isaac_ros-dev/install/vectornav_msgs/include/vectornav_msgs/vectornav_msgs/msg/detail/ins_group__functions.h
[7.251s] -- Up-to-date: /workspaces/isaac_ros-dev/install/vectornav_msgs/include/vectornav_msgs/vectornav_msgs/msg/detail/common_group__struct.h
[7.251s] -- Up-to-date: /workspaces/isaac_ros-dev/install/vectornav_msgs/include/vectornav_msgs/vectornav_msgs/msg/detail/time_group__struct.h
[7.252s] -- Up-to-date: /workspaces/isaac_ros-dev/install/vectornav_msgs/include/vectornav_msgs/vectornav_msgs/msg/detail/ins_status__functions.c
[7.252s] -- Up-to-date: /workspaces/isaac_ros-dev/install/vectornav_msgs/include/vectornav_msgs/vectornav_msgs/msg/detail/vpe_status__type_support.h
[7.253s] -- Up-to-date: /workspaces/isaac_ros-dev/install/vectornav_msgs/include/vectornav_msgs/vectornav_msgs/msg/detail/ins_group__type_support.h
[7.253s] -- Up-to-date: /workspaces/isaac_ros-dev/install/vectornav_msgs/include/vectornav_msgs/vectornav_msgs/msg/detail/vpe_status__struct.h
[7.253s] -- Up-to-date: /workspaces/isaac_ros-dev/install/vectornav_msgs/include/vectornav_msgs/vectornav_msgs/msg/time_utc.h
[7.253s] -- Up-to-date: /workspaces/isaac_ros-dev/install/vectornav_msgs/include/vectornav_msgs/vectornav_msgs/msg/time_group.h
[7.254s] -- Up-to-date: /workspaces/isaac_ros-dev/install/vectornav_msgs/include/vectornav_msgs/vectornav_msgs/msg/time_status.h
[7.254s] -- Up-to-date: /workspaces/isaac_ros-dev/install/vectornav_msgs/include/vectornav_msgs/vectornav_msgs/msg/attitude_group.h
[7.254s] -- Up-to-date: /workspaces/isaac_ros-dev/install/vectornav_msgs/include/vectornav_msgs/vectornav_msgs/msg/ins_group.h
[7.261s] -- Up-to-date: /workspaces/isaac_ros-dev/install/vectornav_msgs/share/vectornav_msgs/environment/library_path.sh
[7.282s] -- Up-to-date: /workspaces/isaac_ros-dev/install/vectornav_msgs/share/vectornav_msgs/environment/library_path.dsv
[7.282s] -- Up-to-date: /workspaces/isaac_ros-dev/install/vectornav_msgs/lib/libvectornav_msgs__rosidl_generator_c.so
[7.283s] -- Up-to-date: /workspaces/isaac_ros-dev/install/vectornav_msgs/include/vectornav_msgs/vectornav_msgs
[7.283s] -- Up-to-date: /workspaces/isaac_ros-dev/install/vectornav_msgs/include/vectornav_msgs/vectornav_msgs/msg
[7.283s] -- Up-to-date: /workspaces/isaac_ros-dev/install/vectornav_msgs/include/vectornav_msgs/vectornav_msgs/msg/rosidl_typesupport_fastrtps_c__visibility_control.h
[7.284s] -- Up-to-date: /workspaces/isaac_ros-dev/install/vectornav_msgs/include/vectornav_msgs/vectornav_msgs/msg/detail
[7.284s] -- Up-to-date: /workspaces/isaac_ros-dev/install/vectornav_msgs/include/vectornav_msgs/vectornav_msgs/msg/detail/time_group__rosidl_typesupport_fastrtps_c.h
[7.284s] -- Up-to-date: /workspaces/isaac_ros-dev/install/vectornav_msgs/include/vectornav_msgs/vectornav_msgs/msg/detail/attitude_group__rosidl_typesupport_fastrtps_c.h
[7.285s] -- Up-to-date: /workspaces/isaac_ros-dev/install/vectornav_msgs/include/vectornav_msgs/vectornav_msgs/msg/detail/ins_group__rosidl_typesupport_fastrtps_c.h
[7.285s] -- Up-to-date: /workspaces/isaac_ros-dev/install/vectornav_msgs/include/vectornav_msgs/vectornav_msgs/msg/detail/time_utc__rosidl_typesupport_fastrtps_c.h
[7.285s] -- Up-to-date: /workspaces/isaac_ros-dev/install/vectornav_msgs/include/vectornav_msgs/vectornav_msgs/msg/detail/ins_status__rosidl_typesupport_fastrtps_c.h
[7.285s] -- Up-to-date: /workspaces/isaac_ros-dev/install/vectornav_msgs/include/vectornav_msgs/vectornav_msgs/msg/detail/imu_group__rosidl_typesupport_fastrtps_c.h
[7.286s] -- Up-to-date: /workspaces/isaac_ros-dev/install/vectornav_msgs/include/vectornav_msgs/vectornav_msgs/msg/detail/vpe_status__rosidl_typesupport_fastrtps_c.h
[7.286s] -- Up-to-date: /workspaces/isaac_ros-dev/install/vectornav_msgs/include/vectornav_msgs/vectornav_msgs/msg/detail/dop__rosidl_typesupport_fastrtps_c.h
[7.286s] -- Up-to-date: /workspaces/isaac_ros-dev/install/vectornav_msgs/include/vectornav_msgs/vectornav_msgs/msg/detail/common_group__rosidl_typesupport_fastrtps_c.h
[7.286s] -- Up-to-date: /workspaces/isaac_ros-dev/install/vectornav_msgs/include/vectornav_msgs/vectornav_msgs/msg/detail/gps_group__rosidl_typesupport_fastrtps_c.h
[7.287s] -- Up-to-date: /workspaces/isaac_ros-dev/install/vectornav_msgs/include/vectornav_msgs/vectornav_msgs/msg/detail/time_status__rosidl_typesupport_fastrtps_c.h
[7.287s] -- Up-to-date: /workspaces/isaac_ros-dev/install/vectornav_msgs/lib/libvectornav_msgs__rosidl_typesupport_fastrtps_c.so
[7.287s] -- Up-to-date: /workspaces/isaac_ros-dev/install/vectornav_msgs/include/vectornav_msgs/vectornav_msgs
[7.287s] -- Up-to-date: /workspaces/isaac_ros-dev/install/vectornav_msgs/include/vectornav_msgs/vectornav_msgs/msg
[7.288s] -- Up-to-date: /workspaces/isaac_ros-dev/install/vectornav_msgs/include/vectornav_msgs/vectornav_msgs/msg/common_group.hpp
[7.288s] -- Up-to-date: /workspaces/isaac_ros-dev/install/vectornav_msgs/include/vectornav_msgs/vectornav_msgs/msg/attitude_group.hpp
[7.288s] -- Up-to-date: /workspaces/isaac_ros-dev/install/vectornav_msgs/include/vectornav_msgs/vectornav_msgs/msg/vpe_status.hpp
[7.289s] -- Up-to-date: /workspaces/isaac_ros-dev/install/vectornav_msgs/include/vectornav_msgs/vectornav_msgs/msg/dop.hpp
[7.289s] -- Up-to-date: /workspaces/isaac_ros-dev/install/vectornav_msgs/include/vectornav_msgs/vectornav_msgs/msg/time_status.hpp
[7.289s] -- Up-to-date: /workspaces/isaac_ros-dev/install/vectornav_msgs/include/vectornav_msgs/vectornav_msgs/msg/gps_group.hpp
[7.289s] -- Up-to-date: /workspaces/isaac_ros-dev/install/vectornav_msgs/include/vectornav_msgs/vectornav_msgs/msg/imu_group.hpp
[7.290s] -- Up-to-date: /workspaces/isaac_ros-dev/install/vectornav_msgs/include/vectornav_msgs/vectornav_msgs/msg/detail
[7.290s] -- Up-to-date: /workspaces/isaac_ros-dev/install/vectornav_msgs/include/vectornav_msgs/vectornav_msgs/msg/detail/common_group__struct.hpp
[7.290s] -- Up-to-date: /workspaces/isaac_ros-dev/install/vectornav_msgs/include/vectornav_msgs/vectornav_msgs/msg/detail/ins_group__builder.hpp
[7.290s] -- Up-to-date: /workspaces/isaac_ros-dev/install/vectornav_msgs/include/vectornav_msgs/vectornav_msgs/msg/detail/ins_status__traits.hpp
[7.290s] -- Up-to-date: /workspaces/isaac_ros-dev/install/vectornav_msgs/include/vectornav_msgs/vectornav_msgs/msg/detail/vpe_status__struct.hpp
[7.291s] -- Up-to-date: /workspaces/isaac_ros-dev/install/vectornav_msgs/include/vectornav_msgs/vectornav_msgs/msg/detail/common_group__traits.hpp
[7.291s] -- Up-to-date: /workspaces/isaac_ros-dev/install/vectornav_msgs/include/vectornav_msgs/vectornav_msgs/msg/detail/gps_group__struct.hpp
[7.291s] -- Up-to-date: /workspaces/isaac_ros-dev/install/vectornav_msgs/include/vectornav_msgs/vectornav_msgs/msg/detail/attitude_group__builder.hpp
[7.291s] -- Up-to-date: /workspaces/isaac_ros-dev/install/vectornav_msgs/include/vectornav_msgs/vectornav_msgs/msg/detail/imu_group__struct.hpp
[7.292s] -- Up-to-date: /workspaces/isaac_ros-dev/install/vectornav_msgs/include/vectornav_msgs/vectornav_msgs/msg/detail/gps_group__builder.hpp
[7.292s] -- Up-to-date: /workspaces/isaac_ros-dev/install/vectornav_msgs/include/vectornav_msgs/vectornav_msgs/msg/detail/ins_group__struct.hpp
[7.292s] -- Up-to-date: /workspaces/isaac_ros-dev/install/vectornav_msgs/include/vectornav_msgs/vectornav_msgs/msg/detail/ins_status__struct.hpp
[7.292s] -- Up-to-date: /workspaces/isaac_ros-dev/install/vectornav_msgs/include/vectornav_msgs/vectornav_msgs/msg/detail/time_status__struct.hpp
[7.293s] -- Up-to-date: /workspaces/isaac_ros-dev/install/vectornav_msgs/include/vectornav_msgs/vectornav_msgs/msg/detail/time_utc__builder.hpp
[7.293s] -- Up-to-date: /workspaces/isaac_ros-dev/install/vectornav_msgs/include/vectornav_msgs/vectornav_msgs/msg/detail/dop__builder.hpp
[7.293s] -- Up-to-date: /workspaces/isaac_ros-dev/install/vectornav_msgs/include/vectornav_msgs/vectornav_msgs/msg/detail/time_status__builder.hpp
[7.293s] -- Up-to-date: /workspaces/isaac_ros-dev/install/vectornav_msgs/include/vectornav_msgs/vectornav_msgs/msg/detail/imu_group__builder.hpp
[7.294s] -- Up-to-date: /workspaces/isaac_ros-dev/install/vectornav_msgs/include/vectornav_msgs/vectornav_msgs/msg/detail/time_status__traits.hpp
[7.294s] -- Up-to-date: /workspaces/isaac_ros-dev/install/vectornav_msgs/include/vectornav_msgs/vectornav_msgs/msg/detail/time_utc__traits.hpp
[7.294s] -- Up-to-date: /workspaces/isaac_ros-dev/install/vectornav_msgs/include/vectornav_msgs/vectornav_msgs/msg/detail/vpe_status__builder.hpp
[7.294s] -- Up-to-date: /workspaces/isaac_ros-dev/install/vectornav_msgs/include/vectornav_msgs/vectornav_msgs/msg/detail/time_utc__struct.hpp
[7.294s] -- Up-to-date: /workspaces/isaac_ros-dev/install/vectornav_msgs/include/vectornav_msgs/vectornav_msgs/msg/detail/attitude_group__traits.hpp
[7.295s] -- Up-to-date: /workspaces/isaac_ros-dev/install/vectornav_msgs/include/vectornav_msgs/vectornav_msgs/msg/detail/time_group__traits.hpp
[7.295s] -- Up-to-date: /workspaces/isaac_ros-dev/install/vectornav_msgs/include/vectornav_msgs/vectornav_msgs/msg/detail/dop__struct.hpp
[7.295s] -- Up-to-date: /workspaces/isaac_ros-dev/install/vectornav_msgs/include/vectornav_msgs/vectornav_msgs/msg/detail/ins_status__builder.hpp
[7.295s] -- Up-to-date: /workspaces/isaac_ros-dev/install/vectornav_msgs/include/vectornav_msgs/vectornav_msgs/msg/detail/gps_group__traits.hpp
[7.296s] -- Up-to-date: /workspaces/isaac_ros-dev/install/vectornav_msgs/include/vectornav_msgs/vectornav_msgs/msg/detail/time_group__builder.hpp
[7.296s] -- Up-to-date: /workspaces/isaac_ros-dev/install/vectornav_msgs/include/vectornav_msgs/vectornav_msgs/msg/detail/time_group__struct.hpp
[7.296s] -- Up-to-date: /workspaces/isaac_ros-dev/install/vectornav_msgs/include/vectornav_msgs/vectornav_msgs/msg/detail/imu_group__traits.hpp
[7.322s] -- Up-to-date: /workspaces/isaac_ros-dev/install/vectornav_msgs/include/vectornav_msgs/vectornav_msgs/msg/detail/ins_group__traits.hpp
[7.323s] -- Up-to-date: /workspaces/isaac_ros-dev/install/vectornav_msgs/include/vectornav_msgs/vectornav_msgs/msg/detail/attitude_group__struct.hpp
[7.323s] -- Up-to-date: /workspaces/isaac_ros-dev/install/vectornav_msgs/include/vectornav_msgs/vectornav_msgs/msg/detail/vpe_status__traits.hpp
[7.323s] -- Up-to-date: /workspaces/isaac_ros-dev/install/vectornav_msgs/include/vectornav_msgs/vectornav_msgs/msg/detail/dop__traits.hpp
[7.323s] -- Up-to-date: /workspaces/isaac_ros-dev/install/vectornav_msgs/include/vectornav_msgs/vectornav_msgs/msg/detail/common_group__builder.hpp
[7.324s] -- Up-to-date: /workspaces/isaac_ros-dev/install/vectornav_msgs/include/vectornav_msgs/vectornav_msgs/msg/ins_status.hpp
[7.324s] -- Up-to-date: /workspaces/isaac_ros-dev/install/vectornav_msgs/include/vectornav_msgs/vectornav_msgs/msg/ins_group.hpp
[7.324s] -- Up-to-date: /workspaces/isaac_ros-dev/install/vectornav_msgs/include/vectornav_msgs/vectornav_msgs/msg/time_utc.hpp
[7.325s] -- Up-to-date: /workspaces/isaac_ros-dev/install/vectornav_msgs/include/vectornav_msgs/vectornav_msgs/msg/time_group.hpp
[7.325s] -- Up-to-date: /workspaces/isaac_ros-dev/install/vectornav_msgs/include/vectornav_msgs/vectornav_msgs
[7.325s] -- Up-to-date: /workspaces/isaac_ros-dev/install/vectornav_msgs/include/vectornav_msgs/vectornav_msgs/msg
[7.325s] -- Up-to-date: /workspaces/isaac_ros-dev/install/vectornav_msgs/include/vectornav_msgs/vectornav_msgs/msg/rosidl_typesupport_fastrtps_cpp__visibility_control.h
[7.326s] -- Up-to-date: /workspaces/isaac_ros-dev/install/vectornav_msgs/include/vectornav_msgs/vectornav_msgs/msg/detail
[7.326s] -- Up-to-date: /workspaces/isaac_ros-dev/install/vectornav_msgs/include/vectornav_msgs/vectornav_msgs/msg/detail/common_group__rosidl_typesupport_fastrtps_cpp.hpp
[7.326s] -- Up-to-date: /workspaces/isaac_ros-dev/install/vectornav_msgs/include/vectornav_msgs/vectornav_msgs/msg/detail/vpe_status__rosidl_typesupport_fastrtps_cpp.hpp
[7.326s] -- Up-to-date: /workspaces/isaac_ros-dev/install/vectornav_msgs/include/vectornav_msgs/vectornav_msgs/msg/detail/time_group__rosidl_typesupport_fastrtps_cpp.hpp
[7.327s] -- Up-to-date: /workspaces/isaac_ros-dev/install/vectornav_msgs/include/vectornav_msgs/vectornav_msgs/msg/detail/dop__rosidl_typesupport_fastrtps_cpp.hpp
[7.327s] -- Up-to-date: /workspaces/isaac_ros-dev/install/vectornav_msgs/include/vectornav_msgs/vectornav_msgs/msg/detail/dds_fastrtps
[7.327s] -- Up-to-date: /workspaces/isaac_ros-dev/install/vectornav_msgs/include/vectornav_msgs/vectornav_msgs/msg/detail/time_status__rosidl_typesupport_fastrtps_cpp.hpp
[7.327s] -- Up-to-date: /workspaces/isaac_ros-dev/install/vectornav_msgs/include/vectornav_msgs/vectornav_msgs/msg/detail/ins_group__rosidl_typesupport_fastrtps_cpp.hpp
[7.328s] -- Up-to-date: /workspaces/isaac_ros-dev/install/vectornav_msgs/include/vectornav_msgs/vectornav_msgs/msg/detail/gps_group__rosidl_typesupport_fastrtps_cpp.hpp
[7.328s] -- Up-to-date: /workspaces/isaac_ros-dev/install/vectornav_msgs/include/vectornav_msgs/vectornav_msgs/msg/detail/imu_group__rosidl_typesupport_fastrtps_cpp.hpp
[7.328s] -- Up-to-date: /workspaces/isaac_ros-dev/install/vectornav_msgs/include/vectornav_msgs/vectornav_msgs/msg/detail/attitude_group__rosidl_typesupport_fastrtps_cpp.hpp
[7.329s] -- Up-to-date: /workspaces/isaac_ros-dev/install/vectornav_msgs/include/vectornav_msgs/vectornav_msgs/msg/detail/time_utc__rosidl_typesupport_fastrtps_cpp.hpp
[7.329s] -- Up-to-date: /workspaces/isaac_ros-dev/install/vectornav_msgs/include/vectornav_msgs/vectornav_msgs/msg/detail/ins_status__rosidl_typesupport_fastrtps_cpp.hpp
[7.329s] -- Up-to-date: /workspaces/isaac_ros-dev/install/vectornav_msgs/lib/libvectornav_msgs__rosidl_typesupport_fastrtps_cpp.so
[7.329s] -- Up-to-date: /workspaces/isaac_ros-dev/install/vectornav_msgs/include/vectornav_msgs/vectornav_msgs
[7.330s] -- Up-to-date: /workspaces/isaac_ros-dev/install/vectornav_msgs/include/vectornav_msgs/vectornav_msgs/msg
[7.331s] -- Up-to-date: /workspaces/isaac_ros-dev/install/vectornav_msgs/include/vectornav_msgs/vectornav_msgs/msg/detail
[7.331s] -- Up-to-date: /workspaces/isaac_ros-dev/install/vectornav_msgs/include/vectornav_msgs/vectornav_msgs/msg/detail/time_group__type_support.c
[7.332s] -- Up-to-date: /workspaces/isaac_ros-dev/install/vectornav_msgs/include/vectornav_msgs/vectornav_msgs/msg/detail/dop__rosidl_typesupport_introspection_c.h
[7.332s] -- Up-to-date: /workspaces/isaac_ros-dev/install/vectornav_msgs/include/vectornav_msgs/vectornav_msgs/msg/detail/vpe_status__type_support.c
[7.332s] -- Up-to-date: /workspaces/isaac_ros-dev/install/vectornav_msgs/include/vectornav_msgs/vectornav_msgs/msg/detail/ins_status__type_support.c
[7.333s] -- Up-to-date: /workspaces/isaac_ros-dev/install/vectornav_msgs/include/vectornav_msgs/vectornav_msgs/msg/detail/imu_group__type_support.c
[7.333s] -- Up-to-date: /workspaces/isaac_ros-dev/install/vectornav_msgs/include/vectornav_msgs/vectornav_msgs/msg/detail/common_group__rosidl_typesupport_introspection_c.h
[7.333s] -- Up-to-date: /workspaces/isaac_ros-dev/install/vectornav_msgs/include/vectornav_msgs/vectornav_msgs/msg/detail/time_utc__type_support.c
[7.333s] -- Up-to-date: /workspaces/isaac_ros-dev/install/vectornav_msgs/include/vectornav_msgs/vectornav_msgs/msg/detail/time_utc__rosidl_typesupport_introspection_c.h
[7.334s] -- Up-to-date: /workspaces/isaac_ros-dev/install/vectornav_msgs/include/vectornav_msgs/vectornav_msgs/msg/detail/attitude_group__type_support.c
[7.334s] -- Up-to-date: /workspaces/isaac_ros-dev/install/vectornav_msgs/include/vectornav_msgs/vectornav_msgs/msg/detail/ins_status__rosidl_typesupport_introspection_c.h
[7.334s] -- Up-to-date: /workspaces/isaac_ros-dev/install/vectornav_msgs/include/vectornav_msgs/vectornav_msgs/msg/detail/common_group__type_support.c
[7.334s] -- Up-to-date: /workspaces/isaac_ros-dev/install/vectornav_msgs/include/vectornav_msgs/vectornav_msgs/msg/detail/gps_group__type_support.c
[7.335s] -- Up-to-date: /workspaces/isaac_ros-dev/install/vectornav_msgs/include/vectornav_msgs/vectornav_msgs/msg/detail/vpe_status__rosidl_typesupport_introspection_c.h
[7.335s] -- Up-to-date: /workspaces/isaac_ros-dev/install/vectornav_msgs/include/vectornav_msgs/vectornav_msgs/msg/detail/attitude_group__rosidl_typesupport_introspection_c.h
[7.357s] -- Up-to-date: /workspaces/isaac_ros-dev/install/vectornav_msgs/include/vectornav_msgs/vectornav_msgs/msg/detail/time_group__rosidl_typesupport_introspection_c.h
[7.361s] -- Up-to-date: /workspaces/isaac_ros-dev/install/vectornav_msgs/include/vectornav_msgs/vectornav_msgs/msg/detail/ins_group__rosidl_typesupport_introspection_c.h
[7.361s] -- Up-to-date: /workspaces/isaac_ros-dev/install/vectornav_msgs/include/vectornav_msgs/vectornav_msgs/msg/detail/ins_group__type_support.c
[7.361s] -- Up-to-date: /workspaces/isaac_ros-dev/install/vectornav_msgs/include/vectornav_msgs/vectornav_msgs/msg/detail/imu_group__rosidl_typesupport_introspection_c.h
[7.362s] -- Up-to-date: /workspaces/isaac_ros-dev/install/vectornav_msgs/include/vectornav_msgs/vectornav_msgs/msg/detail/time_status__rosidl_typesupport_introspection_c.h
[7.362s] -- Up-to-date: /workspaces/isaac_ros-dev/install/vectornav_msgs/include/vectornav_msgs/vectornav_msgs/msg/detail/time_status__type_support.c
[7.362s] -- Up-to-date: /workspaces/isaac_ros-dev/install/vectornav_msgs/include/vectornav_msgs/vectornav_msgs/msg/detail/dop__type_support.c
[7.363s] -- Up-to-date: /workspaces/isaac_ros-dev/install/vectornav_msgs/include/vectornav_msgs/vectornav_msgs/msg/detail/gps_group__rosidl_typesupport_introspection_c.h
[7.363s] -- Up-to-date: /workspaces/isaac_ros-dev/install/vectornav_msgs/include/vectornav_msgs/vectornav_msgs/msg/rosidl_typesupport_introspection_c__visibility_control.h
[7.363s] -- Up-to-date: /workspaces/isaac_ros-dev/install/vectornav_msgs/lib/libvectornav_msgs__rosidl_typesupport_introspection_c.so
[7.364s] -- Up-to-date: /workspaces/isaac_ros-dev/install/vectornav_msgs/lib/libvectornav_msgs__rosidl_typesupport_c.so
[7.376s] -- Up-to-date: /workspaces/isaac_ros-dev/install/vectornav_msgs/include/vectornav_msgs/vectornav_msgs
[7.376s] -- Up-to-date: /workspaces/isaac_ros-dev/install/vectornav_msgs/include/vectornav_msgs/vectornav_msgs/msg
[7.376s] -- Up-to-date: /workspaces/isaac_ros-dev/install/vectornav_msgs/include/vectornav_msgs/vectornav_msgs/msg/detail
[7.377s] -- Up-to-date: /workspaces/isaac_ros-dev/install/vectornav_msgs/include/vectornav_msgs/vectornav_msgs/msg/detail/dop__rosidl_typesupport_introspection_cpp.hpp
[7.377s] -- Up-to-date: /workspaces/isaac_ros-dev/install/vectornav_msgs/include/vectornav_msgs/vectornav_msgs/msg/detail/imu_group__rosidl_typesupport_introspection_cpp.hpp
[7.377s] -- Up-to-date: /workspaces/isaac_ros-dev/install/vectornav_msgs/include/vectornav_msgs/vectornav_msgs/msg/detail/imu_group__type_support.cpp
[7.377s] -- Up-to-date: /workspaces/isaac_ros-dev/install/vectornav_msgs/include/vectornav_msgs/vectornav_msgs/msg/detail/time_utc__type_support.cpp
[7.378s] -- Up-to-date: /workspaces/isaac_ros-dev/install/vectornav_msgs/include/vectornav_msgs/vectornav_msgs/msg/detail/time_group__type_support.cpp
[7.378s] -- Up-to-date: /workspaces/isaac_ros-dev/install/vectornav_msgs/include/vectornav_msgs/vectornav_msgs/msg/detail/attitude_group__rosidl_typesupport_introspection_cpp.hpp
[7.378s] -- Up-to-date: /workspaces/isaac_ros-dev/install/vectornav_msgs/include/vectornav_msgs/vectornav_msgs/msg/detail/dop__type_support.cpp
[7.378s] -- Up-to-date: /workspaces/isaac_ros-dev/install/vectornav_msgs/include/vectornav_msgs/vectornav_msgs/msg/detail/vpe_status__rosidl_typesupport_introspection_cpp.hpp
[7.379s] -- Up-to-date: /workspaces/isaac_ros-dev/install/vectornav_msgs/include/vectornav_msgs/vectornav_msgs/msg/detail/common_group__type_support.cpp
[7.379s] -- Up-to-date: /workspaces/isaac_ros-dev/install/vectornav_msgs/include/vectornav_msgs/vectornav_msgs/msg/detail/common_group__rosidl_typesupport_introspection_cpp.hpp
[7.380s] -- Up-to-date: /workspaces/isaac_ros-dev/install/vectornav_msgs/include/vectornav_msgs/vectornav_msgs/msg/detail/ins_group__type_support.cpp
[7.380s] -- Up-to-date: /workspaces/isaac_ros-dev/install/vectornav_msgs/include/vectornav_msgs/vectornav_msgs/msg/detail/ins_status__rosidl_typesupport_introspection_cpp.hpp
[7.380s] -- Up-to-date: /workspaces/isaac_ros-dev/install/vectornav_msgs/include/vectornav_msgs/vectornav_msgs/msg/detail/ins_group__rosidl_typesupport_introspection_cpp.hpp
[7.381s] -- Up-to-date: /workspaces/isaac_ros-dev/install/vectornav_msgs/include/vectornav_msgs/vectornav_msgs/msg/detail/vpe_status__type_support.cpp
[7.381s] -- Up-to-date: /workspaces/isaac_ros-dev/install/vectornav_msgs/include/vectornav_msgs/vectornav_msgs/msg/detail/time_status__type_support.cpp
[7.381s] -- Up-to-date: /workspaces/isaac_ros-dev/install/vectornav_msgs/include/vectornav_msgs/vectornav_msgs/msg/detail/time_status__rosidl_typesupport_introspection_cpp.hpp
[7.381s] -- Up-to-date: /workspaces/isaac_ros-dev/install/vectornav_msgs/include/vectornav_msgs/vectornav_msgs/msg/detail/attitude_group__type_support.cpp
[7.382s] -- Up-to-date: /workspaces/isaac_ros-dev/install/vectornav_msgs/include/vectornav_msgs/vectornav_msgs/msg/detail/ins_status__type_support.cpp
[7.382s] -- Up-to-date: /workspaces/isaac_ros-dev/install/vectornav_msgs/include/vectornav_msgs/vectornav_msgs/msg/detail/time_group__rosidl_typesupport_introspection_cpp.hpp
[7.382s] -- Up-to-date: /workspaces/isaac_ros-dev/install/vectornav_msgs/include/vectornav_msgs/vectornav_msgs/msg/detail/gps_group__type_support.cpp
[7.382s] -- Up-to-date: /workspaces/isaac_ros-dev/install/vectornav_msgs/include/vectornav_msgs/vectornav_msgs/msg/detail/time_utc__rosidl_typesupport_introspection_cpp.hpp
[7.382s] -- Up-to-date: /workspaces/isaac_ros-dev/install/vectornav_msgs/include/vectornav_msgs/vectornav_msgs/msg/detail/gps_group__rosidl_typesupport_introspection_cpp.hpp
[7.383s] -- Up-to-date: /workspaces/isaac_ros-dev/install/vectornav_msgs/lib/libvectornav_msgs__rosidl_typesupport_introspection_cpp.so
[7.383s] -- Up-to-date: /workspaces/isaac_ros-dev/install/vectornav_msgs/lib/libvectornav_msgs__rosidl_typesupport_cpp.so
[7.383s] -- Up-to-date: /workspaces/isaac_ros-dev/install/vectornav_msgs/share/vectornav_msgs/environment/pythonpath.sh
[7.384s] -- Up-to-date: /workspaces/isaac_ros-dev/install/vectornav_msgs/share/vectornav_msgs/environment/pythonpath.dsv
[7.384s] -- Up-to-date: /workspaces/isaac_ros-dev/install/vectornav_msgs/lib/python3.8/site-packages/vectornav_msgs-3.0.0-py3.8.egg-info
[7.384s] -- Installing: /workspaces/isaac_ros-dev/install/vectornav_msgs/lib/python3.8/site-packages/vectornav_msgs-3.0.0-py3.8.egg-info/top_level.txt
[7.385s] -- Installing: /workspaces/isaac_ros-dev/install/vectornav_msgs/lib/python3.8/site-packages/vectornav_msgs-3.0.0-py3.8.egg-info/dependency_links.txt
[7.385s] -- Installing: /workspaces/isaac_ros-dev/install/vectornav_msgs/lib/python3.8/site-packages/vectornav_msgs-3.0.0-py3.8.egg-info/SOURCES.txt
[7.385s] -- Installing: /workspaces/isaac_ros-dev/install/vectornav_msgs/lib/python3.8/site-packages/vectornav_msgs-3.0.0-py3.8.egg-info/PKG-INFO
[7.386s] -- Up-to-date: /workspaces/isaac_ros-dev/install/vectornav_msgs/lib/python3.8/site-packages/vectornav_msgs
[7.412s] -- Up-to-date: /workspaces/isaac_ros-dev/install/vectornav_msgs/lib/python3.8/site-packages/vectornav_msgs/__init__.py
[7.413s] -- Up-to-date: /workspaces/isaac_ros-dev/install/vectornav_msgs/lib/python3.8/site-packages/vectornav_msgs/vectornav_msgs_s__rosidl_typesupport_fastrtps_c.cpython-38-aarch64-linux-gnu.so
[7.413s] -- Up-to-date: /workspaces/isaac_ros-dev/install/vectornav_msgs/lib/python3.8/site-packages/vectornav_msgs/libvectornav_msgs__rosidl_generator_py.so
[7.413s] -- Up-to-date: /workspaces/isaac_ros-dev/install/vectornav_msgs/lib/python3.8/site-packages/vectornav_msgs/_vectornav_msgs_s.ep.rosidl_typesupport_c.c
[7.414s] -- Up-to-date: /workspaces/isaac_ros-dev/install/vectornav_msgs/lib/python3.8/site-packages/vectornav_msgs/msg
[7.414s] -- Up-to-date: /workspaces/isaac_ros-dev/install/vectornav_msgs/lib/python3.8/site-packages/vectornav_msgs/msg/_dop_s.c
[7.414s] -- Up-to-date: /workspaces/isaac_ros-dev/install/vectornav_msgs/lib/python3.8/site-packages/vectornav_msgs/msg/__init__.py
[7.414s] -- Up-to-date: /workspaces/isaac_ros-dev/install/vectornav_msgs/lib/python3.8/site-packages/vectornav_msgs/msg/_ins_group.py
[7.415s] -- Up-to-date: /workspaces/isaac_ros-dev/install/vectornav_msgs/lib/python3.8/site-packages/vectornav_msgs/msg/_attitude_group.py
[7.415s] -- Up-to-date: /workspaces/isaac_ros-dev/install/vectornav_msgs/lib/python3.8/site-packages/vectornav_msgs/msg/_gps_group.py
[7.415s] -- Up-to-date: /workspaces/isaac_ros-dev/install/vectornav_msgs/lib/python3.8/site-packages/vectornav_msgs/msg/_ins_status.py
[7.416s] -- Up-to-date: /workspaces/isaac_ros-dev/install/vectornav_msgs/lib/python3.8/site-packages/vectornav_msgs/msg/_time_utc.py
[7.416s] -- Up-to-date: /workspaces/isaac_ros-dev/install/vectornav_msgs/lib/python3.8/site-packages/vectornav_msgs/msg/_time_status_s.c
[7.416s] -- Up-to-date: /workspaces/isaac_ros-dev/install/vectornav_msgs/lib/python3.8/site-packages/vectornav_msgs/msg/_ins_status_s.c
[7.417s] -- Up-to-date: /workspaces/isaac_ros-dev/install/vectornav_msgs/lib/python3.8/site-packages/vectornav_msgs/msg/_imu_group_s.c
[7.417s] -- Up-to-date: /workspaces/isaac_ros-dev/install/vectornav_msgs/lib/python3.8/site-packages/vectornav_msgs/msg/_dop.py
[7.417s] -- Up-to-date: /workspaces/isaac_ros-dev/install/vectornav_msgs/lib/python3.8/site-packages/vectornav_msgs/msg/_ins_group_s.c
[7.418s] -- Up-to-date: /workspaces/isaac_ros-dev/install/vectornav_msgs/lib/python3.8/site-packages/vectornav_msgs/msg/_common_group_s.c
[7.418s] -- Up-to-date: /workspaces/isaac_ros-dev/install/vectornav_msgs/lib/python3.8/site-packages/vectornav_msgs/msg/_time_status.py
[7.418s] -- Up-to-date: /workspaces/isaac_ros-dev/install/vectornav_msgs/lib/python3.8/site-packages/vectornav_msgs/msg/_vpe_status.py
[7.418s] -- Up-to-date: /workspaces/isaac_ros-dev/install/vectornav_msgs/lib/python3.8/site-packages/vectornav_msgs/msg/_gps_group_s.c
[7.419s] -- Up-to-date: /workspaces/isaac_ros-dev/install/vectornav_msgs/lib/python3.8/site-packages/vectornav_msgs/msg/_common_group.py
[7.419s] -- Up-to-date: /workspaces/isaac_ros-dev/install/vectornav_msgs/lib/python3.8/site-packages/vectornav_msgs/msg/_time_utc_s.c
[7.419s] -- Up-to-date: /workspaces/isaac_ros-dev/install/vectornav_msgs/lib/python3.8/site-packages/vectornav_msgs/msg/_attitude_group_s.c
[7.419s] -- Up-to-date: /workspaces/isaac_ros-dev/install/vectornav_msgs/lib/python3.8/site-packages/vectornav_msgs/msg/_imu_group.py
[7.420s] -- Up-to-date: /workspaces/isaac_ros-dev/install/vectornav_msgs/lib/python3.8/site-packages/vectornav_msgs/msg/_time_group_s.c
[7.420s] -- Up-to-date: /workspaces/isaac_ros-dev/install/vectornav_msgs/lib/python3.8/site-packages/vectornav_msgs/msg/_vpe_status_s.c
[7.420s] -- Up-to-date: /workspaces/isaac_ros-dev/install/vectornav_msgs/lib/python3.8/site-packages/vectornav_msgs/msg/_time_group.py
[7.421s] -- Up-to-date: /workspaces/isaac_ros-dev/install/vectornav_msgs/lib/python3.8/site-packages/vectornav_msgs/_vectornav_msgs_s.ep.rosidl_typesupport_introspection_c.c
[7.421s] -- Up-to-date: /workspaces/isaac_ros-dev/install/vectornav_msgs/lib/python3.8/site-packages/vectornav_msgs/_vectornav_msgs_s.ep.rosidl_typesupport_fastrtps_c.c
[7.421s] -- Up-to-date: /workspaces/isaac_ros-dev/install/vectornav_msgs/lib/python3.8/site-packages/vectornav_msgs/vectornav_msgs_s__rosidl_typesupport_c.cpython-38-aarch64-linux-gnu.so
[7.421s] -- Up-to-date: /workspaces/isaac_ros-dev/install/vectornav_msgs/lib/python3.8/site-packages/vectornav_msgs/vectornav_msgs_s__rosidl_typesupport_introspection_c.cpython-38-aarch64-linux-gnu.so
[7.577s] Listing '/workspaces/isaac_ros-dev/install/vectornav_msgs/lib/python3.8/site-packages/vectornav_msgs'...
[7.577s] Listing '/workspaces/isaac_ros-dev/install/vectornav_msgs/lib/python3.8/site-packages/vectornav_msgs/msg'...
[7.594s] -- Up-to-date: /workspaces/isaac_ros-dev/install/vectornav_msgs/lib/python3.8/site-packages/vectornav_msgs/vectornav_msgs_s__rosidl_typesupport_fastrtps_c.cpython-38-aarch64-linux-gnu.so
[7.596s] -- Up-to-date: /workspaces/isaac_ros-dev/install/vectornav_msgs/lib/python3.8/site-packages/vectornav_msgs/vectornav_msgs_s__rosidl_typesupport_introspection_c.cpython-38-aarch64-linux-gnu.so
[7.598s] -- Up-to-date: /workspaces/isaac_ros-dev/install/vectornav_msgs/lib/python3.8/site-packages/vectornav_msgs/vectornav_msgs_s__rosidl_typesupport_c.cpython-38-aarch64-linux-gnu.so
[7.600s] -- Up-to-date: /workspaces/isaac_ros-dev/install/vectornav_msgs/lib/libvectornav_msgs__rosidl_generator_py.so
[7.602s] -- Up-to-date: /workspaces/isaac_ros-dev/install/vectornav_msgs/share/vectornav_msgs/msg/CommonGroup.idl
[7.602s] -- Up-to-date: /workspaces/isaac_ros-dev/install/vectornav_msgs/share/vectornav_msgs/msg/TimeGroup.idl
[7.603s] -- Up-to-date: /workspaces/isaac_ros-dev/install/vectornav_msgs/share/vectornav_msgs/msg/ImuGroup.idl
[7.603s] -- Up-to-date: /workspaces/isaac_ros-dev/install/vectornav_msgs/share/vectornav_msgs/msg/GpsGroup.idl
[7.604s] -- Up-to-date: /workspaces/isaac_ros-dev/install/vectornav_msgs/share/vectornav_msgs/msg/AttitudeGroup.idl
[7.604s] -- Up-to-date: /workspaces/isaac_ros-dev/install/vectornav_msgs/share/vectornav_msgs/msg/InsGroup.idl
[7.605s] -- Up-to-date: /workspaces/isaac_ros-dev/install/vectornav_msgs/share/vectornav_msgs/msg/TimeUTC.idl
[7.605s] -- Up-to-date: /workspaces/isaac_ros-dev/install/vectornav_msgs/share/vectornav_msgs/msg/DOP.idl
[7.605s] -- Up-to-date: /workspaces/isaac_ros-dev/install/vectornav_msgs/share/vectornav_msgs/msg/VpeStatus.idl
[7.606s] -- Up-to-date: /workspaces/isaac_ros-dev/install/vectornav_msgs/share/vectornav_msgs/msg/TimeStatus.idl
[7.606s] -- Up-to-date: /workspaces/isaac_ros-dev/install/vectornav_msgs/share/vectornav_msgs/msg/InsStatus.idl
[7.607s] -- Up-to-date: /workspaces/isaac_ros-dev/install/vectornav_msgs/share/vectornav_msgs/msg/CommonGroup.msg
[7.608s] -- Up-to-date: /workspaces/isaac_ros-dev/install/vectornav_msgs/share/vectornav_msgs/msg/TimeGroup.msg
[7.609s] -- Up-to-date: /workspaces/isaac_ros-dev/install/vectornav_msgs/share/vectornav_msgs/msg/ImuGroup.msg
[7.609s] -- Up-to-date: /workspaces/isaac_ros-dev/install/vectornav_msgs/share/vectornav_msgs/msg/GpsGroup.msg
[7.610s] -- Up-to-date: /workspaces/isaac_ros-dev/install/vectornav_msgs/share/vectornav_msgs/msg/AttitudeGroup.msg
[7.610s] -- Up-to-date: /workspaces/isaac_ros-dev/install/vectornav_msgs/share/vectornav_msgs/msg/InsGroup.msg
[7.610s] -- Up-to-date: /workspaces/isaac_ros-dev/install/vectornav_msgs/share/vectornav_msgs/msg/TimeUTC.msg
[7.611s] -- Up-to-date: /workspaces/isaac_ros-dev/install/vectornav_msgs/share/vectornav_msgs/msg/DOP.msg
[7.611s] -- Up-to-date: /workspaces/isaac_ros-dev/install/vectornav_msgs/share/vectornav_msgs/msg/VpeStatus.msg
[7.611s] -- Up-to-date: /workspaces/isaac_ros-dev/install/vectornav_msgs/share/vectornav_msgs/msg/TimeStatus.msg
[7.612s] -- Up-to-date: /workspaces/isaac_ros-dev/install/vectornav_msgs/share/vectornav_msgs/msg/InsStatus.msg
[7.612s] -- Up-to-date: /workspaces/isaac_ros-dev/install/vectornav_msgs/share/ament_index/resource_index/package_run_dependencies/vectornav_msgs
[7.613s] -- Up-to-date: /workspaces/isaac_ros-dev/install/vectornav_msgs/share/ament_index/resource_index/parent_prefix_path/vectornav_msgs
[7.621s] -- Up-to-date: /workspaces/isaac_ros-dev/install/vectornav_msgs/share/vectornav_msgs/environment/ament_prefix_path.sh
[7.621s] -- Up-to-date: /workspaces/isaac_ros-dev/install/vectornav_msgs/share/vectornav_msgs/environment/ament_prefix_path.dsv
[7.622s] -- Up-to-date: /workspaces/isaac_ros-dev/install/vectornav_msgs/share/vectornav_msgs/environment/path.sh
[7.622s] -- Up-to-date: /workspaces/isaac_ros-dev/install/vectornav_msgs/share/vectornav_msgs/environment/path.dsv
[7.622s] -- Up-to-date: /workspaces/isaac_ros-dev/install/vectornav_msgs/share/vectornav_msgs/local_setup.bash
[7.624s] -- Up-to-date: /workspaces/isaac_ros-dev/install/vectornav_msgs/share/vectornav_msgs/local_setup.sh
[7.624s] -- Up-to-date: /workspaces/isaac_ros-dev/install/vectornav_msgs/share/vectornav_msgs/local_setup.zsh
[7.624s] -- Up-to-date: /workspaces/isaac_ros-dev/install/vectornav_msgs/share/vectornav_msgs/local_setup.dsv
[7.625s] -- Installing: /workspaces/isaac_ros-dev/install/vectornav_msgs/share/vectornav_msgs/package.dsv
[7.626s] -- Up-to-date: /workspaces/isaac_ros-dev/install/vectornav_msgs/share/ament_index/resource_index/packages/vectornav_msgs
[7.626s] -- Up-to-date: /workspaces/isaac_ros-dev/install/vectornav_msgs/share/vectornav_msgs/cmake/export_vectornav_msgs__rosidl_generator_cExport.cmake
[7.626s] -- Up-to-date: /workspaces/isaac_ros-dev/install/vectornav_msgs/share/vectornav_msgs/cmake/export_vectornav_msgs__rosidl_generator_cExport-noconfig.cmake
[7.627s] -- Up-to-date: /workspaces/isaac_ros-dev/install/vectornav_msgs/share/vectornav_msgs/cmake/export_vectornav_msgs__rosidl_typesupport_fastrtps_cExport.cmake
[7.627s] -- Up-to-date: /workspaces/isaac_ros-dev/install/vectornav_msgs/share/vectornav_msgs/cmake/export_vectornav_msgs__rosidl_typesupport_fastrtps_cExport-noconfig.cmake
[7.627s] -- Up-to-date: /workspaces/isaac_ros-dev/install/vectornav_msgs/share/vectornav_msgs/cmake/export_vectornav_msgs__rosidl_generator_cppExport.cmake
[7.628s] -- Up-to-date: /workspaces/isaac_ros-dev/install/vectornav_msgs/share/vectornav_msgs/cmake/export_vectornav_msgs__rosidl_typesupport_fastrtps_cppExport.cmake
[7.628s] -- Up-to-date: /workspaces/isaac_ros-dev/install/vectornav_msgs/share/vectornav_msgs/cmake/export_vectornav_msgs__rosidl_typesupport_fastrtps_cppExport-noconfig.cmake
[7.628s] -- Up-to-date: /workspaces/isaac_ros-dev/install/vectornav_msgs/share/vectornav_msgs/cmake/vectornav_msgs__rosidl_typesupport_introspection_cExport.cmake
[7.628s] -- Up-to-date: /workspaces/isaac_ros-dev/install/vectornav_msgs/share/vectornav_msgs/cmake/vectornav_msgs__rosidl_typesupport_introspection_cExport-noconfig.cmake
[7.629s] -- Up-to-date: /workspaces/isaac_ros-dev/install/vectornav_msgs/share/vectornav_msgs/cmake/vectornav_msgs__rosidl_typesupport_cExport.cmake
[7.629s] -- Up-to-date: /workspaces/isaac_ros-dev/install/vectornav_msgs/share/vectornav_msgs/cmake/vectornav_msgs__rosidl_typesupport_cExport-noconfig.cmake
[7.629s] -- Up-to-date: /workspaces/isaac_ros-dev/install/vectornav_msgs/share/vectornav_msgs/cmake/vectornav_msgs__rosidl_typesupport_introspection_cppExport.cmake
[7.629s] -- Up-to-date: /workspaces/isaac_ros-dev/install/vectornav_msgs/share/vectornav_msgs/cmake/vectornav_msgs__rosidl_typesupport_introspection_cppExport-noconfig.cmake
[7.630s] -- Up-to-date: /workspaces/isaac_ros-dev/install/vectornav_msgs/share/vectornav_msgs/cmake/vectornav_msgs__rosidl_typesupport_cppExport.cmake
[7.630s] -- Up-to-date: /workspaces/isaac_ros-dev/install/vectornav_msgs/share/vectornav_msgs/cmake/vectornav_msgs__rosidl_typesupport_cppExport-noconfig.cmake
[7.630s] -- Up-to-date: /workspaces/isaac_ros-dev/install/vectornav_msgs/share/vectornav_msgs/cmake/export_vectornav_msgs__rosidl_generator_pyExport.cmake
[7.630s] -- Up-to-date: /workspaces/isaac_ros-dev/install/vectornav_msgs/share/vectornav_msgs/cmake/export_vectornav_msgs__rosidl_generator_pyExport-noconfig.cmake
[7.631s] -- Up-to-date: /workspaces/isaac_ros-dev/install/vectornav_msgs/share/vectornav_msgs/cmake/rosidl_cmake-extras.cmake
[7.631s] -- Up-to-date: /workspaces/isaac_ros-dev/install/vectornav_msgs/share/vectornav_msgs/cmake/ament_cmake_export_dependencies-extras.cmake
[7.632s] -- Up-to-date: /workspaces/isaac_ros-dev/install/vectornav_msgs/share/vectornav_msgs/cmake/ament_cmake_export_include_directories-extras.cmake
[7.632s] -- Up-to-date: /workspaces/isaac_ros-dev/install/vectornav_msgs/share/vectornav_msgs/cmake/ament_cmake_export_libraries-extras.cmake
[7.632s] -- Up-to-date: /workspaces/isaac_ros-dev/install/vectornav_msgs/share/vectornav_msgs/cmake/ament_cmake_export_targets-extras.cmake
[7.632s] -- Up-to-date: /workspaces/isaac_ros-dev/install/vectornav_msgs/share/vectornav_msgs/cmake/rosidl_cmake_export_typesupport_targets-extras.cmake
[7.633s] -- Up-to-date: /workspaces/isaac_ros-dev/install/vectornav_msgs/share/vectornav_msgs/cmake/rosidl_cmake_export_typesupport_libraries-extras.cmake
[7.633s] -- Up-to-date: /workspaces/isaac_ros-dev/install/vectornav_msgs/share/vectornav_msgs/cmake/vectornav_msgsConfig.cmake
[7.633s] -- Up-to-date: /workspaces/isaac_ros-dev/install/vectornav_msgs/share/vectornav_msgs/cmake/vectornav_msgsConfig-version.cmake
[7.633s] -- Up-to-date: /workspaces/isaac_ros-dev/install/vectornav_msgs/share/vectornav_msgs/package.xml
[7.654s] Invoked command in '/workspaces/isaac_ros-dev/build/vectornav_msgs' returned '0': CMAKE_PREFIX_PATH=/workspaces/isaac_ros-dev/install/yolov8_bringup:/workspaces/isaac_ros-dev/install/multisense_ros:/workspaces/isaac_ros-dev/install/xacro:/workspaces/isaac_ros-dev/install/vision_msgs_rviz_plugins:/workspaces/isaac_ros-dev/install/vision_msgs:/workspaces/isaac_ros-dev/install/velodyne:/workspaces/isaac_ros-dev/install/velodyne_pointcloud:/workspaces/isaac_ros-dev/install/velodyne_driver:/workspaces/isaac_ros-dev/install/velodyne_msgs:/workspaces/isaac_ros-dev/install/velodyne_laserscan:/workspaces/isaac_ros-dev/install/vectornav:/workspaces/isaac_ros-dev/install/sdv_localization:/workspaces/isaac_ros-dev/install/vectornav_msgs:/workspaces/isaac_ros-dev/install/slam_toolbox:/workspaces/isaac_ros-dev/install/sdv_msg:/workspaces/isaac_ros-dev/install/sdv_localization_msgs:/workspaces/isaac_ros-dev/install/pointcloud_to_laserscan:/workspaces/isaac_ros-dev/install/my_package:/workspaces/isaac_ros-dev/install/multisense_msgs:/workspaces/isaac_ros-dev/install/multisense_lib:/workspaces/isaac_ros-dev/install/isaac_ros_visual_slam:/workspaces/isaac_ros-dev/install/isaac_ros_visual_slam_interfaces:/workspaces/isaac_ros-dev/install/isaac_ros_tensor_list_interfaces:/workspaces/isaac_ros-dev/install/isaac_ros_common:/workspaces/isaac_ros-dev/install/isaac_ros_bi3d_interfaces:/workspaces/isaac_ros-dev/install/isaac_ros_apriltag_interfaces:/workspaces/isaac_ros-dev/install/yolov8_ros:/workspaces/isaac_ros-dev/install/xbox_controller:/workspaces/isaac_ros-dev/install/panel:/workspaces/isaac_ros-dev/install/isaac_ros_test:/workspaces/isaac_ros-dev/install/encoder:/opt/ros/humble/install /usr/bin/cmake --install /workspaces/isaac_ros-dev/build/vectornav_msgs
