[5.114s] Invoking command in '/workspaces/isaac_ros-dev/src/encoder': PYTHONPATH=/workspaces/isaac_ros-dev/install/encoder/lib/python3.8/site-packages:${PYTHONPATH} /usr/bin/python3 setup.py egg_info --egg-base ../../build/encoder build --build-base /workspaces/isaac_ros-dev/build/encoder/build install --prefix /workspaces/isaac_ros-dev/install/encoder --record /workspaces/isaac_ros-dev/build/encoder/install.log --single-version-externally-managed
[7.038s] running egg_info
[7.099s] writing ../../build/encoder/encoder.egg-info/PKG-INFO
[7.100s] writing dependency_links to ../../build/encoder/encoder.egg-info/dependency_links.txt
[7.101s] writing entry points to ../../build/encoder/encoder.egg-info/entry_points.txt
[7.102s] writing requirements to ../../build/encoder/encoder.egg-info/requires.txt
[7.103s] writing top-level names to ../../build/encoder/encoder.egg-info/top_level.txt
[7.232s] reading manifest file '../../build/encoder/encoder.egg-info/SOURCES.txt'
[7.233s] writing manifest file '../../build/encoder/encoder.egg-info/SOURCES.txt'
[7.233s] running build
[7.234s] running build_py
[7.234s] running install
[7.254s] running install_lib
[7.321s] running install_data
[7.390s] running install_egg_info
[7.465s] removing '/workspaces/isaac_ros-dev/install/encoder/lib/python3.8/site-packages/encoder-0.0.0-py3.8.egg-info' (and everything under it)
[7.465s] Copying ../../build/encoder/encoder.egg-info to /workspaces/isaac_ros-dev/install/encoder/lib/python3.8/site-packages/encoder-0.0.0-py3.8.egg-info
[7.466s] running install_scripts
[7.728s] Installing encoder_rm script to /workspaces/isaac_ros-dev/install/encoder/lib/encoder
[7.729s] writing list of installed files to '/workspaces/isaac_ros-dev/build/encoder/install.log'
[8.999s] Invoked command in '/workspaces/isaac_ros-dev/src/encoder' returned '0': PYTHONPATH=/workspaces/isaac_ros-dev/install/encoder/lib/python3.8/site-packages:${PYTHONPATH} /usr/bin/python3 setup.py egg_info --egg-base ../../build/encoder build --build-base /workspaces/isaac_ros-dev/build/encoder/build install --prefix /workspaces/isaac_ros-dev/install/encoder --record /workspaces/isaac_ros-dev/build/encoder/install.log --single-version-externally-managed
