[5.717s] Invoking command in '/workspaces/isaac_ros-dev/src/encoder': PYTHONPATH=/workspaces/isaac_ros-dev/install/encoder/lib/python3.8/site-packages:${PYTHONPATH} /usr/bin/python3 setup.py egg_info --egg-base ../../build/encoder build --build-base /workspaces/isaac_ros-dev/build/encoder/build install --prefix /workspaces/isaac_ros-dev/install/encoder --record /workspaces/isaac_ros-dev/build/encoder/install.log --single-version-externally-managed
[7.912s] running egg_info
[7.964s] writing ../../build/encoder/encoder.egg-info/PKG-INFO
[7.965s] writing dependency_links to ../../build/encoder/encoder.egg-info/dependency_links.txt
[7.970s] writing entry points to ../../build/encoder/encoder.egg-info/entry_points.txt
[7.974s] writing requirements to ../../build/encoder/encoder.egg-info/requires.txt
[7.977s] writing top-level names to ../../build/encoder/encoder.egg-info/top_level.txt
[8.106s] reading manifest file '../../build/encoder/encoder.egg-info/SOURCES.txt'
[8.112s] writing manifest file '../../build/encoder/encoder.egg-info/SOURCES.txt'
[8.112s] running build
[8.112s] running build_py
[8.114s] running install
[8.137s] running install_lib
[8.206s] running install_data
[8.279s] running install_egg_info
[8.363s] removing '/workspaces/isaac_ros-dev/install/encoder/lib/python3.8/site-packages/encoder-0.0.0-py3.8.egg-info' (and everything under it)
[8.370s] Copying ../../build/encoder/encoder.egg-info to /workspaces/isaac_ros-dev/install/encoder/lib/python3.8/site-packages/encoder-0.0.0-py3.8.egg-info
[8.377s] running install_scripts
[8.635s] Installing encoder_rm script to /workspaces/isaac_ros-dev/install/encoder/lib/encoder
[8.637s] writing list of installed files to '/workspaces/isaac_ros-dev/build/encoder/install.log'
[10.151s] Invoked command in '/workspaces/isaac_ros-dev/src/encoder' returned '0': PYTHONPATH=/workspaces/isaac_ros-dev/install/encoder/lib/python3.8/site-packages:${PYTHONPATH} /usr/bin/python3 setup.py egg_info --egg-base ../../build/encoder build --build-base /workspaces/isaac_ros-dev/build/encoder/build install --prefix /workspaces/isaac_ros-dev/install/encoder --record /workspaces/isaac_ros-dev/build/encoder/install.log --single-version-externally-managed
