[0.636s] Invoking command in '/workspaces/isaac_ros-dev/build/sdv_msg': CMAKE_PREFIX_PATH=/workspaces/isaac_ros-dev/install/yolov8_bringup:/workspaces/isaac_ros-dev/install/multisense_ros:/workspaces/isaac_ros-dev/install/xacro:/workspaces/isaac_ros-dev/install/vision_msgs_rviz_plugins:/workspaces/isaac_ros-dev/install/vision_msgs:/workspaces/isaac_ros-dev/install/velodyne:/workspaces/isaac_ros-dev/install/velodyne_pointcloud:/workspaces/isaac_ros-dev/install/velodyne_driver:/workspaces/isaac_ros-dev/install/velodyne_msgs:/workspaces/isaac_ros-dev/install/velodyne_laserscan:/workspaces/isaac_ros-dev/install/vectornav:/workspaces/isaac_ros-dev/install/sdv_localization:/workspaces/isaac_ros-dev/install/vectornav_msgs:/workspaces/isaac_ros-dev/install/slam_toolbox:/workspaces/isaac_ros-dev/install/sdv_msg:/workspaces/isaac_ros-dev/install/sdv_localization_msgs:/workspaces/isaac_ros-dev/install/pointcloud_to_laserscan:/workspaces/isaac_ros-dev/install/my_package:/workspaces/isaac_ros-dev/install/multisense_msgs:/workspaces/isaac_ros-dev/install/multisense_lib:/workspaces/isaac_ros-dev/install/isaac_ros_visual_slam:/workspaces/isaac_ros-dev/install/isaac_ros_visual_slam_interfaces:/workspaces/isaac_ros-dev/install/isaac_ros_tensor_list_interfaces:/workspaces/isaac_ros-dev/install/isaac_ros_common:/workspaces/isaac_ros-dev/install/isaac_ros_bi3d_interfaces:/workspaces/isaac_ros-dev/install/isaac_ros_apriltag_interfaces:/workspaces/isaac_ros-dev/install/yolov8_ros:/workspaces/isaac_ros-dev/install/xbox_controller:/workspaces/isaac_ros-dev/install/panel:/workspaces/isaac_ros-dev/install/isaac_ros_test:/workspaces/isaac_ros-dev/install/encoder:/opt/ros/humble/install /usr/bin/cmake --build /workspaces/isaac_ros-dev/build/sdv_msg -- -j8 -l8
[2.437s] [  2%] Built target sdv_msg__cpp
[2.438s] [ 12%] Built target sdv_msg__rosidl_generator_c
[2.439s] [ 12%] Built target ament_cmake_python_copy_sdv_msg
[2.439s] [ 23%] Built target sdv_msg__rosidl_typesupport_fastrtps_cpp
[2.439s] [ 33%] Built target sdv_msg__rosidl_typesupport_cpp
[2.440s] [ 43%] Built target sdv_msg__rosidl_typesupport_introspection_cpp
[2.440s] [ 53%] Built target sdv_msg__rosidl_typesupport_fastrtps_c
[2.440s] [ 64%] Built target sdv_msg__rosidl_typesupport_introspection_c
[2.440s] [ 74%] Built target sdv_msg__rosidl_typesupport_c
[2.441s] [ 74%] Built target sdv_msg
[2.441s] [ 76%] Built target sdv_msg__py
[2.441s] [ 84%] Built target sdv_msg__rosidl_generator_py
[2.442s] [ 89%] Built target sdv_msg__rosidl_typesupport_fastrtps_c__pyext
[2.442s] [ 94%] Built target sdv_msg__rosidl_typesupport_introspection_c__pyext
[2.442s] [100%] Built target sdv_msg__rosidl_typesupport_c__pyext
[2.461s] running egg_info
[2.531s] writing sdv_msg.egg-info/PKG-INFO
[2.532s] writing dependency_links to sdv_msg.egg-info/dependency_links.txt
[2.533s] writing top-level names to sdv_msg.egg-info/top_level.txt
[2.786s] reading manifest file 'sdv_msg.egg-info/SOURCES.txt'
[2.796s] writing manifest file 'sdv_msg.egg-info/SOURCES.txt'
[3.325s] [100%] Built target ament_cmake_python_build_sdv_msg_egg
[3.415s] Invoked command in '/workspaces/isaac_ros-dev/build/sdv_msg' returned '0': CMAKE_PREFIX_PATH=/workspaces/isaac_ros-dev/install/yolov8_bringup:/workspaces/isaac_ros-dev/install/multisense_ros:/workspaces/isaac_ros-dev/install/xacro:/workspaces/isaac_ros-dev/install/vision_msgs_rviz_plugins:/workspaces/isaac_ros-dev/install/vision_msgs:/workspaces/isaac_ros-dev/install/velodyne:/workspaces/isaac_ros-dev/install/velodyne_pointcloud:/workspaces/isaac_ros-dev/install/velodyne_driver:/workspaces/isaac_ros-dev/install/velodyne_msgs:/workspaces/isaac_ros-dev/install/velodyne_laserscan:/workspaces/isaac_ros-dev/install/vectornav:/workspaces/isaac_ros-dev/install/sdv_localization:/workspaces/isaac_ros-dev/install/vectornav_msgs:/workspaces/isaac_ros-dev/install/slam_toolbox:/workspaces/isaac_ros-dev/install/sdv_msg:/workspaces/isaac_ros-dev/install/sdv_localization_msgs:/workspaces/isaac_ros-dev/install/pointcloud_to_laserscan:/workspaces/isaac_ros-dev/install/my_package:/workspaces/isaac_ros-dev/install/multisense_msgs:/workspaces/isaac_ros-dev/install/multisense_lib:/workspaces/isaac_ros-dev/install/isaac_ros_visual_slam:/workspaces/isaac_ros-dev/install/isaac_ros_visual_slam_interfaces:/workspaces/isaac_ros-dev/install/isaac_ros_tensor_list_interfaces:/workspaces/isaac_ros-dev/install/isaac_ros_common:/workspaces/isaac_ros-dev/install/isaac_ros_bi3d_interfaces:/workspaces/isaac_ros-dev/install/isaac_ros_apriltag_interfaces:/workspaces/isaac_ros-dev/install/yolov8_ros:/workspaces/isaac_ros-dev/install/xbox_controller:/workspaces/isaac_ros-dev/install/panel:/workspaces/isaac_ros-dev/install/isaac_ros_test:/workspaces/isaac_ros-dev/install/encoder:/opt/ros/humble/install /usr/bin/cmake --build /workspaces/isaac_ros-dev/build/sdv_msg -- -j8 -l8
[4.702s] Invoking command in '/workspaces/isaac_ros-dev/build/sdv_msg': CMAKE_PREFIX_PATH=/workspaces/isaac_ros-dev/install/yolov8_bringup:/workspaces/isaac_ros-dev/install/multisense_ros:/workspaces/isaac_ros-dev/install/xacro:/workspaces/isaac_ros-dev/install/vision_msgs_rviz_plugins:/workspaces/isaac_ros-dev/install/vision_msgs:/workspaces/isaac_ros-dev/install/velodyne:/workspaces/isaac_ros-dev/install/velodyne_pointcloud:/workspaces/isaac_ros-dev/install/velodyne_driver:/workspaces/isaac_ros-dev/install/velodyne_msgs:/workspaces/isaac_ros-dev/install/velodyne_laserscan:/workspaces/isaac_ros-dev/install/vectornav:/workspaces/isaac_ros-dev/install/sdv_localization:/workspaces/isaac_ros-dev/install/vectornav_msgs:/workspaces/isaac_ros-dev/install/slam_toolbox:/workspaces/isaac_ros-dev/install/sdv_msg:/workspaces/isaac_ros-dev/install/sdv_localization_msgs:/workspaces/isaac_ros-dev/install/pointcloud_to_laserscan:/workspaces/isaac_ros-dev/install/my_package:/workspaces/isaac_ros-dev/install/multisense_msgs:/workspaces/isaac_ros-dev/install/multisense_lib:/workspaces/isaac_ros-dev/install/isaac_ros_visual_slam:/workspaces/isaac_ros-dev/install/isaac_ros_visual_slam_interfaces:/workspaces/isaac_ros-dev/install/isaac_ros_tensor_list_interfaces:/workspaces/isaac_ros-dev/install/isaac_ros_common:/workspaces/isaac_ros-dev/install/isaac_ros_bi3d_interfaces:/workspaces/isaac_ros-dev/install/isaac_ros_apriltag_interfaces:/workspaces/isaac_ros-dev/install/yolov8_ros:/workspaces/isaac_ros-dev/install/xbox_controller:/workspaces/isaac_ros-dev/install/panel:/workspaces/isaac_ros-dev/install/isaac_ros_test:/workspaces/isaac_ros-dev/install/encoder:/opt/ros/humble/install /usr/bin/cmake --install /workspaces/isaac_ros-dev/build/sdv_msg
[4.731s] -- Install configuration: ""
[4.732s] -- Up-to-date: /workspaces/isaac_ros-dev/install/sdv_msg/share/ament_index/resource_index/rosidl_interfaces/sdv_msg
[4.732s] -- Up-to-date: /workspaces/isaac_ros-dev/install/sdv_msg/include/sdv_msg/sdv_msg
[4.733s] -- Up-to-date: /workspaces/isaac_ros-dev/install/sdv_msg/include/sdv_msg/sdv_msg/msg
[4.733s] -- Up-to-date: /workspaces/isaac_ros-dev/install/sdv_msg/include/sdv_msg/sdv_msg/msg/xbox_msg.h
[4.733s] -- Up-to-date: /workspaces/isaac_ros-dev/install/sdv_msg/include/sdv_msg/sdv_msg/msg/rosidl_generator_c__visibility_control.h
[4.734s] -- Up-to-date: /workspaces/isaac_ros-dev/install/sdv_msg/include/sdv_msg/sdv_msg/msg/panel_msg.h
[4.734s] -- Up-to-date: /workspaces/isaac_ros-dev/install/sdv_msg/include/sdv_msg/sdv_msg/msg/detail
[4.734s] -- Up-to-date: /workspaces/isaac_ros-dev/install/sdv_msg/include/sdv_msg/sdv_msg/msg/detail/xbox_msg__functions.h
[4.735s] -- Up-to-date: /workspaces/isaac_ros-dev/install/sdv_msg/include/sdv_msg/sdv_msg/msg/detail/panel_msg__type_support.h
[4.735s] -- Up-to-date: /workspaces/isaac_ros-dev/install/sdv_msg/include/sdv_msg/sdv_msg/msg/detail/xbox_msg__functions.c
[4.735s] -- Up-to-date: /workspaces/isaac_ros-dev/install/sdv_msg/include/sdv_msg/sdv_msg/msg/detail/panel_msg__functions.c
[4.736s] -- Up-to-date: /workspaces/isaac_ros-dev/install/sdv_msg/include/sdv_msg/sdv_msg/msg/detail/xbox_msg__struct.h
[4.736s] -- Up-to-date: /workspaces/isaac_ros-dev/install/sdv_msg/include/sdv_msg/sdv_msg/msg/detail/panel_msg__functions.h
[4.736s] -- Up-to-date: /workspaces/isaac_ros-dev/install/sdv_msg/include/sdv_msg/sdv_msg/msg/detail/panel_msg__struct.h
[4.737s] -- Up-to-date: /workspaces/isaac_ros-dev/install/sdv_msg/include/sdv_msg/sdv_msg/msg/detail/xbox_msg__type_support.h
[4.737s] -- Up-to-date: /workspaces/isaac_ros-dev/install/sdv_msg/share/sdv_msg/environment/library_path.sh
[4.737s] -- Up-to-date: /workspaces/isaac_ros-dev/install/sdv_msg/share/sdv_msg/environment/library_path.dsv
[4.738s] -- Up-to-date: /workspaces/isaac_ros-dev/install/sdv_msg/lib/libsdv_msg__rosidl_generator_c.so
[4.738s] -- Up-to-date: /workspaces/isaac_ros-dev/install/sdv_msg/include/sdv_msg/sdv_msg
[4.738s] -- Up-to-date: /workspaces/isaac_ros-dev/install/sdv_msg/include/sdv_msg/sdv_msg/msg
[4.738s] -- Up-to-date: /workspaces/isaac_ros-dev/install/sdv_msg/include/sdv_msg/sdv_msg/msg/rosidl_typesupport_fastrtps_c__visibility_control.h
[4.739s] -- Up-to-date: /workspaces/isaac_ros-dev/install/sdv_msg/include/sdv_msg/sdv_msg/msg/detail
[4.739s] -- Up-to-date: /workspaces/isaac_ros-dev/install/sdv_msg/include/sdv_msg/sdv_msg/msg/detail/panel_msg__rosidl_typesupport_fastrtps_c.h
[4.739s] -- Up-to-date: /workspaces/isaac_ros-dev/install/sdv_msg/include/sdv_msg/sdv_msg/msg/detail/xbox_msg__rosidl_typesupport_fastrtps_c.h
[4.739s] -- Up-to-date: /workspaces/isaac_ros-dev/install/sdv_msg/lib/libsdv_msg__rosidl_typesupport_fastrtps_c.so
[4.747s] -- Up-to-date: /workspaces/isaac_ros-dev/install/sdv_msg/include/sdv_msg/sdv_msg
[4.747s] -- Up-to-date: /workspaces/isaac_ros-dev/install/sdv_msg/include/sdv_msg/sdv_msg/msg
[4.748s] -- Up-to-date: /workspaces/isaac_ros-dev/install/sdv_msg/include/sdv_msg/sdv_msg/msg/xbox_msg.hpp
[4.751s] -- Up-to-date: /workspaces/isaac_ros-dev/install/sdv_msg/include/sdv_msg/sdv_msg/msg/panel_msg.hpp
[4.752s] -- Up-to-date: /workspaces/isaac_ros-dev/install/sdv_msg/include/sdv_msg/sdv_msg/msg/detail
[4.752s] -- Up-to-date: /workspaces/isaac_ros-dev/install/sdv_msg/include/sdv_msg/sdv_msg/msg/detail/panel_msg__builder.hpp
[4.753s] -- Up-to-date: /workspaces/isaac_ros-dev/install/sdv_msg/include/sdv_msg/sdv_msg/msg/detail/xbox_msg__struct.hpp
[4.754s] -- Up-to-date: /workspaces/isaac_ros-dev/install/sdv_msg/include/sdv_msg/sdv_msg/msg/detail/panel_msg__struct.hpp
[4.754s] -- Up-to-date: /workspaces/isaac_ros-dev/install/sdv_msg/include/sdv_msg/sdv_msg/msg/detail/panel_msg__traits.hpp
[4.755s] -- Up-to-date: /workspaces/isaac_ros-dev/install/sdv_msg/include/sdv_msg/sdv_msg/msg/detail/xbox_msg__builder.hpp
[4.755s] -- Up-to-date: /workspaces/isaac_ros-dev/install/sdv_msg/include/sdv_msg/sdv_msg/msg/detail/xbox_msg__traits.hpp
[4.755s] -- Up-to-date: /workspaces/isaac_ros-dev/install/sdv_msg/include/sdv_msg/sdv_msg
[4.756s] -- Up-to-date: /workspaces/isaac_ros-dev/install/sdv_msg/include/sdv_msg/sdv_msg/msg
[4.756s] -- Up-to-date: /workspaces/isaac_ros-dev/install/sdv_msg/include/sdv_msg/sdv_msg/msg/rosidl_typesupport_fastrtps_cpp__visibility_control.h
[4.756s] -- Up-to-date: /workspaces/isaac_ros-dev/install/sdv_msg/include/sdv_msg/sdv_msg/msg/detail
[4.756s] -- Up-to-date: /workspaces/isaac_ros-dev/install/sdv_msg/include/sdv_msg/sdv_msg/msg/detail/panel_msg__rosidl_typesupport_fastrtps_cpp.hpp
[4.757s] -- Up-to-date: /workspaces/isaac_ros-dev/install/sdv_msg/include/sdv_msg/sdv_msg/msg/detail/dds_fastrtps
[4.757s] -- Up-to-date: /workspaces/isaac_ros-dev/install/sdv_msg/include/sdv_msg/sdv_msg/msg/detail/xbox_msg__rosidl_typesupport_fastrtps_cpp.hpp
[4.758s] -- Up-to-date: /workspaces/isaac_ros-dev/install/sdv_msg/lib/libsdv_msg__rosidl_typesupport_fastrtps_cpp.so
[4.758s] -- Up-to-date: /workspaces/isaac_ros-dev/install/sdv_msg/include/sdv_msg/sdv_msg
[4.758s] -- Up-to-date: /workspaces/isaac_ros-dev/install/sdv_msg/include/sdv_msg/sdv_msg/msg
[4.759s] -- Up-to-date: /workspaces/isaac_ros-dev/install/sdv_msg/include/sdv_msg/sdv_msg/msg/detail
[4.759s] -- Up-to-date: /workspaces/isaac_ros-dev/install/sdv_msg/include/sdv_msg/sdv_msg/msg/detail/panel_msg__rosidl_typesupport_introspection_c.h
[4.759s] -- Up-to-date: /workspaces/isaac_ros-dev/install/sdv_msg/include/sdv_msg/sdv_msg/msg/detail/xbox_msg__rosidl_typesupport_introspection_c.h
[4.761s] -- Up-to-date: /workspaces/isaac_ros-dev/install/sdv_msg/include/sdv_msg/sdv_msg/msg/detail/panel_msg__type_support.c
[4.761s] -- Up-to-date: /workspaces/isaac_ros-dev/install/sdv_msg/include/sdv_msg/sdv_msg/msg/detail/xbox_msg__type_support.c
[4.762s] -- Up-to-date: /workspaces/isaac_ros-dev/install/sdv_msg/include/sdv_msg/sdv_msg/msg/rosidl_typesupport_introspection_c__visibility_control.h
[4.762s] -- Up-to-date: /workspaces/isaac_ros-dev/install/sdv_msg/lib/libsdv_msg__rosidl_typesupport_introspection_c.so
[4.762s] -- Up-to-date: /workspaces/isaac_ros-dev/install/sdv_msg/lib/libsdv_msg__rosidl_typesupport_c.so
[4.762s] -- Up-to-date: /workspaces/isaac_ros-dev/install/sdv_msg/include/sdv_msg/sdv_msg
[4.771s] -- Up-to-date: /workspaces/isaac_ros-dev/install/sdv_msg/include/sdv_msg/sdv_msg/msg
[4.774s] -- Up-to-date: /workspaces/isaac_ros-dev/install/sdv_msg/include/sdv_msg/sdv_msg/msg/detail
[4.775s] -- Up-to-date: /workspaces/isaac_ros-dev/install/sdv_msg/include/sdv_msg/sdv_msg/msg/detail/xbox_msg__rosidl_typesupport_introspection_cpp.hpp
[4.775s] -- Up-to-date: /workspaces/isaac_ros-dev/install/sdv_msg/include/sdv_msg/sdv_msg/msg/detail/panel_msg__rosidl_typesupport_introspection_cpp.hpp
[4.775s] -- Up-to-date: /workspaces/isaac_ros-dev/install/sdv_msg/include/sdv_msg/sdv_msg/msg/detail/panel_msg__type_support.cpp
[4.775s] -- Up-to-date: /workspaces/isaac_ros-dev/install/sdv_msg/include/sdv_msg/sdv_msg/msg/detail/xbox_msg__type_support.cpp
[4.775s] -- Up-to-date: /workspaces/isaac_ros-dev/install/sdv_msg/lib/libsdv_msg__rosidl_typesupport_introspection_cpp.so
[4.776s] -- Up-to-date: /workspaces/isaac_ros-dev/install/sdv_msg/lib/libsdv_msg__rosidl_typesupport_cpp.so
[4.776s] -- Up-to-date: /workspaces/isaac_ros-dev/install/sdv_msg/share/sdv_msg/environment/pythonpath.sh
[4.776s] -- Up-to-date: /workspaces/isaac_ros-dev/install/sdv_msg/share/sdv_msg/environment/pythonpath.dsv
[4.776s] -- Up-to-date: /workspaces/isaac_ros-dev/install/sdv_msg/lib/python3.8/site-packages/sdv_msg-0.0.0-py3.8.egg-info
[4.777s] -- Installing: /workspaces/isaac_ros-dev/install/sdv_msg/lib/python3.8/site-packages/sdv_msg-0.0.0-py3.8.egg-info/top_level.txt
[4.777s] -- Installing: /workspaces/isaac_ros-dev/install/sdv_msg/lib/python3.8/site-packages/sdv_msg-0.0.0-py3.8.egg-info/dependency_links.txt
[4.777s] -- Installing: /workspaces/isaac_ros-dev/install/sdv_msg/lib/python3.8/site-packages/sdv_msg-0.0.0-py3.8.egg-info/SOURCES.txt
[4.778s] -- Installing: /workspaces/isaac_ros-dev/install/sdv_msg/lib/python3.8/site-packages/sdv_msg-0.0.0-py3.8.egg-info/PKG-INFO
[4.778s] -- Up-to-date: /workspaces/isaac_ros-dev/install/sdv_msg/lib/python3.8/site-packages/sdv_msg
[4.778s] -- Up-to-date: /workspaces/isaac_ros-dev/install/sdv_msg/lib/python3.8/site-packages/sdv_msg/sdv_msg_s__rosidl_typesupport_fastrtps_c.cpython-38-aarch64-linux-gnu.so
[4.778s] -- Up-to-date: /workspaces/isaac_ros-dev/install/sdv_msg/lib/python3.8/site-packages/sdv_msg/sdv_msg_s__rosidl_typesupport_introspection_c.cpython-38-aarch64-linux-gnu.so
[4.779s] -- Up-to-date: /workspaces/isaac_ros-dev/install/sdv_msg/lib/python3.8/site-packages/sdv_msg/__init__.py
[4.779s] -- Up-to-date: /workspaces/isaac_ros-dev/install/sdv_msg/lib/python3.8/site-packages/sdv_msg/msg
[4.779s] -- Up-to-date: /workspaces/isaac_ros-dev/install/sdv_msg/lib/python3.8/site-packages/sdv_msg/msg/__init__.py
[4.779s] -- Up-to-date: /workspaces/isaac_ros-dev/install/sdv_msg/lib/python3.8/site-packages/sdv_msg/msg/_xbox_msg_s.c
[4.780s] -- Up-to-date: /workspaces/isaac_ros-dev/install/sdv_msg/lib/python3.8/site-packages/sdv_msg/msg/_panel_msg.py
[4.780s] -- Up-to-date: /workspaces/isaac_ros-dev/install/sdv_msg/lib/python3.8/site-packages/sdv_msg/msg/_xbox_msg.py
[4.780s] -- Up-to-date: /workspaces/isaac_ros-dev/install/sdv_msg/lib/python3.8/site-packages/sdv_msg/msg/_panel_msg_s.c
[4.780s] -- Up-to-date: /workspaces/isaac_ros-dev/install/sdv_msg/lib/python3.8/site-packages/sdv_msg/libsdv_msg__rosidl_generator_py.so
[4.780s] -- Up-to-date: /workspaces/isaac_ros-dev/install/sdv_msg/lib/python3.8/site-packages/sdv_msg/_sdv_msg_s.ep.rosidl_typesupport_introspection_c.c
[4.781s] -- Up-to-date: /workspaces/isaac_ros-dev/install/sdv_msg/lib/python3.8/site-packages/sdv_msg/_sdv_msg_s.ep.rosidl_typesupport_c.c
[4.781s] -- Up-to-date: /workspaces/isaac_ros-dev/install/sdv_msg/lib/python3.8/site-packages/sdv_msg/_sdv_msg_s.ep.rosidl_typesupport_fastrtps_c.c
[4.782s] -- Up-to-date: /workspaces/isaac_ros-dev/install/sdv_msg/lib/python3.8/site-packages/sdv_msg/sdv_msg_s__rosidl_typesupport_c.cpython-38-aarch64-linux-gnu.so
[4.964s] Listing '/workspaces/isaac_ros-dev/install/sdv_msg/lib/python3.8/site-packages/sdv_msg'...
[4.966s] Listing '/workspaces/isaac_ros-dev/install/sdv_msg/lib/python3.8/site-packages/sdv_msg/msg'...
[4.979s] -- Up-to-date: /workspaces/isaac_ros-dev/install/sdv_msg/lib/python3.8/site-packages/sdv_msg/sdv_msg_s__rosidl_typesupport_fastrtps_c.cpython-38-aarch64-linux-gnu.so
[4.980s] -- Up-to-date: /workspaces/isaac_ros-dev/install/sdv_msg/lib/python3.8/site-packages/sdv_msg/sdv_msg_s__rosidl_typesupport_introspection_c.cpython-38-aarch64-linux-gnu.so
[4.982s] -- Up-to-date: /workspaces/isaac_ros-dev/install/sdv_msg/lib/python3.8/site-packages/sdv_msg/sdv_msg_s__rosidl_typesupport_c.cpython-38-aarch64-linux-gnu.so
[4.984s] -- Up-to-date: /workspaces/isaac_ros-dev/install/sdv_msg/lib/libsdv_msg__rosidl_generator_py.so
[4.987s] -- Up-to-date: /workspaces/isaac_ros-dev/install/sdv_msg/share/sdv_msg/msg/PanelMsg.idl
[4.987s] -- Up-to-date: /workspaces/isaac_ros-dev/install/sdv_msg/share/sdv_msg/msg/XboxMsg.idl
[4.988s] -- Up-to-date: /workspaces/isaac_ros-dev/install/sdv_msg/share/sdv_msg/msg/PanelMsg.msg
[4.988s] -- Up-to-date: /workspaces/isaac_ros-dev/install/sdv_msg/share/sdv_msg/msg/XboxMsg.msg
[4.989s] -- Up-to-date: /workspaces/isaac_ros-dev/install/sdv_msg/share/ament_index/resource_index/package_run_dependencies/sdv_msg
[4.989s] -- Up-to-date: /workspaces/isaac_ros-dev/install/sdv_msg/share/ament_index/resource_index/parent_prefix_path/sdv_msg
[4.991s] -- Up-to-date: /workspaces/isaac_ros-dev/install/sdv_msg/share/sdv_msg/environment/ament_prefix_path.sh
[4.991s] -- Up-to-date: /workspaces/isaac_ros-dev/install/sdv_msg/share/sdv_msg/environment/ament_prefix_path.dsv
[5.002s] -- Up-to-date: /workspaces/isaac_ros-dev/install/sdv_msg/share/sdv_msg/environment/path.sh
[5.004s] -- Up-to-date: /workspaces/isaac_ros-dev/install/sdv_msg/share/sdv_msg/environment/path.dsv
[5.004s] -- Up-to-date: /workspaces/isaac_ros-dev/install/sdv_msg/share/sdv_msg/local_setup.bash
[5.004s] -- Up-to-date: /workspaces/isaac_ros-dev/install/sdv_msg/share/sdv_msg/local_setup.sh
[5.005s] -- Up-to-date: /workspaces/isaac_ros-dev/install/sdv_msg/share/sdv_msg/local_setup.zsh
[5.005s] -- Up-to-date: /workspaces/isaac_ros-dev/install/sdv_msg/share/sdv_msg/local_setup.dsv
[5.005s] -- Installing: /workspaces/isaac_ros-dev/install/sdv_msg/share/sdv_msg/package.dsv
[5.008s] -- Up-to-date: /workspaces/isaac_ros-dev/install/sdv_msg/share/ament_index/resource_index/packages/sdv_msg
[5.008s] -- Up-to-date: /workspaces/isaac_ros-dev/install/sdv_msg/share/sdv_msg/cmake/export_sdv_msg__rosidl_generator_cExport.cmake
[5.008s] -- Up-to-date: /workspaces/isaac_ros-dev/install/sdv_msg/share/sdv_msg/cmake/export_sdv_msg__rosidl_generator_cExport-noconfig.cmake
[5.042s] -- Up-to-date: /workspaces/isaac_ros-dev/install/sdv_msg/share/sdv_msg/cmake/export_sdv_msg__rosidl_typesupport_fastrtps_cExport.cmake
[5.045s] -- Up-to-date: /workspaces/isaac_ros-dev/install/sdv_msg/share/sdv_msg/cmake/export_sdv_msg__rosidl_typesupport_fastrtps_cExport-noconfig.cmake
[5.046s] -- Up-to-date: /workspaces/isaac_ros-dev/install/sdv_msg/share/sdv_msg/cmake/export_sdv_msg__rosidl_generator_cppExport.cmake
[5.046s] -- Up-to-date: /workspaces/isaac_ros-dev/install/sdv_msg/share/sdv_msg/cmake/export_sdv_msg__rosidl_typesupport_fastrtps_cppExport.cmake
[5.047s] -- Up-to-date: /workspaces/isaac_ros-dev/install/sdv_msg/share/sdv_msg/cmake/export_sdv_msg__rosidl_typesupport_fastrtps_cppExport-noconfig.cmake
[5.047s] -- Up-to-date: /workspaces/isaac_ros-dev/install/sdv_msg/share/sdv_msg/cmake/sdv_msg__rosidl_typesupport_introspection_cExport.cmake
[5.048s] -- Up-to-date: /workspaces/isaac_ros-dev/install/sdv_msg/share/sdv_msg/cmake/sdv_msg__rosidl_typesupport_introspection_cExport-noconfig.cmake
[5.048s] -- Up-to-date: /workspaces/isaac_ros-dev/install/sdv_msg/share/sdv_msg/cmake/sdv_msg__rosidl_typesupport_cExport.cmake
[5.048s] -- Up-to-date: /workspaces/isaac_ros-dev/install/sdv_msg/share/sdv_msg/cmake/sdv_msg__rosidl_typesupport_cExport-noconfig.cmake
[5.048s] -- Up-to-date: /workspaces/isaac_ros-dev/install/sdv_msg/share/sdv_msg/cmake/sdv_msg__rosidl_typesupport_introspection_cppExport.cmake
[5.049s] -- Up-to-date: /workspaces/isaac_ros-dev/install/sdv_msg/share/sdv_msg/cmake/sdv_msg__rosidl_typesupport_introspection_cppExport-noconfig.cmake
[5.049s] -- Up-to-date: /workspaces/isaac_ros-dev/install/sdv_msg/share/sdv_msg/cmake/sdv_msg__rosidl_typesupport_cppExport.cmake
[5.050s] -- Up-to-date: /workspaces/isaac_ros-dev/install/sdv_msg/share/sdv_msg/cmake/sdv_msg__rosidl_typesupport_cppExport-noconfig.cmake
[5.051s] -- Up-to-date: /workspaces/isaac_ros-dev/install/sdv_msg/share/sdv_msg/cmake/export_sdv_msg__rosidl_generator_pyExport.cmake
[5.051s] -- Up-to-date: /workspaces/isaac_ros-dev/install/sdv_msg/share/sdv_msg/cmake/export_sdv_msg__rosidl_generator_pyExport-noconfig.cmake
[5.055s] -- Up-to-date: /workspaces/isaac_ros-dev/install/sdv_msg/share/sdv_msg/cmake/rosidl_cmake-extras.cmake
[5.055s] -- Up-to-date: /workspaces/isaac_ros-dev/install/sdv_msg/share/sdv_msg/cmake/ament_cmake_export_dependencies-extras.cmake
[5.056s] -- Up-to-date: /workspaces/isaac_ros-dev/install/sdv_msg/share/sdv_msg/cmake/ament_cmake_export_include_directories-extras.cmake
[5.056s] -- Up-to-date: /workspaces/isaac_ros-dev/install/sdv_msg/share/sdv_msg/cmake/ament_cmake_export_libraries-extras.cmake
[5.056s] -- Up-to-date: /workspaces/isaac_ros-dev/install/sdv_msg/share/sdv_msg/cmake/ament_cmake_export_targets-extras.cmake
[5.057s] -- Up-to-date: /workspaces/isaac_ros-dev/install/sdv_msg/share/sdv_msg/cmake/rosidl_cmake_export_typesupport_targets-extras.cmake
[5.057s] -- Up-to-date: /workspaces/isaac_ros-dev/install/sdv_msg/share/sdv_msg/cmake/rosidl_cmake_export_typesupport_libraries-extras.cmake
[5.063s] -- Up-to-date: /workspaces/isaac_ros-dev/install/sdv_msg/share/sdv_msg/cmake/sdv_msgConfig.cmake
[5.063s] -- Up-to-date: /workspaces/isaac_ros-dev/install/sdv_msg/share/sdv_msg/cmake/sdv_msgConfig-version.cmake
[5.066s] -- Up-to-date: /workspaces/isaac_ros-dev/install/sdv_msg/share/sdv_msg/package.xml
[5.075s] Invoked command in '/workspaces/isaac_ros-dev/build/sdv_msg' returned '0': CMAKE_PREFIX_PATH=/workspaces/isaac_ros-dev/install/yolov8_bringup:/workspaces/isaac_ros-dev/install/multisense_ros:/workspaces/isaac_ros-dev/install/xacro:/workspaces/isaac_ros-dev/install/vision_msgs_rviz_plugins:/workspaces/isaac_ros-dev/install/vision_msgs:/workspaces/isaac_ros-dev/install/velodyne:/workspaces/isaac_ros-dev/install/velodyne_pointcloud:/workspaces/isaac_ros-dev/install/velodyne_driver:/workspaces/isaac_ros-dev/install/velodyne_msgs:/workspaces/isaac_ros-dev/install/velodyne_laserscan:/workspaces/isaac_ros-dev/install/vectornav:/workspaces/isaac_ros-dev/install/sdv_localization:/workspaces/isaac_ros-dev/install/vectornav_msgs:/workspaces/isaac_ros-dev/install/slam_toolbox:/workspaces/isaac_ros-dev/install/sdv_msg:/workspaces/isaac_ros-dev/install/sdv_localization_msgs:/workspaces/isaac_ros-dev/install/pointcloud_to_laserscan:/workspaces/isaac_ros-dev/install/my_package:/workspaces/isaac_ros-dev/install/multisense_msgs:/workspaces/isaac_ros-dev/install/multisense_lib:/workspaces/isaac_ros-dev/install/isaac_ros_visual_slam:/workspaces/isaac_ros-dev/install/isaac_ros_visual_slam_interfaces:/workspaces/isaac_ros-dev/install/isaac_ros_tensor_list_interfaces:/workspaces/isaac_ros-dev/install/isaac_ros_common:/workspaces/isaac_ros-dev/install/isaac_ros_bi3d_interfaces:/workspaces/isaac_ros-dev/install/isaac_ros_apriltag_interfaces:/workspaces/isaac_ros-dev/install/yolov8_ros:/workspaces/isaac_ros-dev/install/xbox_controller:/workspaces/isaac_ros-dev/install/panel:/workspaces/isaac_ros-dev/install/isaac_ros_test:/workspaces/isaac_ros-dev/install/encoder:/opt/ros/humble/install /usr/bin/cmake --install /workspaces/isaac_ros-dev/build/sdv_msg
