[0.571s] Invoking command in '/workspaces/isaac_ros-dev/build/vectornav_msgs': CMAKE_PREFIX_PATH=/workspaces/isaac_ros-dev/install/yolov8_bringup:/workspaces/isaac_ros-dev/install/multisense_ros:/workspaces/isaac_ros-dev/install/xacro:/workspaces/isaac_ros-dev/install/vision_msgs_rviz_plugins:/workspaces/isaac_ros-dev/install/vision_msgs:/workspaces/isaac_ros-dev/install/velodyne:/workspaces/isaac_ros-dev/install/velodyne_pointcloud:/workspaces/isaac_ros-dev/install/velodyne_driver:/workspaces/isaac_ros-dev/install/velodyne_msgs:/workspaces/isaac_ros-dev/install/velodyne_laserscan:/workspaces/isaac_ros-dev/install/vectornav:/workspaces/isaac_ros-dev/install/sdv_localization:/workspaces/isaac_ros-dev/install/vectornav_msgs:/workspaces/isaac_ros-dev/install/slam_toolbox:/workspaces/isaac_ros-dev/install/sdv_msg:/workspaces/isaac_ros-dev/install/sdv_localization_msgs:/workspaces/isaac_ros-dev/install/pointcloud_to_laserscan:/workspaces/isaac_ros-dev/install/my_package:/workspaces/isaac_ros-dev/install/multisense_msgs:/workspaces/isaac_ros-dev/install/multisense_lib:/workspaces/isaac_ros-dev/install/isaac_ros_visual_slam:/workspaces/isaac_ros-dev/install/isaac_ros_visual_slam_interfaces:/workspaces/isaac_ros-dev/install/isaac_ros_tensor_list_interfaces:/workspaces/isaac_ros-dev/install/isaac_ros_common:/workspaces/isaac_ros-dev/install/isaac_ros_bi3d_interfaces:/workspaces/isaac_ros-dev/install/isaac_ros_apriltag_interfaces:/workspaces/isaac_ros-dev/install/yolov8_ros:/workspaces/isaac_ros-dev/install/xbox_controller:/workspaces/isaac_ros-dev/install/panel:/workspaces/isaac_ros-dev/install/isaac_ros_test:/workspaces/isaac_ros-dev/install/encoder:/opt/ros/humble/install /usr/bin/cmake --build /workspaces/isaac_ros-dev/build/vectornav_msgs -- -j8 -l8
[2.463s] [  0%] Built target vectornav_msgs__cpp
[2.463s] [ 12%] Built target vectornav_msgs__rosidl_generator_c
[2.463s] [ 12%] Built target ament_cmake_python_copy_vectornav_msgs
[2.464s] [ 24%] Built target vectornav_msgs__rosidl_typesupport_cpp
[2.464s] [ 35%] Built target vectornav_msgs__rosidl_typesupport_fastrtps_cpp
[2.464s] [ 47%] Built target vectornav_msgs__rosidl_typesupport_introspection_cpp
[2.465s] [ 59%] Built target vectornav_msgs__rosidl_typesupport_introspection_c
[2.465s] [ 71%] Built target vectornav_msgs__rosidl_typesupport_fastrtps_c
[2.465s] [ 83%] Built target vectornav_msgs__rosidl_typesupport_c
[2.465s] [ 83%] Built target vectornav_msgs
[2.466s] [ 84%] Built target vectornav_msgs__py
[2.466s] [ 95%] Built target vectornav_msgs__rosidl_generator_py
[2.467s] [ 97%] Built target vectornav_msgs__rosidl_typesupport_introspection_c__pyext
[2.469s] [ 99%] Built target vectornav_msgs__rosidl_typesupport_fastrtps_c__pyext
[2.470s] [100%] Built target vectornav_msgs__rosidl_typesupport_c__pyext
[2.531s] running egg_info
[2.603s] writing vectornav_msgs.egg-info/PKG-INFO
[2.603s] writing dependency_links to vectornav_msgs.egg-info/dependency_links.txt
[2.604s] writing top-level names to vectornav_msgs.egg-info/top_level.txt
[2.967s] reading manifest file 'vectornav_msgs.egg-info/SOURCES.txt'
[2.995s] writing manifest file 'vectornav_msgs.egg-info/SOURCES.txt'
[3.424s] [100%] Built target ament_cmake_python_build_vectornav_msgs_egg
[3.470s] Invoked command in '/workspaces/isaac_ros-dev/build/vectornav_msgs' returned '0': CMAKE_PREFIX_PATH=/workspaces/isaac_ros-dev/install/yolov8_bringup:/workspaces/isaac_ros-dev/install/multisense_ros:/workspaces/isaac_ros-dev/install/xacro:/workspaces/isaac_ros-dev/install/vision_msgs_rviz_plugins:/workspaces/isaac_ros-dev/install/vision_msgs:/workspaces/isaac_ros-dev/install/velodyne:/workspaces/isaac_ros-dev/install/velodyne_pointcloud:/workspaces/isaac_ros-dev/install/velodyne_driver:/workspaces/isaac_ros-dev/install/velodyne_msgs:/workspaces/isaac_ros-dev/install/velodyne_laserscan:/workspaces/isaac_ros-dev/install/vectornav:/workspaces/isaac_ros-dev/install/sdv_localization:/workspaces/isaac_ros-dev/install/vectornav_msgs:/workspaces/isaac_ros-dev/install/slam_toolbox:/workspaces/isaac_ros-dev/install/sdv_msg:/workspaces/isaac_ros-dev/install/sdv_localization_msgs:/workspaces/isaac_ros-dev/install/pointcloud_to_laserscan:/workspaces/isaac_ros-dev/install/my_package:/workspaces/isaac_ros-dev/install/multisense_msgs:/workspaces/isaac_ros-dev/install/multisense_lib:/workspaces/isaac_ros-dev/install/isaac_ros_visual_slam:/workspaces/isaac_ros-dev/install/isaac_ros_visual_slam_interfaces:/workspaces/isaac_ros-dev/install/isaac_ros_tensor_list_interfaces:/workspaces/isaac_ros-dev/install/isaac_ros_common:/workspaces/isaac_ros-dev/install/isaac_ros_bi3d_interfaces:/workspaces/isaac_ros-dev/install/isaac_ros_apriltag_interfaces:/workspaces/isaac_ros-dev/install/yolov8_ros:/workspaces/isaac_ros-dev/install/xbox_controller:/workspaces/isaac_ros-dev/install/panel:/workspaces/isaac_ros-dev/install/isaac_ros_test:/workspaces/isaac_ros-dev/install/encoder:/opt/ros/humble/install /usr/bin/cmake --build /workspaces/isaac_ros-dev/build/vectornav_msgs -- -j8 -l8
[7.287s] Invoking command in '/workspaces/isaac_ros-dev/build/vectornav_msgs': CMAKE_PREFIX_PATH=/workspaces/isaac_ros-dev/install/yolov8_bringup:/workspaces/isaac_ros-dev/install/multisense_ros:/workspaces/isaac_ros-dev/install/xacro:/workspaces/isaac_ros-dev/install/vision_msgs_rviz_plugins:/workspaces/isaac_ros-dev/install/vision_msgs:/workspaces/isaac_ros-dev/install/velodyne:/workspaces/isaac_ros-dev/install/velodyne_pointcloud:/workspaces/isaac_ros-dev/install/velodyne_driver:/workspaces/isaac_ros-dev/install/velodyne_msgs:/workspaces/isaac_ros-dev/install/velodyne_laserscan:/workspaces/isaac_ros-dev/install/vectornav:/workspaces/isaac_ros-dev/install/sdv_localization:/workspaces/isaac_ros-dev/install/vectornav_msgs:/workspaces/isaac_ros-dev/install/slam_toolbox:/workspaces/isaac_ros-dev/install/sdv_msg:/workspaces/isaac_ros-dev/install/sdv_localization_msgs:/workspaces/isaac_ros-dev/install/pointcloud_to_laserscan:/workspaces/isaac_ros-dev/install/my_package:/workspaces/isaac_ros-dev/install/multisense_msgs:/workspaces/isaac_ros-dev/install/multisense_lib:/workspaces/isaac_ros-dev/install/isaac_ros_visual_slam:/workspaces/isaac_ros-dev/install/isaac_ros_visual_slam_interfaces:/workspaces/isaac_ros-dev/install/isaac_ros_tensor_list_interfaces:/workspaces/isaac_ros-dev/install/isaac_ros_common:/workspaces/isaac_ros-dev/install/isaac_ros_bi3d_interfaces:/workspaces/isaac_ros-dev/install/isaac_ros_apriltag_interfaces:/workspaces/isaac_ros-dev/install/yolov8_ros:/workspaces/isaac_ros-dev/install/xbox_controller:/workspaces/isaac_ros-dev/install/panel:/workspaces/isaac_ros-dev/install/isaac_ros_test:/workspaces/isaac_ros-dev/install/encoder:/opt/ros/humble/install /usr/bin/cmake --install /workspaces/isaac_ros-dev/build/vectornav_msgs
[7.469s] -- Install configuration: ""
[7.471s] -- Up-to-date: /workspaces/isaac_ros-dev/install/vectornav_msgs/share/ament_index/resource_index/rosidl_interfaces/vectornav_msgs
[7.471s] -- Up-to-date: /workspaces/isaac_ros-dev/install/vectornav_msgs/include/vectornav_msgs/vectornav_msgs
[7.471s] -- Up-to-date: /workspaces/isaac_ros-dev/install/vectornav_msgs/include/vectornav_msgs/vectornav_msgs/msg
[7.472s] -- Up-to-date: /workspaces/isaac_ros-dev/install/vectornav_msgs/include/vectornav_msgs/vectornav_msgs/msg/rosidl_generator_c__visibility_control.h
[7.472s] -- Up-to-date: /workspaces/isaac_ros-dev/install/vectornav_msgs/include/vectornav_msgs/vectornav_msgs/msg/vpe_status.h
[7.472s] -- Up-to-date: /workspaces/isaac_ros-dev/install/vectornav_msgs/include/vectornav_msgs/vectornav_msgs/msg/ins_status.h
[7.473s] -- Up-to-date: /workspaces/isaac_ros-dev/install/vectornav_msgs/include/vectornav_msgs/vectornav_msgs/msg/dop.h
[7.473s] -- Up-to-date: /workspaces/isaac_ros-dev/install/vectornav_msgs/include/vectornav_msgs/vectornav_msgs/msg/gps_group.h
[7.473s] -- Up-to-date: /workspaces/isaac_ros-dev/install/vectornav_msgs/include/vectornav_msgs/vectornav_msgs/msg/common_group.h
[7.473s] -- Up-to-date: /workspaces/isaac_ros-dev/install/vectornav_msgs/include/vectornav_msgs/vectornav_msgs/msg/imu_group.h
[7.474s] -- Up-to-date: /workspaces/isaac_ros-dev/install/vectornav_msgs/include/vectornav_msgs/vectornav_msgs/msg/detail
[7.474s] -- Up-to-date: /workspaces/isaac_ros-dev/install/vectornav_msgs/include/vectornav_msgs/vectornav_msgs/msg/detail/time_utc__functions.h
[7.474s] -- Up-to-date: /workspaces/isaac_ros-dev/install/vectornav_msgs/include/vectornav_msgs/vectornav_msgs/msg/detail/time_utc__type_support.h
[7.475s] -- Up-to-date: /workspaces/isaac_ros-dev/install/vectornav_msgs/include/vectornav_msgs/vectornav_msgs/msg/detail/time_status__functions.h
[7.475s] -- Up-to-date: /workspaces/isaac_ros-dev/install/vectornav_msgs/include/vectornav_msgs/vectornav_msgs/msg/detail/ins_group__struct.h
[7.475s] -- Up-to-date: /workspaces/isaac_ros-dev/install/vectornav_msgs/include/vectornav_msgs/vectornav_msgs/msg/detail/dop__type_support.h
[7.475s] -- Up-to-date: /workspaces/isaac_ros-dev/install/vectornav_msgs/include/vectornav_msgs/vectornav_msgs/msg/detail/gps_group__functions.h
[7.476s] -- Up-to-date: /workspaces/isaac_ros-dev/install/vectornav_msgs/include/vectornav_msgs/vectornav_msgs/msg/detail/time_group__type_support.h
[7.476s] -- Up-to-date: /workspaces/isaac_ros-dev/install/vectornav_msgs/include/vectornav_msgs/vectornav_msgs/msg/detail/time_utc__functions.c
[7.476s] -- Up-to-date: /workspaces/isaac_ros-dev/install/vectornav_msgs/include/vectornav_msgs/vectornav_msgs/msg/detail/vpe_status__functions.h
[7.476s] -- Up-to-date: /workspaces/isaac_ros-dev/install/vectornav_msgs/include/vectornav_msgs/vectornav_msgs/msg/detail/time_status__struct.h
[7.478s] -- Up-to-date: /workspaces/isaac_ros-dev/install/vectornav_msgs/include/vectornav_msgs/vectornav_msgs/msg/detail/imu_group__struct.h
[7.479s] -- Up-to-date: /workspaces/isaac_ros-dev/install/vectornav_msgs/include/vectornav_msgs/vectornav_msgs/msg/detail/ins_status__struct.h
[7.480s] -- Up-to-date: /workspaces/isaac_ros-dev/install/vectornav_msgs/include/vectornav_msgs/vectornav_msgs/msg/detail/attitude_group__functions.h
[7.480s] -- Up-to-date: /workspaces/isaac_ros-dev/install/vectornav_msgs/include/vectornav_msgs/vectornav_msgs/msg/detail/imu_group__functions.h
[7.480s] -- Up-to-date: /workspaces/isaac_ros-dev/install/vectornav_msgs/include/vectornav_msgs/vectornav_msgs/msg/detail/common_group__type_support.h
[7.480s] -- Up-to-date: /workspaces/isaac_ros-dev/install/vectornav_msgs/include/vectornav_msgs/vectornav_msgs/msg/detail/attitude_group__struct.h
[7.481s] -- Up-to-date: /workspaces/isaac_ros-dev/install/vectornav_msgs/include/vectornav_msgs/vectornav_msgs/msg/detail/vpe_status__functions.c
[7.481s] -- Up-to-date: /workspaces/isaac_ros-dev/install/vectornav_msgs/include/vectornav_msgs/vectornav_msgs/msg/detail/imu_group__functions.c
[7.481s] -- Up-to-date: /workspaces/isaac_ros-dev/install/vectornav_msgs/include/vectornav_msgs/vectornav_msgs/msg/detail/dop__functions.c
[7.481s] -- Up-to-date: /workspaces/isaac_ros-dev/install/vectornav_msgs/include/vectornav_msgs/vectornav_msgs/msg/detail/dop__struct.h
[7.482s] -- Up-to-date: /workspaces/isaac_ros-dev/install/vectornav_msgs/include/vectornav_msgs/vectornav_msgs/msg/detail/gps_group__functions.c
[7.482s] -- Up-to-date: /workspaces/isaac_ros-dev/install/vectornav_msgs/include/vectornav_msgs/vectornav_msgs/msg/detail/ins_status__functions.h
[7.482s] -- Up-to-date: /workspaces/isaac_ros-dev/install/vectornav_msgs/include/vectornav_msgs/vectornav_msgs/msg/detail/gps_group__type_support.h
[7.482s] -- Up-to-date: /workspaces/isaac_ros-dev/install/vectornav_msgs/include/vectornav_msgs/vectornav_msgs/msg/detail/time_utc__struct.h
[7.483s] -- Up-to-date: /workspaces/isaac_ros-dev/install/vectornav_msgs/include/vectornav_msgs/vectornav_msgs/msg/detail/ins_status__type_support.h
[7.483s] -- Up-to-date: /workspaces/isaac_ros-dev/install/vectornav_msgs/include/vectornav_msgs/vectornav_msgs/msg/detail/ins_group__functions.c
[7.483s] -- Up-to-date: /workspaces/isaac_ros-dev/install/vectornav_msgs/include/vectornav_msgs/vectornav_msgs/msg/detail/common_group__functions.h
[7.483s] -- Up-to-date: /workspaces/isaac_ros-dev/install/vectornav_msgs/include/vectornav_msgs/vectornav_msgs/msg/detail/time_status__functions.c
[7.484s] -- Up-to-date: /workspaces/isaac_ros-dev/install/vectornav_msgs/include/vectornav_msgs/vectornav_msgs/msg/detail/common_group__functions.c
[7.484s] -- Up-to-date: /workspaces/isaac_ros-dev/install/vectornav_msgs/include/vectornav_msgs/vectornav_msgs/msg/detail/imu_group__type_support.h
[7.484s] -- Up-to-date: /workspaces/isaac_ros-dev/install/vectornav_msgs/include/vectornav_msgs/vectornav_msgs/msg/detail/time_group__functions.c
[7.484s] -- Up-to-date: /workspaces/isaac_ros-dev/install/vectornav_msgs/include/vectornav_msgs/vectornav_msgs/msg/detail/time_status__type_support.h
[7.485s] -- Up-to-date: /workspaces/isaac_ros-dev/install/vectornav_msgs/include/vectornav_msgs/vectornav_msgs/msg/detail/time_group__functions.h
[7.509s] -- Up-to-date: /workspaces/isaac_ros-dev/install/vectornav_msgs/include/vectornav_msgs/vectornav_msgs/msg/detail/dop__functions.h
[7.510s] -- Up-to-date: /workspaces/isaac_ros-dev/install/vectornav_msgs/include/vectornav_msgs/vectornav_msgs/msg/detail/attitude_group__functions.c
[7.510s] -- Up-to-date: /workspaces/isaac_ros-dev/install/vectornav_msgs/include/vectornav_msgs/vectornav_msgs/msg/detail/gps_group__struct.h
[7.510s] -- Up-to-date: /workspaces/isaac_ros-dev/install/vectornav_msgs/include/vectornav_msgs/vectornav_msgs/msg/detail/attitude_group__type_support.h
[7.526s] -- Up-to-date: /workspaces/isaac_ros-dev/install/vectornav_msgs/include/vectornav_msgs/vectornav_msgs/msg/detail/ins_group__functions.h
[7.528s] -- Up-to-date: /workspaces/isaac_ros-dev/install/vectornav_msgs/include/vectornav_msgs/vectornav_msgs/msg/detail/common_group__struct.h
[7.528s] -- Up-to-date: /workspaces/isaac_ros-dev/install/vectornav_msgs/include/vectornav_msgs/vectornav_msgs/msg/detail/time_group__struct.h
[7.529s] -- Up-to-date: /workspaces/isaac_ros-dev/install/vectornav_msgs/include/vectornav_msgs/vectornav_msgs/msg/detail/ins_status__functions.c
[7.530s] -- Up-to-date: /workspaces/isaac_ros-dev/install/vectornav_msgs/include/vectornav_msgs/vectornav_msgs/msg/detail/vpe_status__type_support.h
[7.531s] -- Up-to-date: /workspaces/isaac_ros-dev/install/vectornav_msgs/include/vectornav_msgs/vectornav_msgs/msg/detail/ins_group__type_support.h
[7.531s] -- Up-to-date: /workspaces/isaac_ros-dev/install/vectornav_msgs/include/vectornav_msgs/vectornav_msgs/msg/detail/vpe_status__struct.h
[7.531s] -- Up-to-date: /workspaces/isaac_ros-dev/install/vectornav_msgs/include/vectornav_msgs/vectornav_msgs/msg/time_utc.h
[7.531s] -- Up-to-date: /workspaces/isaac_ros-dev/install/vectornav_msgs/include/vectornav_msgs/vectornav_msgs/msg/time_group.h
[7.532s] -- Up-to-date: /workspaces/isaac_ros-dev/install/vectornav_msgs/include/vectornav_msgs/vectornav_msgs/msg/time_status.h
[7.532s] -- Up-to-date: /workspaces/isaac_ros-dev/install/vectornav_msgs/include/vectornav_msgs/vectornav_msgs/msg/attitude_group.h
[7.532s] -- Up-to-date: /workspaces/isaac_ros-dev/install/vectornav_msgs/include/vectornav_msgs/vectornav_msgs/msg/ins_group.h
[7.532s] -- Up-to-date: /workspaces/isaac_ros-dev/install/vectornav_msgs/share/vectornav_msgs/environment/library_path.sh
[7.533s] -- Up-to-date: /workspaces/isaac_ros-dev/install/vectornav_msgs/share/vectornav_msgs/environment/library_path.dsv
[7.533s] -- Up-to-date: /workspaces/isaac_ros-dev/install/vectornav_msgs/lib/libvectornav_msgs__rosidl_generator_c.so
[7.533s] -- Up-to-date: /workspaces/isaac_ros-dev/install/vectornav_msgs/include/vectornav_msgs/vectornav_msgs
[7.533s] -- Up-to-date: /workspaces/isaac_ros-dev/install/vectornav_msgs/include/vectornav_msgs/vectornav_msgs/msg
[7.534s] -- Up-to-date: /workspaces/isaac_ros-dev/install/vectornav_msgs/include/vectornav_msgs/vectornav_msgs/msg/rosidl_typesupport_fastrtps_c__visibility_control.h
[7.534s] -- Up-to-date: /workspaces/isaac_ros-dev/install/vectornav_msgs/include/vectornav_msgs/vectornav_msgs/msg/detail
[7.534s] -- Up-to-date: /workspaces/isaac_ros-dev/install/vectornav_msgs/include/vectornav_msgs/vectornav_msgs/msg/detail/time_group__rosidl_typesupport_fastrtps_c.h
[7.535s] -- Up-to-date: /workspaces/isaac_ros-dev/install/vectornav_msgs/include/vectornav_msgs/vectornav_msgs/msg/detail/attitude_group__rosidl_typesupport_fastrtps_c.h
[7.535s] -- Up-to-date: /workspaces/isaac_ros-dev/install/vectornav_msgs/include/vectornav_msgs/vectornav_msgs/msg/detail/ins_group__rosidl_typesupport_fastrtps_c.h
[7.535s] -- Up-to-date: /workspaces/isaac_ros-dev/install/vectornav_msgs/include/vectornav_msgs/vectornav_msgs/msg/detail/time_utc__rosidl_typesupport_fastrtps_c.h
[7.535s] -- Up-to-date: /workspaces/isaac_ros-dev/install/vectornav_msgs/include/vectornav_msgs/vectornav_msgs/msg/detail/ins_status__rosidl_typesupport_fastrtps_c.h
[7.536s] -- Up-to-date: /workspaces/isaac_ros-dev/install/vectornav_msgs/include/vectornav_msgs/vectornav_msgs/msg/detail/imu_group__rosidl_typesupport_fastrtps_c.h
[7.536s] -- Up-to-date: /workspaces/isaac_ros-dev/install/vectornav_msgs/include/vectornav_msgs/vectornav_msgs/msg/detail/vpe_status__rosidl_typesupport_fastrtps_c.h
[7.536s] -- Up-to-date: /workspaces/isaac_ros-dev/install/vectornav_msgs/include/vectornav_msgs/vectornav_msgs/msg/detail/dop__rosidl_typesupport_fastrtps_c.h
[7.536s] -- Up-to-date: /workspaces/isaac_ros-dev/install/vectornav_msgs/include/vectornav_msgs/vectornav_msgs/msg/detail/common_group__rosidl_typesupport_fastrtps_c.h
[7.541s] -- Up-to-date: /workspaces/isaac_ros-dev/install/vectornav_msgs/include/vectornav_msgs/vectornav_msgs/msg/detail/gps_group__rosidl_typesupport_fastrtps_c.h
[7.541s] -- Up-to-date: /workspaces/isaac_ros-dev/install/vectornav_msgs/include/vectornav_msgs/vectornav_msgs/msg/detail/time_status__rosidl_typesupport_fastrtps_c.h
[7.541s] -- Up-to-date: /workspaces/isaac_ros-dev/install/vectornav_msgs/lib/libvectornav_msgs__rosidl_typesupport_fastrtps_c.so
[7.542s] -- Up-to-date: /workspaces/isaac_ros-dev/install/vectornav_msgs/include/vectornav_msgs/vectornav_msgs
[7.542s] -- Up-to-date: /workspaces/isaac_ros-dev/install/vectornav_msgs/include/vectornav_msgs/vectornav_msgs/msg
[7.542s] -- Up-to-date: /workspaces/isaac_ros-dev/install/vectornav_msgs/include/vectornav_msgs/vectornav_msgs/msg/common_group.hpp
[7.543s] -- Up-to-date: /workspaces/isaac_ros-dev/install/vectornav_msgs/include/vectornav_msgs/vectornav_msgs/msg/attitude_group.hpp
[7.543s] -- Up-to-date: /workspaces/isaac_ros-dev/install/vectornav_msgs/include/vectornav_msgs/vectornav_msgs/msg/vpe_status.hpp
[7.543s] -- Up-to-date: /workspaces/isaac_ros-dev/install/vectornav_msgs/include/vectornav_msgs/vectornav_msgs/msg/dop.hpp
[7.543s] -- Up-to-date: /workspaces/isaac_ros-dev/install/vectornav_msgs/include/vectornav_msgs/vectornav_msgs/msg/time_status.hpp
[7.544s] -- Up-to-date: /workspaces/isaac_ros-dev/install/vectornav_msgs/include/vectornav_msgs/vectornav_msgs/msg/gps_group.hpp
[7.544s] -- Up-to-date: /workspaces/isaac_ros-dev/install/vectornav_msgs/include/vectornav_msgs/vectornav_msgs/msg/imu_group.hpp
[7.544s] -- Up-to-date: /workspaces/isaac_ros-dev/install/vectornav_msgs/include/vectornav_msgs/vectornav_msgs/msg/detail
[7.545s] -- Up-to-date: /workspaces/isaac_ros-dev/install/vectornav_msgs/include/vectornav_msgs/vectornav_msgs/msg/detail/common_group__struct.hpp
[7.545s] -- Up-to-date: /workspaces/isaac_ros-dev/install/vectornav_msgs/include/vectornav_msgs/vectornav_msgs/msg/detail/ins_group__builder.hpp
[7.545s] -- Up-to-date: /workspaces/isaac_ros-dev/install/vectornav_msgs/include/vectornav_msgs/vectornav_msgs/msg/detail/ins_status__traits.hpp
[7.545s] -- Up-to-date: /workspaces/isaac_ros-dev/install/vectornav_msgs/include/vectornav_msgs/vectornav_msgs/msg/detail/vpe_status__struct.hpp
[7.546s] -- Up-to-date: /workspaces/isaac_ros-dev/install/vectornav_msgs/include/vectornav_msgs/vectornav_msgs/msg/detail/common_group__traits.hpp
[7.546s] -- Up-to-date: /workspaces/isaac_ros-dev/install/vectornav_msgs/include/vectornav_msgs/vectornav_msgs/msg/detail/gps_group__struct.hpp
[7.546s] -- Up-to-date: /workspaces/isaac_ros-dev/install/vectornav_msgs/include/vectornav_msgs/vectornav_msgs/msg/detail/attitude_group__builder.hpp
[7.546s] -- Up-to-date: /workspaces/isaac_ros-dev/install/vectornav_msgs/include/vectornav_msgs/vectornav_msgs/msg/detail/imu_group__struct.hpp
[7.554s] -- Up-to-date: /workspaces/isaac_ros-dev/install/vectornav_msgs/include/vectornav_msgs/vectornav_msgs/msg/detail/gps_group__builder.hpp
[7.555s] -- Up-to-date: /workspaces/isaac_ros-dev/install/vectornav_msgs/include/vectornav_msgs/vectornav_msgs/msg/detail/ins_group__struct.hpp
[7.555s] -- Up-to-date: /workspaces/isaac_ros-dev/install/vectornav_msgs/include/vectornav_msgs/vectornav_msgs/msg/detail/ins_status__struct.hpp
[7.555s] -- Up-to-date: /workspaces/isaac_ros-dev/install/vectornav_msgs/include/vectornav_msgs/vectornav_msgs/msg/detail/time_status__struct.hpp
[7.556s] -- Up-to-date: /workspaces/isaac_ros-dev/install/vectornav_msgs/include/vectornav_msgs/vectornav_msgs/msg/detail/time_utc__builder.hpp
[7.556s] -- Up-to-date: /workspaces/isaac_ros-dev/install/vectornav_msgs/include/vectornav_msgs/vectornav_msgs/msg/detail/dop__builder.hpp
[7.556s] -- Up-to-date: /workspaces/isaac_ros-dev/install/vectornav_msgs/include/vectornav_msgs/vectornav_msgs/msg/detail/time_status__builder.hpp
[7.556s] -- Up-to-date: /workspaces/isaac_ros-dev/install/vectornav_msgs/include/vectornav_msgs/vectornav_msgs/msg/detail/imu_group__builder.hpp
[7.557s] -- Up-to-date: /workspaces/isaac_ros-dev/install/vectornav_msgs/include/vectornav_msgs/vectornav_msgs/msg/detail/time_status__traits.hpp
[7.557s] -- Up-to-date: /workspaces/isaac_ros-dev/install/vectornav_msgs/include/vectornav_msgs/vectornav_msgs/msg/detail/time_utc__traits.hpp
[7.557s] -- Up-to-date: /workspaces/isaac_ros-dev/install/vectornav_msgs/include/vectornav_msgs/vectornav_msgs/msg/detail/vpe_status__builder.hpp
[7.557s] -- Up-to-date: /workspaces/isaac_ros-dev/install/vectornav_msgs/include/vectornav_msgs/vectornav_msgs/msg/detail/time_utc__struct.hpp
[7.558s] -- Up-to-date: /workspaces/isaac_ros-dev/install/vectornav_msgs/include/vectornav_msgs/vectornav_msgs/msg/detail/attitude_group__traits.hpp
[7.558s] -- Up-to-date: /workspaces/isaac_ros-dev/install/vectornav_msgs/include/vectornav_msgs/vectornav_msgs/msg/detail/time_group__traits.hpp
[7.558s] -- Up-to-date: /workspaces/isaac_ros-dev/install/vectornav_msgs/include/vectornav_msgs/vectornav_msgs/msg/detail/dop__struct.hpp
[7.558s] -- Up-to-date: /workspaces/isaac_ros-dev/install/vectornav_msgs/include/vectornav_msgs/vectornav_msgs/msg/detail/ins_status__builder.hpp
[7.559s] -- Up-to-date: /workspaces/isaac_ros-dev/install/vectornav_msgs/include/vectornav_msgs/vectornav_msgs/msg/detail/gps_group__traits.hpp
[7.559s] -- Up-to-date: /workspaces/isaac_ros-dev/install/vectornav_msgs/include/vectornav_msgs/vectornav_msgs/msg/detail/time_group__builder.hpp
[7.559s] -- Up-to-date: /workspaces/isaac_ros-dev/install/vectornav_msgs/include/vectornav_msgs/vectornav_msgs/msg/detail/time_group__struct.hpp
[7.559s] -- Up-to-date: /workspaces/isaac_ros-dev/install/vectornav_msgs/include/vectornav_msgs/vectornav_msgs/msg/detail/imu_group__traits.hpp
[7.560s] -- Up-to-date: /workspaces/isaac_ros-dev/install/vectornav_msgs/include/vectornav_msgs/vectornav_msgs/msg/detail/ins_group__traits.hpp
[7.560s] -- Up-to-date: /workspaces/isaac_ros-dev/install/vectornav_msgs/include/vectornav_msgs/vectornav_msgs/msg/detail/attitude_group__struct.hpp
[7.560s] -- Up-to-date: /workspaces/isaac_ros-dev/install/vectornav_msgs/include/vectornav_msgs/vectornav_msgs/msg/detail/vpe_status__traits.hpp
[7.560s] -- Up-to-date: /workspaces/isaac_ros-dev/install/vectornav_msgs/include/vectornav_msgs/vectornav_msgs/msg/detail/dop__traits.hpp
[7.561s] -- Up-to-date: /workspaces/isaac_ros-dev/install/vectornav_msgs/include/vectornav_msgs/vectornav_msgs/msg/detail/common_group__builder.hpp
[7.561s] -- Up-to-date: /workspaces/isaac_ros-dev/install/vectornav_msgs/include/vectornav_msgs/vectornav_msgs/msg/ins_status.hpp
[7.561s] -- Up-to-date: /workspaces/isaac_ros-dev/install/vectornav_msgs/include/vectornav_msgs/vectornav_msgs/msg/ins_group.hpp
[7.561s] -- Up-to-date: /workspaces/isaac_ros-dev/install/vectornav_msgs/include/vectornav_msgs/vectornav_msgs/msg/time_utc.hpp
[7.562s] -- Up-to-date: /workspaces/isaac_ros-dev/install/vectornav_msgs/include/vectornav_msgs/vectornav_msgs/msg/time_group.hpp
[7.562s] -- Up-to-date: /workspaces/isaac_ros-dev/install/vectornav_msgs/include/vectornav_msgs/vectornav_msgs
[7.563s] -- Up-to-date: /workspaces/isaac_ros-dev/install/vectornav_msgs/include/vectornav_msgs/vectornav_msgs/msg
[7.563s] -- Up-to-date: /workspaces/isaac_ros-dev/install/vectornav_msgs/include/vectornav_msgs/vectornav_msgs/msg/rosidl_typesupport_fastrtps_cpp__visibility_control.h
[7.565s] -- Up-to-date: /workspaces/isaac_ros-dev/install/vectornav_msgs/include/vectornav_msgs/vectornav_msgs/msg/detail
[7.565s] -- Up-to-date: /workspaces/isaac_ros-dev/install/vectornav_msgs/include/vectornav_msgs/vectornav_msgs/msg/detail/common_group__rosidl_typesupport_fastrtps_cpp.hpp
[7.565s] -- Up-to-date: /workspaces/isaac_ros-dev/install/vectornav_msgs/include/vectornav_msgs/vectornav_msgs/msg/detail/vpe_status__rosidl_typesupport_fastrtps_cpp.hpp
[7.566s] -- Up-to-date: /workspaces/isaac_ros-dev/install/vectornav_msgs/include/vectornav_msgs/vectornav_msgs/msg/detail/time_group__rosidl_typesupport_fastrtps_cpp.hpp
[7.572s] -- Up-to-date: /workspaces/isaac_ros-dev/install/vectornav_msgs/include/vectornav_msgs/vectornav_msgs/msg/detail/dop__rosidl_typesupport_fastrtps_cpp.hpp
[7.572s] -- Up-to-date: /workspaces/isaac_ros-dev/install/vectornav_msgs/include/vectornav_msgs/vectornav_msgs/msg/detail/dds_fastrtps
[7.572s] -- Up-to-date: /workspaces/isaac_ros-dev/install/vectornav_msgs/include/vectornav_msgs/vectornav_msgs/msg/detail/time_status__rosidl_typesupport_fastrtps_cpp.hpp
[7.573s] -- Up-to-date: /workspaces/isaac_ros-dev/install/vectornav_msgs/include/vectornav_msgs/vectornav_msgs/msg/detail/ins_group__rosidl_typesupport_fastrtps_cpp.hpp
[7.573s] -- Up-to-date: /workspaces/isaac_ros-dev/install/vectornav_msgs/include/vectornav_msgs/vectornav_msgs/msg/detail/gps_group__rosidl_typesupport_fastrtps_cpp.hpp
[7.574s] -- Up-to-date: /workspaces/isaac_ros-dev/install/vectornav_msgs/include/vectornav_msgs/vectornav_msgs/msg/detail/imu_group__rosidl_typesupport_fastrtps_cpp.hpp
[7.574s] -- Up-to-date: /workspaces/isaac_ros-dev/install/vectornav_msgs/include/vectornav_msgs/vectornav_msgs/msg/detail/attitude_group__rosidl_typesupport_fastrtps_cpp.hpp
[7.575s] -- Up-to-date: /workspaces/isaac_ros-dev/install/vectornav_msgs/include/vectornav_msgs/vectornav_msgs/msg/detail/time_utc__rosidl_typesupport_fastrtps_cpp.hpp
[7.575s] -- Up-to-date: /workspaces/isaac_ros-dev/install/vectornav_msgs/include/vectornav_msgs/vectornav_msgs/msg/detail/ins_status__rosidl_typesupport_fastrtps_cpp.hpp
[7.576s] -- Up-to-date: /workspaces/isaac_ros-dev/install/vectornav_msgs/lib/libvectornav_msgs__rosidl_typesupport_fastrtps_cpp.so
[7.576s] -- Up-to-date: /workspaces/isaac_ros-dev/install/vectornav_msgs/include/vectornav_msgs/vectornav_msgs
[7.576s] -- Up-to-date: /workspaces/isaac_ros-dev/install/vectornav_msgs/include/vectornav_msgs/vectornav_msgs/msg
[7.577s] -- Up-to-date: /workspaces/isaac_ros-dev/install/vectornav_msgs/include/vectornav_msgs/vectornav_msgs/msg/detail
[7.577s] -- Up-to-date: /workspaces/isaac_ros-dev/install/vectornav_msgs/include/vectornav_msgs/vectornav_msgs/msg/detail/time_group__type_support.c
[7.577s] -- Up-to-date: /workspaces/isaac_ros-dev/install/vectornav_msgs/include/vectornav_msgs/vectornav_msgs/msg/detail/dop__rosidl_typesupport_introspection_c.h
[7.578s] -- Up-to-date: /workspaces/isaac_ros-dev/install/vectornav_msgs/include/vectornav_msgs/vectornav_msgs/msg/detail/vpe_status__type_support.c
[7.578s] -- Up-to-date: /workspaces/isaac_ros-dev/install/vectornav_msgs/include/vectornav_msgs/vectornav_msgs/msg/detail/ins_status__type_support.c
[7.578s] -- Up-to-date: /workspaces/isaac_ros-dev/install/vectornav_msgs/include/vectornav_msgs/vectornav_msgs/msg/detail/imu_group__type_support.c
[7.578s] -- Up-to-date: /workspaces/isaac_ros-dev/install/vectornav_msgs/include/vectornav_msgs/vectornav_msgs/msg/detail/common_group__rosidl_typesupport_introspection_c.h
[7.579s] -- Up-to-date: /workspaces/isaac_ros-dev/install/vectornav_msgs/include/vectornav_msgs/vectornav_msgs/msg/detail/time_utc__type_support.c
[7.579s] -- Up-to-date: /workspaces/isaac_ros-dev/install/vectornav_msgs/include/vectornav_msgs/vectornav_msgs/msg/detail/time_utc__rosidl_typesupport_introspection_c.h
[7.579s] -- Up-to-date: /workspaces/isaac_ros-dev/install/vectornav_msgs/include/vectornav_msgs/vectornav_msgs/msg/detail/attitude_group__type_support.c
[7.579s] -- Up-to-date: /workspaces/isaac_ros-dev/install/vectornav_msgs/include/vectornav_msgs/vectornav_msgs/msg/detail/ins_status__rosidl_typesupport_introspection_c.h
[7.580s] -- Up-to-date: /workspaces/isaac_ros-dev/install/vectornav_msgs/include/vectornav_msgs/vectornav_msgs/msg/detail/common_group__type_support.c
[7.580s] -- Up-to-date: /workspaces/isaac_ros-dev/install/vectornav_msgs/include/vectornav_msgs/vectornav_msgs/msg/detail/gps_group__type_support.c
[7.580s] -- Up-to-date: /workspaces/isaac_ros-dev/install/vectornav_msgs/include/vectornav_msgs/vectornav_msgs/msg/detail/vpe_status__rosidl_typesupport_introspection_c.h
[7.581s] -- Up-to-date: /workspaces/isaac_ros-dev/install/vectornav_msgs/include/vectornav_msgs/vectornav_msgs/msg/detail/attitude_group__rosidl_typesupport_introspection_c.h
[7.582s] -- Up-to-date: /workspaces/isaac_ros-dev/install/vectornav_msgs/include/vectornav_msgs/vectornav_msgs/msg/detail/time_group__rosidl_typesupport_introspection_c.h
[7.582s] -- Up-to-date: /workspaces/isaac_ros-dev/install/vectornav_msgs/include/vectornav_msgs/vectornav_msgs/msg/detail/ins_group__rosidl_typesupport_introspection_c.h
[7.582s] -- Up-to-date: /workspaces/isaac_ros-dev/install/vectornav_msgs/include/vectornav_msgs/vectornav_msgs/msg/detail/ins_group__type_support.c
[7.582s] -- Up-to-date: /workspaces/isaac_ros-dev/install/vectornav_msgs/include/vectornav_msgs/vectornav_msgs/msg/detail/imu_group__rosidl_typesupport_introspection_c.h
[7.583s] -- Up-to-date: /workspaces/isaac_ros-dev/install/vectornav_msgs/include/vectornav_msgs/vectornav_msgs/msg/detail/time_status__rosidl_typesupport_introspection_c.h
[7.583s] -- Up-to-date: /workspaces/isaac_ros-dev/install/vectornav_msgs/include/vectornav_msgs/vectornav_msgs/msg/detail/time_status__type_support.c
[7.583s] -- Up-to-date: /workspaces/isaac_ros-dev/install/vectornav_msgs/include/vectornav_msgs/vectornav_msgs/msg/detail/dop__type_support.c
[7.583s] -- Up-to-date: /workspaces/isaac_ros-dev/install/vectornav_msgs/include/vectornav_msgs/vectornav_msgs/msg/detail/gps_group__rosidl_typesupport_introspection_c.h
[7.584s] -- Up-to-date: /workspaces/isaac_ros-dev/install/vectornav_msgs/include/vectornav_msgs/vectornav_msgs/msg/rosidl_typesupport_introspection_c__visibility_control.h
[7.584s] -- Up-to-date: /workspaces/isaac_ros-dev/install/vectornav_msgs/lib/libvectornav_msgs__rosidl_typesupport_introspection_c.so
[7.584s] -- Up-to-date: /workspaces/isaac_ros-dev/install/vectornav_msgs/lib/libvectornav_msgs__rosidl_typesupport_c.so
[7.585s] -- Up-to-date: /workspaces/isaac_ros-dev/install/vectornav_msgs/include/vectornav_msgs/vectornav_msgs
[7.585s] -- Up-to-date: /workspaces/isaac_ros-dev/install/vectornav_msgs/include/vectornav_msgs/vectornav_msgs/msg
[7.586s] -- Up-to-date: /workspaces/isaac_ros-dev/install/vectornav_msgs/include/vectornav_msgs/vectornav_msgs/msg/detail
[7.587s] -- Up-to-date: /workspaces/isaac_ros-dev/install/vectornav_msgs/include/vectornav_msgs/vectornav_msgs/msg/detail/dop__rosidl_typesupport_introspection_cpp.hpp
[7.587s] -- Up-to-date: /workspaces/isaac_ros-dev/install/vectornav_msgs/include/vectornav_msgs/vectornav_msgs/msg/detail/imu_group__rosidl_typesupport_introspection_cpp.hpp
[7.587s] -- Up-to-date: /workspaces/isaac_ros-dev/install/vectornav_msgs/include/vectornav_msgs/vectornav_msgs/msg/detail/imu_group__type_support.cpp
[7.588s] -- Up-to-date: /workspaces/isaac_ros-dev/install/vectornav_msgs/include/vectornav_msgs/vectornav_msgs/msg/detail/time_utc__type_support.cpp
[7.588s] -- Up-to-date: /workspaces/isaac_ros-dev/install/vectornav_msgs/include/vectornav_msgs/vectornav_msgs/msg/detail/time_group__type_support.cpp
[7.588s] -- Up-to-date: /workspaces/isaac_ros-dev/install/vectornav_msgs/include/vectornav_msgs/vectornav_msgs/msg/detail/attitude_group__rosidl_typesupport_introspection_cpp.hpp
[7.588s] -- Up-to-date: /workspaces/isaac_ros-dev/install/vectornav_msgs/include/vectornav_msgs/vectornav_msgs/msg/detail/dop__type_support.cpp
[7.589s] -- Up-to-date: /workspaces/isaac_ros-dev/install/vectornav_msgs/include/vectornav_msgs/vectornav_msgs/msg/detail/vpe_status__rosidl_typesupport_introspection_cpp.hpp
[7.589s] -- Up-to-date: /workspaces/isaac_ros-dev/install/vectornav_msgs/include/vectornav_msgs/vectornav_msgs/msg/detail/common_group__type_support.cpp
[7.589s] -- Up-to-date: /workspaces/isaac_ros-dev/install/vectornav_msgs/include/vectornav_msgs/vectornav_msgs/msg/detail/common_group__rosidl_typesupport_introspection_cpp.hpp
[7.590s] -- Up-to-date: /workspaces/isaac_ros-dev/install/vectornav_msgs/include/vectornav_msgs/vectornav_msgs/msg/detail/ins_group__type_support.cpp
[7.590s] -- Up-to-date: /workspaces/isaac_ros-dev/install/vectornav_msgs/include/vectornav_msgs/vectornav_msgs/msg/detail/ins_status__rosidl_typesupport_introspection_cpp.hpp
[7.590s] -- Up-to-date: /workspaces/isaac_ros-dev/install/vectornav_msgs/include/vectornav_msgs/vectornav_msgs/msg/detail/ins_group__rosidl_typesupport_introspection_cpp.hpp
[7.590s] -- Up-to-date: /workspaces/isaac_ros-dev/install/vectornav_msgs/include/vectornav_msgs/vectornav_msgs/msg/detail/vpe_status__type_support.cpp
[7.591s] -- Up-to-date: /workspaces/isaac_ros-dev/install/vectornav_msgs/include/vectornav_msgs/vectornav_msgs/msg/detail/time_status__type_support.cpp
[7.591s] -- Up-to-date: /workspaces/isaac_ros-dev/install/vectornav_msgs/include/vectornav_msgs/vectornav_msgs/msg/detail/time_status__rosidl_typesupport_introspection_cpp.hpp
[7.591s] -- Up-to-date: /workspaces/isaac_ros-dev/install/vectornav_msgs/include/vectornav_msgs/vectornav_msgs/msg/detail/attitude_group__type_support.cpp
[7.591s] -- Up-to-date: /workspaces/isaac_ros-dev/install/vectornav_msgs/include/vectornav_msgs/vectornav_msgs/msg/detail/ins_status__type_support.cpp
[7.592s] -- Up-to-date: /workspaces/isaac_ros-dev/install/vectornav_msgs/include/vectornav_msgs/vectornav_msgs/msg/detail/time_group__rosidl_typesupport_introspection_cpp.hpp
[7.592s] -- Up-to-date: /workspaces/isaac_ros-dev/install/vectornav_msgs/include/vectornav_msgs/vectornav_msgs/msg/detail/gps_group__type_support.cpp
[7.592s] -- Up-to-date: /workspaces/isaac_ros-dev/install/vectornav_msgs/include/vectornav_msgs/vectornav_msgs/msg/detail/time_utc__rosidl_typesupport_introspection_cpp.hpp
[7.592s] -- Up-to-date: /workspaces/isaac_ros-dev/install/vectornav_msgs/include/vectornav_msgs/vectornav_msgs/msg/detail/gps_group__rosidl_typesupport_introspection_cpp.hpp
[7.593s] -- Up-to-date: /workspaces/isaac_ros-dev/install/vectornav_msgs/lib/libvectornav_msgs__rosidl_typesupport_introspection_cpp.so
[7.598s] -- Up-to-date: /workspaces/isaac_ros-dev/install/vectornav_msgs/lib/libvectornav_msgs__rosidl_typesupport_cpp.so
[7.598s] -- Up-to-date: /workspaces/isaac_ros-dev/install/vectornav_msgs/share/vectornav_msgs/environment/pythonpath.sh
[7.598s] -- Up-to-date: /workspaces/isaac_ros-dev/install/vectornav_msgs/share/vectornav_msgs/environment/pythonpath.dsv
[7.599s] -- Up-to-date: /workspaces/isaac_ros-dev/install/vectornav_msgs/lib/python3.8/site-packages/vectornav_msgs-3.0.0-py3.8.egg-info
[7.599s] -- Installing: /workspaces/isaac_ros-dev/install/vectornav_msgs/lib/python3.8/site-packages/vectornav_msgs-3.0.0-py3.8.egg-info/top_level.txt
[7.599s] -- Installing: /workspaces/isaac_ros-dev/install/vectornav_msgs/lib/python3.8/site-packages/vectornav_msgs-3.0.0-py3.8.egg-info/dependency_links.txt
[7.600s] -- Installing: /workspaces/isaac_ros-dev/install/vectornav_msgs/lib/python3.8/site-packages/vectornav_msgs-3.0.0-py3.8.egg-info/SOURCES.txt
[7.600s] -- Installing: /workspaces/isaac_ros-dev/install/vectornav_msgs/lib/python3.8/site-packages/vectornav_msgs-3.0.0-py3.8.egg-info/PKG-INFO
[7.600s] -- Up-to-date: /workspaces/isaac_ros-dev/install/vectornav_msgs/lib/python3.8/site-packages/vectornav_msgs
[7.600s] -- Up-to-date: /workspaces/isaac_ros-dev/install/vectornav_msgs/lib/python3.8/site-packages/vectornav_msgs/__init__.py
[7.601s] -- Up-to-date: /workspaces/isaac_ros-dev/install/vectornav_msgs/lib/python3.8/site-packages/vectornav_msgs/vectornav_msgs_s__rosidl_typesupport_fastrtps_c.cpython-38-aarch64-linux-gnu.so
[7.601s] -- Up-to-date: /workspaces/isaac_ros-dev/install/vectornav_msgs/lib/python3.8/site-packages/vectornav_msgs/libvectornav_msgs__rosidl_generator_py.so
[7.601s] -- Up-to-date: /workspaces/isaac_ros-dev/install/vectornav_msgs/lib/python3.8/site-packages/vectornav_msgs/_vectornav_msgs_s.ep.rosidl_typesupport_c.c
[7.601s] -- Up-to-date: /workspaces/isaac_ros-dev/install/vectornav_msgs/lib/python3.8/site-packages/vectornav_msgs/msg
[7.602s] -- Up-to-date: /workspaces/isaac_ros-dev/install/vectornav_msgs/lib/python3.8/site-packages/vectornav_msgs/msg/_dop_s.c
[7.602s] -- Up-to-date: /workspaces/isaac_ros-dev/install/vectornav_msgs/lib/python3.8/site-packages/vectornav_msgs/msg/__init__.py
[7.602s] -- Up-to-date: /workspaces/isaac_ros-dev/install/vectornav_msgs/lib/python3.8/site-packages/vectornav_msgs/msg/_ins_group.py
[7.602s] -- Up-to-date: /workspaces/isaac_ros-dev/install/vectornav_msgs/lib/python3.8/site-packages/vectornav_msgs/msg/_attitude_group.py
[7.603s] -- Up-to-date: /workspaces/isaac_ros-dev/install/vectornav_msgs/lib/python3.8/site-packages/vectornav_msgs/msg/_gps_group.py
[7.603s] -- Up-to-date: /workspaces/isaac_ros-dev/install/vectornav_msgs/lib/python3.8/site-packages/vectornav_msgs/msg/_ins_status.py
[7.603s] -- Up-to-date: /workspaces/isaac_ros-dev/install/vectornav_msgs/lib/python3.8/site-packages/vectornav_msgs/msg/_time_utc.py
[7.603s] -- Up-to-date: /workspaces/isaac_ros-dev/install/vectornav_msgs/lib/python3.8/site-packages/vectornav_msgs/msg/_time_status_s.c
[7.604s] -- Up-to-date: /workspaces/isaac_ros-dev/install/vectornav_msgs/lib/python3.8/site-packages/vectornav_msgs/msg/_ins_status_s.c
[7.604s] -- Up-to-date: /workspaces/isaac_ros-dev/install/vectornav_msgs/lib/python3.8/site-packages/vectornav_msgs/msg/_imu_group_s.c
[7.604s] -- Up-to-date: /workspaces/isaac_ros-dev/install/vectornav_msgs/lib/python3.8/site-packages/vectornav_msgs/msg/_dop.py
[7.605s] -- Up-to-date: /workspaces/isaac_ros-dev/install/vectornav_msgs/lib/python3.8/site-packages/vectornav_msgs/msg/_ins_group_s.c
[7.605s] -- Up-to-date: /workspaces/isaac_ros-dev/install/vectornav_msgs/lib/python3.8/site-packages/vectornav_msgs/msg/_common_group_s.c
[7.605s] -- Up-to-date: /workspaces/isaac_ros-dev/install/vectornav_msgs/lib/python3.8/site-packages/vectornav_msgs/msg/_time_status.py
[7.605s] -- Up-to-date: /workspaces/isaac_ros-dev/install/vectornav_msgs/lib/python3.8/site-packages/vectornav_msgs/msg/_vpe_status.py
[7.606s] -- Up-to-date: /workspaces/isaac_ros-dev/install/vectornav_msgs/lib/python3.8/site-packages/vectornav_msgs/msg/_gps_group_s.c
[7.606s] -- Up-to-date: /workspaces/isaac_ros-dev/install/vectornav_msgs/lib/python3.8/site-packages/vectornav_msgs/msg/_common_group.py
[7.606s] -- Up-to-date: /workspaces/isaac_ros-dev/install/vectornav_msgs/lib/python3.8/site-packages/vectornav_msgs/msg/_time_utc_s.c
[7.606s] -- Up-to-date: /workspaces/isaac_ros-dev/install/vectornav_msgs/lib/python3.8/site-packages/vectornav_msgs/msg/_attitude_group_s.c
[7.618s] -- Up-to-date: /workspaces/isaac_ros-dev/install/vectornav_msgs/lib/python3.8/site-packages/vectornav_msgs/msg/_imu_group.py
[7.618s] -- Up-to-date: /workspaces/isaac_ros-dev/install/vectornav_msgs/lib/python3.8/site-packages/vectornav_msgs/msg/_time_group_s.c
[7.619s] -- Up-to-date: /workspaces/isaac_ros-dev/install/vectornav_msgs/lib/python3.8/site-packages/vectornav_msgs/msg/_vpe_status_s.c
[7.619s] -- Up-to-date: /workspaces/isaac_ros-dev/install/vectornav_msgs/lib/python3.8/site-packages/vectornav_msgs/msg/_time_group.py
[7.619s] -- Up-to-date: /workspaces/isaac_ros-dev/install/vectornav_msgs/lib/python3.8/site-packages/vectornav_msgs/_vectornav_msgs_s.ep.rosidl_typesupport_introspection_c.c
[7.620s] -- Up-to-date: /workspaces/isaac_ros-dev/install/vectornav_msgs/lib/python3.8/site-packages/vectornav_msgs/_vectornav_msgs_s.ep.rosidl_typesupport_fastrtps_c.c
[7.620s] -- Up-to-date: /workspaces/isaac_ros-dev/install/vectornav_msgs/lib/python3.8/site-packages/vectornav_msgs/vectornav_msgs_s__rosidl_typesupport_c.cpython-38-aarch64-linux-gnu.so
[7.620s] -- Up-to-date: /workspaces/isaac_ros-dev/install/vectornav_msgs/lib/python3.8/site-packages/vectornav_msgs/vectornav_msgs_s__rosidl_typesupport_introspection_c.cpython-38-aarch64-linux-gnu.so
[7.722s] Listing '/workspaces/isaac_ros-dev/install/vectornav_msgs/lib/python3.8/site-packages/vectornav_msgs'...
[7.723s] Listing '/workspaces/isaac_ros-dev/install/vectornav_msgs/lib/python3.8/site-packages/vectornav_msgs/msg'...
[7.737s] -- Up-to-date: /workspaces/isaac_ros-dev/install/vectornav_msgs/lib/python3.8/site-packages/vectornav_msgs/vectornav_msgs_s__rosidl_typesupport_fastrtps_c.cpython-38-aarch64-linux-gnu.so
[7.740s] -- Up-to-date: /workspaces/isaac_ros-dev/install/vectornav_msgs/lib/python3.8/site-packages/vectornav_msgs/vectornav_msgs_s__rosidl_typesupport_introspection_c.cpython-38-aarch64-linux-gnu.so
[7.742s] -- Up-to-date: /workspaces/isaac_ros-dev/install/vectornav_msgs/lib/python3.8/site-packages/vectornav_msgs/vectornav_msgs_s__rosidl_typesupport_c.cpython-38-aarch64-linux-gnu.so
[7.744s] -- Up-to-date: /workspaces/isaac_ros-dev/install/vectornav_msgs/lib/libvectornav_msgs__rosidl_generator_py.so
[7.745s] -- Up-to-date: /workspaces/isaac_ros-dev/install/vectornav_msgs/share/vectornav_msgs/msg/CommonGroup.idl
[7.746s] -- Up-to-date: /workspaces/isaac_ros-dev/install/vectornav_msgs/share/vectornav_msgs/msg/TimeGroup.idl
[7.746s] -- Up-to-date: /workspaces/isaac_ros-dev/install/vectornav_msgs/share/vectornav_msgs/msg/ImuGroup.idl
[7.746s] -- Up-to-date: /workspaces/isaac_ros-dev/install/vectornav_msgs/share/vectornav_msgs/msg/GpsGroup.idl
[7.747s] -- Up-to-date: /workspaces/isaac_ros-dev/install/vectornav_msgs/share/vectornav_msgs/msg/AttitudeGroup.idl
[7.747s] -- Up-to-date: /workspaces/isaac_ros-dev/install/vectornav_msgs/share/vectornav_msgs/msg/InsGroup.idl
[7.747s] -- Up-to-date: /workspaces/isaac_ros-dev/install/vectornav_msgs/share/vectornav_msgs/msg/TimeUTC.idl
[7.747s] -- Up-to-date: /workspaces/isaac_ros-dev/install/vectornav_msgs/share/vectornav_msgs/msg/DOP.idl
[7.748s] -- Up-to-date: /workspaces/isaac_ros-dev/install/vectornav_msgs/share/vectornav_msgs/msg/VpeStatus.idl
[7.748s] -- Up-to-date: /workspaces/isaac_ros-dev/install/vectornav_msgs/share/vectornav_msgs/msg/TimeStatus.idl
[7.748s] -- Up-to-date: /workspaces/isaac_ros-dev/install/vectornav_msgs/share/vectornav_msgs/msg/InsStatus.idl
[7.749s] -- Up-to-date: /workspaces/isaac_ros-dev/install/vectornav_msgs/share/vectornav_msgs/msg/CommonGroup.msg
[7.749s] -- Up-to-date: /workspaces/isaac_ros-dev/install/vectornav_msgs/share/vectornav_msgs/msg/TimeGroup.msg
[7.751s] -- Up-to-date: /workspaces/isaac_ros-dev/install/vectornav_msgs/share/vectornav_msgs/msg/ImuGroup.msg
[7.751s] -- Up-to-date: /workspaces/isaac_ros-dev/install/vectornav_msgs/share/vectornav_msgs/msg/GpsGroup.msg
[7.751s] -- Up-to-date: /workspaces/isaac_ros-dev/install/vectornav_msgs/share/vectornav_msgs/msg/AttitudeGroup.msg
[7.752s] -- Up-to-date: /workspaces/isaac_ros-dev/install/vectornav_msgs/share/vectornav_msgs/msg/InsGroup.msg
[7.752s] -- Up-to-date: /workspaces/isaac_ros-dev/install/vectornav_msgs/share/vectornav_msgs/msg/TimeUTC.msg
[7.753s] -- Up-to-date: /workspaces/isaac_ros-dev/install/vectornav_msgs/share/vectornav_msgs/msg/DOP.msg
[7.753s] -- Up-to-date: /workspaces/isaac_ros-dev/install/vectornav_msgs/share/vectornav_msgs/msg/VpeStatus.msg
[7.754s] -- Up-to-date: /workspaces/isaac_ros-dev/install/vectornav_msgs/share/vectornav_msgs/msg/TimeStatus.msg
[7.754s] -- Up-to-date: /workspaces/isaac_ros-dev/install/vectornav_msgs/share/vectornav_msgs/msg/InsStatus.msg
[7.754s] -- Up-to-date: /workspaces/isaac_ros-dev/install/vectornav_msgs/share/ament_index/resource_index/package_run_dependencies/vectornav_msgs
[7.755s] -- Up-to-date: /workspaces/isaac_ros-dev/install/vectornav_msgs/share/ament_index/resource_index/parent_prefix_path/vectornav_msgs
[7.755s] -- Up-to-date: /workspaces/isaac_ros-dev/install/vectornav_msgs/share/vectornav_msgs/environment/ament_prefix_path.sh
[7.755s] -- Up-to-date: /workspaces/isaac_ros-dev/install/vectornav_msgs/share/vectornav_msgs/environment/ament_prefix_path.dsv
[7.756s] -- Up-to-date: /workspaces/isaac_ros-dev/install/vectornav_msgs/share/vectornav_msgs/environment/path.sh
[7.756s] -- Up-to-date: /workspaces/isaac_ros-dev/install/vectornav_msgs/share/vectornav_msgs/environment/path.dsv
[7.756s] -- Up-to-date: /workspaces/isaac_ros-dev/install/vectornav_msgs/share/vectornav_msgs/local_setup.bash
[7.757s] -- Up-to-date: /workspaces/isaac_ros-dev/install/vectornav_msgs/share/vectornav_msgs/local_setup.sh
[7.757s] -- Up-to-date: /workspaces/isaac_ros-dev/install/vectornav_msgs/share/vectornav_msgs/local_setup.zsh
[7.758s] -- Up-to-date: /workspaces/isaac_ros-dev/install/vectornav_msgs/share/vectornav_msgs/local_setup.dsv
[7.758s] -- Installing: /workspaces/isaac_ros-dev/install/vectornav_msgs/share/vectornav_msgs/package.dsv
[7.758s] -- Up-to-date: /workspaces/isaac_ros-dev/install/vectornav_msgs/share/ament_index/resource_index/packages/vectornav_msgs
[7.759s] -- Up-to-date: /workspaces/isaac_ros-dev/install/vectornav_msgs/share/vectornav_msgs/cmake/export_vectornav_msgs__rosidl_generator_cExport.cmake
[7.760s] -- Up-to-date: /workspaces/isaac_ros-dev/install/vectornav_msgs/share/vectornav_msgs/cmake/export_vectornav_msgs__rosidl_generator_cExport-noconfig.cmake
[7.761s] -- Up-to-date: /workspaces/isaac_ros-dev/install/vectornav_msgs/share/vectornav_msgs/cmake/export_vectornav_msgs__rosidl_typesupport_fastrtps_cExport.cmake
[7.762s] -- Up-to-date: /workspaces/isaac_ros-dev/install/vectornav_msgs/share/vectornav_msgs/cmake/export_vectornav_msgs__rosidl_typesupport_fastrtps_cExport-noconfig.cmake
[7.763s] -- Up-to-date: /workspaces/isaac_ros-dev/install/vectornav_msgs/share/vectornav_msgs/cmake/export_vectornav_msgs__rosidl_generator_cppExport.cmake
[7.763s] -- Up-to-date: /workspaces/isaac_ros-dev/install/vectornav_msgs/share/vectornav_msgs/cmake/export_vectornav_msgs__rosidl_typesupport_fastrtps_cppExport.cmake
[7.763s] -- Up-to-date: /workspaces/isaac_ros-dev/install/vectornav_msgs/share/vectornav_msgs/cmake/export_vectornav_msgs__rosidl_typesupport_fastrtps_cppExport-noconfig.cmake
[7.764s] -- Up-to-date: /workspaces/isaac_ros-dev/install/vectornav_msgs/share/vectornav_msgs/cmake/vectornav_msgs__rosidl_typesupport_introspection_cExport.cmake
[7.768s] -- Up-to-date: /workspaces/isaac_ros-dev/install/vectornav_msgs/share/vectornav_msgs/cmake/vectornav_msgs__rosidl_typesupport_introspection_cExport-noconfig.cmake
[7.768s] -- Up-to-date: /workspaces/isaac_ros-dev/install/vectornav_msgs/share/vectornav_msgs/cmake/vectornav_msgs__rosidl_typesupport_cExport.cmake
[7.769s] -- Up-to-date: /workspaces/isaac_ros-dev/install/vectornav_msgs/share/vectornav_msgs/cmake/vectornav_msgs__rosidl_typesupport_cExport-noconfig.cmake
[7.769s] -- Up-to-date: /workspaces/isaac_ros-dev/install/vectornav_msgs/share/vectornav_msgs/cmake/vectornav_msgs__rosidl_typesupport_introspection_cppExport.cmake
[7.769s] -- Up-to-date: /workspaces/isaac_ros-dev/install/vectornav_msgs/share/vectornav_msgs/cmake/vectornav_msgs__rosidl_typesupport_introspection_cppExport-noconfig.cmake
[7.769s] -- Up-to-date: /workspaces/isaac_ros-dev/install/vectornav_msgs/share/vectornav_msgs/cmake/vectornav_msgs__rosidl_typesupport_cppExport.cmake
[7.770s] -- Up-to-date: /workspaces/isaac_ros-dev/install/vectornav_msgs/share/vectornav_msgs/cmake/vectornav_msgs__rosidl_typesupport_cppExport-noconfig.cmake
[7.794s] -- Up-to-date: /workspaces/isaac_ros-dev/install/vectornav_msgs/share/vectornav_msgs/cmake/export_vectornav_msgs__rosidl_generator_pyExport.cmake
[7.794s] -- Up-to-date: /workspaces/isaac_ros-dev/install/vectornav_msgs/share/vectornav_msgs/cmake/export_vectornav_msgs__rosidl_generator_pyExport-noconfig.cmake
[7.795s] -- Up-to-date: /workspaces/isaac_ros-dev/install/vectornav_msgs/share/vectornav_msgs/cmake/rosidl_cmake-extras.cmake
[7.795s] -- Up-to-date: /workspaces/isaac_ros-dev/install/vectornav_msgs/share/vectornav_msgs/cmake/ament_cmake_export_dependencies-extras.cmake
[7.795s] -- Up-to-date: /workspaces/isaac_ros-dev/install/vectornav_msgs/share/vectornav_msgs/cmake/ament_cmake_export_include_directories-extras.cmake
[7.796s] -- Up-to-date: /workspaces/isaac_ros-dev/install/vectornav_msgs/share/vectornav_msgs/cmake/ament_cmake_export_libraries-extras.cmake
[7.796s] -- Up-to-date: /workspaces/isaac_ros-dev/install/vectornav_msgs/share/vectornav_msgs/cmake/ament_cmake_export_targets-extras.cmake
[7.796s] -- Up-to-date: /workspaces/isaac_ros-dev/install/vectornav_msgs/share/vectornav_msgs/cmake/rosidl_cmake_export_typesupport_targets-extras.cmake
[7.796s] -- Up-to-date: /workspaces/isaac_ros-dev/install/vectornav_msgs/share/vectornav_msgs/cmake/rosidl_cmake_export_typesupport_libraries-extras.cmake
[7.797s] -- Up-to-date: /workspaces/isaac_ros-dev/install/vectornav_msgs/share/vectornav_msgs/cmake/vectornav_msgsConfig.cmake
[7.797s] -- Up-to-date: /workspaces/isaac_ros-dev/install/vectornav_msgs/share/vectornav_msgs/cmake/vectornav_msgsConfig-version.cmake
[7.797s] -- Up-to-date: /workspaces/isaac_ros-dev/install/vectornav_msgs/share/vectornav_msgs/package.xml
[7.798s] Invoked command in '/workspaces/isaac_ros-dev/build/vectornav_msgs' returned '0': CMAKE_PREFIX_PATH=/workspaces/isaac_ros-dev/install/yolov8_bringup:/workspaces/isaac_ros-dev/install/multisense_ros:/workspaces/isaac_ros-dev/install/xacro:/workspaces/isaac_ros-dev/install/vision_msgs_rviz_plugins:/workspaces/isaac_ros-dev/install/vision_msgs:/workspaces/isaac_ros-dev/install/velodyne:/workspaces/isaac_ros-dev/install/velodyne_pointcloud:/workspaces/isaac_ros-dev/install/velodyne_driver:/workspaces/isaac_ros-dev/install/velodyne_msgs:/workspaces/isaac_ros-dev/install/velodyne_laserscan:/workspaces/isaac_ros-dev/install/vectornav:/workspaces/isaac_ros-dev/install/sdv_localization:/workspaces/isaac_ros-dev/install/vectornav_msgs:/workspaces/isaac_ros-dev/install/slam_toolbox:/workspaces/isaac_ros-dev/install/sdv_msg:/workspaces/isaac_ros-dev/install/sdv_localization_msgs:/workspaces/isaac_ros-dev/install/pointcloud_to_laserscan:/workspaces/isaac_ros-dev/install/my_package:/workspaces/isaac_ros-dev/install/multisense_msgs:/workspaces/isaac_ros-dev/install/multisense_lib:/workspaces/isaac_ros-dev/install/isaac_ros_visual_slam:/workspaces/isaac_ros-dev/install/isaac_ros_visual_slam_interfaces:/workspaces/isaac_ros-dev/install/isaac_ros_tensor_list_interfaces:/workspaces/isaac_ros-dev/install/isaac_ros_common:/workspaces/isaac_ros-dev/install/isaac_ros_bi3d_interfaces:/workspaces/isaac_ros-dev/install/isaac_ros_apriltag_interfaces:/workspaces/isaac_ros-dev/install/yolov8_ros:/workspaces/isaac_ros-dev/install/xbox_controller:/workspaces/isaac_ros-dev/install/panel:/workspaces/isaac_ros-dev/install/isaac_ros_test:/workspaces/isaac_ros-dev/install/encoder:/opt/ros/humble/install /usr/bin/cmake --install /workspaces/isaac_ros-dev/build/vectornav_msgs
