[0.146s] Invoking command in '/workspaces/isaac_ros-dev/build/sdv_localization': CMAKE_PREFIX_PATH=/workspaces/isaac_ros-dev/install/vectornav_msgs:/workspaces/isaac_ros-dev/install/sdv_localization_msgs:/workspaces/isaac_ros-dev/install/yolov8_bringup:/workspaces/isaac_ros-dev/install/multisense_ros:/workspaces/isaac_ros-dev/install/xacro:/workspaces/isaac_ros-dev/install/vision_msgs_rviz_plugins:/workspaces/isaac_ros-dev/install/vision_msgs:/workspaces/isaac_ros-dev/install/velodyne:/workspaces/isaac_ros-dev/install/velodyne_pointcloud:/workspaces/isaac_ros-dev/install/velodyne_driver:/workspaces/isaac_ros-dev/install/velodyne_msgs:/workspaces/isaac_ros-dev/install/velodyne_laserscan:/workspaces/isaac_ros-dev/install/vectornav:/workspaces/isaac_ros-dev/install/sdv_localization:/workspaces/isaac_ros-dev/install/slam_toolbox:/workspaces/isaac_ros-dev/install/sdv_msg:/workspaces/isaac_ros-dev/install/pointcloud_to_laserscan:/workspaces/isaac_ros-dev/install/my_package:/workspaces/isaac_ros-dev/install/multisense_msgs:/workspaces/isaac_ros-dev/install/multisense_lib:/workspaces/isaac_ros-dev/install/isaac_ros_visual_slam:/workspaces/isaac_ros-dev/install/isaac_ros_visual_slam_interfaces:/workspaces/isaac_ros-dev/install/isaac_ros_tensor_list_interfaces:/workspaces/isaac_ros-dev/install/isaac_ros_common:/workspaces/isaac_ros-dev/install/isaac_ros_bi3d_interfaces:/workspaces/isaac_ros-dev/install/isaac_ros_apriltag_interfaces:/workspaces/isaac_ros-dev/install/yolov8_ros:/workspaces/isaac_ros-dev/install/xbox_controller:/workspaces/isaac_ros-dev/install/panel:/workspaces/isaac_ros-dev/install/isaac_ros_test:/workspaces/isaac_ros-dev/install/encoder:/opt/ros/humble/install LD_LIBRARY_PATH=/workspaces/isaac_ros-dev/install/vectornav_msgs/lib:/workspaces/isaac_ros-dev/install/sdv_localization_msgs/lib:/workspaces/isaac_ros-dev/install/vision_msgs_rviz_plugins/lib:/workspaces/isaac_ros-dev/install/vision_msgs/lib:/workspaces/isaac_ros-dev/install/velodyne_pointcloud/lib:/workspaces/isaac_ros-dev/install/velodyne_driver/lib:/workspaces/isaac_ros-dev/install/velodyne_msgs/lib:/workspaces/isaac_ros-dev/install/velodyne_laserscan/lib:/workspaces/isaac_ros-dev/install/vectornav/lib:/workspaces/isaac_ros-dev/install/sdv_localization/lib:/workspaces/isaac_ros-dev/install/slam_toolbox/lib:/workspaces/isaac_ros-dev/install/sdv_msg/lib:/workspaces/isaac_ros-dev/install/pointcloud_to_laserscan/lib:/workspaces/isaac_ros-dev/install/multisense_msgs/lib:/workspaces/isaac_ros-dev/install/multisense_lib/lib:/workspaces/isaac_ros-dev/install/isaac_ros_visual_slam/lib:/workspaces/isaac_ros-dev/install/isaac_ros_visual_slam_interfaces/lib:/workspaces/isaac_ros-dev/install/isaac_ros_tensor_list_interfaces/lib:/workspaces/isaac_ros-dev/install/isaac_ros_common/lib:/workspaces/isaac_ros-dev/install/isaac_ros_bi3d_interfaces/lib:/workspaces/isaac_ros-dev/install/isaac_ros_apriltag_interfaces/lib:/opt/ros/humble/install/opt/rviz_ogre_vendor/lib:/opt/ros/humble/install/lib:/usr/lib/aarch64-linux-gnu/tegra-egl:/usr/local/cuda-11.4/targets/aarch64-linux/lib:/usr/lib/aarch64-linux-gnu/tegra:/opt/nvidia/vpi2/lib64:/usr/lib/aarch64-linux-gnu-host:/opt/tritonserver/lib PYTHONPATH=/workspaces/isaac_ros-dev/install/vectornav_msgs/lib/python3.8/site-packages:/workspaces/isaac_ros-dev/install/sdv_localization_msgs/lib/python3.8/site-packages:/workspaces/isaac_ros-dev/install/yolov8_ros/lib/python3.8/site-packages:/workspaces/isaac_ros-dev/install/xbox_controller/lib/python3.8/site-packages:/workspaces/isaac_ros-dev/install/xacro/lib/python3.8/site-packages:/workspaces/isaac_ros-dev/install/vision_msgs/lib/python3.8/site-packages:/workspaces/isaac_ros-dev/install/velodyne_msgs/lib/python3.8/site-packages:/workspaces/isaac_ros-dev/install/slam_toolbox/lib/python3.8/site-packages:/workspaces/isaac_ros-dev/install/sdv_msg/lib/python3.8/site-packages:/workspaces/isaac_ros-dev/install/panel/lib/python3.8/site-packages:/workspaces/isaac_ros-dev/install/multisense_msgs/lib/python3.8/site-packages:/workspaces/isaac_ros-dev/install/isaac_ros_visual_slam_interfaces/lib/python3.8/site-packages:/workspaces/isaac_ros-dev/install/isaac_ros_test/lib/python3.8/site-packages:/workspaces/isaac_ros-dev/install/isaac_ros_tensor_list_interfaces/lib/python3.8/site-packages:/workspaces/isaac_ros-dev/install/isaac_ros_bi3d_interfaces/lib/python3.8/site-packages:/workspaces/isaac_ros-dev/install/isaac_ros_apriltag_interfaces/lib/python3.8/site-packages:/workspaces/isaac_ros-dev/install/encoder/lib/python3.8/site-packages:/opt/ros/humble/install/lib/python3.8/site-packages /usr/bin/cmake --build /workspaces/isaac_ros-dev/build/sdv_localization -- -j8 -l8
[0.314s] [35m[1mConsolidate compiler generated dependencies of target isaac_awake[0m
[0.374s] [ 80%] Built target vncxx
[0.394s] [ 83%] [32mBuilding CXX object CMakeFiles/isaac_awake.dir/src/isaac_vslam_awake2.cpp.o[0m
[0.480s] [ 93%] Built target vn_gps_pose
[0.480s] [ 96%] Built target diagnostics
[23.569s] [100%] [32m[1mLinking CXX executable isaac_awake[0m
[24.643s] [100%] Built target isaac_awake
[24.668s] Invoked command in '/workspaces/isaac_ros-dev/build/sdv_localization' returned '0': CMAKE_PREFIX_PATH=/workspaces/isaac_ros-dev/install/vectornav_msgs:/workspaces/isaac_ros-dev/install/sdv_localization_msgs:/workspaces/isaac_ros-dev/install/yolov8_bringup:/workspaces/isaac_ros-dev/install/multisense_ros:/workspaces/isaac_ros-dev/install/xacro:/workspaces/isaac_ros-dev/install/vision_msgs_rviz_plugins:/workspaces/isaac_ros-dev/install/vision_msgs:/workspaces/isaac_ros-dev/install/velodyne:/workspaces/isaac_ros-dev/install/velodyne_pointcloud:/workspaces/isaac_ros-dev/install/velodyne_driver:/workspaces/isaac_ros-dev/install/velodyne_msgs:/workspaces/isaac_ros-dev/install/velodyne_laserscan:/workspaces/isaac_ros-dev/install/vectornav:/workspaces/isaac_ros-dev/install/sdv_localization:/workspaces/isaac_ros-dev/install/slam_toolbox:/workspaces/isaac_ros-dev/install/sdv_msg:/workspaces/isaac_ros-dev/install/pointcloud_to_laserscan:/workspaces/isaac_ros-dev/install/my_package:/workspaces/isaac_ros-dev/install/multisense_msgs:/workspaces/isaac_ros-dev/install/multisense_lib:/workspaces/isaac_ros-dev/install/isaac_ros_visual_slam:/workspaces/isaac_ros-dev/install/isaac_ros_visual_slam_interfaces:/workspaces/isaac_ros-dev/install/isaac_ros_tensor_list_interfaces:/workspaces/isaac_ros-dev/install/isaac_ros_common:/workspaces/isaac_ros-dev/install/isaac_ros_bi3d_interfaces:/workspaces/isaac_ros-dev/install/isaac_ros_apriltag_interfaces:/workspaces/isaac_ros-dev/install/yolov8_ros:/workspaces/isaac_ros-dev/install/xbox_controller:/workspaces/isaac_ros-dev/install/panel:/workspaces/isaac_ros-dev/install/isaac_ros_test:/workspaces/isaac_ros-dev/install/encoder:/opt/ros/humble/install LD_LIBRARY_PATH=/workspaces/isaac_ros-dev/install/vectornav_msgs/lib:/workspaces/isaac_ros-dev/install/sdv_localization_msgs/lib:/workspaces/isaac_ros-dev/install/vision_msgs_rviz_plugins/lib:/workspaces/isaac_ros-dev/install/vision_msgs/lib:/workspaces/isaac_ros-dev/install/velodyne_pointcloud/lib:/workspaces/isaac_ros-dev/install/velodyne_driver/lib:/workspaces/isaac_ros-dev/install/velodyne_msgs/lib:/workspaces/isaac_ros-dev/install/velodyne_laserscan/lib:/workspaces/isaac_ros-dev/install/vectornav/lib:/workspaces/isaac_ros-dev/install/sdv_localization/lib:/workspaces/isaac_ros-dev/install/slam_toolbox/lib:/workspaces/isaac_ros-dev/install/sdv_msg/lib:/workspaces/isaac_ros-dev/install/pointcloud_to_laserscan/lib:/workspaces/isaac_ros-dev/install/multisense_msgs/lib:/workspaces/isaac_ros-dev/install/multisense_lib/lib:/workspaces/isaac_ros-dev/install/isaac_ros_visual_slam/lib:/workspaces/isaac_ros-dev/install/isaac_ros_visual_slam_interfaces/lib:/workspaces/isaac_ros-dev/install/isaac_ros_tensor_list_interfaces/lib:/workspaces/isaac_ros-dev/install/isaac_ros_common/lib:/workspaces/isaac_ros-dev/install/isaac_ros_bi3d_interfaces/lib:/workspaces/isaac_ros-dev/install/isaac_ros_apriltag_interfaces/lib:/opt/ros/humble/install/opt/rviz_ogre_vendor/lib:/opt/ros/humble/install/lib:/usr/lib/aarch64-linux-gnu/tegra-egl:/usr/local/cuda-11.4/targets/aarch64-linux/lib:/usr/lib/aarch64-linux-gnu/tegra:/opt/nvidia/vpi2/lib64:/usr/lib/aarch64-linux-gnu-host:/opt/tritonserver/lib PYTHONPATH=/workspaces/isaac_ros-dev/install/vectornav_msgs/lib/python3.8/site-packages:/workspaces/isaac_ros-dev/install/sdv_localization_msgs/lib/python3.8/site-packages:/workspaces/isaac_ros-dev/install/yolov8_ros/lib/python3.8/site-packages:/workspaces/isaac_ros-dev/install/xbox_controller/lib/python3.8/site-packages:/workspaces/isaac_ros-dev/install/xacro/lib/python3.8/site-packages:/workspaces/isaac_ros-dev/install/vision_msgs/lib/python3.8/site-packages:/workspaces/isaac_ros-dev/install/velodyne_msgs/lib/python3.8/site-packages:/workspaces/isaac_ros-dev/install/slam_toolbox/lib/python3.8/site-packages:/workspaces/isaac_ros-dev/install/sdv_msg/lib/python3.8/site-packages:/workspaces/isaac_ros-dev/install/panel/lib/python3.8/site-packages:/workspaces/isaac_ros-dev/install/multisense_msgs/lib/python3.8/site-packages:/workspaces/isaac_ros-dev/install/isaac_ros_visual_slam_interfaces/lib/python3.8/site-packages:/workspaces/isaac_ros-dev/install/isaac_ros_test/lib/python3.8/site-packages:/workspaces/isaac_ros-dev/install/isaac_ros_tensor_list_interfaces/lib/python3.8/site-packages:/workspaces/isaac_ros-dev/install/isaac_ros_bi3d_interfaces/lib/python3.8/site-packages:/workspaces/isaac_ros-dev/install/isaac_ros_apriltag_interfaces/lib/python3.8/site-packages:/workspaces/isaac_ros-dev/install/encoder/lib/python3.8/site-packages:/opt/ros/humble/install/lib/python3.8/site-packages /usr/bin/cmake --build /workspaces/isaac_ros-dev/build/sdv_localization -- -j8 -l8
[24.935s] Invoking command in '/workspaces/isaac_ros-dev/build/sdv_localization': CMAKE_PREFIX_PATH=/workspaces/isaac_ros-dev/install/vectornav_msgs:/workspaces/isaac_ros-dev/install/sdv_localization_msgs:/workspaces/isaac_ros-dev/install/yolov8_bringup:/workspaces/isaac_ros-dev/install/multisense_ros:/workspaces/isaac_ros-dev/install/xacro:/workspaces/isaac_ros-dev/install/vision_msgs_rviz_plugins:/workspaces/isaac_ros-dev/install/vision_msgs:/workspaces/isaac_ros-dev/install/velodyne:/workspaces/isaac_ros-dev/install/velodyne_pointcloud:/workspaces/isaac_ros-dev/install/velodyne_driver:/workspaces/isaac_ros-dev/install/velodyne_msgs:/workspaces/isaac_ros-dev/install/velodyne_laserscan:/workspaces/isaac_ros-dev/install/vectornav:/workspaces/isaac_ros-dev/install/sdv_localization:/workspaces/isaac_ros-dev/install/slam_toolbox:/workspaces/isaac_ros-dev/install/sdv_msg:/workspaces/isaac_ros-dev/install/pointcloud_to_laserscan:/workspaces/isaac_ros-dev/install/my_package:/workspaces/isaac_ros-dev/install/multisense_msgs:/workspaces/isaac_ros-dev/install/multisense_lib:/workspaces/isaac_ros-dev/install/isaac_ros_visual_slam:/workspaces/isaac_ros-dev/install/isaac_ros_visual_slam_interfaces:/workspaces/isaac_ros-dev/install/isaac_ros_tensor_list_interfaces:/workspaces/isaac_ros-dev/install/isaac_ros_common:/workspaces/isaac_ros-dev/install/isaac_ros_bi3d_interfaces:/workspaces/isaac_ros-dev/install/isaac_ros_apriltag_interfaces:/workspaces/isaac_ros-dev/install/yolov8_ros:/workspaces/isaac_ros-dev/install/xbox_controller:/workspaces/isaac_ros-dev/install/panel:/workspaces/isaac_ros-dev/install/isaac_ros_test:/workspaces/isaac_ros-dev/install/encoder:/opt/ros/humble/install LD_LIBRARY_PATH=/workspaces/isaac_ros-dev/install/vectornav_msgs/lib:/workspaces/isaac_ros-dev/install/sdv_localization_msgs/lib:/workspaces/isaac_ros-dev/install/vision_msgs_rviz_plugins/lib:/workspaces/isaac_ros-dev/install/vision_msgs/lib:/workspaces/isaac_ros-dev/install/velodyne_pointcloud/lib:/workspaces/isaac_ros-dev/install/velodyne_driver/lib:/workspaces/isaac_ros-dev/install/velodyne_msgs/lib:/workspaces/isaac_ros-dev/install/velodyne_laserscan/lib:/workspaces/isaac_ros-dev/install/vectornav/lib:/workspaces/isaac_ros-dev/install/sdv_localization/lib:/workspaces/isaac_ros-dev/install/slam_toolbox/lib:/workspaces/isaac_ros-dev/install/sdv_msg/lib:/workspaces/isaac_ros-dev/install/pointcloud_to_laserscan/lib:/workspaces/isaac_ros-dev/install/multisense_msgs/lib:/workspaces/isaac_ros-dev/install/multisense_lib/lib:/workspaces/isaac_ros-dev/install/isaac_ros_visual_slam/lib:/workspaces/isaac_ros-dev/install/isaac_ros_visual_slam_interfaces/lib:/workspaces/isaac_ros-dev/install/isaac_ros_tensor_list_interfaces/lib:/workspaces/isaac_ros-dev/install/isaac_ros_common/lib:/workspaces/isaac_ros-dev/install/isaac_ros_bi3d_interfaces/lib:/workspaces/isaac_ros-dev/install/isaac_ros_apriltag_interfaces/lib:/opt/ros/humble/install/opt/rviz_ogre_vendor/lib:/opt/ros/humble/install/lib:/usr/lib/aarch64-linux-gnu/tegra-egl:/usr/local/cuda-11.4/targets/aarch64-linux/lib:/usr/lib/aarch64-linux-gnu/tegra:/opt/nvidia/vpi2/lib64:/usr/lib/aarch64-linux-gnu-host:/opt/tritonserver/lib PYTHONPATH=/workspaces/isaac_ros-dev/install/vectornav_msgs/lib/python3.8/site-packages:/workspaces/isaac_ros-dev/install/sdv_localization_msgs/lib/python3.8/site-packages:/workspaces/isaac_ros-dev/install/yolov8_ros/lib/python3.8/site-packages:/workspaces/isaac_ros-dev/install/xbox_controller/lib/python3.8/site-packages:/workspaces/isaac_ros-dev/install/xacro/lib/python3.8/site-packages:/workspaces/isaac_ros-dev/install/vision_msgs/lib/python3.8/site-packages:/workspaces/isaac_ros-dev/install/velodyne_msgs/lib/python3.8/site-packages:/workspaces/isaac_ros-dev/install/slam_toolbox/lib/python3.8/site-packages:/workspaces/isaac_ros-dev/install/sdv_msg/lib/python3.8/site-packages:/workspaces/isaac_ros-dev/install/panel/lib/python3.8/site-packages:/workspaces/isaac_ros-dev/install/multisense_msgs/lib/python3.8/site-packages:/workspaces/isaac_ros-dev/install/isaac_ros_visual_slam_interfaces/lib/python3.8/site-packages:/workspaces/isaac_ros-dev/install/isaac_ros_test/lib/python3.8/site-packages:/workspaces/isaac_ros-dev/install/isaac_ros_tensor_list_interfaces/lib/python3.8/site-packages:/workspaces/isaac_ros-dev/install/isaac_ros_bi3d_interfaces/lib/python3.8/site-packages:/workspaces/isaac_ros-dev/install/isaac_ros_apriltag_interfaces/lib/python3.8/site-packages:/workspaces/isaac_ros-dev/install/encoder/lib/python3.8/site-packages:/opt/ros/humble/install/lib/python3.8/site-packages /usr/bin/cmake --install /workspaces/isaac_ros-dev/build/sdv_localization
[24.949s] -- Install configuration: ""
[24.950s] -- Up-to-date: /workspaces/isaac_ros-dev/install/sdv_localization/lib/sdv_localization/vn_gps_pose
[24.952s] -- Up-to-date: /workspaces/isaac_ros-dev/install/sdv_localization/lib/sdv_localization/diagnostics
[24.954s] -- Installing: /workspaces/isaac_ros-dev/install/sdv_localization/lib/sdv_localization/isaac_awake
[24.979s] -- Set runtime path of "/workspaces/isaac_ros-dev/install/sdv_localization/lib/sdv_localization/isaac_awake" to ""
[24.981s] -- Up-to-date: /workspaces/isaac_ros-dev/install/sdv_localization/share/sdv_localization//launch
[24.981s] -- Up-to-date: /workspaces/isaac_ros-dev/install/sdv_localization/share/sdv_localization//launch/.test_car_tf.launch.py.swp
[24.981s] -- Up-to-date: /workspaces/isaac_ros-dev/install/sdv_localization/share/sdv_localization//launch/rosbag_mapping.launch.py
[24.982s] -- Up-to-date: /workspaces/isaac_ros-dev/install/sdv_localization/share/sdv_localization//launch/multisense_launch.py
[24.982s] -- Up-to-date: /workspaces/isaac_ros-dev/install/sdv_localization/share/sdv_localization//launch/test_car_tf.launch.py
[24.983s] -- Up-to-date: /workspaces/isaac_ros-dev/install/sdv_localization/share/sdv_localization//launch/odom.launch.py
[24.985s] -- Up-to-date: /workspaces/isaac_ros-dev/install/sdv_localization/share/sdv_localization//launch/velodyne.launch.py
[24.985s] -- Up-to-date: /workspaces/isaac_ros-dev/install/sdv_localization/share/sdv_localization//launch/sdv_tf.launch.py
[24.986s] -- Up-to-date: /workspaces/isaac_ros-dev/install/sdv_localization/share/sdv_localization//launch/test_filtered_laserscan.launch.py
[24.987s] -- Up-to-date: /workspaces/isaac_ros-dev/install/sdv_localization/share/sdv_localization//launch/real_time_sdv_mapping.launch.py
[24.987s] -- Up-to-date: /workspaces/isaac_ros-dev/install/sdv_localization/share/sdv_localization//launch/filtered_laserscan.launch.py
[24.987s] -- Up-to-date: /workspaces/isaac_ros-dev/install/sdv_localization/share/sdv_localization//launch/__pycache__
[24.988s] -- Up-to-date: /workspaces/isaac_ros-dev/install/sdv_localization/share/sdv_localization//launch/__pycache__/test_car_tf.launch.cpython-38.pyc
[24.988s] -- Up-to-date: /workspaces/isaac_ros-dev/install/sdv_localization/share/sdv_localization//launch/__pycache__/odom.launch.cpython-38.pyc
[24.988s] -- Up-to-date: /workspaces/isaac_ros-dev/install/sdv_localization/share/sdv_localization//launch/__pycache__/rosbag_tf.launch.cpython-38.pyc
[24.989s] -- Installing: /workspaces/isaac_ros-dev/install/sdv_localization/share/sdv_localization//launch/__pycache__/sdv_tf.launch.cpython-38.pyc
[24.989s] -- Up-to-date: /workspaces/isaac_ros-dev/install/sdv_localization/share/sdv_localization//launch/sdvenu_tf.launch.py
[24.989s] -- Up-to-date: /workspaces/isaac_ros-dev/install/sdv_localization/share/sdv_localization//launch/map_broadcaster.launch.py
[24.989s] -- Up-to-date: /workspaces/isaac_ros-dev/install/sdv_localization/share/sdv_localization//launch/rosbag_tf.launch.py
[24.990s] -- Up-to-date: /workspaces/isaac_ros-dev/install/sdv_localization/share/sdv_localization//launch/isaac_ros_visual_slam.launch.py
[24.990s] -- Up-to-date: /workspaces/isaac_ros-dev/install/sdv_localization/share/sdv_localization//config
[24.991s] -- Up-to-date: /workspaces/isaac_ros-dev/install/sdv_localization/share/sdv_localization//config/tf_base_link_to_velodyne.yaml
[24.992s] -- Up-to-date: /workspaces/isaac_ros-dev/install/sdv_localization/share/sdv_localization//config/VnNedPoseNode.yaml
[24.993s] -- Up-to-date: /workspaces/isaac_ros-dev/install/sdv_localization/share/sdv_localization//config/mapper_params_offline.yaml
[24.994s] -- Up-to-date: /workspaces/isaac_ros-dev/install/sdv_localization/share/sdv_localization//config/VLP32C-velodyne_driver_node-params.yaml
[24.994s] -- Up-to-date: /workspaces/isaac_ros-dev/install/sdv_localization/share/sdv_localization//config/tf_odom_to_base_link.yaml
[24.995s] -- Up-to-date: /workspaces/isaac_ros-dev/install/sdv_localization/share/sdv_localization//config/mapper_params_online_async.yaml
[24.995s] -- Up-to-date: /workspaces/isaac_ros-dev/install/sdv_localization/share/sdv_localization//config/default-velodyne_laserscan_node-params.yaml
[24.995s] -- Up-to-date: /workspaces/isaac_ros-dev/install/sdv_localization/share/sdv_localization//config/32db.yaml
[24.996s] -- Up-to-date: /workspaces/isaac_ros-dev/install/sdv_localization/share/sdv_localization//config/VLP32C-velodyne_transform_node-params.yaml
[24.996s] -- Up-to-date: /workspaces/isaac_ros-dev/install/sdv_localization/share/ament_index/resource_index/package_run_dependencies/sdv_localization
[24.996s] -- Up-to-date: /workspaces/isaac_ros-dev/install/sdv_localization/share/ament_index/resource_index/parent_prefix_path/sdv_localization
[24.996s] -- Up-to-date: /workspaces/isaac_ros-dev/install/sdv_localization/share/sdv_localization/environment/ament_prefix_path.sh
[24.997s] -- Up-to-date: /workspaces/isaac_ros-dev/install/sdv_localization/share/sdv_localization/environment/ament_prefix_path.dsv
[24.997s] -- Up-to-date: /workspaces/isaac_ros-dev/install/sdv_localization/share/sdv_localization/environment/path.sh
[24.999s] -- Up-to-date: /workspaces/isaac_ros-dev/install/sdv_localization/share/sdv_localization/environment/path.dsv
[25.000s] -- Up-to-date: /workspaces/isaac_ros-dev/install/sdv_localization/share/sdv_localization/local_setup.bash
[25.007s] -- Up-to-date: /workspaces/isaac_ros-dev/install/sdv_localization/share/sdv_localization/local_setup.sh
[25.008s] -- Up-to-date: /workspaces/isaac_ros-dev/install/sdv_localization/share/sdv_localization/local_setup.zsh
[25.008s] -- Up-to-date: /workspaces/isaac_ros-dev/install/sdv_localization/share/sdv_localization/local_setup.dsv
[25.009s] -- Installing: /workspaces/isaac_ros-dev/install/sdv_localization/share/sdv_localization/package.dsv
[25.013s] -- Up-to-date: /workspaces/isaac_ros-dev/install/sdv_localization/share/ament_index/resource_index/packages/sdv_localization
[25.014s] -- Up-to-date: /workspaces/isaac_ros-dev/install/sdv_localization/share/sdv_localization/cmake/ament_cmake_export_dependencies-extras.cmake
[25.020s] -- Up-to-date: /workspaces/isaac_ros-dev/install/sdv_localization/share/sdv_localization/cmake/sdv_localizationConfig.cmake
[25.021s] -- Up-to-date: /workspaces/isaac_ros-dev/install/sdv_localization/share/sdv_localization/cmake/sdv_localizationConfig-version.cmake
[25.021s] -- Up-to-date: /workspaces/isaac_ros-dev/install/sdv_localization/share/sdv_localization/package.xml
[25.022s] -- Up-to-date: /workspaces/isaac_ros-dev/install/sdv_localization/lib/libvncxx.so
[25.022s] -- Up-to-date: /workspaces/isaac_ros-dev/install/sdv_localization/include/vn
[25.023s] -- Up-to-date: /workspaces/isaac_ros-dev/install/sdv_localization/include/vn/memoryport.h
[25.026s] -- Up-to-date: /workspaces/isaac_ros-dev/install/sdv_localization/include/vn/mock.h
[25.027s] -- Up-to-date: /workspaces/isaac_ros-dev/install/sdv_localization/include/vn/exceptions.h
[25.027s] -- Up-to-date: /workspaces/isaac_ros-dev/install/sdv_localization/include/vn/rtcmlistener.h
[25.030s] -- Up-to-date: /workspaces/isaac_ros-dev/install/sdv_localization/include/vn/thread.h
[25.031s] -- Up-to-date: /workspaces/isaac_ros-dev/install/sdv_localization/include/vn/boostpython.h
[25.031s] -- Up-to-date: /workspaces/isaac_ros-dev/install/sdv_localization/include/vn/event.h
[25.032s] -- Up-to-date: /workspaces/isaac_ros-dev/install/sdv_localization/include/vn/ezasyncdata.h
[25.032s] -- Up-to-date: /workspaces/isaac_ros-dev/install/sdv_localization/include/vn/conversions.h
[25.033s] -- Up-to-date: /workspaces/isaac_ros-dev/install/sdv_localization/include/vn/error_detection.h
[25.033s] -- Up-to-date: /workspaces/isaac_ros-dev/install/sdv_localization/include/vn/export.h
[25.034s] -- Up-to-date: /workspaces/isaac_ros-dev/install/sdv_localization/include/vn/nocopy.h
[25.034s] -- Up-to-date: /workspaces/isaac_ros-dev/install/sdv_localization/include/vn/packetfinder.h
[25.035s] -- Up-to-date: /workspaces/isaac_ros-dev/install/sdv_localization/include/vn/compiler.h
[25.035s] -- Up-to-date: /workspaces/isaac_ros-dev/install/sdv_localization/include/vn/dllvalidator.h
[25.036s] -- Up-to-date: /workspaces/isaac_ros-dev/install/sdv_localization/include/vn/searcher.h
[25.036s] -- Up-to-date: /workspaces/isaac_ros-dev/install/sdv_localization/include/vn/criticalsection.h
[25.038s] -- Up-to-date: /workspaces/isaac_ros-dev/install/sdv_localization/include/vn/util.h
[25.041s] -- Up-to-date: /workspaces/isaac_ros-dev/install/sdv_localization/include/vn/vntime.h
[25.043s] -- Up-to-date: /workspaces/isaac_ros-dev/install/sdv_localization/include/vn/types.h
[25.044s] -- Up-to-date: /workspaces/isaac_ros-dev/install/sdv_localization/include/vn/matrix.h
[25.045s] -- Up-to-date: /workspaces/isaac_ros-dev/install/sdv_localization/include/vn/int.h
[25.045s] -- Up-to-date: /workspaces/isaac_ros-dev/install/sdv_localization/include/vn/rtcmmessage.h
[25.046s] -- Up-to-date: /workspaces/isaac_ros-dev/install/sdv_localization/include/vn/packet.h
[25.047s] -- Up-to-date: /workspaces/isaac_ros-dev/install/sdv_localization/include/vn/utilities.h
[25.047s] -- Up-to-date: /workspaces/isaac_ros-dev/install/sdv_localization/include/vn/attitude.h
[25.048s] -- Up-to-date: /workspaces/isaac_ros-dev/install/sdv_localization/include/vn/sensors.h
[25.048s] -- Up-to-date: /workspaces/isaac_ros-dev/install/sdv_localization/include/vn/consts.h
[25.049s] -- Up-to-date: /workspaces/isaac_ros-dev/install/sdv_localization/include/vn/vector.h
[25.049s] -- Up-to-date: /workspaces/isaac_ros-dev/install/sdv_localization/include/vn/position.h
[25.050s] -- Up-to-date: /workspaces/isaac_ros-dev/install/sdv_localization/include/vn/registers.h
[25.052s] -- Up-to-date: /workspaces/isaac_ros-dev/install/sdv_localization/include/vn/compositedata.h
[25.053s] -- Up-to-date: /workspaces/isaac_ros-dev/install/sdv_localization/include/vn/signal.h
[25.053s] -- Up-to-date: /workspaces/isaac_ros-dev/install/sdv_localization/include/vn/port.h
[25.054s] -- Up-to-date: /workspaces/isaac_ros-dev/install/sdv_localization/include/vn/serialport.h
[25.055s] Invoked command in '/workspaces/isaac_ros-dev/build/sdv_localization' returned '0': CMAKE_PREFIX_PATH=/workspaces/isaac_ros-dev/install/vectornav_msgs:/workspaces/isaac_ros-dev/install/sdv_localization_msgs:/workspaces/isaac_ros-dev/install/yolov8_bringup:/workspaces/isaac_ros-dev/install/multisense_ros:/workspaces/isaac_ros-dev/install/xacro:/workspaces/isaac_ros-dev/install/vision_msgs_rviz_plugins:/workspaces/isaac_ros-dev/install/vision_msgs:/workspaces/isaac_ros-dev/install/velodyne:/workspaces/isaac_ros-dev/install/velodyne_pointcloud:/workspaces/isaac_ros-dev/install/velodyne_driver:/workspaces/isaac_ros-dev/install/velodyne_msgs:/workspaces/isaac_ros-dev/install/velodyne_laserscan:/workspaces/isaac_ros-dev/install/vectornav:/workspaces/isaac_ros-dev/install/sdv_localization:/workspaces/isaac_ros-dev/install/slam_toolbox:/workspaces/isaac_ros-dev/install/sdv_msg:/workspaces/isaac_ros-dev/install/pointcloud_to_laserscan:/workspaces/isaac_ros-dev/install/my_package:/workspaces/isaac_ros-dev/install/multisense_msgs:/workspaces/isaac_ros-dev/install/multisense_lib:/workspaces/isaac_ros-dev/install/isaac_ros_visual_slam:/workspaces/isaac_ros-dev/install/isaac_ros_visual_slam_interfaces:/workspaces/isaac_ros-dev/install/isaac_ros_tensor_list_interfaces:/workspaces/isaac_ros-dev/install/isaac_ros_common:/workspaces/isaac_ros-dev/install/isaac_ros_bi3d_interfaces:/workspaces/isaac_ros-dev/install/isaac_ros_apriltag_interfaces:/workspaces/isaac_ros-dev/install/yolov8_ros:/workspaces/isaac_ros-dev/install/xbox_controller:/workspaces/isaac_ros-dev/install/panel:/workspaces/isaac_ros-dev/install/isaac_ros_test:/workspaces/isaac_ros-dev/install/encoder:/opt/ros/humble/install LD_LIBRARY_PATH=/workspaces/isaac_ros-dev/install/vectornav_msgs/lib:/workspaces/isaac_ros-dev/install/sdv_localization_msgs/lib:/workspaces/isaac_ros-dev/install/vision_msgs_rviz_plugins/lib:/workspaces/isaac_ros-dev/install/vision_msgs/lib:/workspaces/isaac_ros-dev/install/velodyne_pointcloud/lib:/workspaces/isaac_ros-dev/install/velodyne_driver/lib:/workspaces/isaac_ros-dev/install/velodyne_msgs/lib:/workspaces/isaac_ros-dev/install/velodyne_laserscan/lib:/workspaces/isaac_ros-dev/install/vectornav/lib:/workspaces/isaac_ros-dev/install/sdv_localization/lib:/workspaces/isaac_ros-dev/install/slam_toolbox/lib:/workspaces/isaac_ros-dev/install/sdv_msg/lib:/workspaces/isaac_ros-dev/install/pointcloud_to_laserscan/lib:/workspaces/isaac_ros-dev/install/multisense_msgs/lib:/workspaces/isaac_ros-dev/install/multisense_lib/lib:/workspaces/isaac_ros-dev/install/isaac_ros_visual_slam/lib:/workspaces/isaac_ros-dev/install/isaac_ros_visual_slam_interfaces/lib:/workspaces/isaac_ros-dev/install/isaac_ros_tensor_list_interfaces/lib:/workspaces/isaac_ros-dev/install/isaac_ros_common/lib:/workspaces/isaac_ros-dev/install/isaac_ros_bi3d_interfaces/lib:/workspaces/isaac_ros-dev/install/isaac_ros_apriltag_interfaces/lib:/opt/ros/humble/install/opt/rviz_ogre_vendor/lib:/opt/ros/humble/install/lib:/usr/lib/aarch64-linux-gnu/tegra-egl:/usr/local/cuda-11.4/targets/aarch64-linux/lib:/usr/lib/aarch64-linux-gnu/tegra:/opt/nvidia/vpi2/lib64:/usr/lib/aarch64-linux-gnu-host:/opt/tritonserver/lib PYTHONPATH=/workspaces/isaac_ros-dev/install/vectornav_msgs/lib/python3.8/site-packages:/workspaces/isaac_ros-dev/install/sdv_localization_msgs/lib/python3.8/site-packages:/workspaces/isaac_ros-dev/install/yolov8_ros/lib/python3.8/site-packages:/workspaces/isaac_ros-dev/install/xbox_controller/lib/python3.8/site-packages:/workspaces/isaac_ros-dev/install/xacro/lib/python3.8/site-packages:/workspaces/isaac_ros-dev/install/vision_msgs/lib/python3.8/site-packages:/workspaces/isaac_ros-dev/install/velodyne_msgs/lib/python3.8/site-packages:/workspaces/isaac_ros-dev/install/slam_toolbox/lib/python3.8/site-packages:/workspaces/isaac_ros-dev/install/sdv_msg/lib/python3.8/site-packages:/workspaces/isaac_ros-dev/install/panel/lib/python3.8/site-packages:/workspaces/isaac_ros-dev/install/multisense_msgs/lib/python3.8/site-packages:/workspaces/isaac_ros-dev/install/isaac_ros_visual_slam_interfaces/lib/python3.8/site-packages:/workspaces/isaac_ros-dev/install/isaac_ros_test/lib/python3.8/site-packages:/workspaces/isaac_ros-dev/install/isaac_ros_tensor_list_interfaces/lib/python3.8/site-packages:/workspaces/isaac_ros-dev/install/isaac_ros_bi3d_interfaces/lib/python3.8/site-packages:/workspaces/isaac_ros-dev/install/isaac_ros_apriltag_interfaces/lib/python3.8/site-packages:/workspaces/isaac_ros-dev/install/encoder/lib/python3.8/site-packages:/opt/ros/humble/install/lib/python3.8/site-packages /usr/bin/cmake --install /workspaces/isaac_ros-dev/build/sdv_localization
