[5.528s] Invoking command in '/workspaces/isaac_ros-dev/src/yolov8_ros/yolov8_ros': PYTHONPATH=/workspaces/isaac_ros-dev/install/yolov8_ros/lib/python3.8/site-packages:${PYTHONPATH} /usr/bin/python3 setup.py egg_info --egg-base ../../../build/yolov8_ros build --build-base /workspaces/isaac_ros-dev/build/yolov8_ros/build install --prefix /workspaces/isaac_ros-dev/install/yolov8_ros --record /workspaces/isaac_ros-dev/build/yolov8_ros/install.log --single-version-externally-managed
[7.327s] running egg_info
[7.386s] writing ../../../build/yolov8_ros/yolov8_ros.egg-info/PKG-INFO
[7.387s] writing dependency_links to ../../../build/yolov8_ros/yolov8_ros.egg-info/dependency_links.txt
[7.388s] writing entry points to ../../../build/yolov8_ros/yolov8_ros.egg-info/entry_points.txt
[7.389s] writing requirements to ../../../build/yolov8_ros/yolov8_ros.egg-info/requires.txt
[7.389s] writing top-level names to ../../../build/yolov8_ros/yolov8_ros.egg-info/top_level.txt
[7.511s] reading manifest file '../../../build/yolov8_ros/yolov8_ros.egg-info/SOURCES.txt'
[7.514s] writing manifest file '../../../build/yolov8_ros/yolov8_ros.egg-info/SOURCES.txt'
[7.515s] running build
[7.515s] running build_py
[7.516s] copying yolov8_ros/yolov8_node.py -> /workspaces/isaac_ros-dev/build/yolov8_ros/build/lib/yolov8_ros
[7.516s] running install
[7.534s] running install_lib
[7.590s] copying /workspaces/isaac_ros-dev/build/yolov8_ros/build/lib/yolov8_ros/yolov8_node.py -> /workspaces/isaac_ros-dev/install/yolov8_ros/lib/python3.8/site-packages/yolov8_ros
[7.593s] byte-compiling /workspaces/isaac_ros-dev/install/yolov8_ros/lib/python3.8/site-packages/yolov8_ros/yolov8_node.py to yolov8_node.cpython-38.pyc
[7.598s] running install_data
[7.653s] running install_egg_info
[7.714s] removing '/workspaces/isaac_ros-dev/install/yolov8_ros/lib/python3.8/site-packages/yolov8_ros-0.0.0-py3.8.egg-info' (and everything under it)
[7.715s] Copying ../../../build/yolov8_ros/yolov8_ros.egg-info to /workspaces/isaac_ros-dev/install/yolov8_ros/lib/python3.8/site-packages/yolov8_ros-0.0.0-py3.8.egg-info
[7.719s] running install_scripts
[7.979s] Installing yolov8_node script to /workspaces/isaac_ros-dev/install/yolov8_ros/lib/yolov8_ros
[7.980s] writing list of installed files to '/workspaces/isaac_ros-dev/build/yolov8_ros/install.log'
[8.785s] Invoked command in '/workspaces/isaac_ros-dev/src/yolov8_ros/yolov8_ros' returned '0': PYTHONPATH=/workspaces/isaac_ros-dev/install/yolov8_ros/lib/python3.8/site-packages:${PYTHONPATH} /usr/bin/python3 setup.py egg_info --egg-base ../../../build/yolov8_ros build --build-base /workspaces/isaac_ros-dev/build/yolov8_ros/build install --prefix /workspaces/isaac_ros-dev/install/yolov8_ros --record /workspaces/isaac_ros-dev/build/yolov8_ros/install.log --single-version-externally-managed
