[0.493s] Invoking command in '/workspaces/isaac_ros-dev/build/xacro': CMAKE_PREFIX_PATH=/workspaces/isaac_ros-dev/install/yolov8_bringup:/workspaces/isaac_ros-dev/install/multisense_ros:/workspaces/isaac_ros-dev/install/xacro:/workspaces/isaac_ros-dev/install/vision_msgs_rviz_plugins:/workspaces/isaac_ros-dev/install/vision_msgs:/workspaces/isaac_ros-dev/install/velodyne:/workspaces/isaac_ros-dev/install/velodyne_pointcloud:/workspaces/isaac_ros-dev/install/velodyne_driver:/workspaces/isaac_ros-dev/install/velodyne_msgs:/workspaces/isaac_ros-dev/install/velodyne_laserscan:/workspaces/isaac_ros-dev/install/vectornav:/workspaces/isaac_ros-dev/install/sdv_localization:/workspaces/isaac_ros-dev/install/vectornav_msgs:/workspaces/isaac_ros-dev/install/slam_toolbox:/workspaces/isaac_ros-dev/install/sdv_msg:/workspaces/isaac_ros-dev/install/sdv_localization_msgs:/workspaces/isaac_ros-dev/install/pointcloud_to_laserscan:/workspaces/isaac_ros-dev/install/my_package:/workspaces/isaac_ros-dev/install/multisense_msgs:/workspaces/isaac_ros-dev/install/multisense_lib:/workspaces/isaac_ros-dev/install/isaac_ros_visual_slam:/workspaces/isaac_ros-dev/install/isaac_ros_visual_slam_interfaces:/workspaces/isaac_ros-dev/install/isaac_ros_tensor_list_interfaces:/workspaces/isaac_ros-dev/install/isaac_ros_common:/workspaces/isaac_ros-dev/install/isaac_ros_bi3d_interfaces:/workspaces/isaac_ros-dev/install/isaac_ros_apriltag_interfaces:/workspaces/isaac_ros-dev/install/yolov8_ros:/workspaces/isaac_ros-dev/install/xbox_controller:/workspaces/isaac_ros-dev/install/panel:/workspaces/isaac_ros-dev/install/isaac_ros_test:/workspaces/isaac_ros-dev/install/encoder:/opt/ros/humble/install /usr/bin/cmake --build /workspaces/isaac_ros-dev/build/xacro -- -j8 -l8
[0.780s] Built target ament_cmake_python_copy_xacro_setup
[0.794s] Built target ament_cmake_python_copy_xacro
[2.699s] running egg_info
[2.764s] writing xacro.egg-info/PKG-INFO
[2.764s] writing dependency_links to xacro.egg-info/dependency_links.txt
[2.765s] writing entry points to xacro.egg-info/entry_points.txt
[2.766s] writing top-level names to xacro.egg-info/top_level.txt
[2.815s] running install_scripts
[2.924s] reading manifest file 'xacro.egg-info/SOURCES.txt'
[2.926s] writing manifest file 'xacro.egg-info/SOURCES.txt'
[3.019s] running egg_info
[3.072s] Built target ament_cmake_python_build_xacro_egg
[3.157s] writing xacro.egg-info/PKG-INFO
[3.158s] writing dependency_links to xacro.egg-info/dependency_links.txt
[3.159s] writing entry points to xacro.egg-info/entry_points.txt
[3.159s] writing top-level names to xacro.egg-info/top_level.txt
[3.264s] reading manifest file 'xacro.egg-info/SOURCES.txt'
[3.266s] writing manifest file 'xacro.egg-info/SOURCES.txt'
[3.365s] Installing xacro script to scripts
[3.516s] Built target ament_cmake_python_build_xacro_scripts
[4.134s] Invoked command in '/workspaces/isaac_ros-dev/build/xacro' returned '0': CMAKE_PREFIX_PATH=/workspaces/isaac_ros-dev/install/yolov8_bringup:/workspaces/isaac_ros-dev/install/multisense_ros:/workspaces/isaac_ros-dev/install/xacro:/workspaces/isaac_ros-dev/install/vision_msgs_rviz_plugins:/workspaces/isaac_ros-dev/install/vision_msgs:/workspaces/isaac_ros-dev/install/velodyne:/workspaces/isaac_ros-dev/install/velodyne_pointcloud:/workspaces/isaac_ros-dev/install/velodyne_driver:/workspaces/isaac_ros-dev/install/velodyne_msgs:/workspaces/isaac_ros-dev/install/velodyne_laserscan:/workspaces/isaac_ros-dev/install/vectornav:/workspaces/isaac_ros-dev/install/sdv_localization:/workspaces/isaac_ros-dev/install/vectornav_msgs:/workspaces/isaac_ros-dev/install/slam_toolbox:/workspaces/isaac_ros-dev/install/sdv_msg:/workspaces/isaac_ros-dev/install/sdv_localization_msgs:/workspaces/isaac_ros-dev/install/pointcloud_to_laserscan:/workspaces/isaac_ros-dev/install/my_package:/workspaces/isaac_ros-dev/install/multisense_msgs:/workspaces/isaac_ros-dev/install/multisense_lib:/workspaces/isaac_ros-dev/install/isaac_ros_visual_slam:/workspaces/isaac_ros-dev/install/isaac_ros_visual_slam_interfaces:/workspaces/isaac_ros-dev/install/isaac_ros_tensor_list_interfaces:/workspaces/isaac_ros-dev/install/isaac_ros_common:/workspaces/isaac_ros-dev/install/isaac_ros_bi3d_interfaces:/workspaces/isaac_ros-dev/install/isaac_ros_apriltag_interfaces:/workspaces/isaac_ros-dev/install/yolov8_ros:/workspaces/isaac_ros-dev/install/xbox_controller:/workspaces/isaac_ros-dev/install/panel:/workspaces/isaac_ros-dev/install/isaac_ros_test:/workspaces/isaac_ros-dev/install/encoder:/opt/ros/humble/install /usr/bin/cmake --build /workspaces/isaac_ros-dev/build/xacro -- -j8 -l8
[4.674s] Invoking command in '/workspaces/isaac_ros-dev/build/xacro': CMAKE_PREFIX_PATH=/workspaces/isaac_ros-dev/install/yolov8_bringup:/workspaces/isaac_ros-dev/install/multisense_ros:/workspaces/isaac_ros-dev/install/xacro:/workspaces/isaac_ros-dev/install/vision_msgs_rviz_plugins:/workspaces/isaac_ros-dev/install/vision_msgs:/workspaces/isaac_ros-dev/install/velodyne:/workspaces/isaac_ros-dev/install/velodyne_pointcloud:/workspaces/isaac_ros-dev/install/velodyne_driver:/workspaces/isaac_ros-dev/install/velodyne_msgs:/workspaces/isaac_ros-dev/install/velodyne_laserscan:/workspaces/isaac_ros-dev/install/vectornav:/workspaces/isaac_ros-dev/install/sdv_localization:/workspaces/isaac_ros-dev/install/vectornav_msgs:/workspaces/isaac_ros-dev/install/slam_toolbox:/workspaces/isaac_ros-dev/install/sdv_msg:/workspaces/isaac_ros-dev/install/sdv_localization_msgs:/workspaces/isaac_ros-dev/install/pointcloud_to_laserscan:/workspaces/isaac_ros-dev/install/my_package:/workspaces/isaac_ros-dev/install/multisense_msgs:/workspaces/isaac_ros-dev/install/multisense_lib:/workspaces/isaac_ros-dev/install/isaac_ros_visual_slam:/workspaces/isaac_ros-dev/install/isaac_ros_visual_slam_interfaces:/workspaces/isaac_ros-dev/install/isaac_ros_tensor_list_interfaces:/workspaces/isaac_ros-dev/install/isaac_ros_common:/workspaces/isaac_ros-dev/install/isaac_ros_bi3d_interfaces:/workspaces/isaac_ros-dev/install/isaac_ros_apriltag_interfaces:/workspaces/isaac_ros-dev/install/yolov8_ros:/workspaces/isaac_ros-dev/install/xbox_controller:/workspaces/isaac_ros-dev/install/panel:/workspaces/isaac_ros-dev/install/isaac_ros_test:/workspaces/isaac_ros-dev/install/encoder:/opt/ros/humble/install /usr/bin/cmake --install /workspaces/isaac_ros-dev/build/xacro
[4.930s] -- Install configuration: ""
[4.931s] -- Up-to-date: /workspaces/isaac_ros-dev/install/xacro/share/xacro/environment/completion.bash
[4.932s] -- Up-to-date: /workspaces/isaac_ros-dev/install/xacro/share/xacro/environment/pythonpath.sh
[4.932s] -- Up-to-date: /workspaces/isaac_ros-dev/install/xacro/share/xacro/environment/pythonpath.dsv
[4.933s] -- Up-to-date: /workspaces/isaac_ros-dev/install/xacro/lib/python3.8/site-packages/xacro-2.0.8-py3.8.egg-info
[4.934s] -- Installing: /workspaces/isaac_ros-dev/install/xacro/lib/python3.8/site-packages/xacro-2.0.8-py3.8.egg-info/entry_points.txt
[4.934s] -- Installing: /workspaces/isaac_ros-dev/install/xacro/lib/python3.8/site-packages/xacro-2.0.8-py3.8.egg-info/top_level.txt
[4.935s] -- Installing: /workspaces/isaac_ros-dev/install/xacro/lib/python3.8/site-packages/xacro-2.0.8-py3.8.egg-info/dependency_links.txt
[4.935s] -- Installing: /workspaces/isaac_ros-dev/install/xacro/lib/python3.8/site-packages/xacro-2.0.8-py3.8.egg-info/SOURCES.txt
[4.936s] -- Installing: /workspaces/isaac_ros-dev/install/xacro/lib/python3.8/site-packages/xacro-2.0.8-py3.8.egg-info/PKG-INFO
[4.942s] -- Up-to-date: /workspaces/isaac_ros-dev/install/xacro/lib/xacro/
[4.945s] -- Installing: /workspaces/isaac_ros-dev/install/xacro/lib/xacro//xacro
[4.945s] -- Up-to-date: /workspaces/isaac_ros-dev/install/xacro/lib/python3.8/site-packages/xacro
[4.946s] -- Up-to-date: /workspaces/isaac_ros-dev/install/xacro/lib/python3.8/site-packages/xacro/__init__.py
[4.946s] -- Up-to-date: /workspaces/isaac_ros-dev/install/xacro/lib/python3.8/site-packages/xacro/substitution_args.py
[4.946s] -- Up-to-date: /workspaces/isaac_ros-dev/install/xacro/lib/python3.8/site-packages/xacro/color.py
[4.946s] -- Up-to-date: /workspaces/isaac_ros-dev/install/xacro/lib/python3.8/site-packages/xacro/xmlutils.py
[4.947s] -- Up-to-date: /workspaces/isaac_ros-dev/install/xacro/lib/python3.8/site-packages/xacro/cli.py
[4.947s] Listing '/workspaces/isaac_ros-dev/install/xacro/lib/python3.8/site-packages/xacro'...
[4.947s] -- Up-to-date: /workspaces/isaac_ros-dev/install/xacro/bin/
[4.947s] -- Installing: /workspaces/isaac_ros-dev/install/xacro/bin//xacro
[4.948s] -- Up-to-date: /workspaces/isaac_ros-dev/install/xacro/share/ament_index/resource_index/package_run_dependencies/xacro
[4.948s] -- Up-to-date: /workspaces/isaac_ros-dev/install/xacro/share/ament_index/resource_index/parent_prefix_path/xacro
[4.948s] -- Up-to-date: /workspaces/isaac_ros-dev/install/xacro/share/xacro/environment/ament_prefix_path.sh
[4.948s] -- Up-to-date: /workspaces/isaac_ros-dev/install/xacro/share/xacro/environment/ament_prefix_path.dsv
[4.949s] -- Up-to-date: /workspaces/isaac_ros-dev/install/xacro/share/xacro/environment/path.sh
[4.951s] -- Up-to-date: /workspaces/isaac_ros-dev/install/xacro/share/xacro/environment/path.dsv
[4.960s] -- Up-to-date: /workspaces/isaac_ros-dev/install/xacro/share/xacro/local_setup.bash
[4.976s] -- Up-to-date: /workspaces/isaac_ros-dev/install/xacro/share/xacro/local_setup.sh
[4.977s] -- Up-to-date: /workspaces/isaac_ros-dev/install/xacro/share/xacro/local_setup.zsh
[4.978s] -- Up-to-date: /workspaces/isaac_ros-dev/install/xacro/share/xacro/local_setup.dsv
[4.978s] -- Installing: /workspaces/isaac_ros-dev/install/xacro/share/xacro/package.dsv
[4.979s] -- Up-to-date: /workspaces/isaac_ros-dev/install/xacro/share/ament_index/resource_index/packages/xacro
[4.979s] -- Up-to-date: /workspaces/isaac_ros-dev/install/xacro/share/xacro/cmake/xacro-extras.cmake
[4.980s] -- Up-to-date: /workspaces/isaac_ros-dev/install/xacro/share/xacro/cmake/xacroConfig.cmake
[4.980s] -- Up-to-date: /workspaces/isaac_ros-dev/install/xacro/share/xacro/cmake/xacroConfig-version.cmake
[4.980s] -- Up-to-date: /workspaces/isaac_ros-dev/install/xacro/share/xacro/package.xml
[5.236s] Invoked command in '/workspaces/isaac_ros-dev/build/xacro' returned '0': CMAKE_PREFIX_PATH=/workspaces/isaac_ros-dev/install/yolov8_bringup:/workspaces/isaac_ros-dev/install/multisense_ros:/workspaces/isaac_ros-dev/install/xacro:/workspaces/isaac_ros-dev/install/vision_msgs_rviz_plugins:/workspaces/isaac_ros-dev/install/vision_msgs:/workspaces/isaac_ros-dev/install/velodyne:/workspaces/isaac_ros-dev/install/velodyne_pointcloud:/workspaces/isaac_ros-dev/install/velodyne_driver:/workspaces/isaac_ros-dev/install/velodyne_msgs:/workspaces/isaac_ros-dev/install/velodyne_laserscan:/workspaces/isaac_ros-dev/install/vectornav:/workspaces/isaac_ros-dev/install/sdv_localization:/workspaces/isaac_ros-dev/install/vectornav_msgs:/workspaces/isaac_ros-dev/install/slam_toolbox:/workspaces/isaac_ros-dev/install/sdv_msg:/workspaces/isaac_ros-dev/install/sdv_localization_msgs:/workspaces/isaac_ros-dev/install/pointcloud_to_laserscan:/workspaces/isaac_ros-dev/install/my_package:/workspaces/isaac_ros-dev/install/multisense_msgs:/workspaces/isaac_ros-dev/install/multisense_lib:/workspaces/isaac_ros-dev/install/isaac_ros_visual_slam:/workspaces/isaac_ros-dev/install/isaac_ros_visual_slam_interfaces:/workspaces/isaac_ros-dev/install/isaac_ros_tensor_list_interfaces:/workspaces/isaac_ros-dev/install/isaac_ros_common:/workspaces/isaac_ros-dev/install/isaac_ros_bi3d_interfaces:/workspaces/isaac_ros-dev/install/isaac_ros_apriltag_interfaces:/workspaces/isaac_ros-dev/install/yolov8_ros:/workspaces/isaac_ros-dev/install/xbox_controller:/workspaces/isaac_ros-dev/install/panel:/workspaces/isaac_ros-dev/install/isaac_ros_test:/workspaces/isaac_ros-dev/install/encoder:/opt/ros/humble/install /usr/bin/cmake --install /workspaces/isaac_ros-dev/build/xacro
