[0.187s] Invoking command in '/workspaces/isaac_ros-dev/build/slam_toolbox': CMAKE_PREFIX_PATH=/workspaces/isaac_ros-dev/install/yolov8_bringup:/workspaces/isaac_ros-dev/install/multisense_ros:/workspaces/isaac_ros-dev/install/xacro:/workspaces/isaac_ros-dev/install/vision_msgs_rviz_plugins:/workspaces/isaac_ros-dev/install/vision_msgs:/workspaces/isaac_ros-dev/install/velodyne:/workspaces/isaac_ros-dev/install/velodyne_pointcloud:/workspaces/isaac_ros-dev/install/velodyne_driver:/workspaces/isaac_ros-dev/install/velodyne_msgs:/workspaces/isaac_ros-dev/install/velodyne_laserscan:/workspaces/isaac_ros-dev/install/vectornav:/workspaces/isaac_ros-dev/install/sdv_localization:/workspaces/isaac_ros-dev/install/vectornav_msgs:/workspaces/isaac_ros-dev/install/slam_toolbox:/workspaces/isaac_ros-dev/install/sdv_msg:/workspaces/isaac_ros-dev/install/sdv_localization_msgs:/workspaces/isaac_ros-dev/install/pointcloud_to_laserscan:/workspaces/isaac_ros-dev/install/my_package:/workspaces/isaac_ros-dev/install/multisense_msgs:/workspaces/isaac_ros-dev/install/multisense_lib:/workspaces/isaac_ros-dev/install/isaac_ros_visual_slam:/workspaces/isaac_ros-dev/install/isaac_ros_visual_slam_interfaces:/workspaces/isaac_ros-dev/install/isaac_ros_tensor_list_interfaces:/workspaces/isaac_ros-dev/install/isaac_ros_common:/workspaces/isaac_ros-dev/install/isaac_ros_bi3d_interfaces:/workspaces/isaac_ros-dev/install/isaac_ros_apriltag_interfaces:/workspaces/isaac_ros-dev/install/yolov8_ros:/workspaces/isaac_ros-dev/install/xbox_controller:/workspaces/isaac_ros-dev/install/panel:/workspaces/isaac_ros-dev/install/isaac_ros_test:/workspaces/isaac_ros-dev/install/encoder:/opt/ros/humble/install /usr/bin/cmake --build /workspaces/isaac_ros-dev/build/slam_toolbox -- -j8 -l8
[0.636s] [  9%] Built target slam_toolbox__rosidl_generator_c
[0.638s] [ 10%] Built target slam_toolbox__cpp
[0.693s] [ 10%] Built target ament_cmake_python_copy_slam_toolbox
[0.784s] [ 12%] Built target kartoSlamToolbox
[0.887s] [ 20%] Built target slam_toolbox__rosidl_typesupport_introspection_c
[0.898s] [ 29%] Built target slam_toolbox__rosidl_typesupport_fastrtps_c
[0.911s] [ 37%] Built target slam_toolbox__rosidl_typesupport_c
[0.918s] [ 45%] Built target slam_toolbox__rosidl_typesupport_cpp
[0.919s] [ 53%] Built target slam_toolbox__rosidl_typesupport_introspection_cpp
[0.933s] [ 62%] Built target slam_toolbox__rosidl_typesupport_fastrtps_cpp
[1.215s] [ 64%] Built target SlamToolboxPlugin
[1.264s] [ 66%] Built target ceres_solver_plugin
[1.320s] [ 71%] Built target toolbox_common
[1.352s] [ 71%] Built target slam_toolbox
[1.604s] [ 73%] Built target async_slam_toolbox
[1.635s] [ 74%] Built target localization_slam_toolbox
[1.669s] [ 76%] Built target sync_slam_toolbox
[1.680s] [ 77%] Built target lifelong_slam_toolbox
[1.700s] [ 79%] Built target merge_maps_kinematic
[1.800s] [ 79%] Built target slam_toolbox__py
[1.934s] [ 80%] Built target async_slam_toolbox_node
[1.977s] [ 81%] Built target map_and_localization_slam_toolbox
[2.011s] [ 89%] Built target slam_toolbox__rosidl_generator_py
[2.011s] [ 91%] Built target localization_slam_toolbox_node
[2.011s] [ 92%] Built target sync_slam_toolbox_node
[2.046s] [ 94%] Built target lifelong_slam_toolbox_node
[2.159s] [ 95%] Built target slam_toolbox__rosidl_typesupport_fastrtps_c__pyext
[2.175s] [ 97%] Built target slam_toolbox__rosidl_typesupport_introspection_c__pyext
[2.183s] [ 99%] Built target slam_toolbox__rosidl_typesupport_c__pyext
[2.214s] [100%] Built target map_and_localization_slam_toolbox_node
[2.643s] running egg_info
[2.698s] writing slam_toolbox.egg-info/PKG-INFO
[2.698s] writing dependency_links to slam_toolbox.egg-info/dependency_links.txt
[2.699s] writing top-level names to slam_toolbox.egg-info/top_level.txt
[2.854s] reading manifest file 'slam_toolbox.egg-info/SOURCES.txt'
[2.857s] writing manifest file 'slam_toolbox.egg-info/SOURCES.txt'
[2.987s] [100%] Built target ament_cmake_python_build_slam_toolbox_egg
[3.678s] Invoked command in '/workspaces/isaac_ros-dev/build/slam_toolbox' returned '0': CMAKE_PREFIX_PATH=/workspaces/isaac_ros-dev/install/yolov8_bringup:/workspaces/isaac_ros-dev/install/multisense_ros:/workspaces/isaac_ros-dev/install/xacro:/workspaces/isaac_ros-dev/install/vision_msgs_rviz_plugins:/workspaces/isaac_ros-dev/install/vision_msgs:/workspaces/isaac_ros-dev/install/velodyne:/workspaces/isaac_ros-dev/install/velodyne_pointcloud:/workspaces/isaac_ros-dev/install/velodyne_driver:/workspaces/isaac_ros-dev/install/velodyne_msgs:/workspaces/isaac_ros-dev/install/velodyne_laserscan:/workspaces/isaac_ros-dev/install/vectornav:/workspaces/isaac_ros-dev/install/sdv_localization:/workspaces/isaac_ros-dev/install/vectornav_msgs:/workspaces/isaac_ros-dev/install/slam_toolbox:/workspaces/isaac_ros-dev/install/sdv_msg:/workspaces/isaac_ros-dev/install/sdv_localization_msgs:/workspaces/isaac_ros-dev/install/pointcloud_to_laserscan:/workspaces/isaac_ros-dev/install/my_package:/workspaces/isaac_ros-dev/install/multisense_msgs:/workspaces/isaac_ros-dev/install/multisense_lib:/workspaces/isaac_ros-dev/install/isaac_ros_visual_slam:/workspaces/isaac_ros-dev/install/isaac_ros_visual_slam_interfaces:/workspaces/isaac_ros-dev/install/isaac_ros_tensor_list_interfaces:/workspaces/isaac_ros-dev/install/isaac_ros_common:/workspaces/isaac_ros-dev/install/isaac_ros_bi3d_interfaces:/workspaces/isaac_ros-dev/install/isaac_ros_apriltag_interfaces:/workspaces/isaac_ros-dev/install/yolov8_ros:/workspaces/isaac_ros-dev/install/xbox_controller:/workspaces/isaac_ros-dev/install/panel:/workspaces/isaac_ros-dev/install/isaac_ros_test:/workspaces/isaac_ros-dev/install/encoder:/opt/ros/humble/install /usr/bin/cmake --build /workspaces/isaac_ros-dev/build/slam_toolbox -- -j8 -l8
[7.202s] Invoking command in '/workspaces/isaac_ros-dev/build/slam_toolbox': CMAKE_PREFIX_PATH=/workspaces/isaac_ros-dev/install/yolov8_bringup:/workspaces/isaac_ros-dev/install/multisense_ros:/workspaces/isaac_ros-dev/install/xacro:/workspaces/isaac_ros-dev/install/vision_msgs_rviz_plugins:/workspaces/isaac_ros-dev/install/vision_msgs:/workspaces/isaac_ros-dev/install/velodyne:/workspaces/isaac_ros-dev/install/velodyne_pointcloud:/workspaces/isaac_ros-dev/install/velodyne_driver:/workspaces/isaac_ros-dev/install/velodyne_msgs:/workspaces/isaac_ros-dev/install/velodyne_laserscan:/workspaces/isaac_ros-dev/install/vectornav:/workspaces/isaac_ros-dev/install/sdv_localization:/workspaces/isaac_ros-dev/install/vectornav_msgs:/workspaces/isaac_ros-dev/install/slam_toolbox:/workspaces/isaac_ros-dev/install/sdv_msg:/workspaces/isaac_ros-dev/install/sdv_localization_msgs:/workspaces/isaac_ros-dev/install/pointcloud_to_laserscan:/workspaces/isaac_ros-dev/install/my_package:/workspaces/isaac_ros-dev/install/multisense_msgs:/workspaces/isaac_ros-dev/install/multisense_lib:/workspaces/isaac_ros-dev/install/isaac_ros_visual_slam:/workspaces/isaac_ros-dev/install/isaac_ros_visual_slam_interfaces:/workspaces/isaac_ros-dev/install/isaac_ros_tensor_list_interfaces:/workspaces/isaac_ros-dev/install/isaac_ros_common:/workspaces/isaac_ros-dev/install/isaac_ros_bi3d_interfaces:/workspaces/isaac_ros-dev/install/isaac_ros_apriltag_interfaces:/workspaces/isaac_ros-dev/install/yolov8_ros:/workspaces/isaac_ros-dev/install/xbox_controller:/workspaces/isaac_ros-dev/install/panel:/workspaces/isaac_ros-dev/install/isaac_ros_test:/workspaces/isaac_ros-dev/install/encoder:/opt/ros/humble/install /usr/bin/cmake --install /workspaces/isaac_ros-dev/build/slam_toolbox
[7.228s] -- Install configuration: "Release"
[7.230s] -- Up-to-date: /workspaces/isaac_ros-dev/install/slam_toolbox/share/ament_index/resource_index/rosidl_interfaces/slam_toolbox
[7.231s] -- Up-to-date: /workspaces/isaac_ros-dev/install/slam_toolbox/include/slam_toolbox/slam_toolbox
[7.231s] -- Up-to-date: /workspaces/isaac_ros-dev/install/slam_toolbox/include/slam_toolbox/slam_toolbox/srv
[7.231s] -- Up-to-date: /workspaces/isaac_ros-dev/install/slam_toolbox/include/slam_toolbox/slam_toolbox/srv/save_map.h
[7.231s] -- Up-to-date: /workspaces/isaac_ros-dev/install/slam_toolbox/include/slam_toolbox/slam_toolbox/srv/merge_maps.h
[7.232s] -- Up-to-date: /workspaces/isaac_ros-dev/install/slam_toolbox/include/slam_toolbox/slam_toolbox/srv/toggle_interactive.h
[7.232s] -- Up-to-date: /workspaces/isaac_ros-dev/install/slam_toolbox/include/slam_toolbox/slam_toolbox/srv/serialize_pose_graph.h
[7.232s] -- Up-to-date: /workspaces/isaac_ros-dev/install/slam_toolbox/include/slam_toolbox/slam_toolbox/srv/clear_queue.h
[7.233s] -- Up-to-date: /workspaces/isaac_ros-dev/install/slam_toolbox/include/slam_toolbox/slam_toolbox/srv/pause.h
[7.234s] -- Up-to-date: /workspaces/isaac_ros-dev/install/slam_toolbox/include/slam_toolbox/slam_toolbox/srv/clear.h
[7.250s] -- Up-to-date: /workspaces/isaac_ros-dev/install/slam_toolbox/include/slam_toolbox/slam_toolbox/srv/loop_closure.h
[7.251s] -- Up-to-date: /workspaces/isaac_ros-dev/install/slam_toolbox/include/slam_toolbox/slam_toolbox/srv/deserialize_pose_graph.h
[7.252s] -- Up-to-date: /workspaces/isaac_ros-dev/install/slam_toolbox/include/slam_toolbox/slam_toolbox/srv/detail
[7.253s] -- Up-to-date: /workspaces/isaac_ros-dev/install/slam_toolbox/include/slam_toolbox/slam_toolbox/srv/detail/merge_maps__type_support.h
[7.253s] -- Up-to-date: /workspaces/isaac_ros-dev/install/slam_toolbox/include/slam_toolbox/slam_toolbox/srv/detail/add_submap__type_support.h
[7.254s] -- Up-to-date: /workspaces/isaac_ros-dev/install/slam_toolbox/include/slam_toolbox/slam_toolbox/srv/detail/serialize_pose_graph__functions.c
[7.255s] -- Up-to-date: /workspaces/isaac_ros-dev/install/slam_toolbox/include/slam_toolbox/slam_toolbox/srv/detail/toggle_interactive__functions.c
[7.255s] -- Up-to-date: /workspaces/isaac_ros-dev/install/slam_toolbox/include/slam_toolbox/slam_toolbox/srv/detail/save_map__struct.h
[7.256s] -- Up-to-date: /workspaces/isaac_ros-dev/install/slam_toolbox/include/slam_toolbox/slam_toolbox/srv/detail/clear_queue__functions.c
[7.257s] -- Up-to-date: /workspaces/isaac_ros-dev/install/slam_toolbox/include/slam_toolbox/slam_toolbox/srv/detail/deserialize_pose_graph__type_support.h
[7.257s] -- Up-to-date: /workspaces/isaac_ros-dev/install/slam_toolbox/include/slam_toolbox/slam_toolbox/srv/detail/clear__type_support.h
[7.260s] -- Up-to-date: /workspaces/isaac_ros-dev/install/slam_toolbox/include/slam_toolbox/slam_toolbox/srv/detail/pause__functions.h
[7.261s] -- Up-to-date: /workspaces/isaac_ros-dev/install/slam_toolbox/include/slam_toolbox/slam_toolbox/srv/detail/toggle_interactive__type_support.h
[7.262s] -- Up-to-date: /workspaces/isaac_ros-dev/install/slam_toolbox/include/slam_toolbox/slam_toolbox/srv/detail/deserialize_pose_graph__functions.c
[7.262s] -- Up-to-date: /workspaces/isaac_ros-dev/install/slam_toolbox/include/slam_toolbox/slam_toolbox/srv/detail/save_map__functions.c
[7.262s] -- Up-to-date: /workspaces/isaac_ros-dev/install/slam_toolbox/include/slam_toolbox/slam_toolbox/srv/detail/clear_queue__functions.h
[7.262s] -- Up-to-date: /workspaces/isaac_ros-dev/install/slam_toolbox/include/slam_toolbox/slam_toolbox/srv/detail/add_submap__functions.h
[7.263s] -- Up-to-date: /workspaces/isaac_ros-dev/install/slam_toolbox/include/slam_toolbox/slam_toolbox/srv/detail/save_map__type_support.h
[7.263s] -- Up-to-date: /workspaces/isaac_ros-dev/install/slam_toolbox/include/slam_toolbox/slam_toolbox/srv/detail/loop_closure__struct.h
[7.263s] -- Up-to-date: /workspaces/isaac_ros-dev/install/slam_toolbox/include/slam_toolbox/slam_toolbox/srv/detail/toggle_interactive__functions.h
[7.264s] -- Up-to-date: /workspaces/isaac_ros-dev/install/slam_toolbox/include/slam_toolbox/slam_toolbox/srv/detail/add_submap__functions.c
[7.264s] -- Up-to-date: /workspaces/isaac_ros-dev/install/slam_toolbox/include/slam_toolbox/slam_toolbox/srv/detail/add_submap__struct.h
[7.265s] -- Up-to-date: /workspaces/isaac_ros-dev/install/slam_toolbox/include/slam_toolbox/slam_toolbox/srv/detail/clear__functions.h
[7.265s] -- Up-to-date: /workspaces/isaac_ros-dev/install/slam_toolbox/include/slam_toolbox/slam_toolbox/srv/detail/merge_maps__functions.h
[7.266s] -- Up-to-date: /workspaces/isaac_ros-dev/install/slam_toolbox/include/slam_toolbox/slam_toolbox/srv/detail/serialize_pose_graph__type_support.h
[7.266s] -- Up-to-date: /workspaces/isaac_ros-dev/install/slam_toolbox/include/slam_toolbox/slam_toolbox/srv/detail/deserialize_pose_graph__struct.h
[7.267s] -- Up-to-date: /workspaces/isaac_ros-dev/install/slam_toolbox/include/slam_toolbox/slam_toolbox/srv/detail/clear__struct.h
[7.267s] -- Up-to-date: /workspaces/isaac_ros-dev/install/slam_toolbox/include/slam_toolbox/slam_toolbox/srv/detail/clear_queue__type_support.h
[7.267s] -- Up-to-date: /workspaces/isaac_ros-dev/install/slam_toolbox/include/slam_toolbox/slam_toolbox/srv/detail/serialize_pose_graph__functions.h
[7.268s] -- Up-to-date: /workspaces/isaac_ros-dev/install/slam_toolbox/include/slam_toolbox/slam_toolbox/srv/detail/pause__functions.c
[7.268s] -- Up-to-date: /workspaces/isaac_ros-dev/install/slam_toolbox/include/slam_toolbox/slam_toolbox/srv/detail/merge_maps__functions.c
[7.302s] -- Up-to-date: /workspaces/isaac_ros-dev/install/slam_toolbox/include/slam_toolbox/slam_toolbox/srv/detail/save_map__functions.h
[7.307s] -- Up-to-date: /workspaces/isaac_ros-dev/install/slam_toolbox/include/slam_toolbox/slam_toolbox/srv/detail/merge_maps__struct.h
[7.307s] -- Up-to-date: /workspaces/isaac_ros-dev/install/slam_toolbox/include/slam_toolbox/slam_toolbox/srv/detail/loop_closure__functions.c
[7.308s] -- Up-to-date: /workspaces/isaac_ros-dev/install/slam_toolbox/include/slam_toolbox/slam_toolbox/srv/detail/pause__type_support.h
[7.308s] -- Up-to-date: /workspaces/isaac_ros-dev/install/slam_toolbox/include/slam_toolbox/slam_toolbox/srv/detail/loop_closure__type_support.h
[7.308s] -- Up-to-date: /workspaces/isaac_ros-dev/install/slam_toolbox/include/slam_toolbox/slam_toolbox/srv/detail/clear_queue__struct.h
[7.309s] -- Up-to-date: /workspaces/isaac_ros-dev/install/slam_toolbox/include/slam_toolbox/slam_toolbox/srv/detail/pause__struct.h
[7.309s] -- Up-to-date: /workspaces/isaac_ros-dev/install/slam_toolbox/include/slam_toolbox/slam_toolbox/srv/detail/deserialize_pose_graph__functions.h
[7.309s] -- Up-to-date: /workspaces/isaac_ros-dev/install/slam_toolbox/include/slam_toolbox/slam_toolbox/srv/detail/clear__functions.c
[7.310s] -- Up-to-date: /workspaces/isaac_ros-dev/install/slam_toolbox/include/slam_toolbox/slam_toolbox/srv/detail/toggle_interactive__struct.h
[7.310s] -- Up-to-date: /workspaces/isaac_ros-dev/install/slam_toolbox/include/slam_toolbox/slam_toolbox/srv/detail/serialize_pose_graph__struct.h
[7.310s] -- Up-to-date: /workspaces/isaac_ros-dev/install/slam_toolbox/include/slam_toolbox/slam_toolbox/srv/detail/loop_closure__functions.h
[7.310s] -- Up-to-date: /workspaces/isaac_ros-dev/install/slam_toolbox/include/slam_toolbox/slam_toolbox/srv/add_submap.h
[7.311s] -- Up-to-date: /workspaces/isaac_ros-dev/install/slam_toolbox/include/slam_toolbox/slam_toolbox/msg
[7.311s] -- Up-to-date: /workspaces/isaac_ros-dev/install/slam_toolbox/include/slam_toolbox/slam_toolbox/msg/rosidl_generator_c__visibility_control.h
[7.311s] -- Up-to-date: /workspaces/isaac_ros-dev/install/slam_toolbox/share/slam_toolbox/environment/library_path.sh
[7.311s] -- Up-to-date: /workspaces/isaac_ros-dev/install/slam_toolbox/share/slam_toolbox/environment/library_path.dsv
[7.312s] -- Up-to-date: /workspaces/isaac_ros-dev/install/slam_toolbox/lib/libslam_toolbox__rosidl_generator_c.so
[7.312s] -- Up-to-date: /workspaces/isaac_ros-dev/install/slam_toolbox/include/slam_toolbox/slam_toolbox
[7.312s] -- Up-to-date: /workspaces/isaac_ros-dev/install/slam_toolbox/include/slam_toolbox/slam_toolbox/srv
[7.313s] -- Up-to-date: /workspaces/isaac_ros-dev/install/slam_toolbox/include/slam_toolbox/slam_toolbox/srv/detail
[7.313s] -- Up-to-date: /workspaces/isaac_ros-dev/install/slam_toolbox/include/slam_toolbox/slam_toolbox/srv/detail/loop_closure__rosidl_typesupport_fastrtps_c.h
[7.313s] -- Up-to-date: /workspaces/isaac_ros-dev/install/slam_toolbox/include/slam_toolbox/slam_toolbox/srv/detail/add_submap__rosidl_typesupport_fastrtps_c.h
[7.314s] -- Up-to-date: /workspaces/isaac_ros-dev/install/slam_toolbox/include/slam_toolbox/slam_toolbox/srv/detail/clear_queue__rosidl_typesupport_fastrtps_c.h
[7.314s] -- Up-to-date: /workspaces/isaac_ros-dev/install/slam_toolbox/include/slam_toolbox/slam_toolbox/srv/detail/toggle_interactive__rosidl_typesupport_fastrtps_c.h
[7.315s] -- Up-to-date: /workspaces/isaac_ros-dev/install/slam_toolbox/include/slam_toolbox/slam_toolbox/srv/detail/merge_maps__rosidl_typesupport_fastrtps_c.h
[7.316s] -- Up-to-date: /workspaces/isaac_ros-dev/install/slam_toolbox/include/slam_toolbox/slam_toolbox/srv/detail/clear__rosidl_typesupport_fastrtps_c.h
[7.319s] -- Up-to-date: /workspaces/isaac_ros-dev/install/slam_toolbox/include/slam_toolbox/slam_toolbox/srv/detail/save_map__rosidl_typesupport_fastrtps_c.h
[7.319s] -- Up-to-date: /workspaces/isaac_ros-dev/install/slam_toolbox/include/slam_toolbox/slam_toolbox/srv/detail/deserialize_pose_graph__rosidl_typesupport_fastrtps_c.h
[7.319s] -- Up-to-date: /workspaces/isaac_ros-dev/install/slam_toolbox/include/slam_toolbox/slam_toolbox/srv/detail/serialize_pose_graph__rosidl_typesupport_fastrtps_c.h
[7.320s] -- Up-to-date: /workspaces/isaac_ros-dev/install/slam_toolbox/include/slam_toolbox/slam_toolbox/srv/detail/pause__rosidl_typesupport_fastrtps_c.h
[7.320s] -- Up-to-date: /workspaces/isaac_ros-dev/install/slam_toolbox/include/slam_toolbox/slam_toolbox/msg
[7.320s] -- Up-to-date: /workspaces/isaac_ros-dev/install/slam_toolbox/include/slam_toolbox/slam_toolbox/msg/rosidl_typesupport_fastrtps_c__visibility_control.h
[7.320s] -- Up-to-date: /workspaces/isaac_ros-dev/install/slam_toolbox/lib/libslam_toolbox__rosidl_typesupport_fastrtps_c.so
[7.321s] -- Up-to-date: /workspaces/isaac_ros-dev/install/slam_toolbox/include/slam_toolbox/slam_toolbox
[7.321s] -- Up-to-date: /workspaces/isaac_ros-dev/install/slam_toolbox/include/slam_toolbox/slam_toolbox/srv
[7.322s] -- Up-to-date: /workspaces/isaac_ros-dev/install/slam_toolbox/include/slam_toolbox/slam_toolbox/srv/toggle_interactive.hpp
[7.322s] -- Up-to-date: /workspaces/isaac_ros-dev/install/slam_toolbox/include/slam_toolbox/slam_toolbox/srv/clear_queue.hpp
[7.323s] -- Up-to-date: /workspaces/isaac_ros-dev/install/slam_toolbox/include/slam_toolbox/slam_toolbox/srv/deserialize_pose_graph.hpp
[7.323s] -- Up-to-date: /workspaces/isaac_ros-dev/install/slam_toolbox/include/slam_toolbox/slam_toolbox/srv/pause.hpp
[7.324s] -- Up-to-date: /workspaces/isaac_ros-dev/install/slam_toolbox/include/slam_toolbox/slam_toolbox/srv/add_submap.hpp
[7.324s] -- Up-to-date: /workspaces/isaac_ros-dev/install/slam_toolbox/include/slam_toolbox/slam_toolbox/srv/clear.hpp
[7.325s] -- Up-to-date: /workspaces/isaac_ros-dev/install/slam_toolbox/include/slam_toolbox/slam_toolbox/srv/detail
[7.325s] -- Up-to-date: /workspaces/isaac_ros-dev/install/slam_toolbox/include/slam_toolbox/slam_toolbox/srv/detail/add_submap__struct.hpp
[7.326s] -- Up-to-date: /workspaces/isaac_ros-dev/install/slam_toolbox/include/slam_toolbox/slam_toolbox/srv/detail/save_map__builder.hpp
[7.326s] -- Up-to-date: /workspaces/isaac_ros-dev/install/slam_toolbox/include/slam_toolbox/slam_toolbox/srv/detail/serialize_pose_graph__traits.hpp
[7.327s] -- Up-to-date: /workspaces/isaac_ros-dev/install/slam_toolbox/include/slam_toolbox/slam_toolbox/srv/detail/clear_queue__traits.hpp
[7.327s] -- Up-to-date: /workspaces/isaac_ros-dev/install/slam_toolbox/include/slam_toolbox/slam_toolbox/srv/detail/toggle_interactive__builder.hpp
[7.328s] -- Up-to-date: /workspaces/isaac_ros-dev/install/slam_toolbox/include/slam_toolbox/slam_toolbox/srv/detail/loop_closure__traits.hpp
[7.328s] -- Up-to-date: /workspaces/isaac_ros-dev/install/slam_toolbox/include/slam_toolbox/slam_toolbox/srv/detail/add_submap__builder.hpp
[7.359s] -- Up-to-date: /workspaces/isaac_ros-dev/install/slam_toolbox/include/slam_toolbox/slam_toolbox/srv/detail/save_map__traits.hpp
[7.360s] -- Up-to-date: /workspaces/isaac_ros-dev/install/slam_toolbox/include/slam_toolbox/slam_toolbox/srv/detail/pause__struct.hpp
[7.360s] -- Up-to-date: /workspaces/isaac_ros-dev/install/slam_toolbox/include/slam_toolbox/slam_toolbox/srv/detail/add_submap__traits.hpp
[7.360s] -- Up-to-date: /workspaces/isaac_ros-dev/install/slam_toolbox/include/slam_toolbox/slam_toolbox/srv/detail/deserialize_pose_graph__traits.hpp
[7.360s] -- Up-to-date: /workspaces/isaac_ros-dev/install/slam_toolbox/include/slam_toolbox/slam_toolbox/srv/detail/clear_queue__builder.hpp
[7.362s] -- Up-to-date: /workspaces/isaac_ros-dev/install/slam_toolbox/include/slam_toolbox/slam_toolbox/srv/detail/merge_maps__builder.hpp
[7.362s] -- Up-to-date: /workspaces/isaac_ros-dev/install/slam_toolbox/include/slam_toolbox/slam_toolbox/srv/detail/loop_closure__struct.hpp
[7.362s] -- Up-to-date: /workspaces/isaac_ros-dev/install/slam_toolbox/include/slam_toolbox/slam_toolbox/srv/detail/loop_closure__builder.hpp
[7.363s] -- Up-to-date: /workspaces/isaac_ros-dev/install/slam_toolbox/include/slam_toolbox/slam_toolbox/srv/detail/merge_maps__struct.hpp
[7.363s] -- Up-to-date: /workspaces/isaac_ros-dev/install/slam_toolbox/include/slam_toolbox/slam_toolbox/srv/detail/deserialize_pose_graph__builder.hpp
[7.363s] -- Up-to-date: /workspaces/isaac_ros-dev/install/slam_toolbox/include/slam_toolbox/slam_toolbox/srv/detail/merge_maps__traits.hpp
[7.363s] -- Up-to-date: /workspaces/isaac_ros-dev/install/slam_toolbox/include/slam_toolbox/slam_toolbox/srv/detail/clear__traits.hpp
[7.363s] -- Up-to-date: /workspaces/isaac_ros-dev/install/slam_toolbox/include/slam_toolbox/slam_toolbox/srv/detail/serialize_pose_graph__struct.hpp
[7.364s] -- Up-to-date: /workspaces/isaac_ros-dev/install/slam_toolbox/include/slam_toolbox/slam_toolbox/srv/detail/toggle_interactive__struct.hpp
[7.364s] -- Up-to-date: /workspaces/isaac_ros-dev/install/slam_toolbox/include/slam_toolbox/slam_toolbox/srv/detail/save_map__struct.hpp
[7.364s] -- Up-to-date: /workspaces/isaac_ros-dev/install/slam_toolbox/include/slam_toolbox/slam_toolbox/srv/detail/clear__struct.hpp
[7.364s] -- Up-to-date: /workspaces/isaac_ros-dev/install/slam_toolbox/include/slam_toolbox/slam_toolbox/srv/detail/clear_queue__struct.hpp
[7.365s] -- Up-to-date: /workspaces/isaac_ros-dev/install/slam_toolbox/include/slam_toolbox/slam_toolbox/srv/detail/toggle_interactive__traits.hpp
[7.365s] -- Up-to-date: /workspaces/isaac_ros-dev/install/slam_toolbox/include/slam_toolbox/slam_toolbox/srv/detail/deserialize_pose_graph__struct.hpp
[7.365s] -- Up-to-date: /workspaces/isaac_ros-dev/install/slam_toolbox/include/slam_toolbox/slam_toolbox/srv/detail/pause__traits.hpp
[7.365s] -- Up-to-date: /workspaces/isaac_ros-dev/install/slam_toolbox/include/slam_toolbox/slam_toolbox/srv/detail/pause__builder.hpp
[7.366s] -- Up-to-date: /workspaces/isaac_ros-dev/install/slam_toolbox/include/slam_toolbox/slam_toolbox/srv/detail/clear__builder.hpp
[7.366s] -- Up-to-date: /workspaces/isaac_ros-dev/install/slam_toolbox/include/slam_toolbox/slam_toolbox/srv/detail/serialize_pose_graph__builder.hpp
[7.366s] -- Up-to-date: /workspaces/isaac_ros-dev/install/slam_toolbox/include/slam_toolbox/slam_toolbox/srv/loop_closure.hpp
[7.367s] -- Up-to-date: /workspaces/isaac_ros-dev/install/slam_toolbox/include/slam_toolbox/slam_toolbox/srv/serialize_pose_graph.hpp
[7.367s] -- Up-to-date: /workspaces/isaac_ros-dev/install/slam_toolbox/include/slam_toolbox/slam_toolbox/srv/merge_maps.hpp
[7.367s] -- Up-to-date: /workspaces/isaac_ros-dev/install/slam_toolbox/include/slam_toolbox/slam_toolbox/srv/save_map.hpp
[7.386s] -- Up-to-date: /workspaces/isaac_ros-dev/install/slam_toolbox/include/slam_toolbox/slam_toolbox
[7.387s] -- Up-to-date: /workspaces/isaac_ros-dev/install/slam_toolbox/include/slam_toolbox/slam_toolbox/srv
[7.387s] -- Up-to-date: /workspaces/isaac_ros-dev/install/slam_toolbox/include/slam_toolbox/slam_toolbox/srv/detail
[7.387s] -- Up-to-date: /workspaces/isaac_ros-dev/install/slam_toolbox/include/slam_toolbox/slam_toolbox/srv/detail/loop_closure__rosidl_typesupport_fastrtps_cpp.hpp
[7.388s] -- Up-to-date: /workspaces/isaac_ros-dev/install/slam_toolbox/include/slam_toolbox/slam_toolbox/srv/detail/merge_maps__rosidl_typesupport_fastrtps_cpp.hpp
[7.388s] -- Up-to-date: /workspaces/isaac_ros-dev/install/slam_toolbox/include/slam_toolbox/slam_toolbox/srv/detail/deserialize_pose_graph__rosidl_typesupport_fastrtps_cpp.hpp
[7.388s] -- Up-to-date: /workspaces/isaac_ros-dev/install/slam_toolbox/include/slam_toolbox/slam_toolbox/srv/detail/pause__rosidl_typesupport_fastrtps_cpp.hpp
[7.388s] -- Up-to-date: /workspaces/isaac_ros-dev/install/slam_toolbox/include/slam_toolbox/slam_toolbox/srv/detail/clear__rosidl_typesupport_fastrtps_cpp.hpp
[7.389s] -- Up-to-date: /workspaces/isaac_ros-dev/install/slam_toolbox/include/slam_toolbox/slam_toolbox/srv/detail/toggle_interactive__rosidl_typesupport_fastrtps_cpp.hpp
[7.389s] -- Up-to-date: /workspaces/isaac_ros-dev/install/slam_toolbox/include/slam_toolbox/slam_toolbox/srv/detail/save_map__rosidl_typesupport_fastrtps_cpp.hpp
[7.389s] -- Up-to-date: /workspaces/isaac_ros-dev/install/slam_toolbox/include/slam_toolbox/slam_toolbox/srv/detail/dds_fastrtps
[7.390s] -- Up-to-date: /workspaces/isaac_ros-dev/install/slam_toolbox/include/slam_toolbox/slam_toolbox/srv/detail/clear_queue__rosidl_typesupport_fastrtps_cpp.hpp
[7.390s] -- Up-to-date: /workspaces/isaac_ros-dev/install/slam_toolbox/include/slam_toolbox/slam_toolbox/srv/detail/add_submap__rosidl_typesupport_fastrtps_cpp.hpp
[7.390s] -- Up-to-date: /workspaces/isaac_ros-dev/install/slam_toolbox/include/slam_toolbox/slam_toolbox/srv/detail/serialize_pose_graph__rosidl_typesupport_fastrtps_cpp.hpp
[7.390s] -- Up-to-date: /workspaces/isaac_ros-dev/install/slam_toolbox/include/slam_toolbox/slam_toolbox/msg
[7.391s] -- Up-to-date: /workspaces/isaac_ros-dev/install/slam_toolbox/include/slam_toolbox/slam_toolbox/msg/rosidl_typesupport_fastrtps_cpp__visibility_control.h
[7.391s] -- Up-to-date: /workspaces/isaac_ros-dev/install/slam_toolbox/lib/libslam_toolbox__rosidl_typesupport_fastrtps_cpp.so
[7.391s] -- Up-to-date: /workspaces/isaac_ros-dev/install/slam_toolbox/include/slam_toolbox/slam_toolbox
[7.392s] -- Up-to-date: /workspaces/isaac_ros-dev/install/slam_toolbox/include/slam_toolbox/slam_toolbox/srv
[7.393s] -- Up-to-date: /workspaces/isaac_ros-dev/install/slam_toolbox/include/slam_toolbox/slam_toolbox/srv/detail
[7.393s] -- Up-to-date: /workspaces/isaac_ros-dev/install/slam_toolbox/include/slam_toolbox/slam_toolbox/srv/detail/add_submap__rosidl_typesupport_introspection_c.h
[7.393s] -- Up-to-date: /workspaces/isaac_ros-dev/install/slam_toolbox/include/slam_toolbox/slam_toolbox/srv/detail/clear__rosidl_typesupport_introspection_c.h
[7.393s] -- Up-to-date: /workspaces/isaac_ros-dev/install/slam_toolbox/include/slam_toolbox/slam_toolbox/srv/detail/serialize_pose_graph__rosidl_typesupport_introspection_c.h
[7.394s] -- Up-to-date: /workspaces/isaac_ros-dev/install/slam_toolbox/include/slam_toolbox/slam_toolbox/srv/detail/merge_maps__rosidl_typesupport_introspection_c.h
[7.394s] -- Up-to-date: /workspaces/isaac_ros-dev/install/slam_toolbox/include/slam_toolbox/slam_toolbox/srv/detail/deserialize_pose_graph__type_support.c
[7.394s] -- Up-to-date: /workspaces/isaac_ros-dev/install/slam_toolbox/include/slam_toolbox/slam_toolbox/srv/detail/clear__type_support.c
[7.394s] -- Up-to-date: /workspaces/isaac_ros-dev/install/slam_toolbox/include/slam_toolbox/slam_toolbox/srv/detail/clear_queue__rosidl_typesupport_introspection_c.h
[7.395s] -- Up-to-date: /workspaces/isaac_ros-dev/install/slam_toolbox/include/slam_toolbox/slam_toolbox/srv/detail/save_map__rosidl_typesupport_introspection_c.h
[7.395s] -- Up-to-date: /workspaces/isaac_ros-dev/install/slam_toolbox/include/slam_toolbox/slam_toolbox/srv/detail/clear_queue__type_support.c
[7.395s] -- Up-to-date: /workspaces/isaac_ros-dev/install/slam_toolbox/include/slam_toolbox/slam_toolbox/srv/detail/loop_closure__type_support.c
[7.395s] -- Up-to-date: /workspaces/isaac_ros-dev/install/slam_toolbox/include/slam_toolbox/slam_toolbox/srv/detail/save_map__type_support.c
[7.395s] -- Up-to-date: /workspaces/isaac_ros-dev/install/slam_toolbox/include/slam_toolbox/slam_toolbox/srv/detail/pause__type_support.c
[7.396s] -- Up-to-date: /workspaces/isaac_ros-dev/install/slam_toolbox/include/slam_toolbox/slam_toolbox/srv/detail/serialize_pose_graph__type_support.c
[7.396s] -- Up-to-date: /workspaces/isaac_ros-dev/install/slam_toolbox/include/slam_toolbox/slam_toolbox/srv/detail/loop_closure__rosidl_typesupport_introspection_c.h
[7.396s] -- Up-to-date: /workspaces/isaac_ros-dev/install/slam_toolbox/include/slam_toolbox/slam_toolbox/srv/detail/toggle_interactive__rosidl_typesupport_introspection_c.h
[7.396s] -- Up-to-date: /workspaces/isaac_ros-dev/install/slam_toolbox/include/slam_toolbox/slam_toolbox/srv/detail/merge_maps__type_support.c
[7.397s] -- Up-to-date: /workspaces/isaac_ros-dev/install/slam_toolbox/include/slam_toolbox/slam_toolbox/srv/detail/add_submap__type_support.c
[7.397s] -- Up-to-date: /workspaces/isaac_ros-dev/install/slam_toolbox/include/slam_toolbox/slam_toolbox/srv/detail/toggle_interactive__type_support.c
[7.397s] -- Up-to-date: /workspaces/isaac_ros-dev/install/slam_toolbox/include/slam_toolbox/slam_toolbox/srv/detail/deserialize_pose_graph__rosidl_typesupport_introspection_c.h
[7.416s] -- Up-to-date: /workspaces/isaac_ros-dev/install/slam_toolbox/include/slam_toolbox/slam_toolbox/srv/detail/pause__rosidl_typesupport_introspection_c.h
[7.417s] -- Up-to-date: /workspaces/isaac_ros-dev/install/slam_toolbox/include/slam_toolbox/slam_toolbox/msg
[7.417s] -- Up-to-date: /workspaces/isaac_ros-dev/install/slam_toolbox/include/slam_toolbox/slam_toolbox/msg/rosidl_typesupport_introspection_c__visibility_control.h
[7.419s] -- Up-to-date: /workspaces/isaac_ros-dev/install/slam_toolbox/lib/libslam_toolbox__rosidl_typesupport_introspection_c.so
[7.420s] -- Up-to-date: /workspaces/isaac_ros-dev/install/slam_toolbox/lib/libslam_toolbox__rosidl_typesupport_c.so
[7.420s] -- Up-to-date: /workspaces/isaac_ros-dev/install/slam_toolbox/include/slam_toolbox/slam_toolbox
[7.420s] -- Up-to-date: /workspaces/isaac_ros-dev/install/slam_toolbox/include/slam_toolbox/slam_toolbox/srv
[7.420s] -- Up-to-date: /workspaces/isaac_ros-dev/install/slam_toolbox/include/slam_toolbox/slam_toolbox/srv/detail
[7.421s] -- Up-to-date: /workspaces/isaac_ros-dev/install/slam_toolbox/include/slam_toolbox/slam_toolbox/srv/detail/toggle_interactive__rosidl_typesupport_introspection_cpp.hpp
[7.421s] -- Up-to-date: /workspaces/isaac_ros-dev/install/slam_toolbox/include/slam_toolbox/slam_toolbox/srv/detail/serialize_pose_graph__type_support.cpp
[7.421s] -- Up-to-date: /workspaces/isaac_ros-dev/install/slam_toolbox/include/slam_toolbox/slam_toolbox/srv/detail/add_submap__rosidl_typesupport_introspection_cpp.hpp
[7.421s] -- Up-to-date: /workspaces/isaac_ros-dev/install/slam_toolbox/include/slam_toolbox/slam_toolbox/srv/detail/deserialize_pose_graph__type_support.cpp
[7.422s] -- Up-to-date: /workspaces/isaac_ros-dev/install/slam_toolbox/include/slam_toolbox/slam_toolbox/srv/detail/serialize_pose_graph__rosidl_typesupport_introspection_cpp.hpp
[7.422s] -- Up-to-date: /workspaces/isaac_ros-dev/install/slam_toolbox/include/slam_toolbox/slam_toolbox/srv/detail/clear_queue__rosidl_typesupport_introspection_cpp.hpp
[7.422s] -- Up-to-date: /workspaces/isaac_ros-dev/install/slam_toolbox/include/slam_toolbox/slam_toolbox/srv/detail/save_map__rosidl_typesupport_introspection_cpp.hpp
[7.423s] -- Up-to-date: /workspaces/isaac_ros-dev/install/slam_toolbox/include/slam_toolbox/slam_toolbox/srv/detail/pause__type_support.cpp
[7.423s] -- Up-to-date: /workspaces/isaac_ros-dev/install/slam_toolbox/include/slam_toolbox/slam_toolbox/srv/detail/merge_maps__rosidl_typesupport_introspection_cpp.hpp
[7.423s] -- Up-to-date: /workspaces/isaac_ros-dev/install/slam_toolbox/include/slam_toolbox/slam_toolbox/srv/detail/toggle_interactive__type_support.cpp
[7.423s] -- Up-to-date: /workspaces/isaac_ros-dev/install/slam_toolbox/include/slam_toolbox/slam_toolbox/srv/detail/clear__type_support.cpp
[7.423s] -- Up-to-date: /workspaces/isaac_ros-dev/install/slam_toolbox/include/slam_toolbox/slam_toolbox/srv/detail/pause__rosidl_typesupport_introspection_cpp.hpp
[7.424s] -- Up-to-date: /workspaces/isaac_ros-dev/install/slam_toolbox/include/slam_toolbox/slam_toolbox/srv/detail/loop_closure__type_support.cpp
[7.424s] -- Up-to-date: /workspaces/isaac_ros-dev/install/slam_toolbox/include/slam_toolbox/slam_toolbox/srv/detail/clear_queue__type_support.cpp
[7.425s] -- Up-to-date: /workspaces/isaac_ros-dev/install/slam_toolbox/include/slam_toolbox/slam_toolbox/srv/detail/add_submap__type_support.cpp
[7.426s] -- Up-to-date: /workspaces/isaac_ros-dev/install/slam_toolbox/include/slam_toolbox/slam_toolbox/srv/detail/deserialize_pose_graph__rosidl_typesupport_introspection_cpp.hpp
[7.426s] -- Up-to-date: /workspaces/isaac_ros-dev/install/slam_toolbox/include/slam_toolbox/slam_toolbox/srv/detail/save_map__type_support.cpp
[7.426s] -- Up-to-date: /workspaces/isaac_ros-dev/install/slam_toolbox/include/slam_toolbox/slam_toolbox/srv/detail/clear__rosidl_typesupport_introspection_cpp.hpp
[7.426s] -- Up-to-date: /workspaces/isaac_ros-dev/install/slam_toolbox/include/slam_toolbox/slam_toolbox/srv/detail/merge_maps__type_support.cpp
[7.427s] -- Up-to-date: /workspaces/isaac_ros-dev/install/slam_toolbox/include/slam_toolbox/slam_toolbox/srv/detail/loop_closure__rosidl_typesupport_introspection_cpp.hpp
[7.427s] -- Up-to-date: /workspaces/isaac_ros-dev/install/slam_toolbox/lib/libslam_toolbox__rosidl_typesupport_introspection_cpp.so
[7.427s] -- Up-to-date: /workspaces/isaac_ros-dev/install/slam_toolbox/lib/libslam_toolbox__rosidl_typesupport_cpp.so
[7.427s] -- Up-to-date: /workspaces/isaac_ros-dev/install/slam_toolbox/share/slam_toolbox/environment/pythonpath.sh
[7.428s] -- Up-to-date: /workspaces/isaac_ros-dev/install/slam_toolbox/share/slam_toolbox/environment/pythonpath.dsv
[7.428s] -- Up-to-date: /workspaces/isaac_ros-dev/install/slam_toolbox/lib/python3.8/site-packages/slam_toolbox-2.6.0-py3.8.egg-info
[7.428s] -- Installing: /workspaces/isaac_ros-dev/install/slam_toolbox/lib/python3.8/site-packages/slam_toolbox-2.6.0-py3.8.egg-info/top_level.txt
[7.428s] -- Installing: /workspaces/isaac_ros-dev/install/slam_toolbox/lib/python3.8/site-packages/slam_toolbox-2.6.0-py3.8.egg-info/dependency_links.txt
[7.428s] -- Installing: /workspaces/isaac_ros-dev/install/slam_toolbox/lib/python3.8/site-packages/slam_toolbox-2.6.0-py3.8.egg-info/SOURCES.txt
[7.429s] -- Installing: /workspaces/isaac_ros-dev/install/slam_toolbox/lib/python3.8/site-packages/slam_toolbox-2.6.0-py3.8.egg-info/PKG-INFO
[7.429s] -- Up-to-date: /workspaces/isaac_ros-dev/install/slam_toolbox/lib/python3.8/site-packages/slam_toolbox
[7.429s] -- Up-to-date: /workspaces/isaac_ros-dev/install/slam_toolbox/lib/python3.8/site-packages/slam_toolbox/__init__.py
[7.429s] -- Up-to-date: /workspaces/isaac_ros-dev/install/slam_toolbox/lib/python3.8/site-packages/slam_toolbox/srv
[7.430s] -- Up-to-date: /workspaces/isaac_ros-dev/install/slam_toolbox/lib/python3.8/site-packages/slam_toolbox/srv/_serialize_pose_graph.py
[7.431s] -- Up-to-date: /workspaces/isaac_ros-dev/install/slam_toolbox/lib/python3.8/site-packages/slam_toolbox/srv/__init__.py
[7.431s] -- Up-to-date: /workspaces/isaac_ros-dev/install/slam_toolbox/lib/python3.8/site-packages/slam_toolbox/srv/_add_submap.py
[7.432s] -- Up-to-date: /workspaces/isaac_ros-dev/install/slam_toolbox/lib/python3.8/site-packages/slam_toolbox/srv/_loop_closure_s.c
[7.432s] -- Up-to-date: /workspaces/isaac_ros-dev/install/slam_toolbox/lib/python3.8/site-packages/slam_toolbox/srv/_pause_s.c
[7.432s] -- Up-to-date: /workspaces/isaac_ros-dev/install/slam_toolbox/lib/python3.8/site-packages/slam_toolbox/srv/_toggle_interactive_s.c
[7.432s] -- Up-to-date: /workspaces/isaac_ros-dev/install/slam_toolbox/lib/python3.8/site-packages/slam_toolbox/srv/_toggle_interactive.py
[7.433s] -- Up-to-date: /workspaces/isaac_ros-dev/install/slam_toolbox/lib/python3.8/site-packages/slam_toolbox/srv/_deserialize_pose_graph.py
[7.433s] -- Up-to-date: /workspaces/isaac_ros-dev/install/slam_toolbox/lib/python3.8/site-packages/slam_toolbox/srv/_merge_maps_s.c
[7.433s] -- Up-to-date: /workspaces/isaac_ros-dev/install/slam_toolbox/lib/python3.8/site-packages/slam_toolbox/srv/_clear.py
[7.450s] -- Up-to-date: /workspaces/isaac_ros-dev/install/slam_toolbox/lib/python3.8/site-packages/slam_toolbox/srv/_add_submap_s.c
[7.451s] -- Up-to-date: /workspaces/isaac_ros-dev/install/slam_toolbox/lib/python3.8/site-packages/slam_toolbox/srv/_save_map.py
[7.452s] -- Up-to-date: /workspaces/isaac_ros-dev/install/slam_toolbox/lib/python3.8/site-packages/slam_toolbox/srv/_pause.py
[7.452s] -- Up-to-date: /workspaces/isaac_ros-dev/install/slam_toolbox/lib/python3.8/site-packages/slam_toolbox/srv/_deserialize_pose_graph_s.c
[7.452s] -- Up-to-date: /workspaces/isaac_ros-dev/install/slam_toolbox/lib/python3.8/site-packages/slam_toolbox/srv/_merge_maps.py
[7.452s] -- Up-to-date: /workspaces/isaac_ros-dev/install/slam_toolbox/lib/python3.8/site-packages/slam_toolbox/srv/_clear_queue.py
[7.453s] -- Up-to-date: /workspaces/isaac_ros-dev/install/slam_toolbox/lib/python3.8/site-packages/slam_toolbox/srv/_serialize_pose_graph_s.c
[7.453s] -- Up-to-date: /workspaces/isaac_ros-dev/install/slam_toolbox/lib/python3.8/site-packages/slam_toolbox/srv/_loop_closure.py
[7.453s] -- Up-to-date: /workspaces/isaac_ros-dev/install/slam_toolbox/lib/python3.8/site-packages/slam_toolbox/srv/_save_map_s.c
[7.454s] -- Up-to-date: /workspaces/isaac_ros-dev/install/slam_toolbox/lib/python3.8/site-packages/slam_toolbox/srv/_clear_queue_s.c
[7.454s] -- Up-to-date: /workspaces/isaac_ros-dev/install/slam_toolbox/lib/python3.8/site-packages/slam_toolbox/srv/_clear_s.c
[7.454s] -- Up-to-date: /workspaces/isaac_ros-dev/install/slam_toolbox/lib/python3.8/site-packages/slam_toolbox/slam_toolbox_s__rosidl_typesupport_introspection_c.cpython-38-aarch64-linux-gnu.so
[7.454s] -- Up-to-date: /workspaces/isaac_ros-dev/install/slam_toolbox/lib/python3.8/site-packages/slam_toolbox/_slam_toolbox_s.ep.rosidl_typesupport_c.c
[7.455s] -- Up-to-date: /workspaces/isaac_ros-dev/install/slam_toolbox/lib/python3.8/site-packages/slam_toolbox/slam_toolbox_s__rosidl_typesupport_fastrtps_c.cpython-38-aarch64-linux-gnu.so
[7.455s] -- Up-to-date: /workspaces/isaac_ros-dev/install/slam_toolbox/lib/python3.8/site-packages/slam_toolbox/_slam_toolbox_s.ep.rosidl_typesupport_introspection_c.c
[7.455s] -- Up-to-date: /workspaces/isaac_ros-dev/install/slam_toolbox/lib/python3.8/site-packages/slam_toolbox/slam_toolbox_s__rosidl_typesupport_c.cpython-38-aarch64-linux-gnu.so
[7.455s] -- Up-to-date: /workspaces/isaac_ros-dev/install/slam_toolbox/lib/python3.8/site-packages/slam_toolbox/libslam_toolbox__rosidl_generator_py.so
[7.456s] -- Up-to-date: /workspaces/isaac_ros-dev/install/slam_toolbox/lib/python3.8/site-packages/slam_toolbox/_slam_toolbox_s.ep.rosidl_typesupport_fastrtps_c.c
[7.481s] Listing '/workspaces/isaac_ros-dev/install/slam_toolbox/lib/python3.8/site-packages/slam_toolbox'...
[7.481s] Listing '/workspaces/isaac_ros-dev/install/slam_toolbox/lib/python3.8/site-packages/slam_toolbox/srv'...
[7.496s] -- Up-to-date: /workspaces/isaac_ros-dev/install/slam_toolbox/lib/python3.8/site-packages/slam_toolbox/slam_toolbox_s__rosidl_typesupport_fastrtps_c.cpython-38-aarch64-linux-gnu.so
[7.497s] -- Up-to-date: /workspaces/isaac_ros-dev/install/slam_toolbox/lib/python3.8/site-packages/slam_toolbox/slam_toolbox_s__rosidl_typesupport_introspection_c.cpython-38-aarch64-linux-gnu.so
[7.500s] -- Up-to-date: /workspaces/isaac_ros-dev/install/slam_toolbox/lib/python3.8/site-packages/slam_toolbox/slam_toolbox_s__rosidl_typesupport_c.cpython-38-aarch64-linux-gnu.so
[7.502s] -- Up-to-date: /workspaces/isaac_ros-dev/install/slam_toolbox/lib/libslam_toolbox__rosidl_generator_py.so
[7.505s] -- Up-to-date: /workspaces/isaac_ros-dev/install/slam_toolbox/share/slam_toolbox/srv/Pause.idl
[7.506s] -- Up-to-date: /workspaces/isaac_ros-dev/install/slam_toolbox/share/slam_toolbox/srv/ClearQueue.idl
[7.507s] -- Up-to-date: /workspaces/isaac_ros-dev/install/slam_toolbox/share/slam_toolbox/srv/ToggleInteractive.idl
[7.507s] -- Up-to-date: /workspaces/isaac_ros-dev/install/slam_toolbox/share/slam_toolbox/srv/Clear.idl
[7.507s] -- Up-to-date: /workspaces/isaac_ros-dev/install/slam_toolbox/share/slam_toolbox/srv/SaveMap.idl
[7.508s] -- Up-to-date: /workspaces/isaac_ros-dev/install/slam_toolbox/share/slam_toolbox/srv/LoopClosure.idl
[7.508s] -- Up-to-date: /workspaces/isaac_ros-dev/install/slam_toolbox/share/slam_toolbox/srv/MergeMaps.idl
[7.508s] -- Up-to-date: /workspaces/isaac_ros-dev/install/slam_toolbox/share/slam_toolbox/srv/AddSubmap.idl
[7.509s] -- Up-to-date: /workspaces/isaac_ros-dev/install/slam_toolbox/share/slam_toolbox/srv/DeserializePoseGraph.idl
[7.509s] -- Up-to-date: /workspaces/isaac_ros-dev/install/slam_toolbox/share/slam_toolbox/srv/SerializePoseGraph.idl
[7.510s] -- Up-to-date: /workspaces/isaac_ros-dev/install/slam_toolbox/share/slam_toolbox/srvs/Pause.srv
[7.510s] -- Up-to-date: /workspaces/isaac_ros-dev/install/slam_toolbox/share/slam_toolbox/srvs/Pause_Request.msg
[7.510s] -- Up-to-date: /workspaces/isaac_ros-dev/install/slam_toolbox/share/slam_toolbox/srvs/Pause_Response.msg
[7.510s] -- Up-to-date: /workspaces/isaac_ros-dev/install/slam_toolbox/share/slam_toolbox/srvs/ClearQueue.srv
[7.511s] -- Up-to-date: /workspaces/isaac_ros-dev/install/slam_toolbox/share/slam_toolbox/srvs/ClearQueue_Request.msg
[7.511s] -- Up-to-date: /workspaces/isaac_ros-dev/install/slam_toolbox/share/slam_toolbox/srvs/ClearQueue_Response.msg
[7.511s] -- Up-to-date: /workspaces/isaac_ros-dev/install/slam_toolbox/share/slam_toolbox/srvs/ToggleInteractive.srv
[7.511s] -- Up-to-date: /workspaces/isaac_ros-dev/install/slam_toolbox/share/slam_toolbox/srvs/ToggleInteractive_Request.msg
[7.514s] -- Up-to-date: /workspaces/isaac_ros-dev/install/slam_toolbox/share/slam_toolbox/srvs/ToggleInteractive_Response.msg
[7.517s] -- Up-to-date: /workspaces/isaac_ros-dev/install/slam_toolbox/share/slam_toolbox/srvs/Clear.srv
[7.518s] -- Up-to-date: /workspaces/isaac_ros-dev/install/slam_toolbox/share/slam_toolbox/srvs/Clear_Request.msg
[7.519s] -- Up-to-date: /workspaces/isaac_ros-dev/install/slam_toolbox/share/slam_toolbox/srvs/Clear_Response.msg
[7.520s] -- Up-to-date: /workspaces/isaac_ros-dev/install/slam_toolbox/share/slam_toolbox/srvs/SaveMap.srv
[7.521s] -- Up-to-date: /workspaces/isaac_ros-dev/install/slam_toolbox/share/slam_toolbox/srvs/SaveMap_Request.msg
[7.522s] -- Up-to-date: /workspaces/isaac_ros-dev/install/slam_toolbox/share/slam_toolbox/srvs/SaveMap_Response.msg
[7.523s] -- Up-to-date: /workspaces/isaac_ros-dev/install/slam_toolbox/share/slam_toolbox/srvs/LoopClosure.srv
[7.524s] -- Up-to-date: /workspaces/isaac_ros-dev/install/slam_toolbox/share/slam_toolbox/srvs/LoopClosure_Request.msg
[7.525s] -- Up-to-date: /workspaces/isaac_ros-dev/install/slam_toolbox/share/slam_toolbox/srvs/LoopClosure_Response.msg
[7.526s] -- Up-to-date: /workspaces/isaac_ros-dev/install/slam_toolbox/share/slam_toolbox/srvs/MergeMaps.srv
[7.527s] -- Up-to-date: /workspaces/isaac_ros-dev/install/slam_toolbox/share/slam_toolbox/srvs/MergeMaps_Request.msg
[7.528s] -- Up-to-date: /workspaces/isaac_ros-dev/install/slam_toolbox/share/slam_toolbox/srvs/MergeMaps_Response.msg
[7.529s] -- Up-to-date: /workspaces/isaac_ros-dev/install/slam_toolbox/share/slam_toolbox/srvs/AddSubmap.srv
[7.530s] -- Up-to-date: /workspaces/isaac_ros-dev/install/slam_toolbox/share/slam_toolbox/srvs/AddSubmap_Request.msg
[7.531s] -- Up-to-date: /workspaces/isaac_ros-dev/install/slam_toolbox/share/slam_toolbox/srvs/AddSubmap_Response.msg
[7.532s] -- Up-to-date: /workspaces/isaac_ros-dev/install/slam_toolbox/share/slam_toolbox/srvs/DeserializePoseGraph.srv
[7.533s] -- Up-to-date: /workspaces/isaac_ros-dev/install/slam_toolbox/share/slam_toolbox/srvs/DeserializePoseGraph_Request.msg
[7.534s] -- Up-to-date: /workspaces/isaac_ros-dev/install/slam_toolbox/share/slam_toolbox/srvs/DeserializePoseGraph_Response.msg
[7.535s] -- Up-to-date: /workspaces/isaac_ros-dev/install/slam_toolbox/share/slam_toolbox/srvs/SerializePoseGraph.srv
[7.536s] -- Up-to-date: /workspaces/isaac_ros-dev/install/slam_toolbox/share/slam_toolbox/srvs/SerializePoseGraph_Request.msg
[7.538s] -- Up-to-date: /workspaces/isaac_ros-dev/install/slam_toolbox/share/slam_toolbox/srvs/SerializePoseGraph_Response.msg
[7.539s] -- Up-to-date: /workspaces/isaac_ros-dev/install/slam_toolbox/share/slam_toolbox/rviz_plugins.xml
[7.541s] -- Up-to-date: /workspaces/isaac_ros-dev/install/slam_toolbox/share/slam_toolbox/solver_plugins.xml
[7.543s] -- Up-to-date: /workspaces/isaac_ros-dev/install/slam_toolbox/lib/slam_toolbox/async_slam_toolbox_node
[7.547s] -- Up-to-date: /workspaces/isaac_ros-dev/install/slam_toolbox/lib/slam_toolbox/sync_slam_toolbox_node
[7.550s] -- Up-to-date: /workspaces/isaac_ros-dev/install/slam_toolbox/lib/slam_toolbox/localization_slam_toolbox_node
[7.553s] -- Up-to-date: /workspaces/isaac_ros-dev/install/slam_toolbox/lib/slam_toolbox/map_and_localization_slam_toolbox_node
[7.557s] -- Up-to-date: /workspaces/isaac_ros-dev/install/slam_toolbox/lib/slam_toolbox/merge_maps_kinematic
[7.560s] -- Up-to-date: /workspaces/isaac_ros-dev/install/slam_toolbox/lib/libtoolbox_common.so
[7.566s] -- Up-to-date: /workspaces/isaac_ros-dev/install/slam_toolbox/lib/libSlamToolboxPlugin.so
[7.569s] -- Up-to-date: /workspaces/isaac_ros-dev/install/slam_toolbox/lib/libceres_solver_plugin.so
[7.572s] -- Up-to-date: /workspaces/isaac_ros-dev/install/slam_toolbox/lib/libasync_slam_toolbox.so
[7.575s] -- Up-to-date: /workspaces/isaac_ros-dev/install/slam_toolbox/lib/libsync_slam_toolbox.so
[7.579s] -- Up-to-date: /workspaces/isaac_ros-dev/install/slam_toolbox/lib/liblocalization_slam_toolbox.so
[7.583s] -- Up-to-date: /workspaces/isaac_ros-dev/install/slam_toolbox/lib/liblifelong_slam_toolbox.so
[7.587s] -- Up-to-date: /workspaces/isaac_ros-dev/install/slam_toolbox/lib/libmap_and_localization_slam_toolbox.so
[7.591s] -- Up-to-date: /workspaces/isaac_ros-dev/install/slam_toolbox/lib/libSlamToolboxPlugin.so
[7.594s] -- Up-to-date: /workspaces/isaac_ros-dev/install/slam_toolbox/include
[7.594s] -- Up-to-date: /workspaces/isaac_ros-dev/install/slam_toolbox/include/slam_toolbox
[7.595s] -- Up-to-date: /workspaces/isaac_ros-dev/install/slam_toolbox/include/slam_toolbox/slam_toolbox_localization.hpp
[7.595s] -- Up-to-date: /workspaces/isaac_ros-dev/install/slam_toolbox/include/slam_toolbox/slam_toolbox_sync.hpp
[7.596s] -- Up-to-date: /workspaces/isaac_ros-dev/install/slam_toolbox/include/slam_toolbox/slam_mapper.hpp
[7.596s] -- Up-to-date: /workspaces/isaac_ros-dev/install/slam_toolbox/include/slam_toolbox/loop_closure_assistant.hpp
[7.597s] -- Up-to-date: /workspaces/isaac_ros-dev/install/slam_toolbox/include/slam_toolbox/slam_toolbox_async.hpp
[7.598s] -- Up-to-date: /workspaces/isaac_ros-dev/install/slam_toolbox/include/slam_toolbox/toolbox_types.hpp
[7.599s] -- Up-to-date: /workspaces/isaac_ros-dev/install/slam_toolbox/include/slam_toolbox/map_saver.hpp
[7.599s] -- Up-to-date: /workspaces/isaac_ros-dev/install/slam_toolbox/include/slam_toolbox/get_pose_helper.hpp
[7.600s] -- Up-to-date: /workspaces/isaac_ros-dev/install/slam_toolbox/include/slam_toolbox/laser_utils.hpp
[7.600s] -- Up-to-date: /workspaces/isaac_ros-dev/install/slam_toolbox/include/slam_toolbox/toolbox_msgs.hpp
[7.601s] -- Up-to-date: /workspaces/isaac_ros-dev/install/slam_toolbox/include/slam_toolbox/slam_toolbox_common.hpp
[7.602s] -- Up-to-date: /workspaces/isaac_ros-dev/install/slam_toolbox/include/slam_toolbox/merge_maps_kinematic.hpp
[7.603s] -- Up-to-date: /workspaces/isaac_ros-dev/install/slam_toolbox/include/slam_toolbox/serialization.hpp
[7.603s] -- Up-to-date: /workspaces/isaac_ros-dev/install/slam_toolbox/include/slam_toolbox/experimental
[7.604s] -- Up-to-date: /workspaces/isaac_ros-dev/install/slam_toolbox/include/slam_toolbox/experimental/slam_toolbox_map_and_localization.hpp
[7.605s] -- Up-to-date: /workspaces/isaac_ros-dev/install/slam_toolbox/include/slam_toolbox/experimental/slam_toolbox_lifelong.hpp
[7.605s] -- Up-to-date: /workspaces/isaac_ros-dev/install/slam_toolbox/include/slam_toolbox/visualization_utils.hpp
[7.605s] -- Up-to-date: /workspaces/isaac_ros-dev/install/slam_toolbox/include/slam_toolbox/snap_utils.hpp
[7.606s] -- Up-to-date: /workspaces/isaac_ros-dev/install/slam_toolbox/share/slam_toolbox/launch
[7.607s] -- Up-to-date: /workspaces/isaac_ros-dev/install/slam_toolbox/share/slam_toolbox/launch/online_sync_launch.py
[7.608s] -- Up-to-date: /workspaces/isaac_ros-dev/install/slam_toolbox/share/slam_toolbox/launch/merge_maps_kinematic_launch.py
[7.610s] -- Up-to-date: /workspaces/isaac_ros-dev/install/slam_toolbox/share/slam_toolbox/launch/offline_launch.py
[7.611s] -- Up-to-date: /workspaces/isaac_ros-dev/install/slam_toolbox/share/slam_toolbox/launch/online_async_launch.py
[7.611s] -- Up-to-date: /workspaces/isaac_ros-dev/install/slam_toolbox/share/slam_toolbox/launch/localization_launch.py
[7.612s] -- Up-to-date: /workspaces/isaac_ros-dev/install/slam_toolbox/share/slam_toolbox/launch/lifelong_launch.py
[7.613s] -- Up-to-date: /workspaces/isaac_ros-dev/install/slam_toolbox/share/slam_toolbox/config
[7.614s] -- Up-to-date: /workspaces/isaac_ros-dev/install/slam_toolbox/share/slam_toolbox/config/mapper_params_lifelong.yaml
[7.615s] -- Up-to-date: /workspaces/isaac_ros-dev/install/slam_toolbox/share/slam_toolbox/config/mapper_params_offline.yaml
[7.616s] -- Up-to-date: /workspaces/isaac_ros-dev/install/slam_toolbox/share/slam_toolbox/config/mapper_params_online_async.yaml
[7.617s] -- Up-to-date: /workspaces/isaac_ros-dev/install/slam_toolbox/share/slam_toolbox/config/mapper_params_localization.yaml
[7.619s] -- Up-to-date: /workspaces/isaac_ros-dev/install/slam_toolbox/share/slam_toolbox/config/mapper_params_online_sync.yaml
[7.619s] -- Up-to-date: /workspaces/isaac_ros-dev/install/slam_toolbox/share/slam_toolbox/config/slam_toolbox_default.rviz
[7.620s] -- Up-to-date: /workspaces/isaac_ros-dev/install/slam_toolbox/share/solver_plugins.xml
[7.620s] -- Up-to-date: /workspaces/isaac_ros-dev/install/slam_toolbox/share/rviz_plugins.xml
[7.620s] -- Up-to-date: /workspaces/isaac_ros-dev/install/slam_toolbox/share/ament_index/resource_index/package_run_dependencies/slam_toolbox
[7.622s] -- Up-to-date: /workspaces/isaac_ros-dev/install/slam_toolbox/share/ament_index/resource_index/parent_prefix_path/slam_toolbox
[7.623s] -- Up-to-date: /workspaces/isaac_ros-dev/install/slam_toolbox/share/slam_toolbox/environment/ament_prefix_path.sh
[7.624s] -- Up-to-date: /workspaces/isaac_ros-dev/install/slam_toolbox/share/slam_toolbox/environment/ament_prefix_path.dsv
[7.625s] -- Up-to-date: /workspaces/isaac_ros-dev/install/slam_toolbox/share/slam_toolbox/environment/path.sh
[7.626s] -- Up-to-date: /workspaces/isaac_ros-dev/install/slam_toolbox/share/slam_toolbox/environment/path.dsv
[7.627s] -- Up-to-date: /workspaces/isaac_ros-dev/install/slam_toolbox/share/slam_toolbox/local_setup.bash
[7.628s] -- Up-to-date: /workspaces/isaac_ros-dev/install/slam_toolbox/share/slam_toolbox/local_setup.sh
[7.629s] -- Up-to-date: /workspaces/isaac_ros-dev/install/slam_toolbox/share/slam_toolbox/local_setup.zsh
[7.630s] -- Up-to-date: /workspaces/isaac_ros-dev/install/slam_toolbox/share/slam_toolbox/local_setup.dsv
[7.632s] -- Installing: /workspaces/isaac_ros-dev/install/slam_toolbox/share/slam_toolbox/package.dsv
[7.634s] -- Up-to-date: /workspaces/isaac_ros-dev/install/slam_toolbox/share/ament_index/resource_index/packages/slam_toolbox
[7.635s] -- Up-to-date: /workspaces/isaac_ros-dev/install/slam_toolbox/share/ament_index/resource_index/rviz_common__pluginlib__plugin/slam_toolbox
[7.636s] -- Up-to-date: /workspaces/isaac_ros-dev/install/slam_toolbox/share/ament_index/resource_index/slam_toolbox__pluginlib__plugin/slam_toolbox
[7.637s] -- Up-to-date: /workspaces/isaac_ros-dev/install/slam_toolbox/share/slam_toolbox/cmake/export_slam_toolbox__rosidl_generator_cExport.cmake
[7.640s] -- Up-to-date: /workspaces/isaac_ros-dev/install/slam_toolbox/share/slam_toolbox/cmake/export_slam_toolbox__rosidl_generator_cExport-release.cmake
[7.642s] -- Up-to-date: /workspaces/isaac_ros-dev/install/slam_toolbox/share/slam_toolbox/cmake/export_slam_toolbox__rosidl_typesupport_fastrtps_cExport.cmake
[7.643s] -- Up-to-date: /workspaces/isaac_ros-dev/install/slam_toolbox/share/slam_toolbox/cmake/export_slam_toolbox__rosidl_typesupport_fastrtps_cExport-release.cmake
[7.644s] -- Up-to-date: /workspaces/isaac_ros-dev/install/slam_toolbox/share/slam_toolbox/cmake/export_slam_toolbox__rosidl_generator_cppExport.cmake
[7.646s] -- Up-to-date: /workspaces/isaac_ros-dev/install/slam_toolbox/share/slam_toolbox/cmake/export_slam_toolbox__rosidl_typesupport_fastrtps_cppExport.cmake
[7.648s] -- Up-to-date: /workspaces/isaac_ros-dev/install/slam_toolbox/share/slam_toolbox/cmake/export_slam_toolbox__rosidl_typesupport_fastrtps_cppExport-release.cmake
[7.649s] -- Up-to-date: /workspaces/isaac_ros-dev/install/slam_toolbox/share/slam_toolbox/cmake/slam_toolbox__rosidl_typesupport_introspection_cExport.cmake
[7.655s] -- Up-to-date: /workspaces/isaac_ros-dev/install/slam_toolbox/share/slam_toolbox/cmake/slam_toolbox__rosidl_typesupport_introspection_cExport-release.cmake
[7.657s] -- Up-to-date: /workspaces/isaac_ros-dev/install/slam_toolbox/share/slam_toolbox/cmake/slam_toolbox__rosidl_typesupport_cExport.cmake
[7.658s] -- Up-to-date: /workspaces/isaac_ros-dev/install/slam_toolbox/share/slam_toolbox/cmake/slam_toolbox__rosidl_typesupport_cExport-release.cmake
[7.660s] -- Up-to-date: /workspaces/isaac_ros-dev/install/slam_toolbox/share/slam_toolbox/cmake/slam_toolbox__rosidl_typesupport_introspection_cppExport.cmake
[7.661s] -- Up-to-date: /workspaces/isaac_ros-dev/install/slam_toolbox/share/slam_toolbox/cmake/slam_toolbox__rosidl_typesupport_introspection_cppExport-release.cmake
[7.663s] -- Up-to-date: /workspaces/isaac_ros-dev/install/slam_toolbox/share/slam_toolbox/cmake/slam_toolbox__rosidl_typesupport_cppExport.cmake
[7.664s] -- Up-to-date: /workspaces/isaac_ros-dev/install/slam_toolbox/share/slam_toolbox/cmake/slam_toolbox__rosidl_typesupport_cppExport-release.cmake
[7.666s] -- Up-to-date: /workspaces/isaac_ros-dev/install/slam_toolbox/share/slam_toolbox/cmake/export_slam_toolbox__rosidl_generator_pyExport.cmake
[7.667s] -- Up-to-date: /workspaces/isaac_ros-dev/install/slam_toolbox/share/slam_toolbox/cmake/export_slam_toolbox__rosidl_generator_pyExport-release.cmake
[7.668s] -- Up-to-date: /workspaces/isaac_ros-dev/install/slam_toolbox/share/slam_toolbox/cmake/SlamToolboxPluginExport.cmake
[7.669s] -- Up-to-date: /workspaces/isaac_ros-dev/install/slam_toolbox/share/slam_toolbox/cmake/SlamToolboxPluginExport-release.cmake
[7.672s] -- Up-to-date: /workspaces/isaac_ros-dev/install/slam_toolbox/share/slam_toolbox/cmake/rosidl_cmake-extras.cmake
[7.673s] -- Up-to-date: /workspaces/isaac_ros-dev/install/slam_toolbox/share/slam_toolbox/cmake/ament_cmake_export_dependencies-extras.cmake
[7.674s] -- Up-to-date: /workspaces/isaac_ros-dev/install/slam_toolbox/share/slam_toolbox/cmake/ament_cmake_export_include_directories-extras.cmake
[7.674s] -- Up-to-date: /workspaces/isaac_ros-dev/install/slam_toolbox/share/slam_toolbox/cmake/ament_cmake_export_libraries-extras.cmake
[7.675s] -- Up-to-date: /workspaces/isaac_ros-dev/install/slam_toolbox/share/slam_toolbox/cmake/ament_cmake_export_targets-extras.cmake
[7.676s] -- Up-to-date: /workspaces/isaac_ros-dev/install/slam_toolbox/share/slam_toolbox/cmake/rosidl_cmake_export_typesupport_targets-extras.cmake
[7.677s] -- Up-to-date: /workspaces/isaac_ros-dev/install/slam_toolbox/share/slam_toolbox/cmake/rosidl_cmake_export_typesupport_libraries-extras.cmake
[7.678s] -- Up-to-date: /workspaces/isaac_ros-dev/install/slam_toolbox/share/slam_toolbox/cmake/slam_toolboxConfig.cmake
[7.678s] -- Up-to-date: /workspaces/isaac_ros-dev/install/slam_toolbox/share/slam_toolbox/cmake/slam_toolboxConfig-version.cmake
[7.678s] -- Up-to-date: /workspaces/isaac_ros-dev/install/slam_toolbox/share/slam_toolbox/package.xml
[7.698s] -- Up-to-date: /workspaces/isaac_ros-dev/install/slam_toolbox/include/
[7.699s] -- Up-to-date: /workspaces/isaac_ros-dev/install/slam_toolbox/include//karto_sdk
[7.699s] -- Up-to-date: /workspaces/isaac_ros-dev/install/slam_toolbox/include//karto_sdk/nanoflann_adaptors.h
[7.699s] -- Up-to-date: /workspaces/isaac_ros-dev/install/slam_toolbox/include//karto_sdk/Macros.h
[7.700s] -- Up-to-date: /workspaces/isaac_ros-dev/install/slam_toolbox/include//karto_sdk/Mapper.h
[7.700s] -- Up-to-date: /workspaces/isaac_ros-dev/install/slam_toolbox/include//karto_sdk/Math.h
[7.700s] -- Up-to-date: /workspaces/isaac_ros-dev/install/slam_toolbox/include//karto_sdk/Types.h
[7.700s] -- Up-to-date: /workspaces/isaac_ros-dev/install/slam_toolbox/include//karto_sdk/nanoflann.hpp
[7.701s] -- Up-to-date: /workspaces/isaac_ros-dev/install/slam_toolbox/include//karto_sdk/Karto.h
[7.701s] -- Up-to-date: /workspaces/isaac_ros-dev/install/slam_toolbox/lib/libkartoSlamToolbox.so
[7.702s] -- Up-to-date: /workspaces/isaac_ros-dev/install/slam_toolbox/share/karto_sdk/environment/library_path.sh
[7.702s] -- Up-to-date: /workspaces/isaac_ros-dev/install/slam_toolbox/share/karto_sdk/environment/library_path.dsv
[7.702s] -- Up-to-date: /workspaces/isaac_ros-dev/install/slam_toolbox/share/ament_index/resource_index/package_run_dependencies/karto_sdk
[7.703s] -- Up-to-date: /workspaces/isaac_ros-dev/install/slam_toolbox/share/ament_index/resource_index/parent_prefix_path/karto_sdk
[7.704s] -- Up-to-date: /workspaces/isaac_ros-dev/install/slam_toolbox/share/karto_sdk/environment/ament_prefix_path.sh
[7.706s] -- Up-to-date: /workspaces/isaac_ros-dev/install/slam_toolbox/share/karto_sdk/environment/ament_prefix_path.dsv
[7.708s] -- Up-to-date: /workspaces/isaac_ros-dev/install/slam_toolbox/share/karto_sdk/environment/path.sh
[7.709s] -- Up-to-date: /workspaces/isaac_ros-dev/install/slam_toolbox/share/karto_sdk/environment/path.dsv
[7.712s] -- Up-to-date: /workspaces/isaac_ros-dev/install/slam_toolbox/share/karto_sdk/local_setup.bash
[7.733s] -- Up-to-date: /workspaces/isaac_ros-dev/install/slam_toolbox/share/karto_sdk/local_setup.sh
[7.737s] -- Up-to-date: /workspaces/isaac_ros-dev/install/slam_toolbox/share/karto_sdk/local_setup.zsh
[7.738s] -- Up-to-date: /workspaces/isaac_ros-dev/install/slam_toolbox/share/karto_sdk/local_setup.dsv
[7.738s] -- Up-to-date: /workspaces/isaac_ros-dev/install/slam_toolbox/share/karto_sdk/package.dsv
[7.739s] -- Up-to-date: /workspaces/isaac_ros-dev/install/slam_toolbox/share/ament_index/resource_index/packages/karto_sdk
[7.739s] -- Up-to-date: /workspaces/isaac_ros-dev/install/slam_toolbox/share/karto_sdk/cmake/ament_cmake_export_libraries-extras.cmake
[7.739s] -- Up-to-date: /workspaces/isaac_ros-dev/install/slam_toolbox/share/karto_sdk/cmake/ament_cmake_export_include_directories-extras.cmake
[7.740s] -- Up-to-date: /workspaces/isaac_ros-dev/install/slam_toolbox/share/karto_sdk/cmake/ament_cmake_export_dependencies-extras.cmake
[7.740s] -- Up-to-date: /workspaces/isaac_ros-dev/install/slam_toolbox/share/karto_sdk/cmake/karto_sdkConfig.cmake
[7.741s] -- Up-to-date: /workspaces/isaac_ros-dev/install/slam_toolbox/share/karto_sdk/cmake/karto_sdkConfig-version.cmake
[7.741s] -- Up-to-date: /workspaces/isaac_ros-dev/install/slam_toolbox/share/karto_sdk/package.xml
[7.742s] Invoked command in '/workspaces/isaac_ros-dev/build/slam_toolbox' returned '0': CMAKE_PREFIX_PATH=/workspaces/isaac_ros-dev/install/yolov8_bringup:/workspaces/isaac_ros-dev/install/multisense_ros:/workspaces/isaac_ros-dev/install/xacro:/workspaces/isaac_ros-dev/install/vision_msgs_rviz_plugins:/workspaces/isaac_ros-dev/install/vision_msgs:/workspaces/isaac_ros-dev/install/velodyne:/workspaces/isaac_ros-dev/install/velodyne_pointcloud:/workspaces/isaac_ros-dev/install/velodyne_driver:/workspaces/isaac_ros-dev/install/velodyne_msgs:/workspaces/isaac_ros-dev/install/velodyne_laserscan:/workspaces/isaac_ros-dev/install/vectornav:/workspaces/isaac_ros-dev/install/sdv_localization:/workspaces/isaac_ros-dev/install/vectornav_msgs:/workspaces/isaac_ros-dev/install/slam_toolbox:/workspaces/isaac_ros-dev/install/sdv_msg:/workspaces/isaac_ros-dev/install/sdv_localization_msgs:/workspaces/isaac_ros-dev/install/pointcloud_to_laserscan:/workspaces/isaac_ros-dev/install/my_package:/workspaces/isaac_ros-dev/install/multisense_msgs:/workspaces/isaac_ros-dev/install/multisense_lib:/workspaces/isaac_ros-dev/install/isaac_ros_visual_slam:/workspaces/isaac_ros-dev/install/isaac_ros_visual_slam_interfaces:/workspaces/isaac_ros-dev/install/isaac_ros_tensor_list_interfaces:/workspaces/isaac_ros-dev/install/isaac_ros_common:/workspaces/isaac_ros-dev/install/isaac_ros_bi3d_interfaces:/workspaces/isaac_ros-dev/install/isaac_ros_apriltag_interfaces:/workspaces/isaac_ros-dev/install/yolov8_ros:/workspaces/isaac_ros-dev/install/xbox_controller:/workspaces/isaac_ros-dev/install/panel:/workspaces/isaac_ros-dev/install/isaac_ros_test:/workspaces/isaac_ros-dev/install/encoder:/opt/ros/humble/install /usr/bin/cmake --install /workspaces/isaac_ros-dev/build/slam_toolbox
