[0.596s] Invoking command in '/workspaces/isaac_ros-dev/build/vectornav_msgs': CMAKE_PREFIX_PATH=/workspaces/isaac_ros-dev/install/yolov8_bringup:/workspaces/isaac_ros-dev/install/multisense_ros:/workspaces/isaac_ros-dev/install/xacro:/workspaces/isaac_ros-dev/install/vision_msgs_rviz_plugins:/workspaces/isaac_ros-dev/install/vision_msgs:/workspaces/isaac_ros-dev/install/velodyne:/workspaces/isaac_ros-dev/install/velodyne_pointcloud:/workspaces/isaac_ros-dev/install/velodyne_driver:/workspaces/isaac_ros-dev/install/velodyne_msgs:/workspaces/isaac_ros-dev/install/velodyne_laserscan:/workspaces/isaac_ros-dev/install/vectornav:/workspaces/isaac_ros-dev/install/sdv_localization:/workspaces/isaac_ros-dev/install/vectornav_msgs:/workspaces/isaac_ros-dev/install/slam_toolbox:/workspaces/isaac_ros-dev/install/sdv_msg:/workspaces/isaac_ros-dev/install/sdv_localization_msgs:/workspaces/isaac_ros-dev/install/pointcloud_to_laserscan:/workspaces/isaac_ros-dev/install/my_package:/workspaces/isaac_ros-dev/install/multisense_msgs:/workspaces/isaac_ros-dev/install/multisense_lib:/workspaces/isaac_ros-dev/install/isaac_ros_visual_slam:/workspaces/isaac_ros-dev/install/isaac_ros_visual_slam_interfaces:/workspaces/isaac_ros-dev/install/isaac_ros_tensor_list_interfaces:/workspaces/isaac_ros-dev/install/isaac_ros_common:/workspaces/isaac_ros-dev/install/isaac_ros_bi3d_interfaces:/workspaces/isaac_ros-dev/install/isaac_ros_apriltag_interfaces:/workspaces/isaac_ros-dev/install/yolov8_ros:/workspaces/isaac_ros-dev/install/xbox_controller:/workspaces/isaac_ros-dev/install/panel:/workspaces/isaac_ros-dev/install/isaac_ros_test:/workspaces/isaac_ros-dev/install/encoder:/opt/ros/humble/install /usr/bin/cmake --build /workspaces/isaac_ros-dev/build/vectornav_msgs -- -j8 -l8
[2.556s] [  0%] Built target vectornav_msgs__cpp
[2.557s] [  0%] Built target ament_cmake_python_copy_vectornav_msgs
[2.557s] [ 12%] Built target vectornav_msgs__rosidl_generator_c
[2.557s] [ 24%] Built target vectornav_msgs__rosidl_typesupport_cpp
[2.559s] [ 36%] Built target vectornav_msgs__rosidl_typesupport_introspection_cpp
[2.559s] [ 47%] Built target vectornav_msgs__rosidl_typesupport_fastrtps_cpp
[2.560s] [ 59%] Built target vectornav_msgs__rosidl_typesupport_c
[2.560s] [ 71%] Built target vectornav_msgs__rosidl_typesupport_fastrtps_c
[2.560s] [ 83%] Built target vectornav_msgs__rosidl_typesupport_introspection_c
[2.560s] [ 83%] Built target vectornav_msgs
[2.561s] [ 84%] Built target vectornav_msgs__py
[2.561s] [ 95%] Built target vectornav_msgs__rosidl_generator_py
[2.562s] [ 97%] Built target vectornav_msgs__rosidl_typesupport_introspection_c__pyext
[2.562s] [ 99%] Built target vectornav_msgs__rosidl_typesupport_fastrtps_c__pyext
[2.562s] [100%] Built target vectornav_msgs__rosidl_typesupport_c__pyext
[2.562s] running egg_info
[2.641s] writing vectornav_msgs.egg-info/PKG-INFO
[2.641s] writing dependency_links to vectornav_msgs.egg-info/dependency_links.txt
[2.670s] writing top-level names to vectornav_msgs.egg-info/top_level.txt
[3.059s] reading manifest file 'vectornav_msgs.egg-info/SOURCES.txt'
[3.064s] writing manifest file 'vectornav_msgs.egg-info/SOURCES.txt'
[3.507s] [100%] Built target ament_cmake_python_build_vectornav_msgs_egg
[3.619s] Invoked command in '/workspaces/isaac_ros-dev/build/vectornav_msgs' returned '0': CMAKE_PREFIX_PATH=/workspaces/isaac_ros-dev/install/yolov8_bringup:/workspaces/isaac_ros-dev/install/multisense_ros:/workspaces/isaac_ros-dev/install/xacro:/workspaces/isaac_ros-dev/install/vision_msgs_rviz_plugins:/workspaces/isaac_ros-dev/install/vision_msgs:/workspaces/isaac_ros-dev/install/velodyne:/workspaces/isaac_ros-dev/install/velodyne_pointcloud:/workspaces/isaac_ros-dev/install/velodyne_driver:/workspaces/isaac_ros-dev/install/velodyne_msgs:/workspaces/isaac_ros-dev/install/velodyne_laserscan:/workspaces/isaac_ros-dev/install/vectornav:/workspaces/isaac_ros-dev/install/sdv_localization:/workspaces/isaac_ros-dev/install/vectornav_msgs:/workspaces/isaac_ros-dev/install/slam_toolbox:/workspaces/isaac_ros-dev/install/sdv_msg:/workspaces/isaac_ros-dev/install/sdv_localization_msgs:/workspaces/isaac_ros-dev/install/pointcloud_to_laserscan:/workspaces/isaac_ros-dev/install/my_package:/workspaces/isaac_ros-dev/install/multisense_msgs:/workspaces/isaac_ros-dev/install/multisense_lib:/workspaces/isaac_ros-dev/install/isaac_ros_visual_slam:/workspaces/isaac_ros-dev/install/isaac_ros_visual_slam_interfaces:/workspaces/isaac_ros-dev/install/isaac_ros_tensor_list_interfaces:/workspaces/isaac_ros-dev/install/isaac_ros_common:/workspaces/isaac_ros-dev/install/isaac_ros_bi3d_interfaces:/workspaces/isaac_ros-dev/install/isaac_ros_apriltag_interfaces:/workspaces/isaac_ros-dev/install/yolov8_ros:/workspaces/isaac_ros-dev/install/xbox_controller:/workspaces/isaac_ros-dev/install/panel:/workspaces/isaac_ros-dev/install/isaac_ros_test:/workspaces/isaac_ros-dev/install/encoder:/opt/ros/humble/install /usr/bin/cmake --build /workspaces/isaac_ros-dev/build/vectornav_msgs -- -j8 -l8
[7.545s] Invoking command in '/workspaces/isaac_ros-dev/build/vectornav_msgs': CMAKE_PREFIX_PATH=/workspaces/isaac_ros-dev/install/yolov8_bringup:/workspaces/isaac_ros-dev/install/multisense_ros:/workspaces/isaac_ros-dev/install/xacro:/workspaces/isaac_ros-dev/install/vision_msgs_rviz_plugins:/workspaces/isaac_ros-dev/install/vision_msgs:/workspaces/isaac_ros-dev/install/velodyne:/workspaces/isaac_ros-dev/install/velodyne_pointcloud:/workspaces/isaac_ros-dev/install/velodyne_driver:/workspaces/isaac_ros-dev/install/velodyne_msgs:/workspaces/isaac_ros-dev/install/velodyne_laserscan:/workspaces/isaac_ros-dev/install/vectornav:/workspaces/isaac_ros-dev/install/sdv_localization:/workspaces/isaac_ros-dev/install/vectornav_msgs:/workspaces/isaac_ros-dev/install/slam_toolbox:/workspaces/isaac_ros-dev/install/sdv_msg:/workspaces/isaac_ros-dev/install/sdv_localization_msgs:/workspaces/isaac_ros-dev/install/pointcloud_to_laserscan:/workspaces/isaac_ros-dev/install/my_package:/workspaces/isaac_ros-dev/install/multisense_msgs:/workspaces/isaac_ros-dev/install/multisense_lib:/workspaces/isaac_ros-dev/install/isaac_ros_visual_slam:/workspaces/isaac_ros-dev/install/isaac_ros_visual_slam_interfaces:/workspaces/isaac_ros-dev/install/isaac_ros_tensor_list_interfaces:/workspaces/isaac_ros-dev/install/isaac_ros_common:/workspaces/isaac_ros-dev/install/isaac_ros_bi3d_interfaces:/workspaces/isaac_ros-dev/install/isaac_ros_apriltag_interfaces:/workspaces/isaac_ros-dev/install/yolov8_ros:/workspaces/isaac_ros-dev/install/xbox_controller:/workspaces/isaac_ros-dev/install/panel:/workspaces/isaac_ros-dev/install/isaac_ros_test:/workspaces/isaac_ros-dev/install/encoder:/opt/ros/humble/install /usr/bin/cmake --install /workspaces/isaac_ros-dev/build/vectornav_msgs
[7.845s] -- Install configuration: ""
[7.846s] -- Up-to-date: /workspaces/isaac_ros-dev/install/vectornav_msgs/share/ament_index/resource_index/rosidl_interfaces/vectornav_msgs
[7.858s] -- Up-to-date: /workspaces/isaac_ros-dev/install/vectornav_msgs/include/vectornav_msgs/vectornav_msgs
[7.864s] -- Up-to-date: /workspaces/isaac_ros-dev/install/vectornav_msgs/include/vectornav_msgs/vectornav_msgs/msg
[7.865s] -- Up-to-date: /workspaces/isaac_ros-dev/install/vectornav_msgs/include/vectornav_msgs/vectornav_msgs/msg/rosidl_generator_c__visibility_control.h
[7.866s] -- Up-to-date: /workspaces/isaac_ros-dev/install/vectornav_msgs/include/vectornav_msgs/vectornav_msgs/msg/vpe_status.h
[7.866s] -- Up-to-date: /workspaces/isaac_ros-dev/install/vectornav_msgs/include/vectornav_msgs/vectornav_msgs/msg/ins_status.h
[7.866s] -- Up-to-date: /workspaces/isaac_ros-dev/install/vectornav_msgs/include/vectornav_msgs/vectornav_msgs/msg/dop.h
[7.867s] -- Up-to-date: /workspaces/isaac_ros-dev/install/vectornav_msgs/include/vectornav_msgs/vectornav_msgs/msg/gps_group.h
[7.867s] -- Up-to-date: /workspaces/isaac_ros-dev/install/vectornav_msgs/include/vectornav_msgs/vectornav_msgs/msg/common_group.h
[7.867s] -- Up-to-date: /workspaces/isaac_ros-dev/install/vectornav_msgs/include/vectornav_msgs/vectornav_msgs/msg/imu_group.h
[7.867s] -- Up-to-date: /workspaces/isaac_ros-dev/install/vectornav_msgs/include/vectornav_msgs/vectornav_msgs/msg/detail
[7.868s] -- Up-to-date: /workspaces/isaac_ros-dev/install/vectornav_msgs/include/vectornav_msgs/vectornav_msgs/msg/detail/time_utc__functions.h
[7.868s] -- Up-to-date: /workspaces/isaac_ros-dev/install/vectornav_msgs/include/vectornav_msgs/vectornav_msgs/msg/detail/time_utc__type_support.h
[7.868s] -- Up-to-date: /workspaces/isaac_ros-dev/install/vectornav_msgs/include/vectornav_msgs/vectornav_msgs/msg/detail/time_status__functions.h
[7.869s] -- Up-to-date: /workspaces/isaac_ros-dev/install/vectornav_msgs/include/vectornav_msgs/vectornav_msgs/msg/detail/ins_group__struct.h
[7.869s] -- Up-to-date: /workspaces/isaac_ros-dev/install/vectornav_msgs/include/vectornav_msgs/vectornav_msgs/msg/detail/dop__type_support.h
[7.870s] -- Up-to-date: /workspaces/isaac_ros-dev/install/vectornav_msgs/include/vectornav_msgs/vectornav_msgs/msg/detail/gps_group__functions.h
[7.870s] -- Up-to-date: /workspaces/isaac_ros-dev/install/vectornav_msgs/include/vectornav_msgs/vectornav_msgs/msg/detail/time_group__type_support.h
[7.870s] -- Up-to-date: /workspaces/isaac_ros-dev/install/vectornav_msgs/include/vectornav_msgs/vectornav_msgs/msg/detail/time_utc__functions.c
[7.871s] -- Up-to-date: /workspaces/isaac_ros-dev/install/vectornav_msgs/include/vectornav_msgs/vectornav_msgs/msg/detail/vpe_status__functions.h
[7.872s] -- Up-to-date: /workspaces/isaac_ros-dev/install/vectornav_msgs/include/vectornav_msgs/vectornav_msgs/msg/detail/time_status__struct.h
[7.872s] -- Up-to-date: /workspaces/isaac_ros-dev/install/vectornav_msgs/include/vectornav_msgs/vectornav_msgs/msg/detail/imu_group__struct.h
[7.874s] -- Up-to-date: /workspaces/isaac_ros-dev/install/vectornav_msgs/include/vectornav_msgs/vectornav_msgs/msg/detail/ins_status__struct.h
[7.875s] -- Up-to-date: /workspaces/isaac_ros-dev/install/vectornav_msgs/include/vectornav_msgs/vectornav_msgs/msg/detail/attitude_group__functions.h
[7.876s] -- Up-to-date: /workspaces/isaac_ros-dev/install/vectornav_msgs/include/vectornav_msgs/vectornav_msgs/msg/detail/imu_group__functions.h
[7.876s] -- Up-to-date: /workspaces/isaac_ros-dev/install/vectornav_msgs/include/vectornav_msgs/vectornav_msgs/msg/detail/common_group__type_support.h
[7.876s] -- Up-to-date: /workspaces/isaac_ros-dev/install/vectornav_msgs/include/vectornav_msgs/vectornav_msgs/msg/detail/attitude_group__struct.h
[7.877s] -- Up-to-date: /workspaces/isaac_ros-dev/install/vectornav_msgs/include/vectornav_msgs/vectornav_msgs/msg/detail/vpe_status__functions.c
[7.877s] -- Up-to-date: /workspaces/isaac_ros-dev/install/vectornav_msgs/include/vectornav_msgs/vectornav_msgs/msg/detail/imu_group__functions.c
[7.877s] -- Up-to-date: /workspaces/isaac_ros-dev/install/vectornav_msgs/include/vectornav_msgs/vectornav_msgs/msg/detail/dop__functions.c
[7.878s] -- Up-to-date: /workspaces/isaac_ros-dev/install/vectornav_msgs/include/vectornav_msgs/vectornav_msgs/msg/detail/dop__struct.h
[7.878s] -- Up-to-date: /workspaces/isaac_ros-dev/install/vectornav_msgs/include/vectornav_msgs/vectornav_msgs/msg/detail/gps_group__functions.c
[7.879s] -- Up-to-date: /workspaces/isaac_ros-dev/install/vectornav_msgs/include/vectornav_msgs/vectornav_msgs/msg/detail/ins_status__functions.h
[7.879s] -- Up-to-date: /workspaces/isaac_ros-dev/install/vectornav_msgs/include/vectornav_msgs/vectornav_msgs/msg/detail/gps_group__type_support.h
[7.880s] -- Up-to-date: /workspaces/isaac_ros-dev/install/vectornav_msgs/include/vectornav_msgs/vectornav_msgs/msg/detail/time_utc__struct.h
[7.880s] -- Up-to-date: /workspaces/isaac_ros-dev/install/vectornav_msgs/include/vectornav_msgs/vectornav_msgs/msg/detail/ins_status__type_support.h
[7.880s] -- Up-to-date: /workspaces/isaac_ros-dev/install/vectornav_msgs/include/vectornav_msgs/vectornav_msgs/msg/detail/ins_group__functions.c
[7.884s] -- Up-to-date: /workspaces/isaac_ros-dev/install/vectornav_msgs/include/vectornav_msgs/vectornav_msgs/msg/detail/common_group__functions.h
[7.885s] -- Up-to-date: /workspaces/isaac_ros-dev/install/vectornav_msgs/include/vectornav_msgs/vectornav_msgs/msg/detail/time_status__functions.c
[7.885s] -- Up-to-date: /workspaces/isaac_ros-dev/install/vectornav_msgs/include/vectornav_msgs/vectornav_msgs/msg/detail/common_group__functions.c
[7.886s] -- Up-to-date: /workspaces/isaac_ros-dev/install/vectornav_msgs/include/vectornav_msgs/vectornav_msgs/msg/detail/imu_group__type_support.h
[7.886s] -- Up-to-date: /workspaces/isaac_ros-dev/install/vectornav_msgs/include/vectornav_msgs/vectornav_msgs/msg/detail/time_group__functions.c
[7.886s] -- Up-to-date: /workspaces/isaac_ros-dev/install/vectornav_msgs/include/vectornav_msgs/vectornav_msgs/msg/detail/time_status__type_support.h
[7.886s] -- Up-to-date: /workspaces/isaac_ros-dev/install/vectornav_msgs/include/vectornav_msgs/vectornav_msgs/msg/detail/time_group__functions.h
[7.887s] -- Up-to-date: /workspaces/isaac_ros-dev/install/vectornav_msgs/include/vectornav_msgs/vectornav_msgs/msg/detail/dop__functions.h
[7.887s] -- Up-to-date: /workspaces/isaac_ros-dev/install/vectornav_msgs/include/vectornav_msgs/vectornav_msgs/msg/detail/attitude_group__functions.c
[7.887s] -- Up-to-date: /workspaces/isaac_ros-dev/install/vectornav_msgs/include/vectornav_msgs/vectornav_msgs/msg/detail/gps_group__struct.h
[7.887s] -- Up-to-date: /workspaces/isaac_ros-dev/install/vectornav_msgs/include/vectornav_msgs/vectornav_msgs/msg/detail/attitude_group__type_support.h
[7.888s] -- Up-to-date: /workspaces/isaac_ros-dev/install/vectornav_msgs/include/vectornav_msgs/vectornav_msgs/msg/detail/ins_group__functions.h
[7.889s] -- Up-to-date: /workspaces/isaac_ros-dev/install/vectornav_msgs/include/vectornav_msgs/vectornav_msgs/msg/detail/common_group__struct.h
[7.889s] -- Up-to-date: /workspaces/isaac_ros-dev/install/vectornav_msgs/include/vectornav_msgs/vectornav_msgs/msg/detail/time_group__struct.h
[7.889s] -- Up-to-date: /workspaces/isaac_ros-dev/install/vectornav_msgs/include/vectornav_msgs/vectornav_msgs/msg/detail/ins_status__functions.c
[7.890s] -- Up-to-date: /workspaces/isaac_ros-dev/install/vectornav_msgs/include/vectornav_msgs/vectornav_msgs/msg/detail/vpe_status__type_support.h
[7.890s] -- Up-to-date: /workspaces/isaac_ros-dev/install/vectornav_msgs/include/vectornav_msgs/vectornav_msgs/msg/detail/ins_group__type_support.h
[7.890s] -- Up-to-date: /workspaces/isaac_ros-dev/install/vectornav_msgs/include/vectornav_msgs/vectornav_msgs/msg/detail/vpe_status__struct.h
[7.890s] -- Up-to-date: /workspaces/isaac_ros-dev/install/vectornav_msgs/include/vectornav_msgs/vectornav_msgs/msg/time_utc.h
[7.891s] -- Up-to-date: /workspaces/isaac_ros-dev/install/vectornav_msgs/include/vectornav_msgs/vectornav_msgs/msg/time_group.h
[7.891s] -- Up-to-date: /workspaces/isaac_ros-dev/install/vectornav_msgs/include/vectornav_msgs/vectornav_msgs/msg/time_status.h
[7.891s] -- Up-to-date: /workspaces/isaac_ros-dev/install/vectornav_msgs/include/vectornav_msgs/vectornav_msgs/msg/attitude_group.h
[7.891s] -- Up-to-date: /workspaces/isaac_ros-dev/install/vectornav_msgs/include/vectornav_msgs/vectornav_msgs/msg/ins_group.h
[7.892s] -- Up-to-date: /workspaces/isaac_ros-dev/install/vectornav_msgs/share/vectornav_msgs/environment/library_path.sh
[7.892s] -- Up-to-date: /workspaces/isaac_ros-dev/install/vectornav_msgs/share/vectornav_msgs/environment/library_path.dsv
[7.892s] -- Up-to-date: /workspaces/isaac_ros-dev/install/vectornav_msgs/lib/libvectornav_msgs__rosidl_generator_c.so
[7.892s] -- Up-to-date: /workspaces/isaac_ros-dev/install/vectornav_msgs/include/vectornav_msgs/vectornav_msgs
[7.893s] -- Up-to-date: /workspaces/isaac_ros-dev/install/vectornav_msgs/include/vectornav_msgs/vectornav_msgs/msg
[7.893s] -- Up-to-date: /workspaces/isaac_ros-dev/install/vectornav_msgs/include/vectornav_msgs/vectornav_msgs/msg/rosidl_typesupport_fastrtps_c__visibility_control.h
[7.893s] -- Up-to-date: /workspaces/isaac_ros-dev/install/vectornav_msgs/include/vectornav_msgs/vectornav_msgs/msg/detail
[7.893s] -- Up-to-date: /workspaces/isaac_ros-dev/install/vectornav_msgs/include/vectornav_msgs/vectornav_msgs/msg/detail/time_group__rosidl_typesupport_fastrtps_c.h
[7.894s] -- Up-to-date: /workspaces/isaac_ros-dev/install/vectornav_msgs/include/vectornav_msgs/vectornav_msgs/msg/detail/attitude_group__rosidl_typesupport_fastrtps_c.h
[7.894s] -- Up-to-date: /workspaces/isaac_ros-dev/install/vectornav_msgs/include/vectornav_msgs/vectornav_msgs/msg/detail/ins_group__rosidl_typesupport_fastrtps_c.h
[7.894s] -- Up-to-date: /workspaces/isaac_ros-dev/install/vectornav_msgs/include/vectornav_msgs/vectornav_msgs/msg/detail/time_utc__rosidl_typesupport_fastrtps_c.h
[7.894s] -- Up-to-date: /workspaces/isaac_ros-dev/install/vectornav_msgs/include/vectornav_msgs/vectornav_msgs/msg/detail/ins_status__rosidl_typesupport_fastrtps_c.h
[7.895s] -- Up-to-date: /workspaces/isaac_ros-dev/install/vectornav_msgs/include/vectornav_msgs/vectornav_msgs/msg/detail/imu_group__rosidl_typesupport_fastrtps_c.h
[7.895s] -- Up-to-date: /workspaces/isaac_ros-dev/install/vectornav_msgs/include/vectornav_msgs/vectornav_msgs/msg/detail/vpe_status__rosidl_typesupport_fastrtps_c.h
[7.895s] -- Up-to-date: /workspaces/isaac_ros-dev/install/vectornav_msgs/include/vectornav_msgs/vectornav_msgs/msg/detail/dop__rosidl_typesupport_fastrtps_c.h
[7.895s] -- Up-to-date: /workspaces/isaac_ros-dev/install/vectornav_msgs/include/vectornav_msgs/vectornav_msgs/msg/detail/common_group__rosidl_typesupport_fastrtps_c.h
[7.896s] -- Up-to-date: /workspaces/isaac_ros-dev/install/vectornav_msgs/include/vectornav_msgs/vectornav_msgs/msg/detail/gps_group__rosidl_typesupport_fastrtps_c.h
[7.896s] -- Up-to-date: /workspaces/isaac_ros-dev/install/vectornav_msgs/include/vectornav_msgs/vectornav_msgs/msg/detail/time_status__rosidl_typesupport_fastrtps_c.h
[7.896s] -- Up-to-date: /workspaces/isaac_ros-dev/install/vectornav_msgs/lib/libvectornav_msgs__rosidl_typesupport_fastrtps_c.so
[7.896s] -- Up-to-date: /workspaces/isaac_ros-dev/install/vectornav_msgs/include/vectornav_msgs/vectornav_msgs
[7.897s] -- Up-to-date: /workspaces/isaac_ros-dev/install/vectornav_msgs/include/vectornav_msgs/vectornav_msgs/msg
[7.897s] -- Up-to-date: /workspaces/isaac_ros-dev/install/vectornav_msgs/include/vectornav_msgs/vectornav_msgs/msg/common_group.hpp
[7.897s] -- Up-to-date: /workspaces/isaac_ros-dev/install/vectornav_msgs/include/vectornav_msgs/vectornav_msgs/msg/attitude_group.hpp
[7.897s] -- Up-to-date: /workspaces/isaac_ros-dev/install/vectornav_msgs/include/vectornav_msgs/vectornav_msgs/msg/vpe_status.hpp
[7.898s] -- Up-to-date: /workspaces/isaac_ros-dev/install/vectornav_msgs/include/vectornav_msgs/vectornav_msgs/msg/dop.hpp
[7.913s] -- Up-to-date: /workspaces/isaac_ros-dev/install/vectornav_msgs/include/vectornav_msgs/vectornav_msgs/msg/time_status.hpp
[7.918s] -- Up-to-date: /workspaces/isaac_ros-dev/install/vectornav_msgs/include/vectornav_msgs/vectornav_msgs/msg/gps_group.hpp
[7.919s] -- Up-to-date: /workspaces/isaac_ros-dev/install/vectornav_msgs/include/vectornav_msgs/vectornav_msgs/msg/imu_group.hpp
[7.919s] -- Up-to-date: /workspaces/isaac_ros-dev/install/vectornav_msgs/include/vectornav_msgs/vectornav_msgs/msg/detail
[7.919s] -- Up-to-date: /workspaces/isaac_ros-dev/install/vectornav_msgs/include/vectornav_msgs/vectornav_msgs/msg/detail/common_group__struct.hpp
[7.920s] -- Up-to-date: /workspaces/isaac_ros-dev/install/vectornav_msgs/include/vectornav_msgs/vectornav_msgs/msg/detail/ins_group__builder.hpp
[7.921s] -- Up-to-date: /workspaces/isaac_ros-dev/install/vectornav_msgs/include/vectornav_msgs/vectornav_msgs/msg/detail/ins_status__traits.hpp
[7.922s] -- Up-to-date: /workspaces/isaac_ros-dev/install/vectornav_msgs/include/vectornav_msgs/vectornav_msgs/msg/detail/vpe_status__struct.hpp
[7.922s] -- Up-to-date: /workspaces/isaac_ros-dev/install/vectornav_msgs/include/vectornav_msgs/vectornav_msgs/msg/detail/common_group__traits.hpp
[7.922s] -- Up-to-date: /workspaces/isaac_ros-dev/install/vectornav_msgs/include/vectornav_msgs/vectornav_msgs/msg/detail/gps_group__struct.hpp
[7.923s] -- Up-to-date: /workspaces/isaac_ros-dev/install/vectornav_msgs/include/vectornav_msgs/vectornav_msgs/msg/detail/attitude_group__builder.hpp
[7.923s] -- Up-to-date: /workspaces/isaac_ros-dev/install/vectornav_msgs/include/vectornav_msgs/vectornav_msgs/msg/detail/imu_group__struct.hpp
[7.925s] -- Up-to-date: /workspaces/isaac_ros-dev/install/vectornav_msgs/include/vectornav_msgs/vectornav_msgs/msg/detail/gps_group__builder.hpp
[7.925s] -- Up-to-date: /workspaces/isaac_ros-dev/install/vectornav_msgs/include/vectornav_msgs/vectornav_msgs/msg/detail/ins_group__struct.hpp
[7.925s] -- Up-to-date: /workspaces/isaac_ros-dev/install/vectornav_msgs/include/vectornav_msgs/vectornav_msgs/msg/detail/ins_status__struct.hpp
[7.926s] -- Up-to-date: /workspaces/isaac_ros-dev/install/vectornav_msgs/include/vectornav_msgs/vectornav_msgs/msg/detail/time_status__struct.hpp
[7.926s] -- Up-to-date: /workspaces/isaac_ros-dev/install/vectornav_msgs/include/vectornav_msgs/vectornav_msgs/msg/detail/time_utc__builder.hpp
[7.926s] -- Up-to-date: /workspaces/isaac_ros-dev/install/vectornav_msgs/include/vectornav_msgs/vectornav_msgs/msg/detail/dop__builder.hpp
[7.927s] -- Up-to-date: /workspaces/isaac_ros-dev/install/vectornav_msgs/include/vectornav_msgs/vectornav_msgs/msg/detail/time_status__builder.hpp
[7.927s] -- Up-to-date: /workspaces/isaac_ros-dev/install/vectornav_msgs/include/vectornav_msgs/vectornav_msgs/msg/detail/imu_group__builder.hpp
[7.927s] -- Up-to-date: /workspaces/isaac_ros-dev/install/vectornav_msgs/include/vectornav_msgs/vectornav_msgs/msg/detail/time_status__traits.hpp
[7.928s] -- Up-to-date: /workspaces/isaac_ros-dev/install/vectornav_msgs/include/vectornav_msgs/vectornav_msgs/msg/detail/time_utc__traits.hpp
[7.930s] -- Up-to-date: /workspaces/isaac_ros-dev/install/vectornav_msgs/include/vectornav_msgs/vectornav_msgs/msg/detail/vpe_status__builder.hpp
[7.930s] -- Up-to-date: /workspaces/isaac_ros-dev/install/vectornav_msgs/include/vectornav_msgs/vectornav_msgs/msg/detail/time_utc__struct.hpp
[7.931s] -- Up-to-date: /workspaces/isaac_ros-dev/install/vectornav_msgs/include/vectornav_msgs/vectornav_msgs/msg/detail/attitude_group__traits.hpp
[7.931s] -- Up-to-date: /workspaces/isaac_ros-dev/install/vectornav_msgs/include/vectornav_msgs/vectornav_msgs/msg/detail/time_group__traits.hpp
[7.931s] -- Up-to-date: /workspaces/isaac_ros-dev/install/vectornav_msgs/include/vectornav_msgs/vectornav_msgs/msg/detail/dop__struct.hpp
[7.932s] -- Up-to-date: /workspaces/isaac_ros-dev/install/vectornav_msgs/include/vectornav_msgs/vectornav_msgs/msg/detail/ins_status__builder.hpp
[7.942s] -- Up-to-date: /workspaces/isaac_ros-dev/install/vectornav_msgs/include/vectornav_msgs/vectornav_msgs/msg/detail/gps_group__traits.hpp
[7.945s] -- Up-to-date: /workspaces/isaac_ros-dev/install/vectornav_msgs/include/vectornav_msgs/vectornav_msgs/msg/detail/time_group__builder.hpp
[7.956s] -- Up-to-date: /workspaces/isaac_ros-dev/install/vectornav_msgs/include/vectornav_msgs/vectornav_msgs/msg/detail/time_group__struct.hpp
[7.956s] -- Up-to-date: /workspaces/isaac_ros-dev/install/vectornav_msgs/include/vectornav_msgs/vectornav_msgs/msg/detail/imu_group__traits.hpp
[7.957s] -- Up-to-date: /workspaces/isaac_ros-dev/install/vectornav_msgs/include/vectornav_msgs/vectornav_msgs/msg/detail/ins_group__traits.hpp
[7.957s] -- Up-to-date: /workspaces/isaac_ros-dev/install/vectornav_msgs/include/vectornav_msgs/vectornav_msgs/msg/detail/attitude_group__struct.hpp
[7.957s] -- Up-to-date: /workspaces/isaac_ros-dev/install/vectornav_msgs/include/vectornav_msgs/vectornav_msgs/msg/detail/vpe_status__traits.hpp
[7.958s] -- Up-to-date: /workspaces/isaac_ros-dev/install/vectornav_msgs/include/vectornav_msgs/vectornav_msgs/msg/detail/dop__traits.hpp
[7.958s] -- Up-to-date: /workspaces/isaac_ros-dev/install/vectornav_msgs/include/vectornav_msgs/vectornav_msgs/msg/detail/common_group__builder.hpp
[7.958s] -- Up-to-date: /workspaces/isaac_ros-dev/install/vectornav_msgs/include/vectornav_msgs/vectornav_msgs/msg/ins_status.hpp
[7.959s] -- Up-to-date: /workspaces/isaac_ros-dev/install/vectornav_msgs/include/vectornav_msgs/vectornav_msgs/msg/ins_group.hpp
[7.959s] -- Up-to-date: /workspaces/isaac_ros-dev/install/vectornav_msgs/include/vectornav_msgs/vectornav_msgs/msg/time_utc.hpp
[7.959s] -- Up-to-date: /workspaces/isaac_ros-dev/install/vectornav_msgs/include/vectornav_msgs/vectornav_msgs/msg/time_group.hpp
[7.959s] -- Up-to-date: /workspaces/isaac_ros-dev/install/vectornav_msgs/include/vectornav_msgs/vectornav_msgs
[7.960s] -- Up-to-date: /workspaces/isaac_ros-dev/install/vectornav_msgs/include/vectornav_msgs/vectornav_msgs/msg
[7.966s] -- Up-to-date: /workspaces/isaac_ros-dev/install/vectornav_msgs/include/vectornav_msgs/vectornav_msgs/msg/rosidl_typesupport_fastrtps_cpp__visibility_control.h
[7.966s] -- Up-to-date: /workspaces/isaac_ros-dev/install/vectornav_msgs/include/vectornav_msgs/vectornav_msgs/msg/detail
[7.967s] -- Up-to-date: /workspaces/isaac_ros-dev/install/vectornav_msgs/include/vectornav_msgs/vectornav_msgs/msg/detail/common_group__rosidl_typesupport_fastrtps_cpp.hpp
[7.967s] -- Up-to-date: /workspaces/isaac_ros-dev/install/vectornav_msgs/include/vectornav_msgs/vectornav_msgs/msg/detail/vpe_status__rosidl_typesupport_fastrtps_cpp.hpp
[7.967s] -- Up-to-date: /workspaces/isaac_ros-dev/install/vectornav_msgs/include/vectornav_msgs/vectornav_msgs/msg/detail/time_group__rosidl_typesupport_fastrtps_cpp.hpp
[7.967s] -- Up-to-date: /workspaces/isaac_ros-dev/install/vectornav_msgs/include/vectornav_msgs/vectornav_msgs/msg/detail/dop__rosidl_typesupport_fastrtps_cpp.hpp
[7.968s] -- Up-to-date: /workspaces/isaac_ros-dev/install/vectornav_msgs/include/vectornav_msgs/vectornav_msgs/msg/detail/dds_fastrtps
[7.968s] -- Up-to-date: /workspaces/isaac_ros-dev/install/vectornav_msgs/include/vectornav_msgs/vectornav_msgs/msg/detail/time_status__rosidl_typesupport_fastrtps_cpp.hpp
[7.968s] -- Up-to-date: /workspaces/isaac_ros-dev/install/vectornav_msgs/include/vectornav_msgs/vectornav_msgs/msg/detail/ins_group__rosidl_typesupport_fastrtps_cpp.hpp
[7.969s] -- Up-to-date: /workspaces/isaac_ros-dev/install/vectornav_msgs/include/vectornav_msgs/vectornav_msgs/msg/detail/gps_group__rosidl_typesupport_fastrtps_cpp.hpp
[7.969s] -- Up-to-date: /workspaces/isaac_ros-dev/install/vectornav_msgs/include/vectornav_msgs/vectornav_msgs/msg/detail/imu_group__rosidl_typesupport_fastrtps_cpp.hpp
[7.969s] -- Up-to-date: /workspaces/isaac_ros-dev/install/vectornav_msgs/include/vectornav_msgs/vectornav_msgs/msg/detail/attitude_group__rosidl_typesupport_fastrtps_cpp.hpp
[7.970s] -- Up-to-date: /workspaces/isaac_ros-dev/install/vectornav_msgs/include/vectornav_msgs/vectornav_msgs/msg/detail/time_utc__rosidl_typesupport_fastrtps_cpp.hpp
[7.970s] -- Up-to-date: /workspaces/isaac_ros-dev/install/vectornav_msgs/include/vectornav_msgs/vectornav_msgs/msg/detail/ins_status__rosidl_typesupport_fastrtps_cpp.hpp
[7.970s] -- Up-to-date: /workspaces/isaac_ros-dev/install/vectornav_msgs/lib/libvectornav_msgs__rosidl_typesupport_fastrtps_cpp.so
[7.970s] -- Up-to-date: /workspaces/isaac_ros-dev/install/vectornav_msgs/include/vectornav_msgs/vectornav_msgs
[7.971s] -- Up-to-date: /workspaces/isaac_ros-dev/install/vectornav_msgs/include/vectornav_msgs/vectornav_msgs/msg
[7.971s] -- Up-to-date: /workspaces/isaac_ros-dev/install/vectornav_msgs/include/vectornav_msgs/vectornav_msgs/msg/detail
[7.972s] -- Up-to-date: /workspaces/isaac_ros-dev/install/vectornav_msgs/include/vectornav_msgs/vectornav_msgs/msg/detail/time_group__type_support.c
[7.973s] -- Up-to-date: /workspaces/isaac_ros-dev/install/vectornav_msgs/include/vectornav_msgs/vectornav_msgs/msg/detail/dop__rosidl_typesupport_introspection_c.h
[7.973s] -- Up-to-date: /workspaces/isaac_ros-dev/install/vectornav_msgs/include/vectornav_msgs/vectornav_msgs/msg/detail/vpe_status__type_support.c
[7.973s] -- Up-to-date: /workspaces/isaac_ros-dev/install/vectornav_msgs/include/vectornav_msgs/vectornav_msgs/msg/detail/ins_status__type_support.c
[7.974s] -- Up-to-date: /workspaces/isaac_ros-dev/install/vectornav_msgs/include/vectornav_msgs/vectornav_msgs/msg/detail/imu_group__type_support.c
[7.974s] -- Up-to-date: /workspaces/isaac_ros-dev/install/vectornav_msgs/include/vectornav_msgs/vectornav_msgs/msg/detail/common_group__rosidl_typesupport_introspection_c.h
[7.974s] -- Up-to-date: /workspaces/isaac_ros-dev/install/vectornav_msgs/include/vectornav_msgs/vectornav_msgs/msg/detail/time_utc__type_support.c
[7.974s] -- Up-to-date: /workspaces/isaac_ros-dev/install/vectornav_msgs/include/vectornav_msgs/vectornav_msgs/msg/detail/time_utc__rosidl_typesupport_introspection_c.h
[7.975s] -- Up-to-date: /workspaces/isaac_ros-dev/install/vectornav_msgs/include/vectornav_msgs/vectornav_msgs/msg/detail/attitude_group__type_support.c
[7.975s] -- Up-to-date: /workspaces/isaac_ros-dev/install/vectornav_msgs/include/vectornav_msgs/vectornav_msgs/msg/detail/ins_status__rosidl_typesupport_introspection_c.h
[7.975s] -- Up-to-date: /workspaces/isaac_ros-dev/install/vectornav_msgs/include/vectornav_msgs/vectornav_msgs/msg/detail/common_group__type_support.c
[7.976s] -- Up-to-date: /workspaces/isaac_ros-dev/install/vectornav_msgs/include/vectornav_msgs/vectornav_msgs/msg/detail/gps_group__type_support.c
[7.982s] -- Up-to-date: /workspaces/isaac_ros-dev/install/vectornav_msgs/include/vectornav_msgs/vectornav_msgs/msg/detail/vpe_status__rosidl_typesupport_introspection_c.h
[7.982s] -- Up-to-date: /workspaces/isaac_ros-dev/install/vectornav_msgs/include/vectornav_msgs/vectornav_msgs/msg/detail/attitude_group__rosidl_typesupport_introspection_c.h
[7.982s] -- Up-to-date: /workspaces/isaac_ros-dev/install/vectornav_msgs/include/vectornav_msgs/vectornav_msgs/msg/detail/time_group__rosidl_typesupport_introspection_c.h
[7.983s] -- Up-to-date: /workspaces/isaac_ros-dev/install/vectornav_msgs/include/vectornav_msgs/vectornav_msgs/msg/detail/ins_group__rosidl_typesupport_introspection_c.h
[7.983s] -- Up-to-date: /workspaces/isaac_ros-dev/install/vectornav_msgs/include/vectornav_msgs/vectornav_msgs/msg/detail/ins_group__type_support.c
[7.983s] -- Up-to-date: /workspaces/isaac_ros-dev/install/vectornav_msgs/include/vectornav_msgs/vectornav_msgs/msg/detail/imu_group__rosidl_typesupport_introspection_c.h
[7.983s] -- Up-to-date: /workspaces/isaac_ros-dev/install/vectornav_msgs/include/vectornav_msgs/vectornav_msgs/msg/detail/time_status__rosidl_typesupport_introspection_c.h
[7.984s] -- Up-to-date: /workspaces/isaac_ros-dev/install/vectornav_msgs/include/vectornav_msgs/vectornav_msgs/msg/detail/time_status__type_support.c
[7.984s] -- Up-to-date: /workspaces/isaac_ros-dev/install/vectornav_msgs/include/vectornav_msgs/vectornav_msgs/msg/detail/dop__type_support.c
[7.984s] -- Up-to-date: /workspaces/isaac_ros-dev/install/vectornav_msgs/include/vectornav_msgs/vectornav_msgs/msg/detail/gps_group__rosidl_typesupport_introspection_c.h
[7.984s] -- Up-to-date: /workspaces/isaac_ros-dev/install/vectornav_msgs/include/vectornav_msgs/vectornav_msgs/msg/rosidl_typesupport_introspection_c__visibility_control.h
[7.985s] -- Up-to-date: /workspaces/isaac_ros-dev/install/vectornav_msgs/lib/libvectornav_msgs__rosidl_typesupport_introspection_c.so
[7.985s] -- Up-to-date: /workspaces/isaac_ros-dev/install/vectornav_msgs/lib/libvectornav_msgs__rosidl_typesupport_c.so
[7.996s] -- Up-to-date: /workspaces/isaac_ros-dev/install/vectornav_msgs/include/vectornav_msgs/vectornav_msgs
[7.997s] -- Up-to-date: /workspaces/isaac_ros-dev/install/vectornav_msgs/include/vectornav_msgs/vectornav_msgs/msg
[7.998s] -- Up-to-date: /workspaces/isaac_ros-dev/install/vectornav_msgs/include/vectornav_msgs/vectornav_msgs/msg/detail
[7.998s] -- Up-to-date: /workspaces/isaac_ros-dev/install/vectornav_msgs/include/vectornav_msgs/vectornav_msgs/msg/detail/dop__rosidl_typesupport_introspection_cpp.hpp
[7.998s] -- Up-to-date: /workspaces/isaac_ros-dev/install/vectornav_msgs/include/vectornav_msgs/vectornav_msgs/msg/detail/imu_group__rosidl_typesupport_introspection_cpp.hpp
[7.998s] -- Up-to-date: /workspaces/isaac_ros-dev/install/vectornav_msgs/include/vectornav_msgs/vectornav_msgs/msg/detail/imu_group__type_support.cpp
[7.999s] -- Up-to-date: /workspaces/isaac_ros-dev/install/vectornav_msgs/include/vectornav_msgs/vectornav_msgs/msg/detail/time_utc__type_support.cpp
[7.999s] -- Up-to-date: /workspaces/isaac_ros-dev/install/vectornav_msgs/include/vectornav_msgs/vectornav_msgs/msg/detail/time_group__type_support.cpp
[7.999s] -- Up-to-date: /workspaces/isaac_ros-dev/install/vectornav_msgs/include/vectornav_msgs/vectornav_msgs/msg/detail/attitude_group__rosidl_typesupport_introspection_cpp.hpp
[8.000s] -- Up-to-date: /workspaces/isaac_ros-dev/install/vectornav_msgs/include/vectornav_msgs/vectornav_msgs/msg/detail/dop__type_support.cpp
[8.000s] -- Up-to-date: /workspaces/isaac_ros-dev/install/vectornav_msgs/include/vectornav_msgs/vectornav_msgs/msg/detail/vpe_status__rosidl_typesupport_introspection_cpp.hpp
[8.000s] -- Up-to-date: /workspaces/isaac_ros-dev/install/vectornav_msgs/include/vectornav_msgs/vectornav_msgs/msg/detail/common_group__type_support.cpp
[8.000s] -- Up-to-date: /workspaces/isaac_ros-dev/install/vectornav_msgs/include/vectornav_msgs/vectornav_msgs/msg/detail/common_group__rosidl_typesupport_introspection_cpp.hpp
[8.001s] -- Up-to-date: /workspaces/isaac_ros-dev/install/vectornav_msgs/include/vectornav_msgs/vectornav_msgs/msg/detail/ins_group__type_support.cpp
[8.001s] -- Up-to-date: /workspaces/isaac_ros-dev/install/vectornav_msgs/include/vectornav_msgs/vectornav_msgs/msg/detail/ins_status__rosidl_typesupport_introspection_cpp.hpp
[8.001s] -- Up-to-date: /workspaces/isaac_ros-dev/install/vectornav_msgs/include/vectornav_msgs/vectornav_msgs/msg/detail/ins_group__rosidl_typesupport_introspection_cpp.hpp
[8.001s] -- Up-to-date: /workspaces/isaac_ros-dev/install/vectornav_msgs/include/vectornav_msgs/vectornav_msgs/msg/detail/vpe_status__type_support.cpp
[8.003s] -- Up-to-date: /workspaces/isaac_ros-dev/install/vectornav_msgs/include/vectornav_msgs/vectornav_msgs/msg/detail/time_status__type_support.cpp
[8.003s] -- Up-to-date: /workspaces/isaac_ros-dev/install/vectornav_msgs/include/vectornav_msgs/vectornav_msgs/msg/detail/time_status__rosidl_typesupport_introspection_cpp.hpp
[8.004s] -- Up-to-date: /workspaces/isaac_ros-dev/install/vectornav_msgs/include/vectornav_msgs/vectornav_msgs/msg/detail/attitude_group__type_support.cpp
[8.004s] -- Up-to-date: /workspaces/isaac_ros-dev/install/vectornav_msgs/include/vectornav_msgs/vectornav_msgs/msg/detail/ins_status__type_support.cpp
[8.004s] -- Up-to-date: /workspaces/isaac_ros-dev/install/vectornav_msgs/include/vectornav_msgs/vectornav_msgs/msg/detail/time_group__rosidl_typesupport_introspection_cpp.hpp
[8.004s] -- Up-to-date: /workspaces/isaac_ros-dev/install/vectornav_msgs/include/vectornav_msgs/vectornav_msgs/msg/detail/gps_group__type_support.cpp
[8.005s] -- Up-to-date: /workspaces/isaac_ros-dev/install/vectornav_msgs/include/vectornav_msgs/vectornav_msgs/msg/detail/time_utc__rosidl_typesupport_introspection_cpp.hpp
[8.005s] -- Up-to-date: /workspaces/isaac_ros-dev/install/vectornav_msgs/include/vectornav_msgs/vectornav_msgs/msg/detail/gps_group__rosidl_typesupport_introspection_cpp.hpp
[8.005s] -- Up-to-date: /workspaces/isaac_ros-dev/install/vectornav_msgs/lib/libvectornav_msgs__rosidl_typesupport_introspection_cpp.so
[8.006s] -- Up-to-date: /workspaces/isaac_ros-dev/install/vectornav_msgs/lib/libvectornav_msgs__rosidl_typesupport_cpp.so
[8.006s] -- Up-to-date: /workspaces/isaac_ros-dev/install/vectornav_msgs/share/vectornav_msgs/environment/pythonpath.sh
[8.006s] -- Up-to-date: /workspaces/isaac_ros-dev/install/vectornav_msgs/share/vectornav_msgs/environment/pythonpath.dsv
[8.006s] -- Up-to-date: /workspaces/isaac_ros-dev/install/vectornav_msgs/lib/python3.8/site-packages/vectornav_msgs-3.0.0-py3.8.egg-info
[8.007s] -- Installing: /workspaces/isaac_ros-dev/install/vectornav_msgs/lib/python3.8/site-packages/vectornav_msgs-3.0.0-py3.8.egg-info/top_level.txt
[8.007s] -- Installing: /workspaces/isaac_ros-dev/install/vectornav_msgs/lib/python3.8/site-packages/vectornav_msgs-3.0.0-py3.8.egg-info/dependency_links.txt
[8.007s] -- Installing: /workspaces/isaac_ros-dev/install/vectornav_msgs/lib/python3.8/site-packages/vectornav_msgs-3.0.0-py3.8.egg-info/SOURCES.txt
[8.013s] -- Installing: /workspaces/isaac_ros-dev/install/vectornav_msgs/lib/python3.8/site-packages/vectornav_msgs-3.0.0-py3.8.egg-info/PKG-INFO
[8.014s] -- Up-to-date: /workspaces/isaac_ros-dev/install/vectornav_msgs/lib/python3.8/site-packages/vectornav_msgs
[8.014s] -- Up-to-date: /workspaces/isaac_ros-dev/install/vectornav_msgs/lib/python3.8/site-packages/vectornav_msgs/__init__.py
[8.014s] -- Up-to-date: /workspaces/isaac_ros-dev/install/vectornav_msgs/lib/python3.8/site-packages/vectornav_msgs/vectornav_msgs_s__rosidl_typesupport_fastrtps_c.cpython-38-aarch64-linux-gnu.so
[8.015s] -- Up-to-date: /workspaces/isaac_ros-dev/install/vectornav_msgs/lib/python3.8/site-packages/vectornav_msgs/libvectornav_msgs__rosidl_generator_py.so
[8.015s] -- Up-to-date: /workspaces/isaac_ros-dev/install/vectornav_msgs/lib/python3.8/site-packages/vectornav_msgs/_vectornav_msgs_s.ep.rosidl_typesupport_c.c
[8.015s] -- Up-to-date: /workspaces/isaac_ros-dev/install/vectornav_msgs/lib/python3.8/site-packages/vectornav_msgs/msg
[8.015s] -- Up-to-date: /workspaces/isaac_ros-dev/install/vectornav_msgs/lib/python3.8/site-packages/vectornav_msgs/msg/_dop_s.c
[8.016s] -- Up-to-date: /workspaces/isaac_ros-dev/install/vectornav_msgs/lib/python3.8/site-packages/vectornav_msgs/msg/__init__.py
[8.016s] -- Up-to-date: /workspaces/isaac_ros-dev/install/vectornav_msgs/lib/python3.8/site-packages/vectornav_msgs/msg/_ins_group.py
[8.016s] -- Up-to-date: /workspaces/isaac_ros-dev/install/vectornav_msgs/lib/python3.8/site-packages/vectornav_msgs/msg/_attitude_group.py
[8.016s] -- Up-to-date: /workspaces/isaac_ros-dev/install/vectornav_msgs/lib/python3.8/site-packages/vectornav_msgs/msg/_gps_group.py
[8.017s] -- Up-to-date: /workspaces/isaac_ros-dev/install/vectornav_msgs/lib/python3.8/site-packages/vectornav_msgs/msg/_ins_status.py
[8.017s] -- Up-to-date: /workspaces/isaac_ros-dev/install/vectornav_msgs/lib/python3.8/site-packages/vectornav_msgs/msg/_time_utc.py
[8.017s] -- Up-to-date: /workspaces/isaac_ros-dev/install/vectornav_msgs/lib/python3.8/site-packages/vectornav_msgs/msg/_time_status_s.c
[8.017s] -- Up-to-date: /workspaces/isaac_ros-dev/install/vectornav_msgs/lib/python3.8/site-packages/vectornav_msgs/msg/_ins_status_s.c
[8.018s] -- Up-to-date: /workspaces/isaac_ros-dev/install/vectornav_msgs/lib/python3.8/site-packages/vectornav_msgs/msg/_imu_group_s.c
[8.025s] -- Up-to-date: /workspaces/isaac_ros-dev/install/vectornav_msgs/lib/python3.8/site-packages/vectornav_msgs/msg/_dop.py
[8.026s] -- Up-to-date: /workspaces/isaac_ros-dev/install/vectornav_msgs/lib/python3.8/site-packages/vectornav_msgs/msg/_ins_group_s.c
[8.027s] -- Up-to-date: /workspaces/isaac_ros-dev/install/vectornav_msgs/lib/python3.8/site-packages/vectornav_msgs/msg/_common_group_s.c
[8.027s] -- Up-to-date: /workspaces/isaac_ros-dev/install/vectornav_msgs/lib/python3.8/site-packages/vectornav_msgs/msg/_time_status.py
[8.028s] -- Up-to-date: /workspaces/isaac_ros-dev/install/vectornav_msgs/lib/python3.8/site-packages/vectornav_msgs/msg/_vpe_status.py
[8.028s] -- Up-to-date: /workspaces/isaac_ros-dev/install/vectornav_msgs/lib/python3.8/site-packages/vectornav_msgs/msg/_gps_group_s.c
[8.028s] -- Up-to-date: /workspaces/isaac_ros-dev/install/vectornav_msgs/lib/python3.8/site-packages/vectornav_msgs/msg/_common_group.py
[8.029s] -- Up-to-date: /workspaces/isaac_ros-dev/install/vectornav_msgs/lib/python3.8/site-packages/vectornav_msgs/msg/_time_utc_s.c
[8.029s] -- Up-to-date: /workspaces/isaac_ros-dev/install/vectornav_msgs/lib/python3.8/site-packages/vectornav_msgs/msg/_attitude_group_s.c
[8.029s] -- Up-to-date: /workspaces/isaac_ros-dev/install/vectornav_msgs/lib/python3.8/site-packages/vectornav_msgs/msg/_imu_group.py
[8.029s] -- Up-to-date: /workspaces/isaac_ros-dev/install/vectornav_msgs/lib/python3.8/site-packages/vectornav_msgs/msg/_time_group_s.c
[8.030s] -- Up-to-date: /workspaces/isaac_ros-dev/install/vectornav_msgs/lib/python3.8/site-packages/vectornav_msgs/msg/_vpe_status_s.c
[8.030s] -- Up-to-date: /workspaces/isaac_ros-dev/install/vectornav_msgs/lib/python3.8/site-packages/vectornav_msgs/msg/_time_group.py
[8.030s] -- Up-to-date: /workspaces/isaac_ros-dev/install/vectornav_msgs/lib/python3.8/site-packages/vectornav_msgs/_vectornav_msgs_s.ep.rosidl_typesupport_introspection_c.c
[8.030s] -- Up-to-date: /workspaces/isaac_ros-dev/install/vectornav_msgs/lib/python3.8/site-packages/vectornav_msgs/_vectornav_msgs_s.ep.rosidl_typesupport_fastrtps_c.c
[8.031s] -- Up-to-date: /workspaces/isaac_ros-dev/install/vectornav_msgs/lib/python3.8/site-packages/vectornav_msgs/vectornav_msgs_s__rosidl_typesupport_c.cpython-38-aarch64-linux-gnu.so
[8.031s] -- Up-to-date: /workspaces/isaac_ros-dev/install/vectornav_msgs/lib/python3.8/site-packages/vectornav_msgs/vectornav_msgs_s__rosidl_typesupport_introspection_c.cpython-38-aarch64-linux-gnu.so
[8.098s] Listing '/workspaces/isaac_ros-dev/install/vectornav_msgs/lib/python3.8/site-packages/vectornav_msgs'...
[8.098s] Listing '/workspaces/isaac_ros-dev/install/vectornav_msgs/lib/python3.8/site-packages/vectornav_msgs/msg'...
[8.112s] -- Up-to-date: /workspaces/isaac_ros-dev/install/vectornav_msgs/lib/python3.8/site-packages/vectornav_msgs/vectornav_msgs_s__rosidl_typesupport_fastrtps_c.cpython-38-aarch64-linux-gnu.so
[8.115s] -- Up-to-date: /workspaces/isaac_ros-dev/install/vectornav_msgs/lib/python3.8/site-packages/vectornav_msgs/vectornav_msgs_s__rosidl_typesupport_introspection_c.cpython-38-aarch64-linux-gnu.so
[8.117s] -- Up-to-date: /workspaces/isaac_ros-dev/install/vectornav_msgs/lib/python3.8/site-packages/vectornav_msgs/vectornav_msgs_s__rosidl_typesupport_c.cpython-38-aarch64-linux-gnu.so
[8.119s] -- Up-to-date: /workspaces/isaac_ros-dev/install/vectornav_msgs/lib/libvectornav_msgs__rosidl_generator_py.so
[8.120s] -- Up-to-date: /workspaces/isaac_ros-dev/install/vectornav_msgs/share/vectornav_msgs/msg/CommonGroup.idl
[8.121s] -- Up-to-date: /workspaces/isaac_ros-dev/install/vectornav_msgs/share/vectornav_msgs/msg/TimeGroup.idl
[8.121s] -- Up-to-date: /workspaces/isaac_ros-dev/install/vectornav_msgs/share/vectornav_msgs/msg/ImuGroup.idl
[8.122s] -- Up-to-date: /workspaces/isaac_ros-dev/install/vectornav_msgs/share/vectornav_msgs/msg/GpsGroup.idl
[8.122s] -- Up-to-date: /workspaces/isaac_ros-dev/install/vectornav_msgs/share/vectornav_msgs/msg/AttitudeGroup.idl
[8.123s] -- Up-to-date: /workspaces/isaac_ros-dev/install/vectornav_msgs/share/vectornav_msgs/msg/InsGroup.idl
[8.124s] -- Up-to-date: /workspaces/isaac_ros-dev/install/vectornav_msgs/share/vectornav_msgs/msg/TimeUTC.idl
[8.124s] -- Up-to-date: /workspaces/isaac_ros-dev/install/vectornav_msgs/share/vectornav_msgs/msg/DOP.idl
[8.125s] -- Up-to-date: /workspaces/isaac_ros-dev/install/vectornav_msgs/share/vectornav_msgs/msg/VpeStatus.idl
[8.125s] -- Up-to-date: /workspaces/isaac_ros-dev/install/vectornav_msgs/share/vectornav_msgs/msg/TimeStatus.idl
[8.125s] -- Up-to-date: /workspaces/isaac_ros-dev/install/vectornav_msgs/share/vectornav_msgs/msg/InsStatus.idl
[8.126s] -- Up-to-date: /workspaces/isaac_ros-dev/install/vectornav_msgs/share/vectornav_msgs/msg/CommonGroup.msg
[8.126s] -- Up-to-date: /workspaces/isaac_ros-dev/install/vectornav_msgs/share/vectornav_msgs/msg/TimeGroup.msg
[8.126s] -- Up-to-date: /workspaces/isaac_ros-dev/install/vectornav_msgs/share/vectornav_msgs/msg/ImuGroup.msg
[8.126s] -- Up-to-date: /workspaces/isaac_ros-dev/install/vectornav_msgs/share/vectornav_msgs/msg/GpsGroup.msg
[8.127s] -- Up-to-date: /workspaces/isaac_ros-dev/install/vectornav_msgs/share/vectornav_msgs/msg/AttitudeGroup.msg
[8.128s] -- Up-to-date: /workspaces/isaac_ros-dev/install/vectornav_msgs/share/vectornav_msgs/msg/InsGroup.msg
[8.128s] -- Up-to-date: /workspaces/isaac_ros-dev/install/vectornav_msgs/share/vectornav_msgs/msg/TimeUTC.msg
[8.128s] -- Up-to-date: /workspaces/isaac_ros-dev/install/vectornav_msgs/share/vectornav_msgs/msg/DOP.msg
[8.129s] -- Up-to-date: /workspaces/isaac_ros-dev/install/vectornav_msgs/share/vectornav_msgs/msg/VpeStatus.msg
[8.129s] -- Up-to-date: /workspaces/isaac_ros-dev/install/vectornav_msgs/share/vectornav_msgs/msg/TimeStatus.msg
[8.130s] -- Up-to-date: /workspaces/isaac_ros-dev/install/vectornav_msgs/share/vectornav_msgs/msg/InsStatus.msg
[8.130s] -- Up-to-date: /workspaces/isaac_ros-dev/install/vectornav_msgs/share/ament_index/resource_index/package_run_dependencies/vectornav_msgs
[8.131s] -- Up-to-date: /workspaces/isaac_ros-dev/install/vectornav_msgs/share/ament_index/resource_index/parent_prefix_path/vectornav_msgs
[8.140s] -- Up-to-date: /workspaces/isaac_ros-dev/install/vectornav_msgs/share/vectornav_msgs/environment/ament_prefix_path.sh
[8.141s] -- Up-to-date: /workspaces/isaac_ros-dev/install/vectornav_msgs/share/vectornav_msgs/environment/ament_prefix_path.dsv
[8.141s] -- Up-to-date: /workspaces/isaac_ros-dev/install/vectornav_msgs/share/vectornav_msgs/environment/path.sh
[8.141s] -- Up-to-date: /workspaces/isaac_ros-dev/install/vectornav_msgs/share/vectornav_msgs/environment/path.dsv
[8.142s] -- Up-to-date: /workspaces/isaac_ros-dev/install/vectornav_msgs/share/vectornav_msgs/local_setup.bash
[8.142s] -- Up-to-date: /workspaces/isaac_ros-dev/install/vectornav_msgs/share/vectornav_msgs/local_setup.sh
[8.143s] -- Up-to-date: /workspaces/isaac_ros-dev/install/vectornav_msgs/share/vectornav_msgs/local_setup.zsh
[8.144s] -- Up-to-date: /workspaces/isaac_ros-dev/install/vectornav_msgs/share/vectornav_msgs/local_setup.dsv
[8.144s] -- Installing: /workspaces/isaac_ros-dev/install/vectornav_msgs/share/vectornav_msgs/package.dsv
[8.144s] -- Up-to-date: /workspaces/isaac_ros-dev/install/vectornav_msgs/share/ament_index/resource_index/packages/vectornav_msgs
[8.145s] -- Up-to-date: /workspaces/isaac_ros-dev/install/vectornav_msgs/share/vectornav_msgs/cmake/export_vectornav_msgs__rosidl_generator_cExport.cmake
[8.145s] -- Up-to-date: /workspaces/isaac_ros-dev/install/vectornav_msgs/share/vectornav_msgs/cmake/export_vectornav_msgs__rosidl_generator_cExport-noconfig.cmake
[8.147s] -- Up-to-date: /workspaces/isaac_ros-dev/install/vectornav_msgs/share/vectornav_msgs/cmake/export_vectornav_msgs__rosidl_typesupport_fastrtps_cExport.cmake
[8.161s] -- Up-to-date: /workspaces/isaac_ros-dev/install/vectornav_msgs/share/vectornav_msgs/cmake/export_vectornav_msgs__rosidl_typesupport_fastrtps_cExport-noconfig.cmake
[8.163s] -- Up-to-date: /workspaces/isaac_ros-dev/install/vectornav_msgs/share/vectornav_msgs/cmake/export_vectornav_msgs__rosidl_generator_cppExport.cmake
[8.163s] -- Up-to-date: /workspaces/isaac_ros-dev/install/vectornav_msgs/share/vectornav_msgs/cmake/export_vectornav_msgs__rosidl_typesupport_fastrtps_cppExport.cmake
[8.164s] -- Up-to-date: /workspaces/isaac_ros-dev/install/vectornav_msgs/share/vectornav_msgs/cmake/export_vectornav_msgs__rosidl_typesupport_fastrtps_cppExport-noconfig.cmake
[8.164s] -- Up-to-date: /workspaces/isaac_ros-dev/install/vectornav_msgs/share/vectornav_msgs/cmake/vectornav_msgs__rosidl_typesupport_introspection_cExport.cmake
[8.164s] -- Up-to-date: /workspaces/isaac_ros-dev/install/vectornav_msgs/share/vectornav_msgs/cmake/vectornav_msgs__rosidl_typesupport_introspection_cExport-noconfig.cmake
[8.164s] -- Up-to-date: /workspaces/isaac_ros-dev/install/vectornav_msgs/share/vectornav_msgs/cmake/vectornav_msgs__rosidl_typesupport_cExport.cmake
[8.165s] -- Up-to-date: /workspaces/isaac_ros-dev/install/vectornav_msgs/share/vectornav_msgs/cmake/vectornav_msgs__rosidl_typesupport_cExport-noconfig.cmake
[8.165s] -- Up-to-date: /workspaces/isaac_ros-dev/install/vectornav_msgs/share/vectornav_msgs/cmake/vectornav_msgs__rosidl_typesupport_introspection_cppExport.cmake
[8.165s] -- Up-to-date: /workspaces/isaac_ros-dev/install/vectornav_msgs/share/vectornav_msgs/cmake/vectornav_msgs__rosidl_typesupport_introspection_cppExport-noconfig.cmake
[8.165s] -- Up-to-date: /workspaces/isaac_ros-dev/install/vectornav_msgs/share/vectornav_msgs/cmake/vectornav_msgs__rosidl_typesupport_cppExport.cmake
[8.166s] -- Up-to-date: /workspaces/isaac_ros-dev/install/vectornav_msgs/share/vectornav_msgs/cmake/vectornav_msgs__rosidl_typesupport_cppExport-noconfig.cmake
[8.166s] -- Up-to-date: /workspaces/isaac_ros-dev/install/vectornav_msgs/share/vectornav_msgs/cmake/export_vectornav_msgs__rosidl_generator_pyExport.cmake
[8.166s] -- Up-to-date: /workspaces/isaac_ros-dev/install/vectornav_msgs/share/vectornav_msgs/cmake/export_vectornav_msgs__rosidl_generator_pyExport-noconfig.cmake
[8.168s] -- Up-to-date: /workspaces/isaac_ros-dev/install/vectornav_msgs/share/vectornav_msgs/cmake/rosidl_cmake-extras.cmake
[8.168s] -- Up-to-date: /workspaces/isaac_ros-dev/install/vectornav_msgs/share/vectornav_msgs/cmake/ament_cmake_export_dependencies-extras.cmake
[8.168s] -- Up-to-date: /workspaces/isaac_ros-dev/install/vectornav_msgs/share/vectornav_msgs/cmake/ament_cmake_export_include_directories-extras.cmake
[8.169s] -- Up-to-date: /workspaces/isaac_ros-dev/install/vectornav_msgs/share/vectornav_msgs/cmake/ament_cmake_export_libraries-extras.cmake
[8.169s] -- Up-to-date: /workspaces/isaac_ros-dev/install/vectornav_msgs/share/vectornav_msgs/cmake/ament_cmake_export_targets-extras.cmake
[8.169s] -- Up-to-date: /workspaces/isaac_ros-dev/install/vectornav_msgs/share/vectornav_msgs/cmake/rosidl_cmake_export_typesupport_targets-extras.cmake
[8.178s] -- Up-to-date: /workspaces/isaac_ros-dev/install/vectornav_msgs/share/vectornav_msgs/cmake/rosidl_cmake_export_typesupport_libraries-extras.cmake
[8.178s] -- Up-to-date: /workspaces/isaac_ros-dev/install/vectornav_msgs/share/vectornav_msgs/cmake/vectornav_msgsConfig.cmake
[8.178s] -- Up-to-date: /workspaces/isaac_ros-dev/install/vectornav_msgs/share/vectornav_msgs/cmake/vectornav_msgsConfig-version.cmake
[8.179s] -- Up-to-date: /workspaces/isaac_ros-dev/install/vectornav_msgs/share/vectornav_msgs/package.xml
[8.179s] Invoked command in '/workspaces/isaac_ros-dev/build/vectornav_msgs' returned '0': CMAKE_PREFIX_PATH=/workspaces/isaac_ros-dev/install/yolov8_bringup:/workspaces/isaac_ros-dev/install/multisense_ros:/workspaces/isaac_ros-dev/install/xacro:/workspaces/isaac_ros-dev/install/vision_msgs_rviz_plugins:/workspaces/isaac_ros-dev/install/vision_msgs:/workspaces/isaac_ros-dev/install/velodyne:/workspaces/isaac_ros-dev/install/velodyne_pointcloud:/workspaces/isaac_ros-dev/install/velodyne_driver:/workspaces/isaac_ros-dev/install/velodyne_msgs:/workspaces/isaac_ros-dev/install/velodyne_laserscan:/workspaces/isaac_ros-dev/install/vectornav:/workspaces/isaac_ros-dev/install/sdv_localization:/workspaces/isaac_ros-dev/install/vectornav_msgs:/workspaces/isaac_ros-dev/install/slam_toolbox:/workspaces/isaac_ros-dev/install/sdv_msg:/workspaces/isaac_ros-dev/install/sdv_localization_msgs:/workspaces/isaac_ros-dev/install/pointcloud_to_laserscan:/workspaces/isaac_ros-dev/install/my_package:/workspaces/isaac_ros-dev/install/multisense_msgs:/workspaces/isaac_ros-dev/install/multisense_lib:/workspaces/isaac_ros-dev/install/isaac_ros_visual_slam:/workspaces/isaac_ros-dev/install/isaac_ros_visual_slam_interfaces:/workspaces/isaac_ros-dev/install/isaac_ros_tensor_list_interfaces:/workspaces/isaac_ros-dev/install/isaac_ros_common:/workspaces/isaac_ros-dev/install/isaac_ros_bi3d_interfaces:/workspaces/isaac_ros-dev/install/isaac_ros_apriltag_interfaces:/workspaces/isaac_ros-dev/install/yolov8_ros:/workspaces/isaac_ros-dev/install/xbox_controller:/workspaces/isaac_ros-dev/install/panel:/workspaces/isaac_ros-dev/install/isaac_ros_test:/workspaces/isaac_ros-dev/install/encoder:/opt/ros/humble/install /usr/bin/cmake --install /workspaces/isaac_ros-dev/build/vectornav_msgs
