[0.131s] Invoking command in '/workspaces/isaac_ros-dev/build/my_package': CMAKE_PREFIX_PATH=/workspaces/isaac_ros-dev/install/yolov8_bringup:/workspaces/isaac_ros-dev/install/xacro:/workspaces/isaac_ros-dev/install/vision_msgs:/workspaces/isaac_ros-dev/install/velodyne_driver:/workspaces/isaac_ros-dev/install/velodyne_msgs:/workspaces/isaac_ros-dev/install/velodyne_laserscan:/workspaces/isaac_ros-dev/install/vectornav_msgs:/workspaces/isaac_ros-dev/install/sdv_msg:/workspaces/isaac_ros-dev/install/sdv_localization_msgs:/workspaces/isaac_ros-dev/install/my_package:/workspaces/isaac_ros-dev/install/multisense_msgs:/workspaces/isaac_ros-dev/install/multisense_lib:/workspaces/isaac_ros-dev/install/isaac_ros_visual_slam_interfaces:/workspaces/isaac_ros-dev/install/isaac_ros_tensor_list_interfaces:/workspaces/isaac_ros-dev/install/isaac_ros_common:/workspaces/isaac_ros-dev/install/isaac_ros_bi3d_interfaces:/workspaces/isaac_ros-dev/install/isaac_ros_apriltag_interfaces:/workspaces/isaac_ros-dev/install/yolov8_ros:/workspaces/isaac_ros-dev/install/panel:/workspaces/isaac_ros-dev/install/isaac_ros_test:/workspaces/isaac_ros-dev/install/encoder:/opt/ros/humble/install /usr/bin/cmake /workspaces/isaac_ros-dev/src/my_package -DCMAKE_INSTALL_PREFIX=/workspaces/isaac_ros-dev/install/my_package
[6.066s] -- The C compiler identification is GNU 9.4.0
[6.067s] -- The CXX compiler identification is GNU 9.4.0
[6.067s] -- Detecting C compiler ABI info
[6.068s] -- Detecting C compiler ABI info - done
[6.068s] -- Check for working C compiler: /usr/bin/cc - skipped
[6.068s] -- Detecting C compile features
[6.069s] -- Detecting C compile features - done
[6.069s] -- Detecting CXX compiler ABI info
[6.081s] -- Detecting CXX compiler ABI info - done
[6.082s] -- Check for working CXX compiler: /usr/bin/c++ - skipped
[6.082s] -- Detecting CXX compile features
[6.082s] -- Detecting CXX compile features - done
[6.083s] -- Found ament_cmake: 1.3.2 (/opt/ros/humble/install/share/ament_cmake/cmake)
[6.484s] -- Found Python3: /usr/bin/python3.8 (found version "3.8.10") found components: Interpreter 
[7.039s] -- Found ament_lint_auto: 0.12.4 (/opt/ros/humble/install/share/ament_lint_auto/cmake)
[7.544s] -- Added test 'cppcheck' to perform static code analysis on C / C++ code
[7.545s] -- Configured cppcheck include dirs: $<BUILD_INTERFACE:/workspaces/isaac_ros-dev/src/my_package/include>
[7.545s] -- Configured cppcheck exclude dirs and/or files: 
[7.555s] -- Added test 'flake8' to check Python code syntax and style conventions
[7.577s] -- Added test 'lint_cmake' to check CMake code style
[7.589s] -- Added test 'pep257' to check Python code against some of the docstring style conventions in PEP 257
[7.655s] -- Added test 'uncrustify' to check C / C++ code style
[7.656s] -- Configured uncrustify additional arguments: 
[7.670s] -- Added test 'xmllint' to check XML markup files
[7.683s] -- Configuring done
[7.707s] -- Generating done
[7.712s] -- Build files have been written to: /workspaces/isaac_ros-dev/build/my_package
[7.741s] Invoked command in '/workspaces/isaac_ros-dev/build/my_package' returned '0': CMAKE_PREFIX_PATH=/workspaces/isaac_ros-dev/install/yolov8_bringup:/workspaces/isaac_ros-dev/install/xacro:/workspaces/isaac_ros-dev/install/vision_msgs:/workspaces/isaac_ros-dev/install/velodyne_driver:/workspaces/isaac_ros-dev/install/velodyne_msgs:/workspaces/isaac_ros-dev/install/velodyne_laserscan:/workspaces/isaac_ros-dev/install/vectornav_msgs:/workspaces/isaac_ros-dev/install/sdv_msg:/workspaces/isaac_ros-dev/install/sdv_localization_msgs:/workspaces/isaac_ros-dev/install/my_package:/workspaces/isaac_ros-dev/install/multisense_msgs:/workspaces/isaac_ros-dev/install/multisense_lib:/workspaces/isaac_ros-dev/install/isaac_ros_visual_slam_interfaces:/workspaces/isaac_ros-dev/install/isaac_ros_tensor_list_interfaces:/workspaces/isaac_ros-dev/install/isaac_ros_common:/workspaces/isaac_ros-dev/install/isaac_ros_bi3d_interfaces:/workspaces/isaac_ros-dev/install/isaac_ros_apriltag_interfaces:/workspaces/isaac_ros-dev/install/yolov8_ros:/workspaces/isaac_ros-dev/install/panel:/workspaces/isaac_ros-dev/install/isaac_ros_test:/workspaces/isaac_ros-dev/install/encoder:/opt/ros/humble/install /usr/bin/cmake /workspaces/isaac_ros-dev/src/my_package -DCMAKE_INSTALL_PREFIX=/workspaces/isaac_ros-dev/install/my_package
[7.747s] Invoking command in '/workspaces/isaac_ros-dev/build/my_package': CMAKE_PREFIX_PATH=/workspaces/isaac_ros-dev/install/yolov8_bringup:/workspaces/isaac_ros-dev/install/xacro:/workspaces/isaac_ros-dev/install/vision_msgs:/workspaces/isaac_ros-dev/install/velodyne_driver:/workspaces/isaac_ros-dev/install/velodyne_msgs:/workspaces/isaac_ros-dev/install/velodyne_laserscan:/workspaces/isaac_ros-dev/install/vectornav_msgs:/workspaces/isaac_ros-dev/install/sdv_msg:/workspaces/isaac_ros-dev/install/sdv_localization_msgs:/workspaces/isaac_ros-dev/install/my_package:/workspaces/isaac_ros-dev/install/multisense_msgs:/workspaces/isaac_ros-dev/install/multisense_lib:/workspaces/isaac_ros-dev/install/isaac_ros_visual_slam_interfaces:/workspaces/isaac_ros-dev/install/isaac_ros_tensor_list_interfaces:/workspaces/isaac_ros-dev/install/isaac_ros_common:/workspaces/isaac_ros-dev/install/isaac_ros_bi3d_interfaces:/workspaces/isaac_ros-dev/install/isaac_ros_apriltag_interfaces:/workspaces/isaac_ros-dev/install/yolov8_ros:/workspaces/isaac_ros-dev/install/panel:/workspaces/isaac_ros-dev/install/isaac_ros_test:/workspaces/isaac_ros-dev/install/encoder:/opt/ros/humble/install /usr/bin/cmake --build /workspaces/isaac_ros-dev/build/my_package -- -j8 -l8
[9.403s] [ 50%] [32mBuilding CXX object CMakeFiles/my_node.dir/src/my_node.cpp.o[0m
[9.406s] [100%] [32m[1mLinking CXX executable my_node[0m
[9.406s] [100%] Built target my_node
[9.586s] Invoked command in '/workspaces/isaac_ros-dev/build/my_package' returned '0': CMAKE_PREFIX_PATH=/workspaces/isaac_ros-dev/install/yolov8_bringup:/workspaces/isaac_ros-dev/install/xacro:/workspaces/isaac_ros-dev/install/vision_msgs:/workspaces/isaac_ros-dev/install/velodyne_driver:/workspaces/isaac_ros-dev/install/velodyne_msgs:/workspaces/isaac_ros-dev/install/velodyne_laserscan:/workspaces/isaac_ros-dev/install/vectornav_msgs:/workspaces/isaac_ros-dev/install/sdv_msg:/workspaces/isaac_ros-dev/install/sdv_localization_msgs:/workspaces/isaac_ros-dev/install/my_package:/workspaces/isaac_ros-dev/install/multisense_msgs:/workspaces/isaac_ros-dev/install/multisense_lib:/workspaces/isaac_ros-dev/install/isaac_ros_visual_slam_interfaces:/workspaces/isaac_ros-dev/install/isaac_ros_tensor_list_interfaces:/workspaces/isaac_ros-dev/install/isaac_ros_common:/workspaces/isaac_ros-dev/install/isaac_ros_bi3d_interfaces:/workspaces/isaac_ros-dev/install/isaac_ros_apriltag_interfaces:/workspaces/isaac_ros-dev/install/yolov8_ros:/workspaces/isaac_ros-dev/install/panel:/workspaces/isaac_ros-dev/install/isaac_ros_test:/workspaces/isaac_ros-dev/install/encoder:/opt/ros/humble/install /usr/bin/cmake --build /workspaces/isaac_ros-dev/build/my_package -- -j8 -l8
[9.876s] Invoking command in '/workspaces/isaac_ros-dev/build/my_package': CMAKE_PREFIX_PATH=/workspaces/isaac_ros-dev/install/yolov8_bringup:/workspaces/isaac_ros-dev/install/xacro:/workspaces/isaac_ros-dev/install/vision_msgs:/workspaces/isaac_ros-dev/install/velodyne_driver:/workspaces/isaac_ros-dev/install/velodyne_msgs:/workspaces/isaac_ros-dev/install/velodyne_laserscan:/workspaces/isaac_ros-dev/install/vectornav_msgs:/workspaces/isaac_ros-dev/install/sdv_msg:/workspaces/isaac_ros-dev/install/sdv_localization_msgs:/workspaces/isaac_ros-dev/install/my_package:/workspaces/isaac_ros-dev/install/multisense_msgs:/workspaces/isaac_ros-dev/install/multisense_lib:/workspaces/isaac_ros-dev/install/isaac_ros_visual_slam_interfaces:/workspaces/isaac_ros-dev/install/isaac_ros_tensor_list_interfaces:/workspaces/isaac_ros-dev/install/isaac_ros_common:/workspaces/isaac_ros-dev/install/isaac_ros_bi3d_interfaces:/workspaces/isaac_ros-dev/install/isaac_ros_apriltag_interfaces:/workspaces/isaac_ros-dev/install/yolov8_ros:/workspaces/isaac_ros-dev/install/panel:/workspaces/isaac_ros-dev/install/isaac_ros_test:/workspaces/isaac_ros-dev/install/encoder:/opt/ros/humble/install /usr/bin/cmake --install /workspaces/isaac_ros-dev/build/my_package
[20.376s] -- Install configuration: ""
[20.386s] -- Installing: /workspaces/isaac_ros-dev/install/my_package/lib/my_package/my_node
[20.387s] -- Installing: /workspaces/isaac_ros-dev/install/my_package/share/ament_index/resource_index/package_run_dependencies/my_package
[20.387s] -- Installing: /workspaces/isaac_ros-dev/install/my_package/share/ament_index/resource_index/parent_prefix_path/my_package
[20.388s] -- Installing: /workspaces/isaac_ros-dev/install/my_package/share/my_package/environment/ament_prefix_path.sh
[20.388s] -- Installing: /workspaces/isaac_ros-dev/install/my_package/share/my_package/environment/ament_prefix_path.dsv
[20.389s] -- Installing: /workspaces/isaac_ros-dev/install/my_package/share/my_package/environment/path.sh
[20.389s] -- Installing: /workspaces/isaac_ros-dev/install/my_package/share/my_package/environment/path.dsv
[20.389s] -- Installing: /workspaces/isaac_ros-dev/install/my_package/share/my_package/local_setup.bash
[20.389s] -- Installing: /workspaces/isaac_ros-dev/install/my_package/share/my_package/local_setup.sh
[20.390s] -- Installing: /workspaces/isaac_ros-dev/install/my_package/share/my_package/local_setup.zsh
[20.390s] -- Installing: /workspaces/isaac_ros-dev/install/my_package/share/my_package/local_setup.dsv
[20.390s] -- Installing: /workspaces/isaac_ros-dev/install/my_package/share/my_package/package.dsv
[20.390s] -- Installing: /workspaces/isaac_ros-dev/install/my_package/share/ament_index/resource_index/packages/my_package
[20.391s] -- Installing: /workspaces/isaac_ros-dev/install/my_package/share/my_package/cmake/my_packageConfig.cmake
[20.391s] -- Installing: /workspaces/isaac_ros-dev/install/my_package/share/my_package/cmake/my_packageConfig-version.cmake
[20.391s] -- Installing: /workspaces/isaac_ros-dev/install/my_package/share/my_package/package.xml
[20.411s] Invoked command in '/workspaces/isaac_ros-dev/build/my_package' returned '0': CMAKE_PREFIX_PATH=/workspaces/isaac_ros-dev/install/yolov8_bringup:/workspaces/isaac_ros-dev/install/xacro:/workspaces/isaac_ros-dev/install/vision_msgs:/workspaces/isaac_ros-dev/install/velodyne_driver:/workspaces/isaac_ros-dev/install/velodyne_msgs:/workspaces/isaac_ros-dev/install/velodyne_laserscan:/workspaces/isaac_ros-dev/install/vectornav_msgs:/workspaces/isaac_ros-dev/install/sdv_msg:/workspaces/isaac_ros-dev/install/sdv_localization_msgs:/workspaces/isaac_ros-dev/install/my_package:/workspaces/isaac_ros-dev/install/multisense_msgs:/workspaces/isaac_ros-dev/install/multisense_lib:/workspaces/isaac_ros-dev/install/isaac_ros_visual_slam_interfaces:/workspaces/isaac_ros-dev/install/isaac_ros_tensor_list_interfaces:/workspaces/isaac_ros-dev/install/isaac_ros_common:/workspaces/isaac_ros-dev/install/isaac_ros_bi3d_interfaces:/workspaces/isaac_ros-dev/install/isaac_ros_apriltag_interfaces:/workspaces/isaac_ros-dev/install/yolov8_ros:/workspaces/isaac_ros-dev/install/panel:/workspaces/isaac_ros-dev/install/isaac_ros_test:/workspaces/isaac_ros-dev/install/encoder:/opt/ros/humble/install /usr/bin/cmake --install /workspaces/isaac_ros-dev/build/my_package
