[0.162s] Invoking command in '/workspaces/isaac_ros-dev/build/isaac_ros_common': CMAKE_PREFIX_PATH=/workspaces/isaac_ros-dev/install/yolov8_bringup:/workspaces/isaac_ros-dev/install/xacro:/workspaces/isaac_ros-dev/install/vision_msgs:/workspaces/isaac_ros-dev/install/velodyne_driver:/workspaces/isaac_ros-dev/install/velodyne_msgs:/workspaces/isaac_ros-dev/install/velodyne_laserscan:/workspaces/isaac_ros-dev/install/vectornav_msgs:/workspaces/isaac_ros-dev/install/sdv_msg:/workspaces/isaac_ros-dev/install/sdv_localization_msgs:/workspaces/isaac_ros-dev/install/my_package:/workspaces/isaac_ros-dev/install/multisense_msgs:/workspaces/isaac_ros-dev/install/multisense_lib:/workspaces/isaac_ros-dev/install/isaac_ros_visual_slam_interfaces:/workspaces/isaac_ros-dev/install/isaac_ros_tensor_list_interfaces:/workspaces/isaac_ros-dev/install/isaac_ros_common:/workspaces/isaac_ros-dev/install/isaac_ros_bi3d_interfaces:/workspaces/isaac_ros-dev/install/isaac_ros_apriltag_interfaces:/workspaces/isaac_ros-dev/install/yolov8_ros:/workspaces/isaac_ros-dev/install/panel:/workspaces/isaac_ros-dev/install/isaac_ros_test:/workspaces/isaac_ros-dev/install/encoder:/opt/ros/humble/install /usr/bin/cmake /workspaces/isaac_ros-dev/src/isaac_ros_common/isaac_ros_common -DCMAKE_INSTALL_PREFIX=/workspaces/isaac_ros-dev/install/isaac_ros_common
[0.929s] -- The C compiler identification is GNU 9.4.0
[1.075s] -- The CXX compiler identification is GNU 9.4.0
[1.116s] -- Detecting C compiler ABI info
[1.541s] -- Detecting C compiler ABI info - done
[1.576s] -- Check for working C compiler: /usr/bin/cc - skipped
[1.577s] -- Detecting C compile features
[1.579s] -- Detecting C compile features - done
[1.594s] -- Detecting CXX compiler ABI info
[2.024s] -- Detecting CXX compiler ABI info - done
[2.060s] -- Check for working CXX compiler: /usr/bin/c++ - skipped
[2.063s] -- Detecting CXX compile features
[2.067s] -- Detecting CXX compile features - done
[2.073s] -- CMAKE_BUILD_TYPE: Release
[2.092s] -- Found ament_cmake_auto: 1.3.2 (/opt/ros/humble/install/share/ament_cmake_auto/cmake)
[6.283s] -- Found Python3: /usr/bin/python3.8 (found version "3.8.10") found components: Interpreter 
[7.559s] -- Found rosidl_generator_c: 3.1.3 (/opt/ros/humble/install/share/rosidl_generator_c/cmake)
[7.603s] -- Found rosidl_adapter: 3.1.3 (/opt/ros/humble/install/share/rosidl_adapter/cmake)
[7.668s] -- Found rosidl_generator_cpp: 3.1.3 (/opt/ros/humble/install/share/rosidl_generator_cpp/cmake)
[7.766s] -- Using all available rosidl_typesupport_c: rosidl_typesupport_fastrtps_c;rosidl_typesupport_introspection_c
[7.900s] -- Using all available rosidl_typesupport_cpp: rosidl_typesupport_fastrtps_cpp;rosidl_typesupport_introspection_cpp
[8.282s] -- Found rmw_implementation_cmake: 6.1.0 (/opt/ros/humble/install/share/rmw_implementation_cmake/cmake)
[8.307s] -- Found rmw_fastrtps_cpp: 6.2.1 (/opt/ros/humble/install/share/rmw_fastrtps_cpp/cmake)
[9.111s] -- Found OpenSSL: /usr/lib/aarch64-linux-gnu/libcrypto.so (found version "1.1.1f")  
[9.282s] -- Found FastRTPS: /opt/ros/humble/install/include  
[9.641s] -- Using RMW implementation 'rmw_fastrtps_cpp' as default
[10.476s] -- Found ament_lint_auto: 0.12.4 (/opt/ros/humble/install/share/ament_lint_auto/cmake)
[10.689s] -- Added test 'cppcheck' to perform static code analysis on C / C++ code
[10.689s] -- Configured cppcheck include dirs: /workspaces/isaac_ros-dev/src/isaac_ros_common/isaac_ros_common/include
[10.690s] -- Configured cppcheck exclude dirs and/or files: 
[10.699s] -- Added test 'cpplint' to check C / C++ code against the Google style
[10.699s] -- Configured cpplint exclude dirs and/or files: 
[10.707s] -- Added test 'lint_cmake' to check CMake code style
[10.721s] -- Added test 'uncrustify' to check C / C++ code style
[10.721s] -- Configured uncrustify additional arguments: 
[10.728s] -- Added test 'xmllint' to check XML markup files
[10.749s] -- Configuring done
[10.804s] -- Generating done
[10.811s] -- Build files have been written to: /workspaces/isaac_ros-dev/build/isaac_ros_common
[10.869s] Invoked command in '/workspaces/isaac_ros-dev/build/isaac_ros_common' returned '0': CMAKE_PREFIX_PATH=/workspaces/isaac_ros-dev/install/yolov8_bringup:/workspaces/isaac_ros-dev/install/xacro:/workspaces/isaac_ros-dev/install/vision_msgs:/workspaces/isaac_ros-dev/install/velodyne_driver:/workspaces/isaac_ros-dev/install/velodyne_msgs:/workspaces/isaac_ros-dev/install/velodyne_laserscan:/workspaces/isaac_ros-dev/install/vectornav_msgs:/workspaces/isaac_ros-dev/install/sdv_msg:/workspaces/isaac_ros-dev/install/sdv_localization_msgs:/workspaces/isaac_ros-dev/install/my_package:/workspaces/isaac_ros-dev/install/multisense_msgs:/workspaces/isaac_ros-dev/install/multisense_lib:/workspaces/isaac_ros-dev/install/isaac_ros_visual_slam_interfaces:/workspaces/isaac_ros-dev/install/isaac_ros_tensor_list_interfaces:/workspaces/isaac_ros-dev/install/isaac_ros_common:/workspaces/isaac_ros-dev/install/isaac_ros_bi3d_interfaces:/workspaces/isaac_ros-dev/install/isaac_ros_apriltag_interfaces:/workspaces/isaac_ros-dev/install/yolov8_ros:/workspaces/isaac_ros-dev/install/panel:/workspaces/isaac_ros-dev/install/isaac_ros_test:/workspaces/isaac_ros-dev/install/encoder:/opt/ros/humble/install /usr/bin/cmake /workspaces/isaac_ros-dev/src/isaac_ros_common/isaac_ros_common -DCMAKE_INSTALL_PREFIX=/workspaces/isaac_ros-dev/install/isaac_ros_common
[10.873s] Invoking command in '/workspaces/isaac_ros-dev/build/isaac_ros_common': CMAKE_PREFIX_PATH=/workspaces/isaac_ros-dev/install/yolov8_bringup:/workspaces/isaac_ros-dev/install/xacro:/workspaces/isaac_ros-dev/install/vision_msgs:/workspaces/isaac_ros-dev/install/velodyne_driver:/workspaces/isaac_ros-dev/install/velodyne_msgs:/workspaces/isaac_ros-dev/install/velodyne_laserscan:/workspaces/isaac_ros-dev/install/vectornav_msgs:/workspaces/isaac_ros-dev/install/sdv_msg:/workspaces/isaac_ros-dev/install/sdv_localization_msgs:/workspaces/isaac_ros-dev/install/my_package:/workspaces/isaac_ros-dev/install/multisense_msgs:/workspaces/isaac_ros-dev/install/multisense_lib:/workspaces/isaac_ros-dev/install/isaac_ros_visual_slam_interfaces:/workspaces/isaac_ros-dev/install/isaac_ros_tensor_list_interfaces:/workspaces/isaac_ros-dev/install/isaac_ros_common:/workspaces/isaac_ros-dev/install/isaac_ros_bi3d_interfaces:/workspaces/isaac_ros-dev/install/isaac_ros_apriltag_interfaces:/workspaces/isaac_ros-dev/install/yolov8_ros:/workspaces/isaac_ros-dev/install/panel:/workspaces/isaac_ros-dev/install/isaac_ros_test:/workspaces/isaac_ros-dev/install/encoder:/opt/ros/humble/install /usr/bin/cmake --build /workspaces/isaac_ros-dev/build/isaac_ros_common -- -j8 -l8
[11.084s] [ 50%] [32mBuilding CXX object CMakeFiles/isaac_ros_common.dir/src/vpi_utilities.cpp.o[0m
[26.470s] [100%] [32m[1mLinking CXX shared library libisaac_ros_common.so[0m
[26.840s] [100%] Built target isaac_ros_common
[26.955s] Invoked command in '/workspaces/isaac_ros-dev/build/isaac_ros_common' returned '0': CMAKE_PREFIX_PATH=/workspaces/isaac_ros-dev/install/yolov8_bringup:/workspaces/isaac_ros-dev/install/xacro:/workspaces/isaac_ros-dev/install/vision_msgs:/workspaces/isaac_ros-dev/install/velodyne_driver:/workspaces/isaac_ros-dev/install/velodyne_msgs:/workspaces/isaac_ros-dev/install/velodyne_laserscan:/workspaces/isaac_ros-dev/install/vectornav_msgs:/workspaces/isaac_ros-dev/install/sdv_msg:/workspaces/isaac_ros-dev/install/sdv_localization_msgs:/workspaces/isaac_ros-dev/install/my_package:/workspaces/isaac_ros-dev/install/multisense_msgs:/workspaces/isaac_ros-dev/install/multisense_lib:/workspaces/isaac_ros-dev/install/isaac_ros_visual_slam_interfaces:/workspaces/isaac_ros-dev/install/isaac_ros_tensor_list_interfaces:/workspaces/isaac_ros-dev/install/isaac_ros_common:/workspaces/isaac_ros-dev/install/isaac_ros_bi3d_interfaces:/workspaces/isaac_ros-dev/install/isaac_ros_apriltag_interfaces:/workspaces/isaac_ros-dev/install/yolov8_ros:/workspaces/isaac_ros-dev/install/panel:/workspaces/isaac_ros-dev/install/isaac_ros_test:/workspaces/isaac_ros-dev/install/encoder:/opt/ros/humble/install /usr/bin/cmake --build /workspaces/isaac_ros-dev/build/isaac_ros_common -- -j8 -l8
[27.113s] Invoking command in '/workspaces/isaac_ros-dev/build/isaac_ros_common': CMAKE_PREFIX_PATH=/workspaces/isaac_ros-dev/install/yolov8_bringup:/workspaces/isaac_ros-dev/install/xacro:/workspaces/isaac_ros-dev/install/vision_msgs:/workspaces/isaac_ros-dev/install/velodyne_driver:/workspaces/isaac_ros-dev/install/velodyne_msgs:/workspaces/isaac_ros-dev/install/velodyne_laserscan:/workspaces/isaac_ros-dev/install/vectornav_msgs:/workspaces/isaac_ros-dev/install/sdv_msg:/workspaces/isaac_ros-dev/install/sdv_localization_msgs:/workspaces/isaac_ros-dev/install/my_package:/workspaces/isaac_ros-dev/install/multisense_msgs:/workspaces/isaac_ros-dev/install/multisense_lib:/workspaces/isaac_ros-dev/install/isaac_ros_visual_slam_interfaces:/workspaces/isaac_ros-dev/install/isaac_ros_tensor_list_interfaces:/workspaces/isaac_ros-dev/install/isaac_ros_common:/workspaces/isaac_ros-dev/install/isaac_ros_bi3d_interfaces:/workspaces/isaac_ros-dev/install/isaac_ros_apriltag_interfaces:/workspaces/isaac_ros-dev/install/yolov8_ros:/workspaces/isaac_ros-dev/install/panel:/workspaces/isaac_ros-dev/install/isaac_ros_test:/workspaces/isaac_ros-dev/install/encoder:/opt/ros/humble/install /usr/bin/cmake --install /workspaces/isaac_ros-dev/build/isaac_ros_common
[33.514s] -- Install configuration: "Release"
[33.515s] -- Installing: /workspaces/isaac_ros-dev/install/isaac_ros_common/lib/libisaac_ros_common.so
[33.516s] -- Set runtime path of "/workspaces/isaac_ros-dev/install/isaac_ros_common/lib/libisaac_ros_common.so" to ""
[33.516s] -- Installing: /workspaces/isaac_ros-dev/install/isaac_ros_common/include
[33.527s] -- Installing: /workspaces/isaac_ros-dev/install/isaac_ros_common/include/isaac_ros_common
[33.531s] -- Installing: /workspaces/isaac_ros-dev/install/isaac_ros_common/include/isaac_ros_common/vpi_utilities.hpp
[33.531s] -- Installing: /workspaces/isaac_ros-dev/install/isaac_ros_common/share/isaac_ros_common/environment/library_path.sh
[33.532s] -- Installing: /workspaces/isaac_ros-dev/install/isaac_ros_common/share/isaac_ros_common/environment/library_path.dsv
[33.532s] -- Up-to-date: /workspaces/isaac_ros-dev/install/isaac_ros_common/lib/libisaac_ros_common.so
[33.533s] -- Installing: /workspaces/isaac_ros-dev/install/isaac_ros_common/share/ament_index/resource_index/package_run_dependencies/isaac_ros_common
[33.533s] -- Installing: /workspaces/isaac_ros-dev/install/isaac_ros_common/share/ament_index/resource_index/parent_prefix_path/isaac_ros_common
[33.533s] -- Installing: /workspaces/isaac_ros-dev/install/isaac_ros_common/share/isaac_ros_common/environment/ament_prefix_path.sh
[33.534s] -- Installing: /workspaces/isaac_ros-dev/install/isaac_ros_common/share/isaac_ros_common/environment/ament_prefix_path.dsv
[33.534s] -- Installing: /workspaces/isaac_ros-dev/install/isaac_ros_common/share/isaac_ros_common/environment/path.sh
[33.535s] -- Installing: /workspaces/isaac_ros-dev/install/isaac_ros_common/share/isaac_ros_common/environment/path.dsv
[33.535s] -- Installing: /workspaces/isaac_ros-dev/install/isaac_ros_common/share/isaac_ros_common/local_setup.bash
[33.535s] -- Installing: /workspaces/isaac_ros-dev/install/isaac_ros_common/share/isaac_ros_common/local_setup.sh
[33.536s] -- Installing: /workspaces/isaac_ros-dev/install/isaac_ros_common/share/isaac_ros_common/local_setup.zsh
[33.536s] -- Installing: /workspaces/isaac_ros-dev/install/isaac_ros_common/share/isaac_ros_common/local_setup.dsv
[33.536s] -- Installing: /workspaces/isaac_ros-dev/install/isaac_ros_common/share/isaac_ros_common/package.dsv
[33.537s] -- Installing: /workspaces/isaac_ros-dev/install/isaac_ros_common/share/ament_index/resource_index/packages/isaac_ros_common
[33.537s] -- Installing: /workspaces/isaac_ros-dev/install/isaac_ros_common/share/isaac_ros_common/cmake/ament_cmake_export_dependencies-extras.cmake
[33.537s] -- Installing: /workspaces/isaac_ros-dev/install/isaac_ros_common/share/isaac_ros_common/cmake/ament_cmake_export_include_directories-extras.cmake
[33.537s] -- Installing: /workspaces/isaac_ros-dev/install/isaac_ros_common/share/isaac_ros_common/cmake/ament_cmake_export_libraries-extras.cmake
[33.538s] -- Installing: /workspaces/isaac_ros-dev/install/isaac_ros_common/share/isaac_ros_common/cmake/isaac_ros_commonConfig.cmake
[33.538s] -- Installing: /workspaces/isaac_ros-dev/install/isaac_ros_common/share/isaac_ros_common/cmake/isaac_ros_commonConfig-version.cmake
[33.540s] -- Installing: /workspaces/isaac_ros-dev/install/isaac_ros_common/share/isaac_ros_common/package.xml
[33.570s] Invoked command in '/workspaces/isaac_ros-dev/build/isaac_ros_common' returned '0': CMAKE_PREFIX_PATH=/workspaces/isaac_ros-dev/install/yolov8_bringup:/workspaces/isaac_ros-dev/install/xacro:/workspaces/isaac_ros-dev/install/vision_msgs:/workspaces/isaac_ros-dev/install/velodyne_driver:/workspaces/isaac_ros-dev/install/velodyne_msgs:/workspaces/isaac_ros-dev/install/velodyne_laserscan:/workspaces/isaac_ros-dev/install/vectornav_msgs:/workspaces/isaac_ros-dev/install/sdv_msg:/workspaces/isaac_ros-dev/install/sdv_localization_msgs:/workspaces/isaac_ros-dev/install/my_package:/workspaces/isaac_ros-dev/install/multisense_msgs:/workspaces/isaac_ros-dev/install/multisense_lib:/workspaces/isaac_ros-dev/install/isaac_ros_visual_slam_interfaces:/workspaces/isaac_ros-dev/install/isaac_ros_tensor_list_interfaces:/workspaces/isaac_ros-dev/install/isaac_ros_common:/workspaces/isaac_ros-dev/install/isaac_ros_bi3d_interfaces:/workspaces/isaac_ros-dev/install/isaac_ros_apriltag_interfaces:/workspaces/isaac_ros-dev/install/yolov8_ros:/workspaces/isaac_ros-dev/install/panel:/workspaces/isaac_ros-dev/install/isaac_ros_test:/workspaces/isaac_ros-dev/install/encoder:/opt/ros/humble/install /usr/bin/cmake --install /workspaces/isaac_ros-dev/build/isaac_ros_common
