[5.187s] Invoking command in '/workspaces/isaac_ros-dev/src/yolov8_ros/yolov8_ros': PYTHONPATH=/workspaces/isaac_ros-dev/install/yolov8_ros/lib/python3.8/site-packages:${PYTHONPATH} /usr/bin/python3 setup.py egg_info --egg-base ../../../build/yolov8_ros build --build-base /workspaces/isaac_ros-dev/build/yolov8_ros/build install --prefix /workspaces/isaac_ros-dev/install/yolov8_ros --record /workspaces/isaac_ros-dev/build/yolov8_ros/install.log --single-version-externally-managed
[6.815s] running egg_info
[6.874s] writing ../../../build/yolov8_ros/yolov8_ros.egg-info/PKG-INFO
[6.876s] writing dependency_links to ../../../build/yolov8_ros/yolov8_ros.egg-info/dependency_links.txt
[6.877s] writing entry points to ../../../build/yolov8_ros/yolov8_ros.egg-info/entry_points.txt
[6.877s] writing requirements to ../../../build/yolov8_ros/yolov8_ros.egg-info/requires.txt
[6.878s] writing top-level names to ../../../build/yolov8_ros/yolov8_ros.egg-info/top_level.txt
[6.987s] reading manifest file '../../../build/yolov8_ros/yolov8_ros.egg-info/SOURCES.txt'
[6.991s] writing manifest file '../../../build/yolov8_ros/yolov8_ros.egg-info/SOURCES.txt'
[6.991s] running build
[6.992s] running build_py
[6.992s] copying yolov8_ros/yolov8_node.py -> /workspaces/isaac_ros-dev/build/yolov8_ros/build/lib/yolov8_ros
[6.993s] running install
[7.010s] running install_lib
[7.062s] copying /workspaces/isaac_ros-dev/build/yolov8_ros/build/lib/yolov8_ros/yolov8_node.py -> /workspaces/isaac_ros-dev/install/yolov8_ros/lib/python3.8/site-packages/yolov8_ros
[7.064s] byte-compiling /workspaces/isaac_ros-dev/install/yolov8_ros/lib/python3.8/site-packages/yolov8_ros/yolov8_node.py to yolov8_node.cpython-38.pyc
[7.067s] Sorry: TabError: inconsistent use of tabs and spaces in indentation (yolov8_node.py, line 186)
[7.068s] running install_data
[7.118s] running install_egg_info
[7.171s] removing '/workspaces/isaac_ros-dev/install/yolov8_ros/lib/python3.8/site-packages/yolov8_ros-0.0.0-py3.8.egg-info' (and everything under it)
[7.172s] Copying ../../../build/yolov8_ros/yolov8_ros.egg-info to /workspaces/isaac_ros-dev/install/yolov8_ros/lib/python3.8/site-packages/yolov8_ros-0.0.0-py3.8.egg-info
[7.177s] running install_scripts
[7.409s] Installing yolov8_node script to /workspaces/isaac_ros-dev/install/yolov8_ros/lib/yolov8_ros
[7.410s] writing list of installed files to '/workspaces/isaac_ros-dev/build/yolov8_ros/install.log'
[8.364s] Invoked command in '/workspaces/isaac_ros-dev/src/yolov8_ros/yolov8_ros' returned '0': PYTHONPATH=/workspaces/isaac_ros-dev/install/yolov8_ros/lib/python3.8/site-packages:${PYTHONPATH} /usr/bin/python3 setup.py egg_info --egg-base ../../../build/yolov8_ros build --build-base /workspaces/isaac_ros-dev/build/yolov8_ros/build install --prefix /workspaces/isaac_ros-dev/install/yolov8_ros --record /workspaces/isaac_ros-dev/build/yolov8_ros/install.log --single-version-externally-managed
